Considering 13 features
Lasso Method
----------

Lambda=2.1128746580628817
Score 1.1102230246251565e-16
Lambda=1.301210078374768
	Feat 30	(c=4)	weight 0.737707312839:	Num[Exists(Star(on),Nominal(a))]
Score -0.07541600183521191
Lambda=0.8013478989881849
	Feat 30	(c=4)	weight 1.1920230417412:	Num[Exists(Star(on),Nominal(a))]
Score -0.219335452276876
Lambda=0.4935086700333925
	Feat 30	(c=4)	weight 1.4718125706448:	Num[Exists(Star(on),Nominal(a))]
Score -0.3449370997036032
Lambda=0.3039264315856387
	Feat 1	(c=1)	weight 0.25170851946546:	Bool[holding]
	Feat 6	(c=2)	weight -4.8135676759732e-14:	Num[Not(holding)]
	Feat 30	(c=4)	weight 1.6641681013915:	Num[Exists(Star(on),Nominal(a))]
Score -0.5186821952687337
Lambda=0.18717254918769666
	Feat 1	(c=1)	weight 0.5391704920614:	Bool[holding]
	Feat 6	(c=2)	weight -1.3959346260322e-13:	Num[Not(holding)]
	Feat 30	(c=4)	weight 1.7931788813813:	Num[Exists(Star(on),Nominal(a))]
Score -0.6935176759274242
Lambda=0.11526987957791081
	Feat 1	(c=1)	weight 0.71619176457083:	Bool[holding]
	Feat 6	(c=2)	weight -2.2681652751658e-13:	Num[Not(holding)]
	Feat 30	(c=4)	weight 1.8726290100486:	Num[Exists(Star(on),Nominal(a))]
Score -0.8133741284304576
Lambda=0.07098874912785266
	Feat 1	(c=1)	weight 0.82521720567516:	Bool[holding]
	Feat 6	(c=2)	weight -3.2046783787065e-13:	Num[Not(holding)]
	Feat 30	(c=4)	weight 1.9215588036768:	Num[Exists(Star(on),Nominal(a))]
Score -0.8918133384145586
Lambda=0.043718294156203
	Feat 1	(c=1)	weight 0.8923603287897:	Bool[holding]
	Feat 6	(c=2)	weight -4.1876515500057e-13:	Num[Not(holding)]
	Feat 30	(c=4)	weight 1.9516921295705:	Num[Exists(Star(on),Nominal(a))]
Score -0.9418733501619743
