Considering 18 features
Lasso Method
----------

Lambda=2.1128746580628817
Score 1.1102230246251565e-16
Lambda=1.301210078374768
	Feat 30	(c=4)	weight 0.737707312839:	Num[Exists(Star(on),Nominal(a))]
Score -0.07541600183521191
Lambda=0.8013478989881849
	Feat 30	(c=4)	weight 1.1920230417412:	Num[Exists(Star(on),Nominal(a))]
Score -0.219335452276876
Lambda=0.4935086700333925
	Feat 30	(c=4)	weight 1.4718125706448:	Num[Exists(Star(on),Nominal(a))]
Score -0.3449370997036032
Lambda=0.3039264315856387
	Feat 1	(c=1)	weight 0.25170851946546:	Bool[holding]
	Feat 6	(c=2)	weight -4.7648226868494e-14:	Num[Not(holding)]
	Feat 30	(c=4)	weight 1.6641681013915:	Num[Exists(Star(on),Nominal(a))]
Score -0.5186821952687348
Lambda=0.18717254918769666
	Feat 1	(c=1)	weight 0.53917097108961:	Bool[holding]
	Feat 6	(c=2)	weight -1.2442158473845e-13:	Num[Not(holding)]
	Feat 30	(c=4)	weight 1.7931789195341:	Num[Exists(Star(on),Nominal(a))]
Score -0.6935178632339425
Lambda=0.11526987957791081
	Feat 1	(c=1)	weight 0.71619926693628:	Bool[holding]
	Feat 6	(c=2)	weight -2.1133999346978e-13:	Num[Not(holding)]
	Feat 30	(c=4)	weight 1.8726296075842:	Num[Exists(Star(on),Nominal(a))]
Score -0.8133772957174552
Lambda=0.07098874912785266
	Feat 1	(c=1)	weight 0.82522182624331:	Bool[holding]
	Feat 6	(c=2)	weight -3.0419919775058e-13:	Num[Not(holding)]
	Feat 30	(c=4)	weight 1.9215591716879:	Num[Exists(Star(on),Nominal(a))]
Score -0.89181537775302
Lambda=0.043718294156203
	Feat 1	(c=1)	weight 0.89236317435834:	Bool[holding]
	Feat 6	(c=2)	weight -4.0104939801589e-13:	Num[Not(holding)]
	Feat 30	(c=4)	weight 1.9516923562095:	Num[Exists(Star(on),Nominal(a))]
Score -0.9418746397128221
