Considering 3 features
Lasso Method
----------

Lambda=2.1128746580628817
Score 1.1102230246251565e-16
Lambda=1.301210078374768
	Feat 30	(c=4)	weight 0.737707312839:	Num[Exists(Star(on),Nominal(a))]
Score -0.07541600183521191
Lambda=0.8013478989881849
	Feat 30	(c=4)	weight 1.1920230417412:	Num[Exists(Star(on),Nominal(a))]
Score -0.219335452276876
Lambda=0.4935086700333925
	Feat 30	(c=4)	weight 1.4718125706448:	Num[Exists(Star(on),Nominal(a))]
Score -0.3449370997036032
Lambda=0.3039264315856387
	Feat 1	(c=1)	weight 0.25170851946549:	Bool[holding]
	Feat 30	(c=4)	weight 1.6641681013915:	Num[Exists(Star(on),Nominal(a))]
Score -0.5186821952688974
Lambda=0.18717254918769666
	Feat 1	(c=1)	weight 0.5391705898366:	Bool[holding]
	Feat 30	(c=4)	weight 1.7931788891687:	Num[Exists(Star(on),Nominal(a))]
Score -0.69351771415934
Lambda=0.11526987957791081
	Feat 1	(c=1)	weight 0.71619367652642:	Bool[holding]
	Feat 30	(c=4)	weight 1.8726291623287:	Num[Exists(Star(on),Nominal(a))]
Score -0.8133749356044637
Lambda=0.07098874912785266
	Feat 1	(c=1)	weight 0.82521838323227:	Bool[holding]
	Feat 30	(c=4)	weight 1.9215588974648:	Num[Exists(Star(on),Nominal(a))]
Score -0.8918138581433832
Lambda=0.043718294156203
	Feat 1	(c=1)	weight 0.89236105398635:	Bool[holding]
	Feat 30	(c=4)	weight 1.9516921873297:	Num[Exists(Star(on),Nominal(a))]
Score -0.9418736788072324
