Considering 14 features
L0Learn Method
----------

Lambda=0.474879
	Intercept	2.259815242494226
Score 0.0
Lambda=0.47013
	Intercept	0.49468642880431446
	Feat 30	(c=4)	weight 1.92:	Num[Exists(Star(on),Nominal(a))]
Score 0.9497584497818783
Lambda=0.0240863
	Intercept	1.545232862953938e-05
	Feat 1	(c=1)	weight 1.0:	Bool[holding]
	Feat 30	(c=4)	weight 2.0:	Num[Exists(Star(on),Nominal(a))]
Score 0.999999999950978
Lambda=2.35017e-11
	Intercept	4.866483429566415e-07
	Feat 1	(c=1)	weight 1.0:	Bool[holding]
	Feat 30	(c=4)	weight 2.0:	Num[Exists(Star(on),Nominal(a))]
Score 0.9999999999999514
Lambda=2.2839e-14
	Intercept	1.5326273139493196e-08
	Feat 1	(c=1)	weight 1.0:	Bool[holding]
	Feat 30	(c=4)	weight 2.0:	Num[Exists(Star(on),Nominal(a))]
Score 1.0
Lambda=2.26527e-17
	Intercept	4.826783417399838e-10
	Feat 1	(c=1)	weight 1.0:	Bool[holding]
	Feat 30	(c=4)	weight 2.0:	Num[Exists(Star(on),Nominal(a))]
Score 1.0
Lambda=2.2467899999999997e-20
	Intercept	1.5201173653167643e-11
	Feat 1	(c=1)	weight 1.0:	Bool[holding]
	Feat 30	(c=4)	weight 2.0:	Num[Exists(Star(on),Nominal(a))]
Score 1.0
Lambda=2.2284700000000002e-23
	Intercept	4.787281682183675e-13
	Feat 1	(c=1)	weight 1.0:	Bool[holding]
	Feat 30	(c=4)	weight 2.0:	Num[Exists(Star(on),Nominal(a))]
Score 1.0
Lambda=2.21006e-26
	Intercept	1.509903313490213e-14
	Feat 1	(c=1)	weight 1.0:	Bool[holding]
	Feat 30	(c=4)	weight 2.0:	Num[Exists(Star(on),Nominal(a))]
Score 1.0
Lambda=2.2015599999999998e-29
	Intercept	4.440892098500626e-16
	Feat 1	(c=1)	weight 1.0:	Bool[holding]
	Feat 30	(c=4)	weight 2.0:	Num[Exists(Star(on),Nominal(a))]
Score 1.0
Lambda=1.7480399999999998e-32
	Intercept	0.9999999999999999
	Feat 30	(c=4)	weight 2.0:	Num[Exists(Star(on),Nominal(a))]
Score 1.0
Lambda=1.1825e-33
	Intercept	0.9999999999999999
	Feat 30	(c=4)	weight 2.0:	Num[Exists(Star(on),Nominal(a))]
Score 1.0
Lambda=9.46002e-34
	Intercept	0.9999999999999999
	Feat 30	(c=4)	weight 2.0:	Num[Exists(Star(on),Nominal(a))]
Score 1.0
Lambda=7.568009999999999e-34
	Intercept	0.9999999999999999
	Feat 30	(c=4)	weight 2.0:	Num[Exists(Star(on),Nominal(a))]
Score 1.0
Lambda=6.0544099999999995e-34
	Intercept	0.9999999999999999
	Feat 30	(c=4)	weight 2.0:	Num[Exists(Star(on),Nominal(a))]
Score 1.0
Lambda=4.8435299999999995e-34
	Intercept	0.9999999999999999
	Feat 30	(c=4)	weight 2.0:	Num[Exists(Star(on),Nominal(a))]
Score 1.0
Lambda=3.87482e-34
	Intercept	0.9999999999999999
	Feat 30	(c=4)	weight 2.0:	Num[Exists(Star(on),Nominal(a))]
Score 1.0
Lambda=3.09986e-34
	Intercept	0.9999999999999999
	Feat 30	(c=4)	weight 2.0:	Num[Exists(Star(on),Nominal(a))]
Score 1.0
Lambda=2.4798899999999998e-34
	Intercept	0.9999999999999999
	Feat 30	(c=4)	weight 2.0:	Num[Exists(Star(on),Nominal(a))]
Score 1.0
Lambda=1.9839099999999998e-34
	Intercept	0.9999999999999999
	Feat 30	(c=4)	weight 2.0:	Num[Exists(Star(on),Nominal(a))]
Score 1.0
Lambda=1.5871299999999998e-34
	Intercept	0.9999999999999999
	Feat 30	(c=4)	weight 2.0:	Num[Exists(Star(on),Nominal(a))]
Score 1.0
Lambda=1.2696999999999998e-34
	Intercept	0.9999999999999999
	Feat 30	(c=4)	weight 2.0:	Num[Exists(Star(on),Nominal(a))]
Score 1.0
Lambda=1.01576e-34
	Intercept	0.9999999999999999
	Feat 30	(c=4)	weight 2.0:	Num[Exists(Star(on),Nominal(a))]
Score 1.0
Lambda=8.12609e-35
	Intercept	0.9999999999999999
	Feat 30	(c=4)	weight 2.0:	Num[Exists(Star(on),Nominal(a))]
Score 1.0
Lambda=6.50088e-35
	Intercept	0.9999999999999999
	Feat 30	(c=4)	weight 2.0:	Num[Exists(Star(on),Nominal(a))]
Score 1.0
Lambda=5.2007e-35
	Intercept	0.9999999999999999
	Feat 30	(c=4)	weight 2.0:	Num[Exists(Star(on),Nominal(a))]
Score 1.0
Lambda=4.1605599999999997e-35
	Intercept	0.9999999999999999
	Feat 30	(c=4)	weight 2.0:	Num[Exists(Star(on),Nominal(a))]
Score 1.0
Lambda=3.32845e-35
	Intercept	0.9999999999999999
	Feat 30	(c=4)	weight 2.0:	Num[Exists(Star(on),Nominal(a))]
Score 1.0
Lambda=2.66276e-35
	Intercept	0.9999999999999999
	Feat 30	(c=4)	weight 2.0:	Num[Exists(Star(on),Nominal(a))]
Score 1.0
Lambda=2.1302099999999999e-35
	Intercept	0.9999999999999999
	Feat 30	(c=4)	weight 2.0:	Num[Exists(Star(on),Nominal(a))]
Score 1.0
Lambda=1.70417e-35
	Intercept	0.9999999999999999
	Feat 30	(c=4)	weight 2.0:	Num[Exists(Star(on),Nominal(a))]
Score 1.0
Lambda=1.36333e-35
	Intercept	0.9999999999999999
	Feat 30	(c=4)	weight 2.0:	Num[Exists(Star(on),Nominal(a))]
Score 1.0
Lambda=1.09067e-35
	Intercept	0.9999999999999999
	Feat 30	(c=4)	weight 2.0:	Num[Exists(Star(on),Nominal(a))]
Score 1.0
Lambda=8.72533e-36
	Intercept	0.9999999999999999
	Feat 30	(c=4)	weight 2.0:	Num[Exists(Star(on),Nominal(a))]
Score 1.0
Lambda=6.98026e-36
	Intercept	0.9999999999999999
	Feat 30	(c=4)	weight 2.0:	Num[Exists(Star(on),Nominal(a))]
Score 1.0
Lambda=5.58421e-36
	Intercept	0.9999999999999999
	Feat 30	(c=4)	weight 2.0:	Num[Exists(Star(on),Nominal(a))]
Score 1.0
Lambda=4.46737e-36
	Intercept	0.9999999999999999
	Feat 30	(c=4)	weight 2.0:	Num[Exists(Star(on),Nominal(a))]
Score 1.0
Lambda=3.57389e-36
	Intercept	0.9999999999999999
	Feat 30	(c=4)	weight 2.0:	Num[Exists(Star(on),Nominal(a))]
Score 1.0
Lambda=2.85912e-36
	Intercept	0.9999999999999999
	Feat 30	(c=4)	weight 2.0:	Num[Exists(Star(on),Nominal(a))]
Score 1.0
Lambda=2.28729e-36
	Intercept	0.9999999999999999
	Feat 30	(c=4)	weight 2.0:	Num[Exists(Star(on),Nominal(a))]
Score 1.0
Lambda=1.82983e-36
	Intercept	0.9999999999999999
	Feat 30	(c=4)	weight 2.0:	Num[Exists(Star(on),Nominal(a))]
Score 1.0
Lambda=1.46387e-36
	Intercept	0.9999999999999999
	Feat 30	(c=4)	weight 2.0:	Num[Exists(Star(on),Nominal(a))]
Score 1.0
Lambda=1.17109e-36
	Intercept	0.9999999999999999
	Feat 30	(c=4)	weight 2.0:	Num[Exists(Star(on),Nominal(a))]
Score 1.0
Lambda=9.36875e-37
	Intercept	0.9999999999999999
	Feat 30	(c=4)	weight 2.0:	Num[Exists(Star(on),Nominal(a))]
Score 1.0
Lambda=7.495e-37
	Intercept	0.9999999999999999
	Feat 30	(c=4)	weight 2.0:	Num[Exists(Star(on),Nominal(a))]
Score 1.0
Lambda=5.996e-37
	Intercept	0.9999999999999999
	Feat 30	(c=4)	weight 2.0:	Num[Exists(Star(on),Nominal(a))]
Score 1.0
Lambda=4.7968e-37
	Intercept	0.9999999999999999
	Feat 30	(c=4)	weight 2.0:	Num[Exists(Star(on),Nominal(a))]
Score 1.0
Lambda=3.83744e-37
	Intercept	0.9999999999999999
	Feat 30	(c=4)	weight 2.0:	Num[Exists(Star(on),Nominal(a))]
Score 1.0
Lambda=3.06995e-37
	Intercept	0.9999999999999999
	Feat 30	(c=4)	weight 2.0:	Num[Exists(Star(on),Nominal(a))]
Score 1.0
Lambda=2.45596e-37
	Intercept	0.9999999999999999
	Feat 30	(c=4)	weight 2.0:	Num[Exists(Star(on),Nominal(a))]
Score 1.0
Lambda=1.9647699999999997e-37
	Intercept	0.9999999999999999
	Feat 30	(c=4)	weight 2.0:	Num[Exists(Star(on),Nominal(a))]
Score 1.0
Lambda=1.57182e-37
	Intercept	0.9999999999999999
	Feat 30	(c=4)	weight 2.0:	Num[Exists(Star(on),Nominal(a))]
Score 1.0
Lambda=1.25745e-37
	Intercept	0.9999999999999999
	Feat 30	(c=4)	weight 2.0:	Num[Exists(Star(on),Nominal(a))]
Score 1.0
Lambda=1.00596e-37
	Intercept	0.9999999999999999
	Feat 30	(c=4)	weight 2.0:	Num[Exists(Star(on),Nominal(a))]
Score 1.0
Lambda=8.04769e-38
	Intercept	0.9999999999999999
	Feat 30	(c=4)	weight 2.0:	Num[Exists(Star(on),Nominal(a))]
Score 1.0
Lambda=6.43815e-38
	Intercept	0.9999999999999999
	Feat 30	(c=4)	weight 2.0:	Num[Exists(Star(on),Nominal(a))]
Score 1.0
Lambda=5.15052e-38
	Intercept	0.9999999999999999
	Feat 30	(c=4)	weight 2.0:	Num[Exists(Star(on),Nominal(a))]
Score 1.0
Lambda=4.12042e-38
	Intercept	0.9999999999999999
	Feat 30	(c=4)	weight 2.0:	Num[Exists(Star(on),Nominal(a))]
Score 1.0
Lambda=3.29634e-38
	Intercept	0.9999999999999999
	Feat 30	(c=4)	weight 2.0:	Num[Exists(Star(on),Nominal(a))]
Score 1.0
Lambda=2.63707e-38
	Intercept	0.9999999999999999
	Feat 30	(c=4)	weight 2.0:	Num[Exists(Star(on),Nominal(a))]
Score 1.0
Lambda=2.10965e-38
	Intercept	0.9999999999999999
	Feat 30	(c=4)	weight 2.0:	Num[Exists(Star(on),Nominal(a))]
Score 1.0
Lambda=1.68772e-38
	Intercept	0.9999999999999999
	Feat 30	(c=4)	weight 2.0:	Num[Exists(Star(on),Nominal(a))]
Score 1.0
Lambda=1.3501799999999999e-38
	Intercept	0.9999999999999999
	Feat 30	(c=4)	weight 2.0:	Num[Exists(Star(on),Nominal(a))]
Score 1.0
Lambda=1.08014e-38
	Intercept	0.9999999999999999
	Feat 30	(c=4)	weight 2.0:	Num[Exists(Star(on),Nominal(a))]
Score 1.0
Lambda=8.641149999999999e-39
	Intercept	0.9999999999999999
	Feat 30	(c=4)	weight 2.0:	Num[Exists(Star(on),Nominal(a))]
Score 1.0
Lambda=6.91292e-39
	Intercept	0.9999999999999999
	Feat 30	(c=4)	weight 2.0:	Num[Exists(Star(on),Nominal(a))]
Score 1.0
Lambda=5.530329999999999e-39
	Intercept	0.9999999999999999
	Feat 30	(c=4)	weight 2.0:	Num[Exists(Star(on),Nominal(a))]
Score 1.0
Lambda=4.42427e-39
	Intercept	0.9999999999999999
	Feat 30	(c=4)	weight 2.0:	Num[Exists(Star(on),Nominal(a))]
Score 1.0
Lambda=3.5394099999999996e-39
	Intercept	0.9999999999999999
	Feat 30	(c=4)	weight 2.0:	Num[Exists(Star(on),Nominal(a))]
Score 1.0
Lambda=2.8315299999999998e-39
	Intercept	0.9999999999999999
	Feat 30	(c=4)	weight 2.0:	Num[Exists(Star(on),Nominal(a))]
Score 1.0
Lambda=2.2652199999999998e-39
	Intercept	0.9999999999999999
	Feat 30	(c=4)	weight 2.0:	Num[Exists(Star(on),Nominal(a))]
Score 1.0
Lambda=1.8121799999999997e-39
	Intercept	0.9999999999999999
	Feat 30	(c=4)	weight 2.0:	Num[Exists(Star(on),Nominal(a))]
Score 1.0
Lambda=1.4497399999999999e-39
	Intercept	0.9999999999999999
	Feat 30	(c=4)	weight 2.0:	Num[Exists(Star(on),Nominal(a))]
Score 1.0
Lambda=1.1597899999999998e-39
	Intercept	0.9999999999999999
	Feat 30	(c=4)	weight 2.0:	Num[Exists(Star(on),Nominal(a))]
Score 1.0
Lambda=9.27836e-40
	Intercept	0.9999999999999999
	Feat 30	(c=4)	weight 2.0:	Num[Exists(Star(on),Nominal(a))]
Score 1.0
Lambda=7.422689999999999e-40
	Intercept	0.9999999999999999
	Feat 30	(c=4)	weight 2.0:	Num[Exists(Star(on),Nominal(a))]
Score 1.0
Lambda=5.93815e-40
	Intercept	0.9999999999999999
	Feat 30	(c=4)	weight 2.0:	Num[Exists(Star(on),Nominal(a))]
Score 1.0
Lambda=4.750519999999999e-40
	Intercept	0.9999999999999999
	Feat 30	(c=4)	weight 2.0:	Num[Exists(Star(on),Nominal(a))]
Score 1.0
Lambda=3.80042e-40
	Intercept	0.9999999999999999
	Feat 30	(c=4)	weight 2.0:	Num[Exists(Star(on),Nominal(a))]
Score 1.0
Lambda=3.0403299999999998e-40
	Intercept	0.9999999999999999
	Feat 30	(c=4)	weight 2.0:	Num[Exists(Star(on),Nominal(a))]
Score 1.0
Lambda=2.4322699999999997e-40
	Intercept	0.9999999999999999
	Feat 30	(c=4)	weight 2.0:	Num[Exists(Star(on),Nominal(a))]
Score 1.0
Lambda=1.94581e-40
	Intercept	0.9999999999999999
	Feat 30	(c=4)	weight 2.0:	Num[Exists(Star(on),Nominal(a))]
Score 1.0
Lambda=1.5566499999999998e-40
	Intercept	0.9999999999999999
	Feat 30	(c=4)	weight 2.0:	Num[Exists(Star(on),Nominal(a))]
Score 1.0
Lambda=1.2453199999999998e-40
	Intercept	0.9999999999999999
	Feat 30	(c=4)	weight 2.0:	Num[Exists(Star(on),Nominal(a))]
Score 1.0
Lambda=9.96256e-41
	Intercept	0.9999999999999999
	Feat 30	(c=4)	weight 2.0:	Num[Exists(Star(on),Nominal(a))]
Score 1.0
Lambda=7.97005e-41
	Intercept	0.9999999999999999
	Feat 30	(c=4)	weight 2.0:	Num[Exists(Star(on),Nominal(a))]
Score 1.0
Lambda=6.37604e-41
	Intercept	0.9999999999999999
	Feat 30	(c=4)	weight 2.0:	Num[Exists(Star(on),Nominal(a))]
Score 1.0
Lambda=5.10083e-41
	Intercept	0.9999999999999999
	Feat 30	(c=4)	weight 2.0:	Num[Exists(Star(on),Nominal(a))]
Score 1.0
Lambda=4.08067e-41
	Intercept	0.9999999999999999
	Feat 30	(c=4)	weight 2.0:	Num[Exists(Star(on),Nominal(a))]
Score 1.0
Lambda=3.26453e-41
	Intercept	0.9999999999999999
	Feat 30	(c=4)	weight 2.0:	Num[Exists(Star(on),Nominal(a))]
Score 1.0
Lambda=2.61163e-41
	Intercept	0.9999999999999999
	Feat 30	(c=4)	weight 2.0:	Num[Exists(Star(on),Nominal(a))]
Score 1.0
Lambda=2.0893e-41
	Intercept	0.9999999999999999
	Feat 30	(c=4)	weight 2.0:	Num[Exists(Star(on),Nominal(a))]
Score 1.0
Lambda=1.67144e-41
	Intercept	0.9999999999999999
	Feat 30	(c=4)	weight 2.0:	Num[Exists(Star(on),Nominal(a))]
Score 1.0
Lambda=1.33715e-41
	Intercept	0.9999999999999999
	Feat 30	(c=4)	weight 2.0:	Num[Exists(Star(on),Nominal(a))]
Score 1.0
Lambda=1.06972e-41
	Intercept	0.9999999999999999
	Feat 30	(c=4)	weight 2.0:	Num[Exists(Star(on),Nominal(a))]
Score 1.0
Lambda=8.557779999999999e-42
	Intercept	0.9999999999999999
	Feat 30	(c=4)	weight 2.0:	Num[Exists(Star(on),Nominal(a))]
Score 1.0
Lambda=6.84622e-42
	Intercept	0.9999999999999999
	Feat 30	(c=4)	weight 2.0:	Num[Exists(Star(on),Nominal(a))]
Score 1.0
Lambda=5.4769799999999996e-42
	Intercept	0.9999999999999999
	Feat 30	(c=4)	weight 2.0:	Num[Exists(Star(on),Nominal(a))]
Score 1.0
Lambda=4.38158e-42
	Intercept	0.9999999999999999
	Feat 30	(c=4)	weight 2.0:	Num[Exists(Star(on),Nominal(a))]
Score 1.0
Lambda=3.50526e-42
	Intercept	0.9999999999999999
	Feat 30	(c=4)	weight 2.0:	Num[Exists(Star(on),Nominal(a))]
Score 1.0
