Considering 3 features
L0Learn Method
----------

Lambda=0.474879
	Intercept	2.259815242494226
Score 0.0
Lambda=0.47013
	Intercept	0.49468642880431446
	Feat 30	(c=4)	weight 1.92:	Num[Exists(Star(on),Nominal(a))]
Score 0.9497584497818783
Lambda=0.0240863
	Intercept	1.545232862953938e-05
	Feat 1	(c=1)	weight 1.0:	Bool[holding]
	Feat 30	(c=4)	weight 2.0:	Num[Exists(Star(on),Nominal(a))]
Score 0.999999999950978
Lambda=7.88284e-13
	Intercept	4.866483429566415e-07
	Feat 1	(c=1)	weight 1.0:	Bool[holding]
	Feat 30	(c=4)	weight 2.0:	Num[Exists(Star(on),Nominal(a))]
Score 0.9999999999999514
Lambda=7.66058e-16
	Intercept	1.5326273139493196e-08
	Feat 1	(c=1)	weight 1.0:	Bool[holding]
	Feat 30	(c=4)	weight 2.0:	Num[Exists(Star(on),Nominal(a))]
Score 1.0
Lambda=7.59809e-19
	Intercept	4.826783417399838e-10
	Feat 1	(c=1)	weight 1.0:	Bool[holding]
	Feat 30	(c=4)	weight 2.0:	Num[Exists(Star(on),Nominal(a))]
Score 1.0
Lambda=7.53611e-22
	Intercept	1.5201173653167643e-11
	Feat 1	(c=1)	weight 1.0:	Bool[holding]
	Feat 30	(c=4)	weight 2.0:	Num[Exists(Star(on),Nominal(a))]
Score 1.0
Lambda=7.47454e-25
	Intercept	4.787281682183675e-13
	Feat 1	(c=1)	weight 1.0:	Bool[holding]
	Feat 30	(c=4)	weight 2.0:	Num[Exists(Star(on),Nominal(a))]
Score 1.0
Lambda=7.417279999999999e-28
	Intercept	1.509903313490213e-14
	Feat 1	(c=1)	weight 1.0:	Bool[holding]
	Feat 30	(c=4)	weight 2.0:	Num[Exists(Star(on),Nominal(a))]
Score 1.0
Lambda=7.3495899999999995e-31
	Intercept	4.440892098500626e-16
	Feat 1	(c=1)	weight 1.0:	Bool[holding]
	Feat 30	(c=4)	weight 2.0:	Num[Exists(Star(on),Nominal(a))]
Score 1.0
Lambda=1.03938e-33
	Intercept	0.9999999999999999
	Feat 30	(c=4)	weight 2.0:	Num[Exists(Star(on),Nominal(a))]
Score 1.0
Lambda=1.3124599999999998e-34
	Intercept	0.9999999999999999
	Feat 30	(c=4)	weight 2.0:	Num[Exists(Star(on),Nominal(a))]
Score 1.0
Lambda=1.04996e-34
	Intercept	0.9999999999999999
	Feat 30	(c=4)	weight 2.0:	Num[Exists(Star(on),Nominal(a))]
Score 1.0
Lambda=8.39972e-35
	Intercept	0.9999999999999999
	Feat 30	(c=4)	weight 2.0:	Num[Exists(Star(on),Nominal(a))]
Score 1.0
Lambda=6.71977e-35
	Intercept	0.9999999999999999
	Feat 30	(c=4)	weight 2.0:	Num[Exists(Star(on),Nominal(a))]
Score 1.0
Lambda=5.37582e-35
	Intercept	0.9999999999999999
	Feat 30	(c=4)	weight 2.0:	Num[Exists(Star(on),Nominal(a))]
Score 1.0
Lambda=4.30066e-35
	Intercept	0.9999999999999999
	Feat 30	(c=4)	weight 2.0:	Num[Exists(Star(on),Nominal(a))]
Score 1.0
Lambda=3.44052e-35
	Intercept	0.9999999999999999
	Feat 30	(c=4)	weight 2.0:	Num[Exists(Star(on),Nominal(a))]
Score 1.0
Lambda=2.75242e-35
	Intercept	0.9999999999999999
	Feat 30	(c=4)	weight 2.0:	Num[Exists(Star(on),Nominal(a))]
Score 1.0
Lambda=2.20194e-35
	Intercept	0.9999999999999999
	Feat 30	(c=4)	weight 2.0:	Num[Exists(Star(on),Nominal(a))]
Score 1.0
Lambda=1.76155e-35
	Intercept	0.9999999999999999
	Feat 30	(c=4)	weight 2.0:	Num[Exists(Star(on),Nominal(a))]
Score 1.0
Lambda=1.40924e-35
	Intercept	0.9999999999999999
	Feat 30	(c=4)	weight 2.0:	Num[Exists(Star(on),Nominal(a))]
Score 1.0
Lambda=1.1273899999999999e-35
	Intercept	0.9999999999999999
	Feat 30	(c=4)	weight 2.0:	Num[Exists(Star(on),Nominal(a))]
Score 1.0
Lambda=9.01913e-36
	Intercept	0.9999999999999999
	Feat 30	(c=4)	weight 2.0:	Num[Exists(Star(on),Nominal(a))]
Score 1.0
Lambda=7.2153e-36
	Intercept	0.9999999999999999
	Feat 30	(c=4)	weight 2.0:	Num[Exists(Star(on),Nominal(a))]
Score 1.0
Lambda=5.77224e-36
	Intercept	0.9999999999999999
	Feat 30	(c=4)	weight 2.0:	Num[Exists(Star(on),Nominal(a))]
Score 1.0
Lambda=4.61779e-36
	Intercept	0.9999999999999999
	Feat 30	(c=4)	weight 2.0:	Num[Exists(Star(on),Nominal(a))]
Score 1.0
Lambda=3.69423e-36
	Intercept	0.9999999999999999
	Feat 30	(c=4)	weight 2.0:	Num[Exists(Star(on),Nominal(a))]
Score 1.0
Lambda=2.95539e-36
	Intercept	0.9999999999999999
	Feat 30	(c=4)	weight 2.0:	Num[Exists(Star(on),Nominal(a))]
Score 1.0
Lambda=2.36431e-36
	Intercept	0.9999999999999999
	Feat 30	(c=4)	weight 2.0:	Num[Exists(Star(on),Nominal(a))]
Score 1.0
Lambda=1.89145e-36
	Intercept	0.9999999999999999
	Feat 30	(c=4)	weight 2.0:	Num[Exists(Star(on),Nominal(a))]
Score 1.0
Lambda=1.51316e-36
	Intercept	0.9999999999999999
	Feat 30	(c=4)	weight 2.0:	Num[Exists(Star(on),Nominal(a))]
Score 1.0
Lambda=1.21053e-36
	Intercept	0.9999999999999999
	Feat 30	(c=4)	weight 2.0:	Num[Exists(Star(on),Nominal(a))]
Score 1.0
Lambda=9.68422e-37
	Intercept	0.9999999999999999
	Feat 30	(c=4)	weight 2.0:	Num[Exists(Star(on),Nominal(a))]
Score 1.0
Lambda=7.74737e-37
	Intercept	0.9999999999999999
	Feat 30	(c=4)	weight 2.0:	Num[Exists(Star(on),Nominal(a))]
Score 1.0
Lambda=6.1979e-37
	Intercept	0.9999999999999999
	Feat 30	(c=4)	weight 2.0:	Num[Exists(Star(on),Nominal(a))]
Score 1.0
Lambda=4.95832e-37
	Intercept	0.9999999999999999
	Feat 30	(c=4)	weight 2.0:	Num[Exists(Star(on),Nominal(a))]
Score 1.0
Lambda=3.96665e-37
	Intercept	0.9999999999999999
	Feat 30	(c=4)	weight 2.0:	Num[Exists(Star(on),Nominal(a))]
Score 1.0
Lambda=3.1733199999999998e-37
	Intercept	0.9999999999999999
	Feat 30	(c=4)	weight 2.0:	Num[Exists(Star(on),Nominal(a))]
Score 1.0
Lambda=2.53866e-37
	Intercept	0.9999999999999999
	Feat 30	(c=4)	weight 2.0:	Num[Exists(Star(on),Nominal(a))]
Score 1.0
Lambda=2.03093e-37
	Intercept	0.9999999999999999
	Feat 30	(c=4)	weight 2.0:	Num[Exists(Star(on),Nominal(a))]
Score 1.0
Lambda=1.62474e-37
	Intercept	0.9999999999999999
	Feat 30	(c=4)	weight 2.0:	Num[Exists(Star(on),Nominal(a))]
Score 1.0
Lambda=1.29979e-37
	Intercept	0.9999999999999999
	Feat 30	(c=4)	weight 2.0:	Num[Exists(Star(on),Nominal(a))]
Score 1.0
Lambda=1.03983e-37
	Intercept	0.9999999999999999
	Feat 30	(c=4)	weight 2.0:	Num[Exists(Star(on),Nominal(a))]
Score 1.0
Lambda=8.31868e-38
	Intercept	0.9999999999999999
	Feat 30	(c=4)	weight 2.0:	Num[Exists(Star(on),Nominal(a))]
Score 1.0
Lambda=6.65494e-38
	Intercept	0.9999999999999999
	Feat 30	(c=4)	weight 2.0:	Num[Exists(Star(on),Nominal(a))]
Score 1.0
Lambda=5.32395e-38
	Intercept	0.9999999999999999
	Feat 30	(c=4)	weight 2.0:	Num[Exists(Star(on),Nominal(a))]
Score 1.0
Lambda=4.25916e-38
	Intercept	0.9999999999999999
	Feat 30	(c=4)	weight 2.0:	Num[Exists(Star(on),Nominal(a))]
Score 1.0
Lambda=3.40733e-38
	Intercept	0.9999999999999999
	Feat 30	(c=4)	weight 2.0:	Num[Exists(Star(on),Nominal(a))]
Score 1.0
Lambda=2.72586e-38
	Intercept	0.9999999999999999
	Feat 30	(c=4)	weight 2.0:	Num[Exists(Star(on),Nominal(a))]
Score 1.0
Lambda=2.18069e-38
	Intercept	0.9999999999999999
	Feat 30	(c=4)	weight 2.0:	Num[Exists(Star(on),Nominal(a))]
Score 1.0
Lambda=1.74455e-38
	Intercept	0.9999999999999999
	Feat 30	(c=4)	weight 2.0:	Num[Exists(Star(on),Nominal(a))]
Score 1.0
Lambda=1.39564e-38
	Intercept	0.9999999999999999
	Feat 30	(c=4)	weight 2.0:	Num[Exists(Star(on),Nominal(a))]
Score 1.0
Lambda=1.11651e-38
	Intercept	0.9999999999999999
	Feat 30	(c=4)	weight 2.0:	Num[Exists(Star(on),Nominal(a))]
Score 1.0
Lambda=8.93211e-39
	Intercept	0.9999999999999999
	Feat 30	(c=4)	weight 2.0:	Num[Exists(Star(on),Nominal(a))]
Score 1.0
Lambda=7.145689999999999e-39
	Intercept	0.9999999999999999
	Feat 30	(c=4)	weight 2.0:	Num[Exists(Star(on),Nominal(a))]
Score 1.0
Lambda=5.7165499999999994e-39
	Intercept	0.9999999999999999
	Feat 30	(c=4)	weight 2.0:	Num[Exists(Star(on),Nominal(a))]
Score 1.0
Lambda=4.5732399999999996e-39
	Intercept	0.9999999999999999
	Feat 30	(c=4)	weight 2.0:	Num[Exists(Star(on),Nominal(a))]
Score 1.0
Lambda=3.65859e-39
	Intercept	0.9999999999999999
	Feat 30	(c=4)	weight 2.0:	Num[Exists(Star(on),Nominal(a))]
Score 1.0
Lambda=2.9268699999999996e-39
	Intercept	0.9999999999999999
	Feat 30	(c=4)	weight 2.0:	Num[Exists(Star(on),Nominal(a))]
Score 1.0
Lambda=2.3414999999999998e-39
	Intercept	0.9999999999999999
	Feat 30	(c=4)	weight 2.0:	Num[Exists(Star(on),Nominal(a))]
Score 1.0
Lambda=1.8732e-39
	Intercept	0.9999999999999999
	Feat 30	(c=4)	weight 2.0:	Num[Exists(Star(on),Nominal(a))]
Score 1.0
Lambda=1.4985599999999997e-39
	Intercept	0.9999999999999999
	Feat 30	(c=4)	weight 2.0:	Num[Exists(Star(on),Nominal(a))]
Score 1.0
Lambda=1.19885e-39
	Intercept	0.9999999999999999
	Feat 30	(c=4)	weight 2.0:	Num[Exists(Star(on),Nominal(a))]
Score 1.0
Lambda=9.590779999999999e-40
	Intercept	0.9999999999999999
	Feat 30	(c=4)	weight 2.0:	Num[Exists(Star(on),Nominal(a))]
Score 1.0
Lambda=7.67263e-40
	Intercept	0.9999999999999999
	Feat 30	(c=4)	weight 2.0:	Num[Exists(Star(on),Nominal(a))]
Score 1.0
Lambda=6.138099999999999e-40
	Intercept	0.9999999999999999
	Feat 30	(c=4)	weight 2.0:	Num[Exists(Star(on),Nominal(a))]
Score 1.0
Lambda=4.910479999999999e-40
	Intercept	0.9999999999999999
	Feat 30	(c=4)	weight 2.0:	Num[Exists(Star(on),Nominal(a))]
Score 1.0
Lambda=3.92838e-40
	Intercept	0.9999999999999999
	Feat 30	(c=4)	weight 2.0:	Num[Exists(Star(on),Nominal(a))]
Score 1.0
Lambda=3.1427099999999995e-40
	Intercept	0.9999999999999999
	Feat 30	(c=4)	weight 2.0:	Num[Exists(Star(on),Nominal(a))]
Score 1.0
Lambda=2.5141699999999996e-40
	Intercept	0.9999999999999999
	Feat 30	(c=4)	weight 2.0:	Num[Exists(Star(on),Nominal(a))]
Score 1.0
Lambda=2.01133e-40
	Intercept	0.9999999999999999
	Feat 30	(c=4)	weight 2.0:	Num[Exists(Star(on),Nominal(a))]
Score 1.0
Lambda=1.6090699999999999e-40
	Intercept	0.9999999999999999
	Feat 30	(c=4)	weight 2.0:	Num[Exists(Star(on),Nominal(a))]
Score 1.0
Lambda=1.28725e-40
	Intercept	0.9999999999999999
	Feat 30	(c=4)	weight 2.0:	Num[Exists(Star(on),Nominal(a))]
Score 1.0
Lambda=1.0297999999999999e-40
	Intercept	0.9999999999999999
	Feat 30	(c=4)	weight 2.0:	Num[Exists(Star(on),Nominal(a))]
Score 1.0
Lambda=8.23842e-41
	Intercept	0.9999999999999999
	Feat 30	(c=4)	weight 2.0:	Num[Exists(Star(on),Nominal(a))]
Score 1.0
Lambda=6.59074e-41
	Intercept	0.9999999999999999
	Feat 30	(c=4)	weight 2.0:	Num[Exists(Star(on),Nominal(a))]
Score 1.0
Lambda=5.27259e-41
	Intercept	0.9999999999999999
	Feat 30	(c=4)	weight 2.0:	Num[Exists(Star(on),Nominal(a))]
Score 1.0
Lambda=4.21807e-41
	Intercept	0.9999999999999999
	Feat 30	(c=4)	weight 2.0:	Num[Exists(Star(on),Nominal(a))]
Score 1.0
Lambda=3.37446e-41
	Intercept	0.9999999999999999
	Feat 30	(c=4)	weight 2.0:	Num[Exists(Star(on),Nominal(a))]
Score 1.0
Lambda=2.69957e-41
	Intercept	0.9999999999999999
	Feat 30	(c=4)	weight 2.0:	Num[Exists(Star(on),Nominal(a))]
Score 1.0
Lambda=2.15965e-41
	Intercept	0.9999999999999999
	Feat 30	(c=4)	weight 2.0:	Num[Exists(Star(on),Nominal(a))]
Score 1.0
Lambda=1.72772e-41
	Intercept	0.9999999999999999
	Feat 30	(c=4)	weight 2.0:	Num[Exists(Star(on),Nominal(a))]
Score 1.0
Lambda=1.38218e-41
	Intercept	0.9999999999999999
	Feat 30	(c=4)	weight 2.0:	Num[Exists(Star(on),Nominal(a))]
Score 1.0
Lambda=1.1057400000000001e-41
	Intercept	0.9999999999999999
	Feat 30	(c=4)	weight 2.0:	Num[Exists(Star(on),Nominal(a))]
Score 1.0
Lambda=8.84594e-42
	Intercept	0.9999999999999999
	Feat 30	(c=4)	weight 2.0:	Num[Exists(Star(on),Nominal(a))]
Score 1.0
Lambda=7.076749999999999e-42
	Intercept	0.9999999999999999
	Feat 30	(c=4)	weight 2.0:	Num[Exists(Star(on),Nominal(a))]
Score 1.0
Lambda=5.6613999999999996e-42
	Intercept	0.9999999999999999
	Feat 30	(c=4)	weight 2.0:	Num[Exists(Star(on),Nominal(a))]
Score 1.0
Lambda=4.52912e-42
	Intercept	0.9999999999999999
	Feat 30	(c=4)	weight 2.0:	Num[Exists(Star(on),Nominal(a))]
Score 1.0
Lambda=3.6233e-42
	Intercept	0.9999999999999999
	Feat 30	(c=4)	weight 2.0:	Num[Exists(Star(on),Nominal(a))]
Score 1.0
Lambda=2.89864e-42
	Intercept	0.9999999999999999
	Feat 30	(c=4)	weight 2.0:	Num[Exists(Star(on),Nominal(a))]
Score 1.0
Lambda=2.31891e-42
	Intercept	0.9999999999999999
	Feat 30	(c=4)	weight 2.0:	Num[Exists(Star(on),Nominal(a))]
Score 1.0
Lambda=1.8551299999999998e-42
	Intercept	0.9999999999999999
	Feat 30	(c=4)	weight 2.0:	Num[Exists(Star(on),Nominal(a))]
Score 1.0
Lambda=1.4841e-42
	Intercept	0.9999999999999999
	Feat 30	(c=4)	weight 2.0:	Num[Exists(Star(on),Nominal(a))]
Score 1.0
Lambda=1.18728e-42
	Intercept	0.9999999999999999
	Feat 30	(c=4)	weight 2.0:	Num[Exists(Star(on),Nominal(a))]
Score 1.0
Lambda=9.49825e-43
	Intercept	0.9999999999999999
	Feat 30	(c=4)	weight 2.0:	Num[Exists(Star(on),Nominal(a))]
Score 1.0
Lambda=7.5986e-43
	Intercept	0.9999999999999999
	Feat 30	(c=4)	weight 2.0:	Num[Exists(Star(on),Nominal(a))]
Score 1.0
Lambda=6.07888e-43
	Intercept	0.9999999999999999
	Feat 30	(c=4)	weight 2.0:	Num[Exists(Star(on),Nominal(a))]
Score 1.0
Lambda=4.8631e-43
	Intercept	0.9999999999999999
	Feat 30	(c=4)	weight 2.0:	Num[Exists(Star(on),Nominal(a))]
Score 1.0
Lambda=3.89048e-43
	Intercept	0.9999999999999999
	Feat 30	(c=4)	weight 2.0:	Num[Exists(Star(on),Nominal(a))]
Score 1.0
