Considering 7 features
L0Learn Method
----------

Lambda=0.474879
	Intercept	2.259815242494226
Score 0.0
Lambda=0.47013
	Intercept	0.49468642880431446
	Feat 30	(c=4)	weight 1.92:	Num[Exists(Star(on),Nominal(a))]
Score 0.9497584497818783
Lambda=0.0240863
	Intercept	1.545232862953938e-05
	Feat 1	(c=1)	weight 1.0:	Bool[holding]
	Feat 30	(c=4)	weight 2.0:	Num[Exists(Star(on),Nominal(a))]
Score 0.999999999950978
Lambda=2.35017e-11
	Intercept	4.866483429566415e-07
	Feat 1	(c=1)	weight 1.0:	Bool[holding]
	Feat 30	(c=4)	weight 2.0:	Num[Exists(Star(on),Nominal(a))]
Score 0.9999999999999514
Lambda=2.2839e-14
	Intercept	1.5326273139493196e-08
	Feat 1	(c=1)	weight 1.0:	Bool[holding]
	Feat 30	(c=4)	weight 2.0:	Num[Exists(Star(on),Nominal(a))]
Score 1.0
Lambda=2.26527e-17
	Intercept	4.826783417399838e-10
	Feat 1	(c=1)	weight 1.0:	Bool[holding]
	Feat 30	(c=4)	weight 2.0:	Num[Exists(Star(on),Nominal(a))]
Score 1.0
Lambda=2.2467899999999997e-20
	Intercept	1.5201173653167643e-11
	Feat 1	(c=1)	weight 1.0:	Bool[holding]
	Feat 30	(c=4)	weight 2.0:	Num[Exists(Star(on),Nominal(a))]
Score 1.0
Lambda=2.2284700000000002e-23
	Intercept	4.787281682183675e-13
	Feat 1	(c=1)	weight 1.0:	Bool[holding]
	Feat 30	(c=4)	weight 2.0:	Num[Exists(Star(on),Nominal(a))]
Score 1.0
Lambda=2.21006e-26
	Intercept	1.509903313490213e-14
	Feat 1	(c=1)	weight 1.0:	Bool[holding]
	Feat 30	(c=4)	weight 2.0:	Num[Exists(Star(on),Nominal(a))]
Score 1.0
Lambda=2.2015599999999998e-29
	Intercept	4.440892098500626e-16
	Feat 1	(c=1)	weight 1.0:	Bool[holding]
	Feat 30	(c=4)	weight 2.0:	Num[Exists(Star(on),Nominal(a))]
Score 1.0
Lambda=1.7480399999999998e-32
	Intercept	0.9999999999999999
	Feat 30	(c=4)	weight 2.0:	Num[Exists(Star(on),Nominal(a))]
Score 1.0
Lambda=5.90531e-34
	Intercept	0.9999999999999999
	Feat 30	(c=4)	weight 2.0:	Num[Exists(Star(on),Nominal(a))]
Score 1.0
Lambda=4.72425e-34
	Intercept	0.9999999999999999
	Feat 30	(c=4)	weight 2.0:	Num[Exists(Star(on),Nominal(a))]
Score 1.0
Lambda=3.7793999999999995e-34
	Intercept	0.9999999999999999
	Feat 30	(c=4)	weight 2.0:	Num[Exists(Star(on),Nominal(a))]
Score 1.0
Lambda=3.0235199999999998e-34
	Intercept	0.9999999999999999
	Feat 30	(c=4)	weight 2.0:	Num[Exists(Star(on),Nominal(a))]
Score 1.0
Lambda=2.41881e-34
	Intercept	0.9999999999999999
	Feat 30	(c=4)	weight 2.0:	Num[Exists(Star(on),Nominal(a))]
Score 1.0
Lambda=1.9350499999999996e-34
	Intercept	0.9999999999999999
	Feat 30	(c=4)	weight 2.0:	Num[Exists(Star(on),Nominal(a))]
Score 1.0
Lambda=1.5480399999999998e-34
	Intercept	0.9999999999999999
	Feat 30	(c=4)	weight 2.0:	Num[Exists(Star(on),Nominal(a))]
Score 1.0
Lambda=1.23843e-34
	Intercept	0.9999999999999999
	Feat 30	(c=4)	weight 2.0:	Num[Exists(Star(on),Nominal(a))]
Score 1.0
Lambda=9.90746e-35
	Intercept	0.9999999999999999
	Feat 30	(c=4)	weight 2.0:	Num[Exists(Star(on),Nominal(a))]
Score 1.0
Lambda=7.925969999999999e-35
	Intercept	0.9999999999999999
	Feat 30	(c=4)	weight 2.0:	Num[Exists(Star(on),Nominal(a))]
Score 1.0
Lambda=6.34077e-35
	Intercept	0.9999999999999999
	Feat 30	(c=4)	weight 2.0:	Num[Exists(Star(on),Nominal(a))]
Score 1.0
Lambda=5.07262e-35
	Intercept	0.9999999999999999
	Feat 30	(c=4)	weight 2.0:	Num[Exists(Star(on),Nominal(a))]
Score 1.0
Lambda=4.0580999999999997e-35
	Intercept	0.9999999999999999
	Feat 30	(c=4)	weight 2.0:	Num[Exists(Star(on),Nominal(a))]
Score 1.0
Lambda=3.24648e-35
	Intercept	0.9999999999999999
	Feat 30	(c=4)	weight 2.0:	Num[Exists(Star(on),Nominal(a))]
Score 1.0
Lambda=2.59718e-35
	Intercept	0.9999999999999999
	Feat 30	(c=4)	weight 2.0:	Num[Exists(Star(on),Nominal(a))]
Score 1.0
Lambda=2.07775e-35
	Intercept	0.9999999999999999
	Feat 30	(c=4)	weight 2.0:	Num[Exists(Star(on),Nominal(a))]
Score 1.0
Lambda=1.6621999999999998e-35
	Intercept	0.9999999999999999
	Feat 30	(c=4)	weight 2.0:	Num[Exists(Star(on),Nominal(a))]
Score 1.0
Lambda=1.32976e-35
	Intercept	0.9999999999999999
	Feat 30	(c=4)	weight 2.0:	Num[Exists(Star(on),Nominal(a))]
Score 1.0
Lambda=1.0638099999999999e-35
	Intercept	0.9999999999999999
	Feat 30	(c=4)	weight 2.0:	Num[Exists(Star(on),Nominal(a))]
Score 1.0
Lambda=8.51044e-36
	Intercept	0.9999999999999999
	Feat 30	(c=4)	weight 2.0:	Num[Exists(Star(on),Nominal(a))]
Score 1.0
Lambda=6.80835e-36
	Intercept	0.9999999999999999
	Feat 30	(c=4)	weight 2.0:	Num[Exists(Star(on),Nominal(a))]
Score 1.0
Lambda=5.44668e-36
	Intercept	0.9999999999999999
	Feat 30	(c=4)	weight 2.0:	Num[Exists(Star(on),Nominal(a))]
Score 1.0
Lambda=4.35735e-36
	Intercept	0.9999999999999999
	Feat 30	(c=4)	weight 2.0:	Num[Exists(Star(on),Nominal(a))]
Score 1.0
Lambda=3.48588e-36
	Intercept	0.9999999999999999
	Feat 30	(c=4)	weight 2.0:	Num[Exists(Star(on),Nominal(a))]
Score 1.0
Lambda=2.7887e-36
	Intercept	0.9999999999999999
	Feat 30	(c=4)	weight 2.0:	Num[Exists(Star(on),Nominal(a))]
Score 1.0
Lambda=2.23096e-36
	Intercept	0.9999999999999999
	Feat 30	(c=4)	weight 2.0:	Num[Exists(Star(on),Nominal(a))]
Score 1.0
Lambda=1.78477e-36
	Intercept	0.9999999999999999
	Feat 30	(c=4)	weight 2.0:	Num[Exists(Star(on),Nominal(a))]
Score 1.0
Lambda=1.42782e-36
	Intercept	0.9999999999999999
	Feat 30	(c=4)	weight 2.0:	Num[Exists(Star(on),Nominal(a))]
Score 1.0
Lambda=1.14225e-36
	Intercept	0.9999999999999999
	Feat 30	(c=4)	weight 2.0:	Num[Exists(Star(on),Nominal(a))]
Score 1.0
Lambda=9.13802e-37
	Intercept	0.9999999999999999
	Feat 30	(c=4)	weight 2.0:	Num[Exists(Star(on),Nominal(a))]
Score 1.0
Lambda=7.310419999999999e-37
	Intercept	0.9999999999999999
	Feat 30	(c=4)	weight 2.0:	Num[Exists(Star(on),Nominal(a))]
Score 1.0
Lambda=5.84833e-37
	Intercept	0.9999999999999999
	Feat 30	(c=4)	weight 2.0:	Num[Exists(Star(on),Nominal(a))]
Score 1.0
Lambda=4.67867e-37
	Intercept	0.9999999999999999
	Feat 30	(c=4)	weight 2.0:	Num[Exists(Star(on),Nominal(a))]
Score 1.0
Lambda=3.7429299999999997e-37
	Intercept	0.9999999999999999
	Feat 30	(c=4)	weight 2.0:	Num[Exists(Star(on),Nominal(a))]
Score 1.0
Lambda=2.99435e-37
	Intercept	0.9999999999999999
	Feat 30	(c=4)	weight 2.0:	Num[Exists(Star(on),Nominal(a))]
Score 1.0
Lambda=2.39548e-37
	Intercept	0.9999999999999999
	Feat 30	(c=4)	weight 2.0:	Num[Exists(Star(on),Nominal(a))]
Score 1.0
Lambda=1.91638e-37
	Intercept	0.9999999999999999
	Feat 30	(c=4)	weight 2.0:	Num[Exists(Star(on),Nominal(a))]
Score 1.0
Lambda=1.53311e-37
	Intercept	0.9999999999999999
	Feat 30	(c=4)	weight 2.0:	Num[Exists(Star(on),Nominal(a))]
Score 1.0
Lambda=1.2264799999999999e-37
	Intercept	0.9999999999999999
	Feat 30	(c=4)	weight 2.0:	Num[Exists(Star(on),Nominal(a))]
Score 1.0
Lambda=9.81187e-38
	Intercept	0.9999999999999999
	Feat 30	(c=4)	weight 2.0:	Num[Exists(Star(on),Nominal(a))]
Score 1.0
Lambda=7.8495e-38
	Intercept	0.9999999999999999
	Feat 30	(c=4)	weight 2.0:	Num[Exists(Star(on),Nominal(a))]
Score 1.0
Lambda=6.2796e-38
	Intercept	0.9999999999999999
	Feat 30	(c=4)	weight 2.0:	Num[Exists(Star(on),Nominal(a))]
Score 1.0
Lambda=5.02368e-38
	Intercept	0.9999999999999999
	Feat 30	(c=4)	weight 2.0:	Num[Exists(Star(on),Nominal(a))]
Score 1.0
Lambda=4.01894e-38
	Intercept	0.9999999999999999
	Feat 30	(c=4)	weight 2.0:	Num[Exists(Star(on),Nominal(a))]
Score 1.0
Lambda=3.21515e-38
	Intercept	0.9999999999999999
	Feat 30	(c=4)	weight 2.0:	Num[Exists(Star(on),Nominal(a))]
Score 1.0
Lambda=2.5721199999999997e-38
	Intercept	0.9999999999999999
	Feat 30	(c=4)	weight 2.0:	Num[Exists(Star(on),Nominal(a))]
Score 1.0
Lambda=2.0577e-38
	Intercept	0.9999999999999999
	Feat 30	(c=4)	weight 2.0:	Num[Exists(Star(on),Nominal(a))]
Score 1.0
Lambda=1.64616e-38
	Intercept	0.9999999999999999
	Feat 30	(c=4)	weight 2.0:	Num[Exists(Star(on),Nominal(a))]
Score 1.0
Lambda=1.3169299999999999e-38
	Intercept	0.9999999999999999
	Feat 30	(c=4)	weight 2.0:	Num[Exists(Star(on),Nominal(a))]
Score 1.0
Lambda=1.05354e-38
	Intercept	0.9999999999999999
	Feat 30	(c=4)	weight 2.0:	Num[Exists(Star(on),Nominal(a))]
Score 1.0
Lambda=8.428339999999999e-39
	Intercept	0.9999999999999999
	Feat 30	(c=4)	weight 2.0:	Num[Exists(Star(on),Nominal(a))]
Score 1.0
Lambda=6.74267e-39
	Intercept	0.9999999999999999
	Feat 30	(c=4)	weight 2.0:	Num[Exists(Star(on),Nominal(a))]
Score 1.0
Lambda=5.394129999999999e-39
	Intercept	0.9999999999999999
	Feat 30	(c=4)	weight 2.0:	Num[Exists(Star(on),Nominal(a))]
Score 1.0
Lambda=4.3153099999999994e-39
	Intercept	0.9999999999999999
	Feat 30	(c=4)	weight 2.0:	Num[Exists(Star(on),Nominal(a))]
Score 1.0
Lambda=3.4522499999999995e-39
	Intercept	0.9999999999999999
	Feat 30	(c=4)	weight 2.0:	Num[Exists(Star(on),Nominal(a))]
Score 1.0
Lambda=2.7617999999999998e-39
	Intercept	0.9999999999999999
	Feat 30	(c=4)	weight 2.0:	Num[Exists(Star(on),Nominal(a))]
Score 1.0
Lambda=2.2094399999999997e-39
	Intercept	0.9999999999999999
	Feat 30	(c=4)	weight 2.0:	Num[Exists(Star(on),Nominal(a))]
Score 1.0
Lambda=1.7675499999999998e-39
	Intercept	0.9999999999999999
	Feat 30	(c=4)	weight 2.0:	Num[Exists(Star(on),Nominal(a))]
Score 1.0
Lambda=1.4140399999999998e-39
	Intercept	0.9999999999999999
	Feat 30	(c=4)	weight 2.0:	Num[Exists(Star(on),Nominal(a))]
Score 1.0
Lambda=1.1312299999999999e-39
	Intercept	0.9999999999999999
	Feat 30	(c=4)	weight 2.0:	Num[Exists(Star(on),Nominal(a))]
Score 1.0
Lambda=9.04986e-40
	Intercept	0.9999999999999999
	Feat 30	(c=4)	weight 2.0:	Num[Exists(Star(on),Nominal(a))]
Score 1.0
Lambda=7.239879999999999e-40
	Intercept	0.9999999999999999
	Feat 30	(c=4)	weight 2.0:	Num[Exists(Star(on),Nominal(a))]
Score 1.0
Lambda=5.79191e-40
	Intercept	0.9999999999999999
	Feat 30	(c=4)	weight 2.0:	Num[Exists(Star(on),Nominal(a))]
Score 1.0
Lambda=4.6335299999999995e-40
	Intercept	0.9999999999999999
	Feat 30	(c=4)	weight 2.0:	Num[Exists(Star(on),Nominal(a))]
Score 1.0
Lambda=3.70682e-40
	Intercept	0.9999999999999999
	Feat 30	(c=4)	weight 2.0:	Num[Exists(Star(on),Nominal(a))]
Score 1.0
Lambda=2.9654599999999996e-40
	Intercept	0.9999999999999999
	Feat 30	(c=4)	weight 2.0:	Num[Exists(Star(on),Nominal(a))]
Score 1.0
Lambda=2.3723699999999996e-40
	Intercept	0.9999999999999999
	Feat 30	(c=4)	weight 2.0:	Num[Exists(Star(on),Nominal(a))]
Score 1.0
Lambda=1.8978899999999996e-40
	Intercept	0.9999999999999999
	Feat 30	(c=4)	weight 2.0:	Num[Exists(Star(on),Nominal(a))]
Score 1.0
Lambda=1.5183099999999999e-40
	Intercept	0.9999999999999999
	Feat 30	(c=4)	weight 2.0:	Num[Exists(Star(on),Nominal(a))]
Score 1.0
Lambda=1.21465e-40
	Intercept	0.9999999999999999
	Feat 30	(c=4)	weight 2.0:	Num[Exists(Star(on),Nominal(a))]
Score 1.0
Lambda=9.71721e-41
	Intercept	0.9999999999999999
	Feat 30	(c=4)	weight 2.0:	Num[Exists(Star(on),Nominal(a))]
Score 1.0
Lambda=7.77377e-41
	Intercept	0.9999999999999999
	Feat 30	(c=4)	weight 2.0:	Num[Exists(Star(on),Nominal(a))]
Score 1.0
Lambda=6.21901e-41
	Intercept	0.9999999999999999
	Feat 30	(c=4)	weight 2.0:	Num[Exists(Star(on),Nominal(a))]
Score 1.0
Lambda=4.97521e-41
	Intercept	0.9999999999999999
	Feat 30	(c=4)	weight 2.0:	Num[Exists(Star(on),Nominal(a))]
Score 1.0
Lambda=3.98017e-41
	Intercept	0.9999999999999999
	Feat 30	(c=4)	weight 2.0:	Num[Exists(Star(on),Nominal(a))]
