Considering 36 features
----------
OMS Method
----------

find 2 best features out of 36 features
	Feat 22	(c=3)	weight 1.9:	Bool[Exists(on,Nominal(b))]
	Feat 2372	(c=8)	weight 1.3:	Num[Or(And(holding,Nominal(a)),Exists(Star(on),Nominal(a)))]
Score 0.3548029490636785
find 3 best features out of 36 features
	Feat 22	(c=3)	weight 1.8:	Bool[Exists(on,Nominal(b))]
	Feat 689	(c=7)	weight -0.75:	Num[Or(Forall(on,Or(ontable,Nominal(b))),Nominal(b))]
	Feat 2372	(c=8)	weight 1.1:	Num[Or(And(holding,Nominal(a)),Exists(Star(on),Nominal(a)))]
Score 0.40361753329138816
find 4 best features out of 36 features
	Feat 22	(c=3)	weight 1.6:	Bool[Exists(on,Nominal(b))]
	Feat 689	(c=7)	weight -0.73:	Num[Or(Forall(on,Or(ontable,Nominal(b))),Nominal(b))]
	Feat 2372	(c=8)	weight 1.1:	Num[Or(And(holding,Nominal(a)),Exists(Star(on),Nominal(a)))]
	Feat 3890	(c=7)	weight -3.5:	Bool[And(clear,Nominal(b))] Bool[And(holding,Nominal(a))]
Score 0.42351709710203533
find 5 best features out of 36 features
	Feat 22	(c=3)	weight 1.4:	Bool[Exists(on,Nominal(b))]
	Feat 569	(c=7)	weight -0.32:	Num[Exists(Star(on),And(Not(Nominal(b)),ontable))]
	Feat 689	(c=7)	weight -0.74:	Num[Or(Forall(on,Or(ontable,Nominal(b))),Nominal(b))]
	Feat 2372	(c=8)	weight 1.2:	Num[Or(And(holding,Nominal(a)),Exists(Star(on),Nominal(a)))]
	Feat 3890	(c=7)	weight -3.6:	Bool[And(clear,Nominal(b))] Bool[And(holding,Nominal(a))]
Score 0.43992469001639134
find 6 best features out of 36 features
	Feat 22	(c=3)	weight 1.5:	Bool[Exists(on,Nominal(b))]
	Feat 569	(c=7)	weight -0.3:	Num[Exists(Star(on),And(Not(Nominal(b)),ontable))]
	Feat 689	(c=7)	weight -0.74:	Num[Or(Forall(on,Or(ontable,Nominal(b))),Nominal(b))]
	Feat 2372	(c=8)	weight 1.2:	Num[Or(And(holding,Nominal(a)),Exists(Star(on),Nominal(a)))]
	Feat 3156	(c=7)	weight -0.19:	Atom[handempty] Num[Forall(on,Exists(on,ontable))]
	Feat 3890	(c=7)	weight -4.0:	Bool[And(clear,Nominal(b))] Bool[And(holding,Nominal(a))]
Score 0.4491951946910423
