Lasso Method
----------

[[0. 3. 3.]]
Lambda=2.667700858822081
Score 1.1102230246251565e-16
Lambda=1.642898801564881
	Feat 30	(c=4)	weight 0.69155767089265:	Num[Exists(Star(on),Nominal(a))]
Score -0.11094088446559014
Lambda=1.0117762879062508
	Feat 30	(c=4)	weight 1.1174522253609:	Num[Exists(Star(on),Nominal(a))]
Score -0.2916036485652145
Lambda=0.6231006169060893
	Feat 30	(c=4)	weight 1.3797386248329:	Num[Exists(Star(on),Nominal(a))]
Score -0.4454715774007205
Lambda=0.3837354002357526
	Feat 30	(c=4)	weight 1.5412672347347:	Num[Exists(Star(on),Nominal(a))]
Score -0.5563904148735077
Lambda=0.23632275975789385
	Feat 1	(c=1)	weight 0.18000630908175:	Bool[holding]
	Feat 30	(c=4)	weight 1.6482445620399:	Num[Exists(Star(on),Nominal(a))]
Score -0.6830895449508945
Lambda=0.14553894883108526
	Feat 1	(c=1)	weight 0.38952769826628:	Bool[holding]
	Feat 30	(c=4)	weight 1.7182373696097:	Num[Exists(Star(on),Nominal(a))]
Score -0.7988311680153541
Lambda=0.08962990127805381
	Feat 1	(c=1)	weight 0.5178839395394:	Bool[holding]
	Feat 21	(c=4)	weight 0.0053650358204521:	Bool[And(Forall(on,<empty>),Nominal(a))]
	Feat 30	(c=4)	weight 1.7611588478733:	Num[Exists(Star(on),Nominal(a))]
Score -0.8757304378045454
Lambda=0.05519841436011399
	Feat 1	(c=1)	weight 0.59024639838102:	Bool[holding]
	Feat 21	(c=4)	weight 0.060503134261816:	Bool[And(Forall(on,<empty>),Nominal(a))]
	Feat 30	(c=4)	weight 1.785813428593:	Num[Exists(Star(on),Nominal(a))]
Score -0.9360325581949072
Lambda=0.03399384473735746
	Feat 1	(c=1)	weight 0.63481567460063:	Bool[holding]
	Feat 21	(c=4)	weight 0.094456026488077:	Bool[And(Forall(on,<empty>),Nominal(a))]
	Feat 30	(c=4)	weight 1.8009972259161:	Num[Exists(Star(on),Nominal(a))]
Score -0.9741666933565098
Lambda=0.020935048468757846
	Feat 1	(c=1)	weight 0.6622635842427:	Bool[holding]
	Feat 21	(c=4)	weight 0.11536585396856:	Bool[And(Forall(on,<empty>),Nominal(a))]
	Feat 30	(c=4)	weight 1.8103481403735:	Num[Exists(Star(on),Nominal(a))]
Score -0.9980294639920939
Lambda=0.012892812148065074
	Feat 1	(c=1)	weight 0.67919085510803:	Bool[holding]
	Feat 21	(c=4)	weight 0.12822523638513:	Bool[And(Forall(on,<empty>),Nominal(a))]
	Feat 30	(c=4)	weight 1.8161083824251:	Num[Exists(Star(on),Nominal(a))]
Score -1.0128722586818935
Lambda=0.007940015296996209
	Feat 1	(c=1)	weight 0.68959201411367:	Bool[holding]
	Feat 21	(c=4)	weight 0.1361625207236:	Bool[And(Forall(on,<empty>),Nominal(a))]
	Feat 30	(c=4)	weight 1.8196543225201:	Num[Exists(Star(on),Nominal(a))]
Score -1.0220639370553681
Lambda=0.004889844216492
	Feat 1	(c=1)	weight 0.69599749506469:	Bool[holding]
	Feat 21	(c=4)	weight 0.14105072374026:	Bool[And(Forall(on,<empty>),Nominal(a))]
	Feat 30	(c=4)	weight 1.8218380799486:	Num[Exists(Star(on),Nominal(a))]
Score -1.0277452194210475
Lambda=0.003011401813118154
	Feat 1	(c=1)	weight 0.69994229892561:	Bool[holding]
	Feat 21	(c=4)	weight 0.14406111491621:	Bool[And(Forall(on,<empty>),Nominal(a))]
	Feat 30	(c=4)	weight 1.8231829430466:	Num[Exists(Star(on),Nominal(a))]
Score -1.0312518445397645
