----------
OMS Method
----------

find 2 best features out of 8 features
Feat 1	(c=1)	weight 0.73:	Bool[holding]
Feat 30	(c=4)	weight 1.8:	Num[Exists(Star(on),Nominal(a))]
Score 0.9835825553906626
Score 0.9835825553906626
find 3 best features out of 8 features
Feat 1	(c=1)	weight 0.62:	Bool[holding]
Feat 22	(c=4)	weight -0.81:	Num[Not(And(holding,Nominal(a)))]
Feat 30	(c=4)	weight 1.9:	Num[Exists(Star(on),Nominal(a))]
Score 0.9881281492927624
Score 0.9881281492927624
find 4 best features out of 8 features
Feat 1	(c=1)	weight 0.62:	Bool[holding]
Feat 8	(c=3)	weight 0.031:	Bool[And(ontable,Nominal(a))]
Feat 22	(c=4)	weight -0.82:	Num[Not(And(holding,Nominal(a)))]
Feat 30	(c=4)	weight 1.9:	Num[Exists(Star(on),Nominal(a))]
Score 0.9881561059646283
Score 0.9881561059646283
