Considering 13 features
----------
omp Method
----------

find 1 best features out of 13 features
asasas [12]
	Feat 30	(c=4)	weight 2.0:	Num[Exists(Star(on),Nominal(a))]
Score 0.9776435742444824
find 2 best features out of 13 features
asasas [ 0 12]
	Feat 1	(c=1)	weight 1.0:	Bool[holding]
	Feat 30	(c=4)	weight 2.0:	Num[Exists(Star(on),Nominal(a))]
Score 0.9999993822993157
find 3 best features out of 13 features
asasas [ 0  8 12]
	Feat 1	(c=1)	weight 1.0:	Bool[holding]
	Feat 20	(c=4)	weight 0.014:	Bool[And(Not(holding),Nominal(a))]
	Feat 30	(c=4)	weight 2.0:	Num[Exists(Star(on),Nominal(a))]
Score 0.9999986092390769
find 4 best features out of 13 features
asasas [ 0  6  8 12]
	Feat 1	(c=1)	weight 1.0:	Bool[holding]
	Feat 13	(c=3)	weight 0.0037:	Num[Exists(on,ontable)]
	Feat 20	(c=4)	weight 0.013:	Bool[And(Not(holding),Nominal(a))]
	Feat 30	(c=4)	weight 2.0:	Num[Exists(Star(on),Nominal(a))]
Score 0.9999981428234911
find 5 best features out of 13 features
asasas [ 0  1  6  8 12]
	Feat 1	(c=1)	weight 1.0:	Bool[holding]
	Feat 2	(c=1)	weight -0.0011:	Num[ontable]
	Feat 13	(c=3)	weight 0.0043:	Num[Exists(on,ontable)]
	Feat 20	(c=4)	weight 0.013:	Bool[And(Not(holding),Nominal(a))]
	Feat 30	(c=4)	weight 2.0:	Num[Exists(Star(on),Nominal(a))]
Score 0.9999980760316005
find 6 best features out of 13 features
asasas [ 0  1  6  7  8 12]
	Feat 1	(c=1)	weight 1.0:	Bool[holding]
	Feat 2	(c=1)	weight -0.0011:	Num[ontable]
	Feat 13	(c=3)	weight 0.0045:	Num[Exists(on,ontable)]
	Feat 14	(c=4)	weight -0.0019:	Bool[And(Not(clear),Nominal(a))]
	Feat 20	(c=4)	weight 0.012:	Bool[And(Not(holding),Nominal(a))]
	Feat 30	(c=4)	weight 2.0:	Num[Exists(Star(on),Nominal(a))]
Score 0.9999980387833654
find 7 best features out of 13 features
asasas [ 0  1  5  6  7  8 12]
	Feat 1	(c=1)	weight 1.0:	Bool[holding]
	Feat 2	(c=1)	weight -0.001:	Num[ontable]
	Feat 8	(c=3)	weight -0.00046:	Bool[And(ontable,Nominal(a))]
	Feat 13	(c=3)	weight 0.0046:	Num[Exists(on,ontable)]
	Feat 14	(c=4)	weight -0.002:	Bool[And(Not(clear),Nominal(a))]
	Feat 20	(c=4)	weight 0.012:	Bool[And(Not(holding),Nominal(a))]
	Feat 30	(c=4)	weight 2.0:	Num[Exists(Star(on),Nominal(a))]
Score 0.9999980353652601
find 8 best features out of 13 features
asasas [ 0  1  5  6  7  8 12]
	Feat 1	(c=1)	weight 1.0:	Bool[holding]
	Feat 2	(c=1)	weight -0.001:	Num[ontable]
	Feat 8	(c=3)	weight -0.00046:	Bool[And(ontable,Nominal(a))]
	Feat 13	(c=3)	weight 0.0046:	Num[Exists(on,ontable)]
	Feat 14	(c=4)	weight -0.002:	Bool[And(Not(clear),Nominal(a))]
	Feat 20	(c=4)	weight 0.012:	Bool[And(Not(holding),Nominal(a))]
	Feat 30	(c=4)	weight 2.0:	Num[Exists(Star(on),Nominal(a))]
Score 0.9999980353652601
find 9 best features out of 13 features
asasas [ 0  1  5  6  7  8 12]
	Feat 1	(c=1)	weight 1.0:	Bool[holding]
	Feat 2	(c=1)	weight -0.001:	Num[ontable]
	Feat 8	(c=3)	weight -0.00046:	Bool[And(ontable,Nominal(a))]
	Feat 13	(c=3)	weight 0.0046:	Num[Exists(on,ontable)]
	Feat 14	(c=4)	weight -0.002:	Bool[And(Not(clear),Nominal(a))]
	Feat 20	(c=4)	weight 0.012:	Bool[And(Not(holding),Nominal(a))]
	Feat 30	(c=4)	weight 2.0:	Num[Exists(Star(on),Nominal(a))]
Score 0.9999980353652601
