Considering 19 features
----------
omp Method
----------

find 1 best features out of 19 features
asasas [18]
	Feat 30	(c=4)	weight 2.0:	Num[Exists(Star(on),Nominal(a))]
Score 0.9776440123740667
find 2 best features out of 19 features
asasas [ 0 18]
	Feat 1	(c=1)	weight 1.0:	Bool[holding]
	Feat 30	(c=4)	weight 2.0:	Num[Exists(Star(on),Nominal(a))]
Score 0.9999998562584548
find 3 best features out of 19 features
asasas [ 0  1 18]
	Feat 1	(c=1)	weight 1.0:	Bool[holding]
	Feat 2	(c=1)	weight 0.0022:	Num[ontable]
	Feat 30	(c=4)	weight 2.0:	Num[Exists(Star(on),Nominal(a))]
Score 0.999999522705196
find 4 best features out of 19 features
asasas [ 0  1 17 18]
	Feat 1	(c=1)	weight 1.0:	Bool[holding]
	Feat 2	(c=1)	weight 0.0026:	Num[ontable]
	Feat 28	(c=4)	weight 0.0025:	Bool[Exists(Inverse(on),Nominal(a))]
	Feat 30	(c=4)	weight 2.0:	Num[Exists(Star(on),Nominal(a))]
Score 0.9999994073341111
find 5 best features out of 19 features
asasas [ 0  1  9 17 18]
	Feat 1	(c=1)	weight 1.0:	Bool[holding]
	Feat 2	(c=1)	weight 0.0026:	Num[ontable]
	Feat 14	(c=4)	weight 0.0011:	Bool[And(Not(clear),Nominal(a))]
	Feat 28	(c=4)	weight 0.0025:	Bool[Exists(Inverse(on),Nominal(a))]
	Feat 30	(c=4)	weight 2.0:	Num[Exists(Star(on),Nominal(a))]
Score 0.9999993931241595
find 6 best features out of 19 features
asasas [ 0  1  8  9 17 18]
	Feat 1	(c=1)	weight 1.0:	Bool[holding]
	Feat 2	(c=1)	weight 0.0028:	Num[ontable]
	Feat 13	(c=3)	weight -0.00057:	Num[Exists(on,ontable)]
	Feat 14	(c=4)	weight 0.0012:	Bool[And(Not(clear),Nominal(a))]
	Feat 28	(c=4)	weight 0.0025:	Bool[Exists(Inverse(on),Nominal(a))]
	Feat 30	(c=4)	weight 2.0:	Num[Exists(Star(on),Nominal(a))]
Score 0.9999993839461448
find 7 best features out of 19 features
asasas [ 0  1  8  9 12 17 18]
	Feat 1	(c=1)	weight 1.0:	Bool[holding]
	Feat 2	(c=1)	weight 0.0027:	Num[ontable]
	Feat 13	(c=3)	weight -0.00062:	Num[Exists(on,ontable)]
	Feat 14	(c=4)	weight 0.0015:	Bool[And(Not(clear),Nominal(a))]
	Feat 20	(c=4)	weight 0.0011:	Bool[And(Not(holding),Nominal(a))]
	Feat 28	(c=4)	weight 0.0023:	Bool[Exists(Inverse(on),Nominal(a))]
	Feat 30	(c=4)	weight 2.0:	Num[Exists(Star(on),Nominal(a))]
Score 0.9999993803038337
find 8 best features out of 19 features
asasas [ 0  1  8  9 12 17 18]
	Feat 1	(c=1)	weight 1.0:	Bool[holding]
	Feat 2	(c=1)	weight 0.0027:	Num[ontable]
	Feat 13	(c=3)	weight -0.00062:	Num[Exists(on,ontable)]
	Feat 14	(c=4)	weight 0.0015:	Bool[And(Not(clear),Nominal(a))]
	Feat 20	(c=4)	weight 0.0011:	Bool[And(Not(holding),Nominal(a))]
	Feat 28	(c=4)	weight 0.0023:	Bool[Exists(Inverse(on),Nominal(a))]
	Feat 30	(c=4)	weight 2.0:	Num[Exists(Star(on),Nominal(a))]
Score 0.9999993803038337
find 9 best features out of 19 features
asasas [ 0  1  8  9 12 17 18]
	Feat 1	(c=1)	weight 1.0:	Bool[holding]
	Feat 2	(c=1)	weight 0.0027:	Num[ontable]
	Feat 13	(c=3)	weight -0.00062:	Num[Exists(on,ontable)]
	Feat 14	(c=4)	weight 0.0015:	Bool[And(Not(clear),Nominal(a))]
	Feat 20	(c=4)	weight 0.0011:	Bool[And(Not(holding),Nominal(a))]
	Feat 28	(c=4)	weight 0.0023:	Bool[Exists(Inverse(on),Nominal(a))]
	Feat 30	(c=4)	weight 2.0:	Num[Exists(Star(on),Nominal(a))]
Score 0.9999993803038337
