Considering 21 features
----------
omp Method
----------

find 1 best features out of 21 features
asasas [20]
	Feat 30	(c=4)	weight 2.0:	Num[Exists(Star(on),Nominal(a))]
Score 0.9776439367550487
find 2 best features out of 21 features
asasas [ 0 20]
	Feat 1	(c=1)	weight 1.0:	Bool[holding]
	Feat 30	(c=4)	weight 2.0:	Num[Exists(Star(on),Nominal(a))]
Score 0.9999998107074168
find 3 best features out of 21 features
asasas [ 0 12 20]
	Feat 1	(c=1)	weight 1.0:	Bool[holding]
	Feat 20	(c=4)	weight 0.0054:	Bool[And(Not(holding),Nominal(a))]
	Feat 30	(c=4)	weight 2.0:	Num[Exists(Star(on),Nominal(a))]
Score 0.9999996904478062
find 4 best features out of 21 features
asasas [ 0  6 12 20]
	Feat 1	(c=1)	weight 1.0:	Bool[holding]
	Feat 8	(c=3)	weight -0.0014:	Bool[And(ontable,Nominal(a))]
	Feat 20	(c=4)	weight 0.0058:	Bool[And(Not(holding),Nominal(a))]
	Feat 30	(c=4)	weight 2.0:	Num[Exists(Star(on),Nominal(a))]
Score 0.9999996540838239
find 5 best features out of 21 features
asasas [ 0  6 12 15 20]
	Feat 1	(c=1)	weight 1.0:	Bool[holding]
	Feat 8	(c=3)	weight -0.0014:	Bool[And(ontable,Nominal(a))]
	Feat 20	(c=4)	weight 0.0046:	Bool[And(Not(holding),Nominal(a))]
	Feat 23	(c=4)	weight -0.0019:	Num[Not(And(clear,Nominal(a)))]
	Feat 30	(c=4)	weight 2.0:	Num[Exists(Star(on),Nominal(a))]
Score 0.9999996168279145
find 6 best features out of 21 features
asasas [ 0  1  6 12 15 20]
	Feat 1	(c=1)	weight 1.0:	Bool[holding]
	Feat 2	(c=1)	weight 0.00062:	Num[ontable]
	Feat 8	(c=3)	weight -0.0019:	Bool[And(ontable,Nominal(a))]
	Feat 20	(c=4)	weight 0.0044:	Bool[And(Not(holding),Nominal(a))]
	Feat 23	(c=4)	weight -0.002:	Num[Not(And(clear,Nominal(a)))]
	Feat 30	(c=4)	weight 2.0:	Num[Exists(Star(on),Nominal(a))]
Score 0.9999995940799232
find 7 best features out of 21 features
asasas [ 0  1  6  8 12 15 20]
	Feat 1	(c=1)	weight 1.0:	Bool[holding]
	Feat 2	(c=1)	weight 0.0006:	Num[ontable]
	Feat 8	(c=3)	weight -0.0019:	Bool[And(ontable,Nominal(a))]
	Feat 13	(c=3)	weight 8e-05:	Num[Exists(on,ontable)]
	Feat 20	(c=4)	weight 0.0044:	Bool[And(Not(holding),Nominal(a))]
	Feat 23	(c=4)	weight -0.002:	Num[Not(And(clear,Nominal(a)))]
	Feat 30	(c=4)	weight 2.0:	Num[Exists(Star(on),Nominal(a))]
Score 0.9999995939056354
find 8 best features out of 21 features
asasas [ 0  1  6  8 12 15 20]
	Feat 1	(c=1)	weight 1.0:	Bool[holding]
	Feat 2	(c=1)	weight 0.0006:	Num[ontable]
	Feat 8	(c=3)	weight -0.0019:	Bool[And(ontable,Nominal(a))]
	Feat 13	(c=3)	weight 8e-05:	Num[Exists(on,ontable)]
	Feat 20	(c=4)	weight 0.0044:	Bool[And(Not(holding),Nominal(a))]
	Feat 23	(c=4)	weight -0.002:	Num[Not(And(clear,Nominal(a)))]
	Feat 30	(c=4)	weight 2.0:	Num[Exists(Star(on),Nominal(a))]
Score 0.9999995939056354
find 9 best features out of 21 features
asasas [ 0  1  6  8 12 15 20]
	Feat 1	(c=1)	weight 1.0:	Bool[holding]
	Feat 2	(c=1)	weight 0.0006:	Num[ontable]
	Feat 8	(c=3)	weight -0.0019:	Bool[And(ontable,Nominal(a))]
	Feat 13	(c=3)	weight 8e-05:	Num[Exists(on,ontable)]
	Feat 20	(c=4)	weight 0.0044:	Bool[And(Not(holding),Nominal(a))]
	Feat 23	(c=4)	weight -0.002:	Num[Not(And(clear,Nominal(a)))]
	Feat 30	(c=4)	weight 2.0:	Num[Exists(Star(on),Nominal(a))]
Score 0.9999995939056354
