Considering 23 features
----------
omp Method
----------

find 1 best features out of 23 features
asasas [22]
	Feat 30	(c=4)	weight 2.0:	Num[Exists(Star(on),Nominal(a))]
Score 0.9776436896894413
find 2 best features out of 23 features
asasas [ 0 22]
	Feat 1	(c=1)	weight 1.0:	Bool[holding]
	Feat 30	(c=4)	weight 2.0:	Num[Exists(Star(on),Nominal(a))]
Score 0.9999996005169581
find 3 best features out of 23 features
asasas [ 0 17 22]
	Feat 1	(c=1)	weight 1.0:	Bool[holding]
	Feat 24	(c=4)	weight 0.00077:	Num[Not(And(clear,ontable))]
	Feat 30	(c=4)	weight 2.0:	Num[Exists(Star(on),Nominal(a))]
Score 0.9999995607240132
find 4 best features out of 23 features
asasas [ 0 13 17 22]
	Feat 1	(c=1)	weight 1.0:	Bool[holding]
	Feat 20	(c=4)	weight 0.0028:	Bool[And(Not(holding),Nominal(a))]
	Feat 24	(c=4)	weight 0.0008:	Num[Not(And(clear,ontable))]
	Feat 30	(c=4)	weight 2.0:	Num[Exists(Star(on),Nominal(a))]
Score 0.999999528166024
find 5 best features out of 23 features
asasas [ 0 13 16 17 22]
	Feat 1	(c=1)	weight 1.0:	Bool[holding]
	Feat 20	(c=4)	weight 0.0024:	Bool[And(Not(holding),Nominal(a))]
	Feat 23	(c=4)	weight -0.00059:	Num[Not(And(clear,Nominal(a)))]
	Feat 24	(c=4)	weight 0.00082:	Num[Not(And(clear,ontable))]
	Feat 30	(c=4)	weight 2.0:	Num[Exists(Star(on),Nominal(a))]
Score 0.9999995245635468
find 6 best features out of 23 features
asasas [ 0  9 13 16 17 22]
	Feat 1	(c=1)	weight 1.0:	Bool[holding]
	Feat 13	(c=3)	weight 0.00025:	Num[Exists(on,ontable)]
	Feat 20	(c=4)	weight 0.0023:	Bool[And(Not(holding),Nominal(a))]
	Feat 23	(c=4)	weight -0.00066:	Num[Not(And(clear,Nominal(a)))]
	Feat 24	(c=4)	weight 0.00076:	Num[Not(And(clear,ontable))]
	Feat 30	(c=4)	weight 2.0:	Num[Exists(Star(on),Nominal(a))]
Score 0.9999995227790033
find 7 best features out of 23 features
asasas [ 0  6  9 13 16 17 22]
	Feat 1	(c=1)	weight 1.0:	Bool[holding]
	Feat 8	(c=3)	weight -0.00018:	Bool[And(ontable,Nominal(a))]
	Feat 13	(c=3)	weight 0.00029:	Num[Exists(on,ontable)]
	Feat 20	(c=4)	weight 0.0023:	Bool[And(Not(holding),Nominal(a))]
	Feat 23	(c=4)	weight -0.00068:	Num[Not(And(clear,Nominal(a)))]
	Feat 24	(c=4)	weight 0.00073:	Num[Not(And(clear,ontable))]
	Feat 30	(c=4)	weight 2.0:	Num[Exists(Star(on),Nominal(a))]
Score 0.9999995222296326
find 8 best features out of 23 features
asasas [ 0  6  9 13 16 17 22]
	Feat 1	(c=1)	weight 1.0:	Bool[holding]
	Feat 8	(c=3)	weight -0.00018:	Bool[And(ontable,Nominal(a))]
	Feat 13	(c=3)	weight 0.00029:	Num[Exists(on,ontable)]
	Feat 20	(c=4)	weight 0.0023:	Bool[And(Not(holding),Nominal(a))]
	Feat 23	(c=4)	weight -0.00068:	Num[Not(And(clear,Nominal(a)))]
	Feat 24	(c=4)	weight 0.00073:	Num[Not(And(clear,ontable))]
	Feat 30	(c=4)	weight 2.0:	Num[Exists(Star(on),Nominal(a))]
Score 0.9999995222296326
find 9 best features out of 23 features
asasas [ 0  6  9 13 16 17 22]
	Feat 1	(c=1)	weight 1.0:	Bool[holding]
	Feat 8	(c=3)	weight -0.00018:	Bool[And(ontable,Nominal(a))]
	Feat 13	(c=3)	weight 0.00029:	Num[Exists(on,ontable)]
	Feat 20	(c=4)	weight 0.0023:	Bool[And(Not(holding),Nominal(a))]
	Feat 23	(c=4)	weight -0.00068:	Num[Not(And(clear,Nominal(a)))]
	Feat 24	(c=4)	weight 0.00073:	Num[Not(And(clear,ontable))]
	Feat 30	(c=4)	weight 2.0:	Num[Exists(Star(on),Nominal(a))]
Score 0.9999995222296326
