Considering 25 features
----------
omp Method
----------

find 1 best features out of 25 features
asasas [23]
	Feat 30	(c=4)	weight 2.0:	Num[Exists(Star(on),Nominal(a))]
Score 0.9776439097917009
find 2 best features out of 25 features
asasas [ 0 23]
	Feat 1	(c=1)	weight 1.0:	Bool[holding]
	Feat 30	(c=4)	weight 2.0:	Num[Exists(Star(on),Nominal(a))]
Score 0.9999997463447695
find 3 best features out of 25 features
asasas [ 0 16 23]
	Feat 1	(c=1)	weight 1.0:	Bool[holding]
	Feat 22	(c=4)	weight -0.0086:	Num[Not(And(holding,Nominal(a)))]
	Feat 30	(c=4)	weight 2.0:	Num[Exists(Star(on),Nominal(a))]
Score 0.9999994395390607
find 4 best features out of 25 features
asasas [ 0  7 16 23]
	Feat 1	(c=1)	weight 1.0:	Bool[holding]
	Feat 9	(c=3)	weight -0.0032:	Bool[And(clear,Nominal(a))]
	Feat 22	(c=4)	weight -0.0065:	Num[Not(And(holding,Nominal(a)))]
	Feat 30	(c=4)	weight 2.0:	Num[Exists(Star(on),Nominal(a))]
Score 0.9999993313850869
find 5 best features out of 25 features
asasas [ 0  6  7 16 23]
	Feat 1	(c=1)	weight 1.0:	Bool[holding]
	Feat 8	(c=3)	weight 0.0014:	Bool[And(ontable,Nominal(a))]
	Feat 9	(c=3)	weight -0.0033:	Bool[And(clear,Nominal(a))]
	Feat 22	(c=4)	weight -0.0068:	Num[Not(And(holding,Nominal(a)))]
	Feat 30	(c=4)	weight 2.0:	Num[Exists(Star(on),Nominal(a))]
Score 0.9999992965686111
find 6 best features out of 25 features
asasas [ 0  6  7 10 16 23]
	Feat 1	(c=1)	weight 1.0:	Bool[holding]
	Feat 8	(c=3)	weight 0.0015:	Bool[And(ontable,Nominal(a))]
	Feat 9	(c=3)	weight -0.0036:	Bool[And(clear,Nominal(a))]
	Feat 13	(c=3)	weight -0.00073:	Num[Exists(on,ontable)]
	Feat 22	(c=4)	weight -0.0065:	Num[Not(And(holding,Nominal(a)))]
	Feat 30	(c=4)	weight 2.0:	Num[Exists(Star(on),Nominal(a))]
Score 0.9999992800568686
find 7 best features out of 25 features
asasas [ 0  6  7 10 16 18 23]
	Feat 1	(c=1)	weight 1.0:	Bool[holding]
	Feat 8	(c=3)	weight 0.0015:	Bool[And(ontable,Nominal(a))]
	Feat 9	(c=3)	weight -0.0036:	Bool[And(clear,Nominal(a))]
	Feat 13	(c=3)	weight -0.00066:	Num[Exists(on,ontable)]
	Feat 22	(c=4)	weight -0.0066:	Num[Not(And(holding,Nominal(a)))]
	Feat 24	(c=4)	weight -0.00014:	Num[Not(And(clear,ontable))]
	Feat 30	(c=4)	weight 2.0:	Num[Exists(Star(on),Nominal(a))]
Score 0.9999992790665673
find 8 best features out of 25 features
asasas [ 0  6  7 10 16 18 23]
	Feat 1	(c=1)	weight 1.0:	Bool[holding]
	Feat 8	(c=3)	weight 0.0015:	Bool[And(ontable,Nominal(a))]
	Feat 9	(c=3)	weight -0.0036:	Bool[And(clear,Nominal(a))]
	Feat 13	(c=3)	weight -0.00066:	Num[Exists(on,ontable)]
	Feat 22	(c=4)	weight -0.0066:	Num[Not(And(holding,Nominal(a)))]
	Feat 24	(c=4)	weight -0.00014:	Num[Not(And(clear,ontable))]
	Feat 30	(c=4)	weight 2.0:	Num[Exists(Star(on),Nominal(a))]
Score 0.9999992790665673
find 9 best features out of 25 features
asasas [ 0  6  7 10 16 18 23]
	Feat 1	(c=1)	weight 1.0:	Bool[holding]
	Feat 8	(c=3)	weight 0.0015:	Bool[And(ontable,Nominal(a))]
	Feat 9	(c=3)	weight -0.0036:	Bool[And(clear,Nominal(a))]
	Feat 13	(c=3)	weight -0.00066:	Num[Exists(on,ontable)]
	Feat 22	(c=4)	weight -0.0066:	Num[Not(And(holding,Nominal(a)))]
	Feat 24	(c=4)	weight -0.00014:	Num[Not(And(clear,ontable))]
	Feat 30	(c=4)	weight 2.0:	Num[Exists(Star(on),Nominal(a))]
Score 0.9999992790665673
