Considering 31 features
----------
omp Method
----------

find 1 best features out of 31 features
asasas [29]
	Feat 30	(c=4)	weight 2.0:	Num[Exists(Star(on),Nominal(a))]
Score 0.9776440492565074
find 2 best features out of 31 features
asasas [ 0 29]
	Feat 0	(c=1)	weight -1.0:	Atom[handempty]
	Feat 30	(c=4)	weight 2.0:	Num[Exists(Star(on),Nominal(a))]
Score 0.9999997573153916
find 3 best features out of 31 features
asasas [ 0 23 29]
	Feat 0	(c=1)	weight -1.0:	Atom[handempty]
	Feat 24	(c=4)	weight 0.0015:	Num[Not(And(clear,ontable))]
	Feat 30	(c=4)	weight 2.0:	Num[Exists(Star(on),Nominal(a))]
Score 0.9999996149851048
find 4 best features out of 31 features
asasas [ 0 21 23 29]
	Feat 0	(c=1)	weight -1.0:	Atom[handempty]
	Feat 22	(c=4)	weight -0.0039:	Num[Not(And(holding,Nominal(a)))]
	Feat 24	(c=4)	weight 0.0014:	Num[Not(And(clear,ontable))]
	Feat 30	(c=4)	weight 2.0:	Num[Exists(Star(on),Nominal(a))]
Score 0.999999550398604
find 5 best features out of 31 features
asasas [ 0 21 23 25 29]
	Feat 0	(c=1)	weight -1.0:	Atom[handempty]
	Feat 22	(c=4)	weight -0.004:	Num[Not(And(holding,Nominal(a)))]
	Feat 24	(c=4)	weight 0.0013:	Num[Not(And(clear,ontable))]
	Feat 26	(c=4)	weight -0.00043:	Num[Forall(on,Exists(on,<universe>))]
	Feat 30	(c=4)	weight 2.0:	Num[Exists(Star(on),Nominal(a))]
Score 0.9999995449077262
find 6 best features out of 31 features
asasas [ 0 21 22 23 25 29]
	Feat 0	(c=1)	weight -1.0:	Atom[handempty]
	Feat 22	(c=4)	weight -0.0045:	Num[Not(And(holding,Nominal(a)))]
	Feat 23	(c=4)	weight -0.00063:	Num[Not(And(clear,Nominal(a)))]
	Feat 24	(c=4)	weight 0.0013:	Num[Not(And(clear,ontable))]
	Feat 26	(c=4)	weight -0.00049:	Num[Forall(on,Exists(on,<universe>))]
	Feat 30	(c=4)	weight 2.0:	Num[Exists(Star(on),Nominal(a))]
Score 0.9999995408873098
find 7 best features out of 31 features
asasas [ 0 18 21 22 23 25 29]
	Feat 0	(c=1)	weight -1.0:	Atom[handempty]
	Feat 19	(c=4)	weight 0.00026:	Num[Not(And(ontable,Nominal(a)))]
	Feat 22	(c=4)	weight -0.0044:	Num[Not(And(holding,Nominal(a)))]
	Feat 23	(c=4)	weight -0.00066:	Num[Not(And(clear,Nominal(a)))]
	Feat 24	(c=4)	weight 0.0013:	Num[Not(And(clear,ontable))]
	Feat 26	(c=4)	weight -0.00055:	Num[Forall(on,Exists(on,<universe>))]
	Feat 30	(c=4)	weight 2.0:	Num[Exists(Star(on),Nominal(a))]
Score 0.9999995397964088
find 8 best features out of 31 features
asasas [ 0 18 21 22 23 25 29]
	Feat 0	(c=1)	weight -1.0:	Atom[handempty]
	Feat 19	(c=4)	weight 0.00026:	Num[Not(And(ontable,Nominal(a)))]
	Feat 22	(c=4)	weight -0.0044:	Num[Not(And(holding,Nominal(a)))]
	Feat 23	(c=4)	weight -0.00066:	Num[Not(And(clear,Nominal(a)))]
	Feat 24	(c=4)	weight 0.0013:	Num[Not(And(clear,ontable))]
	Feat 26	(c=4)	weight -0.00055:	Num[Forall(on,Exists(on,<universe>))]
	Feat 30	(c=4)	weight 2.0:	Num[Exists(Star(on),Nominal(a))]
Score 0.9999995397964088
find 9 best features out of 31 features
asasas [ 0 18 21 22 23 25 29]
	Feat 0	(c=1)	weight -1.0:	Atom[handempty]
	Feat 19	(c=4)	weight 0.00026:	Num[Not(And(ontable,Nominal(a)))]
	Feat 22	(c=4)	weight -0.0044:	Num[Not(And(holding,Nominal(a)))]
	Feat 23	(c=4)	weight -0.00066:	Num[Not(And(clear,Nominal(a)))]
	Feat 24	(c=4)	weight 0.0013:	Num[Not(And(clear,ontable))]
	Feat 26	(c=4)	weight -0.00055:	Num[Forall(on,Exists(on,<universe>))]
	Feat 30	(c=4)	weight 2.0:	Num[Exists(Star(on),Nominal(a))]
Score 0.9999995397964088
