Considering 7 features
----------
omp Method
----------

find 1 best features out of 7 features
asasas [6]
	Feat 30	(c=4)	weight 2.0:	Num[Exists(Star(on),Nominal(a))]
Score 0.9776437332869441
find 2 best features out of 7 features
asasas [0 6]
	Feat 1	(c=1)	weight 1.0:	Bool[holding]
	Feat 30	(c=4)	weight 2.0:	Num[Exists(Star(on),Nominal(a))]
Score 0.9999996383902059
find 3 best features out of 7 features
asasas [0 4 6]
	Feat 1	(c=1)	weight 1.0:	Bool[holding]
	Feat 8	(c=3)	weight 0.0026:	Bool[And(ontable,Nominal(a))]
	Feat 30	(c=4)	weight 2.0:	Num[Exists(Star(on),Nominal(a))]
Score 0.9999995111330331
find 4 best features out of 7 features
asasas [0 2 4 6]
	Feat 1	(c=1)	weight 1.0:	Bool[holding]
	Feat 4	(c=2)	weight -0.0011:	Num[Forall(on,<empty>)]
	Feat 8	(c=3)	weight 0.0033:	Bool[And(ontable,Nominal(a))]
	Feat 30	(c=4)	weight 2.0:	Num[Exists(Star(on),Nominal(a))]
Score 0.9999994315598517
find 5 best features out of 7 features
asasas [0 2 4 5 6]
	Feat 1	(c=1)	weight 1.0:	Bool[holding]
	Feat 4	(c=2)	weight -0.0012:	Num[Forall(on,<empty>)]
	Feat 8	(c=3)	weight 0.0036:	Bool[And(ontable,Nominal(a))]
	Feat 21	(c=4)	weight -0.00028:	Bool[And(Forall(on,<empty>),Nominal(a))]
	Feat 30	(c=4)	weight 2.0:	Num[Exists(Star(on),Nominal(a))]
Score 0.9999994312315877
find 6 best features out of 7 features
asasas [0 2 4 5 6]
	Feat 1	(c=1)	weight 1.0:	Bool[holding]
	Feat 4	(c=2)	weight -0.0012:	Num[Forall(on,<empty>)]
	Feat 8	(c=3)	weight 0.0036:	Bool[And(ontable,Nominal(a))]
	Feat 21	(c=4)	weight -0.00028:	Bool[And(Forall(on,<empty>),Nominal(a))]
	Feat 30	(c=4)	weight 2.0:	Num[Exists(Star(on),Nominal(a))]
Score 0.9999994312315877
find 7 best features out of 7 features
asasas [0 2 4 5 6]
	Feat 1	(c=1)	weight 1.0:	Bool[holding]
	Feat 4	(c=2)	weight -0.0012:	Num[Forall(on,<empty>)]
	Feat 8	(c=3)	weight 0.0036:	Bool[And(ontable,Nominal(a))]
	Feat 21	(c=4)	weight -0.00028:	Bool[And(Forall(on,<empty>),Nominal(a))]
	Feat 30	(c=4)	weight 2.0:	Num[Exists(Star(on),Nominal(a))]
Score 0.9999994312315877
