Considering 16 features
----------
omp Method
----------

find 1 best features out of 16 features
asasas [1]
	Feat 30	(c=4)	weight 1.7:	Num[Exists(Star(on),Nominal(a))]
Score 0.9365304479493745
find 2 best features out of 16 features
asasas [0 1]
	Feat 1	(c=1)	weight 0.67:	Bool[holding]
	Feat 30	(c=4)	weight 1.7:	Num[Exists(Star(on),Nominal(a))]
Score 0.9662616335354843
find 3 best features out of 16 features
asasas [ 0  1 12]
	Feat 1	(c=1)	weight 0.77:	Bool[holding]
	Feat 30	(c=4)	weight 1.7:	Num[Exists(Star(on),Nominal(a))]
	Feat 183	(c=7)	weight 0.23:	Num[And(Exists(on,Not(Nominal(a))),Not(Nominal(a)))]
Score 0.9739820427856353
find 4 best features out of 16 features
asasas [ 0  1 12 13]
	Feat 1	(c=1)	weight 0.87:	Bool[holding]
	Feat 30	(c=4)	weight 1.8:	Num[Exists(Star(on),Nominal(a))]
	Feat 183	(c=7)	weight 0.41:	Num[And(Exists(on,Not(Nominal(a))),Not(Nominal(a)))]
	Feat 187	(c=7)	weight -0.29:	Num[And(Not(And(clear,ontable)),Not(Nominal(a)))]
Score 0.9786860824302289
find 5 best features out of 16 features
asasas [ 0  1  6 12 13]
	Feat 1	(c=1)	weight 0.84:	Bool[holding]
	Feat 30	(c=4)	weight 1.7:	Num[Exists(Star(on),Nominal(a))]
	Feat 108	(c=6)	weight -0.21:	Num[Not(And(Forall(on,ontable),Nominal(a)))]
	Feat 183	(c=7)	weight 0.41:	Num[And(Exists(on,Not(Nominal(a))),Not(Nominal(a)))]
	Feat 187	(c=7)	weight -0.27:	Num[And(Not(And(clear,ontable)),Not(Nominal(a)))]
Score 0.9797025721702166
find 6 best features out of 16 features
asasas [ 0  1  6  8 12 13]
	Feat 1	(c=1)	weight 1.1:	Bool[holding]
	Feat 30	(c=4)	weight 1.7:	Num[Exists(Star(on),Nominal(a))]
	Feat 108	(c=6)	weight -0.16:	Num[Not(And(Forall(on,ontable),Nominal(a)))]
	Feat 119	(c=6)	weight -0.4:	Num[Not(And(Not(holding),Not(Nominal(a))))]
	Feat 183	(c=7)	weight 0.32:	Num[And(Exists(on,Not(Nominal(a))),Not(Nominal(a)))]
	Feat 187	(c=7)	weight -0.21:	Num[And(Not(And(clear,ontable)),Not(Nominal(a)))]
Score 0.9821128151547629
find 7 best features out of 16 features
asasas [ 0  1  3  6  8 12 13]
	Feat 1	(c=1)	weight 1.1:	Bool[holding]
	Feat 30	(c=4)	weight 1.8:	Num[Exists(Star(on),Nominal(a))]
	Feat 63	(c=5)	weight 0.081:	Num[Forall(on,Forall(on,Nominal(a)))]
	Feat 108	(c=6)	weight -0.065:	Num[Not(And(Forall(on,ontable),Nominal(a)))]
	Feat 119	(c=6)	weight -0.42:	Num[Not(And(Not(holding),Not(Nominal(a))))]
	Feat 183	(c=7)	weight 0.35:	Num[And(Exists(on,Not(Nominal(a))),Not(Nominal(a)))]
	Feat 187	(c=7)	weight -0.2:	Num[And(Not(And(clear,ontable)),Not(Nominal(a)))]
Score 0.9822940281536929
find 8 best features out of 16 features
asasas [ 0  1  2  3  6  8 12 13]
	Feat 1	(c=1)	weight 1.2:	Bool[holding]
	Feat 30	(c=4)	weight 1.8:	Num[Exists(Star(on),Nominal(a))]
	Feat 49	(c=5)	weight -0.22:	Num[Forall(Inverse(on),Not(Nominal(a)))]
	Feat 63	(c=5)	weight 0.15:	Num[Forall(on,Forall(on,Nominal(a)))]
	Feat 108	(c=6)	weight -0.13:	Num[Not(And(Forall(on,ontable),Nominal(a)))]
	Feat 119	(c=6)	weight -0.4:	Num[Not(And(Not(holding),Not(Nominal(a))))]
	Feat 183	(c=7)	weight 0.48:	Num[And(Exists(on,Not(Nominal(a))),Not(Nominal(a)))]
	Feat 187	(c=7)	weight -0.27:	Num[And(Not(And(clear,ontable)),Not(Nominal(a)))]
Score 0.9845675954992763
find 9 best features out of 16 features
asasas [ 0  1  2  3  6  7  8 12 13]
	Feat 1	(c=1)	weight 1.1:	Bool[holding]
	Feat 30	(c=4)	weight 1.9:	Num[Exists(Star(on),Nominal(a))]
	Feat 49	(c=5)	weight -0.36:	Num[Forall(Inverse(on),Not(Nominal(a)))]
	Feat 63	(c=5)	weight 0.2:	Num[Forall(on,Forall(on,Nominal(a)))]
	Feat 108	(c=6)	weight -0.022:	Num[Not(And(Forall(on,ontable),Nominal(a)))]
	Feat 118	(c=6)	weight 0.34:	Num[Forall(on,And(Not(ontable),Nominal(a)))]
	Feat 119	(c=6)	weight -0.32:	Num[Not(And(Not(holding),Not(Nominal(a))))]
	Feat 183	(c=7)	weight 0.81:	Num[And(Exists(on,Not(Nominal(a))),Not(Nominal(a)))]
	Feat 187	(c=7)	weight -0.24:	Num[And(Not(And(clear,ontable)),Not(Nominal(a)))]
Score 0.9838368127371695
