Considering 20 features
----------
omp Method
----------

find 1 best features out of 20 features
asasas [19]
	Feat 30	(c=4)	weight 1.9:	Num[Exists(Star(on),Nominal(a))]
Score 0.949628997823555
find 2 best features out of 20 features
asasas [ 4 19]
	Feat 6	(c=2)	weight -0.95:	Num[Not(holding)]
	Feat 30	(c=4)	weight 2.0:	Num[Exists(Star(on),Nominal(a))]
Score 0.9997301616698774
find 3 best features out of 20 features
asasas [ 4 12 19]
	Feat 6	(c=2)	weight -0.92:	Num[Not(holding)]
	Feat 20	(c=4)	weight -0.17:	Bool[And(Not(holding),Nominal(a))]
	Feat 30	(c=4)	weight 2.0:	Num[Exists(Star(on),Nominal(a))]
Score 0.9993541842908612
find 4 best features out of 20 features
asasas [ 4 12 15 19]
	Feat 6	(c=2)	weight -0.92:	Num[Not(holding)]
	Feat 20	(c=4)	weight -0.18:	Bool[And(Not(holding),Nominal(a))]
	Feat 24	(c=4)	weight -0.051:	Num[Not(And(clear,ontable))]
	Feat 30	(c=4)	weight 2.0:	Num[Exists(Star(on),Nominal(a))]
Score 0.9989996956208858
find 5 best features out of 20 features
asasas [ 4  8 12 15 19]
	Feat 6	(c=2)	weight -0.91:	Num[Not(holding)]
	Feat 13	(c=3)	weight -0.05:	Num[Exists(on,ontable)]
	Feat 20	(c=4)	weight -0.17:	Bool[And(Not(holding),Nominal(a))]
	Feat 24	(c=4)	weight -0.037:	Num[Not(And(clear,ontable))]
	Feat 30	(c=4)	weight 2.0:	Num[Exists(Star(on),Nominal(a))]
Score 0.9989230411545782
find 6 best features out of 20 features
asasas [ 4  8  9 12 15 19]
	Feat 6	(c=2)	weight -0.9:	Num[Not(holding)]
	Feat 13	(c=3)	weight -0.067:	Num[Exists(on,ontable)]
	Feat 14	(c=4)	weight 0.1:	Bool[And(Not(clear),Nominal(a))]
	Feat 20	(c=4)	weight -0.088:	Bool[And(Not(holding),Nominal(a))]
	Feat 24	(c=4)	weight -0.035:	Num[Not(And(clear,ontable))]
	Feat 30	(c=4)	weight 2.0:	Num[Exists(Star(on),Nominal(a))]
Score 0.9987451948303394
find 7 best features out of 20 features
asasas [ 4  6  8  9 12 15 19]
	Feat 6	(c=2)	weight -0.89:	Num[Not(holding)]
	Feat 8	(c=3)	weight 0.057:	Bool[And(ontable,Nominal(a))]
	Feat 13	(c=3)	weight -0.092:	Num[Exists(on,ontable)]
	Feat 14	(c=4)	weight 0.12:	Bool[And(Not(clear),Nominal(a))]
	Feat 20	(c=4)	weight -0.094:	Bool[And(Not(holding),Nominal(a))]
	Feat 24	(c=4)	weight -0.016:	Num[Not(And(clear,ontable))]
	Feat 30	(c=4)	weight 2.0:	Num[Exists(Star(on),Nominal(a))]
Score 0.9986370593729934
find 8 best features out of 20 features
asasas [ 4  6  8  9 12 15 19]
	Feat 6	(c=2)	weight -0.89:	Num[Not(holding)]
	Feat 8	(c=3)	weight 0.057:	Bool[And(ontable,Nominal(a))]
	Feat 13	(c=3)	weight -0.092:	Num[Exists(on,ontable)]
	Feat 14	(c=4)	weight 0.12:	Bool[And(Not(clear),Nominal(a))]
	Feat 20	(c=4)	weight -0.094:	Bool[And(Not(holding),Nominal(a))]
	Feat 24	(c=4)	weight -0.016:	Num[Not(And(clear,ontable))]
	Feat 30	(c=4)	weight 2.0:	Num[Exists(Star(on),Nominal(a))]
Score 0.9986370593729934
find 9 best features out of 20 features
asasas [ 4  6  8  9 12 15 19]
	Feat 6	(c=2)	weight -0.89:	Num[Not(holding)]
	Feat 8	(c=3)	weight 0.057:	Bool[And(ontable,Nominal(a))]
	Feat 13	(c=3)	weight -0.092:	Num[Exists(on,ontable)]
	Feat 14	(c=4)	weight 0.12:	Bool[And(Not(clear),Nominal(a))]
	Feat 20	(c=4)	weight -0.094:	Bool[And(Not(holding),Nominal(a))]
	Feat 24	(c=4)	weight -0.016:	Num[Not(And(clear,ontable))]
	Feat 30	(c=4)	weight 2.0:	Num[Exists(Star(on),Nominal(a))]
Score 0.9986370593729934
