Considering 21 features
----------
omp Method
----------

find 1 best features out of 21 features
asasas [1]
	Feat 30	(c=4)	weight 1.7:	Num[Exists(Star(on),Nominal(a))]
Score 0.9368006564170814
find 2 best features out of 21 features
asasas [0 1]
	Feat 1	(c=1)	weight 0.63:	Bool[holding]
	Feat 30	(c=4)	weight 1.7:	Num[Exists(Star(on),Nominal(a))]
Score 0.9663829196092713
find 3 best features out of 21 features
asasas [ 0  1 16]
	Feat 1	(c=1)	weight 0.75:	Bool[holding]
	Feat 30	(c=4)	weight 1.7:	Num[Exists(Star(on),Nominal(a))]
	Feat 183	(c=7)	weight 0.26:	Num[And(Exists(on,Not(Nominal(a))),Not(Nominal(a)))]
Score 0.9737751416008905
find 4 best features out of 21 features
asasas [ 0  1  7 16]
	Feat 1	(c=1)	weight 0.71:	Bool[holding]
	Feat 30	(c=4)	weight 1.7:	Num[Exists(Star(on),Nominal(a))]
	Feat 108	(c=6)	weight -0.29:	Num[Not(And(Forall(on,ontable),Nominal(a)))]
	Feat 183	(c=7)	weight 0.28:	Num[And(Exists(on,Not(Nominal(a))),Not(Nominal(a)))]
Score 0.9751988518868967
find 5 best features out of 21 features
asasas [ 0  1  7  9 16]
	Feat 1	(c=1)	weight 1.2:	Bool[holding]
	Feat 30	(c=4)	weight 1.7:	Num[Exists(Star(on),Nominal(a))]
	Feat 108	(c=6)	weight -0.19:	Num[Not(And(Forall(on,ontable),Nominal(a)))]
	Feat 119	(c=6)	weight -0.63:	Num[Not(And(Not(holding),Not(Nominal(a))))]
	Feat 183	(c=7)	weight 0.2:	Num[And(Exists(on,Not(Nominal(a))),Not(Nominal(a)))]
Score 0.9801206216167644
find 6 best features out of 21 features
asasas [ 0  1  3  7  9 16]
	Feat 1	(c=1)	weight 1.3:	Bool[holding]
	Feat 30	(c=4)	weight 1.8:	Num[Exists(Star(on),Nominal(a))]
	Feat 61	(c=5)	weight 0.22:	Bool[And(Exists(on,ontable),Nominal(a))]
	Feat 108	(c=6)	weight -0.12:	Num[Not(And(Forall(on,ontable),Nominal(a)))]
	Feat 119	(c=6)	weight -0.67:	Num[Not(And(Not(holding),Not(Nominal(a))))]
	Feat 183	(c=7)	weight 0.24:	Num[And(Exists(on,Not(Nominal(a))),Not(Nominal(a)))]
Score 0.9794478740894396
find 7 best features out of 21 features
asasas [ 0  1  3  7  9 14 16]
	Feat 1	(c=1)	weight 1.5:	Bool[holding]
	Feat 30	(c=4)	weight 1.9:	Num[Exists(Star(on),Nominal(a))]
	Feat 61	(c=5)	weight 0.39:	Bool[And(Exists(on,ontable),Nominal(a))]
	Feat 108	(c=6)	weight 0.14:	Num[Not(And(Forall(on,ontable),Nominal(a)))]
	Feat 119	(c=6)	weight -0.69:	Num[Not(And(Not(holding),Not(Nominal(a))))]
	Feat 162	(c=7)	weight 0.22:	Num[And(Forall(Star(on),Not(Nominal(a))),clear)]
	Feat 183	(c=7)	weight 0.35:	Num[And(Exists(on,Not(Nominal(a))),Not(Nominal(a)))]
Score 0.9836917238914525
find 8 best features out of 21 features
asasas [ 0  1  3  6  7  9 14 16]
	Feat 1	(c=1)	weight 1.5:	Bool[holding]
	Feat 30	(c=4)	weight 2.0:	Num[Exists(Star(on),Nominal(a))]
	Feat 61	(c=5)	weight 0.39:	Bool[And(Exists(on,ontable),Nominal(a))]
	Feat 85	(c=6)	weight -0.094:	Num[Forall(on,Exists(on,Exists(on,<universe>)))]
	Feat 108	(c=6)	weight 0.18:	Num[Not(And(Forall(on,ontable),Nominal(a)))]
	Feat 119	(c=6)	weight -0.71:	Num[Not(And(Not(holding),Not(Nominal(a))))]
	Feat 162	(c=7)	weight 0.26:	Num[And(Forall(Star(on),Not(Nominal(a))),clear)]
	Feat 183	(c=7)	weight 0.35:	Num[And(Exists(on,Not(Nominal(a))),Not(Nominal(a)))]
Score 0.9835108312331757
find 9 best features out of 21 features
asasas [ 0  1  3  6  7  9 14 15 16]
	Feat 1	(c=1)	weight 1.7:	Bool[holding]
	Feat 30	(c=4)	weight 2.0:	Num[Exists(Star(on),Nominal(a))]
	Feat 61	(c=5)	weight 0.44:	Bool[And(Exists(on,ontable),Nominal(a))]
	Feat 85	(c=6)	weight -0.15:	Num[Forall(on,Exists(on,Exists(on,<universe>)))]
	Feat 108	(c=6)	weight 0.28:	Num[Not(And(Forall(on,ontable),Nominal(a)))]
	Feat 119	(c=6)	weight -0.86:	Num[Not(And(Not(holding),Not(Nominal(a))))]
	Feat 162	(c=7)	weight 0.26:	Num[And(Forall(Star(on),Not(Nominal(a))),clear)]
	Feat 171	(c=7)	weight 0.21:	Num[Not(And(Not(And(clear,ontable)),Nominal(a)))]
	Feat 183	(c=7)	weight 0.31:	Num[And(Exists(on,Not(Nominal(a))),Not(Nominal(a)))]
Score 0.9826281799579337
