Considering 22 features
----------
omp Method
----------

find 1 best features out of 22 features
asasas [21]
	Feat 30	(c=4)	weight 1.9:	Num[Exists(Star(on),Nominal(a))]
Score 0.9496202057303708
find 2 best features out of 22 features
asasas [ 4 21]
	Feat 6	(c=2)	weight -0.99:	Num[Not(holding)]
	Feat 30	(c=4)	weight 2.0:	Num[Exists(Star(on),Nominal(a))]
Score 0.9998594966322821
find 3 best features out of 22 features
asasas [ 4 14 21]
	Feat 6	(c=2)	weight -0.96:	Num[Not(holding)]
	Feat 21	(c=4)	weight 0.19:	Bool[And(Forall(on,<empty>),Nominal(a))]
	Feat 30	(c=4)	weight 2.0:	Num[Exists(Star(on),Nominal(a))]
Score 0.9980350281883565
find 4 best features out of 22 features
asasas [ 4 13 14 21]
	Feat 6	(c=2)	weight -0.94:	Num[Not(holding)]
	Feat 20	(c=4)	weight -0.092:	Bool[And(Not(holding),Nominal(a))]
	Feat 21	(c=4)	weight 0.17:	Bool[And(Forall(on,<empty>),Nominal(a))]
	Feat 30	(c=4)	weight 2.0:	Num[Exists(Star(on),Nominal(a))]
Score 0.9979303524295848
find 5 best features out of 22 features
asasas [ 4 13 14 20 21]
	Feat 6	(c=2)	weight -0.95:	Num[Not(holding)]
	Feat 20	(c=4)	weight -0.072:	Bool[And(Not(holding),Nominal(a))]
	Feat 21	(c=4)	weight 0.19:	Bool[And(Forall(on,<empty>),Nominal(a))]
	Feat 29	(c=4)	weight 0.023:	Num[Exists(on,Exists(on,<universe>))]
	Feat 30	(c=4)	weight 2.0:	Num[Exists(Star(on),Nominal(a))]
Score 0.9978681854663016
find 6 best features out of 22 features
asasas [ 4 10 13 14 20 21]
	Feat 6	(c=2)	weight -0.95:	Num[Not(holding)]
	Feat 14	(c=4)	weight 0.053:	Bool[And(Not(clear),Nominal(a))]
	Feat 20	(c=4)	weight -0.024:	Bool[And(Not(holding),Nominal(a))]
	Feat 21	(c=4)	weight 0.2:	Bool[And(Forall(on,<empty>),Nominal(a))]
	Feat 29	(c=4)	weight 0.028:	Num[Exists(on,Exists(on,<universe>))]
	Feat 30	(c=4)	weight 1.9:	Num[Exists(Star(on),Nominal(a))]
Score 0.9978204759750802
find 7 best features out of 22 features
asasas [ 4 10 13 14 17 20 21]
	Feat 6	(c=2)	weight -0.96:	Num[Not(holding)]
	Feat 14	(c=4)	weight 0.055:	Bool[And(Not(clear),Nominal(a))]
	Feat 20	(c=4)	weight -0.025:	Bool[And(Not(holding),Nominal(a))]
	Feat 21	(c=4)	weight 0.2:	Bool[And(Forall(on,<empty>),Nominal(a))]
	Feat 24	(c=4)	weight -0.0046:	Num[Not(And(clear,ontable))]
	Feat 29	(c=4)	weight 0.029:	Num[Exists(on,Exists(on,<universe>))]
	Feat 30	(c=4)	weight 1.9:	Num[Exists(Star(on),Nominal(a))]
Score 0.9978182192835686
find 8 best features out of 22 features
asasas [ 4 10 13 14 17 20 21]
	Feat 6	(c=2)	weight -0.96:	Num[Not(holding)]
	Feat 14	(c=4)	weight 0.055:	Bool[And(Not(clear),Nominal(a))]
	Feat 20	(c=4)	weight -0.025:	Bool[And(Not(holding),Nominal(a))]
	Feat 21	(c=4)	weight 0.2:	Bool[And(Forall(on,<empty>),Nominal(a))]
	Feat 24	(c=4)	weight -0.0046:	Num[Not(And(clear,ontable))]
	Feat 29	(c=4)	weight 0.029:	Num[Exists(on,Exists(on,<universe>))]
	Feat 30	(c=4)	weight 1.9:	Num[Exists(Star(on),Nominal(a))]
Score 0.9978182192835686
find 9 best features out of 22 features
asasas [ 4 10 13 14 17 20 21]
	Feat 6	(c=2)	weight -0.96:	Num[Not(holding)]
	Feat 14	(c=4)	weight 0.055:	Bool[And(Not(clear),Nominal(a))]
	Feat 20	(c=4)	weight -0.025:	Bool[And(Not(holding),Nominal(a))]
	Feat 21	(c=4)	weight 0.2:	Bool[And(Forall(on,<empty>),Nominal(a))]
	Feat 24	(c=4)	weight -0.0046:	Num[Not(And(clear,ontable))]
	Feat 29	(c=4)	weight 0.029:	Num[Exists(on,Exists(on,<universe>))]
	Feat 30	(c=4)	weight 1.9:	Num[Exists(Star(on),Nominal(a))]
Score 0.9978182192835686
