Considering 29 features
----------
omp Method
----------

find 1 best features out of 29 features
asasas [2]
	Feat 30	(c=4)	weight 1.7:	Num[Exists(Star(on),Nominal(a))]
Score 0.936320925673546
find 2 best features out of 29 features
asasas [0 2]
	Feat 1	(c=1)	weight 0.68:	Bool[holding]
	Feat 30	(c=4)	weight 1.7:	Num[Exists(Star(on),Nominal(a))]
Score 0.9660546366351831
find 3 best features out of 29 features
asasas [ 0  2 20]
	Feat 1	(c=1)	weight 0.8:	Bool[holding]
	Feat 30	(c=4)	weight 1.7:	Num[Exists(Star(on),Nominal(a))]
	Feat 183	(c=7)	weight 0.28:	Num[And(Exists(on,Not(Nominal(a))),Not(Nominal(a)))]
Score 0.9732322871520417
find 4 best features out of 29 features
asasas [ 0  2 20 23]
	Feat 1	(c=1)	weight 0.89:	Bool[holding]
	Feat 30	(c=4)	weight 1.8:	Num[Exists(Star(on),Nominal(a))]
	Feat 183	(c=7)	weight 0.43:	Num[And(Exists(on,Not(Nominal(a))),Not(Nominal(a)))]
	Feat 187	(c=7)	weight -0.24:	Num[And(Not(And(clear,ontable)),Not(Nominal(a)))]
Score 0.9781253943944346
find 5 best features out of 29 features
asasas [ 0  2 19 20 23]
	Feat 1	(c=1)	weight 0.89:	Bool[holding]
	Feat 30	(c=4)	weight 1.7:	Num[Exists(Star(on),Nominal(a))]
	Feat 171	(c=7)	weight -0.27:	Num[Not(And(Not(And(clear,ontable)),Nominal(a)))]
	Feat 183	(c=7)	weight 0.46:	Num[And(Exists(on,Not(Nominal(a))),Not(Nominal(a)))]
	Feat 187	(c=7)	weight -0.26:	Num[And(Not(And(clear,ontable)),Not(Nominal(a)))]
Score 0.9783521015988009
find 6 best features out of 29 features
asasas [ 0  2  9 19 20 23]
	Feat 1	(c=1)	weight 0.85:	Bool[holding]
	Feat 30	(c=4)	weight 1.7:	Num[Exists(Star(on),Nominal(a))]
	Feat 108	(c=6)	weight -0.26:	Num[Not(And(Forall(on,ontable),Nominal(a)))]
	Feat 171	(c=7)	weight -0.4:	Num[Not(And(Not(And(clear,ontable)),Nominal(a)))]
	Feat 183	(c=7)	weight 0.48:	Num[And(Exists(on,Not(Nominal(a))),Not(Nominal(a)))]
	Feat 187	(c=7)	weight -0.25:	Num[And(Not(And(clear,ontable)),Not(Nominal(a)))]
Score 0.9805719407858718
find 7 best features out of 29 features
asasas [ 0  2  9 11 19 20 23]
	Feat 1	(c=1)	weight 1.2:	Bool[holding]
	Feat 30	(c=4)	weight 1.7:	Num[Exists(Star(on),Nominal(a))]
	Feat 108	(c=6)	weight -0.14:	Num[Not(And(Forall(on,ontable),Nominal(a)))]
	Feat 119	(c=6)	weight -0.47:	Num[Not(And(Not(holding),Not(Nominal(a))))]
	Feat 171	(c=7)	weight -0.21:	Num[Not(And(Not(And(clear,ontable)),Nominal(a)))]
	Feat 183	(c=7)	weight 0.35:	Num[And(Exists(on,Not(Nominal(a))),Not(Nominal(a)))]
	Feat 187	(c=7)	weight -0.17:	Num[And(Not(And(clear,ontable)),Not(Nominal(a)))]
Score 0.9814338127066643
find 8 best features out of 29 features
asasas [ 0  2  5  9 11 19 20 23]
	Feat 1	(c=1)	weight 1.3:	Bool[holding]
	Feat 30	(c=4)	weight 1.8:	Num[Exists(Star(on),Nominal(a))]
	Feat 61	(c=5)	weight 0.15:	Bool[And(Exists(on,ontable),Nominal(a))]
	Feat 108	(c=6)	weight -0.064:	Num[Not(And(Forall(on,ontable),Nominal(a)))]
	Feat 119	(c=6)	weight -0.5:	Num[Not(And(Not(holding),Not(Nominal(a))))]
	Feat 171	(c=7)	weight -0.14:	Num[Not(And(Not(And(clear,ontable)),Nominal(a)))]
	Feat 183	(c=7)	weight 0.39:	Num[And(Exists(on,Not(Nominal(a))),Not(Nominal(a)))]
	Feat 187	(c=7)	weight -0.2:	Num[And(Not(And(clear,ontable)),Not(Nominal(a)))]
Score 0.9824477722196231
find 9 best features out of 29 features
asasas [ 0  2  5  6  9 11 19 20 23]
	Feat 1	(c=1)	weight 1.4:	Bool[holding]
	Feat 30	(c=4)	weight 1.8:	Num[Exists(Star(on),Nominal(a))]
	Feat 61	(c=5)	weight 0.32:	Bool[And(Exists(on,ontable),Nominal(a))]
	Feat 63	(c=5)	weight 0.18:	Num[Forall(on,Forall(on,Nominal(a)))]
	Feat 108	(c=6)	weight 0.25:	Num[Not(And(Forall(on,ontable),Nominal(a)))]
	Feat 119	(c=6)	weight -0.6:	Num[Not(And(Not(holding),Not(Nominal(a))))]
	Feat 171	(c=7)	weight -0.03:	Num[Not(And(Not(And(clear,ontable)),Nominal(a)))]
	Feat 183	(c=7)	weight 0.52:	Num[And(Exists(on,Not(Nominal(a))),Not(Nominal(a)))]
	Feat 187	(c=7)	weight -0.22:	Num[And(Not(And(clear,ontable)),Not(Nominal(a)))]
Score 0.9840189091159225
