Considering 30 features
----------
omp Method
----------

find 1 best features out of 30 features
asasas [28]
	Feat 30	(c=4)	weight 1.9:	Num[Exists(Star(on),Nominal(a))]
Score 0.9491969786924488
find 2 best features out of 30 features
asasas [ 1 28]
	Feat 1	(c=1)	weight 0.95:	Bool[holding]
	Feat 30	(c=4)	weight 2.0:	Num[Exists(Star(on),Nominal(a))]
Score 0.9992902890652542
find 3 best features out of 30 features
asasas [ 1 14 28]
	Feat 1	(c=1)	weight 0.96:	Bool[holding]
	Feat 16	(c=4)	weight 0.055:	Num[And(Not(Nominal(a)),clear)]
	Feat 30	(c=4)	weight 2.0:	Num[Exists(Star(on),Nominal(a))]
Score 0.9989025310257876
find 4 best features out of 30 features
asasas [ 1 14 19 28]
	Feat 1	(c=1)	weight 0.94:	Bool[holding]
	Feat 16	(c=4)	weight 0.042:	Num[And(Not(Nominal(a)),clear)]
	Feat 21	(c=4)	weight 0.049:	Bool[And(Forall(on,<empty>),Nominal(a))]
	Feat 30	(c=4)	weight 2.0:	Num[Exists(Star(on),Nominal(a))]
Score 0.9988033353157691
find 5 best features out of 30 features
asasas [ 1 11 14 19 28]
	Feat 1	(c=1)	weight 0.93:	Bool[holding]
	Feat 13	(c=3)	weight -0.04:	Num[Exists(on,ontable)]
	Feat 16	(c=4)	weight 0.044:	Num[And(Not(Nominal(a)),clear)]
	Feat 21	(c=4)	weight 0.051:	Bool[And(Forall(on,<empty>),Nominal(a))]
	Feat 30	(c=4)	weight 2.0:	Num[Exists(Star(on),Nominal(a))]
Score 0.998737576430987
find 6 best features out of 30 features
asasas [ 1  6 11 14 19 28]
	Feat 1	(c=1)	weight 0.92:	Bool[holding]
	Feat 7	(c=3)	weight 0.1:	Bool[Exists(on,Nominal(a))]
	Feat 13	(c=3)	weight -0.054:	Num[Exists(on,ontable)]
	Feat 16	(c=4)	weight 0.023:	Num[And(Not(Nominal(a)),clear)]
	Feat 21	(c=4)	weight 0.076:	Bool[And(Forall(on,<empty>),Nominal(a))]
	Feat 30	(c=4)	weight 2.0:	Num[Exists(Star(on),Nominal(a))]
Score 0.9986061488264216
find 7 best features out of 30 features
asasas [ 1  6 11 14 18 19 28]
	Feat 1	(c=1)	weight 0.92:	Bool[holding]
	Feat 7	(c=3)	weight 0.1:	Bool[Exists(on,Nominal(a))]
	Feat 13	(c=3)	weight -0.053:	Num[Exists(on,ontable)]
	Feat 16	(c=4)	weight 0.023:	Num[And(Not(Nominal(a)),clear)]
	Feat 20	(c=4)	weight -0.0085:	Bool[And(Not(holding),Nominal(a))]
	Feat 21	(c=4)	weight 0.074:	Bool[And(Forall(on,<empty>),Nominal(a))]
	Feat 30	(c=4)	weight 2.0:	Num[Exists(Star(on),Nominal(a))]
Score 0.998605301930576
find 8 best features out of 30 features
asasas [ 1  6 11 14 18 19 28]
	Feat 1	(c=1)	weight 0.92:	Bool[holding]
	Feat 7	(c=3)	weight 0.1:	Bool[Exists(on,Nominal(a))]
	Feat 13	(c=3)	weight -0.053:	Num[Exists(on,ontable)]
	Feat 16	(c=4)	weight 0.023:	Num[And(Not(Nominal(a)),clear)]
	Feat 20	(c=4)	weight -0.0085:	Bool[And(Not(holding),Nominal(a))]
	Feat 21	(c=4)	weight 0.074:	Bool[And(Forall(on,<empty>),Nominal(a))]
	Feat 30	(c=4)	weight 2.0:	Num[Exists(Star(on),Nominal(a))]
Score 0.998605301930576
find 9 best features out of 30 features
asasas [ 1  6 11 14 18 19 28]
	Feat 1	(c=1)	weight 0.92:	Bool[holding]
	Feat 7	(c=3)	weight 0.1:	Bool[Exists(on,Nominal(a))]
	Feat 13	(c=3)	weight -0.053:	Num[Exists(on,ontable)]
	Feat 16	(c=4)	weight 0.023:	Num[And(Not(Nominal(a)),clear)]
	Feat 20	(c=4)	weight -0.0085:	Bool[And(Not(holding),Nominal(a))]
	Feat 21	(c=4)	weight 0.074:	Bool[And(Forall(on,<empty>),Nominal(a))]
	Feat 30	(c=4)	weight 2.0:	Num[Exists(Star(on),Nominal(a))]
Score 0.998605301930576
