Considering 31 features
----------
omp Method
----------

find 1 best features out of 31 features
asasas [7]
	Feat 7	(c=3)	weight 2.6:	Bool[Exists(on,Nominal(a))]
Score 0.5126046590008602
find 2 best features out of 31 features
asasas [ 7 18]
	Feat 7	(c=3)	weight 2.1:	Bool[Exists(on,Nominal(a))]
	Feat 18	(c=4)	weight -0.86:	Num[And(Not(Nominal(a)),ontable)]
Score 0.6312518127198203
find 3 best features out of 31 features
asasas [ 7 13 18]
	Feat 7	(c=3)	weight 2.1:	Bool[Exists(on,Nominal(a))]
	Feat 13	(c=3)	weight -0.75:	Num[Exists(on,ontable)]
	Feat 18	(c=4)	weight -0.8:	Num[And(Not(Nominal(a)),ontable)]
Score 0.661097436828753
find 4 best features out of 31 features
asasas [ 7 13 18 20]
	Feat 7	(c=3)	weight 2.3:	Bool[Exists(on,Nominal(a))]
	Feat 13	(c=3)	weight -0.71:	Num[Exists(on,ontable)]
	Feat 18	(c=4)	weight -0.79:	Num[And(Not(Nominal(a)),ontable)]
	Feat 20	(c=4)	weight -0.97:	Bool[And(Not(holding),Nominal(a))]
Score 0.6741319827581089
find 5 best features out of 31 features
asasas [ 7 13 18 20 30]
	Feat 7	(c=3)	weight 2.3:	Bool[Exists(on,Nominal(a))]
	Feat 13	(c=3)	weight -0.72:	Num[Exists(on,ontable)]
	Feat 18	(c=4)	weight -1.2:	Num[And(Not(Nominal(a)),ontable)]
	Feat 20	(c=4)	weight -0.97:	Bool[And(Not(holding),Nominal(a))]
	Feat 241	(c=7)	weight 0.38:	Num[Forall(Star(on),Exists(Inverse(on),Nominal(a)))]
Score 0.6918148967340131
find 6 best features out of 31 features
asasas [ 7 13 17 18 20 30]
	Feat 7	(c=3)	weight 2.0:	Bool[Exists(on,Nominal(a))]
	Feat 13	(c=3)	weight -1.0:	Num[Exists(on,ontable)]
	Feat 17	(c=4)	weight -1.5:	Bool[And(Not(Nominal(a)),holding)]
	Feat 18	(c=4)	weight -2.0:	Num[And(Not(Nominal(a)),ontable)]
	Feat 20	(c=4)	weight -0.35:	Bool[And(Not(holding),Nominal(a))]
	Feat 241	(c=7)	weight 1.2:	Num[Forall(Star(on),Exists(Inverse(on),Nominal(a)))]
Score 0.7385095278148723
find 7 best features out of 31 features
asasas [ 7  8 13 17 18 20 30]
	Feat 7	(c=3)	weight 1.9:	Bool[Exists(on,Nominal(a))]
	Feat 8	(c=3)	weight -0.52:	Bool[And(ontable,Nominal(a))]
	Feat 13	(c=3)	weight -1.1:	Num[Exists(on,ontable)]
	Feat 17	(c=4)	weight -1.9:	Bool[And(Not(Nominal(a)),holding)]
	Feat 18	(c=4)	weight -2.5:	Num[And(Not(Nominal(a)),ontable)]
	Feat 20	(c=4)	weight 0.0047:	Bool[And(Not(holding),Nominal(a))]
	Feat 241	(c=7)	weight 1.5:	Num[Forall(Star(on),Exists(Inverse(on),Nominal(a)))]
Score 0.7467641954680787
find 8 best features out of 31 features
asasas [ 7  8 13 17 18 20 30]
	Feat 7	(c=3)	weight 1.9:	Bool[Exists(on,Nominal(a))]
	Feat 8	(c=3)	weight -0.52:	Bool[And(ontable,Nominal(a))]
	Feat 13	(c=3)	weight -1.1:	Num[Exists(on,ontable)]
	Feat 17	(c=4)	weight -1.9:	Bool[And(Not(Nominal(a)),holding)]
	Feat 18	(c=4)	weight -2.5:	Num[And(Not(Nominal(a)),ontable)]
	Feat 20	(c=4)	weight 0.0047:	Bool[And(Not(holding),Nominal(a))]
	Feat 241	(c=7)	weight 1.5:	Num[Forall(Star(on),Exists(Inverse(on),Nominal(a)))]
Score 0.7467641954680787
find 9 best features out of 31 features
asasas [ 7  8 13 17 18 20 30]
	Feat 7	(c=3)	weight 1.9:	Bool[Exists(on,Nominal(a))]
	Feat 8	(c=3)	weight -0.52:	Bool[And(ontable,Nominal(a))]
	Feat 13	(c=3)	weight -1.1:	Num[Exists(on,ontable)]
	Feat 17	(c=4)	weight -1.9:	Bool[And(Not(Nominal(a)),holding)]
	Feat 18	(c=4)	weight -2.5:	Num[And(Not(Nominal(a)),ontable)]
	Feat 20	(c=4)	weight 0.0047:	Bool[And(Not(holding),Nominal(a))]
	Feat 241	(c=7)	weight 1.5:	Num[Forall(Star(on),Exists(Inverse(on),Nominal(a)))]
Score 0.7467641954680787
