Considering 32 features
----------
omp Method
----------

find 1 best features out of 32 features
asasas [7]
	Feat 7	(c=3)	weight 2.8:	Bool[Exists(on,Nominal(a))]
Score 0.5133605316211292
find 2 best features out of 32 features
asasas [ 7 18]
	Feat 7	(c=3)	weight 2.1:	Bool[Exists(on,Nominal(a))]
	Feat 18	(c=4)	weight -0.97:	Num[And(Not(Nominal(a)),ontable)]
Score 0.6322056802822085
find 3 best features out of 32 features
asasas [ 7 13 18]
	Feat 7	(c=3)	weight 2.2:	Bool[Exists(on,Nominal(a))]
	Feat 13	(c=3)	weight -0.7:	Num[Exists(on,ontable)]
	Feat 18	(c=4)	weight -0.91:	Num[And(Not(Nominal(a)),ontable)]
Score 0.6620565834975134
find 4 best features out of 32 features
asasas [ 7 13 18 21]
	Feat 7	(c=3)	weight 2.2:	Bool[Exists(on,Nominal(a))]
	Feat 13	(c=3)	weight -0.71:	Num[Exists(on,ontable)]
	Feat 18	(c=4)	weight -0.84:	Num[And(Not(Nominal(a)),ontable)]
	Feat 21	(c=4)	weight 0.39:	Bool[And(Forall(on,<empty>),Nominal(a))]
Score 0.6752620891925514
find 5 best features out of 32 features
asasas [ 7 13 17 18 21]
	Feat 7	(c=3)	weight 2.2:	Bool[Exists(on,Nominal(a))]
	Feat 13	(c=3)	weight -0.76:	Num[Exists(on,ontable)]
	Feat 17	(c=4)	weight -0.27:	Bool[And(Not(Nominal(a)),holding)]
	Feat 18	(c=4)	weight -0.87:	Num[And(Not(Nominal(a)),ontable)]
	Feat 21	(c=4)	weight 0.37:	Bool[And(Forall(on,<empty>),Nominal(a))]
Score 0.6776220602331486
find 6 best features out of 32 features
asasas [ 7 13 17 18 21 31]
	Feat 7	(c=3)	weight 1.9:	Bool[Exists(on,Nominal(a))]
	Feat 13	(c=3)	weight -1.1:	Num[Exists(on,ontable)]
	Feat 17	(c=4)	weight -2.1:	Bool[And(Not(Nominal(a)),holding)]
	Feat 18	(c=4)	weight -2.7:	Num[And(Not(Nominal(a)),ontable)]
	Feat 21	(c=4)	weight -0.54:	Bool[And(Forall(on,<empty>),Nominal(a))]
	Feat 241	(c=7)	weight 1.6:	Num[Forall(Star(on),Exists(Inverse(on),Nominal(a)))]
Score 0.7454090543323562
find 7 best features out of 32 features
asasas [ 7 13 17 18 21 30 31]
	Feat 7	(c=3)	weight 1.4:	Bool[Exists(on,Nominal(a))]
	Feat 13	(c=3)	weight -1.3:	Num[Exists(on,ontable)]
	Feat 17	(c=4)	weight -3.9:	Bool[And(Not(Nominal(a)),holding)]
	Feat 18	(c=4)	weight -2.9:	Num[And(Not(Nominal(a)),ontable)]
	Feat 21	(c=4)	weight -1.8:	Bool[And(Forall(on,<empty>),Nominal(a))]
	Feat 215	(c=7)	weight 1.7:	Num[And(Not(ontable),Forall(Star(on),Nominal(a)))]
	Feat 241	(c=7)	weight 1.8:	Num[Forall(Star(on),Exists(Inverse(on),Nominal(a)))]
Score 0.796983771055309
find 8 best features out of 32 features
asasas [ 7 13 17 18 21 22 30 31]
	Feat 7	(c=3)	weight 0.8:	Bool[Exists(on,Nominal(a))]
	Feat 13	(c=3)	weight -1.6:	Num[Exists(on,ontable)]
	Feat 17	(c=4)	weight -5.1:	Bool[And(Not(Nominal(a)),holding)]
	Feat 18	(c=4)	weight -3.1:	Num[And(Not(Nominal(a)),ontable)]
	Feat 21	(c=4)	weight -2.2:	Bool[And(Forall(on,<empty>),Nominal(a))]
	Feat 22	(c=4)	weight 1.6:	Num[Not(And(holding,Nominal(a)))]
	Feat 215	(c=7)	weight 2.6:	Num[And(Not(ontable),Forall(Star(on),Nominal(a)))]
	Feat 241	(c=7)	weight 2.0:	Num[Forall(Star(on),Exists(Inverse(on),Nominal(a)))]
Score 0.8116675559602292
find 9 best features out of 32 features
asasas [ 7 13 17 18 21 22 30 31]
	Feat 7	(c=3)	weight 0.8:	Bool[Exists(on,Nominal(a))]
	Feat 13	(c=3)	weight -1.6:	Num[Exists(on,ontable)]
	Feat 17	(c=4)	weight -5.1:	Bool[And(Not(Nominal(a)),holding)]
	Feat 18	(c=4)	weight -3.1:	Num[And(Not(Nominal(a)),ontable)]
	Feat 21	(c=4)	weight -2.2:	Bool[And(Forall(on,<empty>),Nominal(a))]
	Feat 22	(c=4)	weight 1.6:	Num[Not(And(holding,Nominal(a)))]
	Feat 215	(c=7)	weight 2.6:	Num[And(Not(ontable),Forall(Star(on),Nominal(a)))]
	Feat 241	(c=7)	weight 2.0:	Num[Forall(Star(on),Exists(Inverse(on),Nominal(a)))]
Score 0.8116675559602292
