Considering 4 features
----------
omp Method
----------

find 1 best features out of 4 features
asasas [1]
	Feat 30	(c=4)	weight 1.7:	Num[Exists(Star(on),Nominal(a))]
Score 0.9367749876483288
find 2 best features out of 4 features
asasas [0 1]
	Feat 1	(c=1)	weight 0.68:	Bool[holding]
	Feat 30	(c=4)	weight 1.7:	Num[Exists(Star(on),Nominal(a))]
Score 0.9665088296874165
find 3 best features out of 4 features
asasas [0 1 2]
	Feat 1	(c=1)	weight 0.66:	Bool[holding]
	Feat 30	(c=4)	weight 1.5:	Num[Exists(Star(on),Nominal(a))]
	Feat 78	(c=6)	weight -0.53:	Bool[And(Forall(Inverse(on),clear),Nominal(a))]
Score 0.9690411978805258
find 4 best features out of 4 features
asasas [0 1 2 3]
	Feat 1	(c=1)	weight 0.69:	Bool[holding]
	Feat 30	(c=4)	weight 1.5:	Num[Exists(Star(on),Nominal(a))]
	Feat 78	(c=6)	weight -0.53:	Bool[And(Forall(Inverse(on),clear),Nominal(a))]
	Feat 85	(c=6)	weight -0.065:	Num[Forall(on,Exists(on,Exists(on,<universe>)))]
Score 0.9685832905967179
