Considering 17 features
----------
OMS Method
----------

find 2 best features out of 17 features
	Feat 1	(c=1)	weight 1.0:	Bool[holding]
	Feat 30	(c=4)	weight 2.0:	Num[Exists(Star(on),Nominal(a))]
Score 0.8440192412946774
find 3 best features out of 17 features
	Feat 1	(c=1)	weight 0.97:	Bool[holding]
	Feat 11	(c=3)	weight 0.12:	Num[Forall(on,Nominal(a))]
	Feat 30	(c=4)	weight 2.0:	Num[Exists(Star(on),Nominal(a))]
Score 0.8456178179427104
find 4 best features out of 17 features
	Feat 1	(c=1)	weight 1.0:	Bool[holding]
	Feat 11	(c=3)	weight 0.11:	Num[Forall(on,Nominal(a))]
	Feat 22	(c=4)	weight 0.2:	Num[Not(And(holding,Nominal(a)))]
	Feat 30	(c=4)	weight 2.0:	Num[Exists(Star(on),Nominal(a))]
Score 0.8460474064859909
find 5 best features out of 17 features
	Feat 1	(c=1)	weight 1.0:	Bool[holding]
	Feat 11	(c=3)	weight 0.11:	Num[Forall(on,Nominal(a))]
	Feat 22	(c=4)	weight 0.2:	Num[Not(And(holding,Nominal(a)))]
	Feat 26	(c=4)	weight -0.078:	Num[Forall(on,Exists(on,<universe>))]
	Feat 30	(c=4)	weight 2.0:	Num[Exists(Star(on),Nominal(a))]
Score 0.8462470117908485
find 6 best features out of 17 features
	Feat 1	(c=1)	weight 1.0:	Bool[holding]
	Feat 11	(c=3)	weight 0.1:	Num[Forall(on,Nominal(a))]
	Feat 15	(c=4)	weight -0.031:	Bool[And(Not(ontable),Nominal(a))]
	Feat 22	(c=4)	weight 0.19:	Num[Not(And(holding,Nominal(a)))]
	Feat 26	(c=4)	weight -0.076:	Num[Forall(on,Exists(on,<universe>))]
	Feat 30	(c=4)	weight 2.0:	Num[Exists(Star(on),Nominal(a))]
Score 0.8462770671542498
find 7 best features out of 17 features
	Feat 1	(c=1)	weight 1.0:	Bool[holding]
	Feat 9	(c=3)	weight 0.051:	Bool[And(clear,Nominal(a))]
	Feat 11	(c=3)	weight 0.11:	Num[Forall(on,Nominal(a))]
	Feat 15	(c=4)	weight -0.02:	Bool[And(Not(ontable),Nominal(a))]
	Feat 22	(c=4)	weight 0.15:	Num[Not(And(holding,Nominal(a)))]
	Feat 26	(c=4)	weight -0.083:	Num[Forall(on,Exists(on,<universe>))]
	Feat 30	(c=4)	weight 2.0:	Num[Exists(Star(on),Nominal(a))]
Score 0.8463037285574269
find 8 best features out of 17 features
	Feat 1	(c=1)	weight 1.0:	Bool[holding]
	Feat 9	(c=3)	weight 0.051:	Bool[And(clear,Nominal(a))]
	Feat 11	(c=3)	weight 0.11:	Num[Forall(on,Nominal(a))]
	Feat 15	(c=4)	weight -0.02:	Bool[And(Not(ontable),Nominal(a))]
	Feat 22	(c=4)	weight 0.15:	Num[Not(And(holding,Nominal(a)))]
	Feat 26	(c=4)	weight -0.083:	Num[Forall(on,Exists(on,<universe>))]
	Feat 30	(c=4)	weight 2.0:	Num[Exists(Star(on),Nominal(a))]
Score 0.8463037285574269
find 9 best features out of 17 features
	Feat 1	(c=1)	weight 1.0:	Bool[holding]
	Feat 9	(c=3)	weight 0.051:	Bool[And(clear,Nominal(a))]
	Feat 11	(c=3)	weight 0.11:	Num[Forall(on,Nominal(a))]
	Feat 15	(c=4)	weight -0.02:	Bool[And(Not(ontable),Nominal(a))]
	Feat 22	(c=4)	weight 0.15:	Num[Not(And(holding,Nominal(a)))]
	Feat 26	(c=4)	weight -0.083:	Num[Forall(on,Exists(on,<universe>))]
	Feat 30	(c=4)	weight 2.0:	Num[Exists(Star(on),Nominal(a))]
Score 0.8463037285574269
