Considering 31 features
----------
OMS Method
----------

find 2 best features out of 31 features
	Feat 1	(c=1)	weight 1.0:	Bool[holding]
	Feat 30	(c=4)	weight 2.0:	Num[Exists(Star(on),Nominal(a))]
Score 0.8440192412946774
find 3 best features out of 31 features
	Feat 1	(c=1)	weight 0.97:	Bool[holding]
	Feat 30	(c=4)	weight 2.0:	Num[Exists(Star(on),Nominal(a))]
	Feat 31	(c=4)	weight 0.11:	Num[Forall(Star(on),Nominal(a))]
Score 0.8458198198866613
find 4 best features out of 31 features
	Feat 1	(c=1)	weight 1.0:	Bool[holding]
	Feat 22	(c=4)	weight 0.22:	Num[Not(And(holding,Nominal(a)))]
	Feat 30	(c=4)	weight 2.0:	Num[Exists(Star(on),Nominal(a))]
	Feat 31	(c=4)	weight 0.11:	Num[Forall(Star(on),Nominal(a))]
Score 0.8463408422864724
find 5 best features out of 31 features
	Feat 1	(c=1)	weight 1.0:	Bool[holding]
	Feat 13	(c=3)	weight 0.06:	Num[Exists(on,ontable)]
	Feat 22	(c=4)	weight 0.21:	Num[Not(And(holding,Nominal(a)))]
	Feat 30	(c=4)	weight 2.0:	Num[Exists(Star(on),Nominal(a))]
	Feat 31	(c=4)	weight 0.1:	Num[Forall(Star(on),Nominal(a))]
Score 0.8464545085510996
find 6 best features out of 31 features
	Feat 1	(c=1)	weight 1.0:	Bool[holding]
	Feat 13	(c=3)	weight 0.058:	Num[Exists(on,ontable)]
	Feat 15	(c=4)	weight 0.054:	Bool[And(Not(ontable),Nominal(a))]
	Feat 22	(c=4)	weight 0.23:	Num[Not(And(holding,Nominal(a)))]
	Feat 30	(c=4)	weight 2.0:	Num[Exists(Star(on),Nominal(a))]
	Feat 31	(c=4)	weight 0.12:	Num[Forall(Star(on),Nominal(a))]
Score 0.8465134733290576
find 7 best features out of 31 features
	Feat 1	(c=1)	weight 1.0:	Bool[holding]
	Feat 13	(c=3)	weight 0.054:	Num[Exists(on,ontable)]
	Feat 15	(c=4)	weight 0.048:	Bool[And(Not(ontable),Nominal(a))]
	Feat 22	(c=4)	weight 0.25:	Num[Not(And(holding,Nominal(a)))]
	Feat 23	(c=4)	weight 0.033:	Num[Not(And(clear,Nominal(a)))]
	Feat 30	(c=4)	weight 2.0:	Num[Exists(Star(on),Nominal(a))]
	Feat 31	(c=4)	weight 0.12:	Num[Forall(Star(on),Nominal(a))]
Score 0.8465274831040511
find 8 best features out of 31 features
	Feat 1	(c=1)	weight 0.93:	Bool[holding]
	Feat 13	(c=3)	weight 0.033:	Num[Exists(on,ontable)]
	Feat 15	(c=4)	weight 0.082:	Bool[And(Not(ontable),Nominal(a))]
	Feat 16	(c=4)	weight -0.089:	Num[And(Not(Nominal(a)),clear)]
	Feat 22	(c=4)	weight 0.25:	Num[Not(And(holding,Nominal(a)))]
	Feat 23	(c=4)	weight 0.11:	Num[Not(And(clear,Nominal(a)))]
	Feat 30	(c=4)	weight 2.0:	Num[Exists(Star(on),Nominal(a))]
	Feat 31	(c=4)	weight 0.2:	Num[Forall(Star(on),Nominal(a))]
Score 0.8465760896616583
find 9 best features out of 31 features
	Feat 1	(c=1)	weight 0.93:	Bool[holding]
	Feat 13	(c=3)	weight 0.033:	Num[Exists(on,ontable)]
	Feat 15	(c=4)	weight 0.082:	Bool[And(Not(ontable),Nominal(a))]
	Feat 16	(c=4)	weight -0.089:	Num[And(Not(Nominal(a)),clear)]
	Feat 22	(c=4)	weight 0.25:	Num[Not(And(holding,Nominal(a)))]
	Feat 23	(c=4)	weight 0.11:	Num[Not(And(clear,Nominal(a)))]
	Feat 30	(c=4)	weight 2.0:	Num[Exists(Star(on),Nominal(a))]
	Feat 31	(c=4)	weight 0.2:	Num[Forall(Star(on),Nominal(a))]
Score 0.8465760896616583
