Considering 9 features
----------
OMS Method
----------

find 2 best features out of 9 features
	Feat 1	(c=1)	weight 1.0:	Bool[holding]
	Feat 30	(c=4)	weight 2.0:	Num[Exists(Star(on),Nominal(a))]
Score 0.8440192412946774
find 3 best features out of 9 features
	Feat 1	(c=1)	weight 0.97:	Bool[holding]
	Feat 11	(c=3)	weight 0.12:	Num[Forall(on,Nominal(a))]
	Feat 30	(c=4)	weight 2.0:	Num[Exists(Star(on),Nominal(a))]
Score 0.8456178179427104
find 4 best features out of 9 features
	Feat 1	(c=1)	weight 0.99:	Bool[holding]
	Feat 11	(c=3)	weight 0.12:	Num[Forall(on,Nominal(a))]
	Feat 26	(c=4)	weight -0.081:	Num[Forall(on,Exists(on,<universe>))]
	Feat 30	(c=4)	weight 2.0:	Num[Exists(Star(on),Nominal(a))]
Score 0.8458325039136158
find 5 best features out of 9 features
	Feat 1	(c=1)	weight 1.0:	Bool[holding]
	Feat 9	(c=3)	weight 0.13:	Bool[And(clear,Nominal(a))]
	Feat 11	(c=3)	weight 0.13:	Num[Forall(on,Nominal(a))]
	Feat 26	(c=4)	weight -0.094:	Num[Forall(on,Exists(on,<universe>))]
	Feat 30	(c=4)	weight 2.1:	Num[Exists(Star(on),Nominal(a))]
Score 0.8461642951786317
find 6 best features out of 9 features
	Feat 1	(c=1)	weight 1.0:	Bool[holding]
	Feat 7	(c=3)	weight 0.14:	Bool[Exists(on,Nominal(a))]
	Feat 9	(c=3)	weight 0.2:	Bool[And(clear,Nominal(a))]
	Feat 11	(c=3)	weight 0.12:	Num[Forall(on,Nominal(a))]
	Feat 26	(c=4)	weight -0.085:	Num[Forall(on,Exists(on,<universe>))]
	Feat 30	(c=4)	weight 2.0:	Num[Exists(Star(on),Nominal(a))]
Score 0.8462925039659648
find 7 best features out of 9 features
	Feat 1	(c=1)	weight 1.0:	Bool[holding]
	Feat 7	(c=3)	weight 0.17:	Bool[Exists(on,Nominal(a))]
	Feat 9	(c=3)	weight 0.22:	Bool[And(clear,Nominal(a))]
	Feat 11	(c=3)	weight 0.11:	Num[Forall(on,Nominal(a))]
	Feat 21	(c=4)	weight 0.02:	Bool[And(Forall(on,<empty>),Nominal(a))]
	Feat 26	(c=4)	weight -0.083:	Num[Forall(on,Exists(on,<universe>))]
	Feat 30	(c=4)	weight 2.0:	Num[Exists(Star(on),Nominal(a))]
Score 0.8463037285574269
find 8 best features out of 9 features
	Feat 1	(c=1)	weight 1.0:	Bool[holding]
	Feat 7	(c=3)	weight 0.17:	Bool[Exists(on,Nominal(a))]
	Feat 9	(c=3)	weight 0.22:	Bool[And(clear,Nominal(a))]
	Feat 11	(c=3)	weight 0.11:	Num[Forall(on,Nominal(a))]
	Feat 21	(c=4)	weight 0.02:	Bool[And(Forall(on,<empty>),Nominal(a))]
	Feat 26	(c=4)	weight -0.083:	Num[Forall(on,Exists(on,<universe>))]
	Feat 30	(c=4)	weight 2.0:	Num[Exists(Star(on),Nominal(a))]
Score 0.8463037285574269
find 9 best features out of 9 features
	Feat 1	(c=1)	weight 1.0:	Bool[holding]
	Feat 7	(c=3)	weight 0.17:	Bool[Exists(on,Nominal(a))]
	Feat 9	(c=3)	weight 0.22:	Bool[And(clear,Nominal(a))]
	Feat 11	(c=3)	weight 0.11:	Num[Forall(on,Nominal(a))]
	Feat 21	(c=4)	weight 0.02:	Bool[And(Forall(on,<empty>),Nominal(a))]
	Feat 26	(c=4)	weight -0.083:	Num[Forall(on,Exists(on,<universe>))]
	Feat 30	(c=4)	weight 2.0:	Num[Exists(Star(on),Nominal(a))]
Score 0.8463037285574269
