Considering 17 features
L0Learn Method
----------

Lambda=0.0900979
	Intercept	6.108652826185786
Score 0.0
Lambda=0.0891969
	Intercept	11.353345657091397
	Feat 17	(c=False)	weight -1.717:	Num[Or(ontable,Nominal(b))]
Score 0.1801957806078548
Lambda=0.0661099
	Intercept	13.941352158302344
	Feat 17	(c=False)	weight -1.51:	Num[Or(ontable,Nominal(b))]
	Feat 1454	(c=False)	weight -1.746:	Num[Or(Exists(on,And(Not(Nominal(a)),ontable)),holding)]
Score 0.3163028881047135
Lambda=0.0190668
	Intercept	3.769156754277449
	Feat 17	(c=False)	weight -1.796:	Num[Or(ontable,Nominal(b))]
	Feat 204	(c=False)	weight 1.661:	Num[Or(Not(Nominal(a)),Forall(on,ontable))]
	Feat 1454	(c=False)	weight -1.737:	Num[Or(Exists(on,And(Not(Nominal(a)),ontable)),holding)]
Score 0.359252062207685
Lambda=0.013775
	Intercept	2.6573870027207986
	Feat 17	(c=False)	weight -1.808:	Num[Or(ontable,Nominal(b))]
	Feat 204	(c=False)	weight 1.814:	Num[Or(Not(Nominal(a)),Forall(on,ontable))]
	Feat 1454	(c=False)	weight -1.612:	Num[Or(Exists(on,And(Not(Nominal(a)),ontable)),holding)]
	Feat 3890	(c=False)	weight -4.171:	Bool[And(clear,Nominal(b))] Bool[And(holding,Nominal(a))]
Score 0.38813726513100455
Lambda=0.00923355
	Intercept	5.365198563131504
	Feat 0	(c=False)	weight -1.531:	Atom[handempty]
	Feat 17	(c=False)	weight -1.631:	Num[Or(ontable,Nominal(b))]
	Feat 204	(c=False)	weight 1.607:	Num[Or(Not(Nominal(a)),Forall(on,ontable))]
	Feat 1454	(c=False)	weight -2.149:	Num[Or(Exists(on,And(Not(Nominal(a)),ontable)),holding)]
	Feat 3890	(c=False)	weight -4.606:	Bool[And(clear,Nominal(b))] Bool[And(holding,Nominal(a))]
Score 0.41655947147329364
Lambda=0.00577405
	Intercept	3.595523225978961
	Feat 0	(c=False)	weight -2.531:	Atom[handempty]
	Feat 17	(c=False)	weight -1.175:	Num[Or(ontable,Nominal(b))]
	Feat 22	(c=False)	weight 1.792:	Bool[Exists(on,Nominal(b))]
	Feat 25	(c=False)	weight 1.408:	Bool[Exists(on,Nominal(a))]
	Feat 204	(c=False)	weight 0.9171:	Num[Or(Not(Nominal(a)),Forall(on,ontable))]
	Feat 1454	(c=False)	weight -2.603:	Num[Or(Exists(on,And(Not(Nominal(a)),ontable)),holding)]
	Feat 2314	(c=False)	weight 1.393:	Num[Or(Or(Nominal(a),Nominal(b)),Exists(Inverse(on),clear))]
	Feat 3890	(c=False)	weight -3.364:	Bool[And(clear,Nominal(b))] Bool[And(holding,Nominal(a))]
Score 0.4821504809205607
Lambda=0.00256769
	Intercept	-3.0423903470939244
	Feat 0	(c=False)	weight -2.666:	Atom[handempty]
	Feat 17	(c=False)	weight -1.13:	Num[Or(ontable,Nominal(b))]
	Feat 22	(c=False)	weight 2.145:	Bool[Exists(on,Nominal(b))]
	Feat 25	(c=False)	weight 1.472:	Bool[Exists(on,Nominal(a))]
	Feat 204	(c=False)	weight 0.8483:	Num[Or(Not(Nominal(a)),Forall(on,ontable))]
	Feat 1454	(c=False)	weight -2.686:	Num[Or(Exists(on,And(Not(Nominal(a)),ontable)),holding)]
	Feat 1866	(c=False)	weight 0.9235:	Num[Not(And(Exists(on,Exists(on,Nominal(b))),clear))]
	Feat 2314	(c=False)	weight 1.588:	Num[Or(Or(Nominal(a),Nominal(b)),Exists(Inverse(on),clear))]
	Feat 3890	(c=False)	weight -3.345:	Bool[And(clear,Nominal(b))] Bool[And(holding,Nominal(a))]
Score 0.4888217104787439
Lambda=0.0013766
	Intercept	-0.3492881874517648
	Feat 0	(c=False)	weight -2.472:	Atom[handempty]
	Feat 17	(c=False)	weight -1.197:	Num[Or(ontable,Nominal(b))]
	Feat 22	(c=False)	weight 1.83:	Bool[Exists(on,Nominal(b))]
	Feat 25	(c=False)	weight 1.472:	Bool[Exists(on,Nominal(a))]
	Feat 204	(c=False)	weight 0.8821:	Num[Or(Not(Nominal(a)),Forall(on,ontable))]
	Feat 569	(c=False)	weight -0.3037:	Num[Exists(Star(on),And(Not(Nominal(b)),ontable))]
	Feat 1454	(c=False)	weight -2.719:	Num[Or(Exists(on,And(Not(Nominal(a)),ontable)),holding)]
	Feat 1866	(c=False)	weight 0.7899:	Num[Not(And(Exists(on,Exists(on,Nominal(b))),clear))]
	Feat 2314	(c=False)	weight 1.498:	Num[Or(Or(Nominal(a),Nominal(b)),Exists(Inverse(on),clear))]
	Feat 3890	(c=False)	weight -3.438:	Bool[And(clear,Nominal(b))] Bool[And(holding,Nominal(a))]
	Feat 4696	(c=False)	weight -0.2465:	Bool[And(Forall(Star(on),Nominal(a)),Nominal(b))] Num[clear]
Score 0.49809712815796414
Lambda=0.000467166
	Intercept	-0.08579944947884321
	Feat 0	(c=False)	weight -2.414:	Atom[handempty]
	Feat 17	(c=False)	weight -1.167:	Num[Or(ontable,Nominal(b))]
	Feat 22	(c=False)	weight 1.799:	Bool[Exists(on,Nominal(b))]
	Feat 25	(c=False)	weight 1.577:	Bool[Exists(on,Nominal(a))]
	Feat 204	(c=False)	weight 0.7912:	Num[Or(Not(Nominal(a)),Forall(on,ontable))]
	Feat 569	(c=False)	weight -0.3037:	Num[Exists(Star(on),And(Not(Nominal(b)),ontable))]
	Feat 1454	(c=False)	weight -2.729:	Num[Or(Exists(on,And(Not(Nominal(a)),ontable)),holding)]
	Feat 1866	(c=False)	weight 0.8004:	Num[Not(And(Exists(on,Exists(on,Nominal(b))),clear))]
	Feat 2314	(c=False)	weight 1.521:	Num[Or(Or(Nominal(a),Nominal(b)),Exists(Inverse(on),clear))]
	Feat 3890	(c=False)	weight -4.206:	Bool[And(clear,Nominal(b))] Bool[And(holding,Nominal(a))]
	Feat 3995	(c=False)	weight 0.1295:	Bool[And(holding,Nominal(a))] Num[Or(Not(Nominal(a)),holding)]
	Feat 4696	(c=False)	weight -0.2378:	Bool[And(Forall(Star(on),Nominal(a)),Nominal(b))] Num[clear]
Score 0.49993814687023774
Lambda=0.000335769
	Intercept	-1.9267345194663417
	Feat 0	(c=False)	weight -2.956:	Atom[handempty]
	Feat 17	(c=False)	weight -0.6613:	Num[Or(ontable,Nominal(b))]
	Feat 22	(c=False)	weight 2.275:	Bool[Exists(on,Nominal(b))]
	Feat 25	(c=False)	weight 1.952:	Bool[Exists(on,Nominal(a))]
	Feat 204	(c=False)	weight 0.9824:	Num[Or(Not(Nominal(a)),Forall(on,ontable))]
	Feat 569	(c=False)	weight -0.4345:	Num[Exists(Star(on),And(Not(Nominal(b)),ontable))]
	Feat 1159	(c=False)	weight -0.6038:	Num[Or(Forall(Star(on),Or(Nominal(a),Nominal(b))),clear)]
	Feat 1454	(c=False)	weight -2.623:	Num[Or(Exists(on,And(Not(Nominal(a)),ontable)),holding)]
	Feat 1866	(c=False)	weight 0.8777:	Num[Not(And(Exists(on,Exists(on,Nominal(b))),clear))]
	Feat 2314	(c=False)	weight 1.967:	Num[Or(Or(Nominal(a),Nominal(b)),Exists(Inverse(on),clear))]
	Feat 3701	(c=False)	weight -0.5475:	Bool[holding] Bool[Exists(on,And(Not(ontable),Nominal(b)))]
	Feat 3890	(c=False)	weight -4.351:	Bool[And(clear,Nominal(b))] Bool[And(holding,Nominal(a))]
	Feat 3995	(c=False)	weight 0.1344:	Bool[And(holding,Nominal(a))] Num[Or(Not(Nominal(a)),holding)]
	Feat 4696	(c=False)	weight -0.1175:	Bool[And(Forall(Star(on),Nominal(a)),Nominal(b))] Num[clear]
Score 0.5072241935789802
Lambda=1.56789e-05
	Intercept	-2.4744108407886642
	Feat 0	(c=False)	weight -2.977:	Atom[handempty]
	Feat 17	(c=False)	weight -0.5797:	Num[Or(ontable,Nominal(b))]
	Feat 22	(c=False)	weight 2.332:	Bool[Exists(on,Nominal(b))]
	Feat 25	(c=False)	weight 1.983:	Bool[Exists(on,Nominal(a))]
	Feat 45	(c=True)	weight 0.3387:	Bool[And(Forall(on,<empty>),Nominal(b))]
	Feat 204	(c=False)	weight 0.9858:	Num[Or(Not(Nominal(a)),Forall(on,ontable))]
	Feat 569	(c=False)	weight -0.4084:	Num[Exists(Star(on),And(Not(Nominal(b)),ontable))]
	Feat 1159	(c=False)	weight -0.6184:	Num[Or(Forall(Star(on),Or(Nominal(a),Nominal(b))),clear)]
	Feat 1454	(c=False)	weight -2.641:	Num[Or(Exists(on,And(Not(Nominal(a)),ontable)),holding)]
	Feat 1866	(c=False)	weight 0.8916:	Num[Not(And(Exists(on,Exists(on,Nominal(b))),clear))]
	Feat 2314	(c=False)	weight 1.995:	Num[Or(Or(Nominal(a),Nominal(b)),Exists(Inverse(on),clear))]
	Feat 3701	(c=False)	weight -0.4959:	Bool[holding] Bool[Exists(on,And(Not(ontable),Nominal(b)))]
	Feat 3890	(c=False)	weight -4.308:	Bool[And(clear,Nominal(b))] Bool[And(holding,Nominal(a))]
	Feat 3995	(c=False)	weight 0.1356:	Bool[And(holding,Nominal(a))] Num[Or(Not(Nominal(a)),holding)]
	Feat 4696	(c=False)	weight -0.1917:	Bool[And(Forall(Star(on),Nominal(a)),Nominal(b))] Num[clear]
Score 0.5075011923305778
Lambda=6.59643e-06
	Intercept	0.10148616273879973
	Feat 0	(c=False)	weight -5.017:	Atom[handempty]
	Feat 17	(c=False)	weight -0.5485:	Num[Or(ontable,Nominal(b))]
	Feat 22	(c=False)	weight 2.292:	Bool[Exists(on,Nominal(b))]
	Feat 25	(c=False)	weight 1.968:	Bool[Exists(on,Nominal(a))]
	Feat 45	(c=True)	weight 0.4176:	Bool[And(Forall(on,<empty>),Nominal(b))]
	Feat 204	(c=False)	weight 0.9788:	Num[Or(Not(Nominal(a)),Forall(on,ontable))]
	Feat 569	(c=False)	weight -0.429:	Num[Exists(Star(on),And(Not(Nominal(b)),ontable))]
	Feat 1159	(c=False)	weight -0.6682:	Num[Or(Forall(Star(on),Or(Nominal(a),Nominal(b))),clear)]
	Feat 1454	(c=False)	weight -2.715:	Num[Or(Exists(on,And(Not(Nominal(a)),ontable)),holding)]
	Feat 1866	(c=False)	weight 0.8722:	Num[Not(And(Exists(on,Exists(on,Nominal(b))),clear))]
	Feat 2314	(c=False)	weight 1.989:	Num[Or(Or(Nominal(a),Nominal(b)),Exists(Inverse(on),clear))]
	Feat 3642	(c=False)	weight -0.3693:	Bool[holding] Num[Forall(on,Not(Or(ontable,Nominal(b))))]
	Feat 3701	(c=False)	weight -0.7314:	Bool[holding] Bool[Exists(on,And(Not(ontable),Nominal(b)))]
	Feat 3890	(c=False)	weight -4.278:	Bool[And(clear,Nominal(b))] Bool[And(holding,Nominal(a))]
	Feat 3995	(c=False)	weight 0.1347:	Bool[And(holding,Nominal(a))] Num[Or(Not(Nominal(a)),holding)]
	Feat 4696	(c=False)	weight -0.2008:	Bool[And(Forall(Star(on),Nominal(a)),Nominal(b))] Num[clear]
Score 0.5085952934980057
Lambda=1.06824e-06
	Intercept	0.012745361643917263
	Feat 0	(c=False)	weight -5.054:	Atom[handempty]
	Feat 17	(c=False)	weight -0.5657:	Num[Or(ontable,Nominal(b))]
	Feat 22	(c=False)	weight 2.289:	Bool[Exists(on,Nominal(b))]
	Feat 25	(c=False)	weight 1.965:	Bool[Exists(on,Nominal(a))]
	Feat 45	(c=True)	weight 0.4426:	Bool[And(Forall(on,<empty>),Nominal(b))]
	Feat 204	(c=False)	weight 0.9816:	Num[Or(Not(Nominal(a)),Forall(on,ontable))]
	Feat 569	(c=False)	weight -0.4282:	Num[Exists(Star(on),And(Not(Nominal(b)),ontable))]
	Feat 1159	(c=False)	weight -0.6821:	Num[Or(Forall(Star(on),Or(Nominal(a),Nominal(b))),clear)]
	Feat 1454	(c=False)	weight -2.728:	Num[Or(Exists(on,And(Not(Nominal(a)),ontable)),holding)]
	Feat 1843	(c=False)	weight 0.0346:	Num[Or(And(Not(Nominal(b)),Forall(on,Nominal(b))),clear)]
	Feat 1866	(c=False)	weight 0.8881:	Num[Not(And(Exists(on,Exists(on,Nominal(b))),clear))]
	Feat 2314	(c=False)	weight 1.985:	Num[Or(Or(Nominal(a),Nominal(b)),Exists(Inverse(on),clear))]
	Feat 3642	(c=False)	weight -0.3766:	Bool[holding] Num[Forall(on,Not(Or(ontable,Nominal(b))))]
	Feat 3701	(c=False)	weight -0.7426:	Bool[holding] Bool[Exists(on,And(Not(ontable),Nominal(b)))]
	Feat 3890	(c=False)	weight -4.284:	Bool[And(clear,Nominal(b))] Bool[And(holding,Nominal(a))]
	Feat 3995	(c=False)	weight 0.1344:	Bool[And(holding,Nominal(a))] Num[Or(Not(Nominal(a)),holding)]
	Feat 4696	(c=False)	weight -0.2063:	Bool[And(Forall(Star(on),Nominal(a)),Nominal(b))] Num[clear]
Score 0.5086183996286193
