Considering 18 features
L0Learn Method
----------

Lambda=0.0900979
	Intercept	6.108652826185786
Score 0.0
Lambda=0.0891969
	Intercept	11.353345657091397
	Feat 17	(c=False)	weight -1.717:	Num[Or(ontable,Nominal(b))]
Score 0.1801957806078548
Lambda=0.0661099
	Intercept	13.941352158302344
	Feat 17	(c=False)	weight -1.51:	Num[Or(ontable,Nominal(b))]
	Feat 1454	(c=False)	weight -1.746:	Num[Or(Exists(on,And(Not(Nominal(a)),ontable)),holding)]
Score 0.3163028881047135
Lambda=0.0190668
	Intercept	3.769156754277449
	Feat 17	(c=False)	weight -1.796:	Num[Or(ontable,Nominal(b))]
	Feat 204	(c=False)	weight 1.661:	Num[Or(Not(Nominal(a)),Forall(on,ontable))]
	Feat 1454	(c=False)	weight -1.737:	Num[Or(Exists(on,And(Not(Nominal(a)),ontable)),holding)]
Score 0.359252062207685
Lambda=0.013775
	Intercept	2.6573870027207986
	Feat 17	(c=False)	weight -1.808:	Num[Or(ontable,Nominal(b))]
	Feat 204	(c=False)	weight 1.814:	Num[Or(Not(Nominal(a)),Forall(on,ontable))]
	Feat 1454	(c=False)	weight -1.612:	Num[Or(Exists(on,And(Not(Nominal(a)),ontable)),holding)]
	Feat 3890	(c=False)	weight -4.171:	Bool[And(clear,Nominal(b))] Bool[And(holding,Nominal(a))]
Score 0.38813726513100455
Lambda=0.00923355
	Intercept	5.365198563131504
	Feat 0	(c=False)	weight -1.531:	Atom[handempty]
	Feat 17	(c=False)	weight -1.631:	Num[Or(ontable,Nominal(b))]
	Feat 204	(c=False)	weight 1.607:	Num[Or(Not(Nominal(a)),Forall(on,ontable))]
	Feat 1454	(c=False)	weight -2.149:	Num[Or(Exists(on,And(Not(Nominal(a)),ontable)),holding)]
	Feat 3890	(c=False)	weight -4.606:	Bool[And(clear,Nominal(b))] Bool[And(holding,Nominal(a))]
Score 0.41655947147329364
Lambda=0.00577405
	Intercept	3.595523225978961
	Feat 0	(c=False)	weight -2.531:	Atom[handempty]
	Feat 17	(c=False)	weight -1.175:	Num[Or(ontable,Nominal(b))]
	Feat 22	(c=False)	weight 1.792:	Bool[Exists(on,Nominal(b))]
	Feat 25	(c=False)	weight 1.408:	Bool[Exists(on,Nominal(a))]
	Feat 204	(c=False)	weight 0.9171:	Num[Or(Not(Nominal(a)),Forall(on,ontable))]
	Feat 1454	(c=False)	weight -2.603:	Num[Or(Exists(on,And(Not(Nominal(a)),ontable)),holding)]
	Feat 2314	(c=False)	weight 1.393:	Num[Or(Or(Nominal(a),Nominal(b)),Exists(Inverse(on),clear))]
	Feat 3890	(c=False)	weight -3.364:	Bool[And(clear,Nominal(b))] Bool[And(holding,Nominal(a))]
Score 0.4821504809205607
Lambda=0.00256769
	Intercept	-3.0423903470939244
	Feat 0	(c=False)	weight -2.666:	Atom[handempty]
	Feat 17	(c=False)	weight -1.13:	Num[Or(ontable,Nominal(b))]
	Feat 22	(c=False)	weight 2.145:	Bool[Exists(on,Nominal(b))]
	Feat 25	(c=False)	weight 1.472:	Bool[Exists(on,Nominal(a))]
	Feat 204	(c=False)	weight 0.8483:	Num[Or(Not(Nominal(a)),Forall(on,ontable))]
	Feat 1454	(c=False)	weight -2.686:	Num[Or(Exists(on,And(Not(Nominal(a)),ontable)),holding)]
	Feat 1866	(c=False)	weight 0.9235:	Num[Not(And(Exists(on,Exists(on,Nominal(b))),clear))]
	Feat 2314	(c=False)	weight 1.588:	Num[Or(Or(Nominal(a),Nominal(b)),Exists(Inverse(on),clear))]
	Feat 3890	(c=False)	weight -3.345:	Bool[And(clear,Nominal(b))] Bool[And(holding,Nominal(a))]
Score 0.4888217104787439
Lambda=0.0013766
	Intercept	-0.3492881874517648
	Feat 0	(c=False)	weight -2.472:	Atom[handempty]
	Feat 17	(c=False)	weight -1.197:	Num[Or(ontable,Nominal(b))]
	Feat 22	(c=False)	weight 1.83:	Bool[Exists(on,Nominal(b))]
	Feat 25	(c=False)	weight 1.472:	Bool[Exists(on,Nominal(a))]
	Feat 204	(c=False)	weight 0.8821:	Num[Or(Not(Nominal(a)),Forall(on,ontable))]
	Feat 569	(c=False)	weight -0.3037:	Num[Exists(Star(on),And(Not(Nominal(b)),ontable))]
	Feat 1454	(c=False)	weight -2.719:	Num[Or(Exists(on,And(Not(Nominal(a)),ontable)),holding)]
	Feat 1866	(c=False)	weight 0.7899:	Num[Not(And(Exists(on,Exists(on,Nominal(b))),clear))]
	Feat 2314	(c=False)	weight 1.498:	Num[Or(Or(Nominal(a),Nominal(b)),Exists(Inverse(on),clear))]
	Feat 3890	(c=False)	weight -3.438:	Bool[And(clear,Nominal(b))] Bool[And(holding,Nominal(a))]
	Feat 4696	(c=False)	weight -0.2465:	Bool[And(Forall(Star(on),Nominal(a)),Nominal(b))] Num[clear]
Score 0.49809712815796414
Lambda=0.000467166
	Intercept	-0.08579944947884321
	Feat 0	(c=False)	weight -2.414:	Atom[handempty]
	Feat 17	(c=False)	weight -1.167:	Num[Or(ontable,Nominal(b))]
	Feat 22	(c=False)	weight 1.799:	Bool[Exists(on,Nominal(b))]
	Feat 25	(c=False)	weight 1.577:	Bool[Exists(on,Nominal(a))]
	Feat 204	(c=False)	weight 0.7912:	Num[Or(Not(Nominal(a)),Forall(on,ontable))]
	Feat 569	(c=False)	weight -0.3037:	Num[Exists(Star(on),And(Not(Nominal(b)),ontable))]
	Feat 1454	(c=False)	weight -2.729:	Num[Or(Exists(on,And(Not(Nominal(a)),ontable)),holding)]
	Feat 1866	(c=False)	weight 0.8004:	Num[Not(And(Exists(on,Exists(on,Nominal(b))),clear))]
	Feat 2314	(c=False)	weight 1.521:	Num[Or(Or(Nominal(a),Nominal(b)),Exists(Inverse(on),clear))]
	Feat 3890	(c=False)	weight -4.206:	Bool[And(clear,Nominal(b))] Bool[And(holding,Nominal(a))]
	Feat 3995	(c=False)	weight 0.1295:	Bool[And(holding,Nominal(a))] Num[Or(Not(Nominal(a)),holding)]
	Feat 4696	(c=False)	weight -0.2378:	Bool[And(Forall(Star(on),Nominal(a)),Nominal(b))] Num[clear]
Score 0.49993814687023774
Lambda=0.000335769
	Intercept	-1.9267345194663417
	Feat 0	(c=False)	weight -2.956:	Atom[handempty]
	Feat 17	(c=False)	weight -0.6613:	Num[Or(ontable,Nominal(b))]
	Feat 22	(c=False)	weight 2.275:	Bool[Exists(on,Nominal(b))]
	Feat 25	(c=False)	weight 1.952:	Bool[Exists(on,Nominal(a))]
	Feat 204	(c=False)	weight 0.9824:	Num[Or(Not(Nominal(a)),Forall(on,ontable))]
	Feat 569	(c=False)	weight -0.4345:	Num[Exists(Star(on),And(Not(Nominal(b)),ontable))]
	Feat 1159	(c=False)	weight -0.6038:	Num[Or(Forall(Star(on),Or(Nominal(a),Nominal(b))),clear)]
	Feat 1454	(c=False)	weight -2.623:	Num[Or(Exists(on,And(Not(Nominal(a)),ontable)),holding)]
	Feat 1866	(c=False)	weight 0.8777:	Num[Not(And(Exists(on,Exists(on,Nominal(b))),clear))]
	Feat 2314	(c=False)	weight 1.967:	Num[Or(Or(Nominal(a),Nominal(b)),Exists(Inverse(on),clear))]
	Feat 3701	(c=False)	weight -0.5475:	Bool[holding] Bool[Exists(on,And(Not(ontable),Nominal(b)))]
	Feat 3890	(c=False)	weight -4.351:	Bool[And(clear,Nominal(b))] Bool[And(holding,Nominal(a))]
	Feat 3995	(c=False)	weight 0.1344:	Bool[And(holding,Nominal(a))] Num[Or(Not(Nominal(a)),holding)]
	Feat 4696	(c=False)	weight -0.1175:	Bool[And(Forall(Star(on),Nominal(a)),Nominal(b))] Num[clear]
Score 0.5072241935789802
Lambda=0.000104137
	Intercept	-3.02000956190429
	Feat 0	(c=False)	weight -3.229:	Atom[handempty]
	Feat 17	(c=False)	weight -0.3761:	Num[Or(ontable,Nominal(b))]
	Feat 22	(c=False)	weight 3.18:	Bool[Exists(on,Nominal(b))]
	Feat 25	(c=False)	weight 1.982:	Bool[Exists(on,Nominal(a))]
	Feat 204	(c=False)	weight 0.9524:	Num[Or(Not(Nominal(a)),Forall(on,ontable))]
	Feat 569	(c=False)	weight -0.27:	Num[Exists(Star(on),And(Not(Nominal(b)),ontable))]
	Feat 1159	(c=False)	weight -0.7029:	Num[Or(Forall(Star(on),Or(Nominal(a),Nominal(b))),clear)]
	Feat 1454	(c=False)	weight -2.745:	Num[Or(Exists(on,And(Not(Nominal(a)),ontable)),holding)]
	Feat 1866	(c=False)	weight 0.9205:	Num[Not(And(Exists(on,Exists(on,Nominal(b))),clear))]
	Feat 2314	(c=False)	weight 2.048:	Num[Or(Or(Nominal(a),Nominal(b)),Exists(Inverse(on),clear))]
	Feat 3701	(c=False)	weight -0.331:	Bool[holding] Bool[Exists(on,And(Not(ontable),Nominal(b)))]
	Feat 3890	(c=False)	weight -4.247:	Bool[And(clear,Nominal(b))] Bool[And(holding,Nominal(a))]
	Feat 3995	(c=False)	weight 0.131:	Bool[And(holding,Nominal(a))] Num[Or(Not(Nominal(a)),holding)]
	Feat 4325	(c=False)	weight -1.146:	Bool[Exists(on,Nominal(b))] Bool[Exists(Inverse(on),Nominal(b))]
	Feat 4696	(c=False)	weight -0.1464:	Bool[And(Forall(Star(on),Nominal(a)),Nominal(b))] Num[clear]
Score 0.5095153803354106
Lambda=2.57553e-05
	Intercept	-3.8430135542182597
	Feat 0	(c=False)	weight -3.277:	Atom[handempty]
	Feat 17	(c=False)	weight -0.4598:	Num[Or(ontable,Nominal(b))]
	Feat 22	(c=False)	weight 3.331:	Bool[Exists(on,Nominal(b))]
	Feat 25	(c=False)	weight 1.964:	Bool[Exists(on,Nominal(a))]
	Feat 204	(c=False)	weight 0.9641:	Num[Or(Not(Nominal(a)),Forall(on,ontable))]
	Feat 569	(c=False)	weight -0.24:	Num[Exists(Star(on),And(Not(Nominal(b)),ontable))]
	Feat 1159	(c=False)	weight -0.7996:	Num[Or(Forall(Star(on),Or(Nominal(a),Nominal(b))),clear)]
	Feat 1454	(c=False)	weight -2.828:	Num[Or(Exists(on,And(Not(Nominal(a)),ontable)),holding)]
	Feat 1843	(c=False)	weight 0.2137:	Num[Or(And(Not(Nominal(b)),Forall(on,Nominal(b))),clear)]
	Feat 1866	(c=False)	weight 1.02:	Num[Not(And(Exists(on,Exists(on,Nominal(b))),clear))]
	Feat 2314	(c=False)	weight 2.02:	Num[Or(Or(Nominal(a),Nominal(b)),Exists(Inverse(on),clear))]
	Feat 3701	(c=False)	weight -0.368:	Bool[holding] Bool[Exists(on,And(Not(ontable),Nominal(b)))]
	Feat 3890	(c=False)	weight -4.287:	Bool[And(clear,Nominal(b))] Bool[And(holding,Nominal(a))]
	Feat 3995	(c=False)	weight 0.1268:	Bool[And(holding,Nominal(a))] Num[Or(Not(Nominal(a)),holding)]
	Feat 4325	(c=False)	weight -1.385:	Bool[Exists(on,Nominal(b))] Bool[Exists(Inverse(on),Nominal(b))]
	Feat 4696	(c=False)	weight -0.1539:	Bool[And(Forall(Star(on),Nominal(a)),Nominal(b))] Num[clear]
Score 0.5100320066217988
Lambda=2.02517e-05
	Intercept	-4.691061287191051
	Feat 0	(c=False)	weight -3.305:	Atom[handempty]
	Feat 17	(c=False)	weight -0.3943:	Num[Or(ontable,Nominal(b))]
	Feat 22	(c=False)	weight 3.406:	Bool[Exists(on,Nominal(b))]
	Feat 25	(c=False)	weight 1.99:	Bool[Exists(on,Nominal(a))]
	Feat 45	(c=True)	weight 0.4448:	Bool[And(Forall(on,<empty>),Nominal(b))]
	Feat 204	(c=False)	weight 0.9645:	Num[Or(Not(Nominal(a)),Forall(on,ontable))]
	Feat 569	(c=False)	weight -0.1989:	Num[Exists(Star(on),And(Not(Nominal(b)),ontable))]
	Feat 1159	(c=False)	weight -0.8236:	Num[Or(Forall(Star(on),Or(Nominal(a),Nominal(b))),clear)]
	Feat 1454	(c=False)	weight -2.874:	Num[Or(Exists(on,And(Not(Nominal(a)),ontable)),holding)]
	Feat 1843	(c=False)	weight 0.2684:	Num[Or(And(Not(Nominal(b)),Forall(on,Nominal(b))),clear)]
	Feat 1866	(c=False)	weight 1.062:	Num[Not(And(Exists(on,Exists(on,Nominal(b))),clear))]
	Feat 2314	(c=False)	weight 2.04:	Num[Or(Or(Nominal(a),Nominal(b)),Exists(Inverse(on),clear))]
	Feat 3701	(c=False)	weight -0.32:	Bool[holding] Bool[Exists(on,And(Not(ontable),Nominal(b)))]
	Feat 3890	(c=False)	weight -4.248:	Bool[And(clear,Nominal(b))] Bool[And(holding,Nominal(a))]
	Feat 3995	(c=False)	weight 0.128:	Bool[And(holding,Nominal(a))] Num[Or(Not(Nominal(a)),holding)]
	Feat 4325	(c=False)	weight -1.405:	Bool[Exists(on,Nominal(b))] Bool[Exists(Inverse(on),Nominal(b))]
	Feat 4696	(c=False)	weight -0.2554:	Bool[And(Forall(Star(on),Nominal(a)),Nominal(b))] Num[clear]
Score 0.5104294710561044
Lambda=6.71165e-06
	Intercept	-2.019808830426866
	Feat 0	(c=False)	weight -5.436:	Atom[handempty]
	Feat 17	(c=False)	weight -0.3472:	Num[Or(ontable,Nominal(b))]
	Feat 22	(c=False)	weight 3.412:	Bool[Exists(on,Nominal(b))]
	Feat 25	(c=False)	weight 1.975:	Bool[Exists(on,Nominal(a))]
	Feat 45	(c=True)	weight 0.502:	Bool[And(Forall(on,<empty>),Nominal(b))]
	Feat 204	(c=False)	weight 0.955:	Num[Or(Not(Nominal(a)),Forall(on,ontable))]
	Feat 569	(c=False)	weight -0.2144:	Num[Exists(Star(on),And(Not(Nominal(b)),ontable))]
	Feat 1159	(c=False)	weight -0.878:	Num[Or(Forall(Star(on),Or(Nominal(a),Nominal(b))),clear)]
	Feat 1454	(c=False)	weight -2.956:	Num[Or(Exists(on,And(Not(Nominal(a)),ontable)),holding)]
	Feat 1843	(c=False)	weight 0.2613:	Num[Or(And(Not(Nominal(b)),Forall(on,Nominal(b))),clear)]
	Feat 1866	(c=False)	weight 1.041:	Num[Not(And(Exists(on,Exists(on,Nominal(b))),clear))]
	Feat 2314	(c=False)	weight 2.039:	Num[Or(Or(Nominal(a),Nominal(b)),Exists(Inverse(on),clear))]
	Feat 3642	(c=False)	weight -0.3827:	Bool[holding] Num[Forall(on,Not(Or(ontable,Nominal(b))))]
	Feat 3701	(c=False)	weight -0.5548:	Bool[holding] Bool[Exists(on,And(Not(ontable),Nominal(b)))]
	Feat 3890	(c=False)	weight -4.213:	Bool[And(clear,Nominal(b))] Bool[And(holding,Nominal(a))]
	Feat 3995	(c=False)	weight 0.1269:	Bool[And(holding,Nominal(a))] Num[Or(Not(Nominal(a)),holding)]
	Feat 4325	(c=False)	weight -1.466:	Bool[Exists(on,Nominal(b))] Bool[Exists(Inverse(on),Nominal(b))]
	Feat 4696	(c=False)	weight -0.2616:	Bool[And(Forall(Star(on),Nominal(a)),Nominal(b))] Num[clear]
Score 0.5115916667068043
