Considering 30 features
L0Learn Method
----------

Lambda=0.0993671
	Intercept	6.108652826185786
Score 0.0
Lambda=0.0983734
	Intercept	2.9556796975462314
	Feat 1707	(c=8)	weight 1.419:	Num[Or(Exists(on,Exists(on,Exists(on,<universe>))),Nominal(b))]
Score 0.19873411210661984
Lambda=0.0354515
	Intercept	2.1271784753551066
	Feat 25	(c=3)	weight 2.076:	Bool[Exists(on,Nominal(a))]
	Feat 1707	(c=8)	weight 1.235:	Num[Or(Exists(on,Exists(on,Exists(on,<universe>))),Nominal(b))]
Score 0.2735573995874817
Lambda=0.0188479
	Intercept	-10.045174190838274
	Feat 25	(c=3)	weight 1.852:	Bool[Exists(on,Nominal(a))]
	Feat 204	(c=6)	weight 1.755:	Num[Or(Not(Nominal(a)),Forall(on,ontable))]
	Feat 1707	(c=8)	weight 1.53:	Num[Or(Exists(on,Exists(on,Exists(on,<universe>))),Nominal(b))]
Score 0.31868367876328074
Lambda=0.014615
	Intercept	-10.589830485766122
	Feat 22	(c=3)	weight 1.417:	Bool[Exists(on,Nominal(b))]
	Feat 25	(c=3)	weight 2.043:	Bool[Exists(on,Nominal(a))]
	Feat 204	(c=6)	weight 1.756:	Num[Or(Not(Nominal(a)),Forall(on,ontable))]
	Feat 1707	(c=8)	weight 1.339:	Num[Or(Exists(on,Exists(on,Exists(on,<universe>))),Nominal(b))]
Score 0.35146909204918586
Lambda=0.00686144
	Intercept	-5.652148981174577
	Feat 25	(c=3)	weight 1.907:	Bool[Exists(on,Nominal(a))]
	Feat 204	(c=6)	weight 1.248:	Num[Or(Not(Nominal(a)),Forall(on,ontable))]
	Feat 569	(c=7)	weight -0.7728:	Num[Exists(Star(on),And(Not(Nominal(b)),ontable))]
	Feat 1454	(c=8)	weight -1.435:	Num[Or(Exists(on,And(Not(Nominal(a)),ontable)),holding)]
	Feat 2146	(c=8)	weight 1.793:	Num[Not(And(Forall(on,Nominal(a)),Or(clear,ontable)))]
	Feat 3890	(c=7)	weight -3.566:	Bool[And(clear,Nominal(b))] Bool[And(holding,Nominal(a))]
Score 0.45570370530022064
Lambda=0.00278914
	Intercept	-2.0532649982480784
	Feat 22	(c=3)	weight 1.369:	Bool[Exists(on,Nominal(b))]
	Feat 25	(c=3)	weight 1.912:	Bool[Exists(on,Nominal(a))]
	Feat 204	(c=6)	weight 0.8597:	Num[Or(Not(Nominal(a)),Forall(on,ontable))]
	Feat 569	(c=7)	weight -0.5237:	Num[Exists(Star(on),And(Not(Nominal(b)),ontable))]
	Feat 1454	(c=8)	weight -2.204:	Num[Or(Exists(on,And(Not(Nominal(a)),ontable)),holding)]
	Feat 2146	(c=8)	weight 1.048:	Num[Not(And(Forall(on,Nominal(a)),Or(clear,ontable)))]
	Feat 2314	(c=8)	weight 0.9232:	Num[Or(Or(Nominal(a),Nominal(b)),Exists(Inverse(on),clear))]
	Feat 3156	(c=7)	weight -0.4807:	Atom[handempty] Num[Forall(on,Exists(on,ontable))]
	Feat 3890	(c=7)	weight -3.353:	Bool[And(clear,Nominal(b))] Bool[And(holding,Nominal(a))]
Score 0.4886427920261913
Lambda=0.00101197
	Intercept	-4.445672728054777
	Feat 22	(c=3)	weight 1.381:	Bool[Exists(on,Nominal(b))]
	Feat 25	(c=3)	weight 1.409:	Bool[Exists(on,Nominal(a))]
	Feat 204	(c=6)	weight 1.015:	Num[Or(Not(Nominal(a)),Forall(on,ontable))]
	Feat 334	(c=6)	weight 0.6004:	Num[Or(Not(clear),Exists(on,Nominal(a)))]
	Feat 569	(c=7)	weight -0.5582:	Num[Exists(Star(on),And(Not(Nominal(b)),ontable))]
	Feat 1454	(c=8)	weight -2.43:	Num[Or(Exists(on,And(Not(Nominal(a)),ontable)),holding)]
	Feat 2146	(c=8)	weight 0.7004:	Num[Not(And(Forall(on,Nominal(a)),Or(clear,ontable)))]
	Feat 2314	(c=8)	weight 1.189:	Num[Or(Or(Nominal(a),Nominal(b)),Exists(Inverse(on),clear))]
	Feat 3156	(c=7)	weight -0.4981:	Atom[handempty] Num[Forall(on,Exists(on,ontable))]
	Feat 3890	(c=7)	weight -3.408:	Bool[And(clear,Nominal(b))] Bool[And(holding,Nominal(a))]
Score 0.49592724533112365
Lambda=0.00098586
	Intercept	-9.108782880113427
	Feat 22	(c=3)	weight 1.688:	Bool[Exists(on,Nominal(b))]
	Feat 25	(c=3)	weight 1.35:	Bool[Exists(on,Nominal(a))]
	Feat 204	(c=6)	weight 0.98:	Num[Or(Not(Nominal(a)),Forall(on,ontable))]
	Feat 334	(c=6)	weight 0.6921:	Num[Or(Not(clear),Exists(on,Nominal(a)))]
	Feat 569	(c=7)	weight -0.5226:	Num[Exists(Star(on),And(Not(Nominal(b)),ontable))]
	Feat 1454	(c=8)	weight -2.548:	Num[Or(Exists(on,And(Not(Nominal(a)),ontable)),holding)]
	Feat 1866	(c=8)	weight 0.6474:	Num[Not(And(Exists(on,Exists(on,Nominal(b))),clear))]
	Feat 2146	(c=8)	weight 0.5519:	Num[Not(And(Forall(on,Nominal(a)),Or(clear,ontable)))]
	Feat 2314	(c=8)	weight 1.412:	Num[Or(Or(Nominal(a),Nominal(b)),Exists(Inverse(on),clear))]
	Feat 3156	(c=7)	weight -0.5432:	Atom[handempty] Num[Forall(on,Exists(on,ontable))]
	Feat 3890	(c=7)	weight -3.399:	Bool[And(clear,Nominal(b))] Bool[And(holding,Nominal(a))]
Score 0.49885776829276585
Lambda=0.000608149
	Intercept	-8.60949338514924
	Feat 22	(c=3)	weight 1.676:	Bool[Exists(on,Nominal(b))]
	Feat 25	(c=3)	weight 1.467:	Bool[Exists(on,Nominal(a))]
	Feat 204	(c=6)	weight 0.8671:	Num[Or(Not(Nominal(a)),Forall(on,ontable))]
	Feat 334	(c=6)	weight 0.6783:	Num[Or(Not(clear),Exists(on,Nominal(a)))]
	Feat 569	(c=7)	weight -0.514:	Num[Exists(Star(on),And(Not(Nominal(b)),ontable))]
	Feat 1454	(c=8)	weight -2.582:	Num[Or(Exists(on,And(Not(Nominal(a)),ontable)),holding)]
	Feat 1866	(c=8)	weight 0.6777:	Num[Not(And(Exists(on,Exists(on,Nominal(b))),clear))]
	Feat 2146	(c=8)	weight 0.5199:	Num[Not(And(Forall(on,Nominal(a)),Or(clear,ontable)))]
	Feat 2314	(c=8)	weight 1.463:	Num[Or(Or(Nominal(a),Nominal(b)),Exists(Inverse(on),clear))]
	Feat 3156	(c=7)	weight -0.5369:	Atom[handempty] Num[Forall(on,Exists(on,ontable))]
	Feat 3890	(c=7)	weight -4.277:	Bool[And(clear,Nominal(b))] Bool[And(holding,Nominal(a))]
	Feat 3991	(c=8)	weight 1.032:	Bool[And(holding,Nominal(a))] Bool[And(Not(holding),Nominal(b))]
Score 0.5012464524040392
Lambda=0.000255131
	Intercept	-8.599461284541972
	Feat 22	(c=3)	weight 2.187:	Bool[Exists(on,Nominal(b))]
	Feat 25	(c=3)	weight 1.687:	Bool[Exists(on,Nominal(a))]
	Feat 45	(c=4)	weight 0.293:	Bool[And(Forall(on,<empty>),Nominal(b))]
	Feat 204	(c=6)	weight 1.055:	Num[Or(Not(Nominal(a)),Forall(on,ontable))]
	Feat 334	(c=6)	weight 0.5016:	Num[Or(Not(clear),Exists(on,Nominal(a)))]
	Feat 485	(c=7)	weight 0.303:	Num[Or(Exists(on,Exists(on,ontable)),Nominal(b))]
	Feat 569	(c=7)	weight -0.4871:	Num[Exists(Star(on),And(Not(Nominal(b)),ontable))]
	Feat 1159	(c=8)	weight -0.5253:	Num[Or(Forall(Star(on),Or(Nominal(a),Nominal(b))),clear)]
	Feat 1454	(c=8)	weight -2.629:	Num[Or(Exists(on,And(Not(Nominal(a)),ontable)),holding)]
	Feat 1866	(c=8)	weight 0.9359:	Num[Not(And(Exists(on,Exists(on,Nominal(b))),clear))]
	Feat 2314	(c=8)	weight 2.04:	Num[Or(Or(Nominal(a),Nominal(b)),Exists(Inverse(on),clear))]
	Feat 3156	(c=7)	weight -0.704:	Atom[handempty] Num[Forall(on,Exists(on,ontable))]
	Feat 3890	(c=7)	weight -4.267:	Bool[And(clear,Nominal(b))] Bool[And(holding,Nominal(a))]
	Feat 3991	(c=8)	weight 1.007:	Bool[And(holding,Nominal(a))] Bool[And(Not(holding),Nominal(b))]
Score 0.5056459330157654
Lambda=0.000126479
	Intercept	-8.641474735711085
	Feat 22	(c=3)	weight 1.653:	Bool[Exists(on,Nominal(b))]
	Feat 25	(c=3)	weight 1.697:	Bool[Exists(on,Nominal(a))]
	Feat 45	(c=4)	weight 0.6937:	Bool[And(Forall(on,<empty>),Nominal(b))]
	Feat 204	(c=6)	weight 1.015:	Num[Or(Not(Nominal(a)),Forall(on,ontable))]
	Feat 334	(c=6)	weight 0.4799:	Num[Or(Not(clear),Exists(on,Nominal(a)))]
	Feat 485	(c=7)	weight 0.2552:	Num[Or(Exists(on,Exists(on,ontable)),Nominal(b))]
	Feat 569	(c=7)	weight -0.3604:	Num[Exists(Star(on),And(Not(Nominal(b)),ontable))]
	Feat 1159	(c=8)	weight -0.523:	Num[Or(Forall(Star(on),Or(Nominal(a),Nominal(b))),clear)]
	Feat 1454	(c=8)	weight -2.781:	Num[Or(Exists(on,And(Not(Nominal(a)),ontable)),holding)]
	Feat 1866	(c=8)	weight 0.9718:	Num[Not(And(Exists(on,Exists(on,Nominal(b))),clear))]
	Feat 2314	(c=8)	weight 2.09:	Num[Or(Or(Nominal(a),Nominal(b)),Exists(Inverse(on),clear))]
	Feat 3156	(c=7)	weight -0.7191:	Atom[handempty] Num[Forall(on,Exists(on,ontable))]
	Feat 3890	(c=7)	weight -4.089:	Bool[And(clear,Nominal(b))] Bool[And(holding,Nominal(a))]
	Feat 3991	(c=8)	weight 0.9367:	Bool[And(holding,Nominal(a))] Bool[And(Not(holding),Nominal(b))]
	Feat 4265	(c=6)	weight 0.3533:	Bool[Exists(on,Nominal(b))] Num[Forall(on,<empty>)]
	Feat 4325	(c=8)	weight -0.5481:	Bool[Exists(on,Nominal(b))] Bool[Exists(Inverse(on),Nominal(b))]
	Feat 4696	(c=8)	weight -0.2184:	Bool[And(Forall(Star(on),Nominal(a)),Nominal(b))] Num[clear]
Score 0.5102490845846797
Lambda=8.01858e-05
	Intercept	-7.908920852426046
	Feat 0	(c=1)	weight -1.892:	Atom[handempty]
	Feat 22	(c=3)	weight 2.32:	Bool[Exists(on,Nominal(b))]
	Feat 25	(c=3)	weight 1.734:	Bool[Exists(on,Nominal(a))]
	Feat 45	(c=4)	weight 0.6137:	Bool[And(Forall(on,<empty>),Nominal(b))]
	Feat 204	(c=6)	weight 0.991:	Num[Or(Not(Nominal(a)),Forall(on,ontable))]
	Feat 334	(c=6)	weight 0.4367:	Num[Or(Not(clear),Exists(on,Nominal(a)))]
	Feat 485	(c=7)	weight 0.1512:	Num[Or(Exists(on,Exists(on,ontable)),Nominal(b))]
	Feat 569	(c=7)	weight -0.3118:	Num[Exists(Star(on),And(Not(Nominal(b)),ontable))]
	Feat 1159	(c=8)	weight -0.5994:	Num[Or(Forall(Star(on),Or(Nominal(a),Nominal(b))),clear)]
	Feat 1454	(c=8)	weight -2.869:	Num[Or(Exists(on,And(Not(Nominal(a)),ontable)),holding)]
	Feat 1866	(c=8)	weight 1.024:	Num[Not(And(Exists(on,Exists(on,Nominal(b))),clear))]
	Feat 2314	(c=8)	weight 2.173:	Num[Or(Or(Nominal(a),Nominal(b)),Exists(Inverse(on),clear))]
	Feat 3156	(c=7)	weight -0.3862:	Atom[handempty] Num[Forall(on,Exists(on,ontable))]
	Feat 3606	(c=8)	weight -0.1295:	Bool[holding] Num[Or(And(Forall(on,<empty>),Nominal(b)),clear)]
	Feat 3890	(c=7)	weight -4.046:	Bool[And(clear,Nominal(b))] Bool[And(holding,Nominal(a))]
	Feat 3991	(c=8)	weight 0.8477:	Bool[And(holding,Nominal(a))] Bool[And(Not(holding),Nominal(b))]
	Feat 4265	(c=6)	weight 0.2341:	Bool[Exists(on,Nominal(b))] Num[Forall(on,<empty>)]
	Feat 4325	(c=8)	weight -0.8733:	Bool[Exists(on,Nominal(b))] Bool[Exists(Inverse(on),Nominal(b))]
	Feat 4696	(c=8)	weight -0.1913:	Bool[And(Forall(Star(on),Nominal(a)),Nominal(b))] Num[clear]
Score 0.5138397357133643
Lambda=7.85358e-05
	Intercept	-7.336184859593256
	Feat 0	(c=1)	weight -2.351:	Atom[handempty]
	Feat 22	(c=3)	weight 3.073:	Bool[Exists(on,Nominal(b))]
	Feat 25	(c=3)	weight 1.733:	Bool[Exists(on,Nominal(a))]
	Feat 45	(c=4)	weight 0.833:	Bool[And(Forall(on,<empty>),Nominal(b))]
	Feat 204	(c=6)	weight 1.024:	Num[Or(Not(Nominal(a)),Forall(on,ontable))]
	Feat 334	(c=6)	weight 0.3882:	Num[Or(Not(clear),Exists(on,Nominal(a)))]
	Feat 485	(c=7)	weight 0.3424:	Num[Or(Exists(on,Exists(on,ontable)),Nominal(b))]
	Feat 569	(c=7)	weight -0.2139:	Num[Exists(Star(on),And(Not(Nominal(b)),ontable))]
	Feat 1159	(c=8)	weight -0.8833:	Num[Or(Forall(Star(on),Or(Nominal(a),Nominal(b))),clear)]
	Feat 1454	(c=8)	weight -3.122:	Num[Or(Exists(on,And(Not(Nominal(a)),ontable)),holding)]
	Feat 1866	(c=8)	weight 1.316:	Num[Not(And(Exists(on,Exists(on,Nominal(b))),clear))]
	Feat 2146	(c=8)	weight -0.6016:	Num[Not(And(Forall(on,Nominal(a)),Or(clear,ontable)))]
	Feat 2314	(c=8)	weight 2.698:	Num[Or(Or(Nominal(a),Nominal(b)),Exists(Inverse(on),clear))]
	Feat 3156	(c=7)	weight -0.558:	Atom[handempty] Num[Forall(on,Exists(on,ontable))]
	Feat 3606	(c=8)	weight -0.2666:	Bool[holding] Num[Or(And(Forall(on,<empty>),Nominal(b)),clear)]
	Feat 3890	(c=7)	weight -4.071:	Bool[And(clear,Nominal(b))] Bool[And(holding,Nominal(a))]
	Feat 3991	(c=8)	weight 0.8343:	Bool[And(holding,Nominal(a))] Bool[And(Not(holding),Nominal(b))]
	Feat 4265	(c=6)	weight 0.225:	Bool[Exists(on,Nominal(b))] Num[Forall(on,<empty>)]
	Feat 4325	(c=8)	weight -1.198:	Bool[Exists(on,Nominal(b))] Bool[Exists(Inverse(on),Nominal(b))]
	Feat 4696	(c=8)	weight -0.2848:	Bool[And(Forall(Star(on),Nominal(a)),Nominal(b))] Num[clear]
Score 0.5160089919274427
Lambda=6.7065e-05
	Intercept	-6.946598064176655
	Feat 0	(c=1)	weight -2.743:	Atom[handempty]
	Feat 22	(c=3)	weight 3.052:	Bool[Exists(on,Nominal(b))]
	Feat 25	(c=3)	weight 1.734:	Bool[Exists(on,Nominal(a))]
	Feat 45	(c=4)	weight 0.791:	Bool[And(Forall(on,<empty>),Nominal(b))]
	Feat 204	(c=6)	weight 1.021:	Num[Or(Not(Nominal(a)),Forall(on,ontable))]
	Feat 334	(c=6)	weight 0.3823:	Num[Or(Not(clear),Exists(on,Nominal(a)))]
	Feat 485	(c=7)	weight 0.3383:	Num[Or(Exists(on,Exists(on,ontable)),Nominal(b))]
	Feat 569	(c=7)	weight -0.2182:	Num[Exists(Star(on),And(Not(Nominal(b)),ontable))]
	Feat 1159	(c=8)	weight -0.8929:	Num[Or(Forall(Star(on),Or(Nominal(a),Nominal(b))),clear)]
	Feat 1454	(c=8)	weight -3.127:	Num[Or(Exists(on,And(Not(Nominal(a)),ontable)),holding)]
	Feat 1866	(c=8)	weight 1.322:	Num[Not(And(Exists(on,Exists(on,Nominal(b))),clear))]
	Feat 2146	(c=8)	weight -0.6135:	Num[Not(And(Forall(on,Nominal(a)),Or(clear,ontable)))]
	Feat 2314	(c=8)	weight 2.708:	Num[Or(Or(Nominal(a),Nominal(b)),Exists(Inverse(on),clear))]
	Feat 3156	(c=7)	weight -0.5476:	Atom[handempty] Num[Forall(on,Exists(on,ontable))]
	Feat 3606	(c=8)	weight -0.3482:	Bool[holding] Num[Or(And(Forall(on,<empty>),Nominal(b)),clear)]
	Feat 3701	(c=8)	weight -0.3881:	Bool[holding] Bool[Exists(on,And(Not(ontable),Nominal(b)))]
	Feat 3890	(c=7)	weight -4.195:	Bool[And(clear,Nominal(b))] Bool[And(holding,Nominal(a))]
	Feat 3991	(c=8)	weight 0.8832:	Bool[And(holding,Nominal(a))] Bool[And(Not(holding),Nominal(b))]
	Feat 4265	(c=6)	weight 0.2456:	Bool[Exists(on,Nominal(b))] Num[Forall(on,<empty>)]
	Feat 4325	(c=8)	weight -1.088:	Bool[Exists(on,Nominal(b))] Bool[Exists(Inverse(on),Nominal(b))]
	Feat 4696	(c=8)	weight -0.2718:	Bool[And(Forall(Star(on),Nominal(a)),Nominal(b))] Num[clear]
Score 0.5164531146140414
Lambda=1.30079e-05
	Intercept	-6.851646427643125
	Feat 0	(c=1)	weight -2.692:	Atom[handempty]
	Feat 22	(c=3)	weight 3.075:	Bool[Exists(on,Nominal(b))]
	Feat 25	(c=3)	weight 1.266:	Bool[Exists(on,Nominal(a))]
	Feat 45	(c=4)	weight 0.8847:	Bool[And(Forall(on,<empty>),Nominal(b))]
	Feat 204	(c=6)	weight 1.037:	Num[Or(Not(Nominal(a)),Forall(on,ontable))]
	Feat 334	(c=6)	weight 0.3702:	Num[Or(Not(clear),Exists(on,Nominal(a)))]
	Feat 485	(c=7)	weight 0.3504:	Num[Or(Exists(on,Exists(on,ontable)),Nominal(b))]
	Feat 569	(c=7)	weight -0.2272:	Num[Exists(Star(on),And(Not(Nominal(b)),ontable))]
	Feat 1159	(c=8)	weight -0.908:	Num[Or(Forall(Star(on),Or(Nominal(a),Nominal(b))),clear)]
	Feat 1454	(c=8)	weight -3.098:	Num[Or(Exists(on,And(Not(Nominal(a)),ontable)),holding)]
	Feat 1866	(c=8)	weight 1.305:	Num[Not(And(Exists(on,Exists(on,Nominal(b))),clear))]
	Feat 2146	(c=8)	weight -0.5724:	Num[Not(And(Forall(on,Nominal(a)),Or(clear,ontable)))]
	Feat 2314	(c=8)	weight 2.69:	Num[Or(Or(Nominal(a),Nominal(b)),Exists(Inverse(on),clear))]
	Feat 3156	(c=7)	weight -0.5991:	Atom[handempty] Num[Forall(on,Exists(on,ontable))]
	Feat 3606	(c=8)	weight -0.4033:	Bool[holding] Num[Or(And(Forall(on,<empty>),Nominal(b)),clear)]
	Feat 3701	(c=8)	weight -0.4148:	Bool[holding] Bool[Exists(on,And(Not(ontable),Nominal(b)))]
	Feat 3890	(c=7)	weight -4.251:	Bool[And(clear,Nominal(b))] Bool[And(holding,Nominal(a))]
	Feat 3991	(c=8)	weight 0.4037:	Bool[And(holding,Nominal(a))] Bool[And(Not(holding),Nominal(b))]
	Feat 4265	(c=6)	weight 0.2437:	Bool[Exists(on,Nominal(b))] Num[Forall(on,<empty>)]
	Feat 4325	(c=8)	weight -1.106:	Bool[Exists(on,Nominal(b))] Bool[Exists(Inverse(on),Nominal(b))]
	Feat 4484	(c=8)	weight 0.1581:	Bool[And(Not(clear),Nominal(a))] Num[Or(ontable,Nominal(b))]
	Feat 4696	(c=8)	weight -0.279:	Bool[And(Forall(Star(on),Nominal(a)),Nominal(b))] Num[clear]
Score 0.5168411499634259
Lambda=3.0512e-06
	Intercept	-4.3555835077923835
	Feat 0	(c=1)	weight -4.159:	Atom[handempty]
	Feat 22	(c=3)	weight 3.024:	Bool[Exists(on,Nominal(b))]
	Feat 25	(c=3)	weight 1.182:	Bool[Exists(on,Nominal(a))]
	Feat 45	(c=4)	weight 0.8847:	Bool[And(Forall(on,<empty>),Nominal(b))]
	Feat 204	(c=6)	weight 0.9611:	Num[Or(Not(Nominal(a)),Forall(on,ontable))]
	Feat 334	(c=6)	weight 0.351:	Num[Or(Not(clear),Exists(on,Nominal(a)))]
	Feat 485	(c=7)	weight 0.3492:	Num[Or(Exists(on,Exists(on,ontable)),Nominal(b))]
	Feat 569	(c=7)	weight -0.25:	Num[Exists(Star(on),And(Not(Nominal(b)),ontable))]
	Feat 1145	(c=8)	weight 0.04054:	Num[Or(Forall(Inverse(Star(on)),Not(Nominal(a))),ontable)]
	Feat 1159	(c=8)	weight -0.9275:	Num[Or(Forall(Star(on),Or(Nominal(a),Nominal(b))),clear)]
	Feat 1454	(c=8)	weight -3.141:	Num[Or(Exists(on,And(Not(Nominal(a)),ontable)),holding)]
	Feat 1866	(c=8)	weight 1.271:	Num[Not(And(Exists(on,Exists(on,Nominal(b))),clear))]
	Feat 2146	(c=8)	weight -0.5593:	Num[Not(And(Forall(on,Nominal(a)),Or(clear,ontable)))]
	Feat 2314	(c=8)	weight 2.643:	Num[Or(Or(Nominal(a),Nominal(b)),Exists(Inverse(on),clear))]
	Feat 3156	(c=7)	weight -0.6172:	Atom[handempty] Num[Forall(on,Exists(on,ontable))]
	Feat 3606	(c=8)	weight -0.4681:	Bool[holding] Num[Or(And(Forall(on,<empty>),Nominal(b)),clear)]
	Feat 3642	(c=8)	weight -0.2512:	Bool[holding] Num[Forall(on,Not(Or(ontable,Nominal(b))))]
	Feat 3701	(c=8)	weight -0.633:	Bool[holding] Bool[Exists(on,And(Not(ontable),Nominal(b)))]
	Feat 3890	(c=7)	weight -4.249:	Bool[And(clear,Nominal(b))] Bool[And(holding,Nominal(a))]
	Feat 3991	(c=8)	weight 0.3532:	Bool[And(holding,Nominal(a))] Bool[And(Not(holding),Nominal(b))]
	Feat 4105	(c=8)	weight 0.02558:	Bool[And(holding,Nominal(b))] Num[Forall(Star(on),Nominal(a))]
	Feat 4265	(c=6)	weight 0.2484:	Bool[Exists(on,Nominal(b))] Num[Forall(on,<empty>)]
	Feat 4325	(c=8)	weight -1.108:	Bool[Exists(on,Nominal(b))] Bool[Exists(Inverse(on),Nominal(b))]
	Feat 4484	(c=8)	weight 0.1729:	Bool[And(Not(clear),Nominal(a))] Num[Or(ontable,Nominal(b))]
	Feat 4696	(c=8)	weight -0.2762:	Bool[And(Forall(Star(on),Nominal(a)),Nominal(b))] Num[clear]
Score 0.5173819494635947
Lambda=8.61779e-08
	Intercept	-4.364247155570114
	Feat 0	(c=1)	weight -4.159:	Atom[handempty]
	Feat 17	(c=3)	weight 0.001693:	Num[Or(ontable,Nominal(b))]
	Feat 22	(c=3)	weight 3.025:	Bool[Exists(on,Nominal(b))]
	Feat 25	(c=3)	weight 1.183:	Bool[Exists(on,Nominal(a))]
	Feat 45	(c=4)	weight 0.8855:	Bool[And(Forall(on,<empty>),Nominal(b))]
	Feat 204	(c=6)	weight 0.9616:	Num[Or(Not(Nominal(a)),Forall(on,ontable))]
	Feat 334	(c=6)	weight 0.3512:	Num[Or(Not(clear),Exists(on,Nominal(a)))]
	Feat 485	(c=7)	weight 0.3489:	Num[Or(Exists(on,Exists(on,ontable)),Nominal(b))]
	Feat 569	(c=7)	weight -0.25:	Num[Exists(Star(on),And(Not(Nominal(b)),ontable))]
	Feat 1145	(c=8)	weight 0.04059:	Num[Or(Forall(Inverse(Star(on)),Not(Nominal(a))),ontable)]
	Feat 1159	(c=8)	weight -0.9283:	Num[Or(Forall(Star(on),Or(Nominal(a),Nominal(b))),clear)]
	Feat 1454	(c=8)	weight -3.14:	Num[Or(Exists(on,And(Not(Nominal(a)),ontable)),holding)]
	Feat 1866	(c=8)	weight 1.271:	Num[Not(And(Exists(on,Exists(on,Nominal(b))),clear))]
	Feat 2146	(c=8)	weight -0.5588:	Num[Not(And(Forall(on,Nominal(a)),Or(clear,ontable)))]
	Feat 2314	(c=8)	weight 2.643:	Num[Or(Or(Nominal(a),Nominal(b)),Exists(Inverse(on),clear))]
	Feat 3156	(c=7)	weight -0.6171:	Atom[handempty] Num[Forall(on,Exists(on,ontable))]
	Feat 3606	(c=8)	weight -0.4682:	Bool[holding] Num[Or(And(Forall(on,<empty>),Nominal(b)),clear)]
	Feat 3642	(c=8)	weight -0.2517:	Bool[holding] Num[Forall(on,Not(Or(ontable,Nominal(b))))]
	Feat 3701	(c=8)	weight -0.6341:	Bool[holding] Bool[Exists(on,And(Not(ontable),Nominal(b)))]
	Feat 3890	(c=7)	weight -4.247:	Bool[And(clear,Nominal(b))] Bool[And(holding,Nominal(a))]
	Feat 3991	(c=8)	weight 0.3529:	Bool[And(holding,Nominal(a))] Bool[And(Not(holding),Nominal(b))]
	Feat 4105	(c=8)	weight 0.02573:	Bool[And(holding,Nominal(b))] Num[Forall(Star(on),Nominal(a))]
	Feat 4265	(c=6)	weight 0.2483:	Bool[Exists(on,Nominal(b))] Num[Forall(on,<empty>)]
	Feat 4325	(c=8)	weight -1.109:	Bool[Exists(on,Nominal(b))] Bool[Exists(Inverse(on),Nominal(b))]
	Feat 4484	(c=8)	weight 0.1728:	Bool[And(Not(clear),Nominal(a))] Num[Or(ontable,Nominal(b))]
	Feat 4696	(c=8)	weight -0.276:	Bool[And(Forall(Star(on),Nominal(a)),Nominal(b))] Num[clear]
Score 0.5173825581304796
Lambda=6.01016e-09
	Intercept	-4.673480306253204
	Feat 0	(c=1)	weight -4.293:	Atom[handempty]
	Feat 17	(c=3)	weight 0.05997:	Num[Or(ontable,Nominal(b))]
	Feat 22	(c=3)	weight 3.061:	Bool[Exists(on,Nominal(b))]
	Feat 25	(c=3)	weight 1.196:	Bool[Exists(on,Nominal(a))]
	Feat 45	(c=4)	weight 0.9314:	Bool[And(Forall(on,<empty>),Nominal(b))]
	Feat 204	(c=6)	weight 0.964:	Num[Or(Not(Nominal(a)),Forall(on,ontable))]
	Feat 334	(c=6)	weight 0.3766:	Num[Or(Not(clear),Exists(on,Nominal(a)))]
	Feat 485	(c=7)	weight 0.3482:	Num[Or(Exists(on,Exists(on,ontable)),Nominal(b))]
	Feat 569	(c=7)	weight -0.2494:	Num[Exists(Star(on),And(Not(Nominal(b)),ontable))]
	Feat 1145	(c=8)	weight 0.03937:	Num[Or(Forall(Inverse(Star(on)),Not(Nominal(a))),ontable)]
	Feat 1159	(c=8)	weight -0.9403:	Num[Or(Forall(Star(on),Or(Nominal(a),Nominal(b))),clear)]
	Feat 1454	(c=8)	weight -3.147:	Num[Or(Exists(on,And(Not(Nominal(a)),ontable)),holding)]
	Feat 1707	(c=8)	weight -0.002348:	Num[Or(Exists(on,Exists(on,Exists(on,<universe>))),Nominal(b))]
	Feat 1843	(c=8)	weight -0.004342:	Num[Or(And(Not(Nominal(b)),Forall(on,Nominal(b))),clear)]
	Feat 1866	(c=8)	weight 1.276:	Num[Not(And(Exists(on,Exists(on,Nominal(b))),clear))]
	Feat 2146	(c=8)	weight -0.5401:	Num[Not(And(Forall(on,Nominal(a)),Or(clear,ontable)))]
	Feat 2314	(c=8)	weight 2.656:	Num[Or(Or(Nominal(a),Nominal(b)),Exists(Inverse(on),clear))]
	Feat 3156	(c=7)	weight -0.6078:	Atom[handempty] Num[Forall(on,Exists(on,ontable))]
	Feat 3606	(c=8)	weight -0.4642:	Bool[holding] Num[Or(And(Forall(on,<empty>),Nominal(b)),clear)]
	Feat 3642	(c=8)	weight -0.2678:	Bool[holding] Num[Forall(on,Not(Or(ontable,Nominal(b))))]
	Feat 3701	(c=8)	weight -0.6431:	Bool[holding] Bool[Exists(on,And(Not(ontable),Nominal(b)))]
	Feat 3890	(c=7)	weight -4.239:	Bool[And(clear,Nominal(b))] Bool[And(holding,Nominal(a))]
	Feat 3991	(c=8)	weight 0.3686:	Bool[And(holding,Nominal(a))] Bool[And(Not(holding),Nominal(b))]
	Feat 3995	(c=8)	weight -0.001784:	Bool[And(holding,Nominal(a))] Num[Or(Not(Nominal(a)),holding)]
	Feat 4105	(c=8)	weight 0.01111:	Bool[And(holding,Nominal(b))] Num[Forall(Star(on),Nominal(a))]
	Feat 4265	(c=6)	weight 0.2439:	Bool[Exists(on,Nominal(b))] Num[Forall(on,<empty>)]
	Feat 4325	(c=8)	weight -1.124:	Bool[Exists(on,Nominal(b))] Bool[Exists(Inverse(on),Nominal(b))]
	Feat 4484	(c=8)	weight 0.1705:	Bool[And(Not(clear),Nominal(a))] Num[Or(ontable,Nominal(b))]
	Feat 4696	(c=8)	weight -0.2746:	Bool[And(Forall(Star(on),Nominal(a)),Nominal(b))] Num[clear]
Score 0.5174051757005608
Lambda=8.36688e-11
	Intercept	-4.684653195341015
	Feat 0	(c=1)	weight -4.293:	Atom[handempty]
	Feat 17	(c=3)	weight 0.06144:	Num[Or(ontable,Nominal(b))]
	Feat 22	(c=3)	weight 3.061:	Bool[Exists(on,Nominal(b))]
	Feat 25	(c=3)	weight 1.196:	Bool[Exists(on,Nominal(a))]
	Feat 45	(c=4)	weight 0.9326:	Bool[And(Forall(on,<empty>),Nominal(b))]
	Feat 204	(c=6)	weight 0.9643:	Num[Or(Not(Nominal(a)),Forall(on,ontable))]
	Feat 334	(c=6)	weight 0.3775:	Num[Or(Not(clear),Exists(on,Nominal(a)))]
	Feat 485	(c=7)	weight 0.348:	Num[Or(Exists(on,Exists(on,ontable)),Nominal(b))]
	Feat 569	(c=7)	weight -0.2495:	Num[Exists(Star(on),And(Not(Nominal(b)),ontable))]
	Feat 1145	(c=8)	weight 0.0392:	Num[Or(Forall(Inverse(Star(on)),Not(Nominal(a))),ontable)]
	Feat 1159	(c=8)	weight -0.9401:	Num[Or(Forall(Star(on),Or(Nominal(a),Nominal(b))),clear)]
	Feat 1454	(c=8)	weight -3.147:	Num[Or(Exists(on,And(Not(Nominal(a)),ontable)),holding)]
	Feat 1707	(c=8)	weight -0.002539:	Num[Or(Exists(on,Exists(on,Exists(on,<universe>))),Nominal(b))]
	Feat 1843	(c=8)	weight -0.004572:	Num[Or(And(Not(Nominal(b)),Forall(on,Nominal(b))),clear)]
	Feat 1866	(c=8)	weight 1.276:	Num[Not(And(Exists(on,Exists(on,Nominal(b))),clear))]
	Feat 2146	(c=8)	weight -0.5401:	Num[Not(And(Forall(on,Nominal(a)),Or(clear,ontable)))]
	Feat 2314	(c=8)	weight 2.657:	Num[Or(Or(Nominal(a),Nominal(b)),Exists(Inverse(on),clear))]
	Feat 2430	(c=8)	weight 0.0003441:	Num[Or(And(Forall(on,<empty>),Nominal(b)),And(clear,Nominal(a)))]
	Feat 3156	(c=7)	weight -0.6075:	Atom[handempty] Num[Forall(on,Exists(on,ontable))]
	Feat 3606	(c=8)	weight -0.4643:	Bool[holding] Num[Or(And(Forall(on,<empty>),Nominal(b)),clear)]
	Feat 3642	(c=8)	weight -0.2682:	Bool[holding] Num[Forall(on,Not(Or(ontable,Nominal(b))))]
	Feat 3701	(c=8)	weight -0.6428:	Bool[holding] Bool[Exists(on,And(Not(ontable),Nominal(b)))]
	Feat 3890	(c=7)	weight -4.24:	Bool[And(clear,Nominal(b))] Bool[And(holding,Nominal(a))]
	Feat 3991	(c=8)	weight 0.3699:	Bool[And(holding,Nominal(a))] Bool[And(Not(holding),Nominal(b))]
	Feat 3995	(c=8)	weight -0.001784:	Bool[And(holding,Nominal(a))] Num[Or(Not(Nominal(a)),holding)]
	Feat 4105	(c=8)	weight 0.01048:	Bool[And(holding,Nominal(b))] Num[Forall(Star(on),Nominal(a))]
	Feat 4265	(c=6)	weight 0.2438:	Bool[Exists(on,Nominal(b))] Num[Forall(on,<empty>)]
	Feat 4325	(c=8)	weight -1.123:	Bool[Exists(on,Nominal(b))] Bool[Exists(Inverse(on),Nominal(b))]
	Feat 4484	(c=8)	weight 0.1704:	Bool[And(Not(clear),Nominal(a))] Num[Or(ontable,Nominal(b))]
	Feat 4696	(c=8)	weight -0.2745:	Bool[And(Forall(Star(on),Nominal(a)),Nominal(b))] Num[clear]
Score 0.517405563453764
