Considering 32 features
L0Learn Method
----------

Lambda=0.0993671
	Intercept	6.108652826185786
Score 0.0
Lambda=0.0983734
	Intercept	2.9556796975462314
	Feat 1707	(c=8)	weight 1.419:	Num[Or(Exists(on,Exists(on,Exists(on,<universe>))),Nominal(b))]
Score 0.19873411210661984
Lambda=0.0354515
	Intercept	2.1271784753551066
	Feat 25	(c=3)	weight 2.076:	Bool[Exists(on,Nominal(a))]
	Feat 1707	(c=8)	weight 1.235:	Num[Or(Exists(on,Exists(on,Exists(on,<universe>))),Nominal(b))]
Score 0.2735573995874817
Lambda=0.0188479
	Intercept	-10.045174190838274
	Feat 25	(c=3)	weight 1.852:	Bool[Exists(on,Nominal(a))]
	Feat 204	(c=6)	weight 1.755:	Num[Or(Not(Nominal(a)),Forall(on,ontable))]
	Feat 1707	(c=8)	weight 1.53:	Num[Or(Exists(on,Exists(on,Exists(on,<universe>))),Nominal(b))]
Score 0.31868367876328074
Lambda=0.014615
	Intercept	-10.589830485766122
	Feat 22	(c=3)	weight 1.417:	Bool[Exists(on,Nominal(b))]
	Feat 25	(c=3)	weight 2.043:	Bool[Exists(on,Nominal(a))]
	Feat 204	(c=6)	weight 1.756:	Num[Or(Not(Nominal(a)),Forall(on,ontable))]
	Feat 1707	(c=8)	weight 1.339:	Num[Or(Exists(on,Exists(on,Exists(on,<universe>))),Nominal(b))]
Score 0.35146909204918586
Lambda=0.00686144
	Intercept	-5.652148981174577
	Feat 25	(c=3)	weight 1.907:	Bool[Exists(on,Nominal(a))]
	Feat 204	(c=6)	weight 1.248:	Num[Or(Not(Nominal(a)),Forall(on,ontable))]
	Feat 569	(c=7)	weight -0.7728:	Num[Exists(Star(on),And(Not(Nominal(b)),ontable))]
	Feat 1454	(c=8)	weight -1.435:	Num[Or(Exists(on,And(Not(Nominal(a)),ontable)),holding)]
	Feat 2146	(c=8)	weight 1.793:	Num[Not(And(Forall(on,Nominal(a)),Or(clear,ontable)))]
	Feat 3890	(c=7)	weight -3.566:	Bool[And(clear,Nominal(b))] Bool[And(holding,Nominal(a))]
Score 0.45570370530022064
Lambda=0.00278914
	Intercept	-2.0532649982480784
	Feat 22	(c=3)	weight 1.369:	Bool[Exists(on,Nominal(b))]
	Feat 25	(c=3)	weight 1.912:	Bool[Exists(on,Nominal(a))]
	Feat 204	(c=6)	weight 0.8597:	Num[Or(Not(Nominal(a)),Forall(on,ontable))]
	Feat 569	(c=7)	weight -0.5237:	Num[Exists(Star(on),And(Not(Nominal(b)),ontable))]
	Feat 1454	(c=8)	weight -2.204:	Num[Or(Exists(on,And(Not(Nominal(a)),ontable)),holding)]
	Feat 2146	(c=8)	weight 1.048:	Num[Not(And(Forall(on,Nominal(a)),Or(clear,ontable)))]
	Feat 2314	(c=8)	weight 0.9232:	Num[Or(Or(Nominal(a),Nominal(b)),Exists(Inverse(on),clear))]
	Feat 3156	(c=7)	weight -0.4807:	Atom[handempty] Num[Forall(on,Exists(on,ontable))]
	Feat 3890	(c=7)	weight -3.353:	Bool[And(clear,Nominal(b))] Bool[And(holding,Nominal(a))]
Score 0.4886427920261913
Lambda=0.00101197
	Intercept	-4.445672728054779
	Feat 22	(c=3)	weight 1.381:	Bool[Exists(on,Nominal(b))]
	Feat 25	(c=3)	weight 1.409:	Bool[Exists(on,Nominal(a))]
	Feat 204	(c=6)	weight 1.015:	Num[Or(Not(Nominal(a)),Forall(on,ontable))]
	Feat 334	(c=6)	weight 0.6004:	Num[Or(Not(clear),Exists(on,Nominal(a)))]
	Feat 569	(c=7)	weight -0.5582:	Num[Exists(Star(on),And(Not(Nominal(b)),ontable))]
	Feat 1454	(c=8)	weight -2.43:	Num[Or(Exists(on,And(Not(Nominal(a)),ontable)),holding)]
	Feat 2146	(c=8)	weight 0.7004:	Num[Not(And(Forall(on,Nominal(a)),Or(clear,ontable)))]
	Feat 2314	(c=8)	weight 1.189:	Num[Or(Or(Nominal(a),Nominal(b)),Exists(Inverse(on),clear))]
	Feat 3156	(c=7)	weight -0.4981:	Atom[handempty] Num[Forall(on,Exists(on,ontable))]
	Feat 3890	(c=7)	weight -3.408:	Bool[And(clear,Nominal(b))] Bool[And(holding,Nominal(a))]
Score 0.49592724533112365
Lambda=0.00098586
	Intercept	-9.108782880113425
	Feat 22	(c=3)	weight 1.688:	Bool[Exists(on,Nominal(b))]
	Feat 25	(c=3)	weight 1.35:	Bool[Exists(on,Nominal(a))]
	Feat 204	(c=6)	weight 0.98:	Num[Or(Not(Nominal(a)),Forall(on,ontable))]
	Feat 334	(c=6)	weight 0.6921:	Num[Or(Not(clear),Exists(on,Nominal(a)))]
	Feat 569	(c=7)	weight -0.5226:	Num[Exists(Star(on),And(Not(Nominal(b)),ontable))]
	Feat 1454	(c=8)	weight -2.548:	Num[Or(Exists(on,And(Not(Nominal(a)),ontable)),holding)]
	Feat 1866	(c=8)	weight 0.6474:	Num[Not(And(Exists(on,Exists(on,Nominal(b))),clear))]
	Feat 2146	(c=8)	weight 0.5519:	Num[Not(And(Forall(on,Nominal(a)),Or(clear,ontable)))]
	Feat 2314	(c=8)	weight 1.412:	Num[Or(Or(Nominal(a),Nominal(b)),Exists(Inverse(on),clear))]
	Feat 3156	(c=7)	weight -0.5432:	Atom[handempty] Num[Forall(on,Exists(on,ontable))]
	Feat 3890	(c=7)	weight -3.399:	Bool[And(clear,Nominal(b))] Bool[And(holding,Nominal(a))]
Score 0.49885776829276585
Lambda=0.000608149
	Intercept	-8.60949338514926
	Feat 22	(c=3)	weight 1.676:	Bool[Exists(on,Nominal(b))]
	Feat 25	(c=3)	weight 1.467:	Bool[Exists(on,Nominal(a))]
	Feat 204	(c=6)	weight 0.8671:	Num[Or(Not(Nominal(a)),Forall(on,ontable))]
	Feat 334	(c=6)	weight 0.6783:	Num[Or(Not(clear),Exists(on,Nominal(a)))]
	Feat 569	(c=7)	weight -0.514:	Num[Exists(Star(on),And(Not(Nominal(b)),ontable))]
	Feat 1454	(c=8)	weight -2.582:	Num[Or(Exists(on,And(Not(Nominal(a)),ontable)),holding)]
	Feat 1866	(c=8)	weight 0.6777:	Num[Not(And(Exists(on,Exists(on,Nominal(b))),clear))]
	Feat 2146	(c=8)	weight 0.5199:	Num[Not(And(Forall(on,Nominal(a)),Or(clear,ontable)))]
	Feat 2314	(c=8)	weight 1.463:	Num[Or(Or(Nominal(a),Nominal(b)),Exists(Inverse(on),clear))]
	Feat 3156	(c=7)	weight -0.5369:	Atom[handempty] Num[Forall(on,Exists(on,ontable))]
	Feat 3890	(c=7)	weight -4.277:	Bool[And(clear,Nominal(b))] Bool[And(holding,Nominal(a))]
	Feat 3995	(c=8)	weight 0.1475:	Bool[And(holding,Nominal(a))] Num[Or(Not(Nominal(a)),holding)]
Score 0.5012464524040391
Lambda=0.000255131
	Intercept	-8.599461284541928
	Feat 22	(c=3)	weight 2.187:	Bool[Exists(on,Nominal(b))]
	Feat 25	(c=3)	weight 1.687:	Bool[Exists(on,Nominal(a))]
	Feat 45	(c=4)	weight 0.293:	Bool[And(Forall(on,<empty>),Nominal(b))]
	Feat 204	(c=6)	weight 1.055:	Num[Or(Not(Nominal(a)),Forall(on,ontable))]
	Feat 334	(c=6)	weight 0.5016:	Num[Or(Not(clear),Exists(on,Nominal(a)))]
	Feat 485	(c=7)	weight 0.303:	Num[Or(Exists(on,Exists(on,ontable)),Nominal(b))]
	Feat 569	(c=7)	weight -0.4871:	Num[Exists(Star(on),And(Not(Nominal(b)),ontable))]
	Feat 1159	(c=8)	weight -0.5253:	Num[Or(Forall(Star(on),Or(Nominal(a),Nominal(b))),clear)]
	Feat 1454	(c=8)	weight -2.629:	Num[Or(Exists(on,And(Not(Nominal(a)),ontable)),holding)]
	Feat 1866	(c=8)	weight 0.9359:	Num[Not(And(Exists(on,Exists(on,Nominal(b))),clear))]
	Feat 2314	(c=8)	weight 2.04:	Num[Or(Or(Nominal(a),Nominal(b)),Exists(Inverse(on),clear))]
	Feat 3156	(c=7)	weight -0.704:	Atom[handempty] Num[Forall(on,Exists(on,ontable))]
	Feat 3890	(c=7)	weight -4.267:	Bool[And(clear,Nominal(b))] Bool[And(holding,Nominal(a))]
	Feat 3995	(c=8)	weight 0.1439:	Bool[And(holding,Nominal(a))] Num[Or(Not(Nominal(a)),holding)]
Score 0.5056459330157654
Lambda=0.000126479
	Intercept	-8.641474735711057
	Feat 22	(c=3)	weight 1.653:	Bool[Exists(on,Nominal(b))]
	Feat 25	(c=3)	weight 1.697:	Bool[Exists(on,Nominal(a))]
	Feat 45	(c=4)	weight 0.6937:	Bool[And(Forall(on,<empty>),Nominal(b))]
	Feat 204	(c=6)	weight 1.015:	Num[Or(Not(Nominal(a)),Forall(on,ontable))]
	Feat 334	(c=6)	weight 0.4799:	Num[Or(Not(clear),Exists(on,Nominal(a)))]
	Feat 485	(c=7)	weight 0.2552:	Num[Or(Exists(on,Exists(on,ontable)),Nominal(b))]
	Feat 569	(c=7)	weight -0.3604:	Num[Exists(Star(on),And(Not(Nominal(b)),ontable))]
	Feat 1159	(c=8)	weight -0.523:	Num[Or(Forall(Star(on),Or(Nominal(a),Nominal(b))),clear)]
	Feat 1454	(c=8)	weight -2.781:	Num[Or(Exists(on,And(Not(Nominal(a)),ontable)),holding)]
	Feat 1866	(c=8)	weight 0.9718:	Num[Not(And(Exists(on,Exists(on,Nominal(b))),clear))]
	Feat 2314	(c=8)	weight 2.09:	Num[Or(Or(Nominal(a),Nominal(b)),Exists(Inverse(on),clear))]
	Feat 3156	(c=7)	weight -0.7191:	Atom[handempty] Num[Forall(on,Exists(on,ontable))]
	Feat 3890	(c=7)	weight -4.089:	Bool[And(clear,Nominal(b))] Bool[And(holding,Nominal(a))]
	Feat 3995	(c=8)	weight 0.1338:	Bool[And(holding,Nominal(a))] Num[Or(Not(Nominal(a)),holding)]
	Feat 4265	(c=6)	weight 0.3533:	Bool[Exists(on,Nominal(b))] Num[Forall(on,<empty>)]
	Feat 4325	(c=8)	weight -0.5481:	Bool[Exists(on,Nominal(b))] Bool[Exists(Inverse(on),Nominal(b))]
	Feat 4696	(c=8)	weight -0.2184:	Bool[And(Forall(Star(on),Nominal(a)),Nominal(b))] Num[clear]
Score 0.5102490845846794
Lambda=8.01858e-05
	Intercept	-7.908920852426078
	Feat 0	(c=1)	weight -1.892:	Atom[handempty]
	Feat 22	(c=3)	weight 2.32:	Bool[Exists(on,Nominal(b))]
	Feat 25	(c=3)	weight 1.734:	Bool[Exists(on,Nominal(a))]
	Feat 45	(c=4)	weight 0.6137:	Bool[And(Forall(on,<empty>),Nominal(b))]
	Feat 204	(c=6)	weight 0.991:	Num[Or(Not(Nominal(a)),Forall(on,ontable))]
	Feat 334	(c=6)	weight 0.4367:	Num[Or(Not(clear),Exists(on,Nominal(a)))]
	Feat 485	(c=7)	weight 0.1512:	Num[Or(Exists(on,Exists(on,ontable)),Nominal(b))]
	Feat 569	(c=7)	weight -0.3118:	Num[Exists(Star(on),And(Not(Nominal(b)),ontable))]
	Feat 1159	(c=8)	weight -0.5994:	Num[Or(Forall(Star(on),Or(Nominal(a),Nominal(b))),clear)]
	Feat 1454	(c=8)	weight -2.869:	Num[Or(Exists(on,And(Not(Nominal(a)),ontable)),holding)]
	Feat 1866	(c=8)	weight 1.024:	Num[Not(And(Exists(on,Exists(on,Nominal(b))),clear))]
	Feat 2314	(c=8)	weight 2.173:	Num[Or(Or(Nominal(a),Nominal(b)),Exists(Inverse(on),clear))]
	Feat 3156	(c=7)	weight -0.3862:	Atom[handempty] Num[Forall(on,Exists(on,ontable))]
	Feat 3606	(c=8)	weight -0.1295:	Bool[holding] Num[Or(And(Forall(on,<empty>),Nominal(b)),clear)]
	Feat 3890	(c=7)	weight -4.046:	Bool[And(clear,Nominal(b))] Bool[And(holding,Nominal(a))]
	Feat 3995	(c=8)	weight 0.1211:	Bool[And(holding,Nominal(a))] Num[Or(Not(Nominal(a)),holding)]
	Feat 4265	(c=6)	weight 0.2341:	Bool[Exists(on,Nominal(b))] Num[Forall(on,<empty>)]
	Feat 4325	(c=8)	weight -0.8733:	Bool[Exists(on,Nominal(b))] Bool[Exists(Inverse(on),Nominal(b))]
	Feat 4696	(c=8)	weight -0.1913:	Bool[And(Forall(Star(on),Nominal(a)),Nominal(b))] Num[clear]
Score 0.5138397357133643
Lambda=7.85358e-05
	Intercept	-7.3361848595931995
	Feat 0	(c=1)	weight -2.351:	Atom[handempty]
	Feat 22	(c=3)	weight 3.073:	Bool[Exists(on,Nominal(b))]
	Feat 25	(c=3)	weight 1.733:	Bool[Exists(on,Nominal(a))]
	Feat 45	(c=4)	weight 0.833:	Bool[And(Forall(on,<empty>),Nominal(b))]
	Feat 204	(c=6)	weight 1.024:	Num[Or(Not(Nominal(a)),Forall(on,ontable))]
	Feat 334	(c=6)	weight 0.3882:	Num[Or(Not(clear),Exists(on,Nominal(a)))]
	Feat 485	(c=7)	weight 0.3424:	Num[Or(Exists(on,Exists(on,ontable)),Nominal(b))]
	Feat 569	(c=7)	weight -0.2139:	Num[Exists(Star(on),And(Not(Nominal(b)),ontable))]
	Feat 1159	(c=8)	weight -0.8833:	Num[Or(Forall(Star(on),Or(Nominal(a),Nominal(b))),clear)]
	Feat 1454	(c=8)	weight -3.122:	Num[Or(Exists(on,And(Not(Nominal(a)),ontable)),holding)]
	Feat 1866	(c=8)	weight 1.316:	Num[Not(And(Exists(on,Exists(on,Nominal(b))),clear))]
	Feat 2146	(c=8)	weight -0.6016:	Num[Not(And(Forall(on,Nominal(a)),Or(clear,ontable)))]
	Feat 2314	(c=8)	weight 2.698:	Num[Or(Or(Nominal(a),Nominal(b)),Exists(Inverse(on),clear))]
	Feat 3156	(c=7)	weight -0.558:	Atom[handempty] Num[Forall(on,Exists(on,ontable))]
	Feat 3606	(c=8)	weight -0.2666:	Bool[holding] Num[Or(And(Forall(on,<empty>),Nominal(b)),clear)]
	Feat 3890	(c=7)	weight -4.071:	Bool[And(clear,Nominal(b))] Bool[And(holding,Nominal(a))]
	Feat 3995	(c=8)	weight 0.1192:	Bool[And(holding,Nominal(a))] Num[Or(Not(Nominal(a)),holding)]
	Feat 4265	(c=6)	weight 0.225:	Bool[Exists(on,Nominal(b))] Num[Forall(on,<empty>)]
	Feat 4325	(c=8)	weight -1.198:	Bool[Exists(on,Nominal(b))] Bool[Exists(Inverse(on),Nominal(b))]
	Feat 4696	(c=8)	weight -0.2848:	Bool[And(Forall(Star(on),Nominal(a)),Nominal(b))] Num[clear]
Score 0.5160089919274427
Lambda=6.7065e-05
	Intercept	-6.9465980641766
	Feat 0	(c=1)	weight -2.743:	Atom[handempty]
	Feat 22	(c=3)	weight 3.052:	Bool[Exists(on,Nominal(b))]
	Feat 25	(c=3)	weight 1.734:	Bool[Exists(on,Nominal(a))]
	Feat 45	(c=4)	weight 0.791:	Bool[And(Forall(on,<empty>),Nominal(b))]
	Feat 204	(c=6)	weight 1.021:	Num[Or(Not(Nominal(a)),Forall(on,ontable))]
	Feat 334	(c=6)	weight 0.3823:	Num[Or(Not(clear),Exists(on,Nominal(a)))]
	Feat 485	(c=7)	weight 0.3383:	Num[Or(Exists(on,Exists(on,ontable)),Nominal(b))]
	Feat 569	(c=7)	weight -0.2182:	Num[Exists(Star(on),And(Not(Nominal(b)),ontable))]
	Feat 1159	(c=8)	weight -0.8929:	Num[Or(Forall(Star(on),Or(Nominal(a),Nominal(b))),clear)]
	Feat 1454	(c=8)	weight -3.127:	Num[Or(Exists(on,And(Not(Nominal(a)),ontable)),holding)]
	Feat 1866	(c=8)	weight 1.322:	Num[Not(And(Exists(on,Exists(on,Nominal(b))),clear))]
	Feat 2146	(c=8)	weight -0.6135:	Num[Not(And(Forall(on,Nominal(a)),Or(clear,ontable)))]
	Feat 2314	(c=8)	weight 2.708:	Num[Or(Or(Nominal(a),Nominal(b)),Exists(Inverse(on),clear))]
	Feat 3156	(c=7)	weight -0.5476:	Atom[handempty] Num[Forall(on,Exists(on,ontable))]
	Feat 3606	(c=8)	weight -0.3482:	Bool[holding] Num[Or(And(Forall(on,<empty>),Nominal(b)),clear)]
	Feat 3701	(c=8)	weight -0.3881:	Bool[holding] Bool[Exists(on,And(Not(ontable),Nominal(b)))]
	Feat 3890	(c=7)	weight -4.195:	Bool[And(clear,Nominal(b))] Bool[And(holding,Nominal(a))]
	Feat 3995	(c=8)	weight 0.1262:	Bool[And(holding,Nominal(a))] Num[Or(Not(Nominal(a)),holding)]
	Feat 4265	(c=6)	weight 0.2456:	Bool[Exists(on,Nominal(b))] Num[Forall(on,<empty>)]
	Feat 4325	(c=8)	weight -1.088:	Bool[Exists(on,Nominal(b))] Bool[Exists(Inverse(on),Nominal(b))]
	Feat 4696	(c=8)	weight -0.2718:	Bool[And(Forall(Star(on),Nominal(a)),Nominal(b))] Num[clear]
Score 0.5164531146140414
Lambda=1.30079e-05
	Intercept	-6.8516464276430895
	Feat 0	(c=1)	weight -2.692:	Atom[handempty]
	Feat 22	(c=3)	weight 3.075:	Bool[Exists(on,Nominal(b))]
	Feat 25	(c=3)	weight 1.266:	Bool[Exists(on,Nominal(a))]
	Feat 45	(c=4)	weight 0.8847:	Bool[And(Forall(on,<empty>),Nominal(b))]
	Feat 204	(c=6)	weight 1.037:	Num[Or(Not(Nominal(a)),Forall(on,ontable))]
	Feat 334	(c=6)	weight 0.3702:	Num[Or(Not(clear),Exists(on,Nominal(a)))]
	Feat 485	(c=7)	weight 0.3504:	Num[Or(Exists(on,Exists(on,ontable)),Nominal(b))]
	Feat 569	(c=7)	weight -0.2272:	Num[Exists(Star(on),And(Not(Nominal(b)),ontable))]
	Feat 1159	(c=8)	weight -0.908:	Num[Or(Forall(Star(on),Or(Nominal(a),Nominal(b))),clear)]
	Feat 1454	(c=8)	weight -3.098:	Num[Or(Exists(on,And(Not(Nominal(a)),ontable)),holding)]
	Feat 1866	(c=8)	weight 1.305:	Num[Not(And(Exists(on,Exists(on,Nominal(b))),clear))]
	Feat 2146	(c=8)	weight -0.5724:	Num[Not(And(Forall(on,Nominal(a)),Or(clear,ontable)))]
	Feat 2314	(c=8)	weight 2.69:	Num[Or(Or(Nominal(a),Nominal(b)),Exists(Inverse(on),clear))]
	Feat 3156	(c=7)	weight -0.5991:	Atom[handempty] Num[Forall(on,Exists(on,ontable))]
	Feat 3606	(c=8)	weight -0.4033:	Bool[holding] Num[Or(And(Forall(on,<empty>),Nominal(b)),clear)]
	Feat 3701	(c=8)	weight -0.4148:	Bool[holding] Bool[Exists(on,And(Not(ontable),Nominal(b)))]
	Feat 3890	(c=7)	weight -4.251:	Bool[And(clear,Nominal(b))] Bool[And(holding,Nominal(a))]
	Feat 3995	(c=8)	weight 0.05768:	Bool[And(holding,Nominal(a))] Num[Or(Not(Nominal(a)),holding)]
	Feat 4265	(c=6)	weight 0.2437:	Bool[Exists(on,Nominal(b))] Num[Forall(on,<empty>)]
	Feat 4325	(c=8)	weight -1.106:	Bool[Exists(on,Nominal(b))] Bool[Exists(Inverse(on),Nominal(b))]
	Feat 4484	(c=8)	weight 0.1581:	Bool[And(Not(clear),Nominal(a))] Num[Or(ontable,Nominal(b))]
	Feat 4696	(c=8)	weight -0.279:	Bool[And(Forall(Star(on),Nominal(a)),Nominal(b))] Num[clear]
Score 0.5168411499634259
Lambda=8.72254e-06
	Intercept	-7.02139102947611
	Feat 0	(c=1)	weight -2.81:	Atom[handempty]
	Feat 22	(c=3)	weight 3.011:	Bool[Exists(on,Nominal(b))]
	Feat 25	(c=3)	weight 1.242:	Bool[Exists(on,Nominal(a))]
	Feat 45	(c=4)	weight 1.382:	Bool[And(Forall(on,<empty>),Nominal(b))]
	Feat 204	(c=6)	weight 1.038:	Num[Or(Not(Nominal(a)),Forall(on,ontable))]
	Feat 334	(c=6)	weight 0.3909:	Num[Or(Not(clear),Exists(on,Nominal(a)))]
	Feat 485	(c=7)	weight 0.345:	Num[Or(Exists(on,Exists(on,ontable)),Nominal(b))]
	Feat 569	(c=7)	weight -0.2267:	Num[Exists(Star(on),And(Not(Nominal(b)),ontable))]
	Feat 1159	(c=8)	weight -0.9137:	Num[Or(Forall(Star(on),Or(Nominal(a),Nominal(b))),clear)]
	Feat 1454	(c=8)	weight -3.103:	Num[Or(Exists(on,And(Not(Nominal(a)),ontable)),holding)]
	Feat 1866	(c=8)	weight 1.31:	Num[Not(And(Exists(on,Exists(on,Nominal(b))),clear))]
	Feat 2146	(c=8)	weight -0.5596:	Num[Not(And(Forall(on,Nominal(a)),Or(clear,ontable)))]
	Feat 2314	(c=8)	weight 2.697:	Num[Or(Or(Nominal(a),Nominal(b)),Exists(Inverse(on),clear))]
	Feat 3156	(c=7)	weight -0.5832:	Atom[handempty] Num[Forall(on,Exists(on,ontable))]
	Feat 3606	(c=8)	weight -0.3588:	Bool[holding] Num[Or(And(Forall(on,<empty>),Nominal(b)),clear)]
	Feat 3701	(c=8)	weight -0.5548:	Bool[holding] Bool[Exists(on,And(Not(ontable),Nominal(b)))]
	Feat 3890	(c=7)	weight -4.273:	Bool[And(clear,Nominal(b))] Bool[And(holding,Nominal(a))]
	Feat 3995	(c=8)	weight 0.03674:	Bool[And(holding,Nominal(a))] Num[Or(Not(Nominal(a)),holding)]
	Feat 4105	(c=8)	weight 0.03409:	Bool[And(holding,Nominal(b))] Num[Forall(Star(on),Nominal(a))]
	Feat 4265	(c=6)	weight 0.2656:	Bool[Exists(on,Nominal(b))] Num[Forall(on,<empty>)]
	Feat 4325	(c=8)	weight -1.041:	Bool[Exists(on,Nominal(b))] Bool[Exists(Inverse(on),Nominal(b))]
	Feat 4462	(c=8)	weight -0.3611:	Bool[And(Forall(on,<empty>),Nominal(b))] Num[Or(holding,Nominal(a))]
	Feat 4484	(c=8)	weight 0.1646:	Bool[And(Not(clear),Nominal(a))] Num[Or(ontable,Nominal(b))]
	Feat 4696	(c=8)	weight -0.287:	Bool[And(Forall(Star(on),Nominal(a)),Nominal(b))] Num[clear]
Score 0.517201121351517
Lambda=3.09891e-06
	Intercept	-6.878724589344031
	Feat 0	(c=1)	weight -2.812:	Atom[handempty]
	Feat 22	(c=3)	weight 2.997:	Bool[Exists(on,Nominal(b))]
	Feat 25	(c=3)	weight 1.203:	Bool[Exists(on,Nominal(a))]
	Feat 45	(c=4)	weight 1.392:	Bool[And(Forall(on,<empty>),Nominal(b))]
	Feat 204	(c=6)	weight 0.9827:	Num[Or(Not(Nominal(a)),Forall(on,ontable))]
	Feat 334	(c=6)	weight 0.4053:	Num[Or(Not(clear),Exists(on,Nominal(a)))]
	Feat 485	(c=7)	weight 0.3359:	Num[Or(Exists(on,Exists(on,ontable)),Nominal(b))]
	Feat 569	(c=7)	weight -0.2304:	Num[Exists(Star(on),And(Not(Nominal(b)),ontable))]
	Feat 1145	(c=8)	weight 0.03279:	Num[Or(Forall(Inverse(Star(on)),Not(Nominal(a))),ontable)]
	Feat 1159	(c=8)	weight -0.9148:	Num[Or(Forall(Star(on),Or(Nominal(a),Nominal(b))),clear)]
	Feat 1454	(c=8)	weight -3.108:	Num[Or(Exists(on,And(Not(Nominal(a)),ontable)),holding)]
	Feat 1866	(c=8)	weight 1.31:	Num[Not(And(Exists(on,Exists(on,Nominal(b))),clear))]
	Feat 2146	(c=8)	weight -0.5547:	Num[Not(And(Forall(on,Nominal(a)),Or(clear,ontable)))]
	Feat 2314	(c=8)	weight 2.693:	Num[Or(Or(Nominal(a),Nominal(b)),Exists(Inverse(on),clear))]
	Feat 3156	(c=7)	weight -0.583:	Atom[handempty] Num[Forall(on,Exists(on,ontable))]
	Feat 3606	(c=8)	weight -0.3576:	Bool[holding] Num[Or(And(Forall(on,<empty>),Nominal(b)),clear)]
	Feat 3701	(c=8)	weight -0.5701:	Bool[holding] Bool[Exists(on,And(Not(ontable),Nominal(b)))]
	Feat 3890	(c=7)	weight -4.273:	Bool[And(clear,Nominal(b))] Bool[And(holding,Nominal(a))]
	Feat 3995	(c=8)	weight 0.03179:	Bool[And(holding,Nominal(a))] Num[Or(Not(Nominal(a)),holding)]
	Feat 4105	(c=8)	weight 0.03276:	Bool[And(holding,Nominal(b))] Num[Forall(Star(on),Nominal(a))]
	Feat 4265	(c=6)	weight 0.2658:	Bool[Exists(on,Nominal(b))] Num[Forall(on,<empty>)]
	Feat 4325	(c=8)	weight -1.023:	Bool[Exists(on,Nominal(b))] Bool[Exists(Inverse(on),Nominal(b))]
	Feat 4462	(c=8)	weight -0.3743:	Bool[And(Forall(on,<empty>),Nominal(b))] Num[Or(holding,Nominal(a))]
	Feat 4484	(c=8)	weight 0.1704:	Bool[And(Not(clear),Nominal(a))] Num[Or(ontable,Nominal(b))]
	Feat 4696	(c=8)	weight -0.2811:	Bool[And(Forall(Star(on),Nominal(a)),Nominal(b))] Num[clear]
Score 0.5172333675693466
Lambda=2.09218e-06
	Intercept	-4.794378432762567
	Feat 0	(c=1)	weight -4.103:	Atom[handempty]
	Feat 22	(c=3)	weight 2.93:	Bool[Exists(on,Nominal(b))]
	Feat 25	(c=3)	weight 1.164:	Bool[Exists(on,Nominal(a))]
	Feat 45	(c=4)	weight 1.345:	Bool[And(Forall(on,<empty>),Nominal(b))]
	Feat 204	(c=6)	weight 0.9632:	Num[Or(Not(Nominal(a)),Forall(on,ontable))]
	Feat 334	(c=6)	weight 0.3761:	Num[Or(Not(clear),Exists(on,Nominal(a)))]
	Feat 485	(c=7)	weight 0.3437:	Num[Or(Exists(on,Exists(on,ontable)),Nominal(b))]
	Feat 569	(c=7)	weight -0.2466:	Num[Exists(Star(on),And(Not(Nominal(b)),ontable))]
	Feat 1145	(c=8)	weight 0.04139:	Num[Or(Forall(Inverse(Star(on)),Not(Nominal(a))),ontable)]
	Feat 1159	(c=8)	weight -0.9302:	Num[Or(Forall(Star(on),Or(Nominal(a),Nominal(b))),clear)]
	Feat 1454	(c=8)	weight -3.141:	Num[Or(Exists(on,And(Not(Nominal(a)),ontable)),holding)]
	Feat 1866	(c=8)	weight 1.282:	Num[Not(And(Exists(on,Exists(on,Nominal(b))),clear))]
	Feat 2146	(c=8)	weight -0.5513:	Num[Not(And(Forall(on,Nominal(a)),Or(clear,ontable)))]
	Feat 2314	(c=8)	weight 2.658:	Num[Or(Or(Nominal(a),Nominal(b)),Exists(Inverse(on),clear))]
	Feat 3156	(c=7)	weight -0.6048:	Atom[handempty] Num[Forall(on,Exists(on,ontable))]
	Feat 3606	(c=8)	weight -0.4257:	Bool[holding] Num[Or(And(Forall(on,<empty>),Nominal(b)),clear)]
	Feat 3642	(c=8)	weight -0.224:	Bool[holding] Num[Forall(on,Not(Or(ontable,Nominal(b))))]
	Feat 3701	(c=8)	weight -0.7459:	Bool[holding] Bool[Exists(on,And(Not(ontable),Nominal(b)))]
	Feat 3890	(c=7)	weight -4.277:	Bool[And(clear,Nominal(b))] Bool[And(holding,Nominal(a))]
	Feat 3995	(c=8)	weight 0.03201:	Bool[And(holding,Nominal(a))] Num[Or(Not(Nominal(a)),holding)]
	Feat 4105	(c=8)	weight 0.03709:	Bool[And(holding,Nominal(b))] Num[Forall(Star(on),Nominal(a))]
	Feat 4265	(c=6)	weight 0.2736:	Bool[Exists(on,Nominal(b))] Num[Forall(on,<empty>)]
	Feat 4325	(c=8)	weight -1.015:	Bool[Exists(on,Nominal(b))] Bool[Exists(Inverse(on),Nominal(b))]
	Feat 4462	(c=8)	weight -0.3107:	Bool[And(Forall(on,<empty>),Nominal(b))] Num[Or(holding,Nominal(a))]
	Feat 4484	(c=8)	weight 0.1779:	Bool[And(Not(clear),Nominal(a))] Num[Or(ontable,Nominal(b))]
	Feat 4696	(c=8)	weight -0.2854:	Bool[And(Forall(Star(on),Nominal(a)),Nominal(b))] Num[clear]
Score 0.5176048155219671
Lambda=4.7279e-07
	Intercept	-4.832442614473102
	Feat 0	(c=1)	weight -4.135:	Atom[handempty]
	Feat 22	(c=3)	weight 2.935:	Bool[Exists(on,Nominal(b))]
	Feat 25	(c=3)	weight 1.171:	Bool[Exists(on,Nominal(a))]
	Feat 45	(c=4)	weight 1.346:	Bool[And(Forall(on,<empty>),Nominal(b))]
	Feat 204	(c=6)	weight 0.9636:	Num[Or(Not(Nominal(a)),Forall(on,ontable))]
	Feat 334	(c=6)	weight 0.3812:	Num[Or(Not(clear),Exists(on,Nominal(a)))]
	Feat 485	(c=7)	weight 0.341:	Num[Or(Exists(on,Exists(on,ontable)),Nominal(b))]
	Feat 569	(c=7)	weight -0.2473:	Num[Exists(Star(on),And(Not(Nominal(b)),ontable))]
	Feat 1145	(c=8)	weight 0.04101:	Num[Or(Forall(Inverse(Star(on)),Not(Nominal(a))),ontable)]
	Feat 1159	(c=8)	weight -0.9322:	Num[Or(Forall(Star(on),Or(Nominal(a),Nominal(b))),clear)]
	Feat 1454	(c=8)	weight -3.143:	Num[Or(Exists(on,And(Not(Nominal(a)),ontable)),holding)]
	Feat 1866	(c=8)	weight 1.282:	Num[Not(And(Exists(on,Exists(on,Nominal(b))),clear))]
	Feat 2146	(c=8)	weight -0.5467:	Num[Not(And(Forall(on,Nominal(a)),Or(clear,ontable)))]
	Feat 2314	(c=8)	weight 2.659:	Num[Or(Or(Nominal(a),Nominal(b)),Exists(Inverse(on),clear))]
	Feat 3156	(c=7)	weight -0.5933:	Atom[handempty] Num[Forall(on,Exists(on,ontable))]
	Feat 3606	(c=8)	weight -0.4079:	Bool[holding] Num[Or(And(Forall(on,<empty>),Nominal(b)),clear)]
	Feat 3642	(c=8)	weight -0.2312:	Bool[holding] Num[Forall(on,Not(Or(ontable,Nominal(b))))]
	Feat 3701	(c=8)	weight -0.7401:	Bool[holding] Bool[Exists(on,And(Not(ontable),Nominal(b)))]
	Feat 3890	(c=7)	weight -4.268:	Bool[And(clear,Nominal(b))] Bool[And(holding,Nominal(a))]
	Feat 3995	(c=8)	weight 0.03222:	Bool[And(holding,Nominal(a))] Num[Or(Not(Nominal(a)),holding)]
	Feat 4105	(c=8)	weight 0.03576:	Bool[And(holding,Nominal(b))] Num[Forall(Star(on),Nominal(a))]
	Feat 4265	(c=6)	weight 0.2711:	Bool[Exists(on,Nominal(b))] Num[Forall(on,<empty>)]
	Feat 4325	(c=8)	weight -1.017:	Bool[Exists(on,Nominal(b))] Bool[Exists(Inverse(on),Nominal(b))]
	Feat 4462	(c=8)	weight -0.3167:	Bool[And(Forall(on,<empty>),Nominal(b))] Num[Or(holding,Nominal(a))]
	Feat 4484	(c=8)	weight 0.1759:	Bool[And(Not(clear),Nominal(a))] Num[Or(ontable,Nominal(b))]
	Feat 4696	(c=8)	weight -0.2843:	Bool[And(Forall(Star(on),Nominal(a)),Nominal(b))] Num[clear]
Score 0.5176137510698757
Lambda=8.2614e-08
	Intercept	-4.80604182024144
	Feat 0	(c=1)	weight -4.174:	Atom[handempty]
	Feat 22	(c=3)	weight 2.945:	Bool[Exists(on,Nominal(b))]
	Feat 25	(c=3)	weight 1.158:	Bool[Exists(on,Nominal(a))]
	Feat 45	(c=4)	weight 1.347:	Bool[And(Forall(on,<empty>),Nominal(b))]
	Feat 204	(c=6)	weight 0.964:	Num[Or(Not(Nominal(a)),Forall(on,ontable))]
	Feat 334	(c=6)	weight 0.3844:	Num[Or(Not(clear),Exists(on,Nominal(a)))]
	Feat 485	(c=7)	weight 0.3383:	Num[Or(Exists(on,Exists(on,ontable)),Nominal(b))]
	Feat 569	(c=7)	weight -0.2466:	Num[Exists(Star(on),And(Not(Nominal(b)),ontable))]
	Feat 1145	(c=8)	weight 0.04023:	Num[Or(Forall(Inverse(Star(on)),Not(Nominal(a))),ontable)]
	Feat 1159	(c=8)	weight -0.9318:	Num[Or(Forall(Star(on),Or(Nominal(a),Nominal(b))),clear)]
	Feat 1454	(c=8)	weight -3.141:	Num[Or(Exists(on,And(Not(Nominal(a)),ontable)),holding)]
	Feat 1843	(c=8)	weight -0.01221:	Num[Or(And(Not(Nominal(b)),Forall(on,Nominal(b))),clear)]
	Feat 1866	(c=8)	weight 1.28:	Num[Not(And(Exists(on,Exists(on,Nominal(b))),clear))]
	Feat 2146	(c=8)	weight -0.5484:	Num[Not(And(Forall(on,Nominal(a)),Or(clear,ontable)))]
	Feat 2286	(c=8)	weight 0.01373:	Num[And(Not(Nominal(a)),Forall(Inverse(Star(on)),Nominal(b)))]
	Feat 2314	(c=8)	weight 2.665:	Num[Or(Or(Nominal(a),Nominal(b)),Exists(Inverse(on),clear))]
	Feat 3156	(c=7)	weight -0.5885:	Atom[handempty] Num[Forall(on,Exists(on,ontable))]
	Feat 3606	(c=8)	weight -0.4131:	Bool[holding] Num[Or(And(Forall(on,<empty>),Nominal(b)),clear)]
	Feat 3642	(c=8)	weight -0.2332:	Bool[holding] Num[Forall(on,Not(Or(ontable,Nominal(b))))]
	Feat 3701	(c=8)	weight -0.7468:	Bool[holding] Bool[Exists(on,And(Not(ontable),Nominal(b)))]
	Feat 3890	(c=7)	weight -4.271:	Bool[And(clear,Nominal(b))] Bool[And(holding,Nominal(a))]
	Feat 3995	(c=8)	weight 0.03235:	Bool[And(holding,Nominal(a))] Num[Or(Not(Nominal(a)),holding)]
	Feat 4105	(c=8)	weight 0.03434:	Bool[And(holding,Nominal(b))] Num[Forall(Star(on),Nominal(a))]
	Feat 4265	(c=6)	weight 0.2696:	Bool[Exists(on,Nominal(b))] Num[Forall(on,<empty>)]
	Feat 4325	(c=8)	weight -1.003:	Bool[Exists(on,Nominal(b))] Bool[Exists(Inverse(on),Nominal(b))]
	Feat 4462	(c=8)	weight -0.3152:	Bool[And(Forall(on,<empty>),Nominal(b))] Num[Or(holding,Nominal(a))]
	Feat 4484	(c=8)	weight 0.1763:	Bool[And(Not(clear),Nominal(a))] Num[Or(ontable,Nominal(b))]
	Feat 4696	(c=8)	weight -0.2825:	Bool[And(Forall(Star(on),Nominal(a)),Nominal(b))] Num[clear]
Score 0.5176213184759798
Lambda=6.98156e-08
	Intercept	-4.939731374721308
	Feat 0	(c=1)	weight -4.264:	Atom[handempty]
	Feat 17	(c=3)	weight 0.04583:	Num[Or(ontable,Nominal(b))]
	Feat 22	(c=3)	weight 2.953:	Bool[Exists(on,Nominal(b))]
	Feat 25	(c=3)	weight 1.175:	Bool[Exists(on,Nominal(a))]
	Feat 45	(c=4)	weight 1.369:	Bool[And(Forall(on,<empty>),Nominal(b))]
	Feat 204	(c=6)	weight 0.965:	Num[Or(Not(Nominal(a)),Forall(on,ontable))]
	Feat 334	(c=6)	weight 0.4082:	Num[Or(Not(clear),Exists(on,Nominal(a)))]
	Feat 485	(c=7)	weight 0.3353:	Num[Or(Exists(on,Exists(on,ontable)),Nominal(b))]
	Feat 569	(c=7)	weight -0.2488:	Num[Exists(Star(on),And(Not(Nominal(b)),ontable))]
	Feat 1145	(c=8)	weight 0.04004:	Num[Or(Forall(Inverse(Star(on)),Not(Nominal(a))),ontable)]
	Feat 1159	(c=8)	weight -0.9383:	Num[Or(Forall(Star(on),Or(Nominal(a),Nominal(b))),clear)]
	Feat 1454	(c=8)	weight -3.143:	Num[Or(Exists(on,And(Not(Nominal(a)),ontable)),holding)]
	Feat 1843	(c=8)	weight -0.04559:	Num[Or(And(Not(Nominal(b)),Forall(on,Nominal(b))),clear)]
	Feat 1866	(c=8)	weight 1.282:	Num[Not(And(Exists(on,Exists(on,Nominal(b))),clear))]
	Feat 2146	(c=8)	weight -0.5593:	Num[Not(And(Forall(on,Nominal(a)),Or(clear,ontable)))]
	Feat 2286	(c=8)	weight 0.00637:	Num[And(Not(Nominal(a)),Forall(Inverse(Star(on)),Nominal(b)))]
	Feat 2314	(c=8)	weight 2.704:	Num[Or(Or(Nominal(a),Nominal(b)),Exists(Inverse(on),clear))]
	Feat 3156	(c=7)	weight -0.5741:	Atom[handempty] Num[Forall(on,Exists(on,ontable))]
	Feat 3606	(c=8)	weight -0.3939:	Bool[holding] Num[Or(And(Forall(on,<empty>),Nominal(b)),clear)]
	Feat 3642	(c=8)	weight -0.2419:	Bool[holding] Num[Forall(on,Not(Or(ontable,Nominal(b))))]
	Feat 3701	(c=8)	weight -0.739:	Bool[holding] Bool[Exists(on,And(Not(ontable),Nominal(b)))]
	Feat 3890	(c=7)	weight -4.261:	Bool[And(clear,Nominal(b))] Bool[And(holding,Nominal(a))]
	Feat 3995	(c=8)	weight 0.03294:	Bool[And(holding,Nominal(a))] Num[Or(Not(Nominal(a)),holding)]
	Feat 4105	(c=8)	weight 0.01231:	Bool[And(holding,Nominal(b))] Num[Forall(Star(on),Nominal(a))]
	Feat 4265	(c=6)	weight 0.2671:	Bool[Exists(on,Nominal(b))] Num[Forall(on,<empty>)]
	Feat 4325	(c=8)	weight -0.9809:	Bool[Exists(on,Nominal(b))] Bool[Exists(Inverse(on),Nominal(b))]
	Feat 4462	(c=8)	weight -0.3157:	Bool[And(Forall(on,<empty>),Nominal(b))] Num[Or(holding,Nominal(a))]
	Feat 4484	(c=8)	weight 0.1741:	Bool[And(Not(clear),Nominal(a))] Num[Or(ontable,Nominal(b))]
	Feat 4696	(c=8)	weight -0.2779:	Bool[And(Forall(Star(on),Nominal(a)),Nominal(b))] Num[clear]
Score 0.5176415990406265
Lambda=1.28804e-09
	Intercept	-5.033909565600609
	Feat 0	(c=1)	weight -4.282:	Atom[handempty]
	Feat 17	(c=3)	weight 0.05581:	Num[Or(ontable,Nominal(b))]
	Feat 22	(c=3)	weight 2.955:	Bool[Exists(on,Nominal(b))]
	Feat 25	(c=3)	weight 1.168:	Bool[Exists(on,Nominal(a))]
	Feat 45	(c=4)	weight 1.383:	Bool[And(Forall(on,<empty>),Nominal(b))]
	Feat 204	(c=6)	weight 0.962:	Num[Or(Not(Nominal(a)),Forall(on,ontable))]
	Feat 334	(c=6)	weight 0.4198:	Num[Or(Not(clear),Exists(on,Nominal(a)))]
	Feat 485	(c=7)	weight 0.3343:	Num[Or(Exists(on,Exists(on,ontable)),Nominal(b))]
	Feat 569	(c=7)	weight -0.2495:	Num[Exists(Star(on),And(Not(Nominal(b)),ontable))]
	Feat 1145	(c=8)	weight 0.04118:	Num[Or(Forall(Inverse(Star(on)),Not(Nominal(a))),ontable)]
	Feat 1159	(c=8)	weight -0.9363:	Num[Or(Forall(Star(on),Or(Nominal(a),Nominal(b))),clear)]
	Feat 1454	(c=8)	weight -3.145:	Num[Or(Exists(on,And(Not(Nominal(a)),ontable)),holding)]
	Feat 1707	(c=8)	weight 0.002032:	Num[Or(Exists(on,Exists(on,Exists(on,<universe>))),Nominal(b))]
	Feat 1843	(c=8)	weight -0.05234:	Num[Or(And(Not(Nominal(b)),Forall(on,Nominal(b))),clear)]
	Feat 1866	(c=8)	weight 1.281:	Num[Not(And(Exists(on,Exists(on,Nominal(b))),clear))]
	Feat 2146	(c=8)	weight -0.5585:	Num[Not(And(Forall(on,Nominal(a)),Or(clear,ontable)))]
	Feat 2286	(c=8)	weight 0.01358:	Num[And(Not(Nominal(a)),Forall(Inverse(Star(on)),Nominal(b)))]
	Feat 2314	(c=8)	weight 2.71:	Num[Or(Or(Nominal(a),Nominal(b)),Exists(Inverse(on),clear))]
	Feat 2430	(c=8)	weight 0.002685:	Num[Or(And(Forall(on,<empty>),Nominal(b)),And(clear,Nominal(a)))]
	Feat 3156	(c=7)	weight -0.5699:	Atom[handempty] Num[Forall(on,Exists(on,ontable))]
	Feat 3606	(c=8)	weight -0.3943:	Bool[holding] Num[Or(And(Forall(on,<empty>),Nominal(b)),clear)]
	Feat 3642	(c=8)	weight -0.2415:	Bool[holding] Num[Forall(on,Not(Or(ontable,Nominal(b))))]
	Feat 3701	(c=8)	weight -0.744:	Bool[holding] Bool[Exists(on,And(Not(ontable),Nominal(b)))]
	Feat 3890	(c=7)	weight -4.263:	Bool[And(clear,Nominal(b))] Bool[And(holding,Nominal(a))]
	Feat 3995	(c=8)	weight 0.03334:	Bool[And(holding,Nominal(a))] Num[Or(Not(Nominal(a)),holding)]
	Feat 4105	(c=8)	weight 0.008163:	Bool[And(holding,Nominal(b))] Num[Forall(Star(on),Nominal(a))]
	Feat 4265	(c=6)	weight 0.2654:	Bool[Exists(on,Nominal(b))] Num[Forall(on,<empty>)]
	Feat 4325	(c=8)	weight -0.9642:	Bool[Exists(on,Nominal(b))] Bool[Exists(Inverse(on),Nominal(b))]
	Feat 4462	(c=8)	weight -0.3186:	Bool[And(Forall(on,<empty>),Nominal(b))] Num[Or(holding,Nominal(a))]
	Feat 4484	(c=8)	weight 0.1738:	Bool[And(Not(clear),Nominal(a))] Num[Or(ontable,Nominal(b))]
	Feat 4696	(c=8)	weight -0.2776:	Bool[And(Forall(Star(on),Nominal(a)),Nominal(b))] Num[clear]
Score 0.517646998083009
Lambda=1.20248e-10
	Intercept	-5.057952131221333
	Feat 0	(c=1)	weight -4.283:	Atom[handempty]
	Feat 17	(c=3)	weight 0.05638:	Num[Or(ontable,Nominal(b))]
	Feat 22	(c=3)	weight 2.956:	Bool[Exists(on,Nominal(b))]
	Feat 25	(c=3)	weight 1.168:	Bool[Exists(on,Nominal(a))]
	Feat 45	(c=4)	weight 1.385:	Bool[And(Forall(on,<empty>),Nominal(b))]
	Feat 204	(c=6)	weight 0.9625:	Num[Or(Not(Nominal(a)),Forall(on,ontable))]
	Feat 334	(c=6)	weight 0.4204:	Num[Or(Not(clear),Exists(on,Nominal(a)))]
	Feat 485	(c=7)	weight 0.3347:	Num[Or(Exists(on,Exists(on,ontable)),Nominal(b))]
	Feat 569	(c=7)	weight -0.2493:	Num[Exists(Star(on),And(Not(Nominal(b)),ontable))]
	Feat 1145	(c=8)	weight 0.04129:	Num[Or(Forall(Inverse(Star(on)),Not(Nominal(a))),ontable)]
	Feat 1159	(c=8)	weight -0.9363:	Num[Or(Forall(Star(on),Or(Nominal(a),Nominal(b))),clear)]
	Feat 1454	(c=8)	weight -3.145:	Num[Or(Exists(on,And(Not(Nominal(a)),ontable)),holding)]
	Feat 1707	(c=8)	weight 0.002484:	Num[Or(Exists(on,Exists(on,Exists(on,<universe>))),Nominal(b))]
	Feat 1843	(c=8)	weight -0.05263:	Num[Or(And(Not(Nominal(b)),Forall(on,Nominal(b))),clear)]
	Feat 1866	(c=8)	weight 1.282:	Num[Not(And(Exists(on,Exists(on,Nominal(b))),clear))]
	Feat 2146	(c=8)	weight -0.5583:	Num[Not(And(Forall(on,Nominal(a)),Or(clear,ontable)))]
	Feat 2286	(c=8)	weight 0.01401:	Num[And(Not(Nominal(a)),Forall(Inverse(Star(on)),Nominal(b)))]
	Feat 2314	(c=8)	weight 2.711:	Num[Or(Or(Nominal(a),Nominal(b)),Exists(Inverse(on),clear))]
	Feat 2430	(c=8)	weight 0.003157:	Num[Or(And(Forall(on,<empty>),Nominal(b)),And(clear,Nominal(a)))]
	Feat 3156	(c=7)	weight -0.5694:	Atom[handempty] Num[Forall(on,Exists(on,ontable))]
	Feat 3606	(c=8)	weight -0.3939:	Bool[holding] Num[Or(And(Forall(on,<empty>),Nominal(b)),clear)]
	Feat 3642	(c=8)	weight -0.2416:	Bool[holding] Num[Forall(on,Not(Or(ontable,Nominal(b))))]
	Feat 3701	(c=8)	weight -0.7439:	Bool[holding] Bool[Exists(on,And(Not(ontable),Nominal(b)))]
	Feat 3890	(c=7)	weight -4.263:	Bool[And(clear,Nominal(b))] Bool[And(holding,Nominal(a))]
	Feat 3995	(c=8)	weight 0.03333:	Bool[And(holding,Nominal(a))] Num[Or(Not(Nominal(a)),holding)]
	Feat 4105	(c=8)	weight 0.007888:	Bool[And(holding,Nominal(b))] Num[Forall(Star(on),Nominal(a))]
	Feat 4265	(c=6)	weight 0.2655:	Bool[Exists(on,Nominal(b))] Num[Forall(on,<empty>)]
	Feat 4325	(c=8)	weight -0.9631:	Bool[Exists(on,Nominal(b))] Bool[Exists(Inverse(on),Nominal(b))]
	Feat 4462	(c=8)	weight -0.3188:	Bool[And(Forall(on,<empty>),Nominal(b))] Num[Or(holding,Nominal(a))]
	Feat 4484	(c=8)	weight 0.1739:	Bool[And(Not(clear),Nominal(a))] Num[Or(ontable,Nominal(b))]
	Feat 4696	(c=8)	weight -0.2777:	Bool[And(Forall(Star(on),Nominal(a)),Nominal(b))] Num[clear]
Score 0.5176473636229153
Lambda=4.7919e-12
	Intercept	-5.066445748068023
	Feat 0	(c=1)	weight -4.287:	Atom[handempty]
	Feat 17	(c=3)	weight 0.05867:	Num[Or(ontable,Nominal(b))]
	Feat 22	(c=3)	weight 2.957:	Bool[Exists(on,Nominal(b))]
	Feat 25	(c=3)	weight 1.168:	Bool[Exists(on,Nominal(a))]
	Feat 45	(c=4)	weight 1.386:	Bool[And(Forall(on,<empty>),Nominal(b))]
	Feat 204	(c=6)	weight 0.9633:	Num[Or(Not(Nominal(a)),Forall(on,ontable))]
	Feat 334	(c=6)	weight 0.4213:	Num[Or(Not(clear),Exists(on,Nominal(a)))]
	Feat 485	(c=7)	weight 0.3355:	Num[Or(Exists(on,Exists(on,ontable)),Nominal(b))]
	Feat 569	(c=7)	weight -0.2492:	Num[Exists(Star(on),And(Not(Nominal(b)),ontable))]
	Feat 1145	(c=8)	weight 0.04111:	Num[Or(Forall(Inverse(Star(on)),Not(Nominal(a))),ontable)]
	Feat 1159	(c=8)	weight -0.936:	Num[Or(Forall(Star(on),Or(Nominal(a),Nominal(b))),clear)]
	Feat 1454	(c=8)	weight -3.143:	Num[Or(Exists(on,And(Not(Nominal(a)),ontable)),holding)]
	Feat 1707	(c=8)	weight 0.003449:	Num[Or(Exists(on,Exists(on,Exists(on,<universe>))),Nominal(b))]
	Feat 1843	(c=8)	weight -0.05435:	Num[Or(And(Not(Nominal(b)),Forall(on,Nominal(b))),clear)]
	Feat 1866	(c=8)	weight 1.281:	Num[Not(And(Exists(on,Exists(on,Nominal(b))),clear))]
	Feat 2146	(c=8)	weight -0.5586:	Num[Not(And(Forall(on,Nominal(a)),Or(clear,ontable)))]
	Feat 2286	(c=8)	weight 0.01521:	Num[And(Not(Nominal(a)),Forall(Inverse(Star(on)),Nominal(b)))]
	Feat 2314	(c=8)	weight 2.711:	Num[Or(Or(Nominal(a),Nominal(b)),Exists(Inverse(on),clear))]
	Feat 2430	(c=8)	weight 0.004179:	Num[Or(And(Forall(on,<empty>),Nominal(b)),And(clear,Nominal(a)))]
	Feat 3156	(c=7)	weight -0.5694:	Atom[handempty] Num[Forall(on,Exists(on,ontable))]
	Feat 3606	(c=8)	weight -0.3945:	Bool[holding] Num[Or(And(Forall(on,<empty>),Nominal(b)),clear)]
	Feat 3642	(c=8)	weight -0.2419:	Bool[holding] Num[Forall(on,Not(Or(ontable,Nominal(b))))]
	Feat 3701	(c=8)	weight -0.7446:	Bool[holding] Bool[Exists(on,And(Not(ontable),Nominal(b)))]
	Feat 3890	(c=7)	weight -4.264:	Bool[And(clear,Nominal(b))] Bool[And(holding,Nominal(a))]
	Feat 3991	(c=8)	weight 0.0001301:	Bool[And(holding,Nominal(a))] Bool[And(Not(holding),Nominal(b))]
	Feat 3995	(c=8)	weight 0.03342:	Bool[And(holding,Nominal(a))] Num[Or(Not(Nominal(a)),holding)]
	Feat 4105	(c=8)	weight 0.007042:	Bool[And(holding,Nominal(b))] Num[Forall(Star(on),Nominal(a))]
	Feat 4265	(c=6)	weight 0.265:	Bool[Exists(on,Nominal(b))] Num[Forall(on,<empty>)]
	Feat 4325	(c=8)	weight -0.9615:	Bool[Exists(on,Nominal(b))] Bool[Exists(Inverse(on),Nominal(b))]
	Feat 4462	(c=8)	weight -0.3189:	Bool[And(Forall(on,<empty>),Nominal(b))] Num[Or(holding,Nominal(a))]
	Feat 4484	(c=8)	weight 0.174:	Bool[And(Not(clear),Nominal(a))] Num[Or(ontable,Nominal(b))]
	Feat 4696	(c=8)	weight -0.2775:	Bool[And(Forall(Star(on),Nominal(a)),Nominal(b))] Num[clear]
Score 0.5176481817575935
