Considering 42 features
L0Learn Method
----------

Lambda=0.146075
	Intercept	6.108652826185786
Score 0.0
Lambda=0.144615
	Intercept	4.229371377391085
	Feat 2372	(c=8)	weight 1.362:	Num[Or(And(holding,Nominal(a)),Exists(Star(on),Nominal(a)))]
Score 0.2921507167018943
Lambda=0.112278
	Intercept	2.3153707927026366
	Feat 2372	(c=8)	weight 1.396:	Num[Or(And(holding,Nominal(a)),Exists(Star(on),Nominal(a)))]
	Feat 2677	(c=8)	weight 3.483:	Bool[And(Or(Not(Nominal(a)),clear),Exists(on,Nominal(b)))]
Score 0.5191590789171764
Lambda=0.0652252
	Intercept	-2.7927440938945303
	Feat 1422	(c=8)	weight 5.606:	Bool[And(Forall(on,Or(Not(Nominal(b)),ontable)),Nominal(a))]
	Feat 2372	(c=8)	weight 1.334:	Num[Or(And(holding,Nominal(a)),Exists(Star(on),Nominal(a)))]
	Feat 2677	(c=8)	weight 3.341:	Bool[And(Or(Not(Nominal(a)),clear),Exists(on,Nominal(b)))]
Score 0.6518746667865755
Lambda=0.0215283
	Intercept	1.4963573951869487
	Feat 689	(c=7)	weight -0.7568:	Num[Or(Forall(on,Or(ontable,Nominal(b))),Nominal(b))]
	Feat 1422	(c=8)	weight 5.55:	Bool[And(Forall(on,Or(Not(Nominal(b)),ontable)),Nominal(a))]
	Feat 2372	(c=8)	weight 1.118:	Num[Or(And(holding,Nominal(a)),Exists(Star(on),Nominal(a)))]
	Feat 2677	(c=8)	weight 3.332:	Bool[And(Or(Not(Nominal(a)),clear),Exists(on,Nominal(b)))]
Score 0.7018017521011344
Lambda=0.0073442
	Intercept	1.5912661257158156
	Feat 689	(c=7)	weight -0.8347:	Num[Or(Forall(on,Or(ontable,Nominal(b))),Nominal(b))]
	Feat 1422	(c=8)	weight 5.471:	Bool[And(Forall(on,Or(Not(Nominal(b)),ontable)),Nominal(a))]
	Feat 2372	(c=8)	weight 1.127:	Num[Or(And(holding,Nominal(a)),Exists(Star(on),Nominal(a)))]
	Feat 2677	(c=8)	weight 3.354:	Bool[And(Or(Not(Nominal(a)),clear),Exists(on,Nominal(b)))]
	Feat 3624	(c=8)	weight 0.4459:	Bool[holding] Num[Or(Exists(Inverse(on),clear),Nominal(b))]
	Feat 3890	(c=7)	weight -3.616:	Bool[And(clear,Nominal(b))] Bool[And(holding,Nominal(a))]
Score 0.7367804895239798
Lambda=0.00490348
	Intercept	2.872901223588687
	Feat 689	(c=7)	weight -1.279:	Num[Or(Forall(on,Or(ontable,Nominal(b))),Nominal(b))]
	Feat 1422	(c=8)	weight 3.141:	Bool[And(Forall(on,Or(Not(Nominal(b)),ontable)),Nominal(a))]
	Feat 2286	(c=8)	weight 1.221:	Num[And(Not(Nominal(a)),Forall(Inverse(Star(on)),Nominal(b)))]
	Feat 2372	(c=8)	weight 0.9312:	Num[Or(And(holding,Nominal(a)),Exists(Star(on),Nominal(a)))]
	Feat 2677	(c=8)	weight 7.34:	Bool[And(Or(Not(Nominal(a)),clear),Exists(on,Nominal(b)))]
	Feat 3624	(c=8)	weight 0.4095:	Bool[holding] Num[Or(Exists(Inverse(on),clear),Nominal(b))]
	Feat 3890	(c=7)	weight -3.776:	Bool[And(clear,Nominal(b))] Bool[And(holding,Nominal(a))]
	Feat 4265	(c=6)	weight -1.168:	Bool[Exists(on,Nominal(b))] Num[Forall(on,<empty>)]
Score 0.807556486203437
Lambda=0.00212149
	Intercept	2.3343880523075997
	Feat 689	(c=7)	weight -1.245:	Num[Or(Forall(on,Or(ontable,Nominal(b))),Nominal(b))]
	Feat 1422	(c=8)	weight 2.905:	Bool[And(Forall(on,Or(Not(Nominal(b)),ontable)),Nominal(a))]
	Feat 1454	(c=8)	weight -1.158:	Num[Or(Exists(on,And(Not(Nominal(a)),ontable)),holding)]
	Feat 2286	(c=8)	weight 1.196:	Num[And(Not(Nominal(a)),Forall(Inverse(Star(on)),Nominal(b)))]
	Feat 2314	(c=8)	weight 0.7804:	Num[Or(Or(Nominal(a),Nominal(b)),Exists(Inverse(on),clear))]
	Feat 2372	(c=8)	weight 0.7257:	Num[Or(And(holding,Nominal(a)),Exists(Star(on),Nominal(a)))]
	Feat 2677	(c=8)	weight 7.312:	Bool[And(Or(Not(Nominal(a)),clear),Exists(on,Nominal(b)))]
	Feat 3624	(c=8)	weight 0.7987:	Bool[holding] Num[Or(Exists(Inverse(on),clear),Nominal(b))]
	Feat 3890	(c=7)	weight -3.723:	Bool[And(clear,Nominal(b))] Bool[And(holding,Nominal(a))]
	Feat 4265	(c=6)	weight -1.034:	Bool[Exists(on,Nominal(b))] Num[Forall(on,<empty>)]
Score 0.8315957225996725
Lambda=0.00198809
	Intercept	2.42982870303521
	Feat 689	(c=7)	weight -1.371:	Num[Or(Forall(on,Or(ontable,Nominal(b))),Nominal(b))]
	Feat 1422	(c=8)	weight 3.139:	Bool[And(Forall(on,Or(Not(Nominal(b)),ontable)),Nominal(a))]
	Feat 1454	(c=8)	weight -1.186:	Num[Or(Exists(on,And(Not(Nominal(a)),ontable)),holding)]
	Feat 2286	(c=8)	weight 1.345:	Num[And(Not(Nominal(a)),Forall(Inverse(Star(on)),Nominal(b)))]
	Feat 2314	(c=8)	weight 0.8588:	Num[Or(Or(Nominal(a),Nominal(b)),Exists(Inverse(on),clear))]
	Feat 2372	(c=8)	weight 0.6628:	Num[Or(And(holding,Nominal(a)),Exists(Star(on),Nominal(a)))]
	Feat 2677	(c=8)	weight 7.21:	Bool[And(Or(Not(Nominal(a)),clear),Exists(on,Nominal(b)))]
	Feat 3624	(c=8)	weight 0.7968:	Bool[holding] Num[Or(Exists(Inverse(on),clear),Nominal(b))]
	Feat 3890	(c=7)	weight -3.746:	Bool[And(clear,Nominal(b))] Bool[And(holding,Nominal(a))]
	Feat 4265	(c=6)	weight -0.932:	Bool[Exists(on,Nominal(b))] Num[Forall(on,<empty>)]
	Feat 4696	(c=8)	weight -0.22:	Bool[And(Forall(Star(on),Nominal(a)),Nominal(b))] Num[clear]
Score 0.8371713134304605
Lambda=0.00105428
	Intercept	2.412026541565017
	Feat 334	(c=6)	weight 0.6542:	Num[Or(Not(clear),Exists(on,Nominal(a)))]
	Feat 485	(c=7)	weight -0.4516:	Num[Or(Exists(on,Exists(on,ontable)),Nominal(b))]
	Feat 689	(c=7)	weight -1.42:	Num[Or(Forall(on,Or(ontable,Nominal(b))),Nominal(b))]
	Feat 1151	(c=8)	weight 1.083:	Bool[And(Forall(on,Exists(Star(on),Nominal(a))),Nominal(b))]
	Feat 1422	(c=8)	weight 2.924:	Bool[And(Forall(on,Or(Not(Nominal(b)),ontable)),Nominal(a))]
	Feat 1454	(c=8)	weight -1.5:	Num[Or(Exists(on,And(Not(Nominal(a)),ontable)),holding)]
	Feat 2146	(c=8)	weight -0.7567:	Num[Not(And(Forall(on,Nominal(a)),Or(clear,ontable)))]
	Feat 2286	(c=8)	weight 1.209:	Num[And(Not(Nominal(a)),Forall(Inverse(Star(on)),Nominal(b)))]
	Feat 2314	(c=8)	weight 1.49:	Num[Or(Or(Nominal(a),Nominal(b)),Exists(Inverse(on),clear))]
	Feat 2372	(c=8)	weight 0.5692:	Num[Or(And(holding,Nominal(a)),Exists(Star(on),Nominal(a)))]
	Feat 2677	(c=8)	weight 7.32:	Bool[And(Or(Not(Nominal(a)),clear),Exists(on,Nominal(b)))]
	Feat 3624	(c=8)	weight 0.8085:	Bool[holding] Num[Or(Exists(Inverse(on),clear),Nominal(b))]
	Feat 3701	(c=8)	weight 0.9606:	Bool[holding] Bool[Exists(on,And(Not(ontable),Nominal(b)))]
	Feat 3890	(c=7)	weight -3.066:	Bool[And(clear,Nominal(b))] Bool[And(holding,Nominal(a))]
	Feat 4265	(c=6)	weight -0.9149:	Bool[Exists(on,Nominal(b))] Num[Forall(on,<empty>)]
	Feat 4696	(c=8)	weight -0.4412:	Bool[And(Forall(Star(on),Nominal(a)),Nominal(b))] Num[clear]
Score 0.8607759592568291
Lambda=0.000343591
	Intercept	4.243492969314699
	Feat 22	(c=3)	weight -3.45:	Bool[Exists(on,Nominal(b))]
	Feat 334	(c=6)	weight 0.8307:	Num[Or(Not(clear),Exists(on,Nominal(a)))]
	Feat 485	(c=7)	weight -0.5351:	Num[Or(Exists(on,Exists(on,ontable)),Nominal(b))]
	Feat 689	(c=7)	weight -1.47:	Num[Or(Forall(on,Or(ontable,Nominal(b))),Nominal(b))]
	Feat 1151	(c=8)	weight 0.9603:	Bool[And(Forall(on,Exists(Star(on),Nominal(a))),Nominal(b))]
	Feat 1422	(c=8)	weight 2.135:	Bool[And(Forall(on,Or(Not(Nominal(b)),ontable)),Nominal(a))]
	Feat 1454	(c=8)	weight -1.52:	Num[Or(Exists(on,And(Not(Nominal(a)),ontable)),holding)]
	Feat 2146	(c=8)	weight -0.9054:	Num[Not(And(Forall(on,Nominal(a)),Or(clear,ontable)))]
	Feat 2286	(c=8)	weight 0.8556:	Num[And(Not(Nominal(a)),Forall(Inverse(Star(on)),Nominal(b)))]
	Feat 2314	(c=8)	weight 1.595:	Num[Or(Or(Nominal(a),Nominal(b)),Exists(Inverse(on),clear))]
	Feat 2372	(c=8)	weight 0.7125:	Num[Or(And(holding,Nominal(a)),Exists(Star(on),Nominal(a)))]
	Feat 2677	(c=8)	weight 8.476:	Bool[And(Or(Not(Nominal(a)),clear),Exists(on,Nominal(b)))]
	Feat 3624	(c=8)	weight 0.8072:	Bool[holding] Num[Or(Exists(Inverse(on),clear),Nominal(b))]
	Feat 3701	(c=8)	weight 0.8494:	Bool[holding] Bool[Exists(on,And(Not(ontable),Nominal(b)))]
	Feat 3890	(c=7)	weight -3.066:	Bool[And(clear,Nominal(b))] Bool[And(holding,Nominal(a))]
	Feat 4265	(c=6)	weight -0.2226:	Bool[Exists(on,Nominal(b))] Num[Forall(on,<empty>)]
	Feat 4696	(c=8)	weight -0.438:	Bool[And(Forall(Star(on),Nominal(a)),Nominal(b))] Num[clear]
Score 0.8730862248036004
Lambda=0.000167372
	Intercept	-1.3702873543616256
	Feat 22	(c=3)	weight -4.374:	Bool[Exists(on,Nominal(b))]
	Feat 334	(c=6)	weight 1.128:	Num[Or(Not(clear),Exists(on,Nominal(a)))]
	Feat 569	(c=7)	weight -0.4898:	Num[Exists(Star(on),And(Not(Nominal(b)),ontable))]
	Feat 689	(c=7)	weight -0.8995:	Num[Or(Forall(on,Or(ontable,Nominal(b))),Nominal(b))]
	Feat 1145	(c=8)	weight -0.1357:	Num[Or(Forall(Inverse(Star(on)),Not(Nominal(a))),ontable)]
	Feat 1151	(c=8)	weight 1.032:	Bool[And(Forall(on,Exists(Star(on),Nominal(a))),Nominal(b))]
	Feat 1159	(c=8)	weight -0.9403:	Num[Or(Forall(Star(on),Or(Nominal(a),Nominal(b))),clear)]
	Feat 1422	(c=8)	weight 2.345:	Bool[And(Forall(on,Or(Not(Nominal(b)),ontable)),Nominal(a))]
	Feat 1454	(c=8)	weight -1.687:	Num[Or(Exists(on,And(Not(Nominal(a)),ontable)),holding)]
	Feat 1843	(c=8)	weight 0.1591:	Num[Or(And(Not(Nominal(b)),Forall(on,Nominal(b))),clear)]
	Feat 1866	(c=8)	weight 0.6831:	Num[Not(And(Exists(on,Exists(on,Nominal(b))),clear))]
	Feat 2146	(c=8)	weight -1.394:	Num[Not(And(Forall(on,Nominal(a)),Or(clear,ontable)))]
	Feat 2286	(c=8)	weight 0.626:	Num[And(Not(Nominal(a)),Forall(Inverse(Star(on)),Nominal(b)))]
	Feat 2314	(c=8)	weight 2.759:	Num[Or(Or(Nominal(a),Nominal(b)),Exists(Inverse(on),clear))]
	Feat 2372	(c=8)	weight 0.9113:	Num[Or(And(holding,Nominal(a)),Exists(Star(on),Nominal(a)))]
	Feat 2677	(c=8)	weight 8.435:	Bool[And(Or(Not(Nominal(a)),clear),Exists(on,Nominal(b)))]
	Feat 3624	(c=8)	weight 0.3205:	Bool[holding] Num[Or(Exists(Inverse(on),clear),Nominal(b))]
	Feat 3642	(c=8)	weight 0.3584:	Bool[holding] Num[Forall(on,Not(Or(ontable,Nominal(b))))]
	Feat 3701	(c=8)	weight 0.3117:	Bool[holding] Bool[Exists(on,And(Not(ontable),Nominal(b)))]
	Feat 3890	(c=7)	weight -3.517:	Bool[And(clear,Nominal(b))] Bool[And(holding,Nominal(a))]
	Feat 4325	(c=8)	weight 1.039:	Bool[Exists(on,Nominal(b))] Bool[Exists(Inverse(on),Nominal(b))]
	Feat 4484	(c=8)	weight 0.1216:	Bool[And(Not(clear),Nominal(a))] Num[Or(ontable,Nominal(b))]
	Feat 4696	(c=8)	weight -0.3098:	Bool[And(Forall(Star(on),Nominal(a)),Nominal(b))] Num[clear]
Score 0.8910241335213946
Lambda=0.000154241
	Intercept	0.8319887045567214
	Feat 22	(c=3)	weight -4.433:	Bool[Exists(on,Nominal(b))]
	Feat 334	(c=6)	weight 1.056:	Num[Or(Not(clear),Exists(on,Nominal(a)))]
	Feat 569	(c=7)	weight -0.5048:	Num[Exists(Star(on),And(Not(Nominal(b)),ontable))]
	Feat 689	(c=7)	weight -0.9548:	Num[Or(Forall(on,Or(ontable,Nominal(b))),Nominal(b))]
	Feat 1145	(c=8)	weight -0.3573:	Num[Or(Forall(Inverse(Star(on)),Not(Nominal(a))),ontable)]
	Feat 1151	(c=8)	weight 1.035:	Bool[And(Forall(on,Exists(Star(on),Nominal(a))),Nominal(b))]
	Feat 1159	(c=8)	weight -0.9944:	Num[Or(Forall(Star(on),Or(Nominal(a),Nominal(b))),clear)]
	Feat 1422	(c=8)	weight 2.168:	Bool[And(Forall(on,Or(Not(Nominal(b)),ontable)),Nominal(a))]
	Feat 1454	(c=8)	weight -1.541:	Num[Or(Exists(on,And(Not(Nominal(a)),ontable)),holding)]
	Feat 1843	(c=8)	weight 0.1241:	Num[Or(And(Not(Nominal(b)),Forall(on,Nominal(b))),clear)]
	Feat 1866	(c=8)	weight 0.6497:	Num[Not(And(Exists(on,Exists(on,Nominal(b))),clear))]
	Feat 2146	(c=8)	weight -1.479:	Num[Not(And(Forall(on,Nominal(a)),Or(clear,ontable)))]
	Feat 2286	(c=8)	weight 0.7137:	Num[And(Not(Nominal(a)),Forall(Inverse(Star(on)),Nominal(b)))]
	Feat 2314	(c=8)	weight 2.795:	Num[Or(Or(Nominal(a),Nominal(b)),Exists(Inverse(on),clear))]
	Feat 2372	(c=8)	weight 0.9316:	Num[Or(And(holding,Nominal(a)),Exists(Star(on),Nominal(a)))]
	Feat 2677	(c=8)	weight 8.509:	Bool[And(Or(Not(Nominal(a)),clear),Exists(on,Nominal(b)))]
	Feat 3624	(c=8)	weight 0.3094:	Bool[holding] Num[Or(Exists(Inverse(on),clear),Nominal(b))]
	Feat 3642	(c=8)	weight 0.3654:	Bool[holding] Num[Forall(on,Not(Or(ontable,Nominal(b))))]
	Feat 3701	(c=8)	weight 0.3044:	Bool[holding] Bool[Exists(on,And(Not(ontable),Nominal(b)))]
	Feat 3890	(c=7)	weight -3.573:	Bool[And(clear,Nominal(b))] Bool[And(holding,Nominal(a))]
	Feat 4325	(c=8)	weight 1.145:	Bool[Exists(on,Nominal(b))] Bool[Exists(Inverse(on),Nominal(b))]
	Feat 4484	(c=8)	weight 0.123:	Bool[And(Not(clear),Nominal(a))] Num[Or(ontable,Nominal(b))]
	Feat 4653	(c=8)	weight 0.1441:	Bool[And(Forall(on,ontable),Nominal(a))] Num[Exists(on,<universe>)]
	Feat 4696	(c=8)	weight -0.2992:	Bool[And(Forall(Star(on),Nominal(a)),Nominal(b))] Num[clear]
Score 0.8926132420635788
Lambda=5.53384e-05
	Intercept	1.6750500941082471
	Feat 22	(c=3)	weight -4.463:	Bool[Exists(on,Nominal(b))]
	Feat 334	(c=6)	weight 0.934:	Num[Or(Not(clear),Exists(on,Nominal(a)))]
	Feat 569	(c=7)	weight -0.507:	Num[Exists(Star(on),And(Not(Nominal(b)),ontable))]
	Feat 689	(c=7)	weight -0.9686:	Num[Or(Forall(on,Or(ontable,Nominal(b))),Nominal(b))]
	Feat 1145	(c=8)	weight -0.3441:	Num[Or(Forall(Inverse(Star(on)),Not(Nominal(a))),ontable)]
	Feat 1151	(c=8)	weight 1.022:	Bool[And(Forall(on,Exists(Star(on),Nominal(a))),Nominal(b))]
	Feat 1159	(c=8)	weight -1.013:	Num[Or(Forall(Star(on),Or(Nominal(a),Nominal(b))),clear)]
	Feat 1422	(c=8)	weight 2.155:	Bool[And(Forall(on,Or(Not(Nominal(b)),ontable)),Nominal(a))]
	Feat 1454	(c=8)	weight -1.516:	Num[Or(Exists(on,And(Not(Nominal(a)),ontable)),holding)]
	Feat 1843	(c=8)	weight 0.2063:	Num[Or(And(Not(Nominal(b)),Forall(on,Nominal(b))),clear)]
	Feat 1866	(c=8)	weight 0.6449:	Num[Not(And(Exists(on,Exists(on,Nominal(b))),clear))]
	Feat 2146	(c=8)	weight -1.451:	Num[Not(And(Forall(on,Nominal(a)),Or(clear,ontable)))]
	Feat 2286	(c=8)	weight 0.5309:	Num[And(Not(Nominal(a)),Forall(Inverse(Star(on)),Nominal(b)))]
	Feat 2314	(c=8)	weight 2.718:	Num[Or(Or(Nominal(a),Nominal(b)),Exists(Inverse(on),clear))]
	Feat 2372	(c=8)	weight 0.9231:	Num[Or(And(holding,Nominal(a)),Exists(Star(on),Nominal(a)))]
	Feat 2677	(c=8)	weight 8.543:	Bool[And(Or(Not(Nominal(a)),clear),Exists(on,Nominal(b)))]
	Feat 3624	(c=8)	weight 0.3243:	Bool[holding] Num[Or(Exists(Inverse(on),clear),Nominal(b))]
	Feat 3642	(c=8)	weight 0.3813:	Bool[holding] Num[Forall(on,Not(Or(ontable,Nominal(b))))]
	Feat 3701	(c=8)	weight 0.3548:	Bool[holding] Bool[Exists(on,And(Not(ontable),Nominal(b)))]
	Feat 3890	(c=7)	weight -3.292:	Bool[And(clear,Nominal(b))] Bool[And(holding,Nominal(a))]
	Feat 3991	(c=8)	weight -0.5348:	Bool[And(holding,Nominal(a))] Bool[And(Not(holding),Nominal(b))]
	Feat 4325	(c=8)	weight 0.9436:	Bool[Exists(on,Nominal(b))] Bool[Exists(Inverse(on),Nominal(b))]
	Feat 4484	(c=8)	weight 0.1978:	Bool[And(Not(clear),Nominal(a))] Num[Or(ontable,Nominal(b))]
	Feat 4653	(c=8)	weight 0.1493:	Bool[And(Forall(on,ontable),Nominal(a))] Num[Exists(on,<universe>)]
	Feat 4696	(c=8)	weight -0.329:	Bool[And(Forall(Star(on),Nominal(a)),Nominal(b))] Num[clear]
Score 0.8929966466656715
Lambda=9.37699e-06
	Intercept	1.2976260076958983
	Feat 22	(c=3)	weight -4.9:	Bool[Exists(on,Nominal(b))]
	Feat 334	(c=6)	weight 0.983:	Num[Or(Not(clear),Exists(on,Nominal(a)))]
	Feat 569	(c=7)	weight -0.5323:	Num[Exists(Star(on),And(Not(Nominal(b)),ontable))]
	Feat 689	(c=7)	weight -0.9524:	Num[Or(Forall(on,Or(ontable,Nominal(b))),Nominal(b))]
	Feat 1145	(c=8)	weight -0.3511:	Num[Or(Forall(Inverse(Star(on)),Not(Nominal(a))),ontable)]
	Feat 1151	(c=8)	weight 1.019:	Bool[And(Forall(on,Exists(Star(on),Nominal(a))),Nominal(b))]
	Feat 1159	(c=8)	weight -1.047:	Num[Or(Forall(Star(on),Or(Nominal(a),Nominal(b))),clear)]
	Feat 1422	(c=8)	weight 2.17:	Bool[And(Forall(on,Or(Not(Nominal(b)),ontable)),Nominal(a))]
	Feat 1454	(c=8)	weight -1.537:	Num[Or(Exists(on,And(Not(Nominal(a)),ontable)),holding)]
	Feat 1843	(c=8)	weight 0.2165:	Num[Or(And(Not(Nominal(b)),Forall(on,Nominal(b))),clear)]
	Feat 1866	(c=8)	weight 0.676:	Num[Not(And(Exists(on,Exists(on,Nominal(b))),clear))]
	Feat 2146	(c=8)	weight -1.438:	Num[Not(And(Forall(on,Nominal(a)),Or(clear,ontable)))]
	Feat 2286	(c=8)	weight 0.5071:	Num[And(Not(Nominal(a)),Forall(Inverse(Star(on)),Nominal(b)))]
	Feat 2314	(c=8)	weight 2.761:	Num[Or(Or(Nominal(a),Nominal(b)),Exists(Inverse(on),clear))]
	Feat 2372	(c=8)	weight 0.9351:	Num[Or(And(holding,Nominal(a)),Exists(Star(on),Nominal(a)))]
	Feat 2677	(c=8)	weight 8.52:	Bool[And(Or(Not(Nominal(a)),clear),Exists(on,Nominal(b)))]
	Feat 3624	(c=8)	weight 0.3301:	Bool[holding] Num[Or(Exists(Inverse(on),clear),Nominal(b))]
	Feat 3642	(c=8)	weight 0.3737:	Bool[holding] Num[Forall(on,Not(Or(ontable,Nominal(b))))]
	Feat 3701	(c=8)	weight 0.2955:	Bool[holding] Bool[Exists(on,And(Not(ontable),Nominal(b)))]
	Feat 3890	(c=7)	weight -3.247:	Bool[And(clear,Nominal(b))] Bool[And(holding,Nominal(a))]
	Feat 3991	(c=8)	weight -0.5612:	Bool[And(holding,Nominal(a))] Bool[And(Not(holding),Nominal(b))]
	Feat 4265	(c=6)	weight 0.1404:	Bool[Exists(on,Nominal(b))] Num[Forall(on,<empty>)]
	Feat 4325	(c=8)	weight 1.04:	Bool[Exists(on,Nominal(b))] Bool[Exists(Inverse(on),Nominal(b))]
	Feat 4484	(c=8)	weight 0.1984:	Bool[And(Not(clear),Nominal(a))] Num[Or(ontable,Nominal(b))]
	Feat 4653	(c=8)	weight 0.1493:	Bool[And(Forall(on,ontable),Nominal(a))] Num[Exists(on,<universe>)]
	Feat 4696	(c=8)	weight -0.3187:	Bool[And(Forall(Star(on),Nominal(a)),Nominal(b))] Num[clear]
Score 0.8932473395823218
Lambda=6.5133e-06
	Intercept	-4.090607212387113
	Feat 22	(c=3)	weight -4.97:	Bool[Exists(on,Nominal(b))]
	Feat 204	(c=6)	weight 0.7004:	Num[Or(Not(Nominal(a)),Forall(on,ontable))]
	Feat 334	(c=6)	weight 1.034:	Num[Or(Not(clear),Exists(on,Nominal(a)))]
	Feat 485	(c=7)	weight 0.07936:	Num[Or(Exists(on,Exists(on,ontable)),Nominal(b))]
	Feat 569	(c=7)	weight -0.5391:	Num[Exists(Star(on),And(Not(Nominal(b)),ontable))]
	Feat 689	(c=7)	weight -0.9513:	Num[Or(Forall(on,Or(ontable,Nominal(b))),Nominal(b))]
	Feat 1145	(c=8)	weight -0.3634:	Num[Or(Forall(Inverse(Star(on)),Not(Nominal(a))),ontable)]
	Feat 1151	(c=8)	weight 1.074:	Bool[And(Forall(on,Exists(Star(on),Nominal(a))),Nominal(b))]
	Feat 1159	(c=8)	weight -1.079:	Num[Or(Forall(Star(on),Or(Nominal(a),Nominal(b))),clear)]
	Feat 1422	(c=8)	weight 2.152:	Bool[And(Forall(on,Or(Not(Nominal(b)),ontable)),Nominal(a))]
	Feat 1454	(c=8)	weight -1.535:	Num[Or(Exists(on,And(Not(Nominal(a)),ontable)),holding)]
	Feat 1843	(c=8)	weight 0.427:	Num[Or(And(Not(Nominal(b)),Forall(on,Nominal(b))),clear)]
	Feat 1866	(c=8)	weight 0.7112:	Num[Not(And(Exists(on,Exists(on,Nominal(b))),clear))]
	Feat 2146	(c=8)	weight -1.3:	Num[Not(And(Forall(on,Nominal(a)),Or(clear,ontable)))]
	Feat 2286	(c=8)	weight 0.4108:	Num[And(Not(Nominal(a)),Forall(Inverse(Star(on)),Nominal(b)))]
	Feat 2314	(c=8)	weight 2.62:	Num[Or(Or(Nominal(a),Nominal(b)),Exists(Inverse(on),clear))]
	Feat 2372	(c=8)	weight 0.9748:	Num[Or(And(holding,Nominal(a)),Exists(Star(on),Nominal(a)))]
	Feat 2677	(c=8)	weight 8.507:	Bool[And(Or(Not(Nominal(a)),clear),Exists(on,Nominal(b)))]
	Feat 3624	(c=8)	weight 0.2824:	Bool[holding] Num[Or(Exists(Inverse(on),clear),Nominal(b))]
	Feat 3642	(c=8)	weight 0.3742:	Bool[holding] Num[Forall(on,Not(Or(ontable,Nominal(b))))]
	Feat 3701	(c=8)	weight 0.2079:	Bool[holding] Bool[Exists(on,And(Not(ontable),Nominal(b)))]
	Feat 3890	(c=7)	weight -3.248:	Bool[And(clear,Nominal(b))] Bool[And(holding,Nominal(a))]
	Feat 3991	(c=8)	weight -0.6462:	Bool[And(holding,Nominal(a))] Bool[And(Not(holding),Nominal(b))]
	Feat 4105	(c=8)	weight 0.08899:	Bool[And(holding,Nominal(b))] Num[Forall(Star(on),Nominal(a))]
	Feat 4265	(c=6)	weight 0.1853:	Bool[Exists(on,Nominal(b))] Num[Forall(on,<empty>)]
	Feat 4325	(c=8)	weight 0.7789:	Bool[Exists(on,Nominal(b))] Bool[Exists(Inverse(on),Nominal(b))]
	Feat 4462	(c=8)	weight -0.1302:	Bool[And(Forall(on,<empty>),Nominal(b))] Num[Or(holding,Nominal(a))]
	Feat 4484	(c=8)	weight 0.1916:	Bool[And(Not(clear),Nominal(a))] Num[Or(ontable,Nominal(b))]
	Feat 4696	(c=8)	weight -0.3202:	Bool[And(Forall(Star(on),Nominal(a)),Nominal(b))] Num[clear]
Score 0.8938085542025281
Lambda=4.08889e-06
	Intercept	-4.795677550866358
	Feat 22	(c=3)	weight -5.152:	Bool[Exists(on,Nominal(b))]
	Feat 25	(c=3)	weight 0.715:	Bool[Exists(on,Nominal(a))]
	Feat 45	(c=4)	weight 0.3807:	Bool[And(Forall(on,<empty>),Nominal(b))]
	Feat 204	(c=6)	weight 0.7332:	Num[Or(Not(Nominal(a)),Forall(on,ontable))]
	Feat 334	(c=6)	weight 0.8858:	Num[Or(Not(clear),Exists(on,Nominal(a)))]
	Feat 485	(c=7)	weight 0.08175:	Num[Or(Exists(on,Exists(on,ontable)),Nominal(b))]
	Feat 569	(c=7)	weight -0.5233:	Num[Exists(Star(on),And(Not(Nominal(b)),ontable))]
	Feat 689	(c=7)	weight -0.9138:	Num[Or(Forall(on,Or(ontable,Nominal(b))),Nominal(b))]
	Feat 1145	(c=8)	weight -0.3807:	Num[Or(Forall(Inverse(Star(on)),Not(Nominal(a))),ontable)]
	Feat 1151	(c=8)	weight 1.028:	Bool[And(Forall(on,Exists(Star(on),Nominal(a))),Nominal(b))]
	Feat 1159	(c=8)	weight -1.082:	Num[Or(Forall(Star(on),Or(Nominal(a),Nominal(b))),clear)]
	Feat 1422	(c=8)	weight 2.158:	Bool[And(Forall(on,Or(Not(Nominal(b)),ontable)),Nominal(a))]
	Feat 1454	(c=8)	weight -1.581:	Num[Or(Exists(on,And(Not(Nominal(a)),ontable)),holding)]
	Feat 1843	(c=8)	weight 0.7055:	Num[Or(And(Not(Nominal(b)),Forall(on,Nominal(b))),clear)]
	Feat 1866	(c=8)	weight 0.7137:	Num[Not(And(Exists(on,Exists(on,Nominal(b))),clear))]
	Feat 2146	(c=8)	weight -1.059:	Num[Not(And(Forall(on,Nominal(a)),Or(clear,ontable)))]
	Feat 2286	(c=8)	weight 0.2667:	Num[And(Not(Nominal(a)),Forall(Inverse(Star(on)),Nominal(b)))]
	Feat 2314	(c=8)	weight 2.377:	Num[Or(Or(Nominal(a),Nominal(b)),Exists(Inverse(on),clear))]
	Feat 2372	(c=8)	weight 0.9202:	Num[Or(And(holding,Nominal(a)),Exists(Star(on),Nominal(a)))]
	Feat 2677	(c=8)	weight 8.538:	Bool[And(Or(Not(Nominal(a)),clear),Exists(on,Nominal(b)))]
	Feat 3624	(c=8)	weight 0.2712:	Bool[holding] Num[Or(Exists(Inverse(on),clear),Nominal(b))]
	Feat 3642	(c=8)	weight 0.3764:	Bool[holding] Num[Forall(on,Not(Or(ontable,Nominal(b))))]
	Feat 3701	(c=8)	weight 0.09867:	Bool[holding] Bool[Exists(on,And(Not(ontable),Nominal(b)))]
	Feat 3890	(c=7)	weight -3.21:	Bool[And(clear,Nominal(b))] Bool[And(holding,Nominal(a))]
	Feat 3991	(c=8)	weight -0.294:	Bool[And(holding,Nominal(a))] Bool[And(Not(holding),Nominal(b))]
	Feat 4105	(c=8)	weight 0.1716:	Bool[And(holding,Nominal(b))] Num[Forall(Star(on),Nominal(a))]
	Feat 4265	(c=6)	weight 0.2242:	Bool[Exists(on,Nominal(b))] Num[Forall(on,<empty>)]
	Feat 4325	(c=8)	weight 0.4923:	Bool[Exists(on,Nominal(b))] Bool[Exists(Inverse(on),Nominal(b))]
	Feat 4462	(c=8)	weight -0.3213:	Bool[And(Forall(on,<empty>),Nominal(b))] Num[Or(holding,Nominal(a))]
	Feat 4484	(c=8)	weight 0.07592:	Bool[And(Not(clear),Nominal(a))] Num[Or(ontable,Nominal(b))]
	Feat 4696	(c=8)	weight -0.3773:	Bool[And(Forall(Star(on),Nominal(a)),Nominal(b))] Num[clear]
Score 0.894366074622902
Lambda=7.69408e-07
	Intercept	-5.242515577668833
	Feat 22	(c=3)	weight -5.171:	Bool[Exists(on,Nominal(b))]
	Feat 25	(c=3)	weight 0.7197:	Bool[Exists(on,Nominal(a))]
	Feat 45	(c=4)	weight 0.3907:	Bool[And(Forall(on,<empty>),Nominal(b))]
	Feat 204	(c=6)	weight 0.7331:	Num[Or(Not(Nominal(a)),Forall(on,ontable))]
	Feat 334	(c=6)	weight 0.8834:	Num[Or(Not(clear),Exists(on,Nominal(a)))]
	Feat 485	(c=7)	weight 0.08001:	Num[Or(Exists(on,Exists(on,ontable)),Nominal(b))]
	Feat 569	(c=7)	weight -0.5227:	Num[Exists(Star(on),And(Not(Nominal(b)),ontable))]
	Feat 689	(c=7)	weight -0.9176:	Num[Or(Forall(on,Or(ontable,Nominal(b))),Nominal(b))]
	Feat 1145	(c=8)	weight -0.3804:	Num[Or(Forall(Inverse(Star(on)),Not(Nominal(a))),ontable)]
	Feat 1151	(c=8)	weight 1.028:	Bool[And(Forall(on,Exists(Star(on),Nominal(a))),Nominal(b))]
	Feat 1159	(c=8)	weight -1.081:	Num[Or(Forall(Star(on),Or(Nominal(a),Nominal(b))),clear)]
	Feat 1422	(c=8)	weight 2.158:	Bool[And(Forall(on,Or(Not(Nominal(b)),ontable)),Nominal(a))]
	Feat 1454	(c=8)	weight -1.58:	Num[Or(Exists(on,And(Not(Nominal(a)),ontable)),holding)]
	Feat 1843	(c=8)	weight 0.8079:	Num[Or(And(Not(Nominal(b)),Forall(on,Nominal(b))),clear)]
	Feat 1866	(c=8)	weight 0.7115:	Num[Not(And(Exists(on,Exists(on,Nominal(b))),clear))]
	Feat 2146	(c=8)	weight -0.9603:	Num[Not(And(Forall(on,Nominal(a)),Or(clear,ontable)))]
	Feat 2286	(c=8)	weight 0.2598:	Num[And(Not(Nominal(a)),Forall(Inverse(Star(on)),Nominal(b)))]
	Feat 2314	(c=8)	weight 2.277:	Num[Or(Or(Nominal(a),Nominal(b)),Exists(Inverse(on),clear))]
	Feat 2372	(c=8)	weight 0.9198:	Num[Or(And(holding,Nominal(a)),Exists(Star(on),Nominal(a)))]
	Feat 2677	(c=8)	weight 8.538:	Bool[And(Or(Not(Nominal(a)),clear),Exists(on,Nominal(b)))]
	Feat 3624	(c=8)	weight 0.2584:	Bool[holding] Num[Or(Exists(Inverse(on),clear),Nominal(b))]
	Feat 3642	(c=8)	weight 0.3653:	Bool[holding] Num[Forall(on,Not(Or(ontable,Nominal(b))))]
	Feat 3701	(c=8)	weight 0.07841:	Bool[holding] Bool[Exists(on,And(Not(ontable),Nominal(b)))]
	Feat 3890	(c=7)	weight -3.209:	Bool[And(clear,Nominal(b))] Bool[And(holding,Nominal(a))]
	Feat 3991	(c=8)	weight -0.3002:	Bool[And(holding,Nominal(a))] Bool[And(Not(holding),Nominal(b))]
	Feat 4105	(c=8)	weight 0.1967:	Bool[And(holding,Nominal(b))] Num[Forall(Star(on),Nominal(a))]
	Feat 4265	(c=6)	weight 0.2277:	Bool[Exists(on,Nominal(b))] Num[Forall(on,<empty>)]
	Feat 4325	(c=8)	weight 0.3964:	Bool[Exists(on,Nominal(b))] Bool[Exists(Inverse(on),Nominal(b))]
	Feat 4462	(c=8)	weight -0.324:	Bool[And(Forall(on,<empty>),Nominal(b))] Num[Or(holding,Nominal(a))]
	Feat 4484	(c=8)	weight 0.0769:	Bool[And(Not(clear),Nominal(a))] Num[Or(ontable,Nominal(b))]
	Feat 4696	(c=8)	weight -0.38:	Bool[And(Forall(Star(on),Nominal(a)),Nominal(b))] Num[clear]
Score 0.8943854451711848
Lambda=3.92609e-07
	Intercept	-6.148290936544017
	Feat 22	(c=3)	weight -5.175:	Bool[Exists(on,Nominal(b))]
	Feat 25	(c=3)	weight 0.7182:	Bool[Exists(on,Nominal(a))]
	Feat 45	(c=4)	weight 0.4156:	Bool[And(Forall(on,<empty>),Nominal(b))]
	Feat 204	(c=6)	weight 0.7421:	Num[Or(Not(Nominal(a)),Forall(on,ontable))]
	Feat 334	(c=6)	weight 0.9174:	Num[Or(Not(clear),Exists(on,Nominal(a)))]
	Feat 485	(c=7)	weight 0.03689:	Num[Or(Exists(on,Exists(on,ontable)),Nominal(b))]
	Feat 569	(c=7)	weight -0.5191:	Num[Exists(Star(on),And(Not(Nominal(b)),ontable))]
	Feat 689	(c=7)	weight -0.9414:	Num[Or(Forall(on,Or(ontable,Nominal(b))),Nominal(b))]
	Feat 1145	(c=8)	weight -0.3852:	Num[Or(Forall(Inverse(Star(on)),Not(Nominal(a))),ontable)]
	Feat 1151	(c=8)	weight 1.042:	Bool[And(Forall(on,Exists(Star(on),Nominal(a))),Nominal(b))]
	Feat 1159	(c=8)	weight -1.08:	Num[Or(Forall(Star(on),Or(Nominal(a),Nominal(b))),clear)]
	Feat 1422	(c=8)	weight 2.154:	Bool[And(Forall(on,Or(Not(Nominal(b)),ontable)),Nominal(a))]
	Feat 1454	(c=8)	weight -1.565:	Num[Or(Exists(on,And(Not(Nominal(a)),ontable)),holding)]
	Feat 1843	(c=8)	weight 0.8806:	Num[Or(And(Not(Nominal(b)),Forall(on,Nominal(b))),clear)]
	Feat 1866	(c=8)	weight 0.7162:	Num[Not(And(Exists(on,Exists(on,Nominal(b))),clear))]
	Feat 2146	(c=8)	weight -0.8596:	Num[Not(And(Forall(on,Nominal(a)),Or(clear,ontable)))]
	Feat 2286	(c=8)	weight 0.2538:	Num[And(Not(Nominal(a)),Forall(Inverse(Star(on)),Nominal(b)))]
	Feat 2314	(c=8)	weight 2.202:	Num[Or(Or(Nominal(a),Nominal(b)),Exists(Inverse(on),clear))]
	Feat 2372	(c=8)	weight 0.925:	Num[Or(And(holding,Nominal(a)),Exists(Star(on),Nominal(a)))]
	Feat 2677	(c=8)	weight 8.545:	Bool[And(Or(Not(Nominal(a)),clear),Exists(on,Nominal(b)))]
	Feat 3156	(c=7)	weight 0.1047:	Atom[handempty] Num[Forall(on,Exists(on,ontable))]
	Feat 3606	(c=8)	weight 0.09463:	Bool[holding] Num[Or(And(Forall(on,<empty>),Nominal(b)),clear)]
	Feat 3624	(c=8)	weight 0.2707:	Bool[holding] Num[Or(Exists(Inverse(on),clear),Nominal(b))]
	Feat 3642	(c=8)	weight 0.3728:	Bool[holding] Num[Forall(on,Not(Or(ontable,Nominal(b))))]
	Feat 3701	(c=8)	weight 0.1154:	Bool[holding] Bool[Exists(on,And(Not(ontable),Nominal(b)))]
	Feat 3890	(c=7)	weight -3.181:	Bool[And(clear,Nominal(b))] Bool[And(holding,Nominal(a))]
	Feat 3991	(c=8)	weight -0.3296:	Bool[And(holding,Nominal(a))] Bool[And(Not(holding),Nominal(b))]
	Feat 4105	(c=8)	weight 0.2012:	Bool[And(holding,Nominal(b))] Num[Forall(Star(on),Nominal(a))]
	Feat 4265	(c=6)	weight 0.2194:	Bool[Exists(on,Nominal(b))] Num[Forall(on,<empty>)]
	Feat 4325	(c=8)	weight 0.347:	Bool[Exists(on,Nominal(b))] Bool[Exists(Inverse(on),Nominal(b))]
	Feat 4462	(c=8)	weight -0.3675:	Bool[And(Forall(on,<empty>),Nominal(b))] Num[Or(holding,Nominal(a))]
	Feat 4484	(c=8)	weight 0.07649:	Bool[And(Not(clear),Nominal(a))] Num[Or(ontable,Nominal(b))]
	Feat 4696	(c=8)	weight -0.3769:	Bool[And(Forall(Star(on),Nominal(a)),Nominal(b))] Num[clear]
Score 0.894464440558246
Lambda=1.8426e-07
	Intercept	-6.2055365472225255
	Feat 22	(c=3)	weight -5.171:	Bool[Exists(on,Nominal(b))]
	Feat 25	(c=3)	weight 0.7165:	Bool[Exists(on,Nominal(a))]
	Feat 45	(c=4)	weight 0.4129:	Bool[And(Forall(on,<empty>),Nominal(b))]
	Feat 204	(c=6)	weight 0.7407:	Num[Or(Not(Nominal(a)),Forall(on,ontable))]
	Feat 334	(c=6)	weight 0.9214:	Num[Or(Not(clear),Exists(on,Nominal(a)))]
	Feat 485	(c=7)	weight 0.0347:	Num[Or(Exists(on,Exists(on,ontable)),Nominal(b))]
	Feat 569	(c=7)	weight -0.5219:	Num[Exists(Star(on),And(Not(Nominal(b)),ontable))]
	Feat 689	(c=7)	weight -0.9388:	Num[Or(Forall(on,Or(ontable,Nominal(b))),Nominal(b))]
	Feat 1145	(c=8)	weight -0.3846:	Num[Or(Forall(Inverse(Star(on)),Not(Nominal(a))),ontable)]
	Feat 1151	(c=8)	weight 1.037:	Bool[And(Forall(on,Exists(Star(on),Nominal(a))),Nominal(b))]
	Feat 1159	(c=8)	weight -1.079:	Num[Or(Forall(Star(on),Or(Nominal(a),Nominal(b))),clear)]
	Feat 1422	(c=8)	weight 2.156:	Bool[And(Forall(on,Or(Not(Nominal(b)),ontable)),Nominal(a))]
	Feat 1454	(c=8)	weight -1.564:	Num[Or(Exists(on,And(Not(Nominal(a)),ontable)),holding)]
	Feat 1843	(c=8)	weight 0.8853:	Num[Or(And(Not(Nominal(b)),Forall(on,Nominal(b))),clear)]
	Feat 1866	(c=8)	weight 0.7141:	Num[Not(And(Exists(on,Exists(on,Nominal(b))),clear))]
	Feat 2146	(c=8)	weight -0.8499:	Num[Not(And(Forall(on,Nominal(a)),Or(clear,ontable)))]
	Feat 2286	(c=8)	weight 0.2484:	Num[And(Not(Nominal(a)),Forall(Inverse(Star(on)),Nominal(b)))]
	Feat 2314	(c=8)	weight 2.192:	Num[Or(Or(Nominal(a),Nominal(b)),Exists(Inverse(on),clear))]
	Feat 2372	(c=8)	weight 0.9252:	Num[Or(And(holding,Nominal(a)),Exists(Star(on),Nominal(a)))]
	Feat 2677	(c=8)	weight 8.545:	Bool[And(Or(Not(Nominal(a)),clear),Exists(on,Nominal(b)))]
	Feat 2746	(c=8)	weight 0.03349:	Bool[And(Forall(on,Not(Nominal(a))),And(clear,Nominal(b)))]
	Feat 3156	(c=7)	weight 0.1076:	Atom[handempty] Num[Forall(on,Exists(on,ontable))]
	Feat 3606	(c=8)	weight 0.09392:	Bool[holding] Num[Or(And(Forall(on,<empty>),Nominal(b)),clear)]
	Feat 3624	(c=8)	weight 0.272:	Bool[holding] Num[Or(Exists(Inverse(on),clear),Nominal(b))]
	Feat 3642	(c=8)	weight 0.3731:	Bool[holding] Num[Forall(on,Not(Or(ontable,Nominal(b))))]
	Feat 3701	(c=8)	weight 0.1088:	Bool[holding] Bool[Exists(on,And(Not(ontable),Nominal(b)))]
	Feat 3890	(c=7)	weight -3.186:	Bool[And(clear,Nominal(b))] Bool[And(holding,Nominal(a))]
	Feat 3991	(c=8)	weight -0.3359:	Bool[And(holding,Nominal(a))] Bool[And(Not(holding),Nominal(b))]
	Feat 4105	(c=8)	weight 0.2093:	Bool[And(holding,Nominal(b))] Num[Forall(Star(on),Nominal(a))]
	Feat 4265	(c=6)	weight 0.2238:	Bool[Exists(on,Nominal(b))] Num[Forall(on,<empty>)]
	Feat 4325	(c=8)	weight 0.348:	Bool[Exists(on,Nominal(b))] Bool[Exists(Inverse(on),Nominal(b))]
	Feat 4462	(c=8)	weight -0.367:	Bool[And(Forall(on,<empty>),Nominal(b))] Num[Or(holding,Nominal(a))]
	Feat 4484	(c=8)	weight 0.07851:	Bool[And(Not(clear),Nominal(a))] Num[Or(ontable,Nominal(b))]
	Feat 4696	(c=8)	weight -0.3742:	Bool[And(Forall(Star(on),Nominal(a)),Nominal(b))] Num[clear]
Score 0.8944682090006308
Lambda=4.88777e-08
	Intercept	-6.462299223939528
	Feat 22	(c=3)	weight -5.125:	Bool[Exists(on,Nominal(b))]
	Feat 25	(c=3)	weight 0.7116:	Bool[Exists(on,Nominal(a))]
	Feat 45	(c=4)	weight 0.3981:	Bool[And(Forall(on,<empty>),Nominal(b))]
	Feat 204	(c=6)	weight 0.7438:	Num[Or(Not(Nominal(a)),Forall(on,ontable))]
	Feat 334	(c=6)	weight 0.9058:	Num[Or(Not(clear),Exists(on,Nominal(a)))]
	Feat 485	(c=7)	weight 0.03336:	Num[Or(Exists(on,Exists(on,ontable)),Nominal(b))]
	Feat 569	(c=7)	weight -0.5227:	Num[Exists(Star(on),And(Not(Nominal(b)),ontable))]
	Feat 689	(c=7)	weight -0.9405:	Num[Or(Forall(on,Or(ontable,Nominal(b))),Nominal(b))]
	Feat 1145	(c=8)	weight -0.3872:	Num[Or(Forall(Inverse(Star(on)),Not(Nominal(a))),ontable)]
	Feat 1151	(c=8)	weight 1.034:	Bool[And(Forall(on,Exists(Star(on),Nominal(a))),Nominal(b))]
	Feat 1159	(c=8)	weight -1.083:	Num[Or(Forall(Star(on),Or(Nominal(a),Nominal(b))),clear)]
	Feat 1322	(c=8)	weight 0.04373:	Num[Or(And(Forall(on,Nominal(a)),Nominal(b)),Not(clear))]
	Feat 1422	(c=8)	weight 2.157:	Bool[And(Forall(on,Or(Not(Nominal(b)),ontable)),Nominal(a))]
	Feat 1454	(c=8)	weight -1.562:	Num[Or(Exists(on,And(Not(Nominal(a)),ontable)),holding)]
	Feat 1843	(c=8)	weight 0.9164:	Num[Or(And(Not(Nominal(b)),Forall(on,Nominal(b))),clear)]
	Feat 1866	(c=8)	weight 0.7176:	Num[Not(And(Exists(on,Exists(on,Nominal(b))),clear))]
	Feat 2146	(c=8)	weight -0.8448:	Num[Not(And(Forall(on,Nominal(a)),Or(clear,ontable)))]
	Feat 2286	(c=8)	weight 0.2466:	Num[And(Not(Nominal(a)),Forall(Inverse(Star(on)),Nominal(b)))]
	Feat 2314	(c=8)	weight 2.169:	Num[Or(Or(Nominal(a),Nominal(b)),Exists(Inverse(on),clear))]
	Feat 2372	(c=8)	weight 0.9296:	Num[Or(And(holding,Nominal(a)),Exists(Star(on),Nominal(a)))]
	Feat 2677	(c=8)	weight 8.545:	Bool[And(Or(Not(Nominal(a)),clear),Exists(on,Nominal(b)))]
	Feat 2746	(c=8)	weight 0.06839:	Bool[And(Forall(on,Not(Nominal(a))),And(clear,Nominal(b)))]
	Feat 3156	(c=7)	weight 0.1149:	Atom[handempty] Num[Forall(on,Exists(on,ontable))]
	Feat 3606	(c=8)	weight 0.09787:	Bool[holding] Num[Or(And(Forall(on,<empty>),Nominal(b)),clear)]
	Feat 3624	(c=8)	weight 0.2687:	Bool[holding] Num[Or(Exists(Inverse(on),clear),Nominal(b))]
	Feat 3642	(c=8)	weight 0.3735:	Bool[holding] Num[Forall(on,Not(Or(ontable,Nominal(b))))]
	Feat 3701	(c=8)	weight 0.09819:	Bool[holding] Bool[Exists(on,And(Not(ontable),Nominal(b)))]
	Feat 3890	(c=7)	weight -3.184:	Bool[And(clear,Nominal(b))] Bool[And(holding,Nominal(a))]
	Feat 3991	(c=8)	weight -0.3446:	Bool[And(holding,Nominal(a))] Bool[And(Not(holding),Nominal(b))]
	Feat 4105	(c=8)	weight 0.236:	Bool[And(holding,Nominal(b))] Num[Forall(Star(on),Nominal(a))]
	Feat 4265	(c=6)	weight 0.2324:	Bool[Exists(on,Nominal(b))] Num[Forall(on,<empty>)]
	Feat 4325	(c=8)	weight 0.2916:	Bool[Exists(on,Nominal(b))] Bool[Exists(Inverse(on),Nominal(b))]
	Feat 4462	(c=8)	weight -0.377:	Bool[And(Forall(on,<empty>),Nominal(b))] Num[Or(holding,Nominal(a))]
	Feat 4484	(c=8)	weight 0.07842:	Bool[And(Not(clear),Nominal(a))] Num[Or(ontable,Nominal(b))]
	Feat 4696	(c=8)	weight -0.3764:	Bool[And(Forall(Star(on),Nominal(a)),Nominal(b))] Num[clear]
Score 0.8944777733966782
Lambda=4.74591e-09
	Intercept	-6.463380559238107
	Feat 22	(c=3)	weight -5.125:	Bool[Exists(on,Nominal(b))]
	Feat 25	(c=3)	weight 0.7111:	Bool[Exists(on,Nominal(a))]
	Feat 45	(c=4)	weight 0.3961:	Bool[And(Forall(on,<empty>),Nominal(b))]
	Feat 204	(c=6)	weight 0.7439:	Num[Or(Not(Nominal(a)),Forall(on,ontable))]
	Feat 334	(c=6)	weight 0.9053:	Num[Or(Not(clear),Exists(on,Nominal(a)))]
	Feat 485	(c=7)	weight 0.03357:	Num[Or(Exists(on,Exists(on,ontable)),Nominal(b))]
	Feat 569	(c=7)	weight -0.5228:	Num[Exists(Star(on),And(Not(Nominal(b)),ontable))]
	Feat 689	(c=7)	weight -0.9404:	Num[Or(Forall(on,Or(ontable,Nominal(b))),Nominal(b))]
	Feat 1145	(c=8)	weight -0.3872:	Num[Or(Forall(Inverse(Star(on)),Not(Nominal(a))),ontable)]
	Feat 1151	(c=8)	weight 1.035:	Bool[And(Forall(on,Exists(Star(on),Nominal(a))),Nominal(b))]
	Feat 1159	(c=8)	weight -1.083:	Num[Or(Forall(Star(on),Or(Nominal(a),Nominal(b))),clear)]
	Feat 1322	(c=8)	weight 0.04479:	Num[Or(And(Forall(on,Nominal(a)),Nominal(b)),Not(clear))]
	Feat 1422	(c=8)	weight 2.156:	Bool[And(Forall(on,Or(Not(Nominal(b)),ontable)),Nominal(a))]
	Feat 1454	(c=8)	weight -1.562:	Num[Or(Exists(on,And(Not(Nominal(a)),ontable)),holding)]
	Feat 1843	(c=8)	weight 0.917:	Num[Or(And(Not(Nominal(b)),Forall(on,Nominal(b))),clear)]
	Feat 1866	(c=8)	weight 0.717:	Num[Not(And(Exists(on,Exists(on,Nominal(b))),clear))]
	Feat 2146	(c=8)	weight -0.8444:	Num[Not(And(Forall(on,Nominal(a)),Or(clear,ontable)))]
	Feat 2286	(c=8)	weight 0.2467:	Num[And(Not(Nominal(a)),Forall(Inverse(Star(on)),Nominal(b)))]
	Feat 2314	(c=8)	weight 2.168:	Num[Or(Or(Nominal(a),Nominal(b)),Exists(Inverse(on),clear))]
	Feat 2372	(c=8)	weight 0.9295:	Num[Or(And(holding,Nominal(a)),Exists(Star(on),Nominal(a)))]
	Feat 2677	(c=8)	weight 8.547:	Bool[And(Or(Not(Nominal(a)),clear),Exists(on,Nominal(b)))]
	Feat 2746	(c=8)	weight 0.0688:	Bool[And(Forall(on,Not(Nominal(a))),And(clear,Nominal(b)))]
	Feat 3156	(c=7)	weight 0.1148:	Atom[handempty] Num[Forall(on,Exists(on,ontable))]
	Feat 3187	(c=8)	weight 0.0001378:	Atom[handempty] Num[Or(Not(ontable),Or(clear,Nominal(a)))]
	Feat 3606	(c=8)	weight 0.098:	Bool[holding] Num[Or(And(Forall(on,<empty>),Nominal(b)),clear)]
	Feat 3624	(c=8)	weight 0.2687:	Bool[holding] Num[Or(Exists(Inverse(on),clear),Nominal(b))]
	Feat 3642	(c=8)	weight 0.3733:	Bool[holding] Num[Forall(on,Not(Or(ontable,Nominal(b))))]
	Feat 3701	(c=8)	weight 0.09807:	Bool[holding] Bool[Exists(on,And(Not(ontable),Nominal(b)))]
	Feat 3890	(c=7)	weight -3.184:	Bool[And(clear,Nominal(b))] Bool[And(holding,Nominal(a))]
	Feat 3991	(c=8)	weight -0.3452:	Bool[And(holding,Nominal(a))] Bool[And(Not(holding),Nominal(b))]
	Feat 4105	(c=8)	weight 0.2364:	Bool[And(holding,Nominal(b))] Num[Forall(Star(on),Nominal(a))]
	Feat 4265	(c=6)	weight 0.2321:	Bool[Exists(on,Nominal(b))] Num[Forall(on,<empty>)]
	Feat 4325	(c=8)	weight 0.2899:	Bool[Exists(on,Nominal(b))] Bool[Exists(Inverse(on),Nominal(b))]
	Feat 4462	(c=8)	weight -0.3764:	Bool[And(Forall(on,<empty>),Nominal(b))] Num[Or(holding,Nominal(a))]
	Feat 4484	(c=8)	weight 0.07862:	Bool[And(Not(clear),Nominal(a))] Num[Or(ontable,Nominal(b))]
	Feat 4696	(c=8)	weight -0.3764:	Bool[And(Forall(Star(on),Nominal(a)),Nominal(b))] Num[clear]
Score 0.8944780107434642
Lambda=3.37314e-09
	Intercept	-6.469645249109659
	Feat 22	(c=3)	weight -5.121:	Bool[Exists(on,Nominal(b))]
	Feat 25	(c=3)	weight 0.71:	Bool[Exists(on,Nominal(a))]
	Feat 45	(c=4)	weight 0.3957:	Bool[And(Forall(on,<empty>),Nominal(b))]
	Feat 204	(c=6)	weight 0.744:	Num[Or(Not(Nominal(a)),Forall(on,ontable))]
	Feat 334	(c=6)	weight 0.9033:	Num[Or(Not(clear),Exists(on,Nominal(a)))]
	Feat 485	(c=7)	weight 0.03327:	Num[Or(Exists(on,Exists(on,ontable)),Nominal(b))]
	Feat 569	(c=7)	weight -0.5225:	Num[Exists(Star(on),And(Not(Nominal(b)),ontable))]
	Feat 689	(c=7)	weight -0.9407:	Num[Or(Forall(on,Or(ontable,Nominal(b))),Nominal(b))]
	Feat 1145	(c=8)	weight -0.3869:	Num[Or(Forall(Inverse(Star(on)),Not(Nominal(a))),ontable)]
	Feat 1151	(c=8)	weight 1.034:	Bool[And(Forall(on,Exists(Star(on),Nominal(a))),Nominal(b))]
	Feat 1159	(c=8)	weight -1.083:	Num[Or(Forall(Star(on),Or(Nominal(a),Nominal(b))),clear)]
	Feat 1322	(c=8)	weight 0.04723:	Num[Or(And(Forall(on,Nominal(a)),Nominal(b)),Not(clear))]
	Feat 1422	(c=8)	weight 2.154:	Bool[And(Forall(on,Or(Not(Nominal(b)),ontable)),Nominal(a))]
	Feat 1454	(c=8)	weight -1.561:	Num[Or(Exists(on,And(Not(Nominal(a)),ontable)),holding)]
	Feat 1843	(c=8)	weight 0.9189:	Num[Or(And(Not(Nominal(b)),Forall(on,Nominal(b))),clear)]
	Feat 1866	(c=8)	weight 0.716:	Num[Not(And(Exists(on,Exists(on,Nominal(b))),clear))]
	Feat 2146	(c=8)	weight -0.8427:	Num[Not(And(Forall(on,Nominal(a)),Or(clear,ontable)))]
	Feat 2286	(c=8)	weight 0.2475:	Num[And(Not(Nominal(a)),Forall(Inverse(Star(on)),Nominal(b)))]
	Feat 2314	(c=8)	weight 2.166:	Num[Or(Or(Nominal(a),Nominal(b)),Exists(Inverse(on),clear))]
	Feat 2372	(c=8)	weight 0.9293:	Num[Or(And(holding,Nominal(a)),Exists(Star(on),Nominal(a)))]
	Feat 2677	(c=8)	weight 8.549:	Bool[And(Or(Not(Nominal(a)),clear),Exists(on,Nominal(b)))]
	Feat 2746	(c=8)	weight 0.06877:	Bool[And(Forall(on,Not(Nominal(a))),And(clear,Nominal(b)))]
	Feat 3156	(c=7)	weight 0.1145:	Atom[handempty] Num[Forall(on,Exists(on,ontable))]
	Feat 3187	(c=8)	weight 0.0004793:	Atom[handempty] Num[Or(Not(ontable),Or(clear,Nominal(a)))]
	Feat 3606	(c=8)	weight 0.09776:	Bool[holding] Num[Or(And(Forall(on,<empty>),Nominal(b)),clear)]
	Feat 3624	(c=8)	weight 0.2684:	Bool[holding] Num[Or(Exists(Inverse(on),clear),Nominal(b))]
	Feat 3642	(c=8)	weight 0.373:	Bool[holding] Num[Forall(on,Not(Or(ontable,Nominal(b))))]
	Feat 3701	(c=8)	weight 0.09909:	Bool[holding] Bool[Exists(on,And(Not(ontable),Nominal(b)))]
	Feat 3890	(c=7)	weight -3.184:	Bool[And(clear,Nominal(b))] Bool[And(holding,Nominal(a))]
	Feat 3991	(c=8)	weight -0.3463:	Bool[And(holding,Nominal(a))] Bool[And(Not(holding),Nominal(b))]
	Feat 4105	(c=8)	weight 0.2375:	Bool[And(holding,Nominal(b))] Num[Forall(Star(on),Nominal(a))]
	Feat 4265	(c=6)	weight 0.2311:	Bool[Exists(on,Nominal(b))] Num[Forall(on,<empty>)]
	Feat 4325	(c=8)	weight 0.2855:	Bool[Exists(on,Nominal(b))] Bool[Exists(Inverse(on),Nominal(b))]
	Feat 4462	(c=8)	weight -0.3757:	Bool[And(Forall(on,<empty>),Nominal(b))] Num[Or(holding,Nominal(a))]
	Feat 4484	(c=8)	weight 0.07917:	Bool[And(Not(clear),Nominal(a))] Num[Or(ontable,Nominal(b))]
	Feat 4696	(c=8)	weight -0.3771:	Bool[And(Forall(Star(on),Nominal(a)),Nominal(b))] Num[clear]
Score 0.8944785769487636
Lambda=2.57589e-09
	Intercept	-6.464272360146868
	Feat 0	(c=1)	weight -0.000534:	Atom[handempty]
	Feat 17	(c=3)	weight -0.0008266:	Num[Or(ontable,Nominal(b))]
	Feat 22	(c=3)	weight -5.119:	Bool[Exists(on,Nominal(b))]
	Feat 25	(c=3)	weight 0.7093:	Bool[Exists(on,Nominal(a))]
	Feat 45	(c=4)	weight 0.395:	Bool[And(Forall(on,<empty>),Nominal(b))]
	Feat 204	(c=6)	weight 0.744:	Num[Or(Not(Nominal(a)),Forall(on,ontable))]
	Feat 334	(c=6)	weight 0.9024:	Num[Or(Not(clear),Exists(on,Nominal(a)))]
	Feat 485	(c=7)	weight 0.03309:	Num[Or(Exists(on,Exists(on,ontable)),Nominal(b))]
	Feat 569	(c=7)	weight -0.5225:	Num[Exists(Star(on),And(Not(Nominal(b)),ontable))]
	Feat 689	(c=7)	weight -0.9406:	Num[Or(Forall(on,Or(ontable,Nominal(b))),Nominal(b))]
	Feat 1145	(c=8)	weight -0.387:	Num[Or(Forall(Inverse(Star(on)),Not(Nominal(a))),ontable)]
	Feat 1151	(c=8)	weight 1.035:	Bool[And(Forall(on,Exists(Star(on),Nominal(a))),Nominal(b))]
	Feat 1159	(c=8)	weight -1.083:	Num[Or(Forall(Star(on),Or(Nominal(a),Nominal(b))),clear)]
	Feat 1322	(c=8)	weight 0.04825:	Num[Or(And(Forall(on,Nominal(a)),Nominal(b)),Not(clear))]
	Feat 1422	(c=8)	weight 2.155:	Bool[And(Forall(on,Or(Not(Nominal(b)),ontable)),Nominal(a))]
	Feat 1454	(c=8)	weight -1.561:	Num[Or(Exists(on,And(Not(Nominal(a)),ontable)),holding)]
	Feat 1707	(c=8)	weight -0.0005575:	Num[Or(Exists(on,Exists(on,Exists(on,<universe>))),Nominal(b))]
	Feat 1843	(c=8)	weight 0.9191:	Num[Or(And(Not(Nominal(b)),Forall(on,Nominal(b))),clear)]
	Feat 1866	(c=8)	weight 0.7158:	Num[Not(And(Exists(on,Exists(on,Nominal(b))),clear))]
	Feat 2146	(c=8)	weight -0.8428:	Num[Not(And(Forall(on,Nominal(a)),Or(clear,ontable)))]
	Feat 2286	(c=8)	weight 0.2477:	Num[And(Not(Nominal(a)),Forall(Inverse(Star(on)),Nominal(b)))]
	Feat 2314	(c=8)	weight 2.165:	Num[Or(Or(Nominal(a),Nominal(b)),Exists(Inverse(on),clear))]
	Feat 2372	(c=8)	weight 0.9293:	Num[Or(And(holding,Nominal(a)),Exists(Star(on),Nominal(a)))]
	Feat 2677	(c=8)	weight 8.549:	Bool[And(Or(Not(Nominal(a)),clear),Exists(on,Nominal(b)))]
	Feat 2746	(c=8)	weight 0.06902:	Bool[And(Forall(on,Not(Nominal(a))),And(clear,Nominal(b)))]
	Feat 3156	(c=7)	weight 0.1144:	Atom[handempty] Num[Forall(on,Exists(on,ontable))]
	Feat 3187	(c=8)	weight 0.0006528:	Atom[handempty] Num[Or(Not(ontable),Or(clear,Nominal(a)))]
	Feat 3606	(c=8)	weight 0.09766:	Bool[holding] Num[Or(And(Forall(on,<empty>),Nominal(b)),clear)]
	Feat 3624	(c=8)	weight 0.2682:	Bool[holding] Num[Or(Exists(Inverse(on),clear),Nominal(b))]
	Feat 3642	(c=8)	weight 0.373:	Bool[holding] Num[Forall(on,Not(Or(ontable,Nominal(b))))]
	Feat 3701	(c=8)	weight 0.09958:	Bool[holding] Bool[Exists(on,And(Not(ontable),Nominal(b)))]
	Feat 3890	(c=7)	weight -3.184:	Bool[And(clear,Nominal(b))] Bool[And(holding,Nominal(a))]
	Feat 3991	(c=8)	weight -0.3465:	Bool[And(holding,Nominal(a))] Bool[And(Not(holding),Nominal(b))]
	Feat 4105	(c=8)	weight 0.2378:	Bool[And(holding,Nominal(b))] Num[Forall(Star(on),Nominal(a))]
	Feat 4265	(c=6)	weight 0.2305:	Bool[Exists(on,Nominal(b))] Num[Forall(on,<empty>)]
	Feat 4325	(c=8)	weight 0.2845:	Bool[Exists(on,Nominal(b))] Bool[Exists(Inverse(on),Nominal(b))]
	Feat 4462	(c=8)	weight -0.3754:	Bool[And(Forall(on,<empty>),Nominal(b))] Num[Or(holding,Nominal(a))]
	Feat 4484	(c=8)	weight 0.07919:	Bool[And(Not(clear),Nominal(a))] Num[Or(ontable,Nominal(b))]
	Feat 4696	(c=8)	weight -0.3774:	Bool[And(Forall(Star(on),Nominal(a)),Nominal(b))] Num[clear]
Score 0.8944787953200833
Lambda=5.98445e-10
	Intercept	-6.460198307549508
	Feat 0	(c=1)	weight -0.001071:	Atom[handempty]
	Feat 17	(c=3)	weight -0.001115:	Num[Or(ontable,Nominal(b))]
	Feat 22	(c=3)	weight -5.119:	Bool[Exists(on,Nominal(b))]
	Feat 25	(c=3)	weight 0.7094:	Bool[Exists(on,Nominal(a))]
	Feat 45	(c=4)	weight 0.3947:	Bool[And(Forall(on,<empty>),Nominal(b))]
	Feat 204	(c=6)	weight 0.7441:	Num[Or(Not(Nominal(a)),Forall(on,ontable))]
	Feat 334	(c=6)	weight 0.902:	Num[Or(Not(clear),Exists(on,Nominal(a)))]
	Feat 485	(c=7)	weight 0.03284:	Num[Or(Exists(on,Exists(on,ontable)),Nominal(b))]
	Feat 569	(c=7)	weight -0.5225:	Num[Exists(Star(on),And(Not(Nominal(b)),ontable))]
	Feat 689	(c=7)	weight -0.9408:	Num[Or(Forall(on,Or(ontable,Nominal(b))),Nominal(b))]
	Feat 1145	(c=8)	weight -0.387:	Num[Or(Forall(Inverse(Star(on)),Not(Nominal(a))),ontable)]
	Feat 1151	(c=8)	weight 1.035:	Bool[And(Forall(on,Exists(Star(on),Nominal(a))),Nominal(b))]
	Feat 1159	(c=8)	weight -1.083:	Num[Or(Forall(Star(on),Or(Nominal(a),Nominal(b))),clear)]
	Feat 1322	(c=8)	weight 0.04844:	Num[Or(And(Forall(on,Nominal(a)),Nominal(b)),Not(clear))]
	Feat 1422	(c=8)	weight 2.155:	Bool[And(Forall(on,Or(Not(Nominal(b)),ontable)),Nominal(a))]
	Feat 1454	(c=8)	weight -1.561:	Num[Or(Exists(on,And(Not(Nominal(a)),ontable)),holding)]
	Feat 1707	(c=8)	weight -0.0007147:	Num[Or(Exists(on,Exists(on,Exists(on,<universe>))),Nominal(b))]
	Feat 1843	(c=8)	weight 0.9193:	Num[Or(And(Not(Nominal(b)),Forall(on,Nominal(b))),clear)]
	Feat 1866	(c=8)	weight 0.7157:	Num[Not(And(Exists(on,Exists(on,Nominal(b))),clear))]
	Feat 2146	(c=8)	weight -0.8427:	Num[Not(And(Forall(on,Nominal(a)),Or(clear,ontable)))]
	Feat 2286	(c=8)	weight 0.2479:	Num[And(Not(Nominal(a)),Forall(Inverse(Star(on)),Nominal(b)))]
	Feat 2314	(c=8)	weight 2.165:	Num[Or(Or(Nominal(a),Nominal(b)),Exists(Inverse(on),clear))]
	Feat 2372	(c=8)	weight 0.9293:	Num[Or(And(holding,Nominal(a)),Exists(Star(on),Nominal(a)))]
	Feat 2677	(c=8)	weight 8.549:	Bool[And(Or(Not(Nominal(a)),clear),Exists(on,Nominal(b)))]
	Feat 2746	(c=8)	weight 0.06908:	Bool[And(Forall(on,Not(Nominal(a))),And(clear,Nominal(b)))]
	Feat 3156	(c=7)	weight 0.1144:	Atom[handempty] Num[Forall(on,Exists(on,ontable))]
	Feat 3187	(c=8)	weight 0.0007159:	Atom[handempty] Num[Or(Not(ontable),Or(clear,Nominal(a)))]
	Feat 3606	(c=8)	weight 0.09765:	Bool[holding] Num[Or(And(Forall(on,<empty>),Nominal(b)),clear)]
	Feat 3624	(c=8)	weight 0.2682:	Bool[holding] Num[Or(Exists(Inverse(on),clear),Nominal(b))]
	Feat 3642	(c=8)	weight 0.3729:	Bool[holding] Num[Forall(on,Not(Or(ontable,Nominal(b))))]
	Feat 3701	(c=8)	weight 0.09962:	Bool[holding] Bool[Exists(on,And(Not(ontable),Nominal(b)))]
	Feat 3890	(c=7)	weight -3.184:	Bool[And(clear,Nominal(b))] Bool[And(holding,Nominal(a))]
	Feat 3991	(c=8)	weight -0.3465:	Bool[And(holding,Nominal(a))] Bool[And(Not(holding),Nominal(b))]
	Feat 4105	(c=8)	weight 0.2382:	Bool[And(holding,Nominal(b))] Num[Forall(Star(on),Nominal(a))]
	Feat 4265	(c=6)	weight 0.2305:	Bool[Exists(on,Nominal(b))] Num[Forall(on,<empty>)]
	Feat 4325	(c=8)	weight 0.2838:	Bool[Exists(on,Nominal(b))] Bool[Exists(Inverse(on),Nominal(b))]
	Feat 4462	(c=8)	weight -0.3753:	Bool[And(Forall(on,<empty>),Nominal(b))] Num[Or(holding,Nominal(a))]
	Feat 4484	(c=8)	weight 0.0793:	Bool[And(Not(clear),Nominal(a))] Num[Or(ontable,Nominal(b))]
	Feat 4653	(c=8)	weight -9.214e-05:	Bool[And(Forall(on,ontable),Nominal(a))] Num[Exists(on,<universe>)]
	Feat 4696	(c=8)	weight -0.3774:	Bool[And(Forall(Star(on),Nominal(a)),Nominal(b))] Num[clear]
Score 0.8944788843133016
Lambda=1.71774e-10
	Intercept	-6.46177117430185
	Feat 0	(c=1)	weight -0.001351:	Atom[handempty]
	Feat 17	(c=3)	weight -0.001382:	Num[Or(ontable,Nominal(b))]
	Feat 22	(c=3)	weight -5.118:	Bool[Exists(on,Nominal(b))]
	Feat 25	(c=3)	weight 0.7089:	Bool[Exists(on,Nominal(a))]
	Feat 45	(c=4)	weight 0.3943:	Bool[And(Forall(on,<empty>),Nominal(b))]
	Feat 204	(c=6)	weight 0.7444:	Num[Or(Not(Nominal(a)),Forall(on,ontable))]
	Feat 334	(c=6)	weight 0.9017:	Num[Or(Not(clear),Exists(on,Nominal(a)))]
	Feat 485	(c=7)	weight 0.03266:	Num[Or(Exists(on,Exists(on,ontable)),Nominal(b))]
	Feat 569	(c=7)	weight -0.5225:	Num[Exists(Star(on),And(Not(Nominal(b)),ontable))]
	Feat 689	(c=7)	weight -0.9408:	Num[Or(Forall(on,Or(ontable,Nominal(b))),Nominal(b))]
	Feat 1145	(c=8)	weight -0.3869:	Num[Or(Forall(Inverse(Star(on)),Not(Nominal(a))),ontable)]
	Feat 1151	(c=8)	weight 1.035:	Bool[And(Forall(on,Exists(Star(on),Nominal(a))),Nominal(b))]
	Feat 1159	(c=8)	weight -1.083:	Num[Or(Forall(Star(on),Or(Nominal(a),Nominal(b))),clear)]
	Feat 1322	(c=8)	weight 0.04894:	Num[Or(And(Forall(on,Nominal(a)),Nominal(b)),Not(clear))]
	Feat 1422	(c=8)	weight 2.154:	Bool[And(Forall(on,Or(Not(Nominal(b)),ontable)),Nominal(a))]
	Feat 1454	(c=8)	weight -1.561:	Num[Or(Exists(on,And(Not(Nominal(a)),ontable)),holding)]
	Feat 1707	(c=8)	weight -0.0006614:	Num[Or(Exists(on,Exists(on,Exists(on,<universe>))),Nominal(b))]
	Feat 1843	(c=8)	weight 0.9196:	Num[Or(And(Not(Nominal(b)),Forall(on,Nominal(b))),clear)]
	Feat 1866	(c=8)	weight 0.7156:	Num[Not(And(Exists(on,Exists(on,Nominal(b))),clear))]
	Feat 2146	(c=8)	weight -0.8428:	Num[Not(And(Forall(on,Nominal(a)),Or(clear,ontable)))]
	Feat 2286	(c=8)	weight 0.248:	Num[And(Not(Nominal(a)),Forall(Inverse(Star(on)),Nominal(b)))]
	Feat 2314	(c=8)	weight 2.165:	Num[Or(Or(Nominal(a),Nominal(b)),Exists(Inverse(on),clear))]
	Feat 2372	(c=8)	weight 0.9292:	Num[Or(And(holding,Nominal(a)),Exists(Star(on),Nominal(a)))]
	Feat 2430	(c=8)	weight -0.0001214:	Num[Or(And(Forall(on,<empty>),Nominal(b)),And(clear,Nominal(a)))]
	Feat 2677	(c=8)	weight 8.549:	Bool[And(Or(Not(Nominal(a)),clear),Exists(on,Nominal(b)))]
	Feat 2746	(c=8)	weight 0.06907:	Bool[And(Forall(on,Not(Nominal(a))),And(clear,Nominal(b)))]
	Feat 3156	(c=7)	weight 0.1144:	Atom[handempty] Num[Forall(on,Exists(on,ontable))]
	Feat 3187	(c=8)	weight 0.0008303:	Atom[handempty] Num[Or(Not(ontable),Or(clear,Nominal(a)))]
	Feat 3606	(c=8)	weight 0.0976:	Bool[holding] Num[Or(And(Forall(on,<empty>),Nominal(b)),clear)]
	Feat 3624	(c=8)	weight 0.2682:	Bool[holding] Num[Or(Exists(Inverse(on),clear),Nominal(b))]
	Feat 3642	(c=8)	weight 0.3729:	Bool[holding] Num[Forall(on,Not(Or(ontable,Nominal(b))))]
	Feat 3701	(c=8)	weight 0.09974:	Bool[holding] Bool[Exists(on,And(Not(ontable),Nominal(b)))]
	Feat 3890	(c=7)	weight -3.184:	Bool[And(clear,Nominal(b))] Bool[And(holding,Nominal(a))]
	Feat 3991	(c=8)	weight -0.3466:	Bool[And(holding,Nominal(a))] Bool[And(Not(holding),Nominal(b))]
	Feat 4105	(c=8)	weight 0.2382:	Bool[And(holding,Nominal(b))] Num[Forall(Star(on),Nominal(a))]
	Feat 4265	(c=6)	weight 0.2303:	Bool[Exists(on,Nominal(b))] Num[Forall(on,<empty>)]
	Feat 4325	(c=8)	weight 0.2837:	Bool[Exists(on,Nominal(b))] Bool[Exists(Inverse(on),Nominal(b))]
	Feat 4462	(c=8)	weight -0.3752:	Bool[And(Forall(on,<empty>),Nominal(b))] Num[Or(holding,Nominal(a))]
	Feat 4484	(c=8)	weight 0.07937:	Bool[And(Not(clear),Nominal(a))] Num[Or(ontable,Nominal(b))]
	Feat 4653	(c=8)	weight -8.638e-05:	Bool[And(Forall(on,ontable),Nominal(a))] Num[Exists(on,<universe>)]
	Feat 4696	(c=8)	weight -0.3773:	Bool[And(Forall(Star(on),Nominal(a)),Nominal(b))] Num[clear]
Score 0.8944789685617979
Lambda=1.11093e-31
	Intercept	-6.460765788885425
	Feat 0	(c=1)	weight -0.001706:	Atom[handempty]
	Feat 17	(c=3)	weight -0.001691:	Num[Or(ontable,Nominal(b))]
	Feat 22	(c=3)	weight -5.117:	Bool[Exists(on,Nominal(b))]
	Feat 25	(c=3)	weight 0.7086:	Bool[Exists(on,Nominal(a))]
	Feat 45	(c=4)	weight 0.3938:	Bool[And(Forall(on,<empty>),Nominal(b))]
	Feat 204	(c=6)	weight 0.7442:	Num[Or(Not(Nominal(a)),Forall(on,ontable))]
	Feat 334	(c=6)	weight 0.9013:	Num[Or(Not(clear),Exists(on,Nominal(a)))]
	Feat 485	(c=7)	weight 0.03286:	Num[Or(Exists(on,Exists(on,ontable)),Nominal(b))]
	Feat 569	(c=7)	weight -0.5224:	Num[Exists(Star(on),And(Not(Nominal(b)),ontable))]
	Feat 689	(c=7)	weight -0.9409:	Num[Or(Forall(on,Or(ontable,Nominal(b))),Nominal(b))]
	Feat 1145	(c=8)	weight -0.3869:	Num[Or(Forall(Inverse(Star(on)),Not(Nominal(a))),ontable)]
	Feat 1151	(c=8)	weight 1.035:	Bool[And(Forall(on,Exists(Star(on),Nominal(a))),Nominal(b))]
	Feat 1159	(c=8)	weight -1.083:	Num[Or(Forall(Star(on),Or(Nominal(a),Nominal(b))),clear)]
	Feat 1322	(c=8)	weight 0.0492:	Num[Or(And(Forall(on,Nominal(a)),Nominal(b)),Not(clear))]
	Feat 1422	(c=8)	weight 2.154:	Bool[And(Forall(on,Or(Not(Nominal(b)),ontable)),Nominal(a))]
	Feat 1454	(c=8)	weight -1.561:	Num[Or(Exists(on,And(Not(Nominal(a)),ontable)),holding)]
	Feat 1707	(c=8)	weight -0.0006291:	Num[Or(Exists(on,Exists(on,Exists(on,<universe>))),Nominal(b))]
	Feat 1843	(c=8)	weight 0.9199:	Num[Or(And(Not(Nominal(b)),Forall(on,Nominal(b))),clear)]
	Feat 1866	(c=8)	weight 0.7155:	Num[Not(And(Exists(on,Exists(on,Nominal(b))),clear))]
	Feat 2146	(c=8)	weight -0.8427:	Num[Not(And(Forall(on,Nominal(a)),Or(clear,ontable)))]
	Feat 2286	(c=8)	weight 0.2481:	Num[And(Not(Nominal(a)),Forall(Inverse(Star(on)),Nominal(b)))]
	Feat 2314	(c=8)	weight 2.164:	Num[Or(Or(Nominal(a),Nominal(b)),Exists(Inverse(on),clear))]
	Feat 2372	(c=8)	weight 0.9293:	Num[Or(And(holding,Nominal(a)),Exists(Star(on),Nominal(a)))]
	Feat 2430	(c=8)	weight -0.0002457:	Num[Or(And(Forall(on,<empty>),Nominal(b)),And(clear,Nominal(a)))]
	Feat 2677	(c=8)	weight 8.55:	Bool[And(Or(Not(Nominal(a)),clear),Exists(on,Nominal(b)))]
	Feat 2746	(c=8)	weight 0.06915:	Bool[And(Forall(on,Not(Nominal(a))),And(clear,Nominal(b)))]
	Feat 3156	(c=7)	weight 0.1144:	Atom[handempty] Num[Forall(on,Exists(on,ontable))]
	Feat 3187	(c=8)	weight 0.0008652:	Atom[handempty] Num[Or(Not(ontable),Or(clear,Nominal(a)))]
	Feat 3606	(c=8)	weight 0.09746:	Bool[holding] Num[Or(And(Forall(on,<empty>),Nominal(b)),clear)]
	Feat 3624	(c=8)	weight 0.2681:	Bool[holding] Num[Or(Exists(Inverse(on),clear),Nominal(b))]
	Feat 3642	(c=8)	weight 0.3729:	Bool[holding] Num[Forall(on,Not(Or(ontable,Nominal(b))))]
	Feat 3701	(c=8)	weight 0.09974:	Bool[holding] Bool[Exists(on,And(Not(ontable),Nominal(b)))]
	Feat 3890	(c=7)	weight -3.185:	Bool[And(clear,Nominal(b))] Bool[And(holding,Nominal(a))]
	Feat 3991	(c=8)	weight -0.3469:	Bool[And(holding,Nominal(a))] Bool[And(Not(holding),Nominal(b))]
	Feat 3995	(c=8)	weight 2.47e-05:	Bool[And(holding,Nominal(a))] Num[Or(Not(Nominal(a)),holding)]
	Feat 4105	(c=8)	weight 0.2386:	Bool[And(holding,Nominal(b))] Num[Forall(Star(on),Nominal(a))]
	Feat 4265	(c=6)	weight 0.2301:	Bool[Exists(on,Nominal(b))] Num[Forall(on,<empty>)]
	Feat 4325	(c=8)	weight 0.283:	Bool[Exists(on,Nominal(b))] Bool[Exists(Inverse(on),Nominal(b))]
	Feat 4462	(c=8)	weight -0.3749:	Bool[And(Forall(on,<empty>),Nominal(b))] Num[Or(holding,Nominal(a))]
	Feat 4484	(c=8)	weight 0.07943:	Bool[And(Not(clear),Nominal(a))] Num[Or(ontable,Nominal(b))]
	Feat 4653	(c=8)	weight -0.0001253:	Bool[And(Forall(on,ontable),Nominal(a))] Num[Exists(on,<universe>)]
	Feat 4696	(c=8)	weight -0.3773:	Bool[And(Forall(Star(on),Nominal(a)),Nominal(b))] Num[clear]
Score 0.8944790547390139
