Considering 44 features
L0Learn Method
----------

Lambda=0.146075
	Intercept	6.108652826185786
Score 0.0
Lambda=0.144615
	Intercept	4.229371377391085
	Feat 2372	(c=8)	weight 1.362:	Num[Or(And(holding,Nominal(a)),Exists(Star(on),Nominal(a)))]
Score 0.2921507167018943
Lambda=0.112278
	Intercept	2.3153707927026366
	Feat 2372	(c=8)	weight 1.396:	Num[Or(And(holding,Nominal(a)),Exists(Star(on),Nominal(a)))]
	Feat 2677	(c=8)	weight 3.483:	Bool[And(Or(Not(Nominal(a)),clear),Exists(on,Nominal(b)))]
Score 0.5191590789171764
Lambda=0.0652252
	Intercept	-2.7927440938945303
	Feat 1422	(c=8)	weight 5.606:	Bool[And(Forall(on,Or(Not(Nominal(b)),ontable)),Nominal(a))]
	Feat 2372	(c=8)	weight 1.334:	Num[Or(And(holding,Nominal(a)),Exists(Star(on),Nominal(a)))]
	Feat 2677	(c=8)	weight 3.341:	Bool[And(Or(Not(Nominal(a)),clear),Exists(on,Nominal(b)))]
Score 0.6518746667865755
Lambda=0.0215283
	Intercept	1.4963573951869487
	Feat 689	(c=7)	weight -0.7568:	Num[Or(Forall(on,Or(ontable,Nominal(b))),Nominal(b))]
	Feat 1422	(c=8)	weight 5.55:	Bool[And(Forall(on,Or(Not(Nominal(b)),ontable)),Nominal(a))]
	Feat 2372	(c=8)	weight 1.118:	Num[Or(And(holding,Nominal(a)),Exists(Star(on),Nominal(a)))]
	Feat 2677	(c=8)	weight 3.332:	Bool[And(Or(Not(Nominal(a)),clear),Exists(on,Nominal(b)))]
Score 0.7018017521011344
Lambda=0.0073442
	Intercept	1.5912661257158156
	Feat 689	(c=7)	weight -0.8347:	Num[Or(Forall(on,Or(ontable,Nominal(b))),Nominal(b))]
	Feat 1422	(c=8)	weight 5.471:	Bool[And(Forall(on,Or(Not(Nominal(b)),ontable)),Nominal(a))]
	Feat 2372	(c=8)	weight 1.127:	Num[Or(And(holding,Nominal(a)),Exists(Star(on),Nominal(a)))]
	Feat 2677	(c=8)	weight 3.354:	Bool[And(Or(Not(Nominal(a)),clear),Exists(on,Nominal(b)))]
	Feat 3624	(c=8)	weight 0.4459:	Bool[holding] Num[Or(Exists(Inverse(on),clear),Nominal(b))]
	Feat 3890	(c=7)	weight -3.616:	Bool[And(clear,Nominal(b))] Bool[And(holding,Nominal(a))]
Score 0.7367804895239798
Lambda=0.00490348
	Intercept	2.872901223588687
	Feat 689	(c=7)	weight -1.279:	Num[Or(Forall(on,Or(ontable,Nominal(b))),Nominal(b))]
	Feat 1422	(c=8)	weight 3.141:	Bool[And(Forall(on,Or(Not(Nominal(b)),ontable)),Nominal(a))]
	Feat 2286	(c=8)	weight 1.221:	Num[And(Not(Nominal(a)),Forall(Inverse(Star(on)),Nominal(b)))]
	Feat 2372	(c=8)	weight 0.9312:	Num[Or(And(holding,Nominal(a)),Exists(Star(on),Nominal(a)))]
	Feat 2677	(c=8)	weight 7.34:	Bool[And(Or(Not(Nominal(a)),clear),Exists(on,Nominal(b)))]
	Feat 3624	(c=8)	weight 0.4095:	Bool[holding] Num[Or(Exists(Inverse(on),clear),Nominal(b))]
	Feat 3890	(c=7)	weight -3.776:	Bool[And(clear,Nominal(b))] Bool[And(holding,Nominal(a))]
	Feat 4265	(c=6)	weight -1.168:	Bool[Exists(on,Nominal(b))] Num[Forall(on,<empty>)]
Score 0.807556486203437
Lambda=0.00212149
	Intercept	2.3343880523075997
	Feat 689	(c=7)	weight -1.245:	Num[Or(Forall(on,Or(ontable,Nominal(b))),Nominal(b))]
	Feat 1422	(c=8)	weight 2.905:	Bool[And(Forall(on,Or(Not(Nominal(b)),ontable)),Nominal(a))]
	Feat 1454	(c=8)	weight -1.158:	Num[Or(Exists(on,And(Not(Nominal(a)),ontable)),holding)]
	Feat 2286	(c=8)	weight 1.196:	Num[And(Not(Nominal(a)),Forall(Inverse(Star(on)),Nominal(b)))]
	Feat 2314	(c=8)	weight 0.7804:	Num[Or(Or(Nominal(a),Nominal(b)),Exists(Inverse(on),clear))]
	Feat 2372	(c=8)	weight 0.7257:	Num[Or(And(holding,Nominal(a)),Exists(Star(on),Nominal(a)))]
	Feat 2677	(c=8)	weight 7.312:	Bool[And(Or(Not(Nominal(a)),clear),Exists(on,Nominal(b)))]
	Feat 3624	(c=8)	weight 0.7987:	Bool[holding] Num[Or(Exists(Inverse(on),clear),Nominal(b))]
	Feat 3890	(c=7)	weight -3.723:	Bool[And(clear,Nominal(b))] Bool[And(holding,Nominal(a))]
	Feat 4265	(c=6)	weight -1.034:	Bool[Exists(on,Nominal(b))] Num[Forall(on,<empty>)]
Score 0.8315957225996725
Lambda=0.00198809
	Intercept	2.42982870303521
	Feat 689	(c=7)	weight -1.371:	Num[Or(Forall(on,Or(ontable,Nominal(b))),Nominal(b))]
	Feat 1422	(c=8)	weight 3.139:	Bool[And(Forall(on,Or(Not(Nominal(b)),ontable)),Nominal(a))]
	Feat 1454	(c=8)	weight -1.186:	Num[Or(Exists(on,And(Not(Nominal(a)),ontable)),holding)]
	Feat 2286	(c=8)	weight 1.345:	Num[And(Not(Nominal(a)),Forall(Inverse(Star(on)),Nominal(b)))]
	Feat 2314	(c=8)	weight 0.8588:	Num[Or(Or(Nominal(a),Nominal(b)),Exists(Inverse(on),clear))]
	Feat 2372	(c=8)	weight 0.6628:	Num[Or(And(holding,Nominal(a)),Exists(Star(on),Nominal(a)))]
	Feat 2677	(c=8)	weight 7.21:	Bool[And(Or(Not(Nominal(a)),clear),Exists(on,Nominal(b)))]
	Feat 3624	(c=8)	weight 0.7968:	Bool[holding] Num[Or(Exists(Inverse(on),clear),Nominal(b))]
	Feat 3890	(c=7)	weight -3.746:	Bool[And(clear,Nominal(b))] Bool[And(holding,Nominal(a))]
	Feat 4265	(c=6)	weight -0.932:	Bool[Exists(on,Nominal(b))] Num[Forall(on,<empty>)]
	Feat 4696	(c=8)	weight -0.22:	Bool[And(Forall(Star(on),Nominal(a)),Nominal(b))] Num[clear]
Score 0.8371713134304605
Lambda=0.00105428
	Intercept	2.412026541565017
	Feat 334	(c=6)	weight 0.6542:	Num[Or(Not(clear),Exists(on,Nominal(a)))]
	Feat 485	(c=7)	weight -0.4516:	Num[Or(Exists(on,Exists(on,ontable)),Nominal(b))]
	Feat 689	(c=7)	weight -1.42:	Num[Or(Forall(on,Or(ontable,Nominal(b))),Nominal(b))]
	Feat 1151	(c=8)	weight 1.083:	Bool[And(Forall(on,Exists(Star(on),Nominal(a))),Nominal(b))]
	Feat 1422	(c=8)	weight 2.924:	Bool[And(Forall(on,Or(Not(Nominal(b)),ontable)),Nominal(a))]
	Feat 1454	(c=8)	weight -1.5:	Num[Or(Exists(on,And(Not(Nominal(a)),ontable)),holding)]
	Feat 2146	(c=8)	weight -0.7567:	Num[Not(And(Forall(on,Nominal(a)),Or(clear,ontable)))]
	Feat 2286	(c=8)	weight 1.209:	Num[And(Not(Nominal(a)),Forall(Inverse(Star(on)),Nominal(b)))]
	Feat 2314	(c=8)	weight 1.49:	Num[Or(Or(Nominal(a),Nominal(b)),Exists(Inverse(on),clear))]
	Feat 2372	(c=8)	weight 0.5692:	Num[Or(And(holding,Nominal(a)),Exists(Star(on),Nominal(a)))]
	Feat 2677	(c=8)	weight 7.32:	Bool[And(Or(Not(Nominal(a)),clear),Exists(on,Nominal(b)))]
	Feat 3624	(c=8)	weight 0.8085:	Bool[holding] Num[Or(Exists(Inverse(on),clear),Nominal(b))]
	Feat 3701	(c=8)	weight 0.9606:	Bool[holding] Bool[Exists(on,And(Not(ontable),Nominal(b)))]
	Feat 3890	(c=7)	weight -3.066:	Bool[And(clear,Nominal(b))] Bool[And(holding,Nominal(a))]
	Feat 4265	(c=6)	weight -0.9149:	Bool[Exists(on,Nominal(b))] Num[Forall(on,<empty>)]
	Feat 4696	(c=8)	weight -0.4412:	Bool[And(Forall(Star(on),Nominal(a)),Nominal(b))] Num[clear]
Score 0.8607759592568291
Lambda=0.000343591
	Intercept	4.243492969314699
	Feat 22	(c=3)	weight -3.45:	Bool[Exists(on,Nominal(b))]
	Feat 334	(c=6)	weight 0.8307:	Num[Or(Not(clear),Exists(on,Nominal(a)))]
	Feat 485	(c=7)	weight -0.5351:	Num[Or(Exists(on,Exists(on,ontable)),Nominal(b))]
	Feat 689	(c=7)	weight -1.47:	Num[Or(Forall(on,Or(ontable,Nominal(b))),Nominal(b))]
	Feat 1151	(c=8)	weight 0.9603:	Bool[And(Forall(on,Exists(Star(on),Nominal(a))),Nominal(b))]
	Feat 1422	(c=8)	weight 2.135:	Bool[And(Forall(on,Or(Not(Nominal(b)),ontable)),Nominal(a))]
	Feat 1454	(c=8)	weight -1.52:	Num[Or(Exists(on,And(Not(Nominal(a)),ontable)),holding)]
	Feat 2146	(c=8)	weight -0.9054:	Num[Not(And(Forall(on,Nominal(a)),Or(clear,ontable)))]
	Feat 2286	(c=8)	weight 0.8556:	Num[And(Not(Nominal(a)),Forall(Inverse(Star(on)),Nominal(b)))]
	Feat 2314	(c=8)	weight 1.595:	Num[Or(Or(Nominal(a),Nominal(b)),Exists(Inverse(on),clear))]
	Feat 2372	(c=8)	weight 0.7125:	Num[Or(And(holding,Nominal(a)),Exists(Star(on),Nominal(a)))]
	Feat 2677	(c=8)	weight 8.476:	Bool[And(Or(Not(Nominal(a)),clear),Exists(on,Nominal(b)))]
	Feat 3624	(c=8)	weight 0.8072:	Bool[holding] Num[Or(Exists(Inverse(on),clear),Nominal(b))]
	Feat 3701	(c=8)	weight 0.8494:	Bool[holding] Bool[Exists(on,And(Not(ontable),Nominal(b)))]
	Feat 3890	(c=7)	weight -3.066:	Bool[And(clear,Nominal(b))] Bool[And(holding,Nominal(a))]
	Feat 4265	(c=6)	weight -0.2226:	Bool[Exists(on,Nominal(b))] Num[Forall(on,<empty>)]
	Feat 4696	(c=8)	weight -0.438:	Bool[And(Forall(Star(on),Nominal(a)),Nominal(b))] Num[clear]
Score 0.8730862248036004
Lambda=0.000167372
	Intercept	-1.3702873543616256
	Feat 22	(c=3)	weight -4.374:	Bool[Exists(on,Nominal(b))]
	Feat 334	(c=6)	weight 1.128:	Num[Or(Not(clear),Exists(on,Nominal(a)))]
	Feat 569	(c=7)	weight -0.4898:	Num[Exists(Star(on),And(Not(Nominal(b)),ontable))]
	Feat 689	(c=7)	weight -0.8995:	Num[Or(Forall(on,Or(ontable,Nominal(b))),Nominal(b))]
	Feat 1145	(c=8)	weight -0.1357:	Num[Or(Forall(Inverse(Star(on)),Not(Nominal(a))),ontable)]
	Feat 1151	(c=8)	weight 1.032:	Bool[And(Forall(on,Exists(Star(on),Nominal(a))),Nominal(b))]
	Feat 1159	(c=8)	weight -0.9403:	Num[Or(Forall(Star(on),Or(Nominal(a),Nominal(b))),clear)]
	Feat 1422	(c=8)	weight 2.345:	Bool[And(Forall(on,Or(Not(Nominal(b)),ontable)),Nominal(a))]
	Feat 1454	(c=8)	weight -1.687:	Num[Or(Exists(on,And(Not(Nominal(a)),ontable)),holding)]
	Feat 1843	(c=8)	weight 0.1591:	Num[Or(And(Not(Nominal(b)),Forall(on,Nominal(b))),clear)]
	Feat 1866	(c=8)	weight 0.6831:	Num[Not(And(Exists(on,Exists(on,Nominal(b))),clear))]
	Feat 2146	(c=8)	weight -1.394:	Num[Not(And(Forall(on,Nominal(a)),Or(clear,ontable)))]
	Feat 2286	(c=8)	weight 0.626:	Num[And(Not(Nominal(a)),Forall(Inverse(Star(on)),Nominal(b)))]
	Feat 2314	(c=8)	weight 2.759:	Num[Or(Or(Nominal(a),Nominal(b)),Exists(Inverse(on),clear))]
	Feat 2372	(c=8)	weight 0.9113:	Num[Or(And(holding,Nominal(a)),Exists(Star(on),Nominal(a)))]
	Feat 2677	(c=8)	weight 8.435:	Bool[And(Or(Not(Nominal(a)),clear),Exists(on,Nominal(b)))]
	Feat 3624	(c=8)	weight 0.3205:	Bool[holding] Num[Or(Exists(Inverse(on),clear),Nominal(b))]
	Feat 3642	(c=8)	weight 0.3584:	Bool[holding] Num[Forall(on,Not(Or(ontable,Nominal(b))))]
	Feat 3701	(c=8)	weight 0.3117:	Bool[holding] Bool[Exists(on,And(Not(ontable),Nominal(b)))]
	Feat 3890	(c=7)	weight -3.517:	Bool[And(clear,Nominal(b))] Bool[And(holding,Nominal(a))]
	Feat 4325	(c=8)	weight 1.039:	Bool[Exists(on,Nominal(b))] Bool[Exists(Inverse(on),Nominal(b))]
	Feat 4484	(c=8)	weight 0.1216:	Bool[And(Not(clear),Nominal(a))] Num[Or(ontable,Nominal(b))]
	Feat 4696	(c=8)	weight -0.3098:	Bool[And(Forall(Star(on),Nominal(a)),Nominal(b))] Num[clear]
Score 0.8910241335213946
Lambda=0.000154241
	Intercept	0.8319887045567214
	Feat 22	(c=3)	weight -4.433:	Bool[Exists(on,Nominal(b))]
	Feat 334	(c=6)	weight 1.056:	Num[Or(Not(clear),Exists(on,Nominal(a)))]
	Feat 569	(c=7)	weight -0.5048:	Num[Exists(Star(on),And(Not(Nominal(b)),ontable))]
	Feat 689	(c=7)	weight -0.9548:	Num[Or(Forall(on,Or(ontable,Nominal(b))),Nominal(b))]
	Feat 1145	(c=8)	weight -0.3573:	Num[Or(Forall(Inverse(Star(on)),Not(Nominal(a))),ontable)]
	Feat 1151	(c=8)	weight 1.035:	Bool[And(Forall(on,Exists(Star(on),Nominal(a))),Nominal(b))]
	Feat 1159	(c=8)	weight -0.9944:	Num[Or(Forall(Star(on),Or(Nominal(a),Nominal(b))),clear)]
	Feat 1422	(c=8)	weight 2.168:	Bool[And(Forall(on,Or(Not(Nominal(b)),ontable)),Nominal(a))]
	Feat 1454	(c=8)	weight -1.541:	Num[Or(Exists(on,And(Not(Nominal(a)),ontable)),holding)]
	Feat 1843	(c=8)	weight 0.1241:	Num[Or(And(Not(Nominal(b)),Forall(on,Nominal(b))),clear)]
	Feat 1866	(c=8)	weight 0.6497:	Num[Not(And(Exists(on,Exists(on,Nominal(b))),clear))]
	Feat 2146	(c=8)	weight -1.479:	Num[Not(And(Forall(on,Nominal(a)),Or(clear,ontable)))]
	Feat 2286	(c=8)	weight 0.7137:	Num[And(Not(Nominal(a)),Forall(Inverse(Star(on)),Nominal(b)))]
	Feat 2314	(c=8)	weight 2.795:	Num[Or(Or(Nominal(a),Nominal(b)),Exists(Inverse(on),clear))]
	Feat 2372	(c=8)	weight 0.9316:	Num[Or(And(holding,Nominal(a)),Exists(Star(on),Nominal(a)))]
	Feat 2677	(c=8)	weight 8.509:	Bool[And(Or(Not(Nominal(a)),clear),Exists(on,Nominal(b)))]
	Feat 3624	(c=8)	weight 0.3094:	Bool[holding] Num[Or(Exists(Inverse(on),clear),Nominal(b))]
	Feat 3642	(c=8)	weight 0.3654:	Bool[holding] Num[Forall(on,Not(Or(ontable,Nominal(b))))]
	Feat 3701	(c=8)	weight 0.3044:	Bool[holding] Bool[Exists(on,And(Not(ontable),Nominal(b)))]
	Feat 3890	(c=7)	weight -3.573:	Bool[And(clear,Nominal(b))] Bool[And(holding,Nominal(a))]
	Feat 4325	(c=8)	weight 1.145:	Bool[Exists(on,Nominal(b))] Bool[Exists(Inverse(on),Nominal(b))]
	Feat 4484	(c=8)	weight 0.123:	Bool[And(Not(clear),Nominal(a))] Num[Or(ontable,Nominal(b))]
	Feat 4653	(c=8)	weight 0.1441:	Bool[And(Forall(on,ontable),Nominal(a))] Num[Exists(on,<universe>)]
	Feat 4696	(c=8)	weight -0.2992:	Bool[And(Forall(Star(on),Nominal(a)),Nominal(b))] Num[clear]
Score 0.8926132420635788
Lambda=0.000108404
	Intercept	-0.3321279701379698
	Feat 22	(c=3)	weight -4.517:	Bool[Exists(on,Nominal(b))]
	Feat 334	(c=6)	weight 1.03:	Num[Or(Not(clear),Exists(on,Nominal(a)))]
	Feat 569	(c=7)	weight -0.485:	Num[Exists(Star(on),And(Not(Nominal(b)),ontable))]
	Feat 689	(c=7)	weight -1.083:	Num[Or(Forall(on,Or(ontable,Nominal(b))),Nominal(b))]
	Feat 1145	(c=8)	weight -0.349:	Num[Or(Forall(Inverse(Star(on)),Not(Nominal(a))),ontable)]
	Feat 1151	(c=8)	weight 1.069:	Bool[And(Forall(on,Exists(Star(on),Nominal(a))),Nominal(b))]
	Feat 1159	(c=8)	weight -0.9385:	Num[Or(Forall(Star(on),Or(Nominal(a),Nominal(b))),clear)]
	Feat 1290	(c=8)	weight 0.2544:	Num[Or(Exists(on,Exists(on,ontable)),Not(Nominal(b)))]
	Feat 1422	(c=8)	weight 2.135:	Bool[And(Forall(on,Or(Not(Nominal(b)),ontable)),Nominal(a))]
	Feat 1454	(c=8)	weight -1.474:	Num[Or(Exists(on,And(Not(Nominal(a)),ontable)),holding)]
	Feat 1843	(c=8)	weight 0.1427:	Num[Or(And(Not(Nominal(b)),Forall(on,Nominal(b))),clear)]
	Feat 1866	(c=8)	weight 0.6284:	Num[Not(And(Exists(on,Exists(on,Nominal(b))),clear))]
	Feat 2146	(c=8)	weight -1.466:	Num[Not(And(Forall(on,Nominal(a)),Or(clear,ontable)))]
	Feat 2286	(c=8)	weight 0.75:	Num[And(Not(Nominal(a)),Forall(Inverse(Star(on)),Nominal(b)))]
	Feat 2314	(c=8)	weight 2.737:	Num[Or(Or(Nominal(a),Nominal(b)),Exists(Inverse(on),clear))]
	Feat 2372	(c=8)	weight 0.9218:	Num[Or(And(holding,Nominal(a)),Exists(Star(on),Nominal(a)))]
	Feat 2677	(c=8)	weight 8.567:	Bool[And(Or(Not(Nominal(a)),clear),Exists(on,Nominal(b)))]
	Feat 3624	(c=8)	weight 0.3096:	Bool[holding] Num[Or(Exists(Inverse(on),clear),Nominal(b))]
	Feat 3642	(c=8)	weight 0.3557:	Bool[holding] Num[Forall(on,Not(Or(ontable,Nominal(b))))]
	Feat 3701	(c=8)	weight 0.2924:	Bool[holding] Bool[Exists(on,And(Not(ontable),Nominal(b)))]
	Feat 3890	(c=7)	weight -3.55:	Bool[And(clear,Nominal(b))] Bool[And(holding,Nominal(a))]
	Feat 4325	(c=8)	weight 1.254:	Bool[Exists(on,Nominal(b))] Bool[Exists(Inverse(on),Nominal(b))]
	Feat 4484	(c=8)	weight 0.1196:	Bool[And(Not(clear),Nominal(a))] Num[Or(ontable,Nominal(b))]
	Feat 4653	(c=8)	weight 0.143:	Bool[And(Forall(on,ontable),Nominal(a))] Num[Exists(on,<universe>)]
	Feat 4696	(c=8)	weight -0.2949:	Bool[And(Forall(Star(on),Nominal(a)),Nominal(b))] Num[clear]
Score 0.8929943699993623
Lambda=4.7318e-05
	Intercept	-0.463704501721967
	Feat 22	(c=3)	weight -4.412:	Bool[Exists(on,Nominal(b))]
	Feat 334	(c=6)	weight 0.9103:	Num[Or(Not(clear),Exists(on,Nominal(a)))]
	Feat 485	(c=7)	weight 0.1753:	Num[Or(Exists(on,Exists(on,ontable)),Nominal(b))]
	Feat 569	(c=7)	weight -0.503:	Num[Exists(Star(on),And(Not(Nominal(b)),ontable))]
	Feat 689	(c=7)	weight -1.011:	Num[Or(Forall(on,Or(ontable,Nominal(b))),Nominal(b))]
	Feat 1145	(c=8)	weight -0.3816:	Num[Or(Forall(Inverse(Star(on)),Not(Nominal(a))),ontable)]
	Feat 1151	(c=8)	weight 1.027:	Bool[And(Forall(on,Exists(Star(on),Nominal(a))),Nominal(b))]
	Feat 1159	(c=8)	weight -1.058:	Num[Or(Forall(Star(on),Or(Nominal(a),Nominal(b))),clear)]
	Feat 1290	(c=8)	weight 0.3384:	Num[Or(Exists(on,Exists(on,ontable)),Not(Nominal(b)))]
	Feat 1422	(c=8)	weight 2.155:	Bool[And(Forall(on,Or(Not(Nominal(b)),ontable)),Nominal(a))]
	Feat 1454	(c=8)	weight -1.483:	Num[Or(Exists(on,And(Not(Nominal(a)),ontable)),holding)]
	Feat 1843	(c=8)	weight 0.219:	Num[Or(And(Not(Nominal(b)),Forall(on,Nominal(b))),clear)]
	Feat 1866	(c=8)	weight 0.6952:	Num[Not(And(Exists(on,Exists(on,Nominal(b))),clear))]
	Feat 2146	(c=8)	weight -1.525:	Num[Not(And(Forall(on,Nominal(a)),Or(clear,ontable)))]
	Feat 2286	(c=8)	weight 0.5767:	Num[And(Not(Nominal(a)),Forall(Inverse(Star(on)),Nominal(b)))]
	Feat 2314	(c=8)	weight 2.749:	Num[Or(Or(Nominal(a),Nominal(b)),Exists(Inverse(on),clear))]
	Feat 2372	(c=8)	weight 0.9621:	Num[Or(And(holding,Nominal(a)),Exists(Star(on),Nominal(a)))]
	Feat 2677	(c=8)	weight 8.554:	Bool[And(Or(Not(Nominal(a)),clear),Exists(on,Nominal(b)))]
	Feat 3624	(c=8)	weight 0.3452:	Bool[holding] Num[Or(Exists(Inverse(on),clear),Nominal(b))]
	Feat 3642	(c=8)	weight 0.3821:	Bool[holding] Num[Forall(on,Not(Or(ontable,Nominal(b))))]
	Feat 3701	(c=8)	weight 0.357:	Bool[holding] Bool[Exists(on,And(Not(ontable),Nominal(b)))]
	Feat 3890	(c=7)	weight -3.309:	Bool[And(clear,Nominal(b))] Bool[And(holding,Nominal(a))]
	Feat 3995	(c=8)	weight -0.06618:	Bool[And(holding,Nominal(a))] Num[Or(Not(Nominal(a)),holding)]
	Feat 4325	(c=8)	weight 0.9712:	Bool[Exists(on,Nominal(b))] Bool[Exists(Inverse(on),Nominal(b))]
	Feat 4484	(c=8)	weight 0.1731:	Bool[And(Not(clear),Nominal(a))] Num[Or(ontable,Nominal(b))]
	Feat 4653	(c=8)	weight 0.1589:	Bool[And(Forall(on,ontable),Nominal(a))] Num[Exists(on,<universe>)]
	Feat 4696	(c=8)	weight -0.3101:	Bool[And(Forall(Star(on),Nominal(a)),Nominal(b))] Num[clear]
Score 0.8935566036295817
Lambda=9.50379e-06
	Intercept	-2.4667008311814307
	Feat 22	(c=3)	weight -4.903:	Bool[Exists(on,Nominal(b))]
	Feat 334	(c=6)	weight 0.97:	Num[Or(Not(clear),Exists(on,Nominal(a)))]
	Feat 485	(c=7)	weight 0.1919:	Num[Or(Exists(on,Exists(on,ontable)),Nominal(b))]
	Feat 569	(c=7)	weight -0.5369:	Num[Exists(Star(on),And(Not(Nominal(b)),ontable))]
	Feat 689	(c=7)	weight -1.036:	Num[Or(Forall(on,Or(ontable,Nominal(b))),Nominal(b))]
	Feat 1145	(c=8)	weight -0.394:	Num[Or(Forall(Inverse(Star(on)),Not(Nominal(a))),ontable)]
	Feat 1151	(c=8)	weight 1.093:	Bool[And(Forall(on,Exists(Star(on),Nominal(a))),Nominal(b))]
	Feat 1159	(c=8)	weight -1.109:	Num[Or(Forall(Star(on),Or(Nominal(a),Nominal(b))),clear)]
	Feat 1290	(c=8)	weight 0.3729:	Num[Or(Exists(on,Exists(on,ontable)),Not(Nominal(b)))]
	Feat 1422	(c=8)	weight 2.167:	Bool[And(Forall(on,Or(Not(Nominal(b)),ontable)),Nominal(a))]
	Feat 1454	(c=8)	weight -1.481:	Num[Or(Exists(on,And(Not(Nominal(a)),ontable)),holding)]
	Feat 1843	(c=8)	weight 0.5654:	Num[Or(And(Not(Nominal(b)),Forall(on,Nominal(b))),clear)]
	Feat 1866	(c=8)	weight 0.7417:	Num[Not(And(Exists(on,Exists(on,Nominal(b))),clear))]
	Feat 2146	(c=8)	weight -1.237:	Num[Not(And(Forall(on,Nominal(a)),Or(clear,ontable)))]
	Feat 2286	(c=8)	weight 0.5294:	Num[And(Not(Nominal(a)),Forall(Inverse(Star(on)),Nominal(b)))]
	Feat 2314	(c=8)	weight 2.499:	Num[Or(Or(Nominal(a),Nominal(b)),Exists(Inverse(on),clear))]
	Feat 2372	(c=8)	weight 0.982:	Num[Or(And(holding,Nominal(a)),Exists(Star(on),Nominal(a)))]
	Feat 2677	(c=8)	weight 8.533:	Bool[And(Or(Not(Nominal(a)),clear),Exists(on,Nominal(b)))]
	Feat 3624	(c=8)	weight 0.3003:	Bool[holding] Num[Or(Exists(Inverse(on),clear),Nominal(b))]
	Feat 3642	(c=8)	weight 0.3591:	Bool[holding] Num[Forall(on,Not(Or(ontable,Nominal(b))))]
	Feat 3701	(c=8)	weight 0.1626:	Bool[holding] Bool[Exists(on,And(Not(ontable),Nominal(b)))]
	Feat 3890	(c=7)	weight -3.259:	Bool[And(clear,Nominal(b))] Bool[And(holding,Nominal(a))]
	Feat 3995	(c=8)	weight -0.07756:	Bool[And(holding,Nominal(a))] Num[Or(Not(Nominal(a)),holding)]
	Feat 4105	(c=8)	weight 0.1341:	Bool[And(holding,Nominal(b))] Num[Forall(Star(on),Nominal(a))]
	Feat 4265	(c=6)	weight 0.1726:	Bool[Exists(on,Nominal(b))] Num[Forall(on,<empty>)]
	Feat 4325	(c=8)	weight 0.7598:	Bool[Exists(on,Nominal(b))] Bool[Exists(Inverse(on),Nominal(b))]
	Feat 4462	(c=8)	weight -0.1608:	Bool[And(Forall(on,<empty>),Nominal(b))] Num[Or(holding,Nominal(a))]
	Feat 4484	(c=8)	weight 0.1701:	Bool[And(Not(clear),Nominal(a))] Num[Or(ontable,Nominal(b))]
	Feat 4653	(c=8)	weight 0.161:	Bool[And(Forall(on,ontable),Nominal(a))] Num[Exists(on,<universe>)]
	Feat 4696	(c=8)	weight -0.2758:	Bool[And(Forall(Star(on),Nominal(a)),Nominal(b))] Num[clear]
Score 0.8941410991529563
Lambda=6.7347e-06
	Intercept	-6.980805052275656
	Feat 22	(c=3)	weight -5.093:	Bool[Exists(on,Nominal(b))]
	Feat 25	(c=3)	weight 0.7417:	Bool[Exists(on,Nominal(a))]
	Feat 204	(c=6)	weight 0.7814:	Num[Or(Not(Nominal(a)),Forall(on,ontable))]
	Feat 334	(c=6)	weight 0.821:	Num[Or(Not(clear),Exists(on,Nominal(a)))]
	Feat 485	(c=7)	weight 0.2151:	Num[Or(Exists(on,Exists(on,ontable)),Nominal(b))]
	Feat 569	(c=7)	weight -0.5113:	Num[Exists(Star(on),And(Not(Nominal(b)),ontable))]
	Feat 689	(c=7)	weight -1.052:	Num[Or(Forall(on,Or(ontable,Nominal(b))),Nominal(b))]
	Feat 1145	(c=8)	weight -0.4089:	Num[Or(Forall(Inverse(Star(on)),Not(Nominal(a))),ontable)]
	Feat 1151	(c=8)	weight 1.127:	Bool[And(Forall(on,Exists(Star(on),Nominal(a))),Nominal(b))]
	Feat 1159	(c=8)	weight -1.082:	Num[Or(Forall(Star(on),Or(Nominal(a),Nominal(b))),clear)]
	Feat 1290	(c=8)	weight 0.3866:	Num[Or(Exists(on,Exists(on,ontable)),Not(Nominal(b)))]
	Feat 1422	(c=8)	weight 2.115:	Bool[And(Forall(on,Or(Not(Nominal(b)),ontable)),Nominal(a))]
	Feat 1454	(c=8)	weight -1.499:	Num[Or(Exists(on,And(Not(Nominal(a)),ontable)),holding)]
	Feat 1843	(c=8)	weight 0.8116:	Num[Or(And(Not(Nominal(b)),Forall(on,Nominal(b))),clear)]
	Feat 1866	(c=8)	weight 0.7413:	Num[Not(And(Exists(on,Exists(on,Nominal(b))),clear))]
	Feat 2146	(c=8)	weight -1.077:	Num[Not(And(Forall(on,Nominal(a)),Or(clear,ontable)))]
	Feat 2286	(c=8)	weight 0.2531:	Num[And(Not(Nominal(a)),Forall(Inverse(Star(on)),Nominal(b)))]
	Feat 2314	(c=8)	weight 2.286:	Num[Or(Or(Nominal(a),Nominal(b)),Exists(Inverse(on),clear))]
	Feat 2372	(c=8)	weight 0.9459:	Num[Or(And(holding,Nominal(a)),Exists(Star(on),Nominal(a)))]
	Feat 2677	(c=8)	weight 8.582:	Bool[And(Or(Not(Nominal(a)),clear),Exists(on,Nominal(b)))]
	Feat 3624	(c=8)	weight 0.2795:	Bool[holding] Num[Or(Exists(Inverse(on),clear),Nominal(b))]
	Feat 3642	(c=8)	weight 0.3638:	Bool[holding] Num[Forall(on,Not(Or(ontable,Nominal(b))))]
	Feat 3701	(c=8)	weight 0.1303:	Bool[holding] Bool[Exists(on,And(Not(ontable),Nominal(b)))]
	Feat 3890	(c=7)	weight -3.202:	Bool[And(clear,Nominal(b))] Bool[And(holding,Nominal(a))]
	Feat 3995	(c=8)	weight -0.03118:	Bool[And(holding,Nominal(a))] Num[Or(Not(Nominal(a)),holding)]
	Feat 4105	(c=8)	weight 0.2046:	Bool[And(holding,Nominal(b))] Num[Forall(Star(on),Nominal(a))]
	Feat 4265	(c=6)	weight 0.2155:	Bool[Exists(on,Nominal(b))] Num[Forall(on,<empty>)]
	Feat 4325	(c=8)	weight 0.3759:	Bool[Exists(on,Nominal(b))] Bool[Exists(Inverse(on),Nominal(b))]
	Feat 4462	(c=8)	weight -0.2343:	Bool[And(Forall(on,<empty>),Nominal(b))] Num[Or(holding,Nominal(a))]
	Feat 4484	(c=8)	weight 0.05873:	Bool[And(Not(clear),Nominal(a))] Num[Or(ontable,Nominal(b))]
	Feat 4696	(c=8)	weight -0.3378:	Bool[And(Forall(Star(on),Nominal(a)),Nominal(b))] Num[clear]
Score 0.8949791471845704
Lambda=2.09005e-06
	Intercept	-7.118481871304244
	Feat 22	(c=3)	weight -5.097:	Bool[Exists(on,Nominal(b))]
	Feat 25	(c=3)	weight 0.7488:	Bool[Exists(on,Nominal(a))]
	Feat 204	(c=6)	weight 0.781:	Num[Or(Not(Nominal(a)),Forall(on,ontable))]
	Feat 334	(c=6)	weight 0.8175:	Num[Or(Not(clear),Exists(on,Nominal(a)))]
	Feat 485	(c=7)	weight 0.2139:	Num[Or(Exists(on,Exists(on,ontable)),Nominal(b))]
	Feat 569	(c=7)	weight -0.5105:	Num[Exists(Star(on),And(Not(Nominal(b)),ontable))]
	Feat 689	(c=7)	weight -1.054:	Num[Or(Forall(on,Or(ontable,Nominal(b))),Nominal(b))]
	Feat 1145	(c=8)	weight -0.4086:	Num[Or(Forall(Inverse(Star(on)),Not(Nominal(a))),ontable)]
	Feat 1151	(c=8)	weight 1.128:	Bool[And(Forall(on,Exists(Star(on),Nominal(a))),Nominal(b))]
	Feat 1159	(c=8)	weight -1.08:	Num[Or(Forall(Star(on),Or(Nominal(a),Nominal(b))),clear)]
	Feat 1290	(c=8)	weight 0.3868:	Num[Or(Exists(on,Exists(on,ontable)),Not(Nominal(b)))]
	Feat 1422	(c=8)	weight 2.116:	Bool[And(Forall(on,Or(Not(Nominal(b)),ontable)),Nominal(a))]
	Feat 1454	(c=8)	weight -1.498:	Num[Or(Exists(on,And(Not(Nominal(a)),ontable)),holding)]
	Feat 1843	(c=8)	weight 0.8487:	Num[Or(And(Not(Nominal(b)),Forall(on,Nominal(b))),clear)]
	Feat 1866	(c=8)	weight 0.7402:	Num[Not(And(Exists(on,Exists(on,Nominal(b))),clear))]
	Feat 2146	(c=8)	weight -1.042:	Num[Not(And(Forall(on,Nominal(a)),Or(clear,ontable)))]
	Feat 2286	(c=8)	weight 0.2479:	Num[And(Not(Nominal(a)),Forall(Inverse(Star(on)),Nominal(b)))]
	Feat 2314	(c=8)	weight 2.249:	Num[Or(Or(Nominal(a),Nominal(b)),Exists(Inverse(on),clear))]
	Feat 2372	(c=8)	weight 0.945:	Num[Or(And(holding,Nominal(a)),Exists(Star(on),Nominal(a)))]
	Feat 2677	(c=8)	weight 8.582:	Bool[And(Or(Not(Nominal(a)),clear),Exists(on,Nominal(b)))]
	Feat 3624	(c=8)	weight 0.2755:	Bool[holding] Num[Or(Exists(Inverse(on),clear),Nominal(b))]
	Feat 3642	(c=8)	weight 0.3599:	Bool[holding] Num[Forall(on,Not(Or(ontable,Nominal(b))))]
	Feat 3701	(c=8)	weight 0.124:	Bool[holding] Bool[Exists(on,And(Not(ontable),Nominal(b)))]
	Feat 3890	(c=7)	weight -3.201:	Bool[And(clear,Nominal(b))] Bool[And(holding,Nominal(a))]
	Feat 3995	(c=8)	weight -0.0312:	Bool[And(holding,Nominal(a))] Num[Or(Not(Nominal(a)),holding)]
	Feat 4105	(c=8)	weight 0.2138:	Bool[And(holding,Nominal(b))] Num[Forall(Star(on),Nominal(a))]
	Feat 4265	(c=6)	weight 0.216:	Bool[Exists(on,Nominal(b))] Num[Forall(on,<empty>)]
	Feat 4325	(c=8)	weight 0.3378:	Bool[Exists(on,Nominal(b))] Bool[Exists(Inverse(on),Nominal(b))]
	Feat 4462	(c=8)	weight -0.235:	Bool[And(Forall(on,<empty>),Nominal(b))] Num[Or(holding,Nominal(a))]
	Feat 4484	(c=8)	weight 0.05863:	Bool[And(Not(clear),Nominal(a))] Num[Or(ontable,Nominal(b))]
	Feat 4696	(c=8)	weight -0.3391:	Bool[And(Forall(Star(on),Nominal(a)),Nominal(b))] Num[clear]
Score 0.8949854271084037
Lambda=1.62272e-06
	Intercept	-7.1437286439585215
	Feat 22	(c=3)	weight -5.488:	Bool[Exists(on,Nominal(b))]
	Feat 25	(c=3)	weight 0.8149:	Bool[Exists(on,Nominal(a))]
	Feat 204	(c=6)	weight 0.7722:	Num[Or(Not(Nominal(a)),Forall(on,ontable))]
	Feat 334	(c=6)	weight 0.7881:	Num[Or(Not(clear),Exists(on,Nominal(a)))]
	Feat 485	(c=7)	weight 0.2089:	Num[Or(Exists(on,Exists(on,ontable)),Nominal(b))]
	Feat 569	(c=7)	weight -0.5379:	Num[Exists(Star(on),And(Not(Nominal(b)),ontable))]
	Feat 689	(c=7)	weight -1.089:	Num[Or(Forall(on,Or(ontable,Nominal(b))),Nominal(b))]
	Feat 1145	(c=8)	weight -0.3967:	Num[Or(Forall(Inverse(Star(on)),Not(Nominal(a))),ontable)]
	Feat 1151	(c=8)	weight 1.144:	Bool[And(Forall(on,Exists(Star(on),Nominal(a))),Nominal(b))]
	Feat 1159	(c=8)	weight -1.041:	Num[Or(Forall(Star(on),Or(Nominal(a),Nominal(b))),clear)]
	Feat 1290	(c=8)	weight 0.3963:	Num[Or(Exists(on,Exists(on,ontable)),Not(Nominal(b)))]
	Feat 1422	(c=8)	weight 2.101:	Bool[And(Forall(on,Or(Not(Nominal(b)),ontable)),Nominal(a))]
	Feat 1454	(c=8)	weight -1.479:	Num[Or(Exists(on,And(Not(Nominal(a)),ontable)),holding)]
	Feat 1843	(c=8)	weight 0.9552:	Num[Or(And(Not(Nominal(b)),Forall(on,Nominal(b))),clear)]
	Feat 1866	(c=8)	weight 0.719:	Num[Not(And(Exists(on,Exists(on,Nominal(b))),clear))]
	Feat 2146	(c=8)	weight -0.9186:	Num[Not(And(Forall(on,Nominal(a)),Or(clear,ontable)))]
	Feat 2286	(c=8)	weight 0.2042:	Num[And(Not(Nominal(a)),Forall(Inverse(Star(on)),Nominal(b)))]
	Feat 2314	(c=8)	weight 2.105:	Num[Or(Or(Nominal(a),Nominal(b)),Exists(Inverse(on),clear))]
	Feat 2372	(c=8)	weight 0.9272:	Num[Or(And(holding,Nominal(a)),Exists(Star(on),Nominal(a)))]
	Feat 2677	(c=8)	weight 8.607:	Bool[And(Or(Not(Nominal(a)),clear),Exists(on,Nominal(b)))]
	Feat 3624	(c=8)	weight 0.261:	Bool[holding] Num[Or(Exists(Inverse(on),clear),Nominal(b))]
	Feat 3642	(c=8)	weight 0.3402:	Bool[holding] Num[Forall(on,Not(Or(ontable,Nominal(b))))]
	Feat 3701	(c=8)	weight 0.1691:	Bool[holding] Bool[Exists(on,And(Not(ontable),Nominal(b)))]
	Feat 3890	(c=7)	weight -3.165:	Bool[And(clear,Nominal(b))] Bool[And(holding,Nominal(a))]
	Feat 3995	(c=8)	weight -0.03333:	Bool[And(holding,Nominal(a))] Num[Or(Not(Nominal(a)),holding)]
	Feat 4105	(c=8)	weight 0.2448:	Bool[And(holding,Nominal(b))] Num[Forall(Star(on),Nominal(a))]
	Feat 4265	(c=6)	weight 0.1529:	Bool[Exists(on,Nominal(b))] Num[Forall(on,<empty>)]
	Feat 4325	(c=8)	weight 0.6954:	Bool[Exists(on,Nominal(b))] Bool[Exists(Inverse(on),Nominal(b))]
	Feat 4462	(c=8)	weight -0.242:	Bool[And(Forall(on,<empty>),Nominal(b))] Num[Or(holding,Nominal(a))]
	Feat 4484	(c=8)	weight 0.06103:	Bool[And(Not(clear),Nominal(a))] Num[Or(ontable,Nominal(b))]
	Feat 4679	(c=8)	weight 0.1476:	Bool[Exists(on,And(ontable,Nominal(b)))] Num[Forall(on,<empty>)]
	Feat 4696	(c=8)	weight -0.3625:	Bool[And(Forall(Star(on),Nominal(a)),Nominal(b))] Num[clear]
Score 0.8951056697533755
Lambda=6.83749e-07
	Intercept	-7.293033489208197
	Feat 22	(c=3)	weight -5.527:	Bool[Exists(on,Nominal(b))]
	Feat 25	(c=3)	weight 0.7956:	Bool[Exists(on,Nominal(a))]
	Feat 45	(c=4)	weight 0.2508:	Bool[And(Forall(on,<empty>),Nominal(b))]
	Feat 204	(c=6)	weight 0.7651:	Num[Or(Not(Nominal(a)),Forall(on,ontable))]
	Feat 334	(c=6)	weight 0.7893:	Num[Or(Not(clear),Exists(on,Nominal(a)))]
	Feat 485	(c=7)	weight 0.2074:	Num[Or(Exists(on,Exists(on,ontable)),Nominal(b))]
	Feat 569	(c=7)	weight -0.5418:	Num[Exists(Star(on),And(Not(Nominal(b)),ontable))]
	Feat 689	(c=7)	weight -1.066:	Num[Or(Forall(on,Or(ontable,Nominal(b))),Nominal(b))]
	Feat 1145	(c=8)	weight -0.3945:	Num[Or(Forall(Inverse(Star(on)),Not(Nominal(a))),ontable)]
	Feat 1151	(c=8)	weight 1.09:	Bool[And(Forall(on,Exists(Star(on),Nominal(a))),Nominal(b))]
	Feat 1159	(c=8)	weight -1.044:	Num[Or(Forall(Star(on),Or(Nominal(a),Nominal(b))),clear)]
	Feat 1290	(c=8)	weight 0.379:	Num[Or(Exists(on,Exists(on,ontable)),Not(Nominal(b)))]
	Feat 1422	(c=8)	weight 2.121:	Bool[And(Forall(on,Or(Not(Nominal(b)),ontable)),Nominal(a))]
	Feat 1454	(c=8)	weight -1.487:	Num[Or(Exists(on,And(Not(Nominal(a)),ontable)),holding)]
	Feat 1843	(c=8)	weight 0.9975:	Num[Or(And(Not(Nominal(b)),Forall(on,Nominal(b))),clear)]
	Feat 1866	(c=8)	weight 0.7201:	Num[Not(And(Exists(on,Exists(on,Nominal(b))),clear))]
	Feat 2146	(c=8)	weight -0.8816:	Num[Not(And(Forall(on,Nominal(a)),Or(clear,ontable)))]
	Feat 2286	(c=8)	weight 0.1686:	Num[And(Not(Nominal(a)),Forall(Inverse(Star(on)),Nominal(b)))]
	Feat 2314	(c=8)	weight 2.063:	Num[Or(Or(Nominal(a),Nominal(b)),Exists(Inverse(on),clear))]
	Feat 2372	(c=8)	weight 0.9354:	Num[Or(And(holding,Nominal(a)),Exists(Star(on),Nominal(a)))]
	Feat 2677	(c=8)	weight 8.596:	Bool[And(Or(Not(Nominal(a)),clear),Exists(on,Nominal(b)))]
	Feat 2746	(c=8)	weight 0.08075:	Bool[And(Forall(on,Not(Nominal(a))),And(clear,Nominal(b)))]
	Feat 3624	(c=8)	weight 0.2563:	Bool[holding] Num[Or(Exists(Inverse(on),clear),Nominal(b))]
	Feat 3642	(c=8)	weight 0.3471:	Bool[holding] Num[Forall(on,Not(Or(ontable,Nominal(b))))]
	Feat 3701	(c=8)	weight 0.1317:	Bool[holding] Bool[Exists(on,And(Not(ontable),Nominal(b)))]
	Feat 3890	(c=7)	weight -3.183:	Bool[And(clear,Nominal(b))] Bool[And(holding,Nominal(a))]
	Feat 3995	(c=8)	weight -0.04589:	Bool[And(holding,Nominal(a))] Num[Or(Not(Nominal(a)),holding)]
	Feat 4105	(c=8)	weight 0.2728:	Bool[And(holding,Nominal(b))] Num[Forall(Star(on),Nominal(a))]
	Feat 4265	(c=6)	weight 0.1544:	Bool[Exists(on,Nominal(b))] Num[Forall(on,<empty>)]
	Feat 4325	(c=8)	weight 0.7442:	Bool[Exists(on,Nominal(b))] Bool[Exists(Inverse(on),Nominal(b))]
	Feat 4462	(c=8)	weight -0.3377:	Bool[And(Forall(on,<empty>),Nominal(b))] Num[Or(holding,Nominal(a))]
	Feat 4484	(c=8)	weight 0.07528:	Bool[And(Not(clear),Nominal(a))] Num[Or(ontable,Nominal(b))]
	Feat 4679	(c=8)	weight 0.1744:	Bool[Exists(on,And(ontable,Nominal(b)))] Num[Forall(on,<empty>)]
	Feat 4696	(c=8)	weight -0.3863:	Bool[And(Forall(Star(on),Nominal(a)),Nominal(b))] Num[clear]
Score 0.895166659135246
Lambda=3.749e-07
	Intercept	-7.242483294511398
	Feat 22	(c=3)	weight -5.613:	Bool[Exists(on,Nominal(b))]
	Feat 25	(c=3)	weight 0.7618:	Bool[Exists(on,Nominal(a))]
	Feat 45	(c=4)	weight 0.2647:	Bool[And(Forall(on,<empty>),Nominal(b))]
	Feat 204	(c=6)	weight 0.7624:	Num[Or(Not(Nominal(a)),Forall(on,ontable))]
	Feat 334	(c=6)	weight 0.7529:	Num[Or(Not(clear),Exists(on,Nominal(a)))]
	Feat 485	(c=7)	weight 0.2756:	Num[Or(Exists(on,Exists(on,ontable)),Nominal(b))]
	Feat 569	(c=7)	weight -0.5463:	Num[Exists(Star(on),And(Not(Nominal(b)),ontable))]
	Feat 689	(c=7)	weight -1.074:	Num[Or(Forall(on,Or(ontable,Nominal(b))),Nominal(b))]
	Feat 1145	(c=8)	weight -0.3918:	Num[Or(Forall(Inverse(Star(on)),Not(Nominal(a))),ontable)]
	Feat 1151	(c=8)	weight 1.089:	Bool[And(Forall(on,Exists(Star(on),Nominal(a))),Nominal(b))]
	Feat 1159	(c=8)	weight -1.042:	Num[Or(Forall(Star(on),Or(Nominal(a),Nominal(b))),clear)]
	Feat 1290	(c=8)	weight 0.4505:	Num[Or(Exists(on,Exists(on,ontable)),Not(Nominal(b)))]
	Feat 1422	(c=8)	weight 2.119:	Bool[And(Forall(on,Or(Not(Nominal(b)),ontable)),Nominal(a))]
	Feat 1454	(c=8)	weight -1.487:	Num[Or(Exists(on,And(Not(Nominal(a)),ontable)),holding)]
	Feat 1843	(c=8)	weight 1.024:	Num[Or(And(Not(Nominal(b)),Forall(on,Nominal(b))),clear)]
	Feat 1866	(c=8)	weight 0.7188:	Num[Not(And(Exists(on,Exists(on,Nominal(b))),clear))]
	Feat 2146	(c=8)	weight -0.8989:	Num[Not(And(Forall(on,Nominal(a)),Or(clear,ontable)))]
	Feat 2286	(c=8)	weight 0.1882:	Num[And(Not(Nominal(a)),Forall(Inverse(Star(on)),Nominal(b)))]
	Feat 2314	(c=8)	weight 2.045:	Num[Or(Or(Nominal(a),Nominal(b)),Exists(Inverse(on),clear))]
	Feat 2372	(c=8)	weight 0.9348:	Num[Or(And(holding,Nominal(a)),Exists(Star(on),Nominal(a)))]
	Feat 2677	(c=8)	weight 8.598:	Bool[And(Or(Not(Nominal(a)),clear),Exists(on,Nominal(b)))]
	Feat 2746	(c=8)	weight 0.05278:	Bool[And(Forall(on,Not(Nominal(a))),And(clear,Nominal(b)))]
	Feat 3156	(c=7)	weight -0.108:	Atom[handempty] Num[Forall(on,Exists(on,ontable))]
	Feat 3606	(c=8)	weight -0.09477:	Bool[holding] Num[Or(And(Forall(on,<empty>),Nominal(b)),clear)]
	Feat 3624	(c=8)	weight 0.2309:	Bool[holding] Num[Or(Exists(Inverse(on),clear),Nominal(b))]
	Feat 3642	(c=8)	weight 0.3266:	Bool[holding] Num[Forall(on,Not(Or(ontable,Nominal(b))))]
	Feat 3701	(c=8)	weight 0.08171:	Bool[holding] Bool[Exists(on,And(Not(ontable),Nominal(b)))]
	Feat 3890	(c=7)	weight -3.206:	Bool[And(clear,Nominal(b))] Bool[And(holding,Nominal(a))]
	Feat 3995	(c=8)	weight -0.0457:	Bool[And(holding,Nominal(a))] Num[Or(Not(Nominal(a)),holding)]
	Feat 4105	(c=8)	weight 0.2876:	Bool[And(holding,Nominal(b))] Num[Forall(Star(on),Nominal(a))]
	Feat 4265	(c=6)	weight 0.1518:	Bool[Exists(on,Nominal(b))] Num[Forall(on,<empty>)]
	Feat 4325	(c=8)	weight 0.8154:	Bool[Exists(on,Nominal(b))] Bool[Exists(Inverse(on),Nominal(b))]
	Feat 4462	(c=8)	weight -0.3129:	Bool[And(Forall(on,<empty>),Nominal(b))] Num[Or(holding,Nominal(a))]
	Feat 4484	(c=8)	weight 0.07986:	Bool[And(Not(clear),Nominal(a))] Num[Or(ontable,Nominal(b))]
	Feat 4679	(c=8)	weight 0.2013:	Bool[Exists(on,And(ontable,Nominal(b)))] Num[Forall(on,<empty>)]
	Feat 4696	(c=8)	weight -0.3938:	Bool[And(Forall(Star(on),Nominal(a)),Nominal(b))] Num[clear]
Score 0.8952356775239037
Lambda=3.96963e-08
	Intercept	-7.472890870801745
	Feat 22	(c=3)	weight -5.625:	Bool[Exists(on,Nominal(b))]
	Feat 25	(c=3)	weight 0.7583:	Bool[Exists(on,Nominal(a))]
	Feat 45	(c=4)	weight 0.2592:	Bool[And(Forall(on,<empty>),Nominal(b))]
	Feat 204	(c=6)	weight 0.7902:	Num[Or(Not(Nominal(a)),Forall(on,ontable))]
	Feat 334	(c=6)	weight 0.7557:	Num[Or(Not(clear),Exists(on,Nominal(a)))]
	Feat 485	(c=7)	weight 0.2798:	Num[Or(Exists(on,Exists(on,ontable)),Nominal(b))]
	Feat 569	(c=7)	weight -0.5465:	Num[Exists(Star(on),And(Not(Nominal(b)),ontable))]
	Feat 689	(c=7)	weight -1.075:	Num[Or(Forall(on,Or(ontable,Nominal(b))),Nominal(b))]
	Feat 1145	(c=8)	weight -0.3881:	Num[Or(Forall(Inverse(Star(on)),Not(Nominal(a))),ontable)]
	Feat 1151	(c=8)	weight 1.091:	Bool[And(Forall(on,Exists(Star(on),Nominal(a))),Nominal(b))]
	Feat 1159	(c=8)	weight -1.039:	Num[Or(Forall(Star(on),Or(Nominal(a),Nominal(b))),clear)]
	Feat 1290	(c=8)	weight 0.456:	Num[Or(Exists(on,Exists(on,ontable)),Not(Nominal(b)))]
	Feat 1422	(c=8)	weight 2.119:	Bool[And(Forall(on,Or(Not(Nominal(b)),ontable)),Nominal(a))]
	Feat 1454	(c=8)	weight -1.488:	Num[Or(Exists(on,And(Not(Nominal(a)),ontable)),holding)]
	Feat 1843	(c=8)	weight 1.027:	Num[Or(And(Not(Nominal(b)),Forall(on,Nominal(b))),clear)]
	Feat 1866	(c=8)	weight 0.7186:	Num[Not(And(Exists(on,Exists(on,Nominal(b))),clear))]
	Feat 2146	(c=8)	weight -0.8963:	Num[Not(And(Forall(on,Nominal(a)),Or(clear,ontable)))]
	Feat 2286	(c=8)	weight 0.1892:	Num[And(Not(Nominal(a)),Forall(Inverse(Star(on)),Nominal(b)))]
	Feat 2314	(c=8)	weight 2.041:	Num[Or(Or(Nominal(a),Nominal(b)),Exists(Inverse(on),clear))]
	Feat 2372	(c=8)	weight 0.9352:	Num[Or(And(holding,Nominal(a)),Exists(Star(on),Nominal(a)))]
	Feat 2677	(c=8)	weight 8.599:	Bool[And(Or(Not(Nominal(a)),clear),Exists(on,Nominal(b)))]
	Feat 2746	(c=8)	weight 0.05058:	Bool[And(Forall(on,Not(Nominal(a))),And(clear,Nominal(b)))]
	Feat 3156	(c=7)	weight -0.1146:	Atom[handempty] Num[Forall(on,Exists(on,ontable))]
	Feat 3606	(c=8)	weight -0.1023:	Bool[holding] Num[Or(And(Forall(on,<empty>),Nominal(b)),clear)]
	Feat 3624	(c=8)	weight 0.228:	Bool[holding] Num[Or(Exists(Inverse(on),clear),Nominal(b))]
	Feat 3642	(c=8)	weight 0.3251:	Bool[holding] Num[Forall(on,Not(Or(ontable,Nominal(b))))]
	Feat 3701	(c=8)	weight 0.07772:	Bool[holding] Bool[Exists(on,And(Not(ontable),Nominal(b)))]
	Feat 3890	(c=7)	weight -3.208:	Bool[And(clear,Nominal(b))] Bool[And(holding,Nominal(a))]
	Feat 3995	(c=8)	weight -0.04505:	Bool[And(holding,Nominal(a))] Num[Or(Not(Nominal(a)),holding)]
	Feat 4105	(c=8)	weight 0.2893:	Bool[And(holding,Nominal(b))] Num[Forall(Star(on),Nominal(a))]
	Feat 4265	(c=6)	weight 0.1527:	Bool[Exists(on,Nominal(b))] Num[Forall(on,<empty>)]
	Feat 4325	(c=8)	weight 0.8208:	Bool[Exists(on,Nominal(b))] Bool[Exists(Inverse(on),Nominal(b))]
	Feat 4462	(c=8)	weight -0.3079:	Bool[And(Forall(on,<empty>),Nominal(b))] Num[Or(holding,Nominal(a))]
	Feat 4484	(c=8)	weight 0.07915:	Bool[And(Not(clear),Nominal(a))] Num[Or(ontable,Nominal(b))]
	Feat 4653	(c=8)	weight -0.008115:	Bool[And(Forall(on,ontable),Nominal(a))] Num[Exists(on,<universe>)]
	Feat 4679	(c=8)	weight 0.2032:	Bool[Exists(on,And(ontable,Nominal(b)))] Num[Forall(on,<empty>)]
	Feat 4696	(c=8)	weight -0.3943:	Bool[And(Forall(Star(on),Nominal(a)),Nominal(b))] Num[clear]
Score 0.8952390089257293
Lambda=1.64807e-08
	Intercept	-7.531952988237428
	Feat 22	(c=3)	weight -5.627:	Bool[Exists(on,Nominal(b))]
	Feat 25	(c=3)	weight 0.7562:	Bool[Exists(on,Nominal(a))]
	Feat 45	(c=4)	weight 0.2585:	Bool[And(Forall(on,<empty>),Nominal(b))]
	Feat 204	(c=6)	weight 0.798:	Num[Or(Not(Nominal(a)),Forall(on,ontable))]
	Feat 334	(c=6)	weight 0.7548:	Num[Or(Not(clear),Exists(on,Nominal(a)))]
	Feat 485	(c=7)	weight 0.2809:	Num[Or(Exists(on,Exists(on,ontable)),Nominal(b))]
	Feat 569	(c=7)	weight -0.5465:	Num[Exists(Star(on),And(Not(Nominal(b)),ontable))]
	Feat 689	(c=7)	weight -1.075:	Num[Or(Forall(on,Or(ontable,Nominal(b))),Nominal(b))]
	Feat 1145	(c=8)	weight -0.3891:	Num[Or(Forall(Inverse(Star(on)),Not(Nominal(a))),ontable)]
	Feat 1151	(c=8)	weight 1.091:	Bool[And(Forall(on,Exists(Star(on),Nominal(a))),Nominal(b))]
	Feat 1159	(c=8)	weight -1.039:	Num[Or(Forall(Star(on),Or(Nominal(a),Nominal(b))),clear)]
	Feat 1290	(c=8)	weight 0.4567:	Num[Or(Exists(on,Exists(on,ontable)),Not(Nominal(b)))]
	Feat 1322	(c=8)	weight 0.003034:	Num[Or(And(Forall(on,Nominal(a)),Nominal(b)),Not(clear))]
	Feat 1422	(c=8)	weight 2.118:	Bool[And(Forall(on,Or(Not(Nominal(b)),ontable)),Nominal(a))]
	Feat 1454	(c=8)	weight -1.488:	Num[Or(Exists(on,And(Not(Nominal(a)),ontable)),holding)]
	Feat 1843	(c=8)	weight 1.029:	Num[Or(And(Not(Nominal(b)),Forall(on,Nominal(b))),clear)]
	Feat 1866	(c=8)	weight 0.7185:	Num[Not(And(Exists(on,Exists(on,Nominal(b))),clear))]
	Feat 2146	(c=8)	weight -0.8956:	Num[Not(And(Forall(on,Nominal(a)),Or(clear,ontable)))]
	Feat 2286	(c=8)	weight 0.1898:	Num[And(Not(Nominal(a)),Forall(Inverse(Star(on)),Nominal(b)))]
	Feat 2314	(c=8)	weight 2.04:	Num[Or(Or(Nominal(a),Nominal(b)),Exists(Inverse(on),clear))]
	Feat 2372	(c=8)	weight 0.9353:	Num[Or(And(holding,Nominal(a)),Exists(Star(on),Nominal(a)))]
	Feat 2677	(c=8)	weight 8.6:	Bool[And(Or(Not(Nominal(a)),clear),Exists(on,Nominal(b)))]
	Feat 2746	(c=8)	weight 0.05038:	Bool[And(Forall(on,Not(Nominal(a))),And(clear,Nominal(b)))]
	Feat 3156	(c=7)	weight -0.1158:	Atom[handempty] Num[Forall(on,Exists(on,ontable))]
	Feat 3606	(c=8)	weight -0.1032:	Bool[holding] Num[Or(And(Forall(on,<empty>),Nominal(b)),clear)]
	Feat 3624	(c=8)	weight 0.2268:	Bool[holding] Num[Or(Exists(Inverse(on),clear),Nominal(b))]
	Feat 3642	(c=8)	weight 0.3245:	Bool[holding] Num[Forall(on,Not(Or(ontable,Nominal(b))))]
	Feat 3701	(c=8)	weight 0.07697:	Bool[holding] Bool[Exists(on,And(Not(ontable),Nominal(b)))]
	Feat 3890	(c=7)	weight -3.208:	Bool[And(clear,Nominal(b))] Bool[And(holding,Nominal(a))]
	Feat 3995	(c=8)	weight -0.0453:	Bool[And(holding,Nominal(a))] Num[Or(Not(Nominal(a)),holding)]
	Feat 4105	(c=8)	weight 0.2902:	Bool[And(holding,Nominal(b))] Num[Forall(Star(on),Nominal(a))]
	Feat 4265	(c=6)	weight 0.1531:	Bool[Exists(on,Nominal(b))] Num[Forall(on,<empty>)]
	Feat 4325	(c=8)	weight 0.8207:	Bool[Exists(on,Nominal(b))] Bool[Exists(Inverse(on),Nominal(b))]
	Feat 4462	(c=8)	weight -0.3068:	Bool[And(Forall(on,<empty>),Nominal(b))] Num[Or(holding,Nominal(a))]
	Feat 4484	(c=8)	weight 0.0796:	Bool[And(Not(clear),Nominal(a))] Num[Or(ontable,Nominal(b))]
	Feat 4653	(c=8)	weight -0.009347:	Bool[And(Forall(on,ontable),Nominal(a))] Num[Exists(on,<universe>)]
	Feat 4679	(c=8)	weight 0.2039:	Bool[Exists(on,And(ontable,Nominal(b)))] Num[Forall(on,<empty>)]
	Feat 4696	(c=8)	weight -0.3951:	Bool[And(Forall(Star(on),Nominal(a)),Nominal(b))] Num[clear]
Score 0.8952397138957652
Lambda=4.39634e-09
	Intercept	-7.535672058308911
	Feat 22	(c=3)	weight -5.628:	Bool[Exists(on,Nominal(b))]
	Feat 25	(c=3)	weight 0.7563:	Bool[Exists(on,Nominal(a))]
	Feat 45	(c=4)	weight 0.2584:	Bool[And(Forall(on,<empty>),Nominal(b))]
	Feat 204	(c=6)	weight 0.798:	Num[Or(Not(Nominal(a)),Forall(on,ontable))]
	Feat 334	(c=6)	weight 0.7546:	Num[Or(Not(clear),Exists(on,Nominal(a)))]
	Feat 485	(c=7)	weight 0.2811:	Num[Or(Exists(on,Exists(on,ontable)),Nominal(b))]
	Feat 569	(c=7)	weight -0.5466:	Num[Exists(Star(on),And(Not(Nominal(b)),ontable))]
	Feat 689	(c=7)	weight -1.075:	Num[Or(Forall(on,Or(ontable,Nominal(b))),Nominal(b))]
	Feat 1145	(c=8)	weight -0.3889:	Num[Or(Forall(Inverse(Star(on)),Not(Nominal(a))),ontable)]
	Feat 1151	(c=8)	weight 1.091:	Bool[And(Forall(on,Exists(Star(on),Nominal(a))),Nominal(b))]
	Feat 1159	(c=8)	weight -1.039:	Num[Or(Forall(Star(on),Or(Nominal(a),Nominal(b))),clear)]
	Feat 1290	(c=8)	weight 0.457:	Num[Or(Exists(on,Exists(on,ontable)),Not(Nominal(b)))]
	Feat 1322	(c=8)	weight 0.003406:	Num[Or(And(Forall(on,Nominal(a)),Nominal(b)),Not(clear))]
	Feat 1422	(c=8)	weight 2.118:	Bool[And(Forall(on,Or(Not(Nominal(b)),ontable)),Nominal(a))]
	Feat 1454	(c=8)	weight -1.488:	Num[Or(Exists(on,And(Not(Nominal(a)),ontable)),holding)]
	Feat 1843	(c=8)	weight 1.029:	Num[Or(And(Not(Nominal(b)),Forall(on,Nominal(b))),clear)]
	Feat 1866	(c=8)	weight 0.7184:	Num[Not(And(Exists(on,Exists(on,Nominal(b))),clear))]
	Feat 2146	(c=8)	weight -0.8954:	Num[Not(And(Forall(on,Nominal(a)),Or(clear,ontable)))]
	Feat 2286	(c=8)	weight 0.1898:	Num[And(Not(Nominal(a)),Forall(Inverse(Star(on)),Nominal(b)))]
	Feat 2314	(c=8)	weight 2.04:	Num[Or(Or(Nominal(a),Nominal(b)),Exists(Inverse(on),clear))]
	Feat 2372	(c=8)	weight 0.9353:	Num[Or(And(holding,Nominal(a)),Exists(Star(on),Nominal(a)))]
	Feat 2677	(c=8)	weight 8.6:	Bool[And(Or(Not(Nominal(a)),clear),Exists(on,Nominal(b)))]
	Feat 2746	(c=8)	weight 0.05048:	Bool[And(Forall(on,Not(Nominal(a))),And(clear,Nominal(b)))]
	Feat 3156	(c=7)	weight -0.116:	Atom[handempty] Num[Forall(on,Exists(on,ontable))]
	Feat 3606	(c=8)	weight -0.1034:	Bool[holding] Num[Or(And(Forall(on,<empty>),Nominal(b)),clear)]
	Feat 3624	(c=8)	weight 0.2266:	Bool[holding] Num[Or(Exists(Inverse(on),clear),Nominal(b))]
	Feat 3642	(c=8)	weight 0.3245:	Bool[holding] Num[Forall(on,Not(Or(ontable,Nominal(b))))]
	Feat 3701	(c=8)	weight 0.07657:	Bool[holding] Bool[Exists(on,And(Not(ontable),Nominal(b)))]
	Feat 3890	(c=7)	weight -3.208:	Bool[And(clear,Nominal(b))] Bool[And(holding,Nominal(a))]
	Feat 3995	(c=8)	weight -0.04532:	Bool[And(holding,Nominal(a))] Num[Or(Not(Nominal(a)),holding)]
	Feat 4105	(c=8)	weight 0.2903:	Bool[And(holding,Nominal(b))] Num[Forall(Star(on),Nominal(a))]
	Feat 4265	(c=6)	weight 0.1532:	Bool[Exists(on,Nominal(b))] Num[Forall(on,<empty>)]
	Feat 4325	(c=8)	weight 0.8208:	Bool[Exists(on,Nominal(b))] Bool[Exists(Inverse(on),Nominal(b))]
	Feat 4462	(c=8)	weight -0.3069:	Bool[And(Forall(on,<empty>),Nominal(b))] Num[Or(holding,Nominal(a))]
	Feat 4484	(c=8)	weight 0.07968:	Bool[And(Not(clear),Nominal(a))] Num[Or(ontable,Nominal(b))]
	Feat 4653	(c=8)	weight -0.009591:	Bool[And(Forall(on,ontable),Nominal(a))] Num[Exists(on,<universe>)]
	Feat 4679	(c=8)	weight 0.204:	Bool[Exists(on,And(ontable,Nominal(b)))] Num[Forall(on,<empty>)]
	Feat 4696	(c=8)	weight -0.395:	Bool[And(Forall(Star(on),Nominal(a)),Nominal(b))] Num[clear]
Score 0.8952398078066001
Lambda=2.48553e-09
	Intercept	-7.543958684522204
	Feat 0	(c=1)	weight -0.001335:	Atom[handempty]
	Feat 22	(c=3)	weight -5.628:	Bool[Exists(on,Nominal(b))]
	Feat 25	(c=3)	weight 0.756:	Bool[Exists(on,Nominal(a))]
	Feat 45	(c=4)	weight 0.2581:	Bool[And(Forall(on,<empty>),Nominal(b))]
	Feat 204	(c=6)	weight 0.7989:	Num[Or(Not(Nominal(a)),Forall(on,ontable))]
	Feat 334	(c=6)	weight 0.7543:	Num[Or(Not(clear),Exists(on,Nominal(a)))]
	Feat 485	(c=7)	weight 0.2812:	Num[Or(Exists(on,Exists(on,ontable)),Nominal(b))]
	Feat 569	(c=7)	weight -0.5467:	Num[Exists(Star(on),And(Not(Nominal(b)),ontable))]
	Feat 689	(c=7)	weight -1.075:	Num[Or(Forall(on,Or(ontable,Nominal(b))),Nominal(b))]
	Feat 1145	(c=8)	weight -0.3883:	Num[Or(Forall(Inverse(Star(on)),Not(Nominal(a))),ontable)]
	Feat 1151	(c=8)	weight 1.091:	Bool[And(Forall(on,Exists(Star(on),Nominal(a))),Nominal(b))]
	Feat 1159	(c=8)	weight -1.039:	Num[Or(Forall(Star(on),Or(Nominal(a),Nominal(b))),clear)]
	Feat 1290	(c=8)	weight 0.4572:	Num[Or(Exists(on,Exists(on,ontable)),Not(Nominal(b)))]
	Feat 1322	(c=8)	weight 0.004082:	Num[Or(And(Forall(on,Nominal(a)),Nominal(b)),Not(clear))]
	Feat 1422	(c=8)	weight 2.118:	Bool[And(Forall(on,Or(Not(Nominal(b)),ontable)),Nominal(a))]
	Feat 1454	(c=8)	weight -1.488:	Num[Or(Exists(on,And(Not(Nominal(a)),ontable)),holding)]
	Feat 1843	(c=8)	weight 1.029:	Num[Or(And(Not(Nominal(b)),Forall(on,Nominal(b))),clear)]
	Feat 1866	(c=8)	weight 0.7183:	Num[Not(And(Exists(on,Exists(on,Nominal(b))),clear))]
	Feat 2146	(c=8)	weight -0.8955:	Num[Not(And(Forall(on,Nominal(a)),Or(clear,ontable)))]
	Feat 2286	(c=8)	weight 0.1896:	Num[And(Not(Nominal(a)),Forall(Inverse(Star(on)),Nominal(b)))]
	Feat 2314	(c=8)	weight 2.04:	Num[Or(Or(Nominal(a),Nominal(b)),Exists(Inverse(on),clear))]
	Feat 2372	(c=8)	weight 0.9353:	Num[Or(And(holding,Nominal(a)),Exists(Star(on),Nominal(a)))]
	Feat 2677	(c=8)	weight 8.6:	Bool[And(Or(Not(Nominal(a)),clear),Exists(on,Nominal(b)))]
	Feat 2746	(c=8)	weight 0.05071:	Bool[And(Forall(on,Not(Nominal(a))),And(clear,Nominal(b)))]
	Feat 3156	(c=7)	weight -0.1163:	Atom[handempty] Num[Forall(on,Exists(on,ontable))]
	Feat 3606	(c=8)	weight -0.1039:	Bool[holding] Num[Or(And(Forall(on,<empty>),Nominal(b)),clear)]
	Feat 3624	(c=8)	weight 0.2261:	Bool[holding] Num[Or(Exists(Inverse(on),clear),Nominal(b))]
	Feat 3642	(c=8)	weight 0.3245:	Bool[holding] Num[Forall(on,Not(Or(ontable,Nominal(b))))]
	Feat 3701	(c=8)	weight 0.07579:	Bool[holding] Bool[Exists(on,And(Not(ontable),Nominal(b)))]
	Feat 3890	(c=7)	weight -3.208:	Bool[And(clear,Nominal(b))] Bool[And(holding,Nominal(a))]
	Feat 3995	(c=8)	weight -0.04531:	Bool[And(holding,Nominal(a))] Num[Or(Not(Nominal(a)),holding)]
	Feat 4105	(c=8)	weight 0.2908:	Bool[And(holding,Nominal(b))] Num[Forall(Star(on),Nominal(a))]
	Feat 4265	(c=6)	weight 0.1534:	Bool[Exists(on,Nominal(b))] Num[Forall(on,<empty>)]
	Feat 4325	(c=8)	weight 0.8208:	Bool[Exists(on,Nominal(b))] Bool[Exists(Inverse(on),Nominal(b))]
	Feat 4462	(c=8)	weight -0.3069:	Bool[And(Forall(on,<empty>),Nominal(b))] Num[Or(holding,Nominal(a))]
	Feat 4484	(c=8)	weight 0.07963:	Bool[And(Not(clear),Nominal(a))] Num[Or(ontable,Nominal(b))]
	Feat 4653	(c=8)	weight -0.009942:	Bool[And(Forall(on,ontable),Nominal(a))] Num[Exists(on,<universe>)]
	Feat 4679	(c=8)	weight 0.204:	Bool[Exists(on,And(ontable,Nominal(b)))] Num[Forall(on,<empty>)]
	Feat 4696	(c=8)	weight -0.3951:	Bool[And(Forall(Star(on),Nominal(a)),Nominal(b))] Num[clear]
Score 0.8952399646606453
Lambda=1.03249e-09
	Intercept	-7.548973136835951
	Feat 0	(c=1)	weight -0.001842:	Atom[handempty]
	Feat 22	(c=3)	weight -5.629:	Bool[Exists(on,Nominal(b))]
	Feat 25	(c=3)	weight 0.756:	Bool[Exists(on,Nominal(a))]
	Feat 45	(c=4)	weight 0.258:	Bool[And(Forall(on,<empty>),Nominal(b))]
	Feat 204	(c=6)	weight 0.7996:	Num[Or(Not(Nominal(a)),Forall(on,ontable))]
	Feat 334	(c=6)	weight 0.7542:	Num[Or(Not(clear),Exists(on,Nominal(a)))]
	Feat 485	(c=7)	weight 0.2812:	Num[Or(Exists(on,Exists(on,ontable)),Nominal(b))]
	Feat 569	(c=7)	weight -0.5468:	Num[Exists(Star(on),And(Not(Nominal(b)),ontable))]
	Feat 689	(c=7)	weight -1.075:	Num[Or(Forall(on,Or(ontable,Nominal(b))),Nominal(b))]
	Feat 1145	(c=8)	weight -0.3881:	Num[Or(Forall(Inverse(Star(on)),Not(Nominal(a))),ontable)]
	Feat 1151	(c=8)	weight 1.091:	Bool[And(Forall(on,Exists(Star(on),Nominal(a))),Nominal(b))]
	Feat 1159	(c=8)	weight -1.039:	Num[Or(Forall(Star(on),Or(Nominal(a),Nominal(b))),clear)]
	Feat 1290	(c=8)	weight 0.4572:	Num[Or(Exists(on,Exists(on,ontable)),Not(Nominal(b)))]
	Feat 1322	(c=8)	weight 0.004426:	Num[Or(And(Forall(on,Nominal(a)),Nominal(b)),Not(clear))]
	Feat 1422	(c=8)	weight 2.117:	Bool[And(Forall(on,Or(Not(Nominal(b)),ontable)),Nominal(a))]
	Feat 1454	(c=8)	weight -1.488:	Num[Or(Exists(on,And(Not(Nominal(a)),ontable)),holding)]
	Feat 1843	(c=8)	weight 1.029:	Num[Or(And(Not(Nominal(b)),Forall(on,Nominal(b))),clear)]
	Feat 1866	(c=8)	weight 0.7182:	Num[Not(And(Exists(on,Exists(on,Nominal(b))),clear))]
	Feat 2146	(c=8)	weight -0.8954:	Num[Not(And(Forall(on,Nominal(a)),Or(clear,ontable)))]
	Feat 2286	(c=8)	weight 0.1895:	Num[And(Not(Nominal(a)),Forall(Inverse(Star(on)),Nominal(b)))]
	Feat 2314	(c=8)	weight 2.039:	Num[Or(Or(Nominal(a),Nominal(b)),Exists(Inverse(on),clear))]
	Feat 2372	(c=8)	weight 0.9352:	Num[Or(And(holding,Nominal(a)),Exists(Star(on),Nominal(a)))]
	Feat 2677	(c=8)	weight 8.6:	Bool[And(Or(Not(Nominal(a)),clear),Exists(on,Nominal(b)))]
	Feat 2746	(c=8)	weight 0.05087:	Bool[And(Forall(on,Not(Nominal(a))),And(clear,Nominal(b)))]
	Feat 3156	(c=7)	weight -0.1163:	Atom[handempty] Num[Forall(on,Exists(on,ontable))]
	Feat 3187	(c=8)	weight 0.000126:	Atom[handempty] Num[Or(Not(ontable),Or(clear,Nominal(a)))]
	Feat 3606	(c=8)	weight -0.104:	Bool[holding] Num[Or(And(Forall(on,<empty>),Nominal(b)),clear)]
	Feat 3624	(c=8)	weight 0.226:	Bool[holding] Num[Or(Exists(Inverse(on),clear),Nominal(b))]
	Feat 3642	(c=8)	weight 0.3245:	Bool[holding] Num[Forall(on,Not(Or(ontable,Nominal(b))))]
	Feat 3701	(c=8)	weight 0.07527:	Bool[holding] Bool[Exists(on,And(Not(ontable),Nominal(b)))]
	Feat 3890	(c=7)	weight -3.208:	Bool[And(clear,Nominal(b))] Bool[And(holding,Nominal(a))]
	Feat 3995	(c=8)	weight -0.04539:	Bool[And(holding,Nominal(a))] Num[Or(Not(Nominal(a)),holding)]
	Feat 4105	(c=8)	weight 0.2907:	Bool[And(holding,Nominal(b))] Num[Forall(Star(on),Nominal(a))]
	Feat 4265	(c=6)	weight 0.1535:	Bool[Exists(on,Nominal(b))] Num[Forall(on,<empty>)]
	Feat 4325	(c=8)	weight 0.8207:	Bool[Exists(on,Nominal(b))] Bool[Exists(Inverse(on),Nominal(b))]
	Feat 4462	(c=8)	weight -0.3069:	Bool[And(Forall(on,<empty>),Nominal(b))] Num[Or(holding,Nominal(a))]
	Feat 4484	(c=8)	weight 0.07964:	Bool[And(Not(clear),Nominal(a))] Num[Or(ontable,Nominal(b))]
	Feat 4653	(c=8)	weight -0.01015:	Bool[And(Forall(on,ontable),Nominal(a))] Num[Exists(on,<universe>)]
	Feat 4679	(c=8)	weight 0.204:	Bool[Exists(on,And(ontable,Nominal(b)))] Num[Forall(on,<empty>)]
	Feat 4696	(c=8)	weight -0.3952:	Bool[And(Forall(Star(on),Nominal(a)),Nominal(b))] Num[clear]
Score 0.8952400347284895
Lambda=6.89727e-10
	Intercept	-7.555564456553661
	Feat 0	(c=1)	weight -0.002032:	Atom[handempty]
	Feat 22	(c=3)	weight -5.629:	Bool[Exists(on,Nominal(b))]
	Feat 25	(c=3)	weight 0.7559:	Bool[Exists(on,Nominal(a))]
	Feat 45	(c=4)	weight 0.2579:	Bool[And(Forall(on,<empty>),Nominal(b))]
	Feat 204	(c=6)	weight 0.8005:	Num[Or(Not(Nominal(a)),Forall(on,ontable))]
	Feat 334	(c=6)	weight 0.754:	Num[Or(Not(clear),Exists(on,Nominal(a)))]
	Feat 485	(c=7)	weight 0.2813:	Num[Or(Exists(on,Exists(on,ontable)),Nominal(b))]
	Feat 569	(c=7)	weight -0.5468:	Num[Exists(Star(on),And(Not(Nominal(b)),ontable))]
	Feat 689	(c=7)	weight -1.075:	Num[Or(Forall(on,Or(ontable,Nominal(b))),Nominal(b))]
	Feat 1145	(c=8)	weight -0.3882:	Num[Or(Forall(Inverse(Star(on)),Not(Nominal(a))),ontable)]
	Feat 1151	(c=8)	weight 1.091:	Bool[And(Forall(on,Exists(Star(on),Nominal(a))),Nominal(b))]
	Feat 1159	(c=8)	weight -1.039:	Num[Or(Forall(Star(on),Or(Nominal(a),Nominal(b))),clear)]
	Feat 1290	(c=8)	weight 0.4572:	Num[Or(Exists(on,Exists(on,ontable)),Not(Nominal(b)))]
	Feat 1322	(c=8)	weight 0.004965:	Num[Or(And(Forall(on,Nominal(a)),Nominal(b)),Not(clear))]
	Feat 1422	(c=8)	weight 2.118:	Bool[And(Forall(on,Or(Not(Nominal(b)),ontable)),Nominal(a))]
	Feat 1454	(c=8)	weight -1.488:	Num[Or(Exists(on,And(Not(Nominal(a)),ontable)),holding)]
	Feat 1843	(c=8)	weight 1.03:	Num[Or(And(Not(Nominal(b)),Forall(on,Nominal(b))),clear)]
	Feat 1866	(c=8)	weight 0.7182:	Num[Not(And(Exists(on,Exists(on,Nominal(b))),clear))]
	Feat 2146	(c=8)	weight -0.8954:	Num[Not(And(Forall(on,Nominal(a)),Or(clear,ontable)))]
	Feat 2286	(c=8)	weight 0.1894:	Num[And(Not(Nominal(a)),Forall(Inverse(Star(on)),Nominal(b)))]
	Feat 2314	(c=8)	weight 2.039:	Num[Or(Or(Nominal(a),Nominal(b)),Exists(Inverse(on),clear))]
	Feat 2372	(c=8)	weight 0.9353:	Num[Or(And(holding,Nominal(a)),Exists(Star(on),Nominal(a)))]
	Feat 2430	(c=8)	weight -0.0002268:	Num[Or(And(Forall(on,<empty>),Nominal(b)),And(clear,Nominal(a)))]
	Feat 2677	(c=8)	weight 8.601:	Bool[And(Or(Not(Nominal(a)),clear),Exists(on,Nominal(b)))]
	Feat 2746	(c=8)	weight 0.05082:	Bool[And(Forall(on,Not(Nominal(a))),And(clear,Nominal(b)))]
	Feat 3156	(c=7)	weight -0.1165:	Atom[handempty] Num[Forall(on,Exists(on,ontable))]
	Feat 3187	(c=8)	weight 8.812e-05:	Atom[handempty] Num[Or(Not(ontable),Or(clear,Nominal(a)))]
	Feat 3606	(c=8)	weight -0.1041:	Bool[holding] Num[Or(And(Forall(on,<empty>),Nominal(b)),clear)]
	Feat 3624	(c=8)	weight 0.2257:	Bool[holding] Num[Or(Exists(Inverse(on),clear),Nominal(b))]
	Feat 3642	(c=8)	weight 0.3245:	Bool[holding] Num[Forall(on,Not(Or(ontable,Nominal(b))))]
	Feat 3701	(c=8)	weight 0.07483:	Bool[holding] Bool[Exists(on,And(Not(ontable),Nominal(b)))]
	Feat 3890	(c=7)	weight -3.208:	Bool[And(clear,Nominal(b))] Bool[And(holding,Nominal(a))]
	Feat 3995	(c=8)	weight -0.04548:	Bool[And(holding,Nominal(a))] Num[Or(Not(Nominal(a)),holding)]
	Feat 4105	(c=8)	weight 0.291:	Bool[And(holding,Nominal(b))] Num[Forall(Star(on),Nominal(a))]
	Feat 4265	(c=6)	weight 0.1536:	Bool[Exists(on,Nominal(b))] Num[Forall(on,<empty>)]
	Feat 4325	(c=8)	weight 0.8207:	Bool[Exists(on,Nominal(b))] Bool[Exists(Inverse(on),Nominal(b))]
	Feat 4462	(c=8)	weight -0.3069:	Bool[And(Forall(on,<empty>),Nominal(b))] Num[Or(holding,Nominal(a))]
	Feat 4484	(c=8)	weight 0.07973:	Bool[And(Not(clear),Nominal(a))] Num[Or(ontable,Nominal(b))]
	Feat 4653	(c=8)	weight -0.01034:	Bool[And(Forall(on,ontable),Nominal(a))] Num[Exists(on,<universe>)]
	Feat 4679	(c=8)	weight 0.2041:	Bool[Exists(on,And(ontable,Nominal(b)))] Num[Forall(on,<empty>)]
	Feat 4696	(c=8)	weight -0.3951:	Bool[And(Forall(Star(on),Nominal(a)),Nominal(b))] Num[clear]
Score 0.895240126642249
Lambda=1.5789e-10
	Intercept	-7.559505578557289
	Feat 0	(c=1)	weight -0.002345:	Atom[handempty]
	Feat 22	(c=3)	weight -5.629:	Bool[Exists(on,Nominal(b))]
	Feat 25	(c=3)	weight 0.7557:	Bool[Exists(on,Nominal(a))]
	Feat 45	(c=4)	weight 0.2577:	Bool[And(Forall(on,<empty>),Nominal(b))]
	Feat 204	(c=6)	weight 0.8009:	Num[Or(Not(Nominal(a)),Forall(on,ontable))]
	Feat 334	(c=6)	weight 0.7539:	Num[Or(Not(clear),Exists(on,Nominal(a)))]
	Feat 485	(c=7)	weight 0.2813:	Num[Or(Exists(on,Exists(on,ontable)),Nominal(b))]
	Feat 569	(c=7)	weight -0.5469:	Num[Exists(Star(on),And(Not(Nominal(b)),ontable))]
	Feat 689	(c=7)	weight -1.075:	Num[Or(Forall(on,Or(ontable,Nominal(b))),Nominal(b))]
	Feat 1145	(c=8)	weight -0.3881:	Num[Or(Forall(Inverse(Star(on)),Not(Nominal(a))),ontable)]
	Feat 1151	(c=8)	weight 1.091:	Bool[And(Forall(on,Exists(Star(on),Nominal(a))),Nominal(b))]
	Feat 1159	(c=8)	weight -1.039:	Num[Or(Forall(Star(on),Or(Nominal(a),Nominal(b))),clear)]
	Feat 1290	(c=8)	weight 0.4574:	Num[Or(Exists(on,Exists(on,ontable)),Not(Nominal(b)))]
	Feat 1322	(c=8)	weight 0.005256:	Num[Or(And(Forall(on,Nominal(a)),Nominal(b)),Not(clear))]
	Feat 1422	(c=8)	weight 2.118:	Bool[And(Forall(on,Or(Not(Nominal(b)),ontable)),Nominal(a))]
	Feat 1454	(c=8)	weight -1.488:	Num[Or(Exists(on,And(Not(Nominal(a)),ontable)),holding)]
	Feat 1843	(c=8)	weight 1.03:	Num[Or(And(Not(Nominal(b)),Forall(on,Nominal(b))),clear)]
	Feat 1866	(c=8)	weight 0.7182:	Num[Not(And(Exists(on,Exists(on,Nominal(b))),clear))]
	Feat 2146	(c=8)	weight -0.8954:	Num[Not(And(Forall(on,Nominal(a)),Or(clear,ontable)))]
	Feat 2286	(c=8)	weight 0.1892:	Num[And(Not(Nominal(a)),Forall(Inverse(Star(on)),Nominal(b)))]
	Feat 2314	(c=8)	weight 2.039:	Num[Or(Or(Nominal(a),Nominal(b)),Exists(Inverse(on),clear))]
	Feat 2372	(c=8)	weight 0.9353:	Num[Or(And(holding,Nominal(a)),Exists(Star(on),Nominal(a)))]
	Feat 2430	(c=8)	weight -0.0002643:	Num[Or(And(Forall(on,<empty>),Nominal(b)),And(clear,Nominal(a)))]
	Feat 2677	(c=8)	weight 8.601:	Bool[And(Or(Not(Nominal(a)),clear),Exists(on,Nominal(b)))]
	Feat 2746	(c=8)	weight 0.05098:	Bool[And(Forall(on,Not(Nominal(a))),And(clear,Nominal(b)))]
	Feat 3156	(c=7)	weight -0.1167:	Atom[handempty] Num[Forall(on,Exists(on,ontable))]
	Feat 3187	(c=8)	weight 0.000151:	Atom[handempty] Num[Or(Not(ontable),Or(clear,Nominal(a)))]
	Feat 3606	(c=8)	weight -0.1042:	Bool[holding] Num[Or(And(Forall(on,<empty>),Nominal(b)),clear)]
	Feat 3624	(c=8)	weight 0.2256:	Bool[holding] Num[Or(Exists(Inverse(on),clear),Nominal(b))]
	Feat 3642	(c=8)	weight 0.3245:	Bool[holding] Num[Forall(on,Not(Or(ontable,Nominal(b))))]
	Feat 3701	(c=8)	weight 0.07445:	Bool[holding] Bool[Exists(on,And(Not(ontable),Nominal(b)))]
	Feat 3890	(c=7)	weight -3.208:	Bool[And(clear,Nominal(b))] Bool[And(holding,Nominal(a))]
	Feat 3991	(c=8)	weight 0.0002884:	Bool[And(holding,Nominal(a))] Bool[And(Not(holding),Nominal(b))]
	Feat 3995	(c=8)	weight -0.04552:	Bool[And(holding,Nominal(a))] Num[Or(Not(Nominal(a)),holding)]
	Feat 4105	(c=8)	weight 0.291:	Bool[And(holding,Nominal(b))] Num[Forall(Star(on),Nominal(a))]
	Feat 4265	(c=6)	weight 0.1536:	Bool[Exists(on,Nominal(b))] Num[Forall(on,<empty>)]
	Feat 4325	(c=8)	weight 0.8205:	Bool[Exists(on,Nominal(b))] Bool[Exists(Inverse(on),Nominal(b))]
	Feat 4462	(c=8)	weight -0.3069:	Bool[And(Forall(on,<empty>),Nominal(b))] Num[Or(holding,Nominal(a))]
	Feat 4484	(c=8)	weight 0.07978:	Bool[And(Not(clear),Nominal(a))] Num[Or(ontable,Nominal(b))]
	Feat 4653	(c=8)	weight -0.01059:	Bool[And(Forall(on,ontable),Nominal(a))] Num[Exists(on,<universe>)]
	Feat 4679	(c=8)	weight 0.2041:	Bool[Exists(on,And(ontable,Nominal(b)))] Num[Forall(on,<empty>)]
	Feat 4696	(c=8)	weight -0.3952:	Bool[And(Forall(Star(on),Nominal(a)),Nominal(b))] Num[clear]
Score 0.8952401978353827
Lambda=1.25315e-10
	Intercept	-7.562910160499273
	Feat 0	(c=1)	weight -0.002664:	Atom[handempty]
	Feat 22	(c=3)	weight -5.629:	Bool[Exists(on,Nominal(b))]
	Feat 25	(c=3)	weight 0.7555:	Bool[Exists(on,Nominal(a))]
	Feat 45	(c=4)	weight 0.2577:	Bool[And(Forall(on,<empty>),Nominal(b))]
	Feat 204	(c=6)	weight 0.8018:	Num[Or(Not(Nominal(a)),Forall(on,ontable))]
	Feat 334	(c=6)	weight 0.7538:	Num[Or(Not(clear),Exists(on,Nominal(a)))]
	Feat 485	(c=7)	weight 0.2815:	Num[Or(Exists(on,Exists(on,ontable)),Nominal(b))]
	Feat 569	(c=7)	weight -0.547:	Num[Exists(Star(on),And(Not(Nominal(b)),ontable))]
	Feat 689	(c=7)	weight -1.075:	Num[Or(Forall(on,Or(ontable,Nominal(b))),Nominal(b))]
	Feat 1145	(c=8)	weight -0.3882:	Num[Or(Forall(Inverse(Star(on)),Not(Nominal(a))),ontable)]
	Feat 1151	(c=8)	weight 1.091:	Bool[And(Forall(on,Exists(Star(on),Nominal(a))),Nominal(b))]
	Feat 1159	(c=8)	weight -1.039:	Num[Or(Forall(Star(on),Or(Nominal(a),Nominal(b))),clear)]
	Feat 1290	(c=8)	weight 0.4575:	Num[Or(Exists(on,Exists(on,ontable)),Not(Nominal(b)))]
	Feat 1322	(c=8)	weight 0.005449:	Num[Or(And(Forall(on,Nominal(a)),Nominal(b)),Not(clear))]
	Feat 1422	(c=8)	weight 2.118:	Bool[And(Forall(on,Or(Not(Nominal(b)),ontable)),Nominal(a))]
	Feat 1454	(c=8)	weight -1.487:	Num[Or(Exists(on,And(Not(Nominal(a)),ontable)),holding)]
	Feat 1843	(c=8)	weight 1.03:	Num[Or(And(Not(Nominal(b)),Forall(on,Nominal(b))),clear)]
	Feat 1866	(c=8)	weight 0.7181:	Num[Not(And(Exists(on,Exists(on,Nominal(b))),clear))]
	Feat 2146	(c=8)	weight -0.8954:	Num[Not(And(Forall(on,Nominal(a)),Or(clear,ontable)))]
	Feat 2286	(c=8)	weight 0.1894:	Num[And(Not(Nominal(a)),Forall(Inverse(Star(on)),Nominal(b)))]
	Feat 2314	(c=8)	weight 2.039:	Num[Or(Or(Nominal(a),Nominal(b)),Exists(Inverse(on),clear))]
	Feat 2372	(c=8)	weight 0.9352:	Num[Or(And(holding,Nominal(a)),Exists(Star(on),Nominal(a)))]
	Feat 2430	(c=8)	weight -0.0002231:	Num[Or(And(Forall(on,<empty>),Nominal(b)),And(clear,Nominal(a)))]
	Feat 2677	(c=8)	weight 8.601:	Bool[And(Or(Not(Nominal(a)),clear),Exists(on,Nominal(b)))]
	Feat 2746	(c=8)	weight 0.05114:	Bool[And(Forall(on,Not(Nominal(a))),And(clear,Nominal(b)))]
	Feat 3156	(c=7)	weight -0.1169:	Atom[handempty] Num[Forall(on,Exists(on,ontable))]
	Feat 3187	(c=8)	weight 0.000194:	Atom[handempty] Num[Or(Not(ontable),Or(clear,Nominal(a)))]
	Feat 3606	(c=8)	weight -0.1044:	Bool[holding] Num[Or(And(Forall(on,<empty>),Nominal(b)),clear)]
	Feat 3624	(c=8)	weight 0.2256:	Bool[holding] Num[Or(Exists(Inverse(on),clear),Nominal(b))]
	Feat 3642	(c=8)	weight 0.3244:	Bool[holding] Num[Forall(on,Not(Or(ontable,Nominal(b))))]
	Feat 3701	(c=8)	weight 0.07433:	Bool[holding] Bool[Exists(on,And(Not(ontable),Nominal(b)))]
	Feat 3890	(c=7)	weight -3.208:	Bool[And(clear,Nominal(b))] Bool[And(holding,Nominal(a))]
	Feat 3995	(c=8)	weight -0.04549:	Bool[And(holding,Nominal(a))] Num[Or(Not(Nominal(a)),holding)]
	Feat 4105	(c=8)	weight 0.2913:	Bool[And(holding,Nominal(b))] Num[Forall(Star(on),Nominal(a))]
	Feat 4265	(c=6)	weight 0.1537:	Bool[Exists(on,Nominal(b))] Num[Forall(on,<empty>)]
	Feat 4325	(c=8)	weight 0.8206:	Bool[Exists(on,Nominal(b))] Bool[Exists(Inverse(on),Nominal(b))]
	Feat 4462	(c=8)	weight -0.3071:	Bool[And(Forall(on,<empty>),Nominal(b))] Num[Or(holding,Nominal(a))]
	Feat 4484	(c=8)	weight 0.07976:	Bool[And(Not(clear),Nominal(a))] Num[Or(ontable,Nominal(b))]
	Feat 4653	(c=8)	weight -0.01067:	Bool[And(Forall(on,ontable),Nominal(a))] Num[Exists(on,<universe>)]
	Feat 4679	(c=8)	weight 0.2042:	Bool[Exists(on,And(ontable,Nominal(b)))] Num[Forall(on,<empty>)]
	Feat 4696	(c=8)	weight -0.3952:	Bool[And(Forall(Star(on),Nominal(a)),Nominal(b))] Num[clear]
Score 0.8952402753203111
Lambda=3.15003e-11
	Intercept	-7.569849044517348
	Feat 0	(c=1)	weight -0.003074:	Atom[handempty]
	Feat 17	(c=3)	weight -5.899e-05:	Num[Or(ontable,Nominal(b))]
	Feat 22	(c=3)	weight -5.63:	Bool[Exists(on,Nominal(b))]
	Feat 25	(c=3)	weight 0.7555:	Bool[Exists(on,Nominal(a))]
	Feat 45	(c=4)	weight 0.2578:	Bool[And(Forall(on,<empty>),Nominal(b))]
	Feat 204	(c=6)	weight 0.8023:	Num[Or(Not(Nominal(a)),Forall(on,ontable))]
	Feat 334	(c=6)	weight 0.7538:	Num[Or(Not(clear),Exists(on,Nominal(a)))]
	Feat 485	(c=7)	weight 0.2817:	Num[Or(Exists(on,Exists(on,ontable)),Nominal(b))]
	Feat 569	(c=7)	weight -0.547:	Num[Exists(Star(on),And(Not(Nominal(b)),ontable))]
	Feat 689	(c=7)	weight -1.075:	Num[Or(Forall(on,Or(ontable,Nominal(b))),Nominal(b))]
	Feat 1145	(c=8)	weight -0.388:	Num[Or(Forall(Inverse(Star(on)),Not(Nominal(a))),ontable)]
	Feat 1151	(c=8)	weight 1.091:	Bool[And(Forall(on,Exists(Star(on),Nominal(a))),Nominal(b))]
	Feat 1159	(c=8)	weight -1.039:	Num[Or(Forall(Star(on),Or(Nominal(a),Nominal(b))),clear)]
	Feat 1290	(c=8)	weight 0.4577:	Num[Or(Exists(on,Exists(on,ontable)),Not(Nominal(b)))]
	Feat 1322	(c=8)	weight 0.00569:	Num[Or(And(Forall(on,Nominal(a)),Nominal(b)),Not(clear))]
	Feat 1422	(c=8)	weight 2.118:	Bool[And(Forall(on,Or(Not(Nominal(b)),ontable)),Nominal(a))]
	Feat 1454	(c=8)	weight -1.488:	Num[Or(Exists(on,And(Not(Nominal(a)),ontable)),holding)]
	Feat 1707	(c=8)	weight 7.837e-05:	Num[Or(Exists(on,Exists(on,Exists(on,<universe>))),Nominal(b))]
	Feat 1843	(c=8)	weight 1.03:	Num[Or(And(Not(Nominal(b)),Forall(on,Nominal(b))),clear)]
	Feat 1866	(c=8)	weight 0.7181:	Num[Not(And(Exists(on,Exists(on,Nominal(b))),clear))]
	Feat 2146	(c=8)	weight -0.8954:	Num[Not(And(Forall(on,Nominal(a)),Or(clear,ontable)))]
	Feat 2286	(c=8)	weight 0.1894:	Num[And(Not(Nominal(a)),Forall(Inverse(Star(on)),Nominal(b)))]
	Feat 2314	(c=8)	weight 2.039:	Num[Or(Or(Nominal(a),Nominal(b)),Exists(Inverse(on),clear))]
	Feat 2372	(c=8)	weight 0.9353:	Num[Or(And(holding,Nominal(a)),Exists(Star(on),Nominal(a)))]
	Feat 2430	(c=8)	weight -0.0001602:	Num[Or(And(Forall(on,<empty>),Nominal(b)),And(clear,Nominal(a)))]
	Feat 2677	(c=8)	weight 8.601:	Bool[And(Or(Not(Nominal(a)),clear),Exists(on,Nominal(b)))]
	Feat 2746	(c=8)	weight 0.05135:	Bool[And(Forall(on,Not(Nominal(a))),And(clear,Nominal(b)))]
	Feat 3156	(c=7)	weight -0.1171:	Atom[handempty] Num[Forall(on,Exists(on,ontable))]
	Feat 3187	(c=8)	weight 0.0002516:	Atom[handempty] Num[Or(Not(ontable),Or(clear,Nominal(a)))]
	Feat 3606	(c=8)	weight -0.1047:	Bool[holding] Num[Or(And(Forall(on,<empty>),Nominal(b)),clear)]
	Feat 3624	(c=8)	weight 0.2256:	Bool[holding] Num[Or(Exists(Inverse(on),clear),Nominal(b))]
	Feat 3642	(c=8)	weight 0.3243:	Bool[holding] Num[Forall(on,Not(Or(ontable,Nominal(b))))]
	Feat 3701	(c=8)	weight 0.0742:	Bool[holding] Bool[Exists(on,And(Not(ontable),Nominal(b)))]
	Feat 3890	(c=7)	weight -3.208:	Bool[And(clear,Nominal(b))] Bool[And(holding,Nominal(a))]
	Feat 3991	(c=8)	weight 0.0001313:	Bool[And(holding,Nominal(a))] Bool[And(Not(holding),Nominal(b))]
	Feat 3995	(c=8)	weight -0.04551:	Bool[And(holding,Nominal(a))] Num[Or(Not(Nominal(a)),holding)]
	Feat 4105	(c=8)	weight 0.2915:	Bool[And(holding,Nominal(b))] Num[Forall(Star(on),Nominal(a))]
	Feat 4265	(c=6)	weight 0.1539:	Bool[Exists(on,Nominal(b))] Num[Forall(on,<empty>)]
	Feat 4325	(c=8)	weight 0.8206:	Bool[Exists(on,Nominal(b))] Bool[Exists(Inverse(on),Nominal(b))]
	Feat 4462	(c=8)	weight -0.3073:	Bool[And(Forall(on,<empty>),Nominal(b))] Num[Or(holding,Nominal(a))]
	Feat 4484	(c=8)	weight 0.0798:	Bool[And(Not(clear),Nominal(a))] Num[Or(ontable,Nominal(b))]
	Feat 4653	(c=8)	weight -0.01086:	Bool[And(Forall(on,ontable),Nominal(a))] Num[Exists(on,<universe>)]
	Feat 4679	(c=8)	weight 0.2042:	Bool[Exists(on,And(ontable,Nominal(b)))] Num[Forall(on,<empty>)]
	Feat 4696	(c=8)	weight -0.3953:	Bool[And(Forall(Star(on),Nominal(a)),Nominal(b))] Num[clear]
Score 0.8952403440149518
