Considering 68 features
L0Learn Method
----------

Lambda=0.146075
	Intercept	6.108652826185786
Score 0.0
Lambda=0.144615
	Intercept	4.229371377391085
	Feat 2372	(c=8)	weight 1.362:	Num[Or(And(holding,Nominal(a)),Exists(Star(on),Nominal(a)))]
Score 0.2921507167018943
Lambda=0.112278
	Intercept	2.3153707927026366
	Feat 2372	(c=8)	weight 1.396:	Num[Or(And(holding,Nominal(a)),Exists(Star(on),Nominal(a)))]
	Feat 2677	(c=8)	weight 3.483:	Bool[And(Or(Not(Nominal(a)),clear),Exists(on,Nominal(b)))]
Score 0.5191590789171764
Lambda=0.0652252
	Intercept	-2.7927440938945303
	Feat 1422	(c=8)	weight 5.606:	Bool[And(Forall(on,Or(Not(Nominal(b)),ontable)),Nominal(a))]
	Feat 2372	(c=8)	weight 1.334:	Num[Or(And(holding,Nominal(a)),Exists(Star(on),Nominal(a)))]
	Feat 2677	(c=8)	weight 3.341:	Bool[And(Or(Not(Nominal(a)),clear),Exists(on,Nominal(b)))]
Score 0.6518746667865755
Lambda=0.0215283
	Intercept	1.4963573951869487
	Feat 689	(c=7)	weight -0.7568:	Num[Or(Forall(on,Or(ontable,Nominal(b))),Nominal(b))]
	Feat 1422	(c=8)	weight 5.55:	Bool[And(Forall(on,Or(Not(Nominal(b)),ontable)),Nominal(a))]
	Feat 2372	(c=8)	weight 1.118:	Num[Or(And(holding,Nominal(a)),Exists(Star(on),Nominal(a)))]
	Feat 2677	(c=8)	weight 3.332:	Bool[And(Or(Not(Nominal(a)),clear),Exists(on,Nominal(b)))]
Score 0.7018017521011344
Lambda=0.00965479
	Intercept	1.664535683627368
	Feat 689	(c=7)	weight -0.9347:	Num[Or(Forall(on,Or(ontable,Nominal(b))),Nominal(b))]
	Feat 769	(c=7)	weight 0.9056:	Num[Or(And(Or(clear,ontable),Nominal(a)),holding)]
	Feat 1422	(c=8)	weight 5.295:	Bool[And(Forall(on,Or(Not(Nominal(b)),ontable)),Nominal(a))]
	Feat 2372	(c=8)	weight 1.182:	Num[Or(And(holding,Nominal(a)),Exists(Star(on),Nominal(a)))]
	Feat 2677	(c=8)	weight 3.325:	Bool[And(Or(Not(Nominal(a)),clear),Exists(on,Nominal(b)))]
Score 0.7254037516969126
Lambda=0.00775024
	Intercept	2.0979202879514576
	Feat 689	(c=7)	weight -1.124:	Num[Or(Forall(on,Or(ontable,Nominal(b))),Nominal(b))]
	Feat 769	(c=7)	weight 1.057:	Num[Or(And(Or(clear,ontable),Nominal(a)),holding)]
	Feat 1422	(c=8)	weight 5.116:	Bool[And(Forall(on,Or(Not(Nominal(b)),ontable)),Nominal(a))]
	Feat 2372	(c=8)	weight 0.9313:	Num[Or(And(holding,Nominal(a)),Exists(Star(on),Nominal(a)))]
	Feat 2677	(c=8)	weight 3.65:	Bool[And(Or(Not(Nominal(a)),clear),Exists(on,Nominal(b)))]
	Feat 4338	(c=6)	weight 0.4762:	Bool[Exists(on,Nominal(a))] Num[Forall(on,<empty>)]
Score 0.7493121886964553
Lambda=0.00512231
	Intercept	2.304765028283568
	Feat 689	(c=7)	weight -1.194:	Num[Or(Forall(on,Or(ontable,Nominal(b))),Nominal(b))]
	Feat 769	(c=7)	weight 1.094:	Num[Or(And(Or(clear,ontable),Nominal(a)),holding)]
	Feat 1422	(c=8)	weight 5.337:	Bool[And(Forall(on,Or(Not(Nominal(b)),ontable)),Nominal(a))]
	Feat 2372	(c=8)	weight 0.8242:	Num[Or(And(holding,Nominal(a)),Exists(Star(on),Nominal(a)))]
	Feat 2677	(c=8)	weight 4.046:	Bool[And(Or(Not(Nominal(a)),clear),Exists(on,Nominal(b)))]
	Feat 4338	(c=6)	weight 0.54:	Bool[Exists(on,Nominal(a))] Num[Forall(on,<empty>)]
	Feat 4679	(c=8)	weight -0.3618:	Bool[Exists(on,And(ontable,Nominal(b)))] Num[Forall(on,<empty>)]
Score 0.7626954198443187
Lambda=0.00428602
	Intercept	3.0157421792238686
	Feat 485	(c=7)	weight -0.8483:	Num[Or(Exists(on,Exists(on,ontable)),Nominal(b))]
	Feat 689	(c=7)	weight -1.541:	Num[Or(Forall(on,Or(ontable,Nominal(b))),Nominal(b))]
	Feat 769	(c=7)	weight 1.081:	Num[Or(And(Or(clear,ontable),Nominal(a)),holding)]
	Feat 1422	(c=8)	weight 4.901:	Bool[And(Forall(on,Or(Not(Nominal(b)),ontable)),Nominal(a))]
	Feat 2314	(c=8)	weight 0.8657:	Num[Or(Or(Nominal(a),Nominal(b)),Exists(Inverse(on),clear))]
	Feat 2372	(c=8)	weight 0.6795:	Num[Or(And(holding,Nominal(a)),Exists(Star(on),Nominal(a)))]
	Feat 2677	(c=8)	weight 4.664:	Bool[And(Or(Not(Nominal(a)),clear),Exists(on,Nominal(b)))]
	Feat 4338	(c=6)	weight 0.7655:	Bool[Exists(on,Nominal(a))] Num[Forall(on,<empty>)]
	Feat 4679	(c=8)	weight -0.4612:	Bool[Exists(on,And(ontable,Nominal(b)))] Num[Forall(on,<empty>)]
Score 0.7872926549697172
Lambda=0.00263261
	Intercept	2.1641002121386848
	Feat 347	(c=6)	weight 7.077:	Bool[And(Forall(on,<empty>),And(clear,Nominal(b)))]
	Feat 689	(c=7)	weight -0.9118:	Num[Or(Forall(on,Or(ontable,Nominal(b))),Nominal(b))]
	Feat 769	(c=7)	weight 0.6094:	Num[Or(And(Or(clear,ontable),Nominal(a)),holding)]
	Feat 1422	(c=8)	weight 1.898:	Bool[And(Forall(on,Or(Not(Nominal(b)),ontable)),Nominal(a))]
	Feat 1816	(c=8)	weight -2.645:	Num[Or(And(Forall(Inverse(on),clear),Nominal(b)),Nominal(a))]
	Feat 2286	(c=8)	weight 0.2853:	Num[And(Not(Nominal(a)),Forall(Inverse(Star(on)),Nominal(b)))]
	Feat 2372	(c=8)	weight 1.073:	Num[Or(And(holding,Nominal(a)),Exists(Star(on),Nominal(a)))]
	Feat 2643	(c=8)	weight 7.527:	Bool[And(And(Not(ontable),Nominal(b)),Forall(Inverse(on),<empty>))]
	Feat 2677	(c=8)	weight 9.142:	Bool[And(Or(Not(Nominal(a)),clear),Exists(on,Nominal(b)))]
	Feat 3890	(c=7)	weight -2.596:	Bool[And(clear,Nominal(b))] Bool[And(holding,Nominal(a))]
	Feat 4338	(c=6)	weight 0.3645:	Bool[Exists(on,Nominal(a))] Num[Forall(on,<empty>)]
Score 0.8671528480129134
Lambda=0.00161725
	Intercept	-4.432713249233835
	Feat 347	(c=6)	weight 7.229:	Bool[And(Forall(on,<empty>),And(clear,Nominal(b)))]
	Feat 689	(c=7)	weight -0.7616:	Num[Or(Forall(on,Or(ontable,Nominal(b))),Nominal(b))]
	Feat 769	(c=7)	weight 0.604:	Num[Or(And(Or(clear,ontable),Nominal(a)),holding)]
	Feat 1422	(c=8)	weight 1.914:	Bool[And(Forall(on,Or(Not(Nominal(b)),ontable)),Nominal(a))]
	Feat 1816	(c=8)	weight -3.224:	Num[Or(And(Forall(Inverse(on),clear),Nominal(b)),Nominal(a))]
	Feat 1866	(c=8)	weight 1.003:	Num[Not(And(Exists(on,Exists(on,Nominal(b))),clear))]
	Feat 2286	(c=8)	weight 0.2131:	Num[And(Not(Nominal(a)),Forall(Inverse(Star(on)),Nominal(b)))]
	Feat 2372	(c=8)	weight 1.088:	Num[Or(And(holding,Nominal(a)),Exists(Star(on),Nominal(a)))]
	Feat 2643	(c=8)	weight 7.65:	Bool[And(And(Not(ontable),Nominal(b)),Forall(Inverse(on),<empty>))]
	Feat 2677	(c=8)	weight 9.125:	Bool[And(Or(Not(Nominal(a)),clear),Exists(on,Nominal(b)))]
	Feat 3890	(c=7)	weight -2.636:	Bool[And(clear,Nominal(b))] Bool[And(holding,Nominal(a))]
	Feat 4338	(c=6)	weight 0.3756:	Bool[Exists(on,Nominal(a))] Num[Forall(on,<empty>)]
Score 0.8728844774669209
Lambda=0.00107911
	Intercept	-5.112290000306174
	Feat 347	(c=6)	weight 7.478:	Bool[And(Forall(on,<empty>),And(clear,Nominal(b)))]
	Feat 689	(c=7)	weight -0.7284:	Num[Or(Forall(on,Or(ontable,Nominal(b))),Nominal(b))]
	Feat 769	(c=7)	weight 0.616:	Num[Or(And(Or(clear,ontable),Nominal(a)),holding)]
	Feat 1151	(c=8)	weight 0.9331:	Bool[And(Forall(on,Exists(Star(on),Nominal(a))),Nominal(b))]
	Feat 1422	(c=8)	weight 1.998:	Bool[And(Forall(on,Or(Not(Nominal(b)),ontable)),Nominal(a))]
	Feat 1816	(c=8)	weight -3.354:	Num[Or(And(Forall(Inverse(on),clear),Nominal(b)),Nominal(a))]
	Feat 1866	(c=8)	weight 1.094:	Num[Not(And(Exists(on,Exists(on,Nominal(b))),clear))]
	Feat 2286	(c=8)	weight 0.317:	Num[And(Not(Nominal(a)),Forall(Inverse(Star(on)),Nominal(b)))]
	Feat 2372	(c=8)	weight 0.9302:	Num[Or(And(holding,Nominal(a)),Exists(Star(on),Nominal(a)))]
	Feat 2643	(c=8)	weight 7.344:	Bool[And(And(Not(ontable),Nominal(b)),Forall(Inverse(on),<empty>))]
	Feat 2677	(c=8)	weight 9.055:	Bool[And(Or(Not(Nominal(a)),clear),Exists(on,Nominal(b)))]
	Feat 3890	(c=7)	weight -2.549:	Bool[And(clear,Nominal(b))] Bool[And(holding,Nominal(a))]
	Feat 4338	(c=6)	weight 0.4198:	Bool[Exists(on,Nominal(a))] Num[Forall(on,<empty>)]
	Feat 4696	(c=8)	weight -0.43:	Bool[And(Forall(Star(on),Nominal(a)),Nominal(b))] Num[clear]
Score 0.8836584412259271
Lambda=0.000562483
	Intercept	-4.825114542409002
	Feat 347	(c=6)	weight 7.431:	Bool[And(Forall(on,<empty>),And(clear,Nominal(b)))]
	Feat 689	(c=7)	weight -0.7479:	Num[Or(Forall(on,Or(ontable,Nominal(b))),Nominal(b))]
	Feat 769	(c=7)	weight 0.4883:	Num[Or(And(Or(clear,ontable),Nominal(a)),holding)]
	Feat 1151	(c=8)	weight 1.03:	Bool[And(Forall(on,Exists(Star(on),Nominal(a))),Nominal(b))]
	Feat 1422	(c=8)	weight 1.911:	Bool[And(Forall(on,Or(Not(Nominal(b)),ontable)),Nominal(a))]
	Feat 1816	(c=8)	weight -3.348:	Num[Or(And(Forall(Inverse(on),clear),Nominal(b)),Nominal(a))]
	Feat 1866	(c=8)	weight 1.097:	Num[Not(And(Exists(on,Exists(on,Nominal(b))),clear))]
	Feat 2286	(c=8)	weight 0.3069:	Num[And(Not(Nominal(a)),Forall(Inverse(Star(on)),Nominal(b)))]
	Feat 2372	(c=8)	weight 0.8766:	Num[Or(And(holding,Nominal(a)),Exists(Star(on),Nominal(a)))]
	Feat 2643	(c=8)	weight 7.283:	Bool[And(And(Not(ontable),Nominal(b)),Forall(Inverse(on),<empty>))]
	Feat 2677	(c=8)	weight 9.006:	Bool[And(Or(Not(Nominal(a)),clear),Exists(on,Nominal(b)))]
	Feat 3890	(c=7)	weight -2.4:	Bool[And(clear,Nominal(b))] Bool[And(holding,Nominal(a))]
	Feat 4179	(c=8)	weight 0.4204:	Bool[And(ontable,Nominal(a))] Bool[And(Forall(on,<empty>),Nominal(a))]
	Feat 4338	(c=6)	weight 0.4088:	Bool[Exists(on,Nominal(a))] Num[Forall(on,<empty>)]
	Feat 4696	(c=8)	weight -0.461:	Bool[And(Forall(Star(on),Nominal(a)),Nominal(b))] Num[clear]
Score 0.8855052614817558
Lambda=0.00035427
	Intercept	-6.506082499177193
	Feat 347	(c=6)	weight 8.553:	Bool[And(Forall(on,<empty>),And(clear,Nominal(b)))]
	Feat 473	(c=7)	weight -1.617:	Bool[And(Forall(on,Exists(on,Nominal(a))),Nominal(b))]
	Feat 689	(c=7)	weight -0.7662:	Num[Or(Forall(on,Or(ontable,Nominal(b))),Nominal(b))]
	Feat 769	(c=7)	weight 0.5369:	Num[Or(And(Or(clear,ontable),Nominal(a)),holding)]
	Feat 1151	(c=8)	weight 1.908:	Bool[And(Forall(on,Exists(Star(on),Nominal(a))),Nominal(b))]
	Feat 1422	(c=8)	weight 2.157:	Bool[And(Forall(on,Or(Not(Nominal(b)),ontable)),Nominal(a))]
	Feat 1816	(c=8)	weight -3.447:	Num[Or(And(Forall(Inverse(on),clear),Nominal(b)),Nominal(a))]
	Feat 1866	(c=8)	weight 1.168:	Num[Not(And(Exists(on,Exists(on,Nominal(b))),clear))]
	Feat 2286	(c=8)	weight 0.4234:	Num[And(Not(Nominal(a)),Forall(Inverse(Star(on)),Nominal(b)))]
	Feat 2372	(c=8)	weight 0.7426:	Num[Or(And(holding,Nominal(a)),Exists(Star(on),Nominal(a)))]
	Feat 2476	(c=8)	weight 0.9681:	Num[Or(And(Not(clear),Nominal(b)),Exists(on,Nominal(a)))]
	Feat 2643	(c=8)	weight 7.823:	Bool[And(And(Not(ontable),Nominal(b)),Forall(Inverse(on),<empty>))]
	Feat 2677	(c=8)	weight 9.082:	Bool[And(Or(Not(Nominal(a)),clear),Exists(on,Nominal(b)))]
	Feat 3890	(c=7)	weight -2.824:	Bool[And(clear,Nominal(b))] Bool[And(holding,Nominal(a))]
	Feat 3995	(c=8)	weight 0.1068:	Bool[And(holding,Nominal(a))] Num[Or(Not(Nominal(a)),holding)]
	Feat 4179	(c=8)	weight 0.3663:	Bool[And(ontable,Nominal(a))] Bool[And(Forall(on,<empty>),Nominal(a))]
	Feat 4338	(c=6)	weight 0.2132:	Bool[Exists(on,Nominal(a))] Num[Forall(on,<empty>)]
	Feat 4696	(c=8)	weight -0.3338:	Bool[And(Forall(Star(on),Nominal(a)),Nominal(b))] Num[clear]
Score 0.896749612384813
Lambda=0.00029988
	Intercept	-5.181897556010327
	Feat 347	(c=6)	weight 8.283:	Bool[And(Forall(on,<empty>),And(clear,Nominal(b)))]
	Feat 473	(c=7)	weight -1.894:	Bool[And(Forall(on,Exists(on,Nominal(a))),Nominal(b))]
	Feat 485	(c=7)	weight -0.3111:	Num[Or(Exists(on,Exists(on,ontable)),Nominal(b))]
	Feat 689	(c=7)	weight -0.9924:	Num[Or(Forall(on,Or(ontable,Nominal(b))),Nominal(b))]
	Feat 769	(c=7)	weight 0.5291:	Num[Or(And(Or(clear,ontable),Nominal(a)),holding)]
	Feat 1145	(c=8)	weight -0.1489:	Num[Or(Forall(Inverse(Star(on)),Not(Nominal(a))),ontable)]
	Feat 1151	(c=8)	weight 1.994:	Bool[And(Forall(on,Exists(Star(on),Nominal(a))),Nominal(b))]
	Feat 1422	(c=8)	weight 2.267:	Bool[And(Forall(on,Or(Not(Nominal(b)),ontable)),Nominal(a))]
	Feat 1816	(c=8)	weight -2.898:	Num[Or(And(Forall(Inverse(on),clear),Nominal(b)),Nominal(a))]
	Feat 1866	(c=8)	weight 0.9686:	Num[Not(And(Exists(on,Exists(on,Nominal(b))),clear))]
	Feat 2286	(c=8)	weight 0.5879:	Num[And(Not(Nominal(a)),Forall(Inverse(Star(on)),Nominal(b)))]
	Feat 2314	(c=8)	weight 0.4365:	Num[Or(Or(Nominal(a),Nominal(b)),Exists(Inverse(on),clear))]
	Feat 2372	(c=8)	weight 0.6949:	Num[Or(And(holding,Nominal(a)),Exists(Star(on),Nominal(a)))]
	Feat 2476	(c=8)	weight 1.161:	Num[Or(And(Not(clear),Nominal(b)),Exists(on,Nominal(a)))]
	Feat 2643	(c=8)	weight 7.246:	Bool[And(And(Not(ontable),Nominal(b)),Forall(Inverse(on),<empty>))]
	Feat 2677	(c=8)	weight 9.059:	Bool[And(Or(Not(Nominal(a)),clear),Exists(on,Nominal(b)))]
	Feat 3890	(c=7)	weight -2.879:	Bool[And(clear,Nominal(b))] Bool[And(holding,Nominal(a))]
	Feat 3995	(c=8)	weight 0.1471:	Bool[And(holding,Nominal(a))] Num[Or(Not(Nominal(a)),holding)]
	Feat 4179	(c=8)	weight 0.4684:	Bool[And(ontable,Nominal(a))] Bool[And(Forall(on,<empty>),Nominal(a))]
	Feat 4338	(c=6)	weight 0.2354:	Bool[Exists(on,Nominal(a))] Num[Forall(on,<empty>)]
	Feat 4696	(c=8)	weight -0.3436:	Bool[And(Forall(Star(on),Nominal(a)),Nominal(b))] Num[clear]
Score 0.9007429742961015
Lambda=0.000155742
	Intercept	-7.818835677825044
	Feat 347	(c=6)	weight 8.501:	Bool[And(Forall(on,<empty>),And(clear,Nominal(b)))]
	Feat 473	(c=7)	weight -2.066:	Bool[And(Forall(on,Exists(on,Nominal(a))),Nominal(b))]
	Feat 485	(c=7)	weight -0.202:	Num[Or(Exists(on,Exists(on,ontable)),Nominal(b))]
	Feat 569	(c=7)	weight -0.2025:	Num[Exists(Star(on),And(Not(Nominal(b)),ontable))]
	Feat 689	(c=7)	weight -0.856:	Num[Or(Forall(on,Or(ontable,Nominal(b))),Nominal(b))]
	Feat 769	(c=7)	weight 0.3258:	Num[Or(And(Or(clear,ontable),Nominal(a)),holding)]
	Feat 1145	(c=8)	weight -0.2023:	Num[Or(Forall(Inverse(Star(on)),Not(Nominal(a))),ontable)]
	Feat 1151	(c=8)	weight 1.894:	Bool[And(Forall(on,Exists(Star(on),Nominal(a))),Nominal(b))]
	Feat 1290	(c=8)	weight 0.2415:	Num[Or(Exists(on,Exists(on,ontable)),Not(Nominal(b)))]
	Feat 1322	(c=8)	weight 0.3756:	Num[Or(And(Forall(on,Nominal(a)),Nominal(b)),Not(clear))]
	Feat 1422	(c=8)	weight 2.202:	Bool[And(Forall(on,Or(Not(Nominal(b)),ontable)),Nominal(a))]
	Feat 1816	(c=8)	weight -2.661:	Num[Or(And(Forall(Inverse(on),clear),Nominal(b)),Nominal(a))]
	Feat 1866	(c=8)	weight 0.8039:	Num[Not(And(Exists(on,Exists(on,Nominal(b))),clear))]
	Feat 2286	(c=8)	weight 0.6893:	Num[And(Not(Nominal(a)),Forall(Inverse(Star(on)),Nominal(b)))]
	Feat 2314	(c=8)	weight 0.4665:	Num[Or(Or(Nominal(a),Nominal(b)),Exists(Inverse(on),clear))]
	Feat 2372	(c=8)	weight 0.7443:	Num[Or(And(holding,Nominal(a)),Exists(Star(on),Nominal(a)))]
	Feat 2476	(c=8)	weight 1.295:	Num[Or(And(Not(clear),Nominal(b)),Exists(on,Nominal(a)))]
	Feat 2643	(c=8)	weight 7.437:	Bool[And(And(Not(ontable),Nominal(b)),Forall(Inverse(on),<empty>))]
	Feat 2677	(c=8)	weight 9.175:	Bool[And(Or(Not(Nominal(a)),clear),Exists(on,Nominal(b)))]
	Feat 3890	(c=7)	weight -2.929:	Bool[And(clear,Nominal(b))] Bool[And(holding,Nominal(a))]
	Feat 3995	(c=8)	weight 0.121:	Bool[And(holding,Nominal(a))] Num[Or(Not(Nominal(a)),holding)]
	Feat 4179	(c=8)	weight 0.6408:	Bool[And(ontable,Nominal(a))] Bool[And(Forall(on,<empty>),Nominal(a))]
	Feat 4338	(c=6)	weight 0.1123:	Bool[Exists(on,Nominal(a))] Num[Forall(on,<empty>)]
	Feat 4696	(c=8)	weight -0.2978:	Bool[And(Forall(Star(on),Nominal(a)),Nominal(b))] Num[clear]
Score 0.9035007175190525
Lambda=7.90014e-05
	Intercept	-11.34481257657922
	Feat 204	(c=6)	weight 0.4547:	Num[Or(Not(Nominal(a)),Forall(on,ontable))]
	Feat 347	(c=6)	weight 7.954:	Bool[And(Forall(on,<empty>),And(clear,Nominal(b)))]
	Feat 473	(c=7)	weight -1.982:	Bool[And(Forall(on,Exists(on,Nominal(a))),Nominal(b))]
	Feat 569	(c=7)	weight -0.4344:	Num[Exists(Star(on),And(Not(Nominal(b)),ontable))]
	Feat 689	(c=7)	weight -0.4718:	Num[Or(Forall(on,Or(ontable,Nominal(b))),Nominal(b))]
	Feat 769	(c=7)	weight 0.3264:	Num[Or(And(Or(clear,ontable),Nominal(a)),holding)]
	Feat 1145	(c=8)	weight -0.3771:	Num[Or(Forall(Inverse(Star(on)),Not(Nominal(a))),ontable)]
	Feat 1151	(c=8)	weight 1.985:	Bool[And(Forall(on,Exists(Star(on),Nominal(a))),Nominal(b))]
	Feat 1159	(c=8)	weight -0.6143:	Num[Or(Forall(Star(on),Or(Nominal(a),Nominal(b))),clear)]
	Feat 1210	(c=8)	weight 0.1005:	Num[And(Forall(on,Exists(on,Nominal(a))),Not(Nominal(a)))]
	Feat 1290	(c=8)	weight 0.4753:	Num[Or(Exists(on,Exists(on,ontable)),Not(Nominal(b)))]
	Feat 1322	(c=8)	weight 0.4918:	Num[Or(And(Forall(on,Nominal(a)),Nominal(b)),Not(clear))]
	Feat 1422	(c=8)	weight 2.184:	Bool[And(Forall(on,Or(Not(Nominal(b)),ontable)),Nominal(a))]
	Feat 1450	(c=8)	weight 0.6081:	Bool[And(Exists(on,And(Not(Nominal(a)),ontable)),Nominal(b))]
	Feat 1816	(c=8)	weight -2.424:	Num[Or(And(Forall(Inverse(on),clear),Nominal(b)),Nominal(a))]
	Feat 1866	(c=8)	weight 0.6857:	Num[Not(And(Exists(on,Exists(on,Nominal(b))),clear))]
	Feat 2286	(c=8)	weight 0.6446:	Num[And(Not(Nominal(a)),Forall(Inverse(Star(on)),Nominal(b)))]
	Feat 2314	(c=8)	weight 0.7388:	Num[Or(Or(Nominal(a),Nominal(b)),Exists(Inverse(on),clear))]
	Feat 2372	(c=8)	weight 0.8066:	Num[Or(And(holding,Nominal(a)),Exists(Star(on),Nominal(a)))]
	Feat 2476	(c=8)	weight 1.132:	Num[Or(And(Not(clear),Nominal(b)),Exists(on,Nominal(a)))]
	Feat 2643	(c=8)	weight 7.33:	Bool[And(And(Not(ontable),Nominal(b)),Forall(Inverse(on),<empty>))]
	Feat 2677	(c=8)	weight 9.025:	Bool[And(Or(Not(Nominal(a)),clear),Exists(on,Nominal(b)))]
	Feat 3890	(c=7)	weight -2.895:	Bool[And(clear,Nominal(b))] Bool[And(holding,Nominal(a))]
	Feat 3995	(c=8)	weight 0.127:	Bool[And(holding,Nominal(a))] Num[Or(Not(Nominal(a)),holding)]
	Feat 4179	(c=8)	weight 0.8892:	Bool[And(ontable,Nominal(a))] Bool[And(Forall(on,<empty>),Nominal(a))]
	Feat 4338	(c=6)	weight 0.2097:	Bool[Exists(on,Nominal(a))] Num[Forall(on,<empty>)]
	Feat 4696	(c=8)	weight -0.07891:	Bool[And(Forall(Star(on),Nominal(a)),Nominal(b))] Num[clear]
Score 0.9075187569409264
Lambda=2.35413e-05
	Intercept	-14.420513271100596
	Feat 204	(c=6)	weight 0.5282:	Num[Or(Not(Nominal(a)),Forall(on,ontable))]
	Feat 347	(c=6)	weight 8.247:	Bool[And(Forall(on,<empty>),And(clear,Nominal(b)))]
	Feat 473	(c=7)	weight -1.975:	Bool[And(Forall(on,Exists(on,Nominal(a))),Nominal(b))]
	Feat 485	(c=7)	weight 0.6548:	Num[Or(Exists(on,Exists(on,ontable)),Nominal(b))]
	Feat 569	(c=7)	weight -0.4988:	Num[Exists(Star(on),And(Not(Nominal(b)),ontable))]
	Feat 689	(c=7)	weight -0.5502:	Num[Or(Forall(on,Or(ontable,Nominal(b))),Nominal(b))]
	Feat 769	(c=7)	weight 0.3895:	Num[Or(And(Or(clear,ontable),Nominal(a)),holding)]
	Feat 918	(c=7)	weight 0.5826:	Num[And(Exists(on,ontable),Or(clear,Nominal(b)))]
	Feat 1145	(c=8)	weight -0.4382:	Num[Or(Forall(Inverse(Star(on)),Not(Nominal(a))),ontable)]
	Feat 1151	(c=8)	weight 2.055:	Bool[And(Forall(on,Exists(Star(on),Nominal(a))),Nominal(b))]
	Feat 1159	(c=8)	weight -0.8108:	Num[Or(Forall(Star(on),Or(Nominal(a),Nominal(b))),clear)]
	Feat 1210	(c=8)	weight 0.3547:	Num[And(Forall(on,Exists(on,Nominal(a))),Not(Nominal(a)))]
	Feat 1290	(c=8)	weight 1.16:	Num[Or(Exists(on,Exists(on,ontable)),Not(Nominal(b)))]
	Feat 1322	(c=8)	weight 0.3919:	Num[Or(And(Forall(on,Nominal(a)),Nominal(b)),Not(clear))]
	Feat 1422	(c=8)	weight 2.218:	Bool[And(Forall(on,Or(Not(Nominal(b)),ontable)),Nominal(a))]
	Feat 1450	(c=8)	weight 0.1766:	Bool[And(Exists(on,And(Not(Nominal(a)),ontable)),Nominal(b))]
	Feat 1816	(c=8)	weight -2.671:	Num[Or(And(Forall(Inverse(on),clear),Nominal(b)),Nominal(a))]
	Feat 1866	(c=8)	weight 0.6414:	Num[Not(And(Exists(on,Exists(on,Nominal(b))),clear))]
	Feat 2286	(c=8)	weight 0.5987:	Num[And(Not(Nominal(a)),Forall(Inverse(Star(on)),Nominal(b)))]
	Feat 2314	(c=8)	weight 0.4866:	Num[Or(Or(Nominal(a),Nominal(b)),Exists(Inverse(on),clear))]
	Feat 2372	(c=8)	weight 0.847:	Num[Or(And(holding,Nominal(a)),Exists(Star(on),Nominal(a)))]
	Feat 2476	(c=8)	weight 1.071:	Num[Or(And(Not(clear),Nominal(b)),Exists(on,Nominal(a)))]
	Feat 2643	(c=8)	weight 7.595:	Bool[And(And(Not(ontable),Nominal(b)),Forall(Inverse(on),<empty>))]
	Feat 2677	(c=8)	weight 8.938:	Bool[And(Or(Not(Nominal(a)),clear),Exists(on,Nominal(b)))]
	Feat 3890	(c=7)	weight -2.918:	Bool[And(clear,Nominal(b))] Bool[And(holding,Nominal(a))]
	Feat 3995	(c=8)	weight 0.175:	Bool[And(holding,Nominal(a))] Num[Or(Not(Nominal(a)),holding)]
	Feat 4179	(c=8)	weight 1.156:	Bool[And(ontable,Nominal(a))] Bool[And(Forall(on,<empty>),Nominal(a))]
	Feat 4338	(c=6)	weight 0.1659:	Bool[Exists(on,Nominal(a))] Num[Forall(on,<empty>)]
	Feat 4696	(c=8)	weight -0.1494:	Bool[And(Forall(Star(on),Nominal(a)),Nominal(b))] Num[clear]
Score 0.9086753863466098
Lambda=1.28042e-05
	Intercept	-14.970217577946208
	Feat 204	(c=6)	weight 0.5399:	Num[Or(Not(Nominal(a)),Forall(on,ontable))]
	Feat 347	(c=6)	weight 8.235:	Bool[And(Forall(on,<empty>),And(clear,Nominal(b)))]
	Feat 473	(c=7)	weight -1.964:	Bool[And(Forall(on,Exists(on,Nominal(a))),Nominal(b))]
	Feat 485	(c=7)	weight 0.693:	Num[Or(Exists(on,Exists(on,ontable)),Nominal(b))]
	Feat 569	(c=7)	weight -0.5011:	Num[Exists(Star(on),And(Not(Nominal(b)),ontable))]
	Feat 689	(c=7)	weight -0.5269:	Num[Or(Forall(on,Or(ontable,Nominal(b))),Nominal(b))]
	Feat 769	(c=7)	weight 0.39:	Num[Or(And(Or(clear,ontable),Nominal(a)),holding)]
	Feat 918	(c=7)	weight 0.6092:	Num[And(Exists(on,ontable),Or(clear,Nominal(b)))]
	Feat 1145	(c=8)	weight -0.4616:	Num[Or(Forall(Inverse(Star(on)),Not(Nominal(a))),ontable)]
	Feat 1151	(c=8)	weight 2.039:	Bool[And(Forall(on,Exists(Star(on),Nominal(a))),Nominal(b))]
	Feat 1159	(c=8)	weight -0.8124:	Num[Or(Forall(Star(on),Or(Nominal(a),Nominal(b))),clear)]
	Feat 1210	(c=8)	weight 0.3817:	Num[And(Forall(on,Exists(on,Nominal(a))),Not(Nominal(a)))]
	Feat 1290	(c=8)	weight 1.199:	Num[Or(Exists(on,Exists(on,ontable)),Not(Nominal(b)))]
	Feat 1322	(c=8)	weight 0.4316:	Num[Or(And(Forall(on,Nominal(a)),Nominal(b)),Not(clear))]
	Feat 1422	(c=8)	weight 2.223:	Bool[And(Forall(on,Or(Not(Nominal(b)),ontable)),Nominal(a))]
	Feat 1450	(c=8)	weight 0.1857:	Bool[And(Exists(on,And(Not(Nominal(a)),ontable)),Nominal(b))]
	Feat 1816	(c=8)	weight -2.683:	Num[Or(And(Forall(Inverse(on),clear),Nominal(b)),Nominal(a))]
	Feat 1866	(c=8)	weight 0.6315:	Num[Not(And(Exists(on,Exists(on,Nominal(b))),clear))]
	Feat 2286	(c=8)	weight 0.6312:	Num[And(Not(Nominal(a)),Forall(Inverse(Star(on)),Nominal(b)))]
	Feat 2314	(c=8)	weight 0.4634:	Num[Or(Or(Nominal(a),Nominal(b)),Exists(Inverse(on),clear))]
	Feat 2372	(c=8)	weight 0.864:	Num[Or(And(holding,Nominal(a)),Exists(Star(on),Nominal(a)))]
	Feat 2476	(c=8)	weight 1.087:	Num[Or(And(Not(clear),Nominal(b)),Exists(on,Nominal(a)))]
	Feat 2643	(c=8)	weight 7.577:	Bool[And(And(Not(ontable),Nominal(b)),Forall(Inverse(on),<empty>))]
	Feat 2677	(c=8)	weight 8.937:	Bool[And(Or(Not(Nominal(a)),clear),Exists(on,Nominal(b)))]
	Feat 3701	(c=8)	weight -0.1381:	Bool[holding] Bool[Exists(on,And(Not(ontable),Nominal(b)))]
	Feat 3890	(c=7)	weight -2.862:	Bool[And(clear,Nominal(b))] Bool[And(holding,Nominal(a))]
	Feat 3993	(c=8)	weight 0.1929:	Bool[And(holding,Nominal(a))] Num[Not(Or(clear,ontable))]
	Feat 3995	(c=8)	weight 0.08982:	Bool[And(holding,Nominal(a))] Num[Or(Not(Nominal(a)),holding)]
	Feat 4179	(c=8)	weight 1.181:	Bool[And(ontable,Nominal(a))] Bool[And(Forall(on,<empty>),Nominal(a))]
	Feat 4338	(c=6)	weight 0.1389:	Bool[Exists(on,Nominal(a))] Num[Forall(on,<empty>)]
	Feat 4696	(c=8)	weight -0.1486:	Bool[And(Forall(Star(on),Nominal(a)),Nominal(b))] Num[clear]
Score 0.908920934531038
Lambda=5.33945e-06
	Intercept	-15.371629876581181
	Feat 204	(c=6)	weight 0.5372:	Num[Or(Not(Nominal(a)),Forall(on,ontable))]
	Feat 347	(c=6)	weight 8.763:	Bool[And(Forall(on,<empty>),And(clear,Nominal(b)))]
	Feat 473	(c=7)	weight -1.959:	Bool[And(Forall(on,Exists(on,Nominal(a))),Nominal(b))]
	Feat 485	(c=7)	weight 0.7566:	Num[Or(Exists(on,Exists(on,ontable)),Nominal(b))]
	Feat 569	(c=7)	weight -0.5249:	Num[Exists(Star(on),And(Not(Nominal(b)),ontable))]
	Feat 689	(c=7)	weight -0.5406:	Num[Or(Forall(on,Or(ontable,Nominal(b))),Nominal(b))]
	Feat 769	(c=7)	weight 0.4351:	Num[Or(And(Or(clear,ontable),Nominal(a)),holding)]
	Feat 918	(c=7)	weight 0.6731:	Num[And(Exists(on,ontable),Or(clear,Nominal(b)))]
	Feat 1145	(c=8)	weight -0.4617:	Num[Or(Forall(Inverse(Star(on)),Not(Nominal(a))),ontable)]
	Feat 1151	(c=8)	weight 1.985:	Bool[And(Forall(on,Exists(Star(on),Nominal(a))),Nominal(b))]
	Feat 1159	(c=8)	weight -0.8282:	Num[Or(Forall(Star(on),Or(Nominal(a),Nominal(b))),clear)]
	Feat 1210	(c=8)	weight 0.4329:	Num[And(Forall(on,Exists(on,Nominal(a))),Not(Nominal(a)))]
	Feat 1290	(c=8)	weight 1.253:	Num[Or(Exists(on,Exists(on,ontable)),Not(Nominal(b)))]
	Feat 1322	(c=8)	weight 0.478:	Num[Or(And(Forall(on,Nominal(a)),Nominal(b)),Not(clear))]
	Feat 1422	(c=8)	weight 2.25:	Bool[And(Forall(on,Or(Not(Nominal(b)),ontable)),Nominal(a))]
	Feat 1450	(c=8)	weight 0.1235:	Bool[And(Exists(on,And(Not(Nominal(a)),ontable)),Nominal(b))]
	Feat 1816	(c=8)	weight -2.708:	Num[Or(And(Forall(Inverse(on),clear),Nominal(b)),Nominal(a))]
	Feat 1866	(c=8)	weight 0.624:	Num[Not(And(Exists(on,Exists(on,Nominal(b))),clear))]
	Feat 2286	(c=8)	weight 0.6234:	Num[And(Not(Nominal(a)),Forall(Inverse(Star(on)),Nominal(b)))]
	Feat 2314	(c=8)	weight 0.4294:	Num[Or(Or(Nominal(a),Nominal(b)),Exists(Inverse(on),clear))]
	Feat 2372	(c=8)	weight 0.8685:	Num[Or(And(holding,Nominal(a)),Exists(Star(on),Nominal(a)))]
	Feat 2476	(c=8)	weight 1.09:	Num[Or(And(Not(clear),Nominal(b)),Exists(on,Nominal(a)))]
	Feat 2643	(c=8)	weight 7.594:	Bool[And(And(Not(ontable),Nominal(b)),Forall(Inverse(on),<empty>))]
	Feat 2677	(c=8)	weight 8.916:	Bool[And(Or(Not(Nominal(a)),clear),Exists(on,Nominal(b)))]
	Feat 3701	(c=8)	weight -0.197:	Bool[holding] Bool[Exists(on,And(Not(ontable),Nominal(b)))]
	Feat 3890	(c=7)	weight -2.83:	Bool[And(clear,Nominal(b))] Bool[And(holding,Nominal(a))]
	Feat 3993	(c=8)	weight 0.2181:	Bool[And(holding,Nominal(a))] Num[Not(Or(clear,ontable))]
	Feat 3995	(c=8)	weight 0.07402:	Bool[And(holding,Nominal(a))] Num[Or(Not(Nominal(a)),holding)]
	Feat 4105	(c=8)	weight 0.1592:	Bool[And(holding,Nominal(b))] Num[Forall(Star(on),Nominal(a))]
	Feat 4179	(c=8)	weight 1.213:	Bool[And(ontable,Nominal(a))] Bool[And(Forall(on,<empty>),Nominal(a))]
	Feat 4338	(c=6)	weight 0.1361:	Bool[Exists(on,Nominal(a))] Num[Forall(on,<empty>)]
	Feat 4462	(c=8)	weight -0.2519:	Bool[And(Forall(on,<empty>),Nominal(b))] Num[Or(holding,Nominal(a))]
	Feat 4679	(c=8)	weight 0.1602:	Bool[Exists(on,And(ontable,Nominal(b)))] Num[Forall(on,<empty>)]
	Feat 4696	(c=8)	weight -0.2171:	Bool[And(Forall(Star(on),Nominal(a)),Nominal(b))] Num[clear]
Score 0.9092368980095652
Lambda=4.39978e-06
	Intercept	-9.862593124825153
	Feat 25	(c=3)	weight -0.07402:	Bool[Exists(on,Nominal(a))]
	Feat 204	(c=6)	weight 0.5237:	Num[Or(Not(Nominal(a)),Forall(on,ontable))]
	Feat 347	(c=6)	weight 9.063:	Bool[And(Forall(on,<empty>),And(clear,Nominal(b)))]
	Feat 473	(c=7)	weight -1.926:	Bool[And(Forall(on,Exists(on,Nominal(a))),Nominal(b))]
	Feat 485	(c=7)	weight 0.8545:	Num[Or(Exists(on,Exists(on,ontable)),Nominal(b))]
	Feat 569	(c=7)	weight -0.3872:	Num[Exists(Star(on),And(Not(Nominal(b)),ontable))]
	Feat 689	(c=7)	weight -0.5784:	Num[Or(Forall(on,Or(ontable,Nominal(b))),Nominal(b))]
	Feat 769	(c=7)	weight 0.6562:	Num[Or(And(Or(clear,ontable),Nominal(a)),holding)]
	Feat 918	(c=7)	weight 0.8369:	Num[And(Exists(on,ontable),Or(clear,Nominal(b)))]
	Feat 1145	(c=8)	weight -0.5076:	Num[Or(Forall(Inverse(Star(on)),Not(Nominal(a))),ontable)]
	Feat 1151	(c=8)	weight 1.794:	Bool[And(Forall(on,Exists(Star(on),Nominal(a))),Nominal(b))]
	Feat 1159	(c=8)	weight -0.9572:	Num[Or(Forall(Star(on),Or(Nominal(a),Nominal(b))),clear)]
	Feat 1210	(c=8)	weight 0.3524:	Num[And(Forall(on,Exists(on,Nominal(a))),Not(Nominal(a)))]
	Feat 1234	(c=8)	weight -0.5342:	Num[And(Not(Or(And(clear,Nominal(a)),Nominal(b))),ontable)]
	Feat 1290	(c=8)	weight 1.406:	Num[Or(Exists(on,Exists(on,ontable)),Not(Nominal(b)))]
	Feat 1422	(c=8)	weight 2.299:	Bool[And(Forall(on,Or(Not(Nominal(b)),ontable)),Nominal(a))]
	Feat 1770	(c=8)	weight -0.7263:	Num[Exists(on,Forall(on,Not(And(ontable,Nominal(b)))))]
	Feat 1816	(c=8)	weight -2.486:	Num[Or(And(Forall(Inverse(on),clear),Nominal(b)),Nominal(a))]
	Feat 1866	(c=8)	weight 0.6448:	Num[Not(And(Exists(on,Exists(on,Nominal(b))),clear))]
	Feat 2286	(c=8)	weight 0.2523:	Num[And(Not(Nominal(a)),Forall(Inverse(Star(on)),Nominal(b)))]
	Feat 2314	(c=8)	weight 0.5066:	Num[Or(Or(Nominal(a),Nominal(b)),Exists(Inverse(on),clear))]
	Feat 2372	(c=8)	weight 0.9896:	Num[Or(And(holding,Nominal(a)),Exists(Star(on),Nominal(a)))]
	Feat 2476	(c=8)	weight 1.248:	Num[Or(And(Not(clear),Nominal(b)),Exists(on,Nominal(a)))]
	Feat 2643	(c=8)	weight 7.931:	Bool[And(And(Not(ontable),Nominal(b)),Forall(Inverse(on),<empty>))]
	Feat 2677	(c=8)	weight 8.904:	Bool[And(Or(Not(Nominal(a)),clear),Exists(on,Nominal(b)))]
	Feat 3701	(c=8)	weight -0.3377:	Bool[holding] Bool[Exists(on,And(Not(ontable),Nominal(b)))]
	Feat 3890	(c=7)	weight -3.044:	Bool[And(clear,Nominal(b))] Bool[And(holding,Nominal(a))]
	Feat 3993	(c=8)	weight 0.231:	Bool[And(holding,Nominal(a))] Num[Not(Or(clear,ontable))]
	Feat 4105	(c=8)	weight 0.09132:	Bool[And(holding,Nominal(b))] Num[Forall(Star(on),Nominal(a))]
	Feat 4179	(c=8)	weight 0.8467:	Bool[And(ontable,Nominal(a))] Bool[And(Forall(on,<empty>),Nominal(a))]
	Feat 4338	(c=6)	weight 0.09469:	Bool[Exists(on,Nominal(a))] Num[Forall(on,<empty>)]
	Feat 4462	(c=8)	weight -0.4034:	Bool[And(Forall(on,<empty>),Nominal(b))] Num[Or(holding,Nominal(a))]
	Feat 4484	(c=8)	weight 0.2132:	Bool[And(Not(clear),Nominal(a))] Num[Or(ontable,Nominal(b))]
	Feat 4679	(c=8)	weight 0.09092:	Bool[Exists(on,And(ontable,Nominal(b)))] Num[Forall(on,<empty>)]
	Feat 4696	(c=8)	weight -0.2119:	Bool[And(Forall(Star(on),Nominal(a)),Nominal(b))] Num[clear]
Score 0.9106935697159628
Lambda=3.21319e-06
	Intercept	-5.793819307979009
	Feat 25	(c=3)	weight -0.3479:	Bool[Exists(on,Nominal(a))]
	Feat 347	(c=6)	weight 9.112:	Bool[And(Forall(on,<empty>),And(clear,Nominal(b)))]
	Feat 473	(c=7)	weight -1.866:	Bool[And(Forall(on,Exists(on,Nominal(a))),Nominal(b))]
	Feat 485	(c=7)	weight 0.8899:	Num[Or(Exists(on,Exists(on,ontable)),Nominal(b))]
	Feat 569	(c=7)	weight -0.3856:	Num[Exists(Star(on),And(Not(Nominal(b)),ontable))]
	Feat 689	(c=7)	weight -0.5448:	Num[Or(Forall(on,Or(ontable,Nominal(b))),Nominal(b))]
	Feat 769	(c=7)	weight 0.6436:	Num[Or(And(Or(clear,ontable),Nominal(a)),holding)]
	Feat 918	(c=7)	weight 0.8876:	Num[And(Exists(on,ontable),Or(clear,Nominal(b)))]
	Feat 1145	(c=8)	weight -0.5866:	Num[Or(Forall(Inverse(Star(on)),Not(Nominal(a))),ontable)]
	Feat 1151	(c=8)	weight 1.672:	Bool[And(Forall(on,Exists(Star(on),Nominal(a))),Nominal(b))]
	Feat 1159	(c=8)	weight -1.03:	Num[Or(Forall(Star(on),Or(Nominal(a),Nominal(b))),clear)]
	Feat 1210	(c=8)	weight 0.312:	Num[And(Forall(on,Exists(on,Nominal(a))),Not(Nominal(a)))]
	Feat 1234	(c=8)	weight -0.6568:	Num[And(Not(Or(And(clear,Nominal(a)),Nominal(b))),ontable)]
	Feat 1290	(c=8)	weight 1.442:	Num[Or(Exists(on,Exists(on,ontable)),Not(Nominal(b)))]
	Feat 1422	(c=8)	weight 2.311:	Bool[And(Forall(on,Or(Not(Nominal(b)),ontable)),Nominal(a))]
	Feat 1770	(c=8)	weight -0.916:	Num[Exists(on,Forall(on,Not(And(ontable,Nominal(b)))))]
	Feat 1816	(c=8)	weight -2.381:	Num[Or(And(Forall(Inverse(on),clear),Nominal(b)),Nominal(a))]
	Feat 1866	(c=8)	weight 0.6281:	Num[Not(And(Exists(on,Exists(on,Nominal(b))),clear))]
	Feat 2286	(c=8)	weight 0.3595:	Num[And(Not(Nominal(a)),Forall(Inverse(Star(on)),Nominal(b)))]
	Feat 2314	(c=8)	weight 0.5541:	Num[Or(Or(Nominal(a),Nominal(b)),Exists(Inverse(on),clear))]
	Feat 2372	(c=8)	weight 1.042:	Num[Or(And(holding,Nominal(a)),Exists(Star(on),Nominal(a)))]
	Feat 2476	(c=8)	weight 1.317:	Num[Or(And(Not(clear),Nominal(b)),Exists(on,Nominal(a)))]
	Feat 2643	(c=8)	weight 7.877:	Bool[And(And(Not(ontable),Nominal(b)),Forall(Inverse(on),<empty>))]
	Feat 2677	(c=8)	weight 8.91:	Bool[And(Or(Not(Nominal(a)),clear),Exists(on,Nominal(b)))]
	Feat 3701	(c=8)	weight -0.3676:	Bool[holding] Bool[Exists(on,And(Not(ontable),Nominal(b)))]
	Feat 3890	(c=7)	weight -2.934:	Bool[And(clear,Nominal(b))] Bool[And(holding,Nominal(a))]
	Feat 3993	(c=8)	weight 0.4158:	Bool[And(holding,Nominal(a))] Num[Not(Or(clear,ontable))]
	Feat 3995	(c=8)	weight -0.1644:	Bool[And(holding,Nominal(a))] Num[Or(Not(Nominal(a)),holding)]
	Feat 4105	(c=8)	weight 0.114:	Bool[And(holding,Nominal(b))] Num[Forall(Star(on),Nominal(a))]
	Feat 4179	(c=8)	weight 0.7822:	Bool[And(ontable,Nominal(a))] Bool[And(Forall(on,<empty>),Nominal(a))]
	Feat 4462	(c=8)	weight -0.4322:	Bool[And(Forall(on,<empty>),Nominal(b))] Num[Or(holding,Nominal(a))]
	Feat 4484	(c=8)	weight 0.3497:	Bool[And(Not(clear),Nominal(a))] Num[Or(ontable,Nominal(b))]
	Feat 4653	(c=8)	weight 0.1442:	Bool[And(Forall(on,ontable),Nominal(a))] Num[Exists(on,<universe>)]
	Feat 4679	(c=8)	weight 0.09004:	Bool[Exists(on,And(ontable,Nominal(b)))] Num[Forall(on,<empty>)]
	Feat 4696	(c=8)	weight -0.1918:	Bool[And(Forall(Star(on),Nominal(a)),Nominal(b))] Num[clear]
Score 0.911270158356055
Lambda=1.70431e-06
	Intercept	-6.4896001703917445
	Feat 25	(c=3)	weight -0.4617:	Bool[Exists(on,Nominal(a))]
	Feat 347	(c=6)	weight 9.07:	Bool[And(Forall(on,<empty>),And(clear,Nominal(b)))]
	Feat 473	(c=7)	weight -1.847:	Bool[And(Forall(on,Exists(on,Nominal(a))),Nominal(b))]
	Feat 485	(c=7)	weight 0.9963:	Num[Or(Exists(on,Exists(on,ontable)),Nominal(b))]
	Feat 569	(c=7)	weight -0.3457:	Num[Exists(Star(on),And(Not(Nominal(b)),ontable))]
	Feat 689	(c=7)	weight -0.3859:	Num[Or(Forall(on,Or(ontable,Nominal(b))),Nominal(b))]
	Feat 769	(c=7)	weight 0.6576:	Num[Or(And(Or(clear,ontable),Nominal(a)),holding)]
	Feat 918	(c=7)	weight 1.079:	Num[And(Exists(on,ontable),Or(clear,Nominal(b)))]
	Feat 1145	(c=8)	weight -0.566:	Num[Or(Forall(Inverse(Star(on)),Not(Nominal(a))),ontable)]
	Feat 1151	(c=8)	weight 1.585:	Bool[And(Forall(on,Exists(Star(on),Nominal(a))),Nominal(b))]
	Feat 1159	(c=8)	weight -0.9922:	Num[Or(Forall(Star(on),Or(Nominal(a),Nominal(b))),clear)]
	Feat 1210	(c=8)	weight 0.3211:	Num[And(Forall(on,Exists(on,Nominal(a))),Not(Nominal(a)))]
	Feat 1234	(c=8)	weight -1.057:	Num[And(Not(Or(And(clear,Nominal(a)),Nominal(b))),ontable)]
	Feat 1290	(c=8)	weight 1.554:	Num[Or(Exists(on,Exists(on,ontable)),Not(Nominal(b)))]
	Feat 1422	(c=8)	weight 2.321:	Bool[And(Forall(on,Or(Not(Nominal(b)),ontable)),Nominal(a))]
	Feat 1454	(c=8)	weight -0.4275:	Num[Or(Exists(on,And(Not(Nominal(a)),ontable)),holding)]
	Feat 1604	(c=8)	weight 0.07547:	Num[Or(Forall(on,Forall(on,Not(Nominal(a)))),clear)]
	Feat 1770	(c=8)	weight -1.076:	Num[Exists(on,Forall(on,Not(And(ontable,Nominal(b)))))]
	Feat 1816	(c=8)	weight -2.297:	Num[Or(And(Forall(Inverse(on),clear),Nominal(b)),Nominal(a))]
	Feat 1866	(c=8)	weight 0.6025:	Num[Not(And(Exists(on,Exists(on,Nominal(b))),clear))]
	Feat 2286	(c=8)	weight 0.4044:	Num[And(Not(Nominal(a)),Forall(Inverse(Star(on)),Nominal(b)))]
	Feat 2314	(c=8)	weight 0.5662:	Num[Or(Or(Nominal(a),Nominal(b)),Exists(Inverse(on),clear))]
	Feat 2372	(c=8)	weight 1.051:	Num[Or(And(holding,Nominal(a)),Exists(Star(on),Nominal(a)))]
	Feat 2476	(c=8)	weight 1.382:	Num[Or(And(Not(clear),Nominal(b)),Exists(on,Nominal(a)))]
	Feat 2643	(c=8)	weight 8.118:	Bool[And(And(Not(ontable),Nominal(b)),Forall(Inverse(on),<empty>))]
	Feat 2677	(c=8)	weight 8.929:	Bool[And(Or(Not(Nominal(a)),clear),Exists(on,Nominal(b)))]
	Feat 3701	(c=8)	weight -0.3563:	Bool[holding] Bool[Exists(on,And(Not(ontable),Nominal(b)))]
	Feat 3890	(c=7)	weight -2.945:	Bool[And(clear,Nominal(b))] Bool[And(holding,Nominal(a))]
	Feat 3993	(c=8)	weight 0.3973:	Bool[And(holding,Nominal(a))] Num[Not(Or(clear,ontable))]
	Feat 3995	(c=8)	weight -0.1573:	Bool[And(holding,Nominal(a))] Num[Or(Not(Nominal(a)),holding)]
	Feat 4105	(c=8)	weight 0.1286:	Bool[And(holding,Nominal(b))] Num[Forall(Star(on),Nominal(a))]
	Feat 4179	(c=8)	weight 0.3453:	Bool[And(ontable,Nominal(a))] Bool[And(Forall(on,<empty>),Nominal(a))]
	Feat 4462	(c=8)	weight -0.409:	Bool[And(Forall(on,<empty>),Nominal(b))] Num[Or(holding,Nominal(a))]
	Feat 4484	(c=8)	weight 0.3515:	Bool[And(Not(clear),Nominal(a))] Num[Or(ontable,Nominal(b))]
	Feat 4653	(c=8)	weight 0.139:	Bool[And(Forall(on,ontable),Nominal(a))] Num[Exists(on,<universe>)]
	Feat 4679	(c=8)	weight 0.0616:	Bool[Exists(on,And(ontable,Nominal(b)))] Num[Forall(on,<empty>)]
	Feat 4696	(c=8)	weight -0.1794:	Bool[And(Forall(Star(on),Nominal(a)),Nominal(b))] Num[clear]
Score 0.9114760087950544
Lambda=1.22117e-06
	Intercept	-6.496471613726403
	Feat 25	(c=3)	weight -0.4642:	Bool[Exists(on,Nominal(a))]
	Feat 347	(c=6)	weight 9.069:	Bool[And(Forall(on,<empty>),And(clear,Nominal(b)))]
	Feat 473	(c=7)	weight -1.844:	Bool[And(Forall(on,Exists(on,Nominal(a))),Nominal(b))]
	Feat 485	(c=7)	weight 0.9999:	Num[Or(Exists(on,Exists(on,ontable)),Nominal(b))]
	Feat 569	(c=7)	weight -0.3451:	Num[Exists(Star(on),And(Not(Nominal(b)),ontable))]
	Feat 689	(c=7)	weight -0.3845:	Num[Or(Forall(on,Or(ontable,Nominal(b))),Nominal(b))]
	Feat 769	(c=7)	weight 0.6587:	Num[Or(And(Or(clear,ontable),Nominal(a)),holding)]
	Feat 918	(c=7)	weight 1.083:	Num[And(Exists(on,ontable),Or(clear,Nominal(b)))]
	Feat 1145	(c=8)	weight -0.5658:	Num[Or(Forall(Inverse(Star(on)),Not(Nominal(a))),ontable)]
	Feat 1151	(c=8)	weight 1.582:	Bool[And(Forall(on,Exists(Star(on),Nominal(a))),Nominal(b))]
	Feat 1159	(c=8)	weight -0.9951:	Num[Or(Forall(Star(on),Or(Nominal(a),Nominal(b))),clear)]
	Feat 1210	(c=8)	weight 0.3189:	Num[And(Forall(on,Exists(on,Nominal(a))),Not(Nominal(a)))]
	Feat 1234	(c=8)	weight -1.061:	Num[And(Not(Or(And(clear,Nominal(a)),Nominal(b))),ontable)]
	Feat 1290	(c=8)	weight 1.558:	Num[Or(Exists(on,Exists(on,ontable)),Not(Nominal(b)))]
	Feat 1422	(c=8)	weight 2.32:	Bool[And(Forall(on,Or(Not(Nominal(b)),ontable)),Nominal(a))]
	Feat 1454	(c=8)	weight -0.4324:	Num[Or(Exists(on,And(Not(Nominal(a)),ontable)),holding)]
	Feat 1604	(c=8)	weight 0.07685:	Num[Or(Forall(on,Forall(on,Not(Nominal(a)))),clear)]
	Feat 1770	(c=8)	weight -1.081:	Num[Exists(on,Forall(on,Not(And(ontable,Nominal(b)))))]
	Feat 1816	(c=8)	weight -2.295:	Num[Or(And(Forall(Inverse(on),clear),Nominal(b)),Nominal(a))]
	Feat 1866	(c=8)	weight 0.6015:	Num[Not(And(Exists(on,Exists(on,Nominal(b))),clear))]
	Feat 2286	(c=8)	weight 0.4062:	Num[And(Not(Nominal(a)),Forall(Inverse(Star(on)),Nominal(b)))]
	Feat 2314	(c=8)	weight 0.5668:	Num[Or(Or(Nominal(a),Nominal(b)),Exists(Inverse(on),clear))]
	Feat 2372	(c=8)	weight 1.052:	Num[Or(And(holding,Nominal(a)),Exists(Star(on),Nominal(a)))]
	Feat 2476	(c=8)	weight 1.382:	Num[Or(And(Not(clear),Nominal(b)),Exists(on,Nominal(a)))]
	Feat 2643	(c=8)	weight 8.121:	Bool[And(And(Not(ontable),Nominal(b)),Forall(Inverse(on),<empty>))]
	Feat 2677	(c=8)	weight 8.93:	Bool[And(Or(Not(Nominal(a)),clear),Exists(on,Nominal(b)))]
	Feat 3701	(c=8)	weight -0.3557:	Bool[holding] Bool[Exists(on,And(Not(ontable),Nominal(b)))]
	Feat 3890	(c=7)	weight -2.944:	Bool[And(clear,Nominal(b))] Bool[And(holding,Nominal(a))]
	Feat 3993	(c=8)	weight 0.3969:	Bool[And(holding,Nominal(a))] Num[Not(Or(clear,ontable))]
	Feat 3995	(c=8)	weight -0.1578:	Bool[And(holding,Nominal(a))] Num[Or(Not(Nominal(a)),holding)]
	Feat 4105	(c=8)	weight 0.1281:	Bool[And(holding,Nominal(b))] Num[Forall(Star(on),Nominal(a))]
	Feat 4179	(c=8)	weight 0.3387:	Bool[And(ontable,Nominal(a))] Bool[And(Forall(on,<empty>),Nominal(a))]
	Feat 4462	(c=8)	weight -0.408:	Bool[And(Forall(on,<empty>),Nominal(b))] Num[Or(holding,Nominal(a))]
	Feat 4484	(c=8)	weight 0.3516:	Bool[And(Not(clear),Nominal(a))] Num[Or(ontable,Nominal(b))]
	Feat 4653	(c=8)	weight 0.1391:	Bool[And(Forall(on,ontable),Nominal(a))] Num[Exists(on,<universe>)]
	Feat 4679	(c=8)	weight 0.06114:	Bool[Exists(on,And(ontable,Nominal(b)))] Num[Forall(on,<empty>)]
	Feat 4696	(c=8)	weight -0.1787:	Bool[And(Forall(Star(on),Nominal(a)),Nominal(b))] Num[clear]
Score 0.9114770423569566
Lambda=4.39679e-07
	Intercept	-6.671106352337144
	Feat 25	(c=3)	weight -0.4306:	Bool[Exists(on,Nominal(a))]
	Feat 347	(c=6)	weight 8.989:	Bool[And(Forall(on,<empty>),And(clear,Nominal(b)))]
	Feat 473	(c=7)	weight -1.825:	Bool[And(Forall(on,Exists(on,Nominal(a))),Nominal(b))]
	Feat 485	(c=7)	weight 1.007:	Num[Or(Exists(on,Exists(on,ontable)),Nominal(b))]
	Feat 569	(c=7)	weight -0.3505:	Num[Exists(Star(on),And(Not(Nominal(b)),ontable))]
	Feat 689	(c=7)	weight -0.2534:	Num[Or(Forall(on,Or(ontable,Nominal(b))),Nominal(b))]
	Feat 769	(c=7)	weight 0.6677:	Num[Or(And(Or(clear,ontable),Nominal(a)),holding)]
	Feat 918	(c=7)	weight 1.097:	Num[And(Exists(on,ontable),Or(clear,Nominal(b)))]
	Feat 1145	(c=8)	weight -0.5642:	Num[Or(Forall(Inverse(Star(on)),Not(Nominal(a))),ontable)]
	Feat 1151	(c=8)	weight 1.576:	Bool[And(Forall(on,Exists(Star(on),Nominal(a))),Nominal(b))]
	Feat 1159	(c=8)	weight -0.987:	Num[Or(Forall(Star(on),Or(Nominal(a),Nominal(b))),clear)]
	Feat 1210	(c=8)	weight 0.3113:	Num[And(Forall(on,Exists(on,Nominal(a))),Not(Nominal(a)))]
	Feat 1234	(c=8)	weight -1.229:	Num[And(Not(Or(And(clear,Nominal(a)),Nominal(b))),ontable)]
	Feat 1290	(c=8)	weight 1.582:	Num[Or(Exists(on,Exists(on,ontable)),Not(Nominal(b)))]
	Feat 1422	(c=8)	weight 2.313:	Bool[And(Forall(on,Or(Not(Nominal(b)),ontable)),Nominal(a))]
	Feat 1450	(c=8)	weight 0.1582:	Bool[And(Exists(on,And(Not(Nominal(a)),ontable)),Nominal(b))]
	Feat 1454	(c=8)	weight -0.6:	Num[Or(Exists(on,And(Not(Nominal(a)),ontable)),holding)]
	Feat 1604	(c=8)	weight 0.0721:	Num[Or(Forall(on,Forall(on,Not(Nominal(a)))),clear)]
	Feat 1770	(c=8)	weight -1.089:	Num[Exists(on,Forall(on,Not(And(ontable,Nominal(b)))))]
	Feat 1816	(c=8)	weight -2.262:	Num[Or(And(Forall(Inverse(on),clear),Nominal(b)),Nominal(a))]
	Feat 1866	(c=8)	weight 0.586:	Num[Not(And(Exists(on,Exists(on,Nominal(b))),clear))]
	Feat 2286	(c=8)	weight 0.4071:	Num[And(Not(Nominal(a)),Forall(Inverse(Star(on)),Nominal(b)))]
	Feat 2314	(c=8)	weight 0.5714:	Num[Or(Or(Nominal(a),Nominal(b)),Exists(Inverse(on),clear))]
	Feat 2372	(c=8)	weight 1.047:	Num[Or(And(holding,Nominal(a)),Exists(Star(on),Nominal(a)))]
	Feat 2476	(c=8)	weight 1.36:	Num[Or(And(Not(clear),Nominal(b)),Exists(on,Nominal(a)))]
	Feat 2643	(c=8)	weight 8.242:	Bool[And(And(Not(ontable),Nominal(b)),Forall(Inverse(on),<empty>))]
	Feat 2677	(c=8)	weight 8.932:	Bool[And(Or(Not(Nominal(a)),clear),Exists(on,Nominal(b)))]
	Feat 3701	(c=8)	weight -0.3559:	Bool[holding] Bool[Exists(on,And(Not(ontable),Nominal(b)))]
	Feat 3890	(c=7)	weight -2.953:	Bool[And(clear,Nominal(b))] Bool[And(holding,Nominal(a))]
	Feat 3993	(c=8)	weight 0.3902:	Bool[And(holding,Nominal(a))] Num[Not(Or(clear,ontable))]
	Feat 3995	(c=8)	weight -0.1533:	Bool[And(holding,Nominal(a))] Num[Or(Not(Nominal(a)),holding)]
	Feat 4105	(c=8)	weight 0.1264:	Bool[And(holding,Nominal(b))] Num[Forall(Star(on),Nominal(a))]
	Feat 4179	(c=8)	weight 0.1589:	Bool[And(ontable,Nominal(a))] Bool[And(Forall(on,<empty>),Nominal(a))]
	Feat 4462	(c=8)	weight -0.3783:	Bool[And(Forall(on,<empty>),Nominal(b))] Num[Or(holding,Nominal(a))]
	Feat 4484	(c=8)	weight 0.3526:	Bool[And(Not(clear),Nominal(a))] Num[Or(ontable,Nominal(b))]
	Feat 4653	(c=8)	weight 0.1404:	Bool[And(Forall(on,ontable),Nominal(a))] Num[Exists(on,<universe>)]
	Feat 4679	(c=8)	weight 0.04516:	Bool[Exists(on,And(ontable,Nominal(b)))] Num[Forall(on,<empty>)]
	Feat 4696	(c=8)	weight -0.1373:	Bool[And(Forall(Star(on),Nominal(a)),Nominal(b))] Num[clear]
Score 0.9115148057481293
Lambda=3.87705e-07
	Intercept	-4.757929375505004
	Feat 25	(c=3)	weight -0.5216:	Bool[Exists(on,Nominal(a))]
	Feat 204	(c=6)	weight -0.2459:	Num[Or(Not(Nominal(a)),Forall(on,ontable))]
	Feat 347	(c=6)	weight 8.952:	Bool[And(Forall(on,<empty>),And(clear,Nominal(b)))]
	Feat 473	(c=7)	weight -1.814:	Bool[And(Forall(on,Exists(on,Nominal(a))),Nominal(b))]
	Feat 485	(c=7)	weight 1.004:	Num[Or(Exists(on,Exists(on,ontable)),Nominal(b))]
	Feat 569	(c=7)	weight -0.3583:	Num[Exists(Star(on),And(Not(Nominal(b)),ontable))]
	Feat 689	(c=7)	weight -0.1656:	Num[Or(Forall(on,Or(ontable,Nominal(b))),Nominal(b))]
	Feat 769	(c=7)	weight 0.4921:	Num[Or(And(Or(clear,ontable),Nominal(a)),holding)]
	Feat 918	(c=7)	weight 1.123:	Num[And(Exists(on,ontable),Or(clear,Nominal(b)))]
	Feat 1145	(c=8)	weight -0.5677:	Num[Or(Forall(Inverse(Star(on)),Not(Nominal(a))),ontable)]
	Feat 1151	(c=8)	weight 1.564:	Bool[And(Forall(on,Exists(Star(on),Nominal(a))),Nominal(b))]
	Feat 1159	(c=8)	weight -0.97:	Num[Or(Forall(Star(on),Or(Nominal(a),Nominal(b))),clear)]
	Feat 1210	(c=8)	weight 0.2547:	Num[And(Forall(on,Exists(on,Nominal(a))),Not(Nominal(a)))]
	Feat 1234	(c=8)	weight -1.281:	Num[And(Not(Or(And(clear,Nominal(a)),Nominal(b))),ontable)]
	Feat 1290	(c=8)	weight 1.594:	Num[Or(Exists(on,Exists(on,ontable)),Not(Nominal(b)))]
	Feat 1422	(c=8)	weight 2.317:	Bool[And(Forall(on,Or(Not(Nominal(b)),ontable)),Nominal(a))]
	Feat 1450	(c=8)	weight 0.2462:	Bool[And(Exists(on,And(Not(Nominal(a)),ontable)),Nominal(b))]
	Feat 1454	(c=8)	weight -0.8378:	Num[Or(Exists(on,And(Not(Nominal(a)),ontable)),holding)]
	Feat 1604	(c=8)	weight 0.06733:	Num[Or(Forall(on,Forall(on,Not(Nominal(a)))),clear)]
	Feat 1770	(c=8)	weight -1.102:	Num[Exists(on,Forall(on,Not(And(ontable,Nominal(b)))))]
	Feat 1816	(c=8)	weight -2.17:	Num[Or(And(Forall(Inverse(on),clear),Nominal(b)),Nominal(a))]
	Feat 1866	(c=8)	weight 0.5713:	Num[Not(And(Exists(on,Exists(on,Nominal(b))),clear))]
	Feat 2286	(c=8)	weight 0.4014:	Num[And(Not(Nominal(a)),Forall(Inverse(Star(on)),Nominal(b)))]
	Feat 2314	(c=8)	weight 0.6387:	Num[Or(Or(Nominal(a),Nominal(b)),Exists(Inverse(on),clear))]
	Feat 2372	(c=8)	weight 1.038:	Num[Or(And(holding,Nominal(a)),Exists(Star(on),Nominal(a)))]
	Feat 2476	(c=8)	weight 1.36:	Num[Or(And(Not(clear),Nominal(b)),Exists(on,Nominal(a)))]
	Feat 2643	(c=8)	weight 8.268:	Bool[And(And(Not(ontable),Nominal(b)),Forall(Inverse(on),<empty>))]
	Feat 2677	(c=8)	weight 8.936:	Bool[And(Or(Not(Nominal(a)),clear),Exists(on,Nominal(b)))]
	Feat 3187	(c=8)	weight -0.07383:	Atom[handempty] Num[Or(Not(ontable),Or(clear,Nominal(a)))]
	Feat 3624	(c=8)	weight -0.01064:	Bool[holding] Num[Or(Exists(Inverse(on),clear),Nominal(b))]
	Feat 3701	(c=8)	weight -0.3994:	Bool[holding] Bool[Exists(on,And(Not(ontable),Nominal(b)))]
	Feat 3890	(c=7)	weight -2.972:	Bool[And(clear,Nominal(b))] Bool[And(holding,Nominal(a))]
	Feat 3993	(c=8)	weight 0.3591:	Bool[And(holding,Nominal(a))] Num[Not(Or(clear,ontable))]
	Feat 3995	(c=8)	weight -0.1666:	Bool[And(holding,Nominal(a))] Num[Or(Not(Nominal(a)),holding)]
	Feat 4105	(c=8)	weight 0.1231:	Bool[And(holding,Nominal(b))] Num[Forall(Star(on),Nominal(a))]
	Feat 4179	(c=8)	weight 0.07892:	Bool[And(ontable,Nominal(a))] Bool[And(Forall(on,<empty>),Nominal(a))]
	Feat 4462	(c=8)	weight -0.3687:	Bool[And(Forall(on,<empty>),Nominal(b))] Num[Or(holding,Nominal(a))]
	Feat 4484	(c=8)	weight 0.3553:	Bool[And(Not(clear),Nominal(a))] Num[Or(ontable,Nominal(b))]
	Feat 4653	(c=8)	weight 0.1954:	Bool[And(Forall(on,ontable),Nominal(a))] Num[Exists(on,<universe>)]
	Feat 4679	(c=8)	weight 0.0466:	Bool[Exists(on,And(ontable,Nominal(b)))] Num[Forall(on,<empty>)]
	Feat 4696	(c=8)	weight -0.1074:	Bool[And(Forall(Star(on),Nominal(a)),Nominal(b))] Num[clear]
Score 0.9116156176070646
Lambda=9.19156e-08
	Intercept	-4.7291338109101435
	Feat 25	(c=3)	weight -0.5305:	Bool[Exists(on,Nominal(a))]
	Feat 204	(c=6)	weight -0.2478:	Num[Or(Not(Nominal(a)),Forall(on,ontable))]
	Feat 347	(c=6)	weight 8.944:	Bool[And(Forall(on,<empty>),And(clear,Nominal(b)))]
	Feat 473	(c=7)	weight -1.814:	Bool[And(Forall(on,Exists(on,Nominal(a))),Nominal(b))]
	Feat 485	(c=7)	weight 1.003:	Num[Or(Exists(on,Exists(on,ontable)),Nominal(b))]
	Feat 569	(c=7)	weight -0.3595:	Num[Exists(Star(on),And(Not(Nominal(b)),ontable))]
	Feat 689	(c=7)	weight -0.1622:	Num[Or(Forall(on,Or(ontable,Nominal(b))),Nominal(b))]
	Feat 769	(c=7)	weight 0.4821:	Num[Or(And(Or(clear,ontable),Nominal(a)),holding)]
	Feat 918	(c=7)	weight 1.122:	Num[And(Exists(on,ontable),Or(clear,Nominal(b)))]
	Feat 1145	(c=8)	weight -0.5676:	Num[Or(Forall(Inverse(Star(on)),Not(Nominal(a))),ontable)]
	Feat 1151	(c=8)	weight 1.562:	Bool[And(Forall(on,Exists(Star(on),Nominal(a))),Nominal(b))]
	Feat 1159	(c=8)	weight -0.9708:	Num[Or(Forall(Star(on),Or(Nominal(a),Nominal(b))),clear)]
	Feat 1210	(c=8)	weight 0.2496:	Num[And(Forall(on,Exists(on,Nominal(a))),Not(Nominal(a)))]
	Feat 1234	(c=8)	weight -1.283:	Num[And(Not(Or(And(clear,Nominal(a)),Nominal(b))),ontable)]
	Feat 1290	(c=8)	weight 1.593:	Num[Or(Exists(on,Exists(on,ontable)),Not(Nominal(b)))]
	Feat 1422	(c=8)	weight 2.318:	Bool[And(Forall(on,Or(Not(Nominal(b)),ontable)),Nominal(a))]
	Feat 1450	(c=8)	weight 0.2497:	Bool[And(Exists(on,And(Not(Nominal(a)),ontable)),Nominal(b))]
	Feat 1454	(c=8)	weight -0.8508:	Num[Or(Exists(on,And(Not(Nominal(a)),ontable)),holding)]
	Feat 1604	(c=8)	weight 0.0656:	Num[Or(Forall(on,Forall(on,Not(Nominal(a)))),clear)]
	Feat 1770	(c=8)	weight -1.1:	Num[Exists(on,Forall(on,Not(And(ontable,Nominal(b)))))]
	Feat 1816	(c=8)	weight -2.16:	Num[Or(And(Forall(Inverse(on),clear),Nominal(b)),Nominal(a))]
	Feat 1866	(c=8)	weight 0.571:	Num[Not(And(Exists(on,Exists(on,Nominal(b))),clear))]
	Feat 2286	(c=8)	weight 0.4047:	Num[And(Not(Nominal(a)),Forall(Inverse(Star(on)),Nominal(b)))]
	Feat 2314	(c=8)	weight 0.6471:	Num[Or(Or(Nominal(a),Nominal(b)),Exists(Inverse(on),clear))]
	Feat 2372	(c=8)	weight 1.037:	Num[Or(And(holding,Nominal(a)),Exists(Star(on),Nominal(a)))]
	Feat 2476	(c=8)	weight 1.361:	Num[Or(And(Not(clear),Nominal(b)),Exists(on,Nominal(a)))]
	Feat 2643	(c=8)	weight 8.258:	Bool[And(And(Not(ontable),Nominal(b)),Forall(Inverse(on),<empty>))]
	Feat 2677	(c=8)	weight 8.936:	Bool[And(Or(Not(Nominal(a)),clear),Exists(on,Nominal(b)))]
	Feat 3187	(c=8)	weight -0.07626:	Atom[handempty] Num[Or(Not(ontable),Or(clear,Nominal(a)))]
	Feat 3624	(c=8)	weight -0.006342:	Bool[holding] Num[Or(Exists(Inverse(on),clear),Nominal(b))]
	Feat 3701	(c=8)	weight -0.3999:	Bool[holding] Bool[Exists(on,And(Not(ontable),Nominal(b)))]
	Feat 3890	(c=7)	weight -2.972:	Bool[And(clear,Nominal(b))] Bool[And(holding,Nominal(a))]
	Feat 3993	(c=8)	weight 0.3609:	Bool[And(holding,Nominal(a))] Num[Not(Or(clear,ontable))]
	Feat 3995	(c=8)	weight -0.17:	Bool[And(holding,Nominal(a))] Num[Or(Not(Nominal(a)),holding)]
	Feat 4105	(c=8)	weight 0.1231:	Bool[And(holding,Nominal(b))] Num[Forall(Star(on),Nominal(a))]
	Feat 4179	(c=8)	weight 0.07257:	Bool[And(ontable,Nominal(a))] Bool[And(Forall(on,<empty>),Nominal(a))]
	Feat 4462	(c=8)	weight -0.3683:	Bool[And(Forall(on,<empty>),Nominal(b))] Num[Or(holding,Nominal(a))]
	Feat 4484	(c=8)	weight 0.3567:	Bool[And(Not(clear),Nominal(a))] Num[Or(ontable,Nominal(b))]
	Feat 4653	(c=8)	weight 0.1958:	Bool[And(Forall(on,ontable),Nominal(a))] Num[Exists(on,<universe>)]
	Feat 4679	(c=8)	weight 0.04665:	Bool[Exists(on,And(ontable,Nominal(b)))] Num[Forall(on,<empty>)]
	Feat 4696	(c=8)	weight -0.1058:	Bool[And(Forall(Star(on),Nominal(a)),Nominal(b))] Num[clear]
Score 0.9116174596299438
Lambda=6.90981e-08
	Intercept	-4.2712985746931
	Feat 25	(c=3)	weight -0.5267:	Bool[Exists(on,Nominal(a))]
	Feat 45	(c=4)	weight 0.2092:	Bool[And(Forall(on,<empty>),Nominal(b))]
	Feat 204	(c=6)	weight -0.2809:	Num[Or(Not(Nominal(a)),Forall(on,ontable))]
	Feat 347	(c=6)	weight 8.855:	Bool[And(Forall(on,<empty>),And(clear,Nominal(b)))]
	Feat 473	(c=7)	weight -1.821:	Bool[And(Forall(on,Exists(on,Nominal(a))),Nominal(b))]
	Feat 485	(c=7)	weight 1.001:	Num[Or(Exists(on,Exists(on,ontable)),Nominal(b))]
	Feat 569	(c=7)	weight -0.3515:	Num[Exists(Star(on),And(Not(Nominal(b)),ontable))]
	Feat 689	(c=7)	weight -0.1239:	Num[Or(Forall(on,Or(ontable,Nominal(b))),Nominal(b))]
	Feat 769	(c=7)	weight 0.4737:	Num[Or(And(Or(clear,ontable),Nominal(a)),holding)]
	Feat 918	(c=7)	weight 1.111:	Num[And(Exists(on,ontable),Or(clear,Nominal(b)))]
	Feat 1145	(c=8)	weight -0.5738:	Num[Or(Forall(Inverse(Star(on)),Not(Nominal(a))),ontable)]
	Feat 1151	(c=8)	weight 1.551:	Bool[And(Forall(on,Exists(Star(on),Nominal(a))),Nominal(b))]
	Feat 1159	(c=8)	weight -0.9868:	Num[Or(Forall(Star(on),Or(Nominal(a),Nominal(b))),clear)]
	Feat 1210	(c=8)	weight 0.2431:	Num[And(Forall(on,Exists(on,Nominal(a))),Not(Nominal(a)))]
	Feat 1234	(c=8)	weight -1.296:	Num[And(Not(Or(And(clear,Nominal(a)),Nominal(b))),ontable)]
	Feat 1290	(c=8)	weight 1.579:	Num[Or(Exists(on,Exists(on,ontable)),Not(Nominal(b)))]
	Feat 1422	(c=8)	weight 2.323:	Bool[And(Forall(on,Or(Not(Nominal(b)),ontable)),Nominal(a))]
	Feat 1450	(c=8)	weight 0.2787:	Bool[And(Exists(on,And(Not(Nominal(a)),ontable)),Nominal(b))]
	Feat 1454	(c=8)	weight -0.9173:	Num[Or(Exists(on,And(Not(Nominal(a)),ontable)),holding)]
	Feat 1604	(c=8)	weight 0.06519:	Num[Or(Forall(on,Forall(on,Not(Nominal(a)))),clear)]
	Feat 1770	(c=8)	weight -1.098:	Num[Exists(on,Forall(on,Not(And(ontable,Nominal(b)))))]
	Feat 1816	(c=8)	weight -2.177:	Num[Or(And(Forall(Inverse(on),clear),Nominal(b)),Nominal(a))]
	Feat 1866	(c=8)	weight 0.5851:	Num[Not(And(Exists(on,Exists(on,Nominal(b))),clear))]
	Feat 2286	(c=8)	weight 0.415:	Num[And(Not(Nominal(a)),Forall(Inverse(Star(on)),Nominal(b)))]
	Feat 2314	(c=8)	weight 0.6536:	Num[Or(Or(Nominal(a),Nominal(b)),Exists(Inverse(on),clear))]
	Feat 2372	(c=8)	weight 1.043:	Num[Or(And(holding,Nominal(a)),Exists(Star(on),Nominal(a)))]
	Feat 2476	(c=8)	weight 1.35:	Num[Or(And(Not(clear),Nominal(b)),Exists(on,Nominal(a)))]
	Feat 2643	(c=8)	weight 8.306:	Bool[And(And(Not(ontable),Nominal(b)),Forall(Inverse(on),<empty>))]
	Feat 2677	(c=8)	weight 8.927:	Bool[And(Or(Not(Nominal(a)),clear),Exists(on,Nominal(b)))]
	Feat 3187	(c=8)	weight -0.1321:	Atom[handempty] Num[Or(Not(ontable),Or(clear,Nominal(a)))]
	Feat 3606	(c=8)	weight 0.02374:	Bool[holding] Num[Or(And(Forall(on,<empty>),Nominal(b)),clear)]
	Feat 3624	(c=8)	weight -0.006253:	Bool[holding] Num[Or(Exists(Inverse(on),clear),Nominal(b))]
	Feat 3642	(c=8)	weight -0.05428:	Bool[holding] Num[Forall(on,Not(Or(ontable,Nominal(b))))]
	Feat 3701	(c=8)	weight -0.4579:	Bool[holding] Bool[Exists(on,And(Not(ontable),Nominal(b)))]
	Feat 3890	(c=7)	weight -2.97:	Bool[And(clear,Nominal(b))] Bool[And(holding,Nominal(a))]
	Feat 3993	(c=8)	weight 0.3757:	Bool[And(holding,Nominal(a))] Num[Not(Or(clear,ontable))]
	Feat 3995	(c=8)	weight -0.1812:	Bool[And(holding,Nominal(a))] Num[Or(Not(Nominal(a)),holding)]
	Feat 4105	(c=8)	weight 0.09004:	Bool[And(holding,Nominal(b))] Num[Forall(Star(on),Nominal(a))]
	Feat 4179	(c=8)	weight 0.05649:	Bool[And(ontable,Nominal(a))] Bool[And(Forall(on,<empty>),Nominal(a))]
	Feat 4265	(c=6)	weight 0.01775:	Bool[Exists(on,Nominal(b))] Num[Forall(on,<empty>)]
	Feat 4338	(c=6)	weight -0.008854:	Bool[Exists(on,Nominal(a))] Num[Forall(on,<empty>)]
	Feat 4462	(c=8)	weight -0.3984:	Bool[And(Forall(on,<empty>),Nominal(b))] Num[Or(holding,Nominal(a))]
	Feat 4484	(c=8)	weight 0.361:	Bool[And(Not(clear),Nominal(a))] Num[Or(ontable,Nominal(b))]
	Feat 4653	(c=8)	weight 0.2047:	Bool[And(Forall(on,ontable),Nominal(a))] Num[Exists(on,<universe>)]
	Feat 4679	(c=8)	weight 0.01284:	Bool[Exists(on,And(ontable,Nominal(b)))] Num[Forall(on,<empty>)]
	Feat 4696	(c=8)	weight -0.1007:	Bool[And(Forall(Star(on),Nominal(a)),Nominal(b))] Num[clear]
Score 0.911655567737371
Lambda=3.47966e-08
	Intercept	-4.186490460077859
	Feat 25	(c=3)	weight -0.5021:	Bool[Exists(on,Nominal(a))]
	Feat 45	(c=4)	weight 0.2099:	Bool[And(Forall(on,<empty>),Nominal(b))]
	Feat 204	(c=6)	weight -0.2773:	Num[Or(Not(Nominal(a)),Forall(on,ontable))]
	Feat 347	(c=6)	weight 8.847:	Bool[And(Forall(on,<empty>),And(clear,Nominal(b)))]
	Feat 473	(c=7)	weight -1.819:	Bool[And(Forall(on,Exists(on,Nominal(a))),Nominal(b))]
	Feat 485	(c=7)	weight 0.9898:	Num[Or(Exists(on,Exists(on,ontable)),Nominal(b))]
	Feat 569	(c=7)	weight -0.3493:	Num[Exists(Star(on),And(Not(Nominal(b)),ontable))]
	Feat 689	(c=7)	weight -0.1168:	Num[Or(Forall(on,Or(ontable,Nominal(b))),Nominal(b))]
	Feat 769	(c=7)	weight 0.489:	Num[Or(And(Or(clear,ontable),Nominal(a)),holding)]
	Feat 918	(c=7)	weight 1.107:	Num[And(Exists(on,ontable),Or(clear,Nominal(b)))]
	Feat 1145	(c=8)	weight -0.5733:	Num[Or(Forall(Inverse(Star(on)),Not(Nominal(a))),ontable)]
	Feat 1151	(c=8)	weight 1.549:	Bool[And(Forall(on,Exists(Star(on),Nominal(a))),Nominal(b))]
	Feat 1159	(c=8)	weight -0.9833:	Num[Or(Forall(Star(on),Or(Nominal(a),Nominal(b))),clear)]
	Feat 1210	(c=8)	weight 0.2417:	Num[And(Forall(on,Exists(on,Nominal(a))),Not(Nominal(a)))]
	Feat 1234	(c=8)	weight -1.317:	Num[And(Not(Or(And(clear,Nominal(a)),Nominal(b))),ontable)]
	Feat 1290	(c=8)	weight 1.568:	Num[Or(Exists(on,Exists(on,ontable)),Not(Nominal(b)))]
	Feat 1422	(c=8)	weight 2.32:	Bool[And(Forall(on,Or(Not(Nominal(b)),ontable)),Nominal(a))]
	Feat 1450	(c=8)	weight 0.2884:	Bool[And(Exists(on,And(Not(Nominal(a)),ontable)),Nominal(b))]
	Feat 1454	(c=8)	weight -0.9342:	Num[Or(Exists(on,And(Not(Nominal(a)),ontable)),holding)]
	Feat 1604	(c=8)	weight 0.06368:	Num[Or(Forall(on,Forall(on,Not(Nominal(a)))),clear)]
	Feat 1770	(c=8)	weight -1.102:	Num[Exists(on,Forall(on,Not(And(ontable,Nominal(b)))))]
	Feat 1816	(c=8)	weight -2.179:	Num[Or(And(Forall(Inverse(on),clear),Nominal(b)),Nominal(a))]
	Feat 1866	(c=8)	weight 0.5872:	Num[Not(And(Exists(on,Exists(on,Nominal(b))),clear))]
	Feat 2286	(c=8)	weight 0.4191:	Num[And(Not(Nominal(a)),Forall(Inverse(Star(on)),Nominal(b)))]
	Feat 2314	(c=8)	weight 0.6512:	Num[Or(Or(Nominal(a),Nominal(b)),Exists(Inverse(on),clear))]
	Feat 2372	(c=8)	weight 1.041:	Num[Or(And(holding,Nominal(a)),Exists(Star(on),Nominal(a)))]
	Feat 2476	(c=8)	weight 1.349:	Num[Or(And(Not(clear),Nominal(b)),Exists(on,Nominal(a)))]
	Feat 2643	(c=8)	weight 8.323:	Bool[And(And(Not(ontable),Nominal(b)),Forall(Inverse(on),<empty>))]
	Feat 2677	(c=8)	weight 8.93:	Bool[And(Or(Not(Nominal(a)),clear),Exists(on,Nominal(b)))]
	Feat 3156	(c=7)	weight 0.009051:	Atom[handempty] Num[Forall(on,Exists(on,ontable))]
	Feat 3187	(c=8)	weight -0.1405:	Atom[handempty] Num[Or(Not(ontable),Or(clear,Nominal(a)))]
	Feat 3606	(c=8)	weight 0.02465:	Bool[holding] Num[Or(And(Forall(on,<empty>),Nominal(b)),clear)]
	Feat 3624	(c=8)	weight -0.001125:	Bool[holding] Num[Or(Exists(Inverse(on),clear),Nominal(b))]
	Feat 3642	(c=8)	weight -0.06218:	Bool[holding] Num[Forall(on,Not(Or(ontable,Nominal(b))))]
	Feat 3701	(c=8)	weight -0.4656:	Bool[holding] Bool[Exists(on,And(Not(ontable),Nominal(b)))]
	Feat 3890	(c=7)	weight -2.971:	Bool[And(clear,Nominal(b))] Bool[And(holding,Nominal(a))]
	Feat 3993	(c=8)	weight 0.3798:	Bool[And(holding,Nominal(a))] Num[Not(Or(clear,ontable))]
	Feat 3995	(c=8)	weight -0.1842:	Bool[And(holding,Nominal(a))] Num[Or(Not(Nominal(a)),holding)]
	Feat 4105	(c=8)	weight 0.08781:	Bool[And(holding,Nominal(b))] Num[Forall(Star(on),Nominal(a))]
	Feat 4179	(c=8)	weight 0.02915:	Bool[And(ontable,Nominal(a))] Bool[And(Forall(on,<empty>),Nominal(a))]
	Feat 4265	(c=6)	weight 0.02184:	Bool[Exists(on,Nominal(b))] Num[Forall(on,<empty>)]
	Feat 4338	(c=6)	weight -0.0212:	Bool[Exists(on,Nominal(a))] Num[Forall(on,<empty>)]
	Feat 4462	(c=8)	weight -0.3914:	Bool[And(Forall(on,<empty>),Nominal(b))] Num[Or(holding,Nominal(a))]
	Feat 4484	(c=8)	weight 0.3689:	Bool[And(Not(clear),Nominal(a))] Num[Or(ontable,Nominal(b))]
	Feat 4653	(c=8)	weight 0.2042:	Bool[And(Forall(on,ontable),Nominal(a))] Num[Exists(on,<universe>)]
	Feat 4679	(c=8)	weight 0.005795:	Bool[Exists(on,And(ontable,Nominal(b)))] Num[Forall(on,<empty>)]
	Feat 4696	(c=8)	weight -0.09756:	Bool[And(Forall(Star(on),Nominal(a)),Nominal(b))] Num[clear]
Score 0.9116616367081686
Lambda=5.16467e-09
	Intercept	-4.149066374387621
	Feat 17	(c=3)	weight -0.004219:	Num[Or(ontable,Nominal(b))]
	Feat 25	(c=3)	weight -0.5052:	Bool[Exists(on,Nominal(a))]
	Feat 45	(c=4)	weight 0.2097:	Bool[And(Forall(on,<empty>),Nominal(b))]
	Feat 204	(c=6)	weight -0.2766:	Num[Or(Not(Nominal(a)),Forall(on,ontable))]
	Feat 347	(c=6)	weight 8.845:	Bool[And(Forall(on,<empty>),And(clear,Nominal(b)))]
	Feat 473	(c=7)	weight -1.819:	Bool[And(Forall(on,Exists(on,Nominal(a))),Nominal(b))]
	Feat 485	(c=7)	weight 0.9865:	Num[Or(Exists(on,Exists(on,ontable)),Nominal(b))]
	Feat 569	(c=7)	weight -0.3495:	Num[Exists(Star(on),And(Not(Nominal(b)),ontable))]
	Feat 689	(c=7)	weight -0.1145:	Num[Or(Forall(on,Or(ontable,Nominal(b))),Nominal(b))]
	Feat 769	(c=7)	weight 0.4895:	Num[Or(And(Or(clear,ontable),Nominal(a)),holding)]
	Feat 918	(c=7)	weight 1.106:	Num[And(Exists(on,ontable),Or(clear,Nominal(b)))]
	Feat 1145	(c=8)	weight -0.5738:	Num[Or(Forall(Inverse(Star(on)),Not(Nominal(a))),ontable)]
	Feat 1151	(c=8)	weight 1.547:	Bool[And(Forall(on,Exists(Star(on),Nominal(a))),Nominal(b))]
	Feat 1159	(c=8)	weight -0.9837:	Num[Or(Forall(Star(on),Or(Nominal(a),Nominal(b))),clear)]
	Feat 1210	(c=8)	weight 0.2418:	Num[And(Forall(on,Exists(on,Nominal(a))),Not(Nominal(a)))]
	Feat 1234	(c=8)	weight -1.319:	Num[And(Not(Or(And(clear,Nominal(a)),Nominal(b))),ontable)]
	Feat 1290	(c=8)	weight 1.566:	Num[Or(Exists(on,Exists(on,ontable)),Not(Nominal(b)))]
	Feat 1422	(c=8)	weight 2.322:	Bool[And(Forall(on,Or(Not(Nominal(b)),ontable)),Nominal(a))]
	Feat 1450	(c=8)	weight 0.2919:	Bool[And(Exists(on,And(Not(Nominal(a)),ontable)),Nominal(b))]
	Feat 1454	(c=8)	weight -0.9365:	Num[Or(Exists(on,And(Not(Nominal(a)),ontable)),holding)]
	Feat 1604	(c=8)	weight 0.06502:	Num[Or(Forall(on,Forall(on,Not(Nominal(a)))),clear)]
	Feat 1707	(c=8)	weight -0.00288:	Num[Or(Exists(on,Exists(on,Exists(on,<universe>))),Nominal(b))]
	Feat 1770	(c=8)	weight -1.104:	Num[Exists(on,Forall(on,Not(And(ontable,Nominal(b)))))]
	Feat 1816	(c=8)	weight -2.18:	Num[Or(And(Forall(Inverse(on),clear),Nominal(b)),Nominal(a))]
	Feat 1866	(c=8)	weight 0.5878:	Num[Not(And(Exists(on,Exists(on,Nominal(b))),clear))]
	Feat 2286	(c=8)	weight 0.4178:	Num[And(Not(Nominal(a)),Forall(Inverse(Star(on)),Nominal(b)))]
	Feat 2314	(c=8)	weight 0.6495:	Num[Or(Or(Nominal(a),Nominal(b)),Exists(Inverse(on),clear))]
	Feat 2372	(c=8)	weight 1.042:	Num[Or(And(holding,Nominal(a)),Exists(Star(on),Nominal(a)))]
	Feat 2476	(c=8)	weight 1.351:	Num[Or(And(Not(clear),Nominal(b)),Exists(on,Nominal(a)))]
	Feat 2643	(c=8)	weight 8.32:	Bool[And(And(Not(ontable),Nominal(b)),Forall(Inverse(on),<empty>))]
	Feat 2677	(c=8)	weight 8.928:	Bool[And(Or(Not(Nominal(a)),clear),Exists(on,Nominal(b)))]
	Feat 2746	(c=8)	weight 0.005434:	Bool[And(Forall(on,Not(Nominal(a))),And(clear,Nominal(b)))]
	Feat 3156	(c=7)	weight 0.009175:	Atom[handempty] Num[Forall(on,Exists(on,ontable))]
	Feat 3187	(c=8)	weight -0.1415:	Atom[handempty] Num[Or(Not(ontable),Or(clear,Nominal(a)))]
	Feat 3606	(c=8)	weight 0.02442:	Bool[holding] Num[Or(And(Forall(on,<empty>),Nominal(b)),clear)]
	Feat 3642	(c=8)	weight -0.06397:	Bool[holding] Num[Forall(on,Not(Or(ontable,Nominal(b))))]
	Feat 3701	(c=8)	weight -0.4658:	Bool[holding] Bool[Exists(on,And(Not(ontable),Nominal(b)))]
	Feat 3890	(c=7)	weight -2.972:	Bool[And(clear,Nominal(b))] Bool[And(holding,Nominal(a))]
	Feat 3993	(c=8)	weight 0.3805:	Bool[And(holding,Nominal(a))] Num[Not(Or(clear,ontable))]
	Feat 3995	(c=8)	weight -0.1853:	Bool[And(holding,Nominal(a))] Num[Or(Not(Nominal(a)),holding)]
	Feat 4105	(c=8)	weight 0.08808:	Bool[And(holding,Nominal(b))] Num[Forall(Star(on),Nominal(a))]
	Feat 4179	(c=8)	weight 0.02673:	Bool[And(ontable,Nominal(a))] Bool[And(Forall(on,<empty>),Nominal(a))]
	Feat 4265	(c=6)	weight 0.02139:	Bool[Exists(on,Nominal(b))] Num[Forall(on,<empty>)]
	Feat 4338	(c=6)	weight -0.02287:	Bool[Exists(on,Nominal(a))] Num[Forall(on,<empty>)]
	Feat 4462	(c=8)	weight -0.3901:	Bool[And(Forall(on,<empty>),Nominal(b))] Num[Or(holding,Nominal(a))]
	Feat 4484	(c=8)	weight 0.3701:	Bool[And(Not(clear),Nominal(a))] Num[Or(ontable,Nominal(b))]
	Feat 4549	(c=8)	weight 0.002468:	Bool[And(Not(ontable),Nominal(b))] Num[Or(clear,Nominal(a))]
	Feat 4653	(c=8)	weight 0.2041:	Bool[And(Forall(on,ontable),Nominal(a))] Num[Exists(on,<universe>)]
	Feat 4679	(c=8)	weight 0.006377:	Bool[Exists(on,And(ontable,Nominal(b)))] Num[Forall(on,<empty>)]
	Feat 4696	(c=8)	weight -0.0962:	Bool[And(Forall(Star(on),Nominal(a)),Nominal(b))] Num[clear]
Score 0.9116626942253367
Lambda=2.9212e-09
	Intercept	-4.001670490811231
	Feat 17	(c=3)	weight -0.01451:	Num[Or(ontable,Nominal(b))]
	Feat 25	(c=3)	weight -0.5112:	Bool[Exists(on,Nominal(a))]
	Feat 45	(c=4)	weight 0.2148:	Bool[And(Forall(on,<empty>),Nominal(b))]
	Feat 204	(c=6)	weight -0.2752:	Num[Or(Not(Nominal(a)),Forall(on,ontable))]
	Feat 347	(c=6)	weight 8.846:	Bool[And(Forall(on,<empty>),And(clear,Nominal(b)))]
	Feat 457	(c=7)	weight -0.008612:	Num[Forall(on,Or(Forall(on,Nominal(a)),Nominal(a)))]
	Feat 473	(c=7)	weight -1.816:	Bool[And(Forall(on,Exists(on,Nominal(a))),Nominal(b))]
	Feat 485	(c=7)	weight 0.978:	Num[Or(Exists(on,Exists(on,ontable)),Nominal(b))]
	Feat 569	(c=7)	weight -0.3486:	Num[Exists(Star(on),And(Not(Nominal(b)),ontable))]
	Feat 689	(c=7)	weight -0.1025:	Num[Or(Forall(on,Or(ontable,Nominal(b))),Nominal(b))]
	Feat 769	(c=7)	weight 0.4803:	Num[Or(And(Or(clear,ontable),Nominal(a)),holding)]
	Feat 918	(c=7)	weight 1.111:	Num[And(Exists(on,ontable),Or(clear,Nominal(b)))]
	Feat 1145	(c=8)	weight -0.5738:	Num[Or(Forall(Inverse(Star(on)),Not(Nominal(a))),ontable)]
	Feat 1151	(c=8)	weight 1.541:	Bool[And(Forall(on,Exists(Star(on),Nominal(a))),Nominal(b))]
	Feat 1159	(c=8)	weight -0.9819:	Num[Or(Forall(Star(on),Or(Nominal(a),Nominal(b))),clear)]
	Feat 1210	(c=8)	weight 0.2498:	Num[And(Forall(on,Exists(on,Nominal(a))),Not(Nominal(a)))]
	Feat 1234	(c=8)	weight -1.33:	Num[And(Not(Or(And(clear,Nominal(a)),Nominal(b))),ontable)]
	Feat 1290	(c=8)	weight 1.565:	Num[Or(Exists(on,Exists(on,ontable)),Not(Nominal(b)))]
	Feat 1422	(c=8)	weight 2.323:	Bool[And(Forall(on,Or(Not(Nominal(b)),ontable)),Nominal(a))]
	Feat 1450	(c=8)	weight 0.3085:	Bool[And(Exists(on,And(Not(Nominal(a)),ontable)),Nominal(b))]
	Feat 1454	(c=8)	weight -0.9486:	Num[Or(Exists(on,And(Not(Nominal(a)),ontable)),holding)]
	Feat 1604	(c=8)	weight 0.06527:	Num[Or(Forall(on,Forall(on,Not(Nominal(a)))),clear)]
	Feat 1707	(c=8)	weight -0.01081:	Num[Or(Exists(on,Exists(on,Exists(on,<universe>))),Nominal(b))]
	Feat 1770	(c=8)	weight -1.109:	Num[Exists(on,Forall(on,Not(And(ontable,Nominal(b)))))]
	Feat 1816	(c=8)	weight -2.187:	Num[Or(And(Forall(Inverse(on),clear),Nominal(b)),Nominal(a))]
	Feat 1843	(c=8)	weight -0.01038:	Num[Or(And(Not(Nominal(b)),Forall(on,Nominal(b))),clear)]
	Feat 1866	(c=8)	weight 0.5865:	Num[Not(And(Exists(on,Exists(on,Nominal(b))),clear))]
	Feat 2286	(c=8)	weight 0.414:	Num[And(Not(Nominal(a)),Forall(Inverse(Star(on)),Nominal(b)))]
	Feat 2314	(c=8)	weight 0.6489:	Num[Or(Or(Nominal(a),Nominal(b)),Exists(Inverse(on),clear))]
	Feat 2372	(c=8)	weight 1.043:	Num[Or(And(holding,Nominal(a)),Exists(Star(on),Nominal(a)))]
	Feat 2476	(c=8)	weight 1.353:	Num[Or(And(Not(clear),Nominal(b)),Exists(on,Nominal(a)))]
	Feat 2643	(c=8)	weight 8.329:	Bool[And(And(Not(ontable),Nominal(b)),Forall(Inverse(on),<empty>))]
	Feat 2677	(c=8)	weight 8.927:	Bool[And(Or(Not(Nominal(a)),clear),Exists(on,Nominal(b)))]
	Feat 2746	(c=8)	weight 0.01232:	Bool[And(Forall(on,Not(Nominal(a))),And(clear,Nominal(b)))]
	Feat 3156	(c=7)	weight 0.0147:	Atom[handempty] Num[Forall(on,Exists(on,ontable))]
	Feat 3187	(c=8)	weight -0.1483:	Atom[handempty] Num[Or(Not(ontable),Or(clear,Nominal(a)))]
	Feat 3606	(c=8)	weight 0.02524:	Bool[holding] Num[Or(And(Forall(on,<empty>),Nominal(b)),clear)]
	Feat 3642	(c=8)	weight -0.06539:	Bool[holding] Num[Forall(on,Not(Or(ontable,Nominal(b))))]
	Feat 3701	(c=8)	weight -0.4729:	Bool[holding] Bool[Exists(on,And(Not(ontable),Nominal(b)))]
	Feat 3890	(c=7)	weight -2.976:	Bool[And(clear,Nominal(b))] Bool[And(holding,Nominal(a))]
	Feat 3993	(c=8)	weight 0.38:	Bool[And(holding,Nominal(a))] Num[Not(Or(clear,ontable))]
	Feat 3995	(c=8)	weight -0.1876:	Bool[And(holding,Nominal(a))] Num[Or(Not(Nominal(a)),holding)]
	Feat 4105	(c=8)	weight 0.08647:	Bool[And(holding,Nominal(b))] Num[Forall(Star(on),Nominal(a))]
	Feat 4179	(c=8)	weight 0.02561:	Bool[And(ontable,Nominal(a))] Bool[And(Forall(on,<empty>),Nominal(a))]
	Feat 4265	(c=6)	weight 0.02123:	Bool[Exists(on,Nominal(b))] Num[Forall(on,<empty>)]
	Feat 4338	(c=6)	weight -0.02632:	Bool[Exists(on,Nominal(a))] Num[Forall(on,<empty>)]
	Feat 4462	(c=8)	weight -0.3905:	Bool[And(Forall(on,<empty>),Nominal(b))] Num[Or(holding,Nominal(a))]
	Feat 4484	(c=8)	weight 0.375:	Bool[And(Not(clear),Nominal(a))] Num[Or(ontable,Nominal(b))]
	Feat 4549	(c=8)	weight 0.005669:	Bool[And(Not(ontable),Nominal(b))] Num[Or(clear,Nominal(a))]
	Feat 4653	(c=8)	weight 0.2038:	Bool[And(Forall(on,ontable),Nominal(a))] Num[Exists(on,<universe>)]
	Feat 4679	(c=8)	weight 0.00472:	Bool[Exists(on,And(ontable,Nominal(b)))] Num[Forall(on,<empty>)]
	Feat 4696	(c=8)	weight -0.09106:	Bool[And(Forall(Star(on),Nominal(a)),Nominal(b))] Num[clear]
Score 0.9116665275340873
Lambda=1.97963e-09
	Intercept	-3.960968065633338
	Feat 0	(c=1)	weight 0.001836:	Atom[handempty]
	Feat 17	(c=3)	weight -0.01679:	Num[Or(ontable,Nominal(b))]
	Feat 25	(c=3)	weight -0.5134:	Bool[Exists(on,Nominal(a))]
	Feat 45	(c=4)	weight 0.2156:	Bool[And(Forall(on,<empty>),Nominal(b))]
	Feat 204	(c=6)	weight -0.2752:	Num[Or(Not(Nominal(a)),Forall(on,ontable))]
	Feat 347	(c=6)	weight 8.848:	Bool[And(Forall(on,<empty>),And(clear,Nominal(b)))]
	Feat 457	(c=7)	weight -0.007422:	Num[Forall(on,Or(Forall(on,Nominal(a)),Nominal(a)))]
	Feat 473	(c=7)	weight -1.815:	Bool[And(Forall(on,Exists(on,Nominal(a))),Nominal(b))]
	Feat 485	(c=7)	weight 0.9741:	Num[Or(Exists(on,Exists(on,ontable)),Nominal(b))]
	Feat 569	(c=7)	weight -0.3484:	Num[Exists(Star(on),And(Not(Nominal(b)),ontable))]
	Feat 689	(c=7)	weight -0.1015:	Num[Or(Forall(on,Or(ontable,Nominal(b))),Nominal(b))]
	Feat 769	(c=7)	weight 0.4813:	Num[Or(And(Or(clear,ontable),Nominal(a)),holding)]
	Feat 918	(c=7)	weight 1.111:	Num[And(Exists(on,ontable),Or(clear,Nominal(b)))]
	Feat 1145	(c=8)	weight -0.5734:	Num[Or(Forall(Inverse(Star(on)),Not(Nominal(a))),ontable)]
	Feat 1151	(c=8)	weight 1.538:	Bool[And(Forall(on,Exists(Star(on),Nominal(a))),Nominal(b))]
	Feat 1159	(c=8)	weight -0.982:	Num[Or(Forall(Star(on),Or(Nominal(a),Nominal(b))),clear)]
	Feat 1210	(c=8)	weight 0.2503:	Num[And(Forall(on,Exists(on,Nominal(a))),Not(Nominal(a)))]
	Feat 1234	(c=8)	weight -1.33:	Num[And(Not(Or(And(clear,Nominal(a)),Nominal(b))),ontable)]
	Feat 1290	(c=8)	weight 1.565:	Num[Or(Exists(on,Exists(on,ontable)),Not(Nominal(b)))]
	Feat 1422	(c=8)	weight 2.322:	Bool[And(Forall(on,Or(Not(Nominal(b)),ontable)),Nominal(a))]
	Feat 1450	(c=8)	weight 0.3135:	Bool[And(Exists(on,And(Not(Nominal(a)),ontable)),Nominal(b))]
	Feat 1454	(c=8)	weight -0.9522:	Num[Or(Exists(on,And(Not(Nominal(a)),ontable)),holding)]
	Feat 1604	(c=8)	weight 0.06665:	Num[Or(Forall(on,Forall(on,Not(Nominal(a)))),clear)]
	Feat 1707	(c=8)	weight -0.01467:	Num[Or(Exists(on,Exists(on,Exists(on,<universe>))),Nominal(b))]
	Feat 1770	(c=8)	weight -1.109:	Num[Exists(on,Forall(on,Not(And(ontable,Nominal(b)))))]
	Feat 1816	(c=8)	weight -2.19:	Num[Or(And(Forall(Inverse(on),clear),Nominal(b)),Nominal(a))]
	Feat 1843	(c=8)	weight -0.01347:	Num[Or(And(Not(Nominal(b)),Forall(on,Nominal(b))),clear)]
	Feat 1866	(c=8)	weight 0.5863:	Num[Not(And(Exists(on,Exists(on,Nominal(b))),clear))]
	Feat 2286	(c=8)	weight 0.4129:	Num[And(Not(Nominal(a)),Forall(Inverse(Star(on)),Nominal(b)))]
	Feat 2314	(c=8)	weight 0.648:	Num[Or(Or(Nominal(a),Nominal(b)),Exists(Inverse(on),clear))]
	Feat 2372	(c=8)	weight 1.044:	Num[Or(And(holding,Nominal(a)),Exists(Star(on),Nominal(a)))]
	Feat 2430	(c=8)	weight 0.002657:	Num[Or(And(Forall(on,<empty>),Nominal(b)),And(clear,Nominal(a)))]
	Feat 2476	(c=8)	weight 1.353:	Num[Or(And(Not(clear),Nominal(b)),Exists(on,Nominal(a)))]
	Feat 2559	(c=8)	weight -0.001591:	Num[And(Or(Not(Nominal(a)),ontable),Forall(on,ontable))]
	Feat 2643	(c=8)	weight 8.33:	Bool[And(And(Not(ontable),Nominal(b)),Forall(Inverse(on),<empty>))]
	Feat 2677	(c=8)	weight 8.928:	Bool[And(Or(Not(Nominal(a)),clear),Exists(on,Nominal(b)))]
	Feat 2746	(c=8)	weight 0.01214:	Bool[And(Forall(on,Not(Nominal(a))),And(clear,Nominal(b)))]
	Feat 3156	(c=7)	weight 0.01388:	Atom[handempty] Num[Forall(on,Exists(on,ontable))]
	Feat 3187	(c=8)	weight -0.1495:	Atom[handempty] Num[Or(Not(ontable),Or(clear,Nominal(a)))]
	Feat 3468	(c=6)	weight -0.001107:	Bool[holding] Num[Not(Or(holding,Nominal(b)))]
	Feat 3606	(c=8)	weight 0.02635:	Bool[holding] Num[Or(And(Forall(on,<empty>),Nominal(b)),clear)]
	Feat 3618	(c=8)	weight -0.0003644:	Bool[holding] Num[Or(Not(Nominal(b)),Or(clear,ontable))]
	Feat 3624	(c=8)	weight 0.002244:	Bool[holding] Num[Or(Exists(Inverse(on),clear),Nominal(b))]
	Feat 3642	(c=8)	weight -0.06681:	Bool[holding] Num[Forall(on,Not(Or(ontable,Nominal(b))))]
	Feat 3701	(c=8)	weight -0.4716:	Bool[holding] Bool[Exists(on,And(Not(ontable),Nominal(b)))]
	Feat 3890	(c=7)	weight -2.976:	Bool[And(clear,Nominal(b))] Bool[And(holding,Nominal(a))]
	Feat 3993	(c=8)	weight 0.3806:	Bool[And(holding,Nominal(a))] Num[Not(Or(clear,ontable))]
	Feat 3995	(c=8)	weight -0.1878:	Bool[And(holding,Nominal(a))] Num[Or(Not(Nominal(a)),holding)]
	Feat 4105	(c=8)	weight 0.08517:	Bool[And(holding,Nominal(b))] Num[Forall(Star(on),Nominal(a))]
	Feat 4179	(c=8)	weight 0.02647:	Bool[And(ontable,Nominal(a))] Bool[And(Forall(on,<empty>),Nominal(a))]
	Feat 4265	(c=6)	weight 0.02216:	Bool[Exists(on,Nominal(b))] Num[Forall(on,<empty>)]
	Feat 4325	(c=8)	weight -0.006828:	Bool[Exists(on,Nominal(b))] Bool[Exists(Inverse(on),Nominal(b))]
	Feat 4338	(c=6)	weight -0.02612:	Bool[Exists(on,Nominal(a))] Num[Forall(on,<empty>)]
	Feat 4462	(c=8)	weight -0.3905:	Bool[And(Forall(on,<empty>),Nominal(b))] Num[Or(holding,Nominal(a))]
	Feat 4484	(c=8)	weight 0.3753:	Bool[And(Not(clear),Nominal(a))] Num[Or(ontable,Nominal(b))]
	Feat 4549	(c=8)	weight 0.007192:	Bool[And(Not(ontable),Nominal(b))] Num[Or(clear,Nominal(a))]
	Feat 4653	(c=8)	weight 0.2035:	Bool[And(Forall(on,ontable),Nominal(a))] Num[Exists(on,<universe>)]
	Feat 4679	(c=8)	weight 0.003324:	Bool[Exists(on,And(ontable,Nominal(b)))] Num[Forall(on,<empty>)]
	Feat 4696	(c=8)	weight -0.09036:	Bool[And(Forall(Star(on),Nominal(a)),Nominal(b))] Num[clear]
Score 0.9116676180712692
Lambda=1.2077e-09
	Intercept	-3.9542108071604325
	Feat 0	(c=1)	weight 0.001888:	Atom[handempty]
	Feat 17	(c=3)	weight -0.01695:	Num[Or(ontable,Nominal(b))]
	Feat 25	(c=3)	weight -0.5134:	Bool[Exists(on,Nominal(a))]
	Feat 45	(c=4)	weight 0.2151:	Bool[And(Forall(on,<empty>),Nominal(b))]
	Feat 204	(c=6)	weight -0.2754:	Num[Or(Not(Nominal(a)),Forall(on,ontable))]
	Feat 347	(c=6)	weight 8.848:	Bool[And(Forall(on,<empty>),And(clear,Nominal(b)))]
	Feat 457	(c=7)	weight -0.007884:	Num[Forall(on,Or(Forall(on,Nominal(a)),Nominal(a)))]
	Feat 473	(c=7)	weight -1.814:	Bool[And(Forall(on,Exists(on,Nominal(a))),Nominal(b))]
	Feat 485	(c=7)	weight 0.9739:	Num[Or(Exists(on,Exists(on,ontable)),Nominal(b))]
	Feat 569	(c=7)	weight -0.3482:	Num[Exists(Star(on),And(Not(Nominal(b)),ontable))]
	Feat 689	(c=7)	weight -0.1012:	Num[Or(Forall(on,Or(ontable,Nominal(b))),Nominal(b))]
	Feat 769	(c=7)	weight 0.4812:	Num[Or(And(Or(clear,ontable),Nominal(a)),holding)]
	Feat 918	(c=7)	weight 1.111:	Num[And(Exists(on,ontable),Or(clear,Nominal(b)))]
	Feat 1132	(c=8)	weight 0.000606:	Num[And(Forall(Inverse(on),Or(clear,Nominal(b))),ontable)]
	Feat 1145	(c=8)	weight -0.5734:	Num[Or(Forall(Inverse(Star(on)),Not(Nominal(a))),ontable)]
	Feat 1151	(c=8)	weight 1.538:	Bool[And(Forall(on,Exists(Star(on),Nominal(a))),Nominal(b))]
	Feat 1159	(c=8)	weight -0.9818:	Num[Or(Forall(Star(on),Or(Nominal(a),Nominal(b))),clear)]
	Feat 1210	(c=8)	weight 0.2502:	Num[And(Forall(on,Exists(on,Nominal(a))),Not(Nominal(a)))]
	Feat 1234	(c=8)	weight -1.331:	Num[And(Not(Or(And(clear,Nominal(a)),Nominal(b))),ontable)]
	Feat 1290	(c=8)	weight 1.565:	Num[Or(Exists(on,Exists(on,ontable)),Not(Nominal(b)))]
	Feat 1422	(c=8)	weight 2.322:	Bool[And(Forall(on,Or(Not(Nominal(b)),ontable)),Nominal(a))]
	Feat 1450	(c=8)	weight 0.3132:	Bool[And(Exists(on,And(Not(Nominal(a)),ontable)),Nominal(b))]
	Feat 1454	(c=8)	weight -0.9525:	Num[Or(Exists(on,And(Not(Nominal(a)),ontable)),holding)]
	Feat 1604	(c=8)	weight 0.0668:	Num[Or(Forall(on,Forall(on,Not(Nominal(a)))),clear)]
	Feat 1707	(c=8)	weight -0.01517:	Num[Or(Exists(on,Exists(on,Exists(on,<universe>))),Nominal(b))]
	Feat 1770	(c=8)	weight -1.109:	Num[Exists(on,Forall(on,Not(And(ontable,Nominal(b)))))]
	Feat 1816	(c=8)	weight -2.191:	Num[Or(And(Forall(Inverse(on),clear),Nominal(b)),Nominal(a))]
	Feat 1843	(c=8)	weight -0.01414:	Num[Or(And(Not(Nominal(b)),Forall(on,Nominal(b))),clear)]
	Feat 1866	(c=8)	weight 0.5865:	Num[Not(And(Exists(on,Exists(on,Nominal(b))),clear))]
	Feat 2286	(c=8)	weight 0.4131:	Num[And(Not(Nominal(a)),Forall(Inverse(Star(on)),Nominal(b)))]
	Feat 2314	(c=8)	weight 0.6481:	Num[Or(Or(Nominal(a),Nominal(b)),Exists(Inverse(on),clear))]
	Feat 2372	(c=8)	weight 1.044:	Num[Or(And(holding,Nominal(a)),Exists(Star(on),Nominal(a)))]
	Feat 2430	(c=8)	weight 0.002536:	Num[Or(And(Forall(on,<empty>),Nominal(b)),And(clear,Nominal(a)))]
	Feat 2476	(c=8)	weight 1.353:	Num[Or(And(Not(clear),Nominal(b)),Exists(on,Nominal(a)))]
	Feat 2559	(c=8)	weight -0.001724:	Num[And(Or(Not(Nominal(a)),ontable),Forall(on,ontable))]
	Feat 2643	(c=8)	weight 8.33:	Bool[And(And(Not(ontable),Nominal(b)),Forall(Inverse(on),<empty>))]
	Feat 2677	(c=8)	weight 8.929:	Bool[And(Or(Not(Nominal(a)),clear),Exists(on,Nominal(b)))]
	Feat 2746	(c=8)	weight 0.01249:	Bool[And(Forall(on,Not(Nominal(a))),And(clear,Nominal(b)))]
	Feat 3156	(c=7)	weight 0.01384:	Atom[handempty] Num[Forall(on,Exists(on,ontable))]
	Feat 3187	(c=8)	weight -0.1497:	Atom[handempty] Num[Or(Not(ontable),Or(clear,Nominal(a)))]
	Feat 3468	(c=6)	weight -0.001049:	Bool[holding] Num[Not(Or(holding,Nominal(b)))]
	Feat 3606	(c=8)	weight 0.02636:	Bool[holding] Num[Or(And(Forall(on,<empty>),Nominal(b)),clear)]
	Feat 3618	(c=8)	weight -0.0004377:	Bool[holding] Num[Or(Not(Nominal(b)),Or(clear,ontable))]
	Feat 3624	(c=8)	weight 0.002583:	Bool[holding] Num[Or(Exists(Inverse(on),clear),Nominal(b))]
	Feat 3642	(c=8)	weight -0.06709:	Bool[holding] Num[Forall(on,Not(Or(ontable,Nominal(b))))]
	Feat 3701	(c=8)	weight -0.4715:	Bool[holding] Bool[Exists(on,And(Not(ontable),Nominal(b)))]
	Feat 3890	(c=7)	weight -2.975:	Bool[And(clear,Nominal(b))] Bool[And(holding,Nominal(a))]
	Feat 3993	(c=8)	weight 0.3805:	Bool[And(holding,Nominal(a))] Num[Not(Or(clear,ontable))]
	Feat 3995	(c=8)	weight -0.1879:	Bool[And(holding,Nominal(a))] Num[Or(Not(Nominal(a)),holding)]
	Feat 4105	(c=8)	weight 0.08503:	Bool[And(holding,Nominal(b))] Num[Forall(Star(on),Nominal(a))]
	Feat 4165	(c=8)	weight -0.0001381:	Bool[And(ontable,Nominal(a))] Num[Not(Or(holding,Nominal(b)))]
	Feat 4179	(c=8)	weight 0.02669:	Bool[And(ontable,Nominal(a))] Bool[And(Forall(on,<empty>),Nominal(a))]
	Feat 4265	(c=6)	weight 0.02223:	Bool[Exists(on,Nominal(b))] Num[Forall(on,<empty>)]
	Feat 4325	(c=8)	weight -0.007525:	Bool[Exists(on,Nominal(b))] Bool[Exists(Inverse(on),Nominal(b))]
	Feat 4338	(c=6)	weight -0.02605:	Bool[Exists(on,Nominal(a))] Num[Forall(on,<empty>)]
	Feat 4462	(c=8)	weight -0.3903:	Bool[And(Forall(on,<empty>),Nominal(b))] Num[Or(holding,Nominal(a))]
	Feat 4484	(c=8)	weight 0.3754:	Bool[And(Not(clear),Nominal(a))] Num[Or(ontable,Nominal(b))]
	Feat 4549	(c=8)	weight 0.007402:	Bool[And(Not(ontable),Nominal(b))] Num[Or(clear,Nominal(a))]
	Feat 4653	(c=8)	weight 0.2035:	Bool[And(Forall(on,ontable),Nominal(a))] Num[Exists(on,<universe>)]
	Feat 4679	(c=8)	weight 0.003262:	Bool[Exists(on,And(ontable,Nominal(b)))] Num[Forall(on,<empty>)]
	Feat 4696	(c=8)	weight -0.09013:	Bool[And(Forall(Star(on),Nominal(a)),Nominal(b))] Num[clear]
Score 0.9116677921523286
Lambda=8.06211e-10
	Intercept	-3.959491271349389
	Feat 0	(c=1)	weight 0.002261:	Atom[handempty]
	Feat 17	(c=3)	weight -0.01688:	Num[Or(ontable,Nominal(b))]
	Feat 25	(c=3)	weight -0.5138:	Bool[Exists(on,Nominal(a))]
	Feat 45	(c=4)	weight 0.2148:	Bool[And(Forall(on,<empty>),Nominal(b))]
	Feat 49	(c=4)	weight 0.000455:	Num[Not(Or(ontable,Nominal(b)))]
	Feat 204	(c=6)	weight -0.2752:	Num[Or(Not(Nominal(a)),Forall(on,ontable))]
	Feat 347	(c=6)	weight 8.849:	Bool[And(Forall(on,<empty>),And(clear,Nominal(b)))]
	Feat 457	(c=7)	weight -0.008408:	Num[Forall(on,Or(Forall(on,Nominal(a)),Nominal(a)))]
	Feat 473	(c=7)	weight -1.814:	Bool[And(Forall(on,Exists(on,Nominal(a))),Nominal(b))]
	Feat 485	(c=7)	weight 0.9738:	Num[Or(Exists(on,Exists(on,ontable)),Nominal(b))]
	Feat 569	(c=7)	weight -0.3478:	Num[Exists(Star(on),And(Not(Nominal(b)),ontable))]
	Feat 689	(c=7)	weight -0.101:	Num[Or(Forall(on,Or(ontable,Nominal(b))),Nominal(b))]
	Feat 769	(c=7)	weight 0.481:	Num[Or(And(Or(clear,ontable),Nominal(a)),holding)]
	Feat 918	(c=7)	weight 1.112:	Num[And(Exists(on,ontable),Or(clear,Nominal(b)))]
	Feat 1132	(c=8)	weight 0.001155:	Num[And(Forall(Inverse(on),Or(clear,Nominal(b))),ontable)]
	Feat 1145	(c=8)	weight -0.5732:	Num[Or(Forall(Inverse(Star(on)),Not(Nominal(a))),ontable)]
	Feat 1151	(c=8)	weight 1.538:	Bool[And(Forall(on,Exists(Star(on),Nominal(a))),Nominal(b))]
	Feat 1159	(c=8)	weight -0.9814:	Num[Or(Forall(Star(on),Or(Nominal(a),Nominal(b))),clear)]
	Feat 1210	(c=8)	weight 0.2508:	Num[And(Forall(on,Exists(on,Nominal(a))),Not(Nominal(a)))]
	Feat 1234	(c=8)	weight -1.332:	Num[And(Not(Or(And(clear,Nominal(a)),Nominal(b))),ontable)]
	Feat 1290	(c=8)	weight 1.566:	Num[Or(Exists(on,Exists(on,ontable)),Not(Nominal(b)))]
	Feat 1422	(c=8)	weight 2.322:	Bool[And(Forall(on,Or(Not(Nominal(b)),ontable)),Nominal(a))]
	Feat 1450	(c=8)	weight 0.3137:	Bool[And(Exists(on,And(Not(Nominal(a)),ontable)),Nominal(b))]
	Feat 1454	(c=8)	weight -0.9527:	Num[Or(Exists(on,And(Not(Nominal(a)),ontable)),holding)]
	Feat 1604	(c=8)	weight 0.06692:	Num[Or(Forall(on,Forall(on,Not(Nominal(a)))),clear)]
	Feat 1707	(c=8)	weight -0.01591:	Num[Or(Exists(on,Exists(on,Exists(on,<universe>))),Nominal(b))]
	Feat 1770	(c=8)	weight -1.109:	Num[Exists(on,Forall(on,Not(And(ontable,Nominal(b)))))]
	Feat 1816	(c=8)	weight -2.191:	Num[Or(And(Forall(Inverse(on),clear),Nominal(b)),Nominal(a))]
	Feat 1843	(c=8)	weight -0.0145:	Num[Or(And(Not(Nominal(b)),Forall(on,Nominal(b))),clear)]
	Feat 1866	(c=8)	weight 0.5864:	Num[Not(And(Exists(on,Exists(on,Nominal(b))),clear))]
	Feat 2146	(c=8)	weight 0.000343:	Num[Not(And(Forall(on,Nominal(a)),Or(clear,ontable)))]
	Feat 2286	(c=8)	weight 0.4132:	Num[And(Not(Nominal(a)),Forall(Inverse(Star(on)),Nominal(b)))]
	Feat 2314	(c=8)	weight 0.6481:	Num[Or(Or(Nominal(a),Nominal(b)),Exists(Inverse(on),clear))]
	Feat 2372	(c=8)	weight 1.044:	Num[Or(And(holding,Nominal(a)),Exists(Star(on),Nominal(a)))]
	Feat 2430	(c=8)	weight 0.003088:	Num[Or(And(Forall(on,<empty>),Nominal(b)),And(clear,Nominal(a)))]
	Feat 2476	(c=8)	weight 1.353:	Num[Or(And(Not(clear),Nominal(b)),Exists(on,Nominal(a)))]
	Feat 2559	(c=8)	weight -0.002202:	Num[And(Or(Not(Nominal(a)),ontable),Forall(on,ontable))]
	Feat 2643	(c=8)	weight 8.33:	Bool[And(And(Not(ontable),Nominal(b)),Forall(Inverse(on),<empty>))]
	Feat 2677	(c=8)	weight 8.93:	Bool[And(Or(Not(Nominal(a)),clear),Exists(on,Nominal(b)))]
	Feat 2746	(c=8)	weight 0.0129:	Bool[And(Forall(on,Not(Nominal(a))),And(clear,Nominal(b)))]
	Feat 3156	(c=7)	weight 0.01374:	Atom[handempty] Num[Forall(on,Exists(on,ontable))]
	Feat 3187	(c=8)	weight -0.1502:	Atom[handempty] Num[Or(Not(ontable),Or(clear,Nominal(a)))]
	Feat 3468	(c=6)	weight -0.00106:	Bool[holding] Num[Not(Or(holding,Nominal(b)))]
	Feat 3606	(c=8)	weight 0.02643:	Bool[holding] Num[Or(And(Forall(on,<empty>),Nominal(b)),clear)]
	Feat 3618	(c=8)	weight -0.0006415:	Bool[holding] Num[Or(Not(Nominal(b)),Or(clear,ontable))]
	Feat 3624	(c=8)	weight 0.002125:	Bool[holding] Num[Or(Exists(Inverse(on),clear),Nominal(b))]
	Feat 3642	(c=8)	weight -0.06712:	Bool[holding] Num[Forall(on,Not(Or(ontable,Nominal(b))))]
	Feat 3701	(c=8)	weight -0.4719:	Bool[holding] Bool[Exists(on,And(Not(ontable),Nominal(b)))]
	Feat 3890	(c=7)	weight -2.975:	Bool[And(clear,Nominal(b))] Bool[And(holding,Nominal(a))]
	Feat 3993	(c=8)	weight 0.3807:	Bool[And(holding,Nominal(a))] Num[Not(Or(clear,ontable))]
	Feat 3995	(c=8)	weight -0.188:	Bool[And(holding,Nominal(a))] Num[Or(Not(Nominal(a)),holding)]
	Feat 4105	(c=8)	weight 0.08484:	Bool[And(holding,Nominal(b))] Num[Forall(Star(on),Nominal(a))]
	Feat 4165	(c=8)	weight -0.0001648:	Bool[And(ontable,Nominal(a))] Num[Not(Or(holding,Nominal(b)))]
	Feat 4179	(c=8)	weight 0.02667:	Bool[And(ontable,Nominal(a))] Bool[And(Forall(on,<empty>),Nominal(a))]
	Feat 4265	(c=6)	weight 0.02237:	Bool[Exists(on,Nominal(b))] Num[Forall(on,<empty>)]
	Feat 4325	(c=8)	weight -0.009147:	Bool[Exists(on,Nominal(b))] Bool[Exists(Inverse(on),Nominal(b))]
	Feat 4338	(c=6)	weight -0.02599:	Bool[Exists(on,Nominal(a))] Num[Forall(on,<empty>)]
	Feat 4462	(c=8)	weight -0.3901:	Bool[And(Forall(on,<empty>),Nominal(b))] Num[Or(holding,Nominal(a))]
	Feat 4484	(c=8)	weight 0.3755:	Bool[And(Not(clear),Nominal(a))] Num[Or(ontable,Nominal(b))]
	Feat 4549	(c=8)	weight 0.008022:	Bool[And(Not(ontable),Nominal(b))] Num[Or(clear,Nominal(a))]
	Feat 4653	(c=8)	weight 0.2033:	Bool[And(Forall(on,ontable),Nominal(a))] Num[Exists(on,<universe>)]
	Feat 4679	(c=8)	weight 0.003014:	Bool[Exists(on,And(ontable,Nominal(b)))] Num[Forall(on,<empty>)]
	Feat 4696	(c=8)	weight -0.08969:	Bool[And(Forall(Star(on),Nominal(a)),Nominal(b))] Num[clear]
Score 0.9116680434521268
Lambda=1.28741e-10
	Intercept	-3.9572770511490827
	Feat 0	(c=1)	weight 0.002512:	Atom[handempty]
	Feat 17	(c=3)	weight -0.01698:	Num[Or(ontable,Nominal(b))]
	Feat 22	(c=3)	weight -0.0003932:	Bool[Exists(on,Nominal(b))]
	Feat 25	(c=3)	weight -0.5148:	Bool[Exists(on,Nominal(a))]
	Feat 45	(c=4)	weight 0.2149:	Bool[And(Forall(on,<empty>),Nominal(b))]
	Feat 49	(c=4)	weight 0.00103:	Num[Not(Or(ontable,Nominal(b)))]
	Feat 88	(c=5)	weight -0.0001968:	Num[Or(Exists(Inverse(on),<universe>),Nominal(b))]
	Feat 204	(c=6)	weight -0.2751:	Num[Or(Not(Nominal(a)),Forall(on,ontable))]
	Feat 334	(c=6)	weight -0.0002492:	Num[Or(Not(clear),Exists(on,Nominal(a)))]
	Feat 347	(c=6)	weight 8.848:	Bool[And(Forall(on,<empty>),And(clear,Nominal(b)))]
	Feat 457	(c=7)	weight -0.008894:	Num[Forall(on,Or(Forall(on,Nominal(a)),Nominal(a)))]
	Feat 473	(c=7)	weight -1.815:	Bool[And(Forall(on,Exists(on,Nominal(a))),Nominal(b))]
	Feat 485	(c=7)	weight 0.9737:	Num[Or(Exists(on,Exists(on,ontable)),Nominal(b))]
	Feat 569	(c=7)	weight -0.3475:	Num[Exists(Star(on),And(Not(Nominal(b)),ontable))]
	Feat 689	(c=7)	weight -0.1006:	Num[Or(Forall(on,Or(ontable,Nominal(b))),Nominal(b))]
	Feat 769	(c=7)	weight 0.4804:	Num[Or(And(Or(clear,ontable),Nominal(a)),holding)]
	Feat 918	(c=7)	weight 1.111:	Num[And(Exists(on,ontable),Or(clear,Nominal(b)))]
	Feat 1132	(c=8)	weight 0.001802:	Num[And(Forall(Inverse(on),Or(clear,Nominal(b))),ontable)]
	Feat 1145	(c=8)	weight -0.5734:	Num[Or(Forall(Inverse(Star(on)),Not(Nominal(a))),ontable)]
	Feat 1151	(c=8)	weight 1.537:	Bool[And(Forall(on,Exists(Star(on),Nominal(a))),Nominal(b))]
	Feat 1159	(c=8)	weight -0.9809:	Num[Or(Forall(Star(on),Or(Nominal(a),Nominal(b))),clear)]
	Feat 1210	(c=8)	weight 0.2511:	Num[And(Forall(on,Exists(on,Nominal(a))),Not(Nominal(a)))]
	Feat 1234	(c=8)	weight -1.333:	Num[And(Not(Or(And(clear,Nominal(a)),Nominal(b))),ontable)]
	Feat 1290	(c=8)	weight 1.566:	Num[Or(Exists(on,Exists(on,ontable)),Not(Nominal(b)))]
	Feat 1322	(c=8)	weight 0.0003921:	Num[Or(And(Forall(on,Nominal(a)),Nominal(b)),Not(clear))]
	Feat 1422	(c=8)	weight 2.321:	Bool[And(Forall(on,Or(Not(Nominal(b)),ontable)),Nominal(a))]
	Feat 1450	(c=8)	weight 0.314:	Bool[And(Exists(on,And(Not(Nominal(a)),ontable)),Nominal(b))]
	Feat 1454	(c=8)	weight -0.9532:	Num[Or(Exists(on,And(Not(Nominal(a)),ontable)),holding)]
	Feat 1604	(c=8)	weight 0.06686:	Num[Or(Forall(on,Forall(on,Not(Nominal(a)))),clear)]
	Feat 1707	(c=8)	weight -0.0163:	Num[Or(Exists(on,Exists(on,Exists(on,<universe>))),Nominal(b))]
	Feat 1770	(c=8)	weight -1.109:	Num[Exists(on,Forall(on,Not(And(ontable,Nominal(b)))))]
	Feat 1816	(c=8)	weight -2.192:	Num[Or(And(Forall(Inverse(on),clear),Nominal(b)),Nominal(a))]
	Feat 1843	(c=8)	weight -0.01502:	Num[Or(And(Not(Nominal(b)),Forall(on,Nominal(b))),clear)]
	Feat 1866	(c=8)	weight 0.5864:	Num[Not(And(Exists(on,Exists(on,Nominal(b))),clear))]
	Feat 2146	(c=8)	weight 0.000107:	Num[Not(And(Forall(on,Nominal(a)),Or(clear,ontable)))]
	Feat 2286	(c=8)	weight 0.4133:	Num[And(Not(Nominal(a)),Forall(Inverse(Star(on)),Nominal(b)))]
	Feat 2314	(c=8)	weight 0.6482:	Num[Or(Or(Nominal(a),Nominal(b)),Exists(Inverse(on),clear))]
	Feat 2372	(c=8)	weight 1.044:	Num[Or(And(holding,Nominal(a)),Exists(Star(on),Nominal(a)))]
	Feat 2430	(c=8)	weight 0.002446:	Num[Or(And(Forall(on,<empty>),Nominal(b)),And(clear,Nominal(a)))]
	Feat 2476	(c=8)	weight 1.353:	Num[Or(And(Not(clear),Nominal(b)),Exists(on,Nominal(a)))]
	Feat 2559	(c=8)	weight -0.00246:	Num[And(Or(Not(Nominal(a)),ontable),Forall(on,ontable))]
	Feat 2643	(c=8)	weight 8.33:	Bool[And(And(Not(ontable),Nominal(b)),Forall(Inverse(on),<empty>))]
	Feat 2677	(c=8)	weight 8.93:	Bool[And(Or(Not(Nominal(a)),clear),Exists(on,Nominal(b)))]
	Feat 2746	(c=8)	weight 0.01312:	Bool[And(Forall(on,Not(Nominal(a))),And(clear,Nominal(b)))]
	Feat 3156	(c=7)	weight 0.01387:	Atom[handempty] Num[Forall(on,Exists(on,ontable))]
	Feat 3187	(c=8)	weight -0.1506:	Atom[handempty] Num[Or(Not(ontable),Or(clear,Nominal(a)))]
	Feat 3468	(c=6)	weight -0.001168:	Bool[holding] Num[Not(Or(holding,Nominal(b)))]
	Feat 3606	(c=8)	weight 0.02667:	Bool[holding] Num[Or(And(Forall(on,<empty>),Nominal(b)),clear)]
	Feat 3618	(c=8)	weight -0.001032:	Bool[holding] Num[Or(Not(Nominal(b)),Or(clear,ontable))]
	Feat 3624	(c=8)	weight 0.002575:	Bool[holding] Num[Or(Exists(Inverse(on),clear),Nominal(b))]
	Feat 3642	(c=8)	weight -0.06707:	Bool[holding] Num[Forall(on,Not(Or(ontable,Nominal(b))))]
	Feat 3701	(c=8)	weight -0.4721:	Bool[holding] Bool[Exists(on,And(Not(ontable),Nominal(b)))]
	Feat 3890	(c=7)	weight -2.975:	Bool[And(clear,Nominal(b))] Bool[And(holding,Nominal(a))]
	Feat 3993	(c=8)	weight 0.3807:	Bool[And(holding,Nominal(a))] Num[Not(Or(clear,ontable))]
	Feat 3995	(c=8)	weight -0.188:	Bool[And(holding,Nominal(a))] Num[Or(Not(Nominal(a)),holding)]
	Feat 4105	(c=8)	weight 0.08472:	Bool[And(holding,Nominal(b))] Num[Forall(Star(on),Nominal(a))]
	Feat 4165	(c=8)	weight -0.0002104:	Bool[And(ontable,Nominal(a))] Num[Not(Or(holding,Nominal(b)))]
	Feat 4179	(c=8)	weight 0.0272:	Bool[And(ontable,Nominal(a))] Bool[And(Forall(on,<empty>),Nominal(a))]
	Feat 4265	(c=6)	weight 0.02242:	Bool[Exists(on,Nominal(b))] Num[Forall(on,<empty>)]
	Feat 4325	(c=8)	weight -0.01015:	Bool[Exists(on,Nominal(b))] Bool[Exists(Inverse(on),Nominal(b))]
	Feat 4338	(c=6)	weight -0.02604:	Bool[Exists(on,Nominal(a))] Num[Forall(on,<empty>)]
	Feat 4462	(c=8)	weight -0.3898:	Bool[And(Forall(on,<empty>),Nominal(b))] Num[Or(holding,Nominal(a))]
	Feat 4484	(c=8)	weight 0.3756:	Bool[And(Not(clear),Nominal(a))] Num[Or(ontable,Nominal(b))]
	Feat 4549	(c=8)	weight 0.008124:	Bool[And(Not(ontable),Nominal(b))] Num[Or(clear,Nominal(a))]
	Feat 4653	(c=8)	weight 0.2032:	Bool[And(Forall(on,ontable),Nominal(a))] Num[Exists(on,<universe>)]
	Feat 4679	(c=8)	weight 0.002662:	Bool[Exists(on,And(ontable,Nominal(b)))] Num[Forall(on,<empty>)]
	Feat 4696	(c=8)	weight -0.08952:	Bool[And(Forall(Star(on),Nominal(a)),Nominal(b))] Num[clear]
Score 0.9116682783928989
Lambda=3.22165e-11
	Intercept	-3.9518601109448532
	Feat 0	(c=1)	weight 0.002296:	Atom[handempty]
	Feat 17	(c=3)	weight -0.01732:	Num[Or(ontable,Nominal(b))]
	Feat 22	(c=3)	weight -0.0003418:	Bool[Exists(on,Nominal(b))]
	Feat 25	(c=3)	weight -0.5146:	Bool[Exists(on,Nominal(a))]
	Feat 45	(c=4)	weight 0.2153:	Bool[And(Forall(on,<empty>),Nominal(b))]
	Feat 49	(c=4)	weight 0.0008528:	Num[Not(Or(ontable,Nominal(b)))]
	Feat 88	(c=5)	weight -3.142e-05:	Num[Or(Exists(Inverse(on),<universe>),Nominal(b))]
	Feat 204	(c=6)	weight -0.275:	Num[Or(Not(Nominal(a)),Forall(on,ontable))]
	Feat 334	(c=6)	weight -0.0005035:	Num[Or(Not(clear),Exists(on,Nominal(a)))]
	Feat 347	(c=6)	weight 8.849:	Bool[And(Forall(on,<empty>),And(clear,Nominal(b)))]
	Feat 457	(c=7)	weight -0.00907:	Num[Forall(on,Or(Forall(on,Nominal(a)),Nominal(a)))]
	Feat 473	(c=7)	weight -1.815:	Bool[And(Forall(on,Exists(on,Nominal(a))),Nominal(b))]
	Feat 485	(c=7)	weight 0.9735:	Num[Or(Exists(on,Exists(on,ontable)),Nominal(b))]
	Feat 569	(c=7)	weight -0.3475:	Num[Exists(Star(on),And(Not(Nominal(b)),ontable))]
	Feat 689	(c=7)	weight -0.1001:	Num[Or(Forall(on,Or(ontable,Nominal(b))),Nominal(b))]
	Feat 769	(c=7)	weight 0.4797:	Num[Or(And(Or(clear,ontable),Nominal(a)),holding)]
	Feat 918	(c=7)	weight 1.112:	Num[And(Exists(on,ontable),Or(clear,Nominal(b)))]
	Feat 1132	(c=8)	weight 0.002011:	Num[And(Forall(Inverse(on),Or(clear,Nominal(b))),ontable)]
	Feat 1145	(c=8)	weight -0.5734:	Num[Or(Forall(Inverse(Star(on)),Not(Nominal(a))),ontable)]
	Feat 1151	(c=8)	weight 1.537:	Bool[And(Forall(on,Exists(Star(on),Nominal(a))),Nominal(b))]
	Feat 1159	(c=8)	weight -0.9807:	Num[Or(Forall(Star(on),Or(Nominal(a),Nominal(b))),clear)]
	Feat 1210	(c=8)	weight 0.251:	Num[And(Forall(on,Exists(on,Nominal(a))),Not(Nominal(a)))]
	Feat 1234	(c=8)	weight -1.333:	Num[And(Not(Or(And(clear,Nominal(a)),Nominal(b))),ontable)]
	Feat 1290	(c=8)	weight 1.567:	Num[Or(Exists(on,Exists(on,ontable)),Not(Nominal(b)))]
	Feat 1322	(c=8)	weight 0.0003468:	Num[Or(And(Forall(on,Nominal(a)),Nominal(b)),Not(clear))]
	Feat 1422	(c=8)	weight 2.321:	Bool[And(Forall(on,Or(Not(Nominal(b)),ontable)),Nominal(a))]
	Feat 1450	(c=8)	weight 0.3153:	Bool[And(Exists(on,And(Not(Nominal(a)),ontable)),Nominal(b))]
	Feat 1454	(c=8)	weight -0.9534:	Num[Or(Exists(on,And(Not(Nominal(a)),ontable)),holding)]
	Feat 1604	(c=8)	weight 0.06695:	Num[Or(Forall(on,Forall(on,Not(Nominal(a)))),clear)]
	Feat 1707	(c=8)	weight -0.01658:	Num[Or(Exists(on,Exists(on,Exists(on,<universe>))),Nominal(b))]
	Feat 1770	(c=8)	weight -1.109:	Num[Exists(on,Forall(on,Not(And(ontable,Nominal(b)))))]
	Feat 1816	(c=8)	weight -2.192:	Num[Or(And(Forall(Inverse(on),clear),Nominal(b)),Nominal(a))]
	Feat 1843	(c=8)	weight -0.01552:	Num[Or(And(Not(Nominal(b)),Forall(on,Nominal(b))),clear)]
	Feat 1866	(c=8)	weight 0.5861:	Num[Not(And(Exists(on,Exists(on,Nominal(b))),clear))]
	Feat 2146	(c=8)	weight 0.000237:	Num[Not(And(Forall(on,Nominal(a)),Or(clear,ontable)))]
	Feat 2286	(c=8)	weight 0.4133:	Num[And(Not(Nominal(a)),Forall(Inverse(Star(on)),Nominal(b)))]
	Feat 2314	(c=8)	weight 0.6481:	Num[Or(Or(Nominal(a),Nominal(b)),Exists(Inverse(on),clear))]
	Feat 2372	(c=8)	weight 1.044:	Num[Or(And(holding,Nominal(a)),Exists(Star(on),Nominal(a)))]
	Feat 2430	(c=8)	weight 0.002581:	Num[Or(And(Forall(on,<empty>),Nominal(b)),And(clear,Nominal(a)))]
	Feat 2476	(c=8)	weight 1.354:	Num[Or(And(Not(clear),Nominal(b)),Exists(on,Nominal(a)))]
	Feat 2559	(c=8)	weight -0.002836:	Num[And(Or(Not(Nominal(a)),ontable),Forall(on,ontable))]
	Feat 2643	(c=8)	weight 8.33:	Bool[And(And(Not(ontable),Nominal(b)),Forall(Inverse(on),<empty>))]
	Feat 2677	(c=8)	weight 8.931:	Bool[And(Or(Not(Nominal(a)),clear),Exists(on,Nominal(b)))]
	Feat 2746	(c=8)	weight 0.01317:	Bool[And(Forall(on,Not(Nominal(a))),And(clear,Nominal(b)))]
	Feat 3156	(c=7)	weight 0.01381:	Atom[handempty] Num[Forall(on,Exists(on,ontable))]
	Feat 3187	(c=8)	weight -0.1508:	Atom[handempty] Num[Or(Not(ontable),Or(clear,Nominal(a)))]
	Feat 3468	(c=6)	weight -0.001156:	Bool[holding] Num[Not(Or(holding,Nominal(b)))]
	Feat 3606	(c=8)	weight 0.02647:	Bool[holding] Num[Or(And(Forall(on,<empty>),Nominal(b)),clear)]
	Feat 3618	(c=8)	weight -0.001022:	Bool[holding] Num[Or(Not(Nominal(b)),Or(clear,ontable))]
	Feat 3624	(c=8)	weight 0.002417:	Bool[holding] Num[Or(Exists(Inverse(on),clear),Nominal(b))]
	Feat 3642	(c=8)	weight -0.06709:	Bool[holding] Num[Forall(on,Not(Or(ontable,Nominal(b))))]
	Feat 3701	(c=8)	weight -0.4723:	Bool[holding] Bool[Exists(on,And(Not(ontable),Nominal(b)))]
	Feat 3890	(c=7)	weight -2.975:	Bool[And(clear,Nominal(b))] Bool[And(holding,Nominal(a))]
	Feat 3991	(c=8)	weight -0.0003779:	Bool[And(holding,Nominal(a))] Bool[And(Not(holding),Nominal(b))]
	Feat 3993	(c=8)	weight 0.3808:	Bool[And(holding,Nominal(a))] Num[Not(Or(clear,ontable))]
	Feat 3995	(c=8)	weight -0.1881:	Bool[And(holding,Nominal(a))] Num[Or(Not(Nominal(a)),holding)]
	Feat 4105	(c=8)	weight 0.08465:	Bool[And(holding,Nominal(b))] Num[Forall(Star(on),Nominal(a))]
	Feat 4165	(c=8)	weight -0.0002928:	Bool[And(ontable,Nominal(a))] Num[Not(Or(holding,Nominal(b)))]
	Feat 4179	(c=8)	weight 0.0276:	Bool[And(ontable,Nominal(a))] Bool[And(Forall(on,<empty>),Nominal(a))]
	Feat 4265	(c=6)	weight 0.02243:	Bool[Exists(on,Nominal(b))] Num[Forall(on,<empty>)]
	Feat 4325	(c=8)	weight -0.01108:	Bool[Exists(on,Nominal(b))] Bool[Exists(Inverse(on),Nominal(b))]
	Feat 4338	(c=6)	weight -0.02607:	Bool[Exists(on,Nominal(a))] Num[Forall(on,<empty>)]
	Feat 4462	(c=8)	weight -0.3897:	Bool[And(Forall(on,<empty>),Nominal(b))] Num[Or(holding,Nominal(a))]
	Feat 4484	(c=8)	weight 0.3756:	Bool[And(Not(clear),Nominal(a))] Num[Or(ontable,Nominal(b))]
	Feat 4549	(c=8)	weight 0.008192:	Bool[And(Not(ontable),Nominal(b))] Num[Or(clear,Nominal(a))]
	Feat 4653	(c=8)	weight 0.2032:	Bool[And(Forall(on,ontable),Nominal(a))] Num[Exists(on,<universe>)]
	Feat 4679	(c=8)	weight 0.002505:	Bool[Exists(on,And(ontable,Nominal(b)))] Num[Forall(on,<empty>)]
	Feat 4696	(c=8)	weight -0.08928:	Bool[And(Forall(Star(on),Nominal(a)),Nominal(b))] Num[clear]
Score 0.9116684129162533
