Considering 13 features
Lasso Method
----------

Lambda=1.5469445814793046
Score 1.1102230246251565e-16
Lambda=0.9526830531223126
	Feat 17	(c=False)	weight -0.60452007508253:	Num[Or(ontable,Nominal(b))]
	Feat 25	(c=False)	weight 0.51254936613342:	Bool[Exists(on,Nominal(a))]
Score -0.17795597484710912
Lambda=0.5867081539782963
	Feat 17	(c=False)	weight -0.8204726412179:	Num[Or(ontable,Nominal(b))]
	Feat 22	(c=False)	weight 0.3227263210713:	Bool[Exists(on,Nominal(b))]
	Feat 25	(c=False)	weight 1.1523464411307:	Bool[Exists(on,Nominal(a))]
	Feat 1843	(c=False)	weight -0.066104789296443:	Num[Or(And(Not(Nominal(b)),Forall(on,Nominal(b))),clear)]
	Feat 3890	(c=False)	weight -0.20197235101073:	Bool[And(clear,Nominal(b))] Bool[And(holding,Nominal(a))]
Score -0.27917496401088204
Lambda=0.3613231670453846
	Feat 17	(c=False)	weight -0.90482395916405:	Num[Or(ontable,Nominal(b))]
	Feat 22	(c=False)	weight 0.69775565490596:	Bool[Exists(on,Nominal(b))]
	Feat 25	(c=False)	weight 1.4208297471451:	Bool[Exists(on,Nominal(a))]
	Feat 204	(c=False)	weight 0.53556932149657:	Num[Or(Not(Nominal(a)),Forall(on,ontable))]
	Feat 1843	(c=False)	weight -0.22564027965042:	Num[Or(And(Not(Nominal(b)),Forall(on,Nominal(b))),clear)]
	Feat 3890	(c=False)	weight -1.3616735859538:	Bool[And(clear,Nominal(b))] Bool[And(holding,Nominal(a))]
Score -0.07183281735715652
Lambda=0.2225202260416111
	Feat 17	(c=False)	weight -0.96915008368798:	Num[Or(ontable,Nominal(b))]
	Feat 22	(c=False)	weight 0.9293665972274:	Bool[Exists(on,Nominal(b))]
	Feat 25	(c=False)	weight 1.5625631862757:	Bool[Exists(on,Nominal(a))]
	Feat 204	(c=False)	weight 1.0114141708369:	Num[Or(Not(Nominal(a)),Forall(on,ontable))]
	Feat 1843	(c=False)	weight -0.33985720013164:	Num[Or(And(Not(Nominal(b)),Forall(on,Nominal(b))),clear)]
	Feat 3890	(c=False)	weight -2.1292797886092:	Bool[And(clear,Nominal(b))] Bool[And(holding,Nominal(a))]
Score -0.9975379523184029
Lambda=0.137038683133734
	Feat 17	(c=False)	weight -0.97410001377962:	Num[Or(ontable,Nominal(b))]
	Feat 22	(c=False)	weight 1.0524961338024:	Bool[Exists(on,Nominal(b))]
	Feat 25	(c=False)	weight 1.6745016047987:	Bool[Exists(on,Nominal(a))]
	Feat 204	(c=False)	weight 1.2931307778667:	Num[Or(Not(Nominal(a)),Forall(on,ontable))]
	Feat 569	(c=False)	weight -0.061893945776442:	Num[Exists(Star(on),And(Not(Nominal(b)),ontable))]
	Feat 1843	(c=False)	weight -0.45682206320632:	Num[Or(And(Not(Nominal(b)),Forall(on,Nominal(b))),clear)]
	Feat 3890	(c=False)	weight -2.5826617421585:	Bool[And(clear,Nominal(b))] Bool[And(holding,Nominal(a))]
	Feat 4696	(c=False)	weight -0.0021901885724142:	Bool[And(Forall(Star(on),Nominal(a)),Nominal(b))] Num[clear]
Score -1.7864258543937424
Lambda=0.08439502785475413
	Feat 17	(c=False)	weight -1.034151748114:	Num[Or(ontable,Nominal(b))]
	Feat 22	(c=False)	weight 1.0296957155599:	Bool[Exists(on,Nominal(b))]
	Feat 25	(c=False)	weight 1.7284380939582:	Bool[Exists(on,Nominal(a))]
	Feat 45	(c=True)	weight -0.46214312305394:	Bool[And(Forall(on,<empty>),Nominal(b))]
	Feat 204	(c=False)	weight 1.4718424252909:	Num[Or(Not(Nominal(a)),Forall(on,ontable))]
	Feat 569	(c=False)	weight -0.21557980236113:	Num[Exists(Star(on),And(Not(Nominal(b)),ontable))]
	Feat 1843	(c=False)	weight -0.56403421974416:	Num[Or(And(Not(Nominal(b)),Forall(on,Nominal(b))),clear)]
	Feat 3642	(c=False)	weight 0.015768460068097:	Bool[holding] Num[Forall(on,Not(Or(ontable,Nominal(b))))]
	Feat 3890	(c=False)	weight -3.005472682461:	Bool[And(clear,Nominal(b))] Bool[And(holding,Nominal(a))]
Score -1.6606194331878124
Lambda=0.051974526927217796
	Feat 17	(c=False)	weight -1.0684693982763:	Num[Or(ontable,Nominal(b))]
	Feat 22	(c=False)	weight 1.0173784127686:	Bool[Exists(on,Nominal(b))]
	Feat 25	(c=False)	weight 1.7626566757789:	Bool[Exists(on,Nominal(a))]
	Feat 45	(c=True)	weight -0.7487971271842:	Bool[And(Forall(on,<empty>),Nominal(b))]
	Feat 204	(c=False)	weight 1.5815761219452:	Num[Or(Not(Nominal(a)),Forall(on,ontable))]
	Feat 569	(c=False)	weight -0.31087950293318:	Num[Exists(Star(on),And(Not(Nominal(b)),ontable))]
	Feat 1843	(c=False)	weight -0.63180616026851:	Num[Or(And(Not(Nominal(b)),Forall(on,Nominal(b))),clear)]
	Feat 3642	(c=False)	weight 0.027784823755992:	Bool[holding] Num[Forall(on,Not(Or(ontable,Nominal(b))))]
	Feat 3890	(c=False)	weight -3.2715039064403:	Bool[And(clear,Nominal(b))] Bool[And(holding,Nominal(a))]
Score -1.5853320490874472
Lambda=0.032008419429130096
	Feat 17	(c=False)	weight -1.0805647700418:	Num[Or(ontable,Nominal(b))]
	Feat 22	(c=False)	weight 1.0055561161637:	Bool[Exists(on,Nominal(b))]
	Feat 25	(c=False)	weight 1.7993129814513:	Bool[Exists(on,Nominal(a))]
	Feat 45	(c=True)	weight -0.91828250310801:	Bool[And(Forall(on,<empty>),Nominal(b))]
	Feat 204	(c=False)	weight 1.6367678628177:	Num[Or(Not(Nominal(a)),Forall(on,ontable))]
	Feat 569	(c=False)	weight -0.36918663954157:	Num[Exists(Star(on),And(Not(Nominal(b)),ontable))]
	Feat 1843	(c=False)	weight -0.67612054574902:	Num[Or(And(Not(Nominal(b)),Forall(on,Nominal(b))),clear)]
	Feat 3642	(c=False)	weight 0.033486746485898:	Bool[holding] Num[Forall(on,Not(Or(ontable,Nominal(b))))]
	Feat 3890	(c=False)	weight -3.5495921093679:	Bool[And(clear,Nominal(b))] Bool[And(holding,Nominal(a))]
	Feat 3995	(c=False)	weight 0.019766792293688:	Bool[And(holding,Nominal(a))] Num[Or(Not(Nominal(a)),holding)]
Score -1.5036398061693554
Lambda=0.01971232784448081
	Feat 17	(c=False)	weight -1.0963717043894:	Num[Or(ontable,Nominal(b))]
	Feat 22	(c=False)	weight 0.99193711353557:	Bool[Exists(on,Nominal(b))]
	Feat 25	(c=False)	weight 1.8205890041605:	Bool[Exists(on,Nominal(a))]
	Feat 45	(c=True)	weight -1.0817246324966:	Bool[And(Forall(on,<empty>),Nominal(b))]
	Feat 204	(c=False)	weight 1.6663474432546:	Num[Or(Not(Nominal(a)),Forall(on,ontable))]
	Feat 569	(c=False)	weight -0.40707526831752:	Num[Exists(Star(on),And(Not(Nominal(b)),ontable))]
	Feat 1843	(c=False)	weight -0.70657340927239:	Num[Or(And(Not(Nominal(b)),Forall(on,Nominal(b))),clear)]
	Feat 3642	(c=False)	weight 0.036881887937615:	Bool[holding] Num[Forall(on,Not(Or(ontable,Nominal(b))))]
	Feat 3890	(c=False)	weight -3.7461109292266:	Bool[And(clear,Nominal(b))] Bool[And(holding,Nominal(a))]
	Feat 3995	(c=False)	weight 0.035384121498637:	Bool[And(holding,Nominal(a))] Num[Or(Not(Nominal(a)),holding)]
	Feat 4696	(c=False)	weight 0.021573563087949:	Bool[And(Forall(Star(on),Nominal(a)),Nominal(b))] Num[clear]
Score -1.402728283814835
Lambda=0.012139801838970525
	Feat 0	(c=False)	weight 0.22968958424419:	Atom[handempty]
	Feat 17	(c=False)	weight -1.1358869244105:	Num[Or(ontable,Nominal(b))]
	Feat 22	(c=False)	weight 0.97636886154837:	Bool[Exists(on,Nominal(b))]
	Feat 25	(c=False)	weight 1.8212773879:	Bool[Exists(on,Nominal(a))]
	Feat 45	(c=True)	weight -1.3693854017558:	Bool[And(Forall(on,<empty>),Nominal(b))]
	Feat 204	(c=False)	weight 1.681115362848:	Num[Or(Not(Nominal(a)),Forall(on,ontable))]
	Feat 569	(c=False)	weight -0.4369838555944:	Num[Exists(Star(on),And(Not(Nominal(b)),ontable))]
	Feat 1843	(c=False)	weight -0.72774391447502:	Num[Or(And(Not(Nominal(b)),Forall(on,Nominal(b))),clear)]
	Feat 3642	(c=False)	weight 0.083141039040281:	Bool[holding] Num[Forall(on,Not(Or(ontable,Nominal(b))))]
	Feat 3890	(c=False)	weight -3.88796239413:	Bool[And(clear,Nominal(b))] Bool[And(holding,Nominal(a))]
	Feat 3995	(c=False)	weight 0.045793246321797:	Bool[And(holding,Nominal(a))] Num[Or(Not(Nominal(a)),holding)]
	Feat 4696	(c=False)	weight 0.094200152980474:	Bool[And(Forall(Star(on),Nominal(a)),Nominal(b))] Num[clear]
Score -1.3826189637826913
Lambda=0.007476275245226056
	Feat 0	(c=False)	weight 1.3758004965294:	Atom[handempty]
	Feat 17	(c=False)	weight -1.1918638665225:	Num[Or(ontable,Nominal(b))]
	Feat 22	(c=False)	weight 0.9968792136061:	Bool[Exists(on,Nominal(b))]
	Feat 25	(c=False)	weight 1.8203325998419:	Bool[Exists(on,Nominal(a))]
	Feat 45	(c=True)	weight -1.5574554669691:	Bool[And(Forall(on,<empty>),Nominal(b))]
	Feat 204	(c=False)	weight 1.6974992870534:	Num[Or(Not(Nominal(a)),Forall(on,ontable))]
	Feat 569	(c=False)	weight -0.44520240606056:	Num[Exists(Star(on),And(Not(Nominal(b)),ontable))]
	Feat 1843	(c=False)	weight -0.69168649371305:	Num[Or(And(Not(Nominal(b)),Forall(on,Nominal(b))),clear)]
	Feat 3642	(c=False)	weight 0.29989249130918:	Bool[holding] Num[Forall(on,Not(Or(ontable,Nominal(b))))]
	Feat 3701	(c=False)	weight 0.019266832279121:	Bool[holding] Bool[Exists(on,And(Not(ontable),Nominal(b)))]
	Feat 3890	(c=False)	weight -4.0317785241557:	Bool[And(clear,Nominal(b))] Bool[And(holding,Nominal(a))]
	Feat 3995	(c=False)	weight 0.055500017182704:	Bool[And(holding,Nominal(a))] Num[Or(Not(Nominal(a)),holding)]
	Feat 4696	(c=False)	weight 0.1342615959549:	Bool[And(Forall(Star(on),Nominal(a)),Nominal(b))] Num[clear]
Score -2.2594187815226676
Lambda=0.004604250735209684
	Feat 0	(c=False)	weight 2.2345874193623:	Atom[handempty]
	Feat 17	(c=False)	weight -1.2282820506828:	Num[Or(ontable,Nominal(b))]
	Feat 22	(c=False)	weight 0.99273295051946:	Bool[Exists(on,Nominal(b))]
	Feat 25	(c=False)	weight 1.8202464956148:	Bool[Exists(on,Nominal(a))]
	Feat 45	(c=True)	weight -1.6489510589225:	Bool[And(Forall(on,<empty>),Nominal(b))]
	Feat 204	(c=False)	weight 1.7104238099876:	Num[Or(Not(Nominal(a)),Forall(on,ontable))]
	Feat 569	(c=False)	weight -0.45164858820153:	Num[Exists(Star(on),And(Not(Nominal(b)),ontable))]
	Feat 1843	(c=False)	weight -0.66544598976878:	Num[Or(And(Not(Nominal(b)),Forall(on,Nominal(b))),clear)]
	Feat 3642	(c=False)	weight 0.45662770681482:	Bool[holding] Num[Forall(on,Not(Or(ontable,Nominal(b))))]
	Feat 3701	(c=False)	weight 0.11644639209555:	Bool[holding] Bool[Exists(on,And(Not(ontable),Nominal(b)))]
	Feat 3890	(c=False)	weight -4.0958089392596:	Bool[And(clear,Nominal(b))] Bool[And(holding,Nominal(a))]
	Feat 3995	(c=False)	weight 0.059791133508629:	Bool[And(holding,Nominal(a))] Num[Or(Not(Nominal(a)),holding)]
	Feat 4696	(c=False)	weight 0.15495287764903:	Bool[And(Forall(Star(on),Nominal(a)),Nominal(b))] Num[clear]
Score -3.068462553823223
Lambda=0.0028355195785783206
	Feat 0	(c=False)	weight 2.7632064646687:	Atom[handempty]
	Feat 17	(c=False)	weight -1.2507438076388:	Num[Or(ontable,Nominal(b))]
	Feat 22	(c=False)	weight 0.99014332829421:	Bool[Exists(on,Nominal(b))]
	Feat 25	(c=False)	weight 1.8201653586843:	Bool[Exists(on,Nominal(a))]
	Feat 45	(c=True)	weight -1.7057447696904:	Bool[And(Forall(on,<empty>),Nominal(b))]
	Feat 204	(c=False)	weight 1.7183716440128:	Num[Or(Not(Nominal(a)),Forall(on,ontable))]
	Feat 569	(c=False)	weight -0.45564789399752:	Num[Exists(Star(on),And(Not(Nominal(b)),ontable))]
	Feat 1843	(c=False)	weight -0.64933884811586:	Num[Or(And(Not(Nominal(b)),Forall(on,Nominal(b))),clear)]
	Feat 3642	(c=False)	weight 0.55310870700799:	Bool[holding] Num[Forall(on,Not(Or(ontable,Nominal(b))))]
	Feat 3701	(c=False)	weight 0.17623939588152:	Bool[holding] Bool[Exists(on,And(Not(ontable),Nominal(b)))]
	Feat 3890	(c=False)	weight -4.1352722776951:	Bool[And(clear,Nominal(b))] Bool[And(holding,Nominal(a))]
	Feat 3995	(c=False)	weight 0.062434709482383:	Bool[And(holding,Nominal(a))] Num[Or(Not(Nominal(a)),holding)]
	Feat 4696	(c=False)	weight 0.16781469053421:	Bool[And(Forall(Star(on),Nominal(a)),Nominal(b))] Num[clear]
Score -3.6271747812593045
Lambda=0.0017462496599101518
	Feat 0	(c=False)	weight 3.0887154056833:	Atom[handempty]
	Feat 17	(c=False)	weight -1.2645755056494:	Num[Or(ontable,Nominal(b))]
	Feat 22	(c=False)	weight 0.98854845256821:	Bool[Exists(on,Nominal(b))]
	Feat 25	(c=False)	weight 1.8201154160135:	Bool[Exists(on,Nominal(a))]
	Feat 45	(c=True)	weight -1.7407208882105:	Bool[And(Forall(on,<empty>),Nominal(b))]
	Feat 204	(c=False)	weight 1.7232659972445:	Num[Or(Not(Nominal(a)),Forall(on,ontable))]
	Feat 569	(c=False)	weight -0.45811107518014:	Num[Exists(Star(on),And(Not(Nominal(b)),ontable))]
	Feat 1843	(c=False)	weight -0.63942107327669:	Num[Or(And(Not(Nominal(b)),Forall(on,Nominal(b))),clear)]
	Feat 3642	(c=False)	weight 0.61251909946461:	Bool[holding] Num[Forall(on,Not(Or(ontable,Nominal(b))))]
	Feat 3701	(c=False)	weight 0.2130580616397:	Bool[holding] Bool[Exists(on,And(Not(ontable),Nominal(b)))]
	Feat 3890	(c=False)	weight -4.1595751191015:	Bool[And(clear,Nominal(b))] Bool[And(holding,Nominal(a))]
	Feat 3995	(c=False)	weight 0.064062726703039:	Bool[And(holding,Nominal(a))] Num[Or(Not(Nominal(a)),holding)]
	Feat 4696	(c=False)	weight 0.17573568479972:	Bool[And(Forall(Star(on),Nominal(a)),Nominal(b))] Num[clear]
Score -3.9944075787481026
Lambda=0.001075424729130324
	Feat 0	(c=False)	weight 3.2875207297515:	Atom[handempty]
	Feat 17	(c=False)	weight -1.2730392630123:	Num[Or(ontable,Nominal(b))]
	Feat 22	(c=False)	weight 0.98756316523092:	Bool[Exists(on,Nominal(b))]
	Feat 25	(c=False)	weight 1.8200852970723:	Bool[Exists(on,Nominal(a))]
	Feat 45	(c=True)	weight -1.7622595432506:	Bool[And(Forall(on,<empty>),Nominal(b))]
	Feat 204	(c=False)	weight 1.7262673941154:	Num[Or(Not(Nominal(a)),Forall(on,ontable))]
	Feat 569	(c=False)	weight -0.45963734598212:	Num[Exists(Star(on),And(Not(Nominal(b)),ontable))]
	Feat 1843	(c=False)	weight -0.63338729149344:	Num[Or(And(Not(Nominal(b)),Forall(on,Nominal(b))),clear)]
	Feat 3642	(c=False)	weight 0.64880704757202:	Bool[holding] Num[Forall(on,Not(Or(ontable,Nominal(b))))]
	Feat 3701	(c=False)	weight 0.23553625542749:	Bool[holding] Bool[Exists(on,And(Not(ontable),Nominal(b)))]
	Feat 3890	(c=False)	weight -4.1745182521636:	Bool[And(clear,Nominal(b))] Bool[And(holding,Nominal(a))]
	Feat 3995	(c=False)	weight 0.065064342629701:	Bool[And(holding,Nominal(a))] Num[Or(Not(Nominal(a)),holding)]
	Feat 4696	(c=False)	weight 0.18061838207234:	Bool[And(Forall(Star(on),Nominal(a)),Nominal(b))] Num[clear]
Score -4.227198392543987
Lambda=0.0006622983955710761
	Feat 0	(c=False)	weight 3.4125567242358:	Atom[handempty]
	Feat 17	(c=False)	weight -1.278334006815:	Num[Or(ontable,Nominal(b))]
	Feat 22	(c=False)	weight 0.98696371278872:	Bool[Exists(on,Nominal(b))]
	Feat 25	(c=False)	weight 1.8200676233957:	Bool[Exists(on,Nominal(a))]
	Feat 45	(c=True)	weight -1.7754969129574:	Bool[And(Forall(on,<empty>),Nominal(b))]
	Feat 204	(c=False)	weight 1.7281364669527:	Num[Or(Not(Nominal(a)),Forall(on,ontable))]
	Feat 569	(c=False)	weight -0.46056080343355:	Num[Exists(Star(on),And(Not(Nominal(b)),ontable))]
	Feat 1843	(c=False)	weight -0.62955271528057:	Num[Or(And(Not(Nominal(b)),Forall(on,Nominal(b))),clear)]
	Feat 3642	(c=False)	weight 0.67162505875683:	Bool[holding] Num[Forall(on,Not(Or(ontable,Nominal(b))))]
	Feat 3701	(c=False)	weight 0.24968923452156:	Bool[holding] Bool[Exists(on,And(Not(ontable),Nominal(b)))]
	Feat 3890	(c=False)	weight -4.1837561698217:	Bool[And(clear,Nominal(b))] Bool[And(holding,Nominal(a))]
	Feat 3995	(c=False)	weight 0.065682706974086:	Bool[And(holding,Nominal(a))] Num[Or(Not(Nominal(a)),holding)]
	Feat 4696	(c=False)	weight 0.18361050820207:	Bool[And(Forall(Star(on),Nominal(a)),Nominal(b))] Num[clear]
Score -4.377337084214397
Lambda=0.0004078752821043467
	Feat 0	(c=False)	weight 3.4872126947129:	Atom[handempty]
	Feat 17	(c=False)	weight -1.2815076460283:	Num[Or(ontable,Nominal(b))]
	Feat 22	(c=False)	weight 0.98659830870926:	Bool[Exists(on,Nominal(b))]
	Feat 25	(c=False)	weight 1.8200638124657:	Bool[Exists(on,Nominal(a))]
	Feat 45	(c=True)	weight -1.7835509438207:	Bool[And(Forall(on,<empty>),Nominal(b))]
	Feat 204	(c=False)	weight 1.7292714781165:	Num[Or(Not(Nominal(a)),Forall(on,ontable))]
	Feat 569	(c=False)	weight -0.46113657952331:	Num[Exists(Star(on),And(Not(Nominal(b)),ontable))]
	Feat 1843	(c=False)	weight -0.62728767411362:	Num[Or(And(Not(Nominal(b)),Forall(on,Nominal(b))),clear)]
	Feat 3642	(c=False)	weight 0.68525252966379:	Bool[holding] Num[Forall(on,Not(Or(ontable,Nominal(b))))]
	Feat 3701	(c=False)	weight 0.25813234754686:	Bool[holding] Bool[Exists(on,And(Not(ontable),Nominal(b)))]
	Feat 3890	(c=False)	weight -4.1894051401248:	Bool[And(clear,Nominal(b))] Bool[And(holding,Nominal(a))]
	Feat 3995	(c=False)	weight 0.066061977158388:	Bool[And(holding,Nominal(a))] Num[Or(Not(Nominal(a)),holding)]
	Feat 4696	(c=False)	weight 0.18543426337955:	Bool[And(Forall(Star(on),Nominal(a)),Nominal(b))] Num[clear]
Score -4.468090523824089
Lambda=0.00025118926282201277
	Feat 0	(c=False)	weight 3.5360075737537:	Atom[handempty]
	Feat 17	(c=False)	weight -1.2835468426588:	Num[Or(ontable,Nominal(b))]
	Feat 22	(c=False)	weight 0.98638508649425:	Bool[Exists(on,Nominal(b))]
	Feat 25	(c=False)	weight 1.8200657637327:	Bool[Exists(on,Nominal(a))]
	Feat 45	(c=True)	weight -1.7884285278724:	Bool[And(Forall(on,<empty>),Nominal(b))]
	Feat 204	(c=False)	weight 1.729993972883:	Num[Or(Not(Nominal(a)),Forall(on,ontable))]
	Feat 569	(c=False)	weight -0.46147003546889:	Num[Exists(Star(on),And(Not(Nominal(b)),ontable))]
	Feat 1843	(c=False)	weight -0.62575894588519:	Num[Or(And(Not(Nominal(b)),Forall(on,Nominal(b))),clear)]
	Feat 3642	(c=False)	weight 0.69415369692517:	Bool[holding] Num[Forall(on,Not(Or(ontable,Nominal(b))))]
	Feat 3701	(c=False)	weight 0.26367028147791:	Bool[holding] Bool[Exists(on,And(Not(ontable),Nominal(b)))]
	Feat 3890	(c=False)	weight -4.1929185798503:	Bool[And(clear,Nominal(b))] Bool[And(holding,Nominal(a))]
	Feat 3995	(c=False)	weight 0.066297080443779:	Bool[And(holding,Nominal(a))] Num[Or(Not(Nominal(a)),holding)]
	Feat 4696	(c=False)	weight 0.18652716422752:	Bool[And(Forall(Star(on),Nominal(a)),Nominal(b))] Num[clear]
Score -4.528373631368693
Lambda=0.00015469445814793046
	Feat 0	(c=False)	weight 3.5651142589289:	Atom[handempty]
	Feat 17	(c=False)	weight -1.2847642500031:	Num[Or(ontable,Nominal(b))]
	Feat 22	(c=False)	weight 0.98626014706255:	Bool[Exists(on,Nominal(b))]
	Feat 25	(c=False)	weight 1.8200762689812:	Bool[Exists(on,Nominal(a))]
	Feat 45	(c=True)	weight -1.7912868501066:	Bool[And(Forall(on,<empty>),Nominal(b))]
	Feat 204	(c=False)	weight 1.7304346283145:	Num[Or(Not(Nominal(a)),Forall(on,ontable))]
	Feat 569	(c=False)	weight -0.46167214670102:	Num[Exists(Star(on),And(Not(Nominal(b)),ontable))]
	Feat 1843	(c=False)	weight -0.62484206079966:	Num[Or(And(Not(Nominal(b)),Forall(on,Nominal(b))),clear)]
	Feat 3642	(c=False)	weight 0.6994633150554:	Bool[holding] Num[Forall(on,Not(Or(ontable,Nominal(b))))]
	Feat 3701	(c=False)	weight 0.26697550401794:	Bool[holding] Bool[Exists(on,And(Not(ontable),Nominal(b)))]
	Feat 3890	(c=False)	weight -4.1950593016374:	Bool[And(clear,Nominal(b))] Bool[And(holding,Nominal(a))]
	Feat 3995	(c=False)	weight 0.066440804660221:	Bool[And(holding,Nominal(a))] Num[Or(Not(Nominal(a)),holding)]
	Feat 4696	(c=False)	weight 0.18716353700389:	Bool[And(Forall(Star(on),Nominal(a)),Nominal(b))] Num[clear]
Score -4.564621772002394
