Considering 14 features
Lasso Method
----------

Lambda=1.5469445814793046
Score 1.1102230246251565e-16
Lambda=0.9526830531223126
	Feat 17	(c=False)	weight -0.57005470677793:	Num[Or(ontable,Nominal(b))]
	Feat 25	(c=False)	weight 0.13178502983967:	Bool[Exists(on,Nominal(a))]
	Feat 1454	(c=False)	weight -0.63725562016231:	Num[Or(Exists(on,And(Not(Nominal(a)),ontable)),holding)]
Score -0.6051314421528289
Lambda=0.5867081539782963
	Feat 17	(c=False)	weight -0.86248024550587:	Num[Or(ontable,Nominal(b))]
	Feat 22	(c=False)	weight 0.16157742134366:	Bool[Exists(on,Nominal(b))]
	Feat 25	(c=False)	weight 0.59750787735418:	Bool[Exists(on,Nominal(a))]
	Feat 1454	(c=False)	weight -0.93819906025084:	Num[Or(Exists(on,And(Not(Nominal(a)),ontable)),holding)]
Score -1.150074816496447
Lambda=0.3613231670453846
	Feat 0	(c=False)	weight -0.087354086639774:	Atom[handempty]
	Feat 17	(c=False)	weight -1.0851376863236:	Num[Or(ontable,Nominal(b))]
	Feat 22	(c=False)	weight 0.48267546366885:	Bool[Exists(on,Nominal(b))]
	Feat 25	(c=False)	weight 0.80081080980338:	Bool[Exists(on,Nominal(a))]
	Feat 204	(c=False)	weight 0.50115228362139:	Num[Or(Not(Nominal(a)),Forall(on,ontable))]
	Feat 1454	(c=False)	weight -1.1319846212507:	Num[Or(Exists(on,And(Not(Nominal(a)),ontable)),holding)]
	Feat 3890	(c=False)	weight -1.1263065003697:	Bool[And(clear,Nominal(b))] Bool[And(holding,Nominal(a))]
Score -0.14106127417435288
Lambda=0.2225202260416111
	Feat 0	(c=False)	weight -0.64849745312705:	Atom[handempty]
	Feat 17	(c=False)	weight -1.1909739115372:	Num[Or(ontable,Nominal(b))]
	Feat 22	(c=False)	weight 0.69085902228002:	Bool[Exists(on,Nominal(b))]
	Feat 25	(c=False)	weight 0.88776150022097:	Bool[Exists(on,Nominal(a))]
	Feat 204	(c=False)	weight 0.847169283513:	Num[Or(Not(Nominal(a)),Forall(on,ontable))]
	Feat 569	(c=False)	weight -0.062984517315845:	Num[Exists(Star(on),And(Not(Nominal(b)),ontable))]
	Feat 1454	(c=False)	weight -1.473029980497:	Num[Or(Exists(on,And(Not(Nominal(a)),ontable)),holding)]
	Feat 3890	(c=False)	weight -2.034417936431:	Bool[And(clear,Nominal(b))] Bool[And(holding,Nominal(a))]
Score -0.009465016518426905
Lambda=0.137038683133734
	Feat 0	(c=False)	weight -0.9688801824283:	Atom[handempty]
	Feat 17	(c=False)	weight -1.2655972312164:	Num[Or(ontable,Nominal(b))]
	Feat 22	(c=False)	weight 0.77667810145309:	Bool[Exists(on,Nominal(b))]
	Feat 25	(c=False)	weight 0.945235577038:	Bool[Exists(on,Nominal(a))]
	Feat 204	(c=False)	weight 1.0635195030845:	Num[Or(Not(Nominal(a)),Forall(on,ontable))]
	Feat 569	(c=False)	weight -0.15512020421117:	Num[Exists(Star(on),And(Not(Nominal(b)),ontable))]
	Feat 1454	(c=False)	weight -1.6940198192222:	Num[Or(Exists(on,And(Not(Nominal(a)),ontable)),holding)]
	Feat 3890	(c=False)	weight -2.6124184042736:	Bool[And(clear,Nominal(b))] Bool[And(holding,Nominal(a))]
	Feat 4696	(c=False)	weight -0.049825036551957:	Bool[And(Forall(Star(on),Nominal(a)),Nominal(b))] Num[clear]
Score 0.0039002597853567966
Lambda=0.08439502785475413
	Feat 0	(c=False)	weight -1.1471187772604:	Atom[handempty]
	Feat 17	(c=False)	weight -1.3175449066313:	Num[Or(ontable,Nominal(b))]
	Feat 22	(c=False)	weight 0.7956596208868:	Bool[Exists(on,Nominal(b))]
	Feat 25	(c=False)	weight 0.97779787937991:	Bool[Exists(on,Nominal(a))]
	Feat 204	(c=False)	weight 1.2109994899154:	Num[Or(Not(Nominal(a)),Forall(on,ontable))]
	Feat 569	(c=False)	weight -0.24886787548729:	Num[Exists(Star(on),And(Not(Nominal(b)),ontable))]
	Feat 1454	(c=False)	weight -1.8315875520743:	Num[Or(Exists(on,And(Not(Nominal(a)),ontable)),holding)]
	Feat 3890	(c=False)	weight -3.0009056419682:	Bool[And(clear,Nominal(b))] Bool[And(holding,Nominal(a))]
	Feat 4696	(c=False)	weight -0.14158014964906:	Bool[And(Forall(Star(on),Nominal(a)),Nominal(b))] Num[clear]
Score 0.005009489265673905
Lambda=0.051974526927217796
	Feat 0	(c=False)	weight -1.2513817703412:	Atom[handempty]
	Feat 17	(c=False)	weight -1.3592060677376:	Num[Or(ontable,Nominal(b))]
	Feat 22	(c=False)	weight 0.8004355667003:	Bool[Exists(on,Nominal(b))]
	Feat 25	(c=False)	weight 1.0011151759262:	Bool[Exists(on,Nominal(a))]
	Feat 204	(c=False)	weight 1.2949208957942:	Num[Or(Not(Nominal(a)),Forall(on,ontable))]
	Feat 569	(c=False)	weight -0.30607716571423:	Num[Exists(Star(on),And(Not(Nominal(b)),ontable))]
	Feat 1454	(c=False)	weight -1.9224504297286:	Num[Or(Exists(on,And(Not(Nominal(a)),ontable)),holding)]
	Feat 1843	(c=False)	weight 0.01218250128988:	Num[Or(And(Not(Nominal(b)),Forall(on,Nominal(b))),clear)]
	Feat 3890	(c=False)	weight -3.2841818895015:	Bool[And(clear,Nominal(b))] Bool[And(holding,Nominal(a))]
	Feat 3995	(c=False)	weight 0.0069069100170415:	Bool[And(holding,Nominal(a))] Num[Or(Not(Nominal(a)),holding)]
	Feat 4696	(c=False)	weight -0.19872187567675:	Bool[And(Forall(Star(on),Nominal(a)),Nominal(b))] Num[clear]
Score 0.005275177365407169
Lambda=0.032008419429130096
	Feat 0	(c=False)	weight -1.3905900378709:	Atom[handempty]
	Feat 17	(c=False)	weight -1.5021285159818:	Num[Or(ontable,Nominal(b))]
	Feat 22	(c=False)	weight 0.81283518835719:	Bool[Exists(on,Nominal(b))]
	Feat 25	(c=False)	weight 1.0027392490015:	Bool[Exists(on,Nominal(a))]
	Feat 204	(c=False)	weight 1.2946527524424:	Num[Or(Not(Nominal(a)),Forall(on,ontable))]
	Feat 569	(c=False)	weight -0.3186199712724:	Num[Exists(Star(on),And(Not(Nominal(b)),ontable))]
	Feat 1454	(c=False)	weight -2.0717095786803:	Num[Or(Exists(on,And(Not(Nominal(a)),ontable)),holding)]
	Feat 1843	(c=False)	weight 0.16895784576413:	Num[Or(And(Not(Nominal(b)),Forall(on,Nominal(b))),clear)]
	Feat 3701	(c=False)	weight -0.22809074537106:	Bool[holding] Bool[Exists(on,And(Not(ontable),Nominal(b)))]
	Feat 3890	(c=False)	weight -3.7014751464443:	Bool[And(clear,Nominal(b))] Bool[And(holding,Nominal(a))]
	Feat 3995	(c=False)	weight 0.038422807867973:	Bool[And(holding,Nominal(a))] Num[Or(Not(Nominal(a)),holding)]
	Feat 4696	(c=False)	weight -0.25009055965915:	Bool[And(Forall(Star(on),Nominal(a)),Nominal(b))] Num[clear]
Score -0.00022750287673756198
Lambda=0.01971232784448081
	Feat 0	(c=False)	weight -1.5001982020215:	Atom[handempty]
	Feat 17	(c=False)	weight -1.5868097030359:	Num[Or(ontable,Nominal(b))]
	Feat 22	(c=False)	weight 0.83591544835876:	Bool[Exists(on,Nominal(b))]
	Feat 25	(c=False)	weight 1.0027204469182:	Bool[Exists(on,Nominal(a))]
	Feat 204	(c=False)	weight 1.2927991167345:	Num[Or(Not(Nominal(a)),Forall(on,ontable))]
	Feat 569	(c=False)	weight -0.32335449706194:	Num[Exists(Star(on),And(Not(Nominal(b)),ontable))]
	Feat 1454	(c=False)	weight -2.1674295572749:	Num[Or(Exists(on,And(Not(Nominal(a)),ontable)),holding)]
	Feat 1843	(c=False)	weight 0.26696037833314:	Num[Or(And(Not(Nominal(b)),Forall(on,Nominal(b))),clear)]
	Feat 3701	(c=False)	weight -0.41860644875029:	Bool[holding] Bool[Exists(on,And(Not(ontable),Nominal(b)))]
	Feat 3890	(c=False)	weight -3.9776908432428:	Bool[And(clear,Nominal(b))] Bool[And(holding,Nominal(a))]
	Feat 3995	(c=False)	weight 0.059060801558287:	Bool[And(holding,Nominal(a))] Num[Or(Not(Nominal(a)),holding)]
	Feat 4696	(c=False)	weight -0.28333480050165:	Bool[And(Forall(Star(on),Nominal(a)),Nominal(b))] Num[clear]
Score -0.007015555808708163
Lambda=0.012139801838970525
	Feat 0	(c=False)	weight -1.5664611730058:	Atom[handempty]
	Feat 17	(c=False)	weight -1.6399915644671:	Num[Or(ontable,Nominal(b))]
	Feat 22	(c=False)	weight 0.84941175623655:	Bool[Exists(on,Nominal(b))]
	Feat 25	(c=False)	weight 1.0027488267407:	Bool[Exists(on,Nominal(a))]
	Feat 45	(c=True)	weight -1.6346952899058e-05:	Bool[And(Forall(on,<empty>),Nominal(b))]
	Feat 204	(c=False)	weight 1.2916570759651:	Num[Or(Not(Nominal(a)),Forall(on,ontable))]
	Feat 569	(c=False)	weight -0.32628178719245:	Num[Exists(Star(on),And(Not(Nominal(b)),ontable))]
	Feat 1454	(c=False)	weight -2.2264406697987:	Num[Or(Exists(on,And(Not(Nominal(a)),ontable)),holding)]
	Feat 1843	(c=False)	weight 0.32797480213198:	Num[Or(And(Not(Nominal(b)),Forall(on,Nominal(b))),clear)]
	Feat 3701	(c=False)	weight -0.53505549220406:	Bool[holding] Bool[Exists(on,And(Not(ontable),Nominal(b)))]
	Feat 3890	(c=False)	weight -4.1469636633471:	Bool[And(clear,Nominal(b))] Bool[And(holding,Nominal(a))]
	Feat 3995	(c=False)	weight 0.071750366006294:	Bool[And(holding,Nominal(a))] Num[Or(Not(Nominal(a)),holding)]
	Feat 4696	(c=False)	weight -0.30381380823499:	Bool[And(Forall(Star(on),Nominal(a)),Nominal(b))] Num[clear]
Score -0.01246036566909714
Lambda=0.007476275245226056
	Feat 0	(c=False)	weight -1.7466639615392:	Atom[handempty]
	Feat 17	(c=False)	weight -1.6777690767971:	Num[Or(ontable,Nominal(b))]
	Feat 22	(c=False)	weight 0.85162340394895:	Bool[Exists(on,Nominal(b))]
	Feat 25	(c=False)	weight 0.9992415409265:	Bool[Exists(on,Nominal(a))]
	Feat 45	(c=True)	weight -0.031373854404648:	Bool[And(Forall(on,<empty>),Nominal(b))]
	Feat 204	(c=False)	weight 1.2886592527136:	Num[Or(Not(Nominal(a)),Forall(on,ontable))]
	Feat 569	(c=False)	weight -0.33186122273216:	Num[Exists(Star(on),And(Not(Nominal(b)),ontable))]
	Feat 1454	(c=False)	weight -2.266524634792:	Num[Or(Exists(on,And(Not(Nominal(a)),ontable)),holding)]
	Feat 1843	(c=False)	weight 0.3619445749244:	Num[Or(And(Not(Nominal(b)),Forall(on,Nominal(b))),clear)]
	Feat 3642	(c=False)	weight -0.025718659299597:	Bool[holding] Num[Forall(on,Not(Or(ontable,Nominal(b))))]
	Feat 3701	(c=False)	weight -0.62592516363326:	Bool[holding] Bool[Exists(on,And(Not(ontable),Nominal(b)))]
	Feat 3890	(c=False)	weight -4.2519937139129:	Bool[And(clear,Nominal(b))] Bool[And(holding,Nominal(a))]
	Feat 3995	(c=False)	weight 0.079600572140616:	Bool[And(holding,Nominal(a))] Num[Or(Not(Nominal(a)),holding)]
	Feat 4696	(c=False)	weight -0.30886723317123:	Bool[And(Forall(Star(on),Nominal(a)),Nominal(b))] Num[clear]
Score -0.03768171050239344
Lambda=0.004604250735209684
	Feat 0	(c=False)	weight -2.784073455827:	Atom[handempty]
	Feat 17	(c=False)	weight -1.6876132815088:	Num[Or(ontable,Nominal(b))]
	Feat 22	(c=False)	weight 0.83966228932593:	Bool[Exists(on,Nominal(b))]
	Feat 25	(c=False)	weight 0.98451522310801:	Bool[Exists(on,Nominal(a))]
	Feat 45	(c=True)	weight -0.036377028045499:	Bool[And(Forall(on,<empty>),Nominal(b))]
	Feat 204	(c=False)	weight 1.2725801990796:	Num[Or(Not(Nominal(a)),Forall(on,ontable))]
	Feat 569	(c=False)	weight -0.34078735015914:	Num[Exists(Star(on),And(Not(Nominal(b)),ontable))]
	Feat 1454	(c=False)	weight -2.3271588296802:	Num[Or(Exists(on,And(Not(Nominal(a)),ontable)),holding)]
	Feat 1843	(c=False)	weight 0.36307117085638:	Num[Or(And(Not(Nominal(b)),Forall(on,Nominal(b))),clear)]
	Feat 3642	(c=False)	weight -0.2088347510505:	Bool[holding] Num[Forall(on,Not(Or(ontable,Nominal(b))))]
	Feat 3701	(c=False)	weight -0.78561180357987:	Bool[holding] Bool[Exists(on,And(Not(ontable),Nominal(b)))]
	Feat 3890	(c=False)	weight -4.3034916200011:	Bool[And(clear,Nominal(b))] Bool[And(holding,Nominal(a))]
	Feat 3995	(c=False)	weight 0.084897750549426:	Bool[And(holding,Nominal(a))] Num[Or(Not(Nominal(a)),holding)]
	Feat 4696	(c=False)	weight -0.31423355015718:	Bool[And(Forall(Star(on),Nominal(a)),Nominal(b))] Num[clear]
Score -0.3199305621519364
Lambda=0.0028355195785783206
	Feat 0	(c=False)	weight -3.4233644329769:	Atom[handempty]
	Feat 17	(c=False)	weight -1.6936701947358:	Num[Or(ontable,Nominal(b))]
	Feat 22	(c=False)	weight 0.83229129394906:	Bool[Exists(on,Nominal(b))]
	Feat 25	(c=False)	weight 0.97543939938844:	Bool[Exists(on,Nominal(a))]
	Feat 45	(c=True)	weight -0.039448747848225:	Bool[And(Forall(on,<empty>),Nominal(b))]
	Feat 204	(c=False)	weight 1.2626708045865:	Num[Or(Not(Nominal(a)),Forall(on,ontable))]
	Feat 569	(c=False)	weight -0.34628633379295:	Num[Exists(Star(on),And(Not(Nominal(b)),ontable))]
	Feat 1454	(c=False)	weight -2.364518474604:	Num[Or(Exists(on,And(Not(Nominal(a)),ontable)),holding)]
	Feat 1843	(c=False)	weight 0.36375777430503:	Num[Or(And(Not(Nominal(b)),Forall(on,Nominal(b))),clear)]
	Feat 3642	(c=False)	weight -0.32167819716439:	Bool[holding] Num[Forall(on,Not(Or(ontable,Nominal(b))))]
	Feat 3701	(c=False)	weight -0.88400355439994:	Bool[holding] Bool[Exists(on,And(Not(ontable),Nominal(b)))]
	Feat 3890	(c=False)	weight -4.3352049809767:	Bool[And(clear,Nominal(b))] Bool[And(holding,Nominal(a))]
	Feat 3995	(c=False)	weight 0.088160167583675:	Bool[And(holding,Nominal(a))] Num[Or(Not(Nominal(a)),holding)]
	Feat 4696	(c=False)	weight -0.31754044435216:	Bool[And(Forall(Star(on),Nominal(a)),Nominal(b))] Num[clear]
Score -0.6237688003697452
Lambda=0.0017462496599101518
	Feat 0	(c=False)	weight -3.8159639110259:	Atom[handempty]
	Feat 17	(c=False)	weight -1.6974172298186:	Num[Or(ontable,Nominal(b))]
	Feat 22	(c=False)	weight 0.82776441215971:	Bool[Exists(on,Nominal(b))]
	Feat 25	(c=False)	weight 0.96986806501071:	Bool[Exists(on,Nominal(a))]
	Feat 45	(c=True)	weight -0.041377757183116:	Bool[And(Forall(on,<empty>),Nominal(b))]
	Feat 204	(c=False)	weight 1.2565875092622:	Num[Or(Not(Nominal(a)),Forall(on,ontable))]
	Feat 569	(c=False)	weight -0.34966839049195:	Num[Exists(Star(on),And(Not(Nominal(b)),ontable))]
	Feat 1454	(c=False)	weight -2.3874754743104:	Num[Or(Exists(on,And(Not(Nominal(a)),ontable)),holding)]
	Feat 1843	(c=False)	weight 0.36419946921606:	Num[Or(And(Not(Nominal(b)),Forall(on,Nominal(b))),clear)]
	Feat 3642	(c=False)	weight -0.3909761859431:	Bool[holding] Num[Forall(on,Not(Or(ontable,Nominal(b))))]
	Feat 3701	(c=False)	weight -0.94446513793266:	Bool[holding] Bool[Exists(on,And(Not(ontable),Nominal(b)))]
	Feat 3890	(c=False)	weight -4.3547409074783:	Bool[And(clear,Nominal(b))] Bool[And(holding,Nominal(a))]
	Feat 3995	(c=False)	weight 0.090168882881313:	Bool[And(holding,Nominal(a))] Num[Or(Not(Nominal(a)),holding)]
	Feat 4696	(c=False)	weight -0.3195683697559:	Bool[And(Forall(Star(on),Nominal(a)),Nominal(b))] Num[clear]
Score -0.8594768996051099
Lambda=0.001075424729130324
	Feat 0	(c=False)	weight -4.0605983937442:	Atom[handempty]
	Feat 17	(c=False)	weight -1.6996812443696:	Num[Or(ontable,Nominal(b))]
	Feat 22	(c=False)	weight 0.82494424787899:	Bool[Exists(on,Nominal(b))]
	Feat 25	(c=False)	weight 0.9663905874756:	Bool[Exists(on,Nominal(a))]
	Feat 45	(c=True)	weight -0.042469315158145:	Bool[And(Forall(on,<empty>),Nominal(b))]
	Feat 204	(c=False)	weight 1.2527911517866:	Num[Or(Not(Nominal(a)),Forall(on,ontable))]
	Feat 569	(c=False)	weight -0.35176276477728:	Num[Exists(Star(on),And(Not(Nominal(b)),ontable))]
	Feat 1454	(c=False)	weight -2.4017446566862:	Num[Or(Exists(on,And(Not(Nominal(a)),ontable)),holding)]
	Feat 1843	(c=False)	weight 0.36442291441128:	Num[Or(And(Not(Nominal(b)),Forall(on,Nominal(b))),clear)]
	Feat 3642	(c=False)	weight -0.4341596052758:	Bool[holding] Num[Forall(on,Not(Or(ontable,Nominal(b))))]
	Feat 3701	(c=False)	weight -0.98204257785809:	Bool[holding] Bool[Exists(on,And(Not(ontable),Nominal(b)))]
	Feat 3890	(c=False)	weight -4.3667583575113:	Bool[And(clear,Nominal(b))] Bool[And(holding,Nominal(a))]
	Feat 3995	(c=False)	weight 0.091407076699958:	Bool[And(holding,Nominal(a))] Num[Or(Not(Nominal(a)),holding)]
	Feat 4696	(c=False)	weight -0.32083955622138:	Bool[And(Forall(Star(on),Nominal(a)),Nominal(b))] Num[clear]
Score -1.0251941068125356
Lambda=0.0006622983955710761
	Feat 0	(c=False)	weight -4.2094762605876:	Atom[handempty]
	Feat 17	(c=False)	weight -1.7011023225219:	Num[Or(ontable,Nominal(b))]
	Feat 22	(c=False)	weight 0.82322773468275:	Bool[Exists(on,Nominal(b))]
	Feat 25	(c=False)	weight 0.96427798665062:	Bool[Exists(on,Nominal(a))]
	Feat 45	(c=True)	weight -0.043198777703801:	Bool[And(Forall(on,<empty>),Nominal(b))]
	Feat 204	(c=False)	weight 1.2504843950475:	Num[Or(Not(Nominal(a)),Forall(on,ontable))]
	Feat 569	(c=False)	weight -0.3530452395114:	Num[Exists(Star(on),And(Not(Nominal(b)),ontable))]
	Feat 1454	(c=False)	weight -2.4104507428087:	Num[Or(Exists(on,And(Not(Nominal(a)),ontable)),holding)]
	Feat 1843	(c=False)	weight 0.36459103613209:	Num[Or(And(Not(Nominal(b)),Forall(on,Nominal(b))),clear)]
	Feat 3642	(c=False)	weight -0.46043812549226:	Bool[holding] Num[Forall(on,Not(Or(ontable,Nominal(b))))]
	Feat 3701	(c=False)	weight -1.0049706494128:	Bool[holding] Bool[Exists(on,And(Not(ontable),Nominal(b)))]
	Feat 3890	(c=False)	weight -4.3741675376158:	Bool[And(clear,Nominal(b))] Bool[And(holding,Nominal(a))]
	Feat 3995	(c=False)	weight 0.092168911306717:	Bool[And(holding,Nominal(a))] Num[Or(Not(Nominal(a)),holding)]
	Feat 4696	(c=False)	weight -0.32160927605167:	Bool[And(Forall(Star(on),Nominal(a)),Nominal(b))] Num[clear]
Score -1.133173574589843
Lambda=0.0004078752821043467
	Feat 0	(c=False)	weight -4.300112875341:	Atom[handempty]
	Feat 17	(c=False)	weight -1.7019909071449:	Num[Or(ontable,Nominal(b))]
	Feat 22	(c=False)	weight 0.82218326002937:	Bool[Exists(on,Nominal(b))]
	Feat 25	(c=False)	weight 0.96299448135046:	Bool[Exists(on,Nominal(a))]
	Feat 45	(c=True)	weight -0.043667195402268:	Bool[And(Forall(on,<empty>),Nominal(b))]
	Feat 204	(c=False)	weight 1.2490825365496:	Num[Or(Not(Nominal(a)),Forall(on,ontable))]
	Feat 569	(c=False)	weight -0.35383009119348:	Num[Exists(Star(on),And(Not(Nominal(b)),ontable))]
	Feat 1454	(c=False)	weight -2.4157652969105:	Num[Or(Exists(on,And(Not(Nominal(a)),ontable)),holding)]
	Feat 1843	(c=False)	weight 0.36471327562099:	Num[Or(And(Not(Nominal(b)),Forall(on,Nominal(b))),clear)]
	Feat 3642	(c=False)	weight -0.47643552384199:	Bool[holding] Num[Forall(on,Not(Or(ontable,Nominal(b))))]
	Feat 3701	(c=False)	weight -1.0189625675157:	Bool[holding] Bool[Exists(on,And(Not(ontable),Nominal(b)))]
	Feat 3890	(c=False)	weight -4.3787335732676:	Bool[And(clear,Nominal(b))] Bool[And(holding,Nominal(a))]
	Feat 3995	(c=False)	weight 0.092637663602662:	Bool[And(holding,Nominal(a))] Num[Or(Not(Nominal(a)),holding)]
	Feat 4696	(c=False)	weight -0.32207939163348:	Bool[And(Forall(Star(on),Nominal(a)),Nominal(b))] Num[clear]
Score -1.2015527898537548
Lambda=0.00025118926282201277
	Feat 0	(c=False)	weight -4.3481321610184:	Atom[handempty]
	Feat 17	(c=False)	weight -1.7026514327645:	Num[Or(ontable,Nominal(b))]
	Feat 22	(c=False)	weight 0.82160931411274:	Bool[Exists(on,Nominal(b))]
	Feat 25	(c=False)	weight 0.96216395531117:	Bool[Exists(on,Nominal(a))]
	Feat 45	(c=True)	weight -0.043124737391469:	Bool[And(Forall(on,<empty>),Nominal(b))]
	Feat 204	(c=False)	weight 1.2481156378227:	Num[Or(Not(Nominal(a)),Forall(on,ontable))]
	Feat 569	(c=False)	weight -0.35416342065448:	Num[Exists(Star(on),And(Not(Nominal(b)),ontable))]
	Feat 1454	(c=False)	weight -2.419214227919:	Num[Or(Exists(on,And(Not(Nominal(a)),ontable)),holding)]
	Feat 1843	(c=False)	weight 0.36520732030832:	Num[Or(And(Not(Nominal(b)),Forall(on,Nominal(b))),clear)]
	Feat 3642	(c=False)	weight -0.48487407156749:	Bool[holding] Num[Forall(on,Not(Or(ontable,Nominal(b))))]
	Feat 3701	(c=False)	weight -1.0265275621465:	Bool[holding] Bool[Exists(on,And(Not(ontable),Nominal(b)))]
	Feat 3890	(c=False)	weight -4.3819173420448:	Bool[And(clear,Nominal(b))] Bool[And(holding,Nominal(a))]
	Feat 3995	(c=False)	weight 0.092969433751954:	Bool[And(holding,Nominal(a))] Num[Or(Not(Nominal(a)),holding)]
	Feat 4696	(c=False)	weight -0.3225573950689:	Bool[And(Forall(Star(on),Nominal(a)),Nominal(b))] Num[clear]
Score -1.239177646625039
Lambda=0.00015469445814793046
	Feat 0	(c=False)	weight -4.385954444694:	Atom[handempty]
	Feat 17	(c=False)	weight -1.7029071287836:	Num[Or(ontable,Nominal(b))]
	Feat 22	(c=False)	weight 0.82119366487512:	Bool[Exists(on,Nominal(b))]
	Feat 25	(c=False)	weight 0.96162790273013:	Bool[Exists(on,Nominal(a))]
	Feat 45	(c=True)	weight -0.042950016438546:	Bool[And(Forall(on,<empty>),Nominal(b))]
	Feat 204	(c=False)	weight 1.2475270774643:	Num[Or(Not(Nominal(a)),Forall(on,ontable))]
	Feat 569	(c=False)	weight -0.35445822864443:	Num[Exists(Star(on),And(Not(Nominal(b)),ontable))]
	Feat 1454	(c=False)	weight -2.4214094653923:	Num[Or(Exists(on,And(Not(Nominal(a)),ontable)),holding)]
	Feat 1843	(c=False)	weight 0.36521661652879:	Num[Or(And(Not(Nominal(b)),Forall(on,Nominal(b))),clear)]
	Feat 3642	(c=False)	weight -0.49155297663704:	Bool[holding] Num[Forall(on,Not(Or(ontable,Nominal(b))))]
	Feat 3701	(c=False)	weight -1.0322266352955:	Bool[holding] Bool[Exists(on,And(Not(ontable),Nominal(b)))]
	Feat 3890	(c=False)	weight -4.3836113879425:	Bool[And(clear,Nominal(b))] Bool[And(holding,Nominal(a))]
	Feat 3995	(c=False)	weight 0.093148790735625:	Bool[And(holding,Nominal(a))] Num[Or(Not(Nominal(a)),holding)]
	Feat 4696	(c=False)	weight -0.3228225555677:	Bool[And(Forall(Star(on),Nominal(a)),Nominal(b))] Num[clear]
Score -1.2685091544389104
