Considering 15 features
Lasso Method
----------

Lambda=1.5469445814793046
Score 1.1102230246251565e-16
Lambda=0.9526830531223126
	Feat 17	(c=False)	weight -0.57005470677793:	Num[Or(ontable,Nominal(b))]
	Feat 25	(c=False)	weight 0.13178502983967:	Bool[Exists(on,Nominal(a))]
	Feat 1454	(c=False)	weight -0.63725562016231:	Num[Or(Exists(on,And(Not(Nominal(a)),ontable)),holding)]
Score -0.6051314421528289
Lambda=0.5867081539782963
	Feat 17	(c=False)	weight -0.86248024550587:	Num[Or(ontable,Nominal(b))]
	Feat 22	(c=False)	weight 0.16157742134366:	Bool[Exists(on,Nominal(b))]
	Feat 25	(c=False)	weight 0.59750787735418:	Bool[Exists(on,Nominal(a))]
	Feat 1454	(c=False)	weight -0.93819906025084:	Num[Or(Exists(on,And(Not(Nominal(a)),ontable)),holding)]
Score -1.150074816496447
Lambda=0.3613231670453846
	Feat 0	(c=False)	weight -0.087354086639774:	Atom[handempty]
	Feat 17	(c=False)	weight -1.0851376863236:	Num[Or(ontable,Nominal(b))]
	Feat 22	(c=False)	weight 0.48267546366885:	Bool[Exists(on,Nominal(b))]
	Feat 25	(c=False)	weight 0.80081080980338:	Bool[Exists(on,Nominal(a))]
	Feat 204	(c=False)	weight 0.50115228362139:	Num[Or(Not(Nominal(a)),Forall(on,ontable))]
	Feat 1454	(c=False)	weight -1.1319846212507:	Num[Or(Exists(on,And(Not(Nominal(a)),ontable)),holding)]
	Feat 3890	(c=False)	weight -1.1263065003697:	Bool[And(clear,Nominal(b))] Bool[And(holding,Nominal(a))]
Score -0.14106127417435288
Lambda=0.2225202260416111
	Feat 0	(c=False)	weight -0.64849745312705:	Atom[handempty]
	Feat 17	(c=False)	weight -1.1909739115372:	Num[Or(ontable,Nominal(b))]
	Feat 22	(c=False)	weight 0.69085902228002:	Bool[Exists(on,Nominal(b))]
	Feat 25	(c=False)	weight 0.88776150022097:	Bool[Exists(on,Nominal(a))]
	Feat 204	(c=False)	weight 0.847169283513:	Num[Or(Not(Nominal(a)),Forall(on,ontable))]
	Feat 569	(c=False)	weight -0.062984517315845:	Num[Exists(Star(on),And(Not(Nominal(b)),ontable))]
	Feat 1454	(c=False)	weight -1.473029980497:	Num[Or(Exists(on,And(Not(Nominal(a)),ontable)),holding)]
	Feat 3890	(c=False)	weight -2.034417936431:	Bool[And(clear,Nominal(b))] Bool[And(holding,Nominal(a))]
Score -0.009465016518426905
Lambda=0.137038683133734
	Feat 0	(c=False)	weight -0.9688801824283:	Atom[handempty]
	Feat 17	(c=False)	weight -1.2655972312164:	Num[Or(ontable,Nominal(b))]
	Feat 22	(c=False)	weight 0.77667810145309:	Bool[Exists(on,Nominal(b))]
	Feat 25	(c=False)	weight 0.945235577038:	Bool[Exists(on,Nominal(a))]
	Feat 204	(c=False)	weight 1.0635195030845:	Num[Or(Not(Nominal(a)),Forall(on,ontable))]
	Feat 569	(c=False)	weight -0.15512020421117:	Num[Exists(Star(on),And(Not(Nominal(b)),ontable))]
	Feat 1454	(c=False)	weight -1.6940198192222:	Num[Or(Exists(on,And(Not(Nominal(a)),ontable)),holding)]
	Feat 3890	(c=False)	weight -2.6124184042736:	Bool[And(clear,Nominal(b))] Bool[And(holding,Nominal(a))]
	Feat 4696	(c=False)	weight -0.049825036551957:	Bool[And(Forall(Star(on),Nominal(a)),Nominal(b))] Num[clear]
Score 0.0039002597853567966
Lambda=0.08439502785475413
	Feat 0	(c=False)	weight -1.1471187772604:	Atom[handempty]
	Feat 17	(c=False)	weight -1.3175449066313:	Num[Or(ontable,Nominal(b))]
	Feat 22	(c=False)	weight 0.7956596208868:	Bool[Exists(on,Nominal(b))]
	Feat 25	(c=False)	weight 0.97779787937991:	Bool[Exists(on,Nominal(a))]
	Feat 204	(c=False)	weight 1.2109994899154:	Num[Or(Not(Nominal(a)),Forall(on,ontable))]
	Feat 569	(c=False)	weight -0.24886787548729:	Num[Exists(Star(on),And(Not(Nominal(b)),ontable))]
	Feat 1454	(c=False)	weight -1.8315875520743:	Num[Or(Exists(on,And(Not(Nominal(a)),ontable)),holding)]
	Feat 3890	(c=False)	weight -3.0009056419682:	Bool[And(clear,Nominal(b))] Bool[And(holding,Nominal(a))]
	Feat 4696	(c=False)	weight -0.14158014964906:	Bool[And(Forall(Star(on),Nominal(a)),Nominal(b))] Num[clear]
Score 0.005009489265673905
Lambda=0.051974526927217796
	Feat 0	(c=False)	weight -1.2513817703412:	Atom[handempty]
	Feat 17	(c=False)	weight -1.3592060677376:	Num[Or(ontable,Nominal(b))]
	Feat 22	(c=False)	weight 0.8004355667003:	Bool[Exists(on,Nominal(b))]
	Feat 25	(c=False)	weight 1.0011151759262:	Bool[Exists(on,Nominal(a))]
	Feat 204	(c=False)	weight 1.2949208957942:	Num[Or(Not(Nominal(a)),Forall(on,ontable))]
	Feat 569	(c=False)	weight -0.30607716571423:	Num[Exists(Star(on),And(Not(Nominal(b)),ontable))]
	Feat 1454	(c=False)	weight -1.9224504297286:	Num[Or(Exists(on,And(Not(Nominal(a)),ontable)),holding)]
	Feat 1843	(c=False)	weight 0.01218250128988:	Num[Or(And(Not(Nominal(b)),Forall(on,Nominal(b))),clear)]
	Feat 3890	(c=False)	weight -3.2841818895015:	Bool[And(clear,Nominal(b))] Bool[And(holding,Nominal(a))]
	Feat 3995	(c=False)	weight 0.0069069100170415:	Bool[And(holding,Nominal(a))] Num[Or(Not(Nominal(a)),holding)]
	Feat 4696	(c=False)	weight -0.19872187567675:	Bool[And(Forall(Star(on),Nominal(a)),Nominal(b))] Num[clear]
Score 0.005275177365407169
Lambda=0.032008419429130096
	Feat 0	(c=False)	weight -1.3907861641099:	Atom[handempty]
	Feat 17	(c=False)	weight -1.5057672015689:	Num[Or(ontable,Nominal(b))]
	Feat 22	(c=False)	weight 0.81913235969965:	Bool[Exists(on,Nominal(b))]
	Feat 25	(c=False)	weight 1.0020578637474:	Bool[Exists(on,Nominal(a))]
	Feat 204	(c=False)	weight 1.2939209385943:	Num[Or(Not(Nominal(a)),Forall(on,ontable))]
	Feat 569	(c=False)	weight -0.31752262988517:	Num[Exists(Star(on),And(Not(Nominal(b)),ontable))]
	Feat 1454	(c=False)	weight -2.0737045070721:	Num[Or(Exists(on,And(Not(Nominal(a)),ontable)),holding)]
	Feat 1843	(c=False)	weight 0.17401977897277:	Num[Or(And(Not(Nominal(b)),Forall(on,Nominal(b))),clear)]
	Feat 1866	(c=False)	weight 0.026084811034148:	Num[Not(And(Exists(on,Exists(on,Nominal(b))),clear))]
	Feat 3701	(c=False)	weight -0.22923254652078:	Bool[holding] Bool[Exists(on,And(Not(ontable),Nominal(b)))]
	Feat 3890	(c=False)	weight -3.7028705503759:	Bool[And(clear,Nominal(b))] Bool[And(holding,Nominal(a))]
	Feat 3995	(c=False)	weight 0.03842832317871:	Bool[And(holding,Nominal(a))] Num[Or(Not(Nominal(a)),holding)]
	Feat 4696	(c=False)	weight -0.25016544822761:	Bool[And(Forall(Star(on),Nominal(a)),Nominal(b))] Num[clear]
Score 0.0053468657155846255
Lambda=0.01971232784448081
	Feat 0	(c=False)	weight -1.5058504734622:	Atom[handempty]
	Feat 17	(c=False)	weight -1.6148459840999:	Num[Or(ontable,Nominal(b))]
	Feat 22	(c=False)	weight 0.87269961290615:	Bool[Exists(on,Nominal(b))]
	Feat 25	(c=False)	weight 0.99610802347267:	Bool[Exists(on,Nominal(a))]
	Feat 204	(c=False)	weight 1.2862830142272:	Num[Or(Not(Nominal(a)),Forall(on,ontable))]
	Feat 569	(c=False)	weight -0.31606558398008:	Num[Exists(Star(on),And(Not(Nominal(b)),ontable))]
	Feat 1454	(c=False)	weight -2.1852322731563:	Num[Or(Exists(on,And(Not(Nominal(a)),ontable)),holding)]
	Feat 1843	(c=False)	weight 0.30331912878706:	Num[Or(And(Not(Nominal(b)),Forall(on,Nominal(b))),clear)]
	Feat 1866	(c=False)	weight 0.15135148798189:	Num[Not(And(Exists(on,Exists(on,Nominal(b))),clear))]
	Feat 3701	(c=False)	weight -0.43212949079384:	Bool[holding] Bool[Exists(on,And(Not(ontable),Nominal(b)))]
	Feat 3890	(c=False)	weight -3.991006656782:	Bool[And(clear,Nominal(b))] Bool[And(holding,Nominal(a))]
	Feat 3995	(c=False)	weight 0.059233396984748:	Bool[And(holding,Nominal(a))] Num[Or(Not(Nominal(a)),holding)]
	Feat 4696	(c=False)	weight -0.28426529270874:	Bool[And(Forall(Star(on),Nominal(a)),Nominal(b))] Num[clear]
Score -0.02607995560552978
Lambda=0.012139801838970525
	Feat 0	(c=False)	weight -1.5753556100462:	Atom[handempty]
	Feat 17	(c=False)	weight -1.6828658870464:	Num[Or(ontable,Nominal(b))]
	Feat 22	(c=False)	weight 0.90506892681517:	Bool[Exists(on,Nominal(b))]
	Feat 25	(c=False)	weight 0.99256372797721:	Bool[Exists(on,Nominal(a))]
	Feat 204	(c=False)	weight 1.2816369586473:	Num[Or(Not(Nominal(a)),Forall(on,ontable))]
	Feat 569	(c=False)	weight -0.31518658513076:	Num[Exists(Star(on),And(Not(Nominal(b)),ontable))]
	Feat 1454	(c=False)	weight -2.2538069925593:	Num[Or(Exists(on,And(Not(Nominal(a)),ontable)),holding)]
	Feat 1843	(c=False)	weight 0.38344810595383:	Num[Or(And(Not(Nominal(b)),Forall(on,Nominal(b))),clear)]
	Feat 1866	(c=False)	weight 0.22878478284817:	Num[Not(And(Exists(on,Exists(on,Nominal(b))),clear))]
	Feat 3701	(c=False)	weight -0.55602399783174:	Bool[holding] Bool[Exists(on,And(Not(ontable),Nominal(b)))]
	Feat 3890	(c=False)	weight -4.1674666698734:	Bool[And(clear,Nominal(b))] Bool[And(holding,Nominal(a))]
	Feat 3995	(c=False)	weight 0.072021763532573:	Bool[And(holding,Nominal(a))] Num[Or(Not(Nominal(a)),holding)]
	Feat 4696	(c=False)	weight -0.30525698129481:	Bool[And(Forall(Star(on),Nominal(a)),Nominal(b))] Num[clear]
Score -0.0889373266684419
Lambda=0.007476275245226056
	Feat 0	(c=False)	weight -1.6181613507299:	Atom[handempty]
	Feat 17	(c=False)	weight -1.7247857023358:	Num[Or(ontable,Nominal(b))]
	Feat 22	(c=False)	weight 0.92500108649194:	Bool[Exists(on,Nominal(b))]
	Feat 25	(c=False)	weight 0.99037387423645:	Bool[Exists(on,Nominal(a))]
	Feat 204	(c=False)	weight 1.2787691082291:	Num[Or(Not(Nominal(a)),Forall(on,ontable))]
	Feat 569	(c=False)	weight -0.31464235017915:	Num[Exists(Star(on),And(Not(Nominal(b)),ontable))]
	Feat 1454	(c=False)	weight -2.2960571241127:	Num[Or(Exists(on,And(Not(Nominal(a)),ontable)),holding)]
	Feat 1843	(c=False)	weight 0.4328228868182:	Num[Or(And(Not(Nominal(b)),Forall(on,Nominal(b))),clear)]
	Feat 1866	(c=False)	weight 0.2764894831158:	Num[Not(And(Exists(on,Exists(on,Nominal(b))),clear))]
	Feat 3642	(c=False)	weight -0.00034593491086161:	Bool[holding] Num[Forall(on,Not(Or(ontable,Nominal(b))))]
	Feat 3701	(c=False)	weight -0.63135310073708:	Bool[holding] Bool[Exists(on,And(Not(ontable),Nominal(b)))]
	Feat 3890	(c=False)	weight -4.2748899850668:	Bool[And(clear,Nominal(b))] Bool[And(holding,Nominal(a))]
	Feat 3995	(c=False)	weight 0.079946850017055:	Bool[And(holding,Nominal(a))] Num[Or(Not(Nominal(a)),holding)]
	Feat 4696	(c=False)	weight -0.3180708683758:	Bool[And(Forall(Star(on),Nominal(a)),Nominal(b))] Num[clear]
Score -0.14408537219400408
Lambda=0.004604250735209684
	Feat 0	(c=False)	weight -2.6166408004359:	Atom[handempty]
	Feat 17	(c=False)	weight -1.7398029788335:	Num[Or(ontable,Nominal(b))]
	Feat 22	(c=False)	weight 0.91652912280619:	Bool[Exists(on,Nominal(b))]
	Feat 25	(c=False)	weight 0.97522831957531:	Bool[Exists(on,Nominal(a))]
	Feat 204	(c=False)	weight 1.2622775313806:	Num[Or(Not(Nominal(a)),Forall(on,ontable))]
	Feat 569	(c=False)	weight -0.32197022229737:	Num[Exists(Star(on),And(Not(Nominal(b)),ontable))]
	Feat 1454	(c=False)	weight -2.3586673540504:	Num[Or(Exists(on,And(Not(Nominal(a)),ontable)),holding)]
	Feat 1843	(c=False)	weight 0.44089916314463:	Num[Or(And(Not(Nominal(b)),Forall(on,Nominal(b))),clear)]
	Feat 1866	(c=False)	weight 0.28991009942394:	Num[Not(And(Exists(on,Exists(on,Nominal(b))),clear))]
	Feat 3642	(c=False)	weight -0.17633386669319:	Bool[holding] Num[Forall(on,Not(Or(ontable,Nominal(b))))]
	Feat 3701	(c=False)	weight -0.78824071864172:	Bool[holding] Bool[Exists(on,And(Not(ontable),Nominal(b)))]
	Feat 3890	(c=False)	weight -4.3287178374531:	Bool[And(clear,Nominal(b))] Bool[And(holding,Nominal(a))]
	Feat 3995	(c=False)	weight 0.085282869982757:	Bool[And(holding,Nominal(a))] Num[Or(Not(Nominal(a)),holding)]
	Feat 4696	(c=False)	weight -0.32493526318207:	Bool[And(Forall(Star(on),Nominal(a)),Nominal(b))] Num[clear]
Score 0.0019958578170261587
Lambda=0.0028355195785783206
	Feat 0	(c=False)	weight -3.2540523324002:	Atom[handempty]
	Feat 17	(c=False)	weight -1.7467786225641:	Num[Or(ontable,Nominal(b))]
	Feat 22	(c=False)	weight 0.9111134388885:	Bool[Exists(on,Nominal(b))]
	Feat 25	(c=False)	weight 0.96597430401709:	Bool[Exists(on,Nominal(a))]
	Feat 204	(c=False)	weight 1.2520824959255:	Num[Or(Not(Nominal(a)),Forall(on,ontable))]
	Feat 569	(c=False)	weight -0.32683769034061:	Num[Exists(Star(on),And(Not(Nominal(b)),ontable))]
	Feat 1454	(c=False)	weight -2.3970403520863:	Num[Or(Exists(on,And(Not(Nominal(a)),ontable)),holding)]
	Feat 1843	(c=False)	weight 0.44355326155037:	Num[Or(And(Not(Nominal(b)),Forall(on,Nominal(b))),clear)]
	Feat 1866	(c=False)	weight 0.29665977243341:	Num[Not(And(Exists(on,Exists(on,Nominal(b))),clear))]
	Feat 3642	(c=False)	weight -0.28877423723858:	Bool[holding] Num[Forall(on,Not(Or(ontable,Nominal(b))))]
	Feat 3701	(c=False)	weight -0.88667569414115:	Bool[holding] Bool[Exists(on,And(Not(ontable),Nominal(b)))]
	Feat 3890	(c=False)	weight -4.3607989374816:	Bool[And(clear,Nominal(b))] Bool[And(holding,Nominal(a))]
	Feat 3995	(c=False)	weight 0.088561672858958:	Bool[And(holding,Nominal(a))] Num[Or(Not(Nominal(a)),holding)]
	Feat 4696	(c=False)	weight -0.32901711436857:	Bool[And(Forall(Star(on),Nominal(a)),Nominal(b))] Num[clear]
Score -0.013162873258487195
Lambda=0.0017462496599101518
	Feat 0	(c=False)	weight -3.6451594279866:	Atom[handempty]
	Feat 17	(c=False)	weight -1.7510949386371:	Num[Or(ontable,Nominal(b))]
	Feat 22	(c=False)	weight 0.90780441442122:	Bool[Exists(on,Nominal(b))]
	Feat 25	(c=False)	weight 0.96029911488842:	Bool[Exists(on,Nominal(a))]
	Feat 204	(c=False)	weight 1.2458278930272:	Num[Or(Not(Nominal(a)),Forall(on,ontable))]
	Feat 569	(c=False)	weight -0.32982408002073:	Num[Exists(Star(on),And(Not(Nominal(b)),ontable))]
	Feat 1454	(c=False)	weight -2.4206134335917:	Num[Or(Exists(on,And(Not(Nominal(a)),ontable)),holding)]
	Feat 1843	(c=False)	weight 0.44522243540266:	Num[Or(And(Not(Nominal(b)),Forall(on,Nominal(b))),clear)]
	Feat 1866	(c=False)	weight 0.30084130348419:	Num[Not(And(Exists(on,Exists(on,Nominal(b))),clear))]
	Feat 3642	(c=False)	weight -0.35776420960561:	Bool[holding] Num[Forall(on,Not(Or(ontable,Nominal(b))))]
	Feat 3701	(c=False)	weight -0.94712025752377:	Bool[holding] Bool[Exists(on,And(Not(ontable),Nominal(b)))]
	Feat 3890	(c=False)	weight -4.3805609000708:	Bool[And(clear,Nominal(b))] Bool[And(holding,Nominal(a))]
	Feat 3995	(c=False)	weight 0.090580533586753:	Bool[And(holding,Nominal(a))] Num[Or(Not(Nominal(a)),holding)]
	Feat 4696	(c=False)	weight -0.33153155083252:	Bool[And(Forall(Star(on),Nominal(a)),Nominal(b))] Num[clear]
Score -0.06512906490321813
Lambda=0.001075424729130324
	Feat 0	(c=False)	weight -3.8865796933964:	Atom[handempty]
	Feat 17	(c=False)	weight -1.7537452493535:	Num[Or(ontable,Nominal(b))]
	Feat 22	(c=False)	weight 0.90575641717005:	Bool[Exists(on,Nominal(b))]
	Feat 25	(c=False)	weight 0.95679482344192:	Bool[Exists(on,Nominal(a))]
	Feat 204	(c=False)	weight 1.2419667272338:	Num[Or(Not(Nominal(a)),Forall(on,ontable))]
	Feat 569	(c=False)	weight -0.3316675876704:	Num[Exists(Star(on),And(Not(Nominal(b)),ontable))]
	Feat 1454	(c=False)	weight -2.4351536404311:	Num[Or(Exists(on,And(Not(Nominal(a)),ontable)),holding)]
	Feat 1843	(c=False)	weight 0.44623698697404:	Num[Or(And(Not(Nominal(b)),Forall(on,Nominal(b))),clear)]
	Feat 1866	(c=False)	weight 0.30340691411593:	Num[Not(And(Exists(on,Exists(on,Nominal(b))),clear))]
	Feat 3642	(c=False)	weight -0.4003506750148:	Bool[holding] Num[Forall(on,Not(Or(ontable,Nominal(b))))]
	Feat 3701	(c=False)	weight -0.98441318278704:	Bool[holding] Bool[Exists(on,And(Not(ontable),Nominal(b)))]
	Feat 3890	(c=False)	weight -4.3927293824541:	Bool[And(clear,Nominal(b))] Bool[And(holding,Nominal(a))]
	Feat 3995	(c=False)	weight 0.09182399392713:	Bool[And(holding,Nominal(a))] Num[Or(Not(Nominal(a)),holding)]
	Feat 4696	(c=False)	weight -0.33307981596984:	Bool[And(Forall(Star(on),Nominal(a)),Nominal(b))] Num[clear]
Score -0.11342084407547404
Lambda=0.0006622983955710761
	Feat 0	(c=False)	weight -4.0336155443546:	Atom[handempty]
	Feat 17	(c=False)	weight -1.7554005395035:	Num[Or(ontable,Nominal(b))]
	Feat 22	(c=False)	weight 0.90452502268292:	Bool[Exists(on,Nominal(b))]
	Feat 25	(c=False)	weight 0.95466396028105:	Bool[Exists(on,Nominal(a))]
	Feat 45	(c=True)	weight 0.0013438328278969:	Bool[And(Forall(on,<empty>),Nominal(b))]
	Feat 204	(c=False)	weight 1.2395981777373:	Num[Or(Not(Nominal(a)),Forall(on,ontable))]
	Feat 569	(c=False)	weight -0.33251184215316:	Num[Exists(Star(on),And(Not(Nominal(b)),ontable))]
	Feat 1454	(c=False)	weight -2.4440292604175:	Num[Or(Exists(on,And(Not(Nominal(a)),ontable)),holding)]
	Feat 1843	(c=False)	weight 0.44703633231549:	Num[Or(And(Not(Nominal(b)),Forall(on,Nominal(b))),clear)]
	Feat 1866	(c=False)	weight 0.30502343819284:	Num[Not(And(Exists(on,Exists(on,Nominal(b))),clear))]
	Feat 3642	(c=False)	weight -0.42629565276664:	Bool[holding] Num[Forall(on,Not(Or(ontable,Nominal(b))))]
	Feat 3701	(c=False)	weight -1.0067359650783:	Bool[holding] Bool[Exists(on,And(Not(ontable),Nominal(b)))]
	Feat 3890	(c=False)	weight -4.400070976594:	Bool[And(clear,Nominal(b))] Bool[And(holding,Nominal(a))]
	Feat 3995	(c=False)	weight 0.092586399555006:	Bool[And(holding,Nominal(a))] Num[Or(Not(Nominal(a)),holding)]
	Feat 4696	(c=False)	weight -0.33424166666792:	Bool[And(Forall(Star(on),Nominal(a)),Nominal(b))] Num[clear]
Score -0.14840788856525156
Lambda=0.0004078752821043467
	Feat 0	(c=False)	weight -4.1304040223474:	Atom[handempty]
	Feat 17	(c=False)	weight -1.7538117792855:	Num[Or(ontable,Nominal(b))]
	Feat 22	(c=False)	weight 0.90607572265546:	Bool[Exists(on,Nominal(b))]
	Feat 25	(c=False)	weight 0.95392916337295:	Bool[Exists(on,Nominal(a))]
	Feat 45	(c=True)	weight 0.022775095675167:	Bool[And(Forall(on,<empty>),Nominal(b))]
	Feat 204	(c=False)	weight 1.2378749789123:	Num[Or(Not(Nominal(a)),Forall(on,ontable))]
	Feat 569	(c=False)	weight -0.33133409710664:	Num[Exists(Star(on),And(Not(Nominal(b)),ontable))]
	Feat 1454	(c=False)	weight -2.4519699747345:	Num[Or(Exists(on,And(Not(Nominal(a)),ontable)),holding)]
	Feat 1843	(c=False)	weight 0.44956826666545:	Num[Or(And(Not(Nominal(b)),Forall(on,Nominal(b))),clear)]
	Feat 1866	(c=False)	weight 0.3075856961869:	Num[Not(And(Exists(on,Exists(on,Nominal(b))),clear))]
	Feat 3642	(c=False)	weight -0.4432959997699:	Bool[holding] Num[Forall(on,Not(Or(ontable,Nominal(b))))]
	Feat 3701	(c=False)	weight -1.0194135451319:	Bool[holding] Bool[Exists(on,And(Not(ontable),Nominal(b)))]
	Feat 3890	(c=False)	weight -4.4027890847046:	Bool[And(clear,Nominal(b))] Bool[And(holding,Nominal(a))]
	Feat 3995	(c=False)	weight 0.093136749760233:	Bool[And(holding,Nominal(a))] Num[Or(Not(Nominal(a)),holding)]
	Feat 4696	(c=False)	weight -0.3400274554593:	Bool[And(Forall(Star(on),Nominal(a)),Nominal(b))] Num[clear]
Score -0.16615781276010533
Lambda=0.00025118926282201277
	Feat 0	(c=False)	weight -4.1738202350944:	Atom[handempty]
	Feat 17	(c=False)	weight -1.7544383517966:	Num[Or(ontable,Nominal(b))]
	Feat 22	(c=False)	weight 0.90610618332151:	Bool[Exists(on,Nominal(b))]
	Feat 25	(c=False)	weight 0.95325553717202:	Bool[Exists(on,Nominal(a))]
	Feat 45	(c=True)	weight 0.025517002558839:	Bool[And(Forall(on,<empty>),Nominal(b))]
	Feat 204	(c=False)	weight 1.2369045568257:	Num[Or(Not(Nominal(a)),Forall(on,ontable))]
	Feat 569	(c=False)	weight -0.3313126076685:	Num[Exists(Star(on),And(Not(Nominal(b)),ontable))]
	Feat 1454	(c=False)	weight -2.4554547090861:	Num[Or(Exists(on,And(Not(Nominal(a)),ontable)),holding)]
	Feat 1843	(c=False)	weight 0.45059273438225:	Num[Or(And(Not(Nominal(b)),Forall(on,Nominal(b))),clear)]
	Feat 1866	(c=False)	weight 0.30873189379773:	Num[Not(And(Exists(on,Exists(on,Nominal(b))),clear))]
	Feat 3642	(c=False)	weight -0.45090496812559:	Bool[holding] Num[Forall(on,Not(Or(ontable,Nominal(b))))]
	Feat 3701	(c=False)	weight -1.0261709072257:	Bool[holding] Bool[Exists(on,And(Not(ontable),Nominal(b)))]
	Feat 3890	(c=False)	weight -4.4057910663734:	Bool[And(clear,Nominal(b))] Bool[And(holding,Nominal(a))]
	Feat 3995	(c=False)	weight 0.093475663640559:	Bool[And(holding,Nominal(a))] Num[Or(Not(Nominal(a)),holding)]
	Feat 4696	(c=False)	weight -0.34098811531755:	Bool[And(Forall(Star(on),Nominal(a)),Nominal(b))] Num[clear]
Score -0.17657607125142394
Lambda=0.00015469445814793046
	Feat 0	(c=False)	weight -4.2078149860095:	Atom[handempty]
	Feat 17	(c=False)	weight -1.7544741783476:	Num[Or(ontable,Nominal(b))]
	Feat 22	(c=False)	weight 0.9061453665757:	Bool[Exists(on,Nominal(b))]
	Feat 25	(c=False)	weight 0.95286597279556:	Bool[Exists(on,Nominal(a))]
	Feat 45	(c=True)	weight 0.028561027565008:	Bool[And(Forall(on,<empty>),Nominal(b))]
	Feat 204	(c=False)	weight 1.2363383710343:	Num[Or(Not(Nominal(a)),Forall(on,ontable))]
	Feat 569	(c=False)	weight -0.33127258178646:	Num[Exists(Star(on),And(Not(Nominal(b)),ontable))]
	Feat 1454	(c=False)	weight -2.4577841713928:	Num[Or(Exists(on,And(Not(Nominal(a)),ontable)),holding)]
	Feat 1843	(c=False)	weight 0.45105435952072:	Num[Or(And(Not(Nominal(b)),Forall(on,Nominal(b))),clear)]
	Feat 1866	(c=False)	weight 0.30932142513333:	Num[Not(And(Exists(on,Exists(on,Nominal(b))),clear))]
	Feat 3642	(c=False)	weight -0.4568933993678:	Bool[holding] Num[Forall(on,Not(Or(ontable,Nominal(b))))]
	Feat 3701	(c=False)	weight -1.031075732017:	Bool[holding] Bool[Exists(on,And(Not(ontable),Nominal(b)))]
	Feat 3890	(c=False)	weight -4.4072509508356:	Bool[And(clear,Nominal(b))] Bool[And(holding,Nominal(a))]
	Feat 3995	(c=False)	weight 0.093664007786135:	Bool[And(holding,Nominal(a))] Num[Or(Not(Nominal(a)),holding)]
	Feat 4696	(c=False)	weight -0.34192590073848:	Bool[And(Forall(Star(on),Nominal(a)),Nominal(b))] Num[clear]
Score -0.18493592642647538
