Considering 16 features
Lasso Method
----------

Lambda=1.5469445814793046
Score 1.1102230246251565e-16
Lambda=0.9526830531223126
	Feat 17	(c=False)	weight -0.57005470677793:	Num[Or(ontable,Nominal(b))]
	Feat 25	(c=False)	weight 0.13178502983967:	Bool[Exists(on,Nominal(a))]
	Feat 1454	(c=False)	weight -0.63725562016231:	Num[Or(Exists(on,And(Not(Nominal(a)),ontable)),holding)]
Score -0.6051314421528289
Lambda=0.5867081539782963
	Feat 17	(c=False)	weight -0.86248024550587:	Num[Or(ontable,Nominal(b))]
	Feat 22	(c=False)	weight 0.16157742134366:	Bool[Exists(on,Nominal(b))]
	Feat 25	(c=False)	weight 0.59750787735418:	Bool[Exists(on,Nominal(a))]
	Feat 1454	(c=False)	weight -0.93819906025084:	Num[Or(Exists(on,And(Not(Nominal(a)),ontable)),holding)]
Score -1.150074816496447
Lambda=0.3613231670453846
	Feat 0	(c=False)	weight -0.087354086639774:	Atom[handempty]
	Feat 17	(c=False)	weight -1.0851376863236:	Num[Or(ontable,Nominal(b))]
	Feat 22	(c=False)	weight 0.48267546366885:	Bool[Exists(on,Nominal(b))]
	Feat 25	(c=False)	weight 0.80081080980338:	Bool[Exists(on,Nominal(a))]
	Feat 204	(c=False)	weight 0.50115228362139:	Num[Or(Not(Nominal(a)),Forall(on,ontable))]
	Feat 1454	(c=False)	weight -1.1319846212507:	Num[Or(Exists(on,And(Not(Nominal(a)),ontable)),holding)]
	Feat 3890	(c=False)	weight -1.1263065003697:	Bool[And(clear,Nominal(b))] Bool[And(holding,Nominal(a))]
Score -0.14106127417435288
Lambda=0.2225202260416111
	Feat 0	(c=False)	weight -0.64849745312705:	Atom[handempty]
	Feat 17	(c=False)	weight -1.1909739115372:	Num[Or(ontable,Nominal(b))]
	Feat 22	(c=False)	weight 0.69085902228002:	Bool[Exists(on,Nominal(b))]
	Feat 25	(c=False)	weight 0.88776150022097:	Bool[Exists(on,Nominal(a))]
	Feat 204	(c=False)	weight 0.847169283513:	Num[Or(Not(Nominal(a)),Forall(on,ontable))]
	Feat 569	(c=False)	weight -0.062984517315845:	Num[Exists(Star(on),And(Not(Nominal(b)),ontable))]
	Feat 1454	(c=False)	weight -1.473029980497:	Num[Or(Exists(on,And(Not(Nominal(a)),ontable)),holding)]
	Feat 3890	(c=False)	weight -2.034417936431:	Bool[And(clear,Nominal(b))] Bool[And(holding,Nominal(a))]
Score -0.009465016518426905
Lambda=0.137038683133734
	Feat 0	(c=False)	weight -0.9688801824283:	Atom[handempty]
	Feat 17	(c=False)	weight -1.2655972312164:	Num[Or(ontable,Nominal(b))]
	Feat 22	(c=False)	weight 0.77667810145309:	Bool[Exists(on,Nominal(b))]
	Feat 25	(c=False)	weight 0.945235577038:	Bool[Exists(on,Nominal(a))]
	Feat 204	(c=False)	weight 1.0635195030845:	Num[Or(Not(Nominal(a)),Forall(on,ontable))]
	Feat 569	(c=False)	weight -0.15512020421117:	Num[Exists(Star(on),And(Not(Nominal(b)),ontable))]
	Feat 1454	(c=False)	weight -1.6940198192222:	Num[Or(Exists(on,And(Not(Nominal(a)),ontable)),holding)]
	Feat 3890	(c=False)	weight -2.6124184042736:	Bool[And(clear,Nominal(b))] Bool[And(holding,Nominal(a))]
	Feat 4696	(c=False)	weight -0.049825036551957:	Bool[And(Forall(Star(on),Nominal(a)),Nominal(b))] Num[clear]
Score 0.0039002597853567966
Lambda=0.08439502785475413
	Feat 0	(c=False)	weight -1.1471187772604:	Atom[handempty]
	Feat 17	(c=False)	weight -1.3175449066313:	Num[Or(ontable,Nominal(b))]
	Feat 22	(c=False)	weight 0.7956596208868:	Bool[Exists(on,Nominal(b))]
	Feat 25	(c=False)	weight 0.97779787937991:	Bool[Exists(on,Nominal(a))]
	Feat 204	(c=False)	weight 1.2109994899154:	Num[Or(Not(Nominal(a)),Forall(on,ontable))]
	Feat 569	(c=False)	weight -0.24886787548729:	Num[Exists(Star(on),And(Not(Nominal(b)),ontable))]
	Feat 1454	(c=False)	weight -1.8315875520743:	Num[Or(Exists(on,And(Not(Nominal(a)),ontable)),holding)]
	Feat 3890	(c=False)	weight -3.0009056419682:	Bool[And(clear,Nominal(b))] Bool[And(holding,Nominal(a))]
	Feat 4696	(c=False)	weight -0.14158014964906:	Bool[And(Forall(Star(on),Nominal(a)),Nominal(b))] Num[clear]
Score 0.005009489265673905
Lambda=0.051974526927217796
	Feat 0	(c=False)	weight -1.2513013453296:	Atom[handempty]
	Feat 17	(c=False)	weight -1.4128874795154:	Num[Or(ontable,Nominal(b))]
	Feat 22	(c=False)	weight 0.79415395915482:	Bool[Exists(on,Nominal(b))]
	Feat 25	(c=False)	weight 0.96593124969187:	Bool[Exists(on,Nominal(a))]
	Feat 204	(c=False)	weight 1.2369900141293:	Num[Or(Not(Nominal(a)),Forall(on,ontable))]
	Feat 569	(c=False)	weight -0.27732442840359:	Num[Exists(Star(on),And(Not(Nominal(b)),ontable))]
	Feat 1159	(c=False)	weight 0.095871624960415:	Num[Or(Forall(Star(on),Or(Nominal(a),Nominal(b))),clear)]
	Feat 1454	(c=False)	weight -1.9689965460666:	Num[Or(Exists(on,And(Not(Nominal(a)),ontable)),holding)]
	Feat 3890	(c=False)	weight -3.2952297173421:	Bool[And(clear,Nominal(b))] Bool[And(holding,Nominal(a))]
	Feat 3995	(c=False)	weight 0.011013085318053:	Bool[And(holding,Nominal(a))] Num[Or(Not(Nominal(a)),holding)]
	Feat 4696	(c=False)	weight -0.21763861049696:	Bool[And(Forall(Star(on),Nominal(a)),Nominal(b))] Num[clear]
Score 0.0009279049649006943
Lambda=0.032008419429130096
	Feat 0	(c=False)	weight -1.381996945529:	Atom[handempty]
	Feat 17	(c=False)	weight -1.5287289102219:	Num[Or(ontable,Nominal(b))]
	Feat 22	(c=False)	weight 0.81840432549239:	Bool[Exists(on,Nominal(b))]
	Feat 25	(c=False)	weight 0.95495054297777:	Bool[Exists(on,Nominal(a))]
	Feat 204	(c=False)	weight 1.2112142234318:	Num[Or(Not(Nominal(a)),Forall(on,ontable))]
	Feat 569	(c=False)	weight -0.27559547747527:	Num[Exists(Star(on),And(Not(Nominal(b)),ontable))]
	Feat 1159	(c=False)	weight 0.16562091318286:	Num[Or(Forall(Star(on),Or(Nominal(a),Nominal(b))),clear)]
	Feat 1454	(c=False)	weight -2.1097776368001:	Num[Or(Exists(on,And(Not(Nominal(a)),ontable)),holding)]
	Feat 1843	(c=False)	weight 0.074338256591199:	Num[Or(And(Not(Nominal(b)),Forall(on,Nominal(b))),clear)]
	Feat 1866	(c=False)	weight 0.005057961582068:	Num[Not(And(Exists(on,Exists(on,Nominal(b))),clear))]
	Feat 3701	(c=False)	weight -0.19104024585534:	Bool[holding] Bool[Exists(on,And(Not(ontable),Nominal(b)))]
	Feat 3890	(c=False)	weight -3.6937218609097:	Bool[And(clear,Nominal(b))] Bool[And(holding,Nominal(a))]
	Feat 3995	(c=False)	weight 0.044813113454882:	Bool[And(holding,Nominal(a))] Num[Or(Not(Nominal(a)),holding)]
	Feat 4696	(c=False)	weight -0.27618925079983:	Bool[And(Forall(Star(on),Nominal(a)),Nominal(b))] Num[clear]
Score -0.011304933530573047
Lambda=0.01971232784448081
	Feat 0	(c=False)	weight -1.4940600115766:	Atom[handempty]
	Feat 17	(c=False)	weight -1.6412845262361:	Num[Or(ontable,Nominal(b))]
	Feat 22	(c=False)	weight 0.87105573374507:	Bool[Exists(on,Nominal(b))]
	Feat 25	(c=False)	weight 0.94526436771065:	Bool[Exists(on,Nominal(a))]
	Feat 204	(c=False)	weight 1.196533242771:	Num[Or(Not(Nominal(a)),Forall(on,ontable))]
	Feat 569	(c=False)	weight -0.27055059891477:	Num[Exists(Star(on),And(Not(Nominal(b)),ontable))]
	Feat 1159	(c=False)	weight 0.17959120253191:	Num[Or(Forall(Star(on),Or(Nominal(a),Nominal(b))),clear)]
	Feat 1454	(c=False)	weight -2.2241265192823:	Num[Or(Exists(on,And(Not(Nominal(a)),ontable)),holding)]
	Feat 1843	(c=False)	weight 0.19627395136058:	Num[Or(And(Not(Nominal(b)),Forall(on,Nominal(b))),clear)]
	Feat 1866	(c=False)	weight 0.12923860957563:	Num[Not(And(Exists(on,Exists(on,Nominal(b))),clear))]
	Feat 3701	(c=False)	weight -0.38933767727931:	Bool[holding] Bool[Exists(on,And(Not(ontable),Nominal(b)))]
	Feat 3890	(c=False)	weight -3.979675332472:	Bool[And(clear,Nominal(b))] Bool[And(holding,Nominal(a))]
	Feat 3995	(c=False)	weight 0.066136340368844:	Bool[And(holding,Nominal(a))] Num[Or(Not(Nominal(a)),holding)]
	Feat 4696	(c=False)	weight -0.31247012613681:	Bool[And(Forall(Star(on),Nominal(a)),Nominal(b))] Num[clear]
Score 0.0016112703782317217
Lambda=0.012139801838970525
	Feat 0	(c=False)	weight -1.5626373369666:	Atom[handempty]
	Feat 17	(c=False)	weight -1.7098355807417:	Num[Or(ontable,Nominal(b))]
	Feat 22	(c=False)	weight 0.90333304959822:	Bool[Exists(on,Nominal(b))]
	Feat 25	(c=False)	weight 0.93952771657352:	Bool[Exists(on,Nominal(a))]
	Feat 204	(c=False)	weight 1.1876801157506:	Num[Or(Not(Nominal(a)),Forall(on,ontable))]
	Feat 569	(c=False)	weight -0.26751493759541:	Num[Exists(Star(on),And(Not(Nominal(b)),ontable))]
	Feat 1159	(c=False)	weight 0.18836015518376:	Num[Or(Forall(Star(on),Or(Nominal(a),Nominal(b))),clear)]
	Feat 1454	(c=False)	weight -2.2939553158033:	Num[Or(Exists(on,And(Not(Nominal(a)),ontable)),holding)]
	Feat 1843	(c=False)	weight 0.27043248918987:	Num[Or(And(Not(Nominal(b)),Forall(on,Nominal(b))),clear)]
	Feat 1866	(c=False)	weight 0.20512582154364:	Num[Not(And(Exists(on,Exists(on,Nominal(b))),clear))]
	Feat 3701	(c=False)	weight -0.51062803664774:	Bool[holding] Bool[Exists(on,And(Not(ontable),Nominal(b)))]
	Feat 3890	(c=False)	weight -4.1552486892157:	Bool[And(clear,Nominal(b))] Bool[And(holding,Nominal(a))]
	Feat 3995	(c=False)	weight 0.079263438285336:	Bool[And(holding,Nominal(a))] Num[Or(Not(Nominal(a)),holding)]
	Feat 4696	(c=False)	weight -0.33477585949438:	Bool[And(Forall(Star(on),Nominal(a)),Nominal(b))] Num[clear]
Score -0.030287373300549314
Lambda=0.007476275245226056
	Feat 0	(c=False)	weight -1.6051117420858:	Atom[handempty]
	Feat 17	(c=False)	weight -1.7524583895908:	Num[Or(ontable,Nominal(b))]
	Feat 22	(c=False)	weight 0.92279247156744:	Bool[Exists(on,Nominal(b))]
	Feat 25	(c=False)	weight 0.93602827872695:	Bool[Exists(on,Nominal(a))]
	Feat 45	(c=True)	weight -0.0048445972320677:	Bool[And(Forall(on,<empty>),Nominal(b))]
	Feat 204	(c=False)	weight 1.1829273673279:	Num[Or(Not(Nominal(a)),Forall(on,ontable))]
	Feat 569	(c=False)	weight -0.26664940185599:	Num[Exists(Star(on),And(Not(Nominal(b)),ontable))]
	Feat 1159	(c=False)	weight 0.19273370749349:	Num[Or(Forall(Star(on),Or(Nominal(a),Nominal(b))),clear)]
	Feat 1454	(c=False)	weight -2.3367505845323:	Num[Or(Exists(on,And(Not(Nominal(a)),ontable)),holding)]
	Feat 1843	(c=False)	weight 0.31637526298105:	Num[Or(And(Not(Nominal(b)),Forall(on,Nominal(b))),clear)]
	Feat 1866	(c=False)	weight 0.25182042019685:	Num[Not(And(Exists(on,Exists(on,Nominal(b))),clear))]
	Feat 3701	(c=False)	weight -0.5866113040428:	Bool[holding] Bool[Exists(on,And(Not(ontable),Nominal(b)))]
	Feat 3890	(c=False)	weight -4.2641229867463:	Bool[And(clear,Nominal(b))] Bool[And(holding,Nominal(a))]
	Feat 3995	(c=False)	weight 0.087289606326324:	Bool[And(holding,Nominal(a))] Num[Or(Not(Nominal(a)),holding)]
	Feat 4696	(c=False)	weight -0.34742318032886:	Bool[And(Forall(Star(on),Nominal(a)),Nominal(b))] Num[clear]
Score -0.06423701124992753
Lambda=0.004604250735209684
	Feat 0	(c=False)	weight -2.2646261341506:	Atom[handempty]
	Feat 17	(c=False)	weight -1.7709139448313:	Num[Or(ontable,Nominal(b))]
	Feat 22	(c=False)	weight 0.91833365729625:	Bool[Exists(on,Nominal(b))]
	Feat 25	(c=False)	weight 0.92948494797314:	Bool[Exists(on,Nominal(a))]
	Feat 45	(c=True)	weight -0.031706349248305:	Bool[And(Forall(on,<empty>),Nominal(b))]
	Feat 204	(c=False)	weight 1.1787915666929:	Num[Or(Not(Nominal(a)),Forall(on,ontable))]
	Feat 569	(c=False)	weight -0.27710856085661:	Num[Exists(Star(on),And(Not(Nominal(b)),ontable))]
	Feat 1159	(c=False)	weight 0.18005627706573:	Num[Or(Forall(Star(on),Or(Nominal(a),Nominal(b))),clear)]
	Feat 1454	(c=False)	weight -2.3795435702513:	Num[Or(Exists(on,And(Not(Nominal(a)),ontable)),holding)]
	Feat 1843	(c=False)	weight 0.33517522955696:	Num[Or(And(Not(Nominal(b)),Forall(on,Nominal(b))),clear)]
	Feat 1866	(c=False)	weight 0.26911311567761:	Num[Not(And(Exists(on,Exists(on,Nominal(b))),clear))]
	Feat 3642	(c=False)	weight -0.11523296030201:	Bool[holding] Num[Forall(on,Not(Or(ontable,Nominal(b))))]
	Feat 3701	(c=False)	weight -0.70737173405507:	Bool[holding] Bool[Exists(on,And(Not(ontable),Nominal(b)))]
	Feat 3890	(c=False)	weight -4.3215469318587:	Bool[And(clear,Nominal(b))] Bool[And(holding,Nominal(a))]
	Feat 3995	(c=False)	weight 0.091863829975407:	Bool[And(holding,Nominal(a))] Num[Or(Not(Nominal(a)),holding)]
	Feat 4696	(c=False)	weight -0.34580413096234:	Bool[And(Forall(Star(on),Nominal(a)),Nominal(b))] Num[clear]
Score 0.0018403068187509142
Lambda=0.0028355195785783206
	Feat 0	(c=False)	weight -2.9242973280917:	Atom[handempty]
	Feat 17	(c=False)	weight -1.775765266825:	Num[Or(ontable,Nominal(b))]
	Feat 22	(c=False)	weight 0.91293220160988:	Bool[Exists(on,Nominal(b))]
	Feat 25	(c=False)	weight 0.92321916433417:	Bool[Exists(on,Nominal(a))]
	Feat 45	(c=True)	weight -0.028489954611293:	Bool[And(Forall(on,<empty>),Nominal(b))]
	Feat 204	(c=False)	weight 1.1739731515772:	Num[Or(Not(Nominal(a)),Forall(on,ontable))]
	Feat 569	(c=False)	weight -0.28474811808037:	Num[Exists(Star(on),And(Not(Nominal(b)),ontable))]
	Feat 1159	(c=False)	weight 0.16844953295202:	Num[Or(Forall(Star(on),Or(Nominal(a),Nominal(b))),clear)]
	Feat 1454	(c=False)	weight -2.4166641343388:	Num[Or(Exists(on,And(Not(Nominal(a)),ontable)),holding)]
	Feat 1843	(c=False)	weight 0.34478123232023:	Num[Or(And(Not(Nominal(b)),Forall(on,Nominal(b))),clear)]
	Feat 1866	(c=False)	weight 0.27729804423097:	Num[Not(And(Exists(on,Exists(on,Nominal(b))),clear))]
	Feat 3642	(c=False)	weight -0.23153184301712:	Bool[holding] Num[Forall(on,Not(Or(ontable,Nominal(b))))]
	Feat 3701	(c=False)	weight -0.81083509882962:	Bool[holding] Bool[Exists(on,And(Not(ontable),Nominal(b)))]
	Feat 3890	(c=False)	weight -4.3539896358277:	Bool[And(clear,Nominal(b))] Bool[And(holding,Nominal(a))]
	Feat 3995	(c=False)	weight 0.09472207249262:	Bool[And(holding,Nominal(a))] Num[Or(Not(Nominal(a)),holding)]
	Feat 4696	(c=False)	weight -0.34881759977664:	Bool[And(Forall(Star(on),Nominal(a)),Nominal(b))] Num[clear]
Score -0.012607806023388068
Lambda=0.0017462496599101518
	Feat 0	(c=False)	weight -3.3299883165827:	Atom[handempty]
	Feat 17	(c=False)	weight -1.7787647835659:	Num[Or(ontable,Nominal(b))]
	Feat 22	(c=False)	weight 0.90961387271322:	Bool[Exists(on,Nominal(b))]
	Feat 25	(c=False)	weight 0.91936572665404:	Bool[Exists(on,Nominal(a))]
	Feat 45	(c=True)	weight -0.026528841674089:	Bool[And(Forall(on,<empty>),Nominal(b))]
	Feat 204	(c=False)	weight 1.1710092176055:	Num[Or(Not(Nominal(a)),Forall(on,ontable))]
	Feat 569	(c=False)	weight -0.28944724659824:	Num[Exists(Star(on),And(Not(Nominal(b)),ontable))]
	Feat 1159	(c=False)	weight 0.16131355380619:	Num[Or(Forall(Star(on),Or(Nominal(a),Nominal(b))),clear)]
	Feat 1454	(c=False)	weight -2.4395022214627:	Num[Or(Exists(on,And(Not(Nominal(a)),ontable)),holding)]
	Feat 1843	(c=False)	weight 0.35070130841426:	Num[Or(And(Not(Nominal(b)),Forall(on,Nominal(b))),clear)]
	Feat 1866	(c=False)	weight 0.28234540261507:	Num[Not(And(Exists(on,Exists(on,Nominal(b))),clear))]
	Feat 3642	(c=False)	weight -0.3030537927636:	Bool[holding] Num[Forall(on,Not(Or(ontable,Nominal(b))))]
	Feat 3701	(c=False)	weight -0.87448303722375:	Bool[holding] Bool[Exists(on,And(Not(ontable),Nominal(b)))]
	Feat 3890	(c=False)	weight -4.3739724723253:	Bool[And(clear,Nominal(b))] Bool[And(holding,Nominal(a))]
	Feat 3995	(c=False)	weight 0.096482557279358:	Bool[And(holding,Nominal(a))] Num[Or(Not(Nominal(a)),holding)]
	Feat 4696	(c=False)	weight -0.35067081878755:	Bool[And(Forall(Star(on),Nominal(a)),Nominal(b))] Num[clear]
Score -0.06407128704479503
Lambda=0.001075424729130324
	Feat 0	(c=False)	weight -3.580466864738:	Atom[handempty]
	Feat 17	(c=False)	weight -1.7805983665359:	Num[Or(ontable,Nominal(b))]
	Feat 22	(c=False)	weight 0.90756120155091:	Bool[Exists(on,Nominal(b))]
	Feat 25	(c=False)	weight 0.91698693120568:	Bool[Exists(on,Nominal(a))]
	Feat 45	(c=True)	weight -0.025297282906776:	Bool[And(Forall(on,<empty>),Nominal(b))]
	Feat 204	(c=False)	weight 1.1691805111888:	Num[Or(Not(Nominal(a)),Forall(on,ontable))]
	Feat 569	(c=False)	weight -0.29234773837166:	Num[Exists(Star(on),And(Not(Nominal(b)),ontable))]
	Feat 1159	(c=False)	weight 0.1569046136734:	Num[Or(Forall(Star(on),Or(Nominal(a),Nominal(b))),clear)]
	Feat 1454	(c=False)	weight -2.4535922960953:	Num[Or(Exists(on,And(Not(Nominal(a)),ontable)),holding)]
	Feat 1843	(c=False)	weight 0.35434298184151:	Num[Or(And(Not(Nominal(b)),Forall(on,Nominal(b))),clear)]
	Feat 1866	(c=False)	weight 0.28544644602092:	Num[Not(And(Exists(on,Exists(on,Nominal(b))),clear))]
	Feat 3642	(c=False)	weight -0.34721306688348:	Bool[holding] Num[Forall(on,Not(Or(ontable,Nominal(b))))]
	Feat 3701	(c=False)	weight -0.91375848381654:	Bool[holding] Bool[Exists(on,And(Not(ontable),Nominal(b)))]
	Feat 3890	(c=False)	weight -4.3862750975193:	Bool[And(clear,Nominal(b))] Bool[And(holding,Nominal(a))]
	Feat 3995	(c=False)	weight 0.097566437333708:	Bool[And(holding,Nominal(a))] Num[Or(Not(Nominal(a)),holding)]
	Feat 4696	(c=False)	weight -0.35181540828508:	Bool[And(Forall(Star(on),Nominal(a)),Nominal(b))] Num[clear]
Score -0.1120520608343134
Lambda=0.0006622983955710761
	Feat 0	(c=False)	weight -3.7327654691769:	Atom[handempty]
	Feat 17	(c=False)	weight -1.7817682400614:	Num[Or(ontable,Nominal(b))]
	Feat 22	(c=False)	weight 0.90632703440383:	Bool[Exists(on,Nominal(b))]
	Feat 25	(c=False)	weight 0.91554003474536:	Bool[Exists(on,Nominal(a))]
	Feat 45	(c=True)	weight -0.024591239171137:	Bool[And(Forall(on,<empty>),Nominal(b))]
	Feat 204	(c=False)	weight 1.1680657913012:	Num[Or(Not(Nominal(a)),Forall(on,ontable))]
	Feat 569	(c=False)	weight -0.29411283889676:	Num[Exists(Star(on),And(Not(Nominal(b)),ontable))]
	Feat 1159	(c=False)	weight 0.15423098861311:	Num[Or(Forall(Star(on),Or(Nominal(a),Nominal(b))),clear)]
	Feat 1454	(c=False)	weight -2.4621945400555:	Num[Or(Exists(on,And(Not(Nominal(a)),ontable)),holding)]
	Feat 1843	(c=False)	weight 0.35660352614767:	Num[Or(And(Not(Nominal(b)),Forall(on,Nominal(b))),clear)]
	Feat 1866	(c=False)	weight 0.28738149111971:	Num[Not(And(Exists(on,Exists(on,Nominal(b))),clear))]
	Feat 3642	(c=False)	weight -0.37406075982807:	Bool[holding] Num[Forall(on,Not(Or(ontable,Nominal(b))))]
	Feat 3701	(c=False)	weight -0.93770473963363:	Bool[holding] Bool[Exists(on,And(Not(ontable),Nominal(b)))]
	Feat 3890	(c=False)	weight -4.3938621143499:	Bool[And(clear,Nominal(b))] Bool[And(holding,Nominal(a))]
	Feat 3995	(c=False)	weight 0.098234834119471:	Bool[And(holding,Nominal(a))] Num[Or(Not(Nominal(a)),holding)]
	Feat 4696	(c=False)	weight -0.35251526333533:	Bool[And(Forall(Star(on),Nominal(a)),Nominal(b))] Num[clear]
Score -0.14720504496158493
Lambda=0.0004078752821043467
	Feat 0	(c=False)	weight -3.8289755992012:	Atom[handempty]
	Feat 17	(c=False)	weight -1.7824438626285:	Num[Or(ontable,Nominal(b))]
	Feat 22	(c=False)	weight 0.90553316521087:	Bool[Exists(on,Nominal(b))]
	Feat 25	(c=False)	weight 0.91462022911285:	Bool[Exists(on,Nominal(a))]
	Feat 45	(c=True)	weight -0.024085178160051:	Bool[And(Forall(on,<empty>),Nominal(b))]
	Feat 204	(c=False)	weight 1.1673540721388:	Num[Or(Not(Nominal(a)),Forall(on,ontable))]
	Feat 569	(c=False)	weight -0.29521908229839:	Num[Exists(Star(on),And(Not(Nominal(b)),ontable))]
	Feat 1159	(c=False)	weight 0.15254907398128:	Num[Or(Forall(Star(on),Or(Nominal(a),Nominal(b))),clear)]
	Feat 1454	(c=False)	weight -2.4675906484457:	Num[Or(Exists(on,And(Not(Nominal(a)),ontable)),holding)]
	Feat 1843	(c=False)	weight 0.35796916568827:	Num[Or(And(Not(Nominal(b)),Forall(on,Nominal(b))),clear)]
	Feat 1866	(c=False)	weight 0.28854381359803:	Num[Not(And(Exists(on,Exists(on,Nominal(b))),clear))]
	Feat 3642	(c=False)	weight -0.39102367951859:	Bool[holding] Num[Forall(on,Not(Or(ontable,Nominal(b))))]
	Feat 3701	(c=False)	weight -0.95275219068984:	Bool[holding] Bool[Exists(on,And(Not(ontable),Nominal(b)))]
	Feat 3890	(c=False)	weight -4.3985270144475:	Bool[And(clear,Nominal(b))] Bool[And(holding,Nominal(a))]
	Feat 3995	(c=False)	weight 0.098646293336566:	Bool[And(holding,Nominal(a))] Num[Or(Not(Nominal(a)),holding)]
	Feat 4696	(c=False)	weight -0.3529560985533:	Bool[And(Forall(Star(on),Nominal(a)),Nominal(b))] Num[clear]
Score -0.1718524455974917
Lambda=0.00025118926282201277
	Feat 0	(c=False)	weight -3.88106801882:	Atom[handempty]
	Feat 17	(c=False)	weight -1.7831110021148:	Num[Or(ontable,Nominal(b))]
	Feat 22	(c=False)	weight 0.90520027659572:	Bool[Exists(on,Nominal(b))]
	Feat 25	(c=False)	weight 0.91397171633819:	Bool[Exists(on,Nominal(a))]
	Feat 45	(c=True)	weight -0.023303160809347:	Bool[And(Forall(on,<empty>),Nominal(b))]
	Feat 204	(c=False)	weight 1.166751430144:	Num[Or(Not(Nominal(a)),Forall(on,ontable))]
	Feat 569	(c=False)	weight -0.29573204279363:	Num[Exists(Star(on),And(Not(Nominal(b)),ontable))]
	Feat 1159	(c=False)	weight 0.15157247592907:	Num[Or(Forall(Star(on),Or(Nominal(a),Nominal(b))),clear)]
	Feat 1454	(c=False)	weight -2.4711279637527:	Num[Or(Exists(on,And(Not(Nominal(a)),ontable)),holding)]
	Feat 1843	(c=False)	weight 0.35926219494608:	Num[Or(And(Not(Nominal(b)),Forall(on,Nominal(b))),clear)]
	Feat 1866	(c=False)	weight 0.28959314950966:	Num[Not(And(Exists(on,Exists(on,Nominal(b))),clear))]
	Feat 3642	(c=False)	weight -0.4001683370679:	Bool[holding] Num[Forall(on,Not(Or(ontable,Nominal(b))))]
	Feat 3701	(c=False)	weight -0.9611236960683:	Bool[holding] Bool[Exists(on,And(Not(ontable),Nominal(b)))]
	Feat 3890	(c=False)	weight -4.4017487540358:	Bool[And(clear,Nominal(b))] Bool[And(holding,Nominal(a))]
	Feat 3995	(c=False)	weight 0.098940198099154:	Bool[And(holding,Nominal(a))] Num[Or(Not(Nominal(a)),holding)]
	Feat 4696	(c=False)	weight -0.35333144325358:	Bool[And(Forall(Star(on),Nominal(a)),Nominal(b))] Num[clear]
Score -0.1854886979919934
Lambda=0.00015469445814793046
	Feat 0	(c=False)	weight -3.9147536964331:	Atom[handempty]
	Feat 17	(c=False)	weight -1.7833894463867:	Num[Or(ontable,Nominal(b))]
	Feat 22	(c=False)	weight 0.90494998031764:	Bool[Exists(on,Nominal(b))]
	Feat 25	(c=False)	weight 0.9136565631448:	Bool[Exists(on,Nominal(a))]
	Feat 45	(c=True)	weight -0.023035475353241:	Bool[And(Forall(on,<empty>),Nominal(b))]
	Feat 204	(c=False)	weight 1.1664982949898:	Num[Or(Not(Nominal(a)),Forall(on,ontable))]
	Feat 569	(c=False)	weight -0.29611316318506:	Num[Exists(Star(on),And(Not(Nominal(b)),ontable))]
	Feat 1159	(c=False)	weight 0.15100225868415:	Num[Or(Forall(Star(on),Or(Nominal(a),Nominal(b))),clear)]
	Feat 1454	(c=False)	weight -2.4730726989652:	Num[Or(Exists(on,And(Not(Nominal(a)),ontable)),holding)]
	Feat 1843	(c=False)	weight 0.35979725132126:	Num[Or(And(Not(Nominal(b)),Forall(on,Nominal(b))),clear)]
	Feat 1866	(c=False)	weight 0.29006751339348:	Num[Not(And(Exists(on,Exists(on,Nominal(b))),clear))]
	Feat 3642	(c=False)	weight -0.40610608018375:	Bool[holding] Num[Forall(on,Not(Or(ontable,Nominal(b))))]
	Feat 3701	(c=False)	weight -0.96645287352191:	Bool[holding] Bool[Exists(on,And(Not(ontable),Nominal(b)))]
	Feat 3890	(c=False)	weight -4.4035186876574:	Bool[And(clear,Nominal(b))] Bool[And(holding,Nominal(a))]
	Feat 3995	(c=False)	weight 0.099098874951175:	Bool[And(holding,Nominal(a))] Num[Or(Not(Nominal(a)),holding)]
	Feat 4696	(c=False)	weight -0.35353077577037:	Bool[And(Forall(Star(on),Nominal(a)),Nominal(b))] Num[clear]
Score -0.1947446198569147
