Considering 18 features
Lasso Method
----------

Lambda=1.5469445814793046
Score 1.1102230246251565e-16
Lambda=0.9526830531223126
	Feat 17	(c=False)	weight -0.57005470677793:	Num[Or(ontable,Nominal(b))]
	Feat 25	(c=False)	weight 0.13178502983967:	Bool[Exists(on,Nominal(a))]
	Feat 1454	(c=False)	weight -0.63725562016231:	Num[Or(Exists(on,And(Not(Nominal(a)),ontable)),holding)]
Score -0.6051314421528289
Lambda=0.5867081539782963
	Feat 17	(c=False)	weight -0.86248024550587:	Num[Or(ontable,Nominal(b))]
	Feat 22	(c=False)	weight 0.16157742134366:	Bool[Exists(on,Nominal(b))]
	Feat 25	(c=False)	weight 0.59750787735418:	Bool[Exists(on,Nominal(a))]
	Feat 1454	(c=False)	weight -0.93819906025084:	Num[Or(Exists(on,And(Not(Nominal(a)),ontable)),holding)]
Score -1.150074816496447
Lambda=0.3613231670453846
	Feat 0	(c=False)	weight -0.087354086639774:	Atom[handempty]
	Feat 17	(c=False)	weight -1.0851376863236:	Num[Or(ontable,Nominal(b))]
	Feat 22	(c=False)	weight 0.48267546366885:	Bool[Exists(on,Nominal(b))]
	Feat 25	(c=False)	weight 0.80081080980338:	Bool[Exists(on,Nominal(a))]
	Feat 204	(c=False)	weight 0.50115228362139:	Num[Or(Not(Nominal(a)),Forall(on,ontable))]
	Feat 1454	(c=False)	weight -1.1319846212507:	Num[Or(Exists(on,And(Not(Nominal(a)),ontable)),holding)]
	Feat 3890	(c=False)	weight -1.1263065003697:	Bool[And(clear,Nominal(b))] Bool[And(holding,Nominal(a))]
Score -0.14106127417435288
Lambda=0.2225202260416111
	Feat 0	(c=False)	weight -0.7456292074383:	Atom[handempty]
	Feat 17	(c=False)	weight -1.1743844877269:	Num[Or(ontable,Nominal(b))]
	Feat 22	(c=False)	weight 0.76399401706271:	Bool[Exists(on,Nominal(b))]
	Feat 25	(c=False)	weight 0.93172992456776:	Bool[Exists(on,Nominal(a))]
	Feat 204	(c=False)	weight 0.79198402802271:	Num[Or(Not(Nominal(a)),Forall(on,ontable))]
	Feat 569	(c=False)	weight -0.057558760552865:	Num[Exists(Star(on),And(Not(Nominal(b)),ontable))]
	Feat 1454	(c=False)	weight -1.5387938920249:	Num[Or(Exists(on,And(Not(Nominal(a)),ontable)),holding)]
	Feat 2314	(c=False)	weight 0.1476273772521:	Num[Or(Or(Nominal(a),Nominal(b)),Exists(Inverse(on),clear))]
	Feat 3890	(c=False)	weight -2.0168370822184:	Bool[And(clear,Nominal(b))] Bool[And(holding,Nominal(a))]
Score -0.005436231933150681
Lambda=0.137038683133734
	Feat 0	(c=False)	weight -1.3829024337812:	Atom[handempty]
	Feat 17	(c=False)	weight -1.1925110441714:	Num[Or(ontable,Nominal(b))]
	Feat 22	(c=False)	weight 1.0859478435106:	Bool[Exists(on,Nominal(b))]
	Feat 25	(c=False)	weight 1.1238116410361:	Bool[Exists(on,Nominal(a))]
	Feat 204	(c=False)	weight 0.83119237304651:	Num[Or(Not(Nominal(a)),Forall(on,ontable))]
	Feat 569	(c=False)	weight -0.12579680101704:	Num[Exists(Star(on),And(Not(Nominal(b)),ontable))]
	Feat 1454	(c=False)	weight -1.969484778858:	Num[Or(Exists(on,And(Not(Nominal(a)),ontable)),holding)]
	Feat 2314	(c=False)	weight 0.60566514773416:	Num[Or(Or(Nominal(a),Nominal(b)),Exists(Inverse(on),clear))]
	Feat 3890	(c=False)	weight -2.5357378332798:	Bool[And(clear,Nominal(b))] Bool[And(holding,Nominal(a))]
	Feat 4696	(c=False)	weight -0.03762957868446:	Bool[And(Forall(Star(on),Nominal(a)),Nominal(b))] Num[clear]
Score 0.003776962163883124
Lambda=0.08439502785475413
	Feat 0	(c=False)	weight -1.7759141293244:	Atom[handempty]
	Feat 17	(c=False)	weight -1.2024152718077:	Num[Or(ontable,Nominal(b))]
	Feat 22	(c=False)	weight 1.3197780124582:	Bool[Exists(on,Nominal(b))]
	Feat 25	(c=False)	weight 1.2493495936458:	Bool[Exists(on,Nominal(a))]
	Feat 204	(c=False)	weight 0.86140371990746:	Num[Or(Not(Nominal(a)),Forall(on,ontable))]
	Feat 569	(c=False)	weight -0.19954354511594:	Num[Exists(Star(on),And(Not(Nominal(b)),ontable))]
	Feat 1454	(c=False)	weight -2.2450498343829:	Num[Or(Exists(on,And(Not(Nominal(a)),ontable)),holding)]
	Feat 1866	(c=False)	weight 0.18664025888136:	Num[Not(And(Exists(on,Exists(on,Nominal(b))),clear))]
	Feat 2314	(c=False)	weight 0.9200685759325:	Num[Or(Or(Nominal(a),Nominal(b)),Exists(Inverse(on),clear))]
	Feat 3890	(c=False)	weight -2.8858625963407:	Bool[And(clear,Nominal(b))] Bool[And(holding,Nominal(a))]
	Feat 4696	(c=False)	weight -0.12065340987159:	Bool[And(Forall(Star(on),Nominal(a)),Nominal(b))] Num[clear]
Score -0.21274837692321302
Lambda=0.051974526927217796
	Feat 0	(c=False)	weight -2.0827214887232:	Atom[handempty]
	Feat 17	(c=False)	weight -1.0907104672989:	Num[Or(ontable,Nominal(b))]
	Feat 22	(c=False)	weight 1.5673253566823:	Bool[Exists(on,Nominal(b))]
	Feat 25	(c=False)	weight 1.4441441247169:	Bool[Exists(on,Nominal(a))]
	Feat 204	(c=False)	weight 0.87002740934845:	Num[Or(Not(Nominal(a)),Forall(on,ontable))]
	Feat 569	(c=False)	weight -0.2678756368006:	Num[Exists(Star(on),And(Not(Nominal(b)),ontable))]
	Feat 1159	(c=False)	weight -0.10164590429782:	Num[Or(Forall(Star(on),Or(Nominal(a),Nominal(b))),clear)]
	Feat 1454	(c=False)	weight -2.4033422686324:	Num[Or(Exists(on,And(Not(Nominal(a)),ontable)),holding)]
	Feat 1843	(c=False)	weight -0.020619445901952:	Num[Or(And(Not(Nominal(b)),Forall(on,Nominal(b))),clear)]
	Feat 1866	(c=False)	weight 0.42819094342689:	Num[Not(And(Exists(on,Exists(on,Nominal(b))),clear))]
	Feat 2314	(c=False)	weight 1.2367288588066:	Num[Or(Or(Nominal(a),Nominal(b)),Exists(Inverse(on),clear))]
	Feat 3890	(c=False)	weight -3.369295031898:	Bool[And(clear,Nominal(b))] Bool[And(holding,Nominal(a))]
	Feat 3995	(c=False)	weight 0.046716540310668:	Bool[And(holding,Nominal(a))] Num[Or(Not(Nominal(a)),holding)]
	Feat 4696	(c=False)	weight -0.14113158216488:	Bool[And(Forall(Star(on),Nominal(a)),Nominal(b))] Num[clear]
Score -1.0328990269589848
Lambda=0.032008419429130096
	Feat 0	(c=False)	weight -2.392251328183:	Atom[handempty]
	Feat 17	(c=False)	weight -0.92515567465916:	Num[Or(ontable,Nominal(b))]
	Feat 22	(c=False)	weight 1.833405421021:	Bool[Exists(on,Nominal(b))]
	Feat 25	(c=False)	weight 1.6390793938341:	Bool[Exists(on,Nominal(a))]
	Feat 204	(c=False)	weight 0.91205011383791:	Num[Or(Not(Nominal(a)),Forall(on,ontable))]
	Feat 569	(c=False)	weight -0.33169667482943:	Num[Exists(Star(on),And(Not(Nominal(b)),ontable))]
	Feat 1159	(c=False)	weight -0.29128595882883:	Num[Or(Forall(Star(on),Or(Nominal(a),Nominal(b))),clear)]
	Feat 1454	(c=False)	weight -2.485219299264:	Num[Or(Exists(on,And(Not(Nominal(a)),ontable)),holding)]
	Feat 1843	(c=False)	weight -0.017538167888026:	Num[Or(And(Not(Nominal(b)),Forall(on,Nominal(b))),clear)]
	Feat 1866	(c=False)	weight 0.59917654274077:	Num[Not(And(Exists(on,Exists(on,Nominal(b))),clear))]
	Feat 2314	(c=False)	weight 1.5170558168882:	Num[Or(Or(Nominal(a),Nominal(b)),Exists(Inverse(on),clear))]
	Feat 3701	(c=False)	weight -0.13985727772441:	Bool[holding] Bool[Exists(on,And(Not(ontable),Nominal(b)))]
	Feat 3890	(c=False)	weight -3.7221684657342:	Bool[And(clear,Nominal(b))] Bool[And(holding,Nominal(a))]
	Feat 3995	(c=False)	weight 0.078917526486759:	Bool[And(holding,Nominal(a))] Num[Or(Not(Nominal(a)),holding)]
	Feat 4325	(c=False)	weight -0.02075295755001:	Bool[Exists(on,Nominal(b))] Bool[Exists(Inverse(on),Nominal(b))]
	Feat 4696	(c=False)	weight -0.13145174745053:	Bool[And(Forall(Star(on),Nominal(a)),Nominal(b))] Num[clear]
Score -2.1648068711064123
Lambda=0.01971232784448081
	Feat 0	(c=False)	weight -2.7160986798566:	Atom[handempty]
	Feat 17	(c=False)	weight -0.7184833653881:	Num[Or(ontable,Nominal(b))]
	Feat 22	(c=False)	weight 2.3615346168956:	Bool[Exists(on,Nominal(b))]
	Feat 25	(c=False)	weight 1.7688834684542:	Bool[Exists(on,Nominal(a))]
	Feat 204	(c=False)	weight 0.92788055123325:	Num[Or(Not(Nominal(a)),Forall(on,ontable))]
	Feat 569	(c=False)	weight -0.30533032326745:	Num[Exists(Star(on),And(Not(Nominal(b)),ontable))]
	Feat 1159	(c=False)	weight -0.453575346443:	Num[Or(Forall(Star(on),Or(Nominal(a),Nominal(b))),clear)]
	Feat 1454	(c=False)	weight -2.5896334085244:	Num[Or(Exists(on,And(Not(Nominal(a)),ontable)),holding)]
	Feat 1866	(c=False)	weight 0.72737547332128:	Num[Not(And(Exists(on,Exists(on,Nominal(b))),clear))]
	Feat 2314	(c=False)	weight 1.7192194910396:	Num[Or(Or(Nominal(a),Nominal(b)),Exists(Inverse(on),clear))]
	Feat 3701	(c=False)	weight -0.21368505270715:	Bool[holding] Bool[Exists(on,And(Not(ontable),Nominal(b)))]
	Feat 3890	(c=False)	weight -3.9251814216418:	Bool[And(clear,Nominal(b))] Bool[And(holding,Nominal(a))]
	Feat 3995	(c=False)	weight 0.098642449775461:	Bool[And(holding,Nominal(a))] Num[Or(Not(Nominal(a)),holding)]
	Feat 4325	(c=False)	weight -0.47133084133032:	Bool[Exists(on,Nominal(b))] Bool[Exists(Inverse(on),Nominal(b))]
	Feat 4696	(c=False)	weight -0.13792111301887:	Bool[And(Forall(Star(on),Nominal(a)),Nominal(b))] Num[clear]
Score -3.5329367243758973
Lambda=0.012139801838970525
	Feat 0	(c=False)	weight -2.9137275939519:	Atom[handempty]
	Feat 17	(c=False)	weight -0.58634451365088:	Num[Or(ontable,Nominal(b))]
	Feat 22	(c=False)	weight 2.6785837103776:	Bool[Exists(on,Nominal(b))]
	Feat 25	(c=False)	weight 1.8508807795142:	Bool[Exists(on,Nominal(a))]
	Feat 204	(c=False)	weight 0.93686053103939:	Num[Or(Not(Nominal(a)),Forall(on,ontable))]
	Feat 569	(c=False)	weight -0.29101388147218:	Num[Exists(Star(on),And(Not(Nominal(b)),ontable))]
	Feat 1159	(c=False)	weight -0.54942104633891:	Num[Or(Forall(Star(on),Or(Nominal(a),Nominal(b))),clear)]
	Feat 1454	(c=False)	weight -2.6495434329761:	Num[Or(Exists(on,And(Not(Nominal(a)),ontable)),holding)]
	Feat 1866	(c=False)	weight 0.80181693172206:	Num[Not(And(Exists(on,Exists(on,Nominal(b))),clear))]
	Feat 2314	(c=False)	weight 1.8461428737918:	Num[Or(Or(Nominal(a),Nominal(b)),Exists(Inverse(on),clear))]
	Feat 3701	(c=False)	weight -0.25788800879889:	Bool[holding] Bool[Exists(on,And(Not(ontable),Nominal(b)))]
	Feat 3890	(c=False)	weight -4.0485505979635:	Bool[And(clear,Nominal(b))] Bool[And(holding,Nominal(a))]
	Feat 3995	(c=False)	weight 0.11108630834042:	Bool[And(holding,Nominal(a))] Num[Or(Not(Nominal(a)),holding)]
	Feat 4325	(c=False)	weight -0.73480057210728:	Bool[Exists(on,Nominal(b))] Bool[Exists(Inverse(on),Nominal(b))]
	Feat 4696	(c=False)	weight -0.14116696404778:	Bool[And(Forall(Star(on),Nominal(a)),Nominal(b))] Num[clear]
Score -4.4968629668081475
Lambda=0.007476275245226056
	Feat 0	(c=False)	weight -3.0599431365897:	Atom[handempty]
	Feat 17	(c=False)	weight -0.49692661086684:	Num[Or(ontable,Nominal(b))]
	Feat 22	(c=False)	weight 2.9455034584125:	Bool[Exists(on,Nominal(b))]
	Feat 25	(c=False)	weight 1.9062224436825:	Bool[Exists(on,Nominal(a))]
	Feat 45	(c=True)	weight 0.1302973281496:	Bool[And(Forall(on,<empty>),Nominal(b))]
	Feat 204	(c=False)	weight 0.94378172252996:	Num[Or(Not(Nominal(a)),Forall(on,ontable))]
	Feat 569	(c=False)	weight -0.26036768475259:	Num[Exists(Star(on),And(Not(Nominal(b)),ontable))]
	Feat 1159	(c=False)	weight -0.63712959126136:	Num[Or(Forall(Star(on),Or(Nominal(a),Nominal(b))),clear)]
	Feat 1454	(c=False)	weight -2.7191915106461:	Num[Or(Exists(on,And(Not(Nominal(a)),ontable)),holding)]
	Feat 1843	(c=False)	weight 0.059724086881229:	Num[Or(And(Not(Nominal(b)),Forall(on,Nominal(b))),clear)]
	Feat 1866	(c=False)	weight 0.88143131617911:	Num[Not(And(Exists(on,Exists(on,Nominal(b))),clear))]
	Feat 2314	(c=False)	weight 1.9258751487305:	Num[Or(Or(Nominal(a),Nominal(b)),Exists(Inverse(on),clear))]
	Feat 3701	(c=False)	weight -0.27540532914971:	Bool[holding] Bool[Exists(on,And(Not(ontable),Nominal(b)))]
	Feat 3890	(c=False)	weight -4.1192423098401:	Bool[And(clear,Nominal(b))] Bool[And(holding,Nominal(a))]
	Feat 3995	(c=False)	weight 0.11820143878848:	Bool[And(holding,Nominal(a))] Num[Or(Not(Nominal(a)),holding)]
	Feat 4325	(c=False)	weight -0.97191118508124:	Bool[Exists(on,Nominal(b))] Bool[Exists(Inverse(on),Nominal(b))]
	Feat 4696	(c=False)	weight -0.17449465871046:	Bool[And(Forall(Star(on),Nominal(a)),Nominal(b))] Num[clear]
Score -5.713540512108541
Lambda=0.004604250735209684
	Feat 0	(c=False)	weight -3.5770729447844:	Atom[handempty]
	Feat 17	(c=False)	weight -0.44244145128415:	Num[Or(ontable,Nominal(b))]
	Feat 22	(c=False)	weight 3.13254858692:	Bool[Exists(on,Nominal(b))]
	Feat 25	(c=False)	weight 1.9392671532207:	Bool[Exists(on,Nominal(a))]
	Feat 45	(c=True)	weight 0.27003603738473:	Bool[And(Forall(on,<empty>),Nominal(b))]
	Feat 204	(c=False)	weight 0.95153013043873:	Num[Or(Not(Nominal(a)),Forall(on,ontable))]
	Feat 569	(c=False)	weight -0.23950859340473:	Num[Exists(Star(on),And(Not(Nominal(b)),ontable))]
	Feat 1159	(c=False)	weight -0.72498339932319:	Num[Or(Forall(Star(on),Or(Nominal(a),Nominal(b))),clear)]
	Feat 1454	(c=False)	weight -2.7953699002859:	Num[Or(Exists(on,And(Not(Nominal(a)),ontable)),holding)]
	Feat 1843	(c=False)	weight 0.1402429433002:	Num[Or(And(Not(Nominal(b)),Forall(on,Nominal(b))),clear)]
	Feat 1866	(c=False)	weight 0.94858612746037:	Num[Not(And(Exists(on,Exists(on,Nominal(b))),clear))]
	Feat 2314	(c=False)	weight 1.9731782131503:	Num[Or(Or(Nominal(a),Nominal(b)),Exists(Inverse(on),clear))]
	Feat 3642	(c=False)	weight -0.075657089651149:	Bool[holding] Num[Forall(on,Not(Or(ontable,Nominal(b))))]
	Feat 3701	(c=False)	weight -0.3356120310432:	Bool[holding] Bool[Exists(on,And(Not(ontable),Nominal(b)))]
	Feat 3890	(c=False)	weight -4.158324657963:	Bool[And(clear,Nominal(b))] Bool[And(holding,Nominal(a))]
	Feat 3995	(c=False)	weight 0.12168731589389:	Bool[And(holding,Nominal(a))] Num[Or(Not(Nominal(a)),holding)]
	Feat 4325	(c=False)	weight -1.1584498725861:	Bool[Exists(on,Nominal(b))] Bool[Exists(Inverse(on),Nominal(b))]
	Feat 4696	(c=False)	weight -0.20795988212781:	Bool[And(Forall(Star(on),Nominal(a)),Nominal(b))] Num[clear]
Score -6.1346894895147805
Lambda=0.0028355195785783206
	Feat 0	(c=False)	weight -4.3418647835068:	Atom[handempty]
	Feat 17	(c=False)	weight -0.40387847984808:	Num[Or(ontable,Nominal(b))]
	Feat 22	(c=False)	weight 3.2403413140369:	Bool[Exists(on,Nominal(b))]
	Feat 25	(c=False)	weight 1.9531394275652:	Bool[Exists(on,Nominal(a))]
	Feat 45	(c=True)	weight 0.35844962551504:	Bool[And(Forall(on,<empty>),Nominal(b))]
	Feat 204	(c=False)	weight 0.95297971092984:	Num[Or(Not(Nominal(a)),Forall(on,ontable))]
	Feat 569	(c=False)	weight -0.23040359742083:	Num[Exists(Star(on),And(Not(Nominal(b)),ontable))]
	Feat 1159	(c=False)	weight -0.78545214510559:	Num[Or(Forall(Star(on),Or(Nominal(a),Nominal(b))),clear)]
	Feat 1454	(c=False)	weight -2.8580908642894:	Num[Or(Exists(on,And(Not(Nominal(a)),ontable)),holding)]
	Feat 1843	(c=False)	weight 0.18556522725589:	Num[Or(And(Not(Nominal(b)),Forall(on,Nominal(b))),clear)]
	Feat 1866	(c=False)	weight 0.98307169657055:	Num[Not(And(Exists(on,Exists(on,Nominal(b))),clear))]
	Feat 2314	(c=False)	weight 1.9988916728469:	Num[Or(Or(Nominal(a),Nominal(b)),Exists(Inverse(on),clear))]
	Feat 3642	(c=False)	weight -0.20282599136603:	Bool[holding] Num[Forall(on,Not(Or(ontable,Nominal(b))))]
	Feat 3701	(c=False)	weight -0.42543930455327:	Bool[holding] Bool[Exists(on,And(Not(ontable),Nominal(b)))]
	Feat 3890	(c=False)	weight -4.1779125743656:	Bool[And(clear,Nominal(b))] Bool[And(holding,Nominal(a))]
	Feat 3995	(c=False)	weight 0.12367789275388:	Bool[And(holding,Nominal(a))] Num[Or(Not(Nominal(a)),holding)]
	Feat 4325	(c=False)	weight -1.277829280353:	Bool[Exists(on,Nominal(b))] Bool[Exists(Inverse(on),Nominal(b))]
	Feat 4696	(c=False)	weight -0.22791598394054:	Bool[And(Forall(Star(on),Nominal(a)),Nominal(b))] Num[clear]
Score -5.588560343010713
Lambda=0.0017462496599101518
	Feat 0	(c=False)	weight -4.8104661557297:	Atom[handempty]
	Feat 17	(c=False)	weight -0.38022278519201:	Num[Or(ontable,Nominal(b))]
	Feat 22	(c=False)	weight 3.3066304340571:	Bool[Exists(on,Nominal(b))]
	Feat 25	(c=False)	weight 1.9616870477733:	Bool[Exists(on,Nominal(a))]
	Feat 45	(c=True)	weight 0.41279657929765:	Bool[And(Forall(on,<empty>),Nominal(b))]
	Feat 204	(c=False)	weight 0.95388949668383:	Num[Or(Not(Nominal(a)),Forall(on,ontable))]
	Feat 569	(c=False)	weight -0.22479107381179:	Num[Exists(Star(on),And(Not(Nominal(b)),ontable))]
	Feat 1159	(c=False)	weight -0.82260894492864:	Num[Or(Forall(Star(on),Or(Nominal(a),Nominal(b))),clear)]
	Feat 1454	(c=False)	weight -2.8966006768986:	Num[Or(Exists(on,And(Not(Nominal(a)),ontable)),holding)]
	Feat 1843	(c=False)	weight 0.21347890112936:	Num[Or(And(Not(Nominal(b)),Forall(on,Nominal(b))),clear)]
	Feat 1866	(c=False)	weight 1.0043160407639:	Num[Not(And(Exists(on,Exists(on,Nominal(b))),clear))]
	Feat 2314	(c=False)	weight 2.0146992785476:	Num[Or(Or(Nominal(a),Nominal(b)),Exists(Inverse(on),clear))]
	Feat 3642	(c=False)	weight -0.28072673087469:	Bool[holding] Num[Forall(on,Not(Or(ontable,Nominal(b))))]
	Feat 3701	(c=False)	weight -0.48049204306762:	Bool[holding] Bool[Exists(on,And(Not(ontable),Nominal(b)))]
	Feat 3890	(c=False)	weight -4.1900019557924:	Bool[And(clear,Nominal(b))] Bool[And(holding,Nominal(a))]
	Feat 3995	(c=False)	weight 0.12490499239475:	Bool[And(holding,Nominal(a))] Num[Or(Not(Nominal(a)),holding)]
	Feat 4325	(c=False)	weight -1.351218799127:	Bool[Exists(on,Nominal(b))] Bool[Exists(Inverse(on),Nominal(b))]
	Feat 4696	(c=False)	weight -0.24019240516493:	Bool[And(Forall(Star(on),Nominal(a)),Nominal(b))] Num[clear]
Score -5.268297970322031
Lambda=0.001075424729130324
	Feat 0	(c=False)	weight -5.1008359762804:	Atom[handempty]
	Feat 17	(c=False)	weight -0.36566384893958:	Num[Or(ontable,Nominal(b))]
	Feat 22	(c=False)	weight 3.3474082205949:	Bool[Exists(on,Nominal(b))]
	Feat 25	(c=False)	weight 1.9669058078799:	Bool[Exists(on,Nominal(a))]
	Feat 45	(c=True)	weight 0.44629141109409:	Bool[And(Forall(on,<empty>),Nominal(b))]
	Feat 204	(c=False)	weight 0.95443108460298:	Num[Or(Not(Nominal(a)),Forall(on,ontable))]
	Feat 569	(c=False)	weight -0.22134509597591:	Num[Exists(Star(on),And(Not(Nominal(b)),ontable))]
	Feat 1159	(c=False)	weight -0.8455055104051:	Num[Or(Forall(Star(on),Or(Nominal(a),Nominal(b))),clear)]
	Feat 1454	(c=False)	weight -2.9203950241307:	Num[Or(Exists(on,And(Not(Nominal(a)),ontable)),holding)]
	Feat 1843	(c=False)	weight 0.23067259101397:	Num[Or(And(Not(Nominal(b)),Forall(on,Nominal(b))),clear)]
	Feat 1866	(c=False)	weight 1.0173770016429:	Num[Not(And(Exists(on,Exists(on,Nominal(b))),clear))]
	Feat 2314	(c=False)	weight 2.0244044213757:	Num[Or(Or(Nominal(a),Nominal(b)),Exists(Inverse(on),clear))]
	Feat 3642	(c=False)	weight -0.32902152066882:	Bool[holding] Num[Forall(on,Not(Or(ontable,Nominal(b))))]
	Feat 3701	(c=False)	weight -0.51462628530045:	Bool[holding] Bool[Exists(on,And(Not(ontable),Nominal(b)))]
	Feat 3890	(c=False)	weight -4.1974519879299:	Bool[And(clear,Nominal(b))] Bool[And(holding,Nominal(a))]
	Feat 3995	(c=False)	weight 0.12565949279775:	Bool[And(holding,Nominal(a))] Num[Or(Not(Nominal(a)),holding)]
	Feat 4325	(c=False)	weight -1.3964251362747:	Bool[Exists(on,Nominal(b))] Bool[Exists(Inverse(on),Nominal(b))]
	Feat 4696	(c=False)	weight -0.24775902453893:	Bool[And(Forall(Star(on),Nominal(a)),Nominal(b))] Num[clear]
Score -5.072737488191381
Lambda=0.0006622983955710761
	Feat 0	(c=False)	weight -5.2805568618682:	Atom[handempty]
	Feat 17	(c=False)	weight -0.35686034741716:	Num[Or(ontable,Nominal(b))]
	Feat 22	(c=False)	weight 3.3722319139164:	Bool[Exists(on,Nominal(b))]
	Feat 25	(c=False)	weight 1.970012536914:	Bool[Exists(on,Nominal(a))]
	Feat 45	(c=True)	weight 0.46679244266977:	Bool[And(Forall(on,<empty>),Nominal(b))]
	Feat 204	(c=False)	weight 0.95473759957658:	Num[Or(Not(Nominal(a)),Forall(on,ontable))]
	Feat 569	(c=False)	weight -0.21924759789089:	Num[Exists(Star(on),And(Not(Nominal(b)),ontable))]
	Feat 1159	(c=False)	weight -0.85949930483969:	Num[Or(Forall(Star(on),Or(Nominal(a),Nominal(b))),clear)]
	Feat 1454	(c=False)	weight -2.935057133538:	Num[Or(Exists(on,And(Not(Nominal(a)),ontable)),holding)]
	Feat 1843	(c=False)	weight 0.24124408973125:	Num[Or(And(Not(Nominal(b)),Forall(on,Nominal(b))),clear)]
	Feat 1866	(c=False)	weight 1.0253608756068:	Num[Not(And(Exists(on,Exists(on,Nominal(b))),clear))]
	Feat 2314	(c=False)	weight 2.0302633768959:	Num[Or(Or(Nominal(a),Nominal(b)),Exists(Inverse(on),clear))]
	Feat 3642	(c=False)	weight -0.35894680891399:	Bool[holding] Num[Forall(on,Not(Or(ontable,Nominal(b))))]
	Feat 3701	(c=False)	weight -0.53583132573353:	Bool[holding] Bool[Exists(on,And(Not(ontable),Nominal(b)))]
	Feat 3890	(c=False)	weight -4.2020942065469:	Bool[And(clear,Nominal(b))] Bool[And(holding,Nominal(a))]
	Feat 3995	(c=False)	weight 0.12612398805579:	Bool[And(holding,Nominal(a))] Num[Or(Not(Nominal(a)),holding)]
	Feat 4325	(c=False)	weight -1.4240558638478:	Bool[Exists(on,Nominal(b))] Bool[Exists(Inverse(on),Nominal(b))]
	Feat 4696	(c=False)	weight -0.25240493820468:	Bool[And(Forall(Star(on),Nominal(a)),Nominal(b))] Num[clear]
Score -4.951374205966046
Lambda=0.0004078752821043467
	Feat 0	(c=False)	weight -5.3918850031872:	Atom[handempty]
	Feat 17	(c=False)	weight -0.35163069002683:	Num[Or(ontable,Nominal(b))]
	Feat 22	(c=False)	weight 3.3871224111821:	Bool[Exists(on,Nominal(b))]
	Feat 25	(c=False)	weight 1.9718091524385:	Bool[Exists(on,Nominal(a))]
	Feat 45	(c=True)	weight 0.47919559866593:	Bool[And(Forall(on,<empty>),Nominal(b))]
	Feat 204	(c=False)	weight 0.95488937111013:	Num[Or(Not(Nominal(a)),Forall(on,ontable))]
	Feat 569	(c=False)	weight -0.21799577778893:	Num[Exists(Star(on),And(Not(Nominal(b)),ontable))]
	Feat 1159	(c=False)	weight -0.86795541359498:	Num[Or(Forall(Star(on),Or(Nominal(a),Nominal(b))),clear)]
	Feat 1454	(c=False)	weight -2.9440533712649:	Num[Or(Exists(on,And(Not(Nominal(a)),ontable)),holding)]
	Feat 1843	(c=False)	weight 0.24768250609732:	Num[Or(And(Not(Nominal(b)),Forall(on,Nominal(b))),clear)]
	Feat 1866	(c=False)	weight 1.0301875987192:	Num[Not(And(Exists(on,Exists(on,Nominal(b))),clear))]
	Feat 2314	(c=False)	weight 2.033736839291:	Num[Or(Or(Nominal(a),Nominal(b)),Exists(Inverse(on),clear))]
	Feat 3642	(c=False)	weight -0.37752244650446:	Bool[holding] Num[Forall(on,Not(Or(ontable,Nominal(b))))]
	Feat 3701	(c=False)	weight -0.54906519830998:	Bool[holding] Bool[Exists(on,And(Not(ontable),Nominal(b)))]
	Feat 3890	(c=False)	weight -4.2050218860995:	Bool[And(clear,Nominal(b))] Bool[And(holding,Nominal(a))]
	Feat 3995	(c=False)	weight 0.12641205028572:	Bool[And(holding,Nominal(a))] Num[Or(Not(Nominal(a)),holding)]
	Feat 4325	(c=False)	weight -1.4407413559648:	Bool[Exists(on,Nominal(b))] Bool[Exists(Inverse(on),Nominal(b))]
	Feat 4696	(c=False)	weight -0.25523131316219:	Bool[And(Forall(Star(on),Nominal(a)),Nominal(b))] Num[clear]
Score -4.8743841219340815
Lambda=0.00025118926282201277
	Feat 0	(c=False)	weight -5.4589548204916:	Atom[handempty]
	Feat 17	(c=False)	weight -0.34845800043175:	Num[Or(ontable,Nominal(b))]
	Feat 22	(c=False)	weight 3.396220593619:	Bool[Exists(on,Nominal(b))]
	Feat 25	(c=False)	weight 1.9729097195969:	Bool[Exists(on,Nominal(a))]
	Feat 45	(c=True)	weight 0.48672772066813:	Bool[And(Forall(on,<empty>),Nominal(b))]
	Feat 204	(c=False)	weight 0.95497428753076:	Num[Or(Not(Nominal(a)),Forall(on,ontable))]
	Feat 569	(c=False)	weight -0.21721586599315:	Num[Exists(Star(on),And(Not(Nominal(b)),ontable))]
	Feat 1159	(c=False)	weight -0.87306641310042:	Num[Or(Forall(Star(on),Or(Nominal(a),Nominal(b))),clear)]
	Feat 1454	(c=False)	weight -2.9495061627453:	Num[Or(Exists(on,And(Not(Nominal(a)),ontable)),holding)]
	Feat 1843	(c=False)	weight 0.25159648808297:	Num[Or(And(Not(Nominal(b)),Forall(on,Nominal(b))),clear)]
	Feat 1866	(c=False)	weight 1.0331403533067:	Num[Not(And(Exists(on,Exists(on,Nominal(b))),clear))]
	Feat 2314	(c=False)	weight 2.0358493686899:	Num[Or(Or(Nominal(a),Nominal(b)),Exists(Inverse(on),clear))]
	Feat 3642	(c=False)	weight -0.38870516175862:	Bool[holding] Num[Forall(on,Not(Or(ontable,Nominal(b))))]
	Feat 3701	(c=False)	weight -0.55704566442694:	Bool[holding] Bool[Exists(on,And(Not(ontable),Nominal(b)))]
	Feat 3890	(c=False)	weight -4.2068437057792:	Bool[And(clear,Nominal(b))] Bool[And(holding,Nominal(a))]
	Feat 3995	(c=False)	weight 0.12659261973863:	Bool[And(holding,Nominal(a))] Num[Or(Not(Nominal(a)),holding)]
	Feat 4325	(c=False)	weight -1.450918957683:	Bool[Exists(on,Nominal(b))] Bool[Exists(Inverse(on),Nominal(b))]
	Feat 4696	(c=False)	weight -0.25695642408867:	Bool[And(Forall(Star(on),Nominal(a)),Nominal(b))] Num[clear]
Score -4.828972250515549
Lambda=0.00015469445814793046
	Feat 0	(c=False)	weight -5.4854235840698:	Atom[handempty]
	Feat 17	(c=False)	weight -0.34693161995259:	Num[Or(ontable,Nominal(b))]
	Feat 22	(c=False)	weight 3.402799810832:	Bool[Exists(on,Nominal(b))]
	Feat 25	(c=False)	weight 1.9735666481277:	Bool[Exists(on,Nominal(a))]
	Feat 45	(c=True)	weight 0.48978969763632:	Bool[And(Forall(on,<empty>),Nominal(b))]
	Feat 204	(c=False)	weight 0.9545918426714:	Num[Or(Not(Nominal(a)),Forall(on,ontable))]
	Feat 569	(c=False)	weight -0.21640085340756:	Num[Exists(Star(on),And(Not(Nominal(b)),ontable))]
	Feat 1159	(c=False)	weight -0.87570741161659:	Num[Or(Forall(Star(on),Or(Nominal(a),Nominal(b))),clear)]
	Feat 1454	(c=False)	weight -2.952774943314:	Num[Or(Exists(on,And(Not(Nominal(a)),ontable)),holding)]
	Feat 1843	(c=False)	weight 0.25413572727497:	Num[Or(And(Not(Nominal(b)),Forall(on,Nominal(b))),clear)]
	Feat 1866	(c=False)	weight 1.0353552823622:	Num[Not(And(Exists(on,Exists(on,Nominal(b))),clear))]
	Feat 2314	(c=False)	weight 2.0373121862918:	Num[Or(Or(Nominal(a),Nominal(b)),Exists(Inverse(on),clear))]
	Feat 3642	(c=False)	weight -0.39289307714024:	Bool[holding] Num[Forall(on,Not(Or(ontable,Nominal(b))))]
	Feat 3701	(c=False)	weight -0.55999729179435:	Bool[holding] Bool[Exists(on,And(Not(ontable),Nominal(b)))]
	Feat 3890	(c=False)	weight -4.2084194521987:	Bool[And(clear,Nominal(b))] Bool[And(holding,Nominal(a))]
	Feat 3995	(c=False)	weight 0.12676760724388:	Bool[And(holding,Nominal(a))] Num[Or(Not(Nominal(a)),holding)]
	Feat 4325	(c=False)	weight -1.4582104833619:	Bool[Exists(on,Nominal(b))] Bool[Exists(Inverse(on),Nominal(b))]
	Feat 4696	(c=False)	weight -0.25773538525963:	Bool[And(Forall(Star(on),Nominal(a)),Nominal(b))] Num[clear]
Score -4.822827455751139
