Considering 19 features
Lasso Method
----------

Lambda=1.5469445814793046
Score 1.1102230246251565e-16
Lambda=0.9526830531223126
	Feat 17	(c=False)	weight -0.57005470677793:	Num[Or(ontable,Nominal(b))]
	Feat 25	(c=False)	weight 0.13178502983967:	Bool[Exists(on,Nominal(a))]
	Feat 1454	(c=False)	weight -0.63725562016231:	Num[Or(Exists(on,And(Not(Nominal(a)),ontable)),holding)]
Score -0.6051314421528289
Lambda=0.5867081539782963
	Feat 17	(c=False)	weight -0.86248024550587:	Num[Or(ontable,Nominal(b))]
	Feat 22	(c=False)	weight 0.16157742134366:	Bool[Exists(on,Nominal(b))]
	Feat 25	(c=False)	weight 0.59750787735418:	Bool[Exists(on,Nominal(a))]
	Feat 1454	(c=False)	weight -0.93819906025084:	Num[Or(Exists(on,And(Not(Nominal(a)),ontable)),holding)]
Score -1.150074816496447
Lambda=0.3613231670453846
	Feat 0	(c=False)	weight -0.087354086639774:	Atom[handempty]
	Feat 17	(c=False)	weight -1.0851376863236:	Num[Or(ontable,Nominal(b))]
	Feat 22	(c=False)	weight 0.48267546366885:	Bool[Exists(on,Nominal(b))]
	Feat 25	(c=False)	weight 0.80081080980338:	Bool[Exists(on,Nominal(a))]
	Feat 204	(c=False)	weight 0.50115228362139:	Num[Or(Not(Nominal(a)),Forall(on,ontable))]
	Feat 1454	(c=False)	weight -1.1319846212507:	Num[Or(Exists(on,And(Not(Nominal(a)),ontable)),holding)]
	Feat 3890	(c=False)	weight -1.1263065003697:	Bool[And(clear,Nominal(b))] Bool[And(holding,Nominal(a))]
Score -0.14106127417435288
Lambda=0.2225202260416111
	Feat 0	(c=False)	weight -0.7456292074383:	Atom[handempty]
	Feat 17	(c=False)	weight -1.1743844877269:	Num[Or(ontable,Nominal(b))]
	Feat 22	(c=False)	weight 0.76399401706271:	Bool[Exists(on,Nominal(b))]
	Feat 25	(c=False)	weight 0.93172992456776:	Bool[Exists(on,Nominal(a))]
	Feat 204	(c=False)	weight 0.79198402802271:	Num[Or(Not(Nominal(a)),Forall(on,ontable))]
	Feat 569	(c=False)	weight -0.057558760552865:	Num[Exists(Star(on),And(Not(Nominal(b)),ontable))]
	Feat 1454	(c=False)	weight -1.5387938920249:	Num[Or(Exists(on,And(Not(Nominal(a)),ontable)),holding)]
	Feat 2314	(c=False)	weight 0.1476273772521:	Num[Or(Or(Nominal(a),Nominal(b)),Exists(Inverse(on),clear))]
	Feat 3890	(c=False)	weight -2.0168370822184:	Bool[And(clear,Nominal(b))] Bool[And(holding,Nominal(a))]
Score -0.005436231933150681
Lambda=0.137038683133734
	Feat 0	(c=False)	weight -1.3829024337812:	Atom[handempty]
	Feat 17	(c=False)	weight -1.1925110441714:	Num[Or(ontable,Nominal(b))]
	Feat 22	(c=False)	weight 1.0859478435106:	Bool[Exists(on,Nominal(b))]
	Feat 25	(c=False)	weight 1.1238116410361:	Bool[Exists(on,Nominal(a))]
	Feat 204	(c=False)	weight 0.83119237304651:	Num[Or(Not(Nominal(a)),Forall(on,ontable))]
	Feat 569	(c=False)	weight -0.12579680101704:	Num[Exists(Star(on),And(Not(Nominal(b)),ontable))]
	Feat 1454	(c=False)	weight -1.969484778858:	Num[Or(Exists(on,And(Not(Nominal(a)),ontable)),holding)]
	Feat 2314	(c=False)	weight 0.60566514773416:	Num[Or(Or(Nominal(a),Nominal(b)),Exists(Inverse(on),clear))]
	Feat 3890	(c=False)	weight -2.5357378332798:	Bool[And(clear,Nominal(b))] Bool[And(holding,Nominal(a))]
	Feat 4696	(c=False)	weight -0.03762957868446:	Bool[And(Forall(Star(on),Nominal(a)),Nominal(b))] Num[clear]
Score 0.003776962163883124
Lambda=0.08439502785475413
	Feat 0	(c=False)	weight -1.7759141293244:	Atom[handempty]
	Feat 17	(c=False)	weight -1.2024152718077:	Num[Or(ontable,Nominal(b))]
	Feat 22	(c=False)	weight 1.3197780124582:	Bool[Exists(on,Nominal(b))]
	Feat 25	(c=False)	weight 1.2493495936458:	Bool[Exists(on,Nominal(a))]
	Feat 204	(c=False)	weight 0.86140371990746:	Num[Or(Not(Nominal(a)),Forall(on,ontable))]
	Feat 569	(c=False)	weight -0.19954354511594:	Num[Exists(Star(on),And(Not(Nominal(b)),ontable))]
	Feat 1454	(c=False)	weight -2.2450498343829:	Num[Or(Exists(on,And(Not(Nominal(a)),ontable)),holding)]
	Feat 1866	(c=False)	weight 0.18664025888136:	Num[Not(And(Exists(on,Exists(on,Nominal(b))),clear))]
	Feat 2314	(c=False)	weight 0.9200685759325:	Num[Or(Or(Nominal(a),Nominal(b)),Exists(Inverse(on),clear))]
	Feat 3890	(c=False)	weight -2.8858625963407:	Bool[And(clear,Nominal(b))] Bool[And(holding,Nominal(a))]
	Feat 4696	(c=False)	weight -0.12065340987159:	Bool[And(Forall(Star(on),Nominal(a)),Nominal(b))] Num[clear]
Score -0.21274837692321302
Lambda=0.051974526927217796
	Feat 0	(c=False)	weight -2.0827214887232:	Atom[handempty]
	Feat 17	(c=False)	weight -1.0907104672989:	Num[Or(ontable,Nominal(b))]
	Feat 22	(c=False)	weight 1.5673253566823:	Bool[Exists(on,Nominal(b))]
	Feat 25	(c=False)	weight 1.4441441247169:	Bool[Exists(on,Nominal(a))]
	Feat 204	(c=False)	weight 0.87002740934845:	Num[Or(Not(Nominal(a)),Forall(on,ontable))]
	Feat 569	(c=False)	weight -0.2678756368006:	Num[Exists(Star(on),And(Not(Nominal(b)),ontable))]
	Feat 1159	(c=False)	weight -0.10164590429782:	Num[Or(Forall(Star(on),Or(Nominal(a),Nominal(b))),clear)]
	Feat 1454	(c=False)	weight -2.4033422686324:	Num[Or(Exists(on,And(Not(Nominal(a)),ontable)),holding)]
	Feat 1843	(c=False)	weight -0.020619445901952:	Num[Or(And(Not(Nominal(b)),Forall(on,Nominal(b))),clear)]
	Feat 1866	(c=False)	weight 0.42819094342689:	Num[Not(And(Exists(on,Exists(on,Nominal(b))),clear))]
	Feat 2314	(c=False)	weight 1.2367288588066:	Num[Or(Or(Nominal(a),Nominal(b)),Exists(Inverse(on),clear))]
	Feat 3890	(c=False)	weight -3.369295031898:	Bool[And(clear,Nominal(b))] Bool[And(holding,Nominal(a))]
	Feat 3995	(c=False)	weight 0.046716540310668:	Bool[And(holding,Nominal(a))] Num[Or(Not(Nominal(a)),holding)]
	Feat 4696	(c=False)	weight -0.14113158216488:	Bool[And(Forall(Star(on),Nominal(a)),Nominal(b))] Num[clear]
Score -1.0328990269589848
Lambda=0.032008419429130096
	Feat 0	(c=False)	weight -2.392251328183:	Atom[handempty]
	Feat 17	(c=False)	weight -0.92515567465916:	Num[Or(ontable,Nominal(b))]
	Feat 22	(c=False)	weight 1.833405421021:	Bool[Exists(on,Nominal(b))]
	Feat 25	(c=False)	weight 1.6390793938341:	Bool[Exists(on,Nominal(a))]
	Feat 204	(c=False)	weight 0.91205011383791:	Num[Or(Not(Nominal(a)),Forall(on,ontable))]
	Feat 569	(c=False)	weight -0.33169667482943:	Num[Exists(Star(on),And(Not(Nominal(b)),ontable))]
	Feat 1159	(c=False)	weight -0.29128595882883:	Num[Or(Forall(Star(on),Or(Nominal(a),Nominal(b))),clear)]
	Feat 1454	(c=False)	weight -2.485219299264:	Num[Or(Exists(on,And(Not(Nominal(a)),ontable)),holding)]
	Feat 1843	(c=False)	weight -0.017538167888026:	Num[Or(And(Not(Nominal(b)),Forall(on,Nominal(b))),clear)]
	Feat 1866	(c=False)	weight 0.59917654274077:	Num[Not(And(Exists(on,Exists(on,Nominal(b))),clear))]
	Feat 2314	(c=False)	weight 1.5170558168882:	Num[Or(Or(Nominal(a),Nominal(b)),Exists(Inverse(on),clear))]
	Feat 3701	(c=False)	weight -0.13985727772441:	Bool[holding] Bool[Exists(on,And(Not(ontable),Nominal(b)))]
	Feat 3890	(c=False)	weight -3.7221684657342:	Bool[And(clear,Nominal(b))] Bool[And(holding,Nominal(a))]
	Feat 3995	(c=False)	weight 0.078917526486759:	Bool[And(holding,Nominal(a))] Num[Or(Not(Nominal(a)),holding)]
	Feat 4325	(c=False)	weight -0.02075295755001:	Bool[Exists(on,Nominal(b))] Bool[Exists(Inverse(on),Nominal(b))]
	Feat 4696	(c=False)	weight -0.13145174745053:	Bool[And(Forall(Star(on),Nominal(a)),Nominal(b))] Num[clear]
Score -2.1648068711064123
Lambda=0.01971232784448081
	Feat 0	(c=False)	weight -2.7160986798566:	Atom[handempty]
	Feat 17	(c=False)	weight -0.7184833653881:	Num[Or(ontable,Nominal(b))]
	Feat 22	(c=False)	weight 2.3615346168956:	Bool[Exists(on,Nominal(b))]
	Feat 25	(c=False)	weight 1.7688834684542:	Bool[Exists(on,Nominal(a))]
	Feat 204	(c=False)	weight 0.92788055123325:	Num[Or(Not(Nominal(a)),Forall(on,ontable))]
	Feat 569	(c=False)	weight -0.30533032326745:	Num[Exists(Star(on),And(Not(Nominal(b)),ontable))]
	Feat 1159	(c=False)	weight -0.453575346443:	Num[Or(Forall(Star(on),Or(Nominal(a),Nominal(b))),clear)]
	Feat 1454	(c=False)	weight -2.5896334085244:	Num[Or(Exists(on,And(Not(Nominal(a)),ontable)),holding)]
	Feat 1866	(c=False)	weight 0.72737547332128:	Num[Not(And(Exists(on,Exists(on,Nominal(b))),clear))]
	Feat 2314	(c=False)	weight 1.7192194910396:	Num[Or(Or(Nominal(a),Nominal(b)),Exists(Inverse(on),clear))]
	Feat 3701	(c=False)	weight -0.21368505270715:	Bool[holding] Bool[Exists(on,And(Not(ontable),Nominal(b)))]
	Feat 3890	(c=False)	weight -3.9251814216418:	Bool[And(clear,Nominal(b))] Bool[And(holding,Nominal(a))]
	Feat 3995	(c=False)	weight 0.098642449775461:	Bool[And(holding,Nominal(a))] Num[Or(Not(Nominal(a)),holding)]
	Feat 4325	(c=False)	weight -0.47133084133032:	Bool[Exists(on,Nominal(b))] Bool[Exists(Inverse(on),Nominal(b))]
	Feat 4696	(c=False)	weight -0.13792111301887:	Bool[And(Forall(Star(on),Nominal(a)),Nominal(b))] Num[clear]
Score -3.5329367243758973
Lambda=0.012139801838970525
	Feat 0	(c=False)	weight -2.9137275939519:	Atom[handempty]
	Feat 17	(c=False)	weight -0.58634451365088:	Num[Or(ontable,Nominal(b))]
	Feat 22	(c=False)	weight 2.6785837103776:	Bool[Exists(on,Nominal(b))]
	Feat 25	(c=False)	weight 1.8508807795142:	Bool[Exists(on,Nominal(a))]
	Feat 204	(c=False)	weight 0.93686053103939:	Num[Or(Not(Nominal(a)),Forall(on,ontable))]
	Feat 569	(c=False)	weight -0.29101388147218:	Num[Exists(Star(on),And(Not(Nominal(b)),ontable))]
	Feat 1159	(c=False)	weight -0.54942104633891:	Num[Or(Forall(Star(on),Or(Nominal(a),Nominal(b))),clear)]
	Feat 1454	(c=False)	weight -2.6495434329761:	Num[Or(Exists(on,And(Not(Nominal(a)),ontable)),holding)]
	Feat 1866	(c=False)	weight 0.80181693172206:	Num[Not(And(Exists(on,Exists(on,Nominal(b))),clear))]
	Feat 2314	(c=False)	weight 1.8461428737918:	Num[Or(Or(Nominal(a),Nominal(b)),Exists(Inverse(on),clear))]
	Feat 3701	(c=False)	weight -0.25788800879889:	Bool[holding] Bool[Exists(on,And(Not(ontable),Nominal(b)))]
	Feat 3890	(c=False)	weight -4.0485505979635:	Bool[And(clear,Nominal(b))] Bool[And(holding,Nominal(a))]
	Feat 3995	(c=False)	weight 0.11108630834042:	Bool[And(holding,Nominal(a))] Num[Or(Not(Nominal(a)),holding)]
	Feat 4325	(c=False)	weight -0.73480057210728:	Bool[Exists(on,Nominal(b))] Bool[Exists(Inverse(on),Nominal(b))]
	Feat 4696	(c=False)	weight -0.14116696404778:	Bool[And(Forall(Star(on),Nominal(a)),Nominal(b))] Num[clear]
Score -4.4968629668081475
Lambda=0.007476275245226056
	Feat 0	(c=False)	weight -3.0601645470973:	Atom[handempty]
	Feat 17	(c=False)	weight -0.48769415997968:	Num[Or(ontable,Nominal(b))]
	Feat 22	(c=False)	weight 2.9496301417044:	Bool[Exists(on,Nominal(b))]
	Feat 25	(c=False)	weight 1.9218111800361:	Bool[Exists(on,Nominal(a))]
	Feat 45	(c=True)	weight 0.13417964319191:	Bool[And(Forall(on,<empty>),Nominal(b))]
	Feat 204	(c=False)	weight 0.99116472069216:	Num[Or(Not(Nominal(a)),Forall(on,ontable))]
	Feat 569	(c=False)	weight -0.25984863434747:	Num[Exists(Star(on),And(Not(Nominal(b)),ontable))]
	Feat 1145	(c=False)	weight -0.028195503655036:	Num[Or(Forall(Inverse(Star(on)),Not(Nominal(a))),ontable)]
	Feat 1159	(c=False)	weight -0.63424283238094:	Num[Or(Forall(Star(on),Or(Nominal(a),Nominal(b))),clear)]
	Feat 1454	(c=False)	weight -2.713429293618:	Num[Or(Exists(on,And(Not(Nominal(a)),ontable)),holding)]
	Feat 1843	(c=False)	weight 0.054875969645944:	Num[Or(And(Not(Nominal(b)),Forall(on,Nominal(b))),clear)]
	Feat 1866	(c=False)	weight 0.87959018198946:	Num[Not(And(Exists(on,Exists(on,Nominal(b))),clear))]
	Feat 2314	(c=False)	weight 1.9320590492209:	Num[Or(Or(Nominal(a),Nominal(b)),Exists(Inverse(on),clear))]
	Feat 3701	(c=False)	weight -0.27141133718341:	Bool[holding] Bool[Exists(on,And(Not(ontable),Nominal(b)))]
	Feat 3890	(c=False)	weight -4.1219674274247:	Bool[And(clear,Nominal(b))] Bool[And(holding,Nominal(a))]
	Feat 3995	(c=False)	weight 0.11983836497404:	Bool[And(holding,Nominal(a))] Num[Or(Not(Nominal(a)),holding)]
	Feat 4325	(c=False)	weight -0.97348553191153:	Bool[Exists(on,Nominal(b))] Bool[Exists(Inverse(on),Nominal(b))]
	Feat 4696	(c=False)	weight -0.17461711668299:	Bool[And(Forall(Star(on),Nominal(a)),Nominal(b))] Num[clear]
Score -5.966861778142285
Lambda=0.004604250735209684
	Feat 0	(c=False)	weight -3.5317760541043:	Atom[handempty]
	Feat 17	(c=False)	weight -0.42811445538826:	Num[Or(ontable,Nominal(b))]
	Feat 22	(c=False)	weight 3.1406697120398:	Bool[Exists(on,Nominal(b))]
	Feat 25	(c=False)	weight 1.9642424790065:	Bool[Exists(on,Nominal(a))]
	Feat 45	(c=True)	weight 0.27898648936403:	Bool[And(Forall(on,<empty>),Nominal(b))]
	Feat 204	(c=False)	weight 1.0245713465643:	Num[Or(Not(Nominal(a)),Forall(on,ontable))]
	Feat 569	(c=False)	weight -0.23834752851514:	Num[Exists(Star(on),And(Not(Nominal(b)),ontable))]
	Feat 1145	(c=False)	weight -0.042592616576394:	Num[Or(Forall(Inverse(Star(on)),Not(Nominal(a))),ontable)]
	Feat 1159	(c=False)	weight -0.72120142173104:	Num[Or(Forall(Star(on),Or(Nominal(a),Nominal(b))),clear)]
	Feat 1454	(c=False)	weight -2.7850906226823:	Num[Or(Exists(on,And(Not(Nominal(a)),ontable)),holding)]
	Feat 1843	(c=False)	weight 0.13419347569848:	Num[Or(And(Not(Nominal(b)),Forall(on,Nominal(b))),clear)]
	Feat 1866	(c=False)	weight 0.94699639970426:	Num[Not(And(Exists(on,Exists(on,Nominal(b))),clear))]
	Feat 2314	(c=False)	weight 1.9833352093799:	Num[Or(Or(Nominal(a),Nominal(b)),Exists(Inverse(on),clear))]
	Feat 3642	(c=False)	weight -0.067368929787059:	Bool[holding] Num[Forall(on,Not(Or(ontable,Nominal(b))))]
	Feat 3701	(c=False)	weight -0.32378669305969:	Bool[holding] Bool[Exists(on,And(Not(ontable),Nominal(b)))]
	Feat 3890	(c=False)	weight -4.1621097352857:	Bool[And(clear,Nominal(b))] Bool[And(holding,Nominal(a))]
	Feat 3995	(c=False)	weight 0.12408962940561:	Bool[And(holding,Nominal(a))] Num[Or(Not(Nominal(a)),holding)]
	Feat 4325	(c=False)	weight -1.1611190879972:	Bool[Exists(on,Nominal(b))] Bool[Exists(Inverse(on),Nominal(b))]
	Feat 4696	(c=False)	weight -0.20893263186192:	Bool[And(Forall(Star(on),Nominal(a)),Nominal(b))] Num[clear]
Score -6.640473239075419
Lambda=0.0028355195785783206
	Feat 0	(c=False)	weight -4.2929695279048:	Atom[handempty]
	Feat 17	(c=False)	weight -0.3879784113578:	Num[Or(ontable,Nominal(b))]
	Feat 22	(c=False)	weight 3.2493624827982:	Bool[Exists(on,Nominal(b))]
	Feat 25	(c=False)	weight 1.980781614899:	Bool[Exists(on,Nominal(a))]
	Feat 45	(c=True)	weight 0.36839924375257:	Bool[And(Forall(on,<empty>),Nominal(b))]
	Feat 204	(c=False)	weight 1.0338317620617:	Num[Or(Not(Nominal(a)),Forall(on,ontable))]
	Feat 569	(c=False)	weight -0.22912364455773:	Num[Exists(Star(on),And(Not(Nominal(b)),ontable))]
	Feat 1145	(c=False)	weight -0.047149880819969:	Num[Or(Forall(Inverse(Star(on)),Not(Nominal(a))),ontable)]
	Feat 1159	(c=False)	weight -0.78130494987827:	Num[Or(Forall(Star(on),Or(Nominal(a),Nominal(b))),clear)]
	Feat 1454	(c=False)	weight -2.8467688373749:	Num[Or(Exists(on,And(Not(Nominal(a)),ontable)),holding)]
	Feat 1843	(c=False)	weight 0.1788660934773:	Num[Or(And(Not(Nominal(b)),Forall(on,Nominal(b))),clear)]
	Feat 1866	(c=False)	weight 0.98130441617885:	Num[Not(And(Exists(on,Exists(on,Nominal(b))),clear))]
	Feat 2314	(c=False)	weight 2.0101446948315:	Num[Or(Or(Nominal(a),Nominal(b)),Exists(Inverse(on),clear))]
	Feat 3642	(c=False)	weight -0.19386924378278:	Bool[holding] Num[Forall(on,Not(Or(ontable,Nominal(b))))]
	Feat 3701	(c=False)	weight -0.41249263498039:	Bool[holding] Bool[Exists(on,And(Not(ontable),Nominal(b)))]
	Feat 3890	(c=False)	weight -4.1820926777538:	Bool[And(clear,Nominal(b))] Bool[And(holding,Nominal(a))]
	Feat 3995	(c=False)	weight 0.12633640166536:	Bool[And(holding,Nominal(a))] Num[Or(Not(Nominal(a)),holding)]
	Feat 4325	(c=False)	weight -1.2808366508639:	Bool[Exists(on,Nominal(b))] Bool[Exists(Inverse(on),Nominal(b))]
	Feat 4696	(c=False)	weight -0.22899727505962:	Bool[And(Forall(Star(on),Nominal(a)),Nominal(b))] Num[clear]
Score -6.122695373709777
Lambda=0.0017462496599101518
	Feat 0	(c=False)	weight -4.7591857098201:	Atom[handempty]
	Feat 17	(c=False)	weight -0.36335133743939:	Num[Or(ontable,Nominal(b))]
	Feat 22	(c=False)	weight 3.3162063226056:	Bool[Exists(on,Nominal(b))]
	Feat 25	(c=False)	weight 1.9909836953259:	Bool[Exists(on,Nominal(a))]
	Feat 45	(c=True)	weight 0.42335888996625:	Bool[And(Forall(on,<empty>),Nominal(b))]
	Feat 204	(c=False)	weight 1.0395834388093:	Num[Or(Not(Nominal(a)),Forall(on,ontable))]
	Feat 569	(c=False)	weight -0.22343707952968:	Num[Exists(Star(on),And(Not(Nominal(b)),ontable))]
	Feat 1145	(c=False)	weight -0.049974742676149:	Num[Or(Forall(Inverse(Star(on)),Not(Nominal(a))),ontable)]
	Feat 1159	(c=False)	weight -0.81823096481314:	Num[Or(Forall(Star(on),Or(Nominal(a),Nominal(b))),clear)]
	Feat 1454	(c=False)	weight -2.8846248141003:	Num[Or(Exists(on,And(Not(Nominal(a)),ontable)),holding)]
	Feat 1843	(c=False)	weight 0.20637638440469:	Num[Or(And(Not(Nominal(b)),Forall(on,Nominal(b))),clear)]
	Feat 1866	(c=False)	weight 1.0024394265508:	Num[Not(And(Exists(on,Exists(on,Nominal(b))),clear))]
	Feat 2314	(c=False)	weight 2.0266314644863:	Num[Or(Or(Nominal(a),Nominal(b)),Exists(Inverse(on),clear))]
	Feat 3642	(c=False)	weight -0.27132838487943:	Bool[holding] Num[Forall(on,Not(Or(ontable,Nominal(b))))]
	Feat 3701	(c=False)	weight -0.46683221330902:	Bool[holding] Bool[Exists(on,And(Not(ontable),Nominal(b)))]
	Feat 3890	(c=False)	weight -4.1944276441877:	Bool[And(clear,Nominal(b))] Bool[And(holding,Nominal(a))]
	Feat 3995	(c=False)	weight 0.12772242970054:	Bool[And(holding,Nominal(a))] Num[Or(Not(Nominal(a)),holding)]
	Feat 4325	(c=False)	weight -1.3544291931067:	Bool[Exists(on,Nominal(b))] Bool[Exists(Inverse(on),Nominal(b))]
	Feat 4696	(c=False)	weight -0.24133984353974:	Bool[And(Forall(Star(on),Nominal(a)),Nominal(b))] Num[clear]
Score -5.81829675253228
Lambda=0.001075424729130324
	Feat 0	(c=False)	weight -5.0480903748069:	Atom[handempty]
	Feat 17	(c=False)	weight -0.34820435147243:	Num[Or(ontable,Nominal(b))]
	Feat 22	(c=False)	weight 3.3573159761082:	Bool[Exists(on,Nominal(b))]
	Feat 25	(c=False)	weight 1.9972056041705:	Bool[Exists(on,Nominal(a))]
	Feat 45	(c=True)	weight 0.45721919009823:	Bool[And(Forall(on,<empty>),Nominal(b))]
	Feat 204	(c=False)	weight 1.0430595820249:	Num[Or(Not(Nominal(a)),Forall(on,ontable))]
	Feat 569	(c=False)	weight -0.21994772125734:	Num[Exists(Star(on),And(Not(Nominal(b)),ontable))]
	Feat 1145	(c=False)	weight -0.051688295167945:	Num[Or(Forall(Inverse(Star(on)),Not(Nominal(a))),ontable)]
	Feat 1159	(c=False)	weight -0.84098707391603:	Num[Or(Forall(Star(on),Or(Nominal(a),Nominal(b))),clear)]
	Feat 1454	(c=False)	weight -2.9080208068211:	Num[Or(Exists(on,And(Not(Nominal(a)),ontable)),holding)]
	Feat 1843	(c=False)	weight 0.22332451206259:	Num[Or(And(Not(Nominal(b)),Forall(on,Nominal(b))),clear)]
	Feat 1866	(c=False)	weight 1.0154332364695:	Num[Not(And(Exists(on,Exists(on,Nominal(b))),clear))]
	Feat 2314	(c=False)	weight 2.0367487071052:	Num[Or(Or(Nominal(a),Nominal(b)),Exists(Inverse(on),clear))]
	Feat 3642	(c=False)	weight -0.31935216502266:	Bool[holding] Num[Forall(on,Not(Or(ontable,Nominal(b))))]
	Feat 3701	(c=False)	weight -0.50053250545733:	Bool[holding] Bool[Exists(on,And(Not(ontable),Nominal(b)))]
	Feat 3890	(c=False)	weight -4.2020250875126:	Bool[And(clear,Nominal(b))] Bool[And(holding,Nominal(a))]
	Feat 3995	(c=False)	weight 0.12857327486152:	Bool[And(holding,Nominal(a))] Num[Or(Not(Nominal(a)),holding)]
	Feat 4325	(c=False)	weight -1.3997531682383:	Bool[Exists(on,Nominal(b))] Bool[Exists(Inverse(on),Nominal(b))]
	Feat 4696	(c=False)	weight -0.24894492737191:	Bool[And(Forall(Star(on),Nominal(a)),Nominal(b))] Num[clear]
Score -5.631205004800031
Lambda=0.0006622983955710761
	Feat 0	(c=False)	weight -5.2269222856766:	Atom[handempty]
	Feat 17	(c=False)	weight -0.33905518916182:	Num[Or(ontable,Nominal(b))]
	Feat 22	(c=False)	weight 3.3823316017587:	Bool[Exists(on,Nominal(b))]
	Feat 25	(c=False)	weight 2.0009057790064:	Bool[Exists(on,Nominal(a))]
	Feat 45	(c=True)	weight 0.47793656623852:	Bool[And(Forall(on,<empty>),Nominal(b))]
	Feat 204	(c=False)	weight 1.0451079172131:	Num[Or(Not(Nominal(a)),Forall(on,ontable))]
	Feat 569	(c=False)	weight -0.21782470623749:	Num[Exists(Star(on),And(Not(Nominal(b)),ontable))]
	Feat 1145	(c=False)	weight -0.052709446428209:	Num[Or(Forall(Inverse(Star(on)),Not(Nominal(a))),ontable)]
	Feat 1159	(c=False)	weight -0.85489420344962:	Num[Or(Forall(Star(on),Or(Nominal(a),Nominal(b))),clear)]
	Feat 1454	(c=False)	weight -2.9224461342684:	Num[Or(Exists(on,And(Not(Nominal(a)),ontable)),holding)]
	Feat 1843	(c=False)	weight 0.23375188094254:	Num[Or(And(Not(Nominal(b)),Forall(on,Nominal(b))),clear)]
	Feat 1866	(c=False)	weight 1.0233767680615:	Num[Not(And(Exists(on,Exists(on,Nominal(b))),clear))]
	Feat 2314	(c=False)	weight 2.04285019158:	Num[Or(Or(Nominal(a),Nominal(b)),Exists(Inverse(on),clear))]
	Feat 3642	(c=False)	weight -0.3491134640566:	Bool[holding] Num[Forall(on,Not(Or(ontable,Nominal(b))))]
	Feat 3701	(c=False)	weight -0.52147799390158:	Bool[holding] Bool[Exists(on,And(Not(ontable),Nominal(b)))]
	Feat 3890	(c=False)	weight -4.2067524652624:	Bool[And(clear,Nominal(b))] Bool[And(holding,Nominal(a))]
	Feat 3995	(c=False)	weight 0.12909505628303:	Bool[And(holding,Nominal(a))] Num[Or(Not(Nominal(a)),holding)]
	Feat 4325	(c=False)	weight -1.4274497266307:	Bool[Exists(on,Nominal(b))] Bool[Exists(Inverse(on),Nominal(b))]
	Feat 4696	(c=False)	weight -0.25361414226961:	Bool[And(Forall(Star(on),Nominal(a)),Nominal(b))] Num[clear]
Score -5.514167207431545
Lambda=0.0004078752821043467
	Feat 0	(c=False)	weight -5.3354319350549:	Atom[handempty]
	Feat 17	(c=False)	weight -0.33375081250498:	Num[Or(ontable,Nominal(b))]
	Feat 22	(c=False)	weight 3.3971607121209:	Bool[Exists(on,Nominal(b))]
	Feat 25	(c=False)	weight 2.0030409397636:	Bool[Exists(on,Nominal(a))]
	Feat 45	(c=True)	weight 0.49031705099602:	Bool[And(Forall(on,<empty>),Nominal(b))]
	Feat 204	(c=False)	weight 1.04632591435:	Num[Or(Not(Nominal(a)),Forall(on,ontable))]
	Feat 569	(c=False)	weight -0.21655841219908:	Num[Exists(Star(on),And(Not(Nominal(b)),ontable))]
	Feat 1145	(c=False)	weight -0.053332723074798:	Num[Or(Forall(Inverse(Star(on)),Not(Nominal(a))),ontable)]
	Feat 1159	(c=False)	weight -0.86317289325182:	Num[Or(Forall(Star(on),Or(Nominal(a),Nominal(b))),clear)]
	Feat 1454	(c=False)	weight -2.9311737500988:	Num[Or(Exists(on,And(Not(Nominal(a)),ontable)),holding)]
	Feat 1843	(c=False)	weight 0.24008568100189:	Num[Or(And(Not(Nominal(b)),Forall(on,Nominal(b))),clear)]
	Feat 1866	(c=False)	weight 1.0281651871447:	Num[Not(And(Exists(on,Exists(on,Nominal(b))),clear))]
	Feat 2314	(c=False)	weight 2.0464124128527:	Num[Or(Or(Nominal(a),Nominal(b)),Exists(Inverse(on),clear))]
	Feat 3642	(c=False)	weight -0.36720088268194:	Bool[holding] Num[Forall(on,Not(Or(ontable,Nominal(b))))]
	Feat 3701	(c=False)	weight -0.53432113061524:	Bool[holding] Bool[Exists(on,And(Not(ontable),Nominal(b)))]
	Feat 3890	(c=False)	weight -4.2097738119449:	Bool[And(clear,Nominal(b))] Bool[And(holding,Nominal(a))]
	Feat 3995	(c=False)	weight 0.12942010026404:	Bool[And(holding,Nominal(a))] Num[Or(Not(Nominal(a)),holding)]
	Feat 4325	(c=False)	weight -1.4439766060131:	Bool[Exists(on,Nominal(b))] Bool[Exists(Inverse(on),Nominal(b))]
	Feat 4696	(c=False)	weight -0.25643369539413:	Bool[And(Forall(Star(on),Nominal(a)),Nominal(b))] Num[clear]
Score -5.442276924379633
Lambda=0.00025118926282201277
	Feat 0	(c=False)	weight -5.404971091555:	Atom[handempty]
	Feat 17	(c=False)	weight -0.33024086938768:	Num[Or(ontable,Nominal(b))]
	Feat 22	(c=False)	weight 3.4066431752494:	Bool[Exists(on,Nominal(b))]
	Feat 25	(c=False)	weight 2.0044165622031:	Bool[Exists(on,Nominal(a))]
	Feat 45	(c=True)	weight 0.49818131855989:	Bool[And(Forall(on,<empty>),Nominal(b))]
	Feat 204	(c=False)	weight 1.0470734715562:	Num[Or(Not(Nominal(a)),Forall(on,ontable))]
	Feat 569	(c=False)	weight -0.2157563359335:	Num[Exists(Star(on),And(Not(Nominal(b)),ontable))]
	Feat 1145	(c=False)	weight -0.053720121191422:	Num[Or(Forall(Inverse(Star(on)),Not(Nominal(a))),ontable)]
	Feat 1159	(c=False)	weight -0.86844035542711:	Num[Or(Forall(Star(on),Or(Nominal(a),Nominal(b))),clear)]
	Feat 1454	(c=False)	weight -2.9367076224465:	Num[Or(Exists(on,And(Not(Nominal(a)),ontable)),holding)]
	Feat 1843	(c=False)	weight 0.24398700029084:	Num[Or(And(Not(Nominal(b)),Forall(on,Nominal(b))),clear)]
	Feat 1866	(c=False)	weight 1.0311419189771:	Num[Not(And(Exists(on,Exists(on,Nominal(b))),clear))]
	Feat 2314	(c=False)	weight 2.0487161185181:	Num[Or(Or(Nominal(a),Nominal(b)),Exists(Inverse(on),clear))]
	Feat 3642	(c=False)	weight -0.37879321748844:	Bool[holding] Num[Forall(on,Not(Or(ontable,Nominal(b))))]
	Feat 3701	(c=False)	weight -0.54246978687006:	Bool[holding] Bool[Exists(on,And(Not(ontable),Nominal(b)))]
	Feat 3890	(c=False)	weight -4.2115655213143:	Bool[And(clear,Nominal(b))] Bool[And(holding,Nominal(a))]
	Feat 3995	(c=False)	weight 0.12961964916571:	Bool[And(holding,Nominal(a))] Num[Or(Not(Nominal(a)),holding)]
	Feat 4325	(c=False)	weight -1.4545074087699:	Bool[Exists(on,Nominal(b))] Bool[Exists(Inverse(on),Nominal(b))]
	Feat 4696	(c=False)	weight -0.25820466863906:	Bool[And(Forall(Star(on),Nominal(a)),Nominal(b))] Num[clear]
Score -5.395445858100893
Lambda=0.00015469445814793046
	Feat 0	(c=False)	weight -5.4270576395284:	Atom[handempty]
	Feat 17	(c=False)	weight -0.32901983428708:	Num[Or(ontable,Nominal(b))]
	Feat 22	(c=False)	weight 3.4122916807634:	Bool[Exists(on,Nominal(b))]
	Feat 25	(c=False)	weight 2.0051838553277:	Bool[Exists(on,Nominal(a))]
	Feat 45	(c=True)	weight 0.50075356740837:	Bool[And(Forall(on,<empty>),Nominal(b))]
	Feat 204	(c=False)	weight 1.0472910175779:	Num[Or(Not(Nominal(a)),Forall(on,ontable))]
	Feat 569	(c=False)	weight -0.21504765577766:	Num[Exists(Star(on),And(Not(Nominal(b)),ontable))]
	Feat 1145	(c=False)	weight -0.054082151121385:	Num[Or(Forall(Inverse(Star(on)),Not(Nominal(a))),ontable)]
	Feat 1159	(c=False)	weight -0.87059086077728:	Num[Or(Forall(Star(on),Or(Nominal(a),Nominal(b))),clear)]
	Feat 1454	(c=False)	weight -2.9395135750873:	Num[Or(Exists(on,And(Not(Nominal(a)),ontable)),holding)]
	Feat 1843	(c=False)	weight 0.24621789978214:	Num[Or(And(Not(Nominal(b)),Forall(on,Nominal(b))),clear)]
	Feat 1866	(c=False)	weight 1.0331723311914:	Num[Not(And(Exists(on,Exists(on,Nominal(b))),clear))]
	Feat 2314	(c=False)	weight 2.0500561947361:	Num[Or(Or(Nominal(a),Nominal(b)),Exists(Inverse(on),clear))]
	Feat 3642	(c=False)	weight -0.382278159896:	Bool[holding] Num[Forall(on,Not(Or(ontable,Nominal(b))))]
	Feat 3701	(c=False)	weight -0.54504580665736:	Bool[holding] Bool[Exists(on,And(Not(ontable),Nominal(b)))]
	Feat 3890	(c=False)	weight -4.2133352046283:	Bool[And(clear,Nominal(b))] Bool[And(holding,Nominal(a))]
	Feat 3995	(c=False)	weight 0.12982782649272:	Bool[And(holding,Nominal(a))] Num[Or(Not(Nominal(a)),holding)]
	Feat 4325	(c=False)	weight -1.4607321817647:	Bool[Exists(on,Nominal(b))] Bool[Exists(Inverse(on),Nominal(b))]
	Feat 4696	(c=False)	weight -0.25889613083058:	Bool[And(Forall(Star(on),Nominal(a)),Nominal(b))] Num[clear]
Score -5.394660618168058
