Considering 1 features
Lasso Method
----------

[[0.]]
Lambda=1.4792792267885846
Score 1.1102230246251565e-16
Lambda=0.9110114654848845
	Feat 1	(c=1)	weight -0.62695361670041:	Num[clear]
Score -0.16960907225131105
Lambda=0.5610447812795052
	Feat 1	(c=1)	weight -1.0130618799667:	Num[clear]
Score -0.4433844866939223
Lambda=0.3455184248789133
	Feat 1	(c=1)	weight -1.2508459631771:	Num[clear]
Score -0.6762071636532938
Lambda=0.21278690385203
	Feat 1	(c=1)	weight -1.3972848654422:	Num[clear]
Score -0.8439467097404458
Lambda=0.13104443407555125
	Feat 1	(c=1)	weight -1.4874690014326:	Num[clear]
Score -0.9564863297210029
Lambda=0.08070348029558806
	Feat 1	(c=1)	weight -1.5430087402489:	Num[clear]
Score -1.0292971587358593
Lambda=0.04970109396684022
	Feat 1	(c=1)	weight -1.5772127890419:	Num[clear]
Score -1.0754663485780833
Lambda=0.030608329807503026
	Feat 1	(c=1)	weight -1.5982772913023:	Num[clear]
Score -1.1044035232404257
Lambda=0.01885008515566967
	Feat 1	(c=1)	weight -1.6112498273364:	Num[clear]
Score -1.1224155675459722
Lambda=0.011608791221561426
	Feat 1	(c=1)	weight -1.619238940446:	Num[clear]
Score -1.1335807451730897
Lambda=0.007149253306437596
	Feat 1	(c=1)	weight -1.6241590214625:	Num[clear]
Score -1.1404842939487327
Lambda=0.004402854859227468
	Feat 1	(c=1)	weight -1.6271890445549:	Num[clear]
Score -1.1447462597754958
Lambda=0.0027114902886385974
	Feat 1	(c=1)	weight -1.6290550788558:	Num[clear]
Score -1.1473749386951542
