Considering 22 features
Lasso Method
----------

Lambda=1.5469445814793046
Score 1.1102230246251565e-16
Lambda=0.9526830531223126
	Feat 17	(c=3)	weight -0.57005470677793:	Num[Or(ontable,Nominal(b))]
	Feat 25	(c=3)	weight 0.13178502983967:	Bool[Exists(on,Nominal(a))]
	Feat 1454	(c=8)	weight -0.63725562016231:	Num[Or(Exists(on,And(Not(Nominal(a)),ontable)),holding)]
Score -0.6051314421528289
Lambda=0.5867081539782963
	Feat 17	(c=3)	weight -0.86248024550587:	Num[Or(ontable,Nominal(b))]
	Feat 22	(c=3)	weight 0.16157742134366:	Bool[Exists(on,Nominal(b))]
	Feat 25	(c=3)	weight 0.59750787735418:	Bool[Exists(on,Nominal(a))]
	Feat 1454	(c=8)	weight -0.93819906025084:	Num[Or(Exists(on,And(Not(Nominal(a)),ontable)),holding)]
Score -1.150074816496447
Lambda=0.3613231670453846
	Feat 17	(c=3)	weight -1.004579115253:	Num[Or(ontable,Nominal(b))]
	Feat 22	(c=3)	weight 0.51513197249155:	Bool[Exists(on,Nominal(b))]
	Feat 25	(c=3)	weight 0.78003468726152:	Bool[Exists(on,Nominal(a))]
	Feat 204	(c=6)	weight 0.47623156767557:	Num[Or(Not(Nominal(a)),Forall(on,ontable))]
	Feat 1454	(c=8)	weight -1.2217666696396:	Num[Or(Exists(on,And(Not(Nominal(a)),ontable)),holding)]
	Feat 3156	(c=7)	weight -0.10359537177819:	Atom[handempty] Num[Forall(on,Exists(on,ontable))]
	Feat 3890	(c=7)	weight -1.2279304321443:	Bool[And(clear,Nominal(b))] Bool[And(holding,Nominal(a))]
Score -0.19681294828391338
Lambda=0.2225202260416111
	Feat 17	(c=3)	weight -1.0437615535113:	Num[Or(ontable,Nominal(b))]
	Feat 22	(c=3)	weight 0.80117932541846:	Bool[Exists(on,Nominal(b))]
	Feat 25	(c=3)	weight 0.94075319205968:	Bool[Exists(on,Nominal(a))]
	Feat 204	(c=6)	weight 0.76614001302239:	Num[Or(Not(Nominal(a)),Forall(on,ontable))]
	Feat 569	(c=7)	weight -0.080264040971001:	Num[Exists(Star(on),And(Not(Nominal(b)),ontable))]
	Feat 1454	(c=8)	weight -1.5991338324227:	Num[Or(Exists(on,And(Not(Nominal(a)),ontable)),holding)]
	Feat 2314	(c=8)	weight 0.21856412219231:	Num[Or(Or(Nominal(a),Nominal(b)),Exists(Inverse(on),clear))]
	Feat 3156	(c=7)	weight -0.25707328008743:	Atom[handempty] Num[Forall(on,Exists(on,ontable))]
	Feat 3890	(c=7)	weight -2.1118387223172:	Bool[And(clear,Nominal(b))] Bool[And(holding,Nominal(a))]
Score 0.001966615398564131
Lambda=0.137038683133734
	Feat 17	(c=3)	weight -1.0210437924473:	Num[Or(ontable,Nominal(b))]
	Feat 22	(c=3)	weight 1.1004237551746:	Bool[Exists(on,Nominal(b))]
	Feat 25	(c=3)	weight 1.1305818174507:	Bool[Exists(on,Nominal(a))]
	Feat 204	(c=6)	weight 0.83303673577754:	Num[Or(Not(Nominal(a)),Forall(on,ontable))]
	Feat 569	(c=7)	weight -0.14967239316796:	Num[Exists(Star(on),And(Not(Nominal(b)),ontable))]
	Feat 1454	(c=8)	weight -1.9632533359168:	Num[Or(Exists(on,And(Not(Nominal(a)),ontable)),holding)]
	Feat 2314	(c=8)	weight 0.64208618226882:	Num[Or(Or(Nominal(a),Nominal(b)),Exists(Inverse(on),clear))]
	Feat 3156	(c=7)	weight -0.39744710018731:	Atom[handempty] Num[Forall(on,Exists(on,ontable))]
	Feat 3890	(c=7)	weight -2.6245471225407:	Bool[And(clear,Nominal(b))] Bool[And(holding,Nominal(a))]
	Feat 4696	(c=8)	weight -0.0048883311535593:	Bool[And(Forall(Star(on),Nominal(a)),Nominal(b))] Num[clear]
Score -0.035247373381017244
Lambda=0.08439502785475413
	Feat 17	(c=3)	weight -1.0170013784276:	Num[Or(ontable,Nominal(b))]
	Feat 22	(c=3)	weight 1.2725518399537:	Bool[Exists(on,Nominal(b))]
	Feat 25	(c=3)	weight 1.2493177525892:	Bool[Exists(on,Nominal(a))]
	Feat 204	(c=6)	weight 0.89112025897442:	Num[Or(Not(Nominal(a)),Forall(on,ontable))]
	Feat 569	(c=7)	weight -0.23743997323722:	Num[Exists(Star(on),And(Not(Nominal(b)),ontable))]
	Feat 1454	(c=8)	weight -2.1866600853912:	Num[Or(Exists(on,And(Not(Nominal(a)),ontable)),holding)]
	Feat 1866	(c=8)	weight 0.10374040525077:	Num[Not(And(Exists(on,Exists(on,Nominal(b))),clear))]
	Feat 2314	(c=8)	weight 0.91143636296508:	Num[Or(Or(Nominal(a),Nominal(b)),Exists(Inverse(on),clear))]
	Feat 3156	(c=7)	weight -0.47511850281094:	Atom[handempty] Num[Forall(on,Exists(on,ontable))]
	Feat 3890	(c=7)	weight -2.9929865267743:	Bool[And(clear,Nominal(b))] Bool[And(holding,Nominal(a))]
	Feat 3991	(c=8)	weight 0.018050387393316:	Bool[And(holding,Nominal(a))] Bool[And(Not(holding),Nominal(b))]
	Feat 3995	(c=8)	weight 5.2427185992409e-13:	Bool[And(holding,Nominal(a))] Num[Or(Not(Nominal(a)),holding)]
	Feat 4696	(c=8)	weight -0.086776157122204:	Bool[And(Forall(Star(on),Nominal(a)),Nominal(b))] Num[clear]
Score -0.2604328895339103
Lambda=0.051974526927217796
	Feat 0	(c=1)	weight -0.090651503796915:	Atom[handempty]
	Feat 17	(c=3)	weight -1.0159247680518:	Num[Or(ontable,Nominal(b))]
	Feat 22	(c=3)	weight 1.3757066153446:	Bool[Exists(on,Nominal(b))]
	Feat 25	(c=3)	weight 1.3810900462442:	Bool[Exists(on,Nominal(a))]
	Feat 204	(c=6)	weight 0.8629658571254:	Num[Or(Not(Nominal(a)),Forall(on,ontable))]
	Feat 569	(c=7)	weight -0.27306771334053:	Num[Exists(Star(on),And(Not(Nominal(b)),ontable))]
	Feat 1454	(c=8)	weight -2.3679335411004:	Num[Or(Exists(on,And(Not(Nominal(a)),ontable)),holding)]
	Feat 1866	(c=8)	weight 0.34491175128886:	Num[Not(And(Exists(on,Exists(on,Nominal(b))),clear))]
	Feat 2314	(c=8)	weight 1.146002820978:	Num[Or(Or(Nominal(a),Nominal(b)),Exists(Inverse(on),clear))]
	Feat 3156	(c=7)	weight -0.46977531968663:	Atom[handempty] Num[Forall(on,Exists(on,ontable))]
	Feat 3642	(c=8)	weight 0.028815764892725:	Bool[holding] Num[Forall(on,Not(Or(ontable,Nominal(b))))]
	Feat 3890	(c=7)	weight -3.5043754353381:	Bool[And(clear,Nominal(b))] Bool[And(holding,Nominal(a))]
	Feat 3991	(c=8)	weight 0.37974950778366:	Bool[And(holding,Nominal(a))] Bool[And(Not(holding),Nominal(b))]
	Feat 4265	(c=6)	weight 0.031921409577234:	Bool[Exists(on,Nominal(b))] Num[Forall(on,<empty>)]
	Feat 4696	(c=8)	weight -0.13575785080802:	Bool[And(Forall(Star(on),Nominal(a)),Nominal(b))] Num[clear]
Score -1.0788755090432023
Lambda=0.032008419429130096
	Feat 0	(c=1)	weight -0.40584921730808:	Atom[handempty]
	Feat 17	(c=3)	weight -0.907719799961:	Num[Or(ontable,Nominal(b))]
	Feat 22	(c=3)	weight 1.3922067311999:	Bool[Exists(on,Nominal(b))]
	Feat 25	(c=3)	weight 1.5833953677865:	Bool[Exists(on,Nominal(a))]
	Feat 204	(c=6)	weight 0.89816541458201:	Num[Or(Not(Nominal(a)),Forall(on,ontable))]
	Feat 569	(c=7)	weight -0.33445608512935:	Num[Exists(Star(on),And(Not(Nominal(b)),ontable))]
	Feat 1159	(c=8)	weight -0.18359313415779:	Num[Or(Forall(Star(on),Or(Nominal(a),Nominal(b))),clear)]
	Feat 1454	(c=8)	weight -2.454820455139:	Num[Or(Exists(on,And(Not(Nominal(a)),ontable)),holding)]
	Feat 1843	(c=8)	weight -0.0092127458043506:	Num[Or(And(Not(Nominal(b)),Forall(on,Nominal(b))),clear)]
	Feat 1866	(c=8)	weight 0.53168256990879:	Num[Not(And(Exists(on,Exists(on,Nominal(b))),clear))]
	Feat 2314	(c=8)	weight 1.4420899526459:	Num[Or(Or(Nominal(a),Nominal(b)),Exists(Inverse(on),clear))]
	Feat 3156	(c=7)	weight -0.41178470186092:	Atom[handempty] Num[Forall(on,Exists(on,ontable))]
	Feat 3642	(c=8)	weight 0.052535339870536:	Bool[holding] Num[Forall(on,Not(Or(ontable,Nominal(b))))]
	Feat 3890	(c=7)	weight -3.7598725979796:	Bool[And(clear,Nominal(b))] Bool[And(holding,Nominal(a))]
	Feat 3991	(c=8)	weight 0.56723143848818:	Bool[And(holding,Nominal(a))] Bool[And(Not(holding),Nominal(b))]
	Feat 4265	(c=6)	weight 0.10808555839064:	Bool[Exists(on,Nominal(b))] Num[Forall(on,<empty>)]
	Feat 4696	(c=8)	weight -0.13225632194222:	Bool[And(Forall(Star(on),Nominal(a)),Nominal(b))] Num[clear]
Score -2.2908312161257127
Lambda=0.01971232784448081
	Feat 0	(c=1)	weight -1.2563386154302:	Atom[handempty]
	Feat 17	(c=3)	weight -0.71087858760067:	Num[Or(ontable,Nominal(b))]
	Feat 22	(c=3)	weight 1.9073013478909:	Bool[Exists(on,Nominal(b))]
	Feat 25	(c=3)	weight 1.724207620658:	Bool[Exists(on,Nominal(a))]
	Feat 204	(c=6)	weight 0.91614471309644:	Num[Or(Not(Nominal(a)),Forall(on,ontable))]
	Feat 569	(c=7)	weight -0.31850851081337:	Num[Exists(Star(on),And(Not(Nominal(b)),ontable))]
	Feat 1159	(c=8)	weight -0.36852069339306:	Num[Or(Forall(Star(on),Or(Nominal(a),Nominal(b))),clear)]
	Feat 1454	(c=8)	weight -2.5664818433938:	Num[Or(Exists(on,And(Not(Nominal(a)),ontable)),holding)]
	Feat 1866	(c=8)	weight 0.6669137908236:	Num[Not(And(Exists(on,Exists(on,Nominal(b))),clear))]
	Feat 2314	(c=8)	weight 1.6600957260792:	Num[Or(Or(Nominal(a),Nominal(b)),Exists(Inverse(on),clear))]
	Feat 3156	(c=7)	weight -0.34519064597426:	Atom[handempty] Num[Forall(on,Exists(on,ontable))]
	Feat 3701	(c=8)	weight -0.059059568068754:	Bool[holding] Bool[Exists(on,And(Not(ontable),Nominal(b)))]
	Feat 3890	(c=7)	weight -3.9253347249107:	Bool[And(clear,Nominal(b))] Bool[And(holding,Nominal(a))]
	Feat 3991	(c=8)	weight 0.68926212452384:	Bool[And(holding,Nominal(a))] Bool[And(Not(holding),Nominal(b))]
	Feat 4265	(c=6)	weight 0.10512405347207:	Bool[Exists(on,Nominal(b))] Num[Forall(on,<empty>)]
	Feat 4325	(c=8)	weight -0.42625865224883:	Bool[Exists(on,Nominal(b))] Bool[Exists(Inverse(on),Nominal(b))]
	Feat 4696	(c=8)	weight -0.13504607084412:	Bool[And(Forall(Star(on),Nominal(a)),Nominal(b))] Num[clear]
Score -3.2992947531059853
Lambda=0.012139801838970525
	Feat 0	(c=1)	weight -1.6330060659235:	Atom[handempty]
	Feat 17	(c=3)	weight -0.57111886248352:	Num[Or(ontable,Nominal(b))]
	Feat 22	(c=3)	weight 2.2137553444899:	Bool[Exists(on,Nominal(b))]
	Feat 25	(c=3)	weight 1.8212245949359:	Bool[Exists(on,Nominal(a))]
	Feat 45	(c=4)	weight 0.11169680969696:	Bool[And(Forall(on,<empty>),Nominal(b))]
	Feat 204	(c=6)	weight 0.92528458650056:	Num[Or(Not(Nominal(a)),Forall(on,ontable))]
	Feat 569	(c=7)	weight -0.29746422835478:	Num[Exists(Star(on),And(Not(Nominal(b)),ontable))]
	Feat 1159	(c=8)	weight -0.47605183846548:	Num[Or(Forall(Star(on),Or(Nominal(a),Nominal(b))),clear)]
	Feat 1454	(c=8)	weight -2.6356198337668:	Num[Or(Exists(on,And(Not(Nominal(a)),ontable)),holding)]
	Feat 1866	(c=8)	weight 0.75550306239681:	Num[Not(And(Exists(on,Exists(on,Nominal(b))),clear))]
	Feat 2314	(c=8)	weight 1.8049468140308:	Num[Or(Or(Nominal(a),Nominal(b)),Exists(Inverse(on),clear))]
	Feat 3156	(c=7)	weight -0.30214471180392:	Atom[handempty] Num[Forall(on,Exists(on,ontable))]
	Feat 3701	(c=8)	weight -0.12016028759102:	Bool[holding] Bool[Exists(on,And(Not(ontable),Nominal(b)))]
	Feat 3890	(c=7)	weight -4.0320086376693:	Bool[And(clear,Nominal(b))] Bool[And(holding,Nominal(a))]
	Feat 3991	(c=8)	weight 0.77772472345527:	Bool[And(holding,Nominal(a))] Bool[And(Not(holding),Nominal(b))]
	Feat 4265	(c=6)	weight 0.11123250885409:	Bool[Exists(on,Nominal(b))] Num[Forall(on,<empty>)]
	Feat 4325	(c=8)	weight -0.65096812271232:	Bool[Exists(on,Nominal(b))] Bool[Exists(Inverse(on),Nominal(b))]
	Feat 4696	(c=8)	weight -0.16316843475513:	Bool[And(Forall(Star(on),Nominal(a)),Nominal(b))] Num[clear]
Score -4.411235868268924
Lambda=0.007476275245226056
	Feat 0	(c=1)	weight -1.8336526532538:	Atom[handempty]
	Feat 17	(c=3)	weight -0.49298207192354:	Num[Or(ontable,Nominal(b))]
	Feat 22	(c=3)	weight 2.4489978321423:	Bool[Exists(on,Nominal(b))]
	Feat 25	(c=3)	weight 1.8796370355034:	Bool[Exists(on,Nominal(a))]
	Feat 45	(c=4)	weight 0.25885877339531:	Bool[And(Forall(on,<empty>),Nominal(b))]
	Feat 204	(c=6)	weight 0.93529966721444:	Num[Or(Not(Nominal(a)),Forall(on,ontable))]
	Feat 569	(c=7)	weight -0.27224919673506:	Num[Exists(Star(on),And(Not(Nominal(b)),ontable))]
	Feat 1159	(c=8)	weight -0.56645197704586:	Num[Or(Forall(Star(on),Or(Nominal(a),Nominal(b))),clear)]
	Feat 1454	(c=8)	weight -2.7031494485767:	Num[Or(Exists(on,And(Not(Nominal(a)),ontable)),holding)]
	Feat 1843	(c=8)	weight 0.061642754308991:	Num[Or(And(Not(Nominal(b)),Forall(on,Nominal(b))),clear)]
	Feat 1866	(c=8)	weight 0.83775798713338:	Num[Not(And(Exists(on,Exists(on,Nominal(b))),clear))]
	Feat 2314	(c=8)	weight 1.8859604932573:	Num[Or(Or(Nominal(a),Nominal(b)),Exists(Inverse(on),clear))]
	Feat 3156	(c=7)	weight -0.28556262247207:	Atom[handempty] Num[Forall(on,Exists(on,ontable))]
	Feat 3701	(c=8)	weight -0.14943515078385:	Bool[holding] Bool[Exists(on,And(Not(ontable),Nominal(b)))]
	Feat 3890	(c=7)	weight -4.1016816990447:	Bool[And(clear,Nominal(b))] Bool[And(holding,Nominal(a))]
	Feat 3991	(c=8)	weight 0.8273771598599:	Bool[And(holding,Nominal(a))] Bool[And(Not(holding),Nominal(b))]
	Feat 4265	(c=6)	weight 0.11329779220107:	Bool[Exists(on,Nominal(b))] Num[Forall(on,<empty>)]
	Feat 4325	(c=8)	weight -0.85010913600767:	Bool[Exists(on,Nominal(b))] Bool[Exists(Inverse(on),Nominal(b))]
	Feat 4696	(c=8)	weight -0.20100036470131:	Bool[And(Forall(Star(on),Nominal(a)),Nominal(b))] Num[clear]
Score -5.60608933953812
Lambda=0.004604250735209684
	Feat 0	(c=1)	weight -1.9947381027838:	Atom[handempty]
	Feat 17	(c=3)	weight -0.45028314394109:	Num[Or(ontable,Nominal(b))]
	Feat 22	(c=3)	weight 2.6517949734708:	Bool[Exists(on,Nominal(b))]
	Feat 25	(c=3)	weight 1.9194397650604:	Bool[Exists(on,Nominal(a))]
	Feat 45	(c=4)	weight 0.37474525122082:	Bool[And(Forall(on,<empty>),Nominal(b))]
	Feat 204	(c=6)	weight 0.96078704994344:	Num[Or(Not(Nominal(a)),Forall(on,ontable))]
	Feat 569	(c=7)	weight -0.24559312912542:	Num[Exists(Star(on),And(Not(Nominal(b)),ontable))]
	Feat 1145	(c=8)	weight -0.010900892916743:	Num[Or(Forall(Inverse(Star(on)),Not(Nominal(a))),ontable)]
	Feat 1159	(c=8)	weight -0.64427823835701:	Num[Or(Forall(Star(on),Or(Nominal(a),Nominal(b))),clear)]
	Feat 1454	(c=8)	weight -2.7645026749992:	Num[Or(Exists(on,And(Not(Nominal(a)),ontable)),holding)]
	Feat 1843	(c=8)	weight 0.14412756457802:	Num[Or(And(Not(Nominal(b)),Forall(on,Nominal(b))),clear)]
	Feat 1866	(c=8)	weight 0.9113478032486:	Num[Not(And(Exists(on,Exists(on,Nominal(b))),clear))]
	Feat 2314	(c=8)	weight 1.9353321559038:	Num[Or(Or(Nominal(a),Nominal(b)),Exists(Inverse(on),clear))]
	Feat 3156	(c=7)	weight -0.27067410286833:	Atom[handempty] Num[Forall(on,Exists(on,ontable))]
	Feat 3701	(c=8)	weight -0.17127584562634:	Bool[holding] Bool[Exists(on,And(Not(ontable),Nominal(b)))]
	Feat 3890	(c=7)	weight -4.1498103015657:	Bool[And(clear,Nominal(b))] Bool[And(holding,Nominal(a))]
	Feat 3991	(c=8)	weight 0.85590521973854:	Bool[And(holding,Nominal(a))] Bool[And(Not(holding),Nominal(b))]
	Feat 4265	(c=6)	weight 0.11244601500863:	Bool[Exists(on,Nominal(b))] Num[Forall(on,<empty>)]
	Feat 4325	(c=8)	weight -1.0383065077814:	Bool[Exists(on,Nominal(b))] Bool[Exists(Inverse(on),Nominal(b))]
	Feat 4696	(c=8)	weight -0.2315359428083:	Bool[And(Forall(Star(on),Nominal(a)),Nominal(b))] Num[clear]
Score -6.831689962013875
Lambda=0.0028355195785783206
	Feat 0	(c=1)	weight -2.5546726133674:	Atom[handempty]
	Feat 17	(c=3)	weight -0.41085189742992:	Num[Or(ontable,Nominal(b))]
	Feat 22	(c=3)	weight 2.8008767408395:	Bool[Exists(on,Nominal(b))]
	Feat 25	(c=3)	weight 1.9523257886891:	Bool[Exists(on,Nominal(a))]
	Feat 45	(c=4)	weight 0.45318660937185:	Bool[And(Forall(on,<empty>),Nominal(b))]
	Feat 204	(c=6)	weight 0.99047419925967:	Num[Or(Not(Nominal(a)),Forall(on,ontable))]
	Feat 569	(c=7)	weight -0.2313852649762:	Num[Exists(Star(on),And(Not(Nominal(b)),ontable))]
	Feat 1145	(c=8)	weight -0.025114123276644:	Num[Or(Forall(Inverse(Star(on)),Not(Nominal(a))),ontable)]
	Feat 1159	(c=8)	weight -0.71044210222994:	Num[Or(Forall(Star(on),Or(Nominal(a),Nominal(b))),clear)]
	Feat 1454	(c=8)	weight -2.8162029507768:	Num[Or(Exists(on,And(Not(Nominal(a)),ontable)),holding)]
	Feat 1843	(c=8)	weight 0.19151761029978:	Num[Or(And(Not(Nominal(b)),Forall(on,Nominal(b))),clear)]
	Feat 1866	(c=8)	weight 0.95786226761849:	Num[Not(And(Exists(on,Exists(on,Nominal(b))),clear))]
	Feat 2314	(c=8)	weight 1.9754272858091:	Num[Or(Or(Nominal(a),Nominal(b)),Exists(Inverse(on),clear))]
	Feat 3156	(c=7)	weight -0.24150705011679:	Atom[handempty] Num[Forall(on,Exists(on,ontable))]
	Feat 3642	(c=8)	weight -0.067231902076472:	Bool[holding] Num[Forall(on,Not(Or(ontable,Nominal(b))))]
	Feat 3701	(c=8)	weight -0.23501543688305:	Bool[holding] Bool[Exists(on,And(Not(ontable),Nominal(b)))]
	Feat 3890	(c=7)	weight -4.1723431403859:	Bool[And(clear,Nominal(b))] Bool[And(holding,Nominal(a))]
	Feat 3991	(c=8)	weight 0.87518953162486:	Bool[And(holding,Nominal(a))] Bool[And(Not(holding),Nominal(b))]
	Feat 4265	(c=6)	weight 0.10955901633258:	Bool[Exists(on,Nominal(b))] Num[Forall(on,<empty>)]
	Feat 4325	(c=8)	weight -1.170517056552:	Bool[Exists(on,Nominal(b))] Bool[Exists(Inverse(on),Nominal(b))]
	Feat 4696	(c=8)	weight -0.24987016375348:	Bool[And(Forall(Star(on),Nominal(a)),Nominal(b))] Num[clear]
Score -7.087948358311454
Lambda=0.0017462496599101518
	Feat 0	(c=1)	weight -3.1977297093827:	Atom[handempty]
	Feat 17	(c=3)	weight -0.38888469293279:	Num[Or(ontable,Nominal(b))]
	Feat 22	(c=3)	weight 2.8754885736108:	Bool[Exists(on,Nominal(b))]
	Feat 25	(c=3)	weight 1.9678332492287:	Bool[Exists(on,Nominal(a))]
	Feat 45	(c=4)	weight 0.4990662898784:	Bool[And(Forall(on,<empty>),Nominal(b))]
	Feat 204	(c=6)	weight 1.0026429769387:	Num[Or(Not(Nominal(a)),Forall(on,ontable))]
	Feat 569	(c=7)	weight -0.22718327015585:	Num[Exists(Star(on),And(Not(Nominal(b)),ontable))]
	Feat 1145	(c=8)	weight -0.031291655045013:	Num[Or(Forall(Inverse(Star(on)),Not(Nominal(a))),ontable)]
	Feat 1159	(c=8)	weight -0.75649001736823:	Num[Or(Forall(Star(on),Or(Nominal(a),Nominal(b))),clear)]
	Feat 1454	(c=8)	weight -2.8571520181519:	Num[Or(Exists(on,And(Not(Nominal(a)),ontable)),holding)]
	Feat 1843	(c=8)	weight 0.2177225794901:	Num[Or(And(Not(Nominal(b)),Forall(on,Nominal(b))),clear)]
	Feat 1866	(c=8)	weight 0.98272435244992:	Num[Not(And(Exists(on,Exists(on,Nominal(b))),clear))]
	Feat 2314	(c=8)	weight 1.9983710756208:	Num[Or(Or(Nominal(a),Nominal(b)),Exists(Inverse(on),clear))]
	Feat 3156	(c=7)	weight -0.21667102361497:	Atom[handempty] Num[Forall(on,Exists(on,ontable))]
	Feat 3642	(c=8)	weight -0.15805398134433:	Bool[holding] Num[Forall(on,Not(Or(ontable,Nominal(b))))]
	Feat 3701	(c=8)	weight -0.31269296489989:	Bool[holding] Bool[Exists(on,And(Not(ontable),Nominal(b)))]
	Feat 3890	(c=7)	weight -4.1827362663342:	Bool[And(clear,Nominal(b))] Bool[And(holding,Nominal(a))]
	Feat 3991	(c=8)	weight 0.88478032035067:	Bool[And(holding,Nominal(a))] Bool[And(Not(holding),Nominal(b))]
	Feat 4265	(c=6)	weight 0.10921208257893:	Bool[Exists(on,Nominal(b))] Num[Forall(on,<empty>)]
	Feat 4325	(c=8)	weight -1.2421871746744:	Bool[Exists(on,Nominal(b))] Bool[Exists(Inverse(on),Nominal(b))]
	Feat 4696	(c=8)	weight -0.25997294640888:	Bool[And(Forall(Star(on),Nominal(a)),Nominal(b))] Num[clear]
Score -6.651578069349604
Lambda=0.001075424729130324
	Feat 0	(c=1)	weight -3.5960372845581:	Atom[handempty]
	Feat 17	(c=3)	weight -0.37543477677845:	Num[Or(ontable,Nominal(b))]
	Feat 22	(c=3)	weight 2.9209993937172:	Bool[Exists(on,Nominal(b))]
	Feat 25	(c=3)	weight 1.9773648161265:	Bool[Exists(on,Nominal(a))]
	Feat 45	(c=4)	weight 0.52721236854991:	Bool[And(Forall(on,<empty>),Nominal(b))]
	Feat 204	(c=6)	weight 1.0101258887896:	Num[Or(Not(Nominal(a)),Forall(on,ontable))]
	Feat 569	(c=7)	weight -0.22466447190259:	Num[Exists(Star(on),And(Not(Nominal(b)),ontable))]
	Feat 1145	(c=8)	weight -0.035095145002734:	Num[Or(Forall(Inverse(Star(on)),Not(Nominal(a))),ontable)]
	Feat 1159	(c=8)	weight -0.78487542638423:	Num[Or(Forall(Star(on),Or(Nominal(a),Nominal(b))),clear)]
	Feat 1454	(c=8)	weight -2.88241558119:	Num[Or(Exists(on,And(Not(Nominal(a)),ontable)),holding)]
	Feat 1843	(c=8)	weight 0.23380155857471:	Num[Or(And(Not(Nominal(b)),Forall(on,Nominal(b))),clear)]
	Feat 1866	(c=8)	weight 0.99800009995801:	Num[Not(And(Exists(on,Exists(on,Nominal(b))),clear))]
	Feat 2314	(c=8)	weight 2.012507427155:	Num[Or(Or(Nominal(a),Nominal(b)),Exists(Inverse(on),clear))]
	Feat 3156	(c=7)	weight -0.20130221990743:	Atom[handempty] Num[Forall(on,Exists(on,ontable))]
	Feat 3642	(c=8)	weight -0.21435425449931:	Bool[holding] Num[Forall(on,Not(Or(ontable,Nominal(b))))]
	Feat 3701	(c=8)	weight -0.36089905667065:	Bool[holding] Bool[Exists(on,And(Not(ontable),Nominal(b)))]
	Feat 3890	(c=7)	weight -4.1891274290345:	Bool[And(clear,Nominal(b))] Bool[And(holding,Nominal(a))]
	Feat 3991	(c=8)	weight 0.89067313764691:	Bool[And(holding,Nominal(a))] Bool[And(Not(holding),Nominal(b))]
	Feat 4265	(c=6)	weight 0.10906365921194:	Bool[Exists(on,Nominal(b))] Num[Forall(on,<empty>)]
	Feat 4325	(c=8)	weight -1.2860337770638:	Bool[Exists(on,Nominal(b))] Bool[Exists(Inverse(on),Nominal(b))]
	Feat 4696	(c=8)	weight -0.2661619582728:	Bool[And(Forall(Star(on),Nominal(a)),Nominal(b))] Num[clear]
Score -6.385091959295926
Lambda=0.0006622983955710761
	Feat 0	(c=1)	weight -3.8404867498412:	Atom[handempty]
	Feat 17	(c=3)	weight -0.3672148808664:	Num[Or(ontable,Nominal(b))]
	Feat 22	(c=3)	weight 2.9487747096926:	Bool[Exists(on,Nominal(b))]
	Feat 25	(c=3)	weight 1.9832168897972:	Bool[Exists(on,Nominal(a))]
	Feat 45	(c=4)	weight 0.54453502485418:	Bool[And(Forall(on,<empty>),Nominal(b))]
	Feat 204	(c=6)	weight 1.0147257105468:	Num[Or(Not(Nominal(a)),Forall(on,ontable))]
	Feat 569	(c=7)	weight -0.22312699991118:	Num[Exists(Star(on),And(Not(Nominal(b)),ontable))]
	Feat 1145	(c=8)	weight -0.037431664956442:	Num[Or(Forall(Inverse(Star(on)),Not(Nominal(a))),ontable)]
	Feat 1159	(c=8)	weight -0.80230589849122:	Num[Or(Forall(Star(on),Or(Nominal(a),Nominal(b))),clear)]
	Feat 1454	(c=8)	weight -2.8979353474713:	Num[Or(Exists(on,And(Not(Nominal(a)),ontable)),holding)]
	Feat 1843	(c=8)	weight 0.24370165104971:	Num[Or(And(Not(Nominal(b)),Forall(on,Nominal(b))),clear)]
	Feat 1866	(c=8)	weight 1.0073932551171:	Num[Not(And(Exists(on,Exists(on,Nominal(b))),clear))]
	Feat 2314	(c=8)	weight 2.0211843651487:	Num[Or(Or(Nominal(a),Nominal(b)),Exists(Inverse(on),clear))]
	Feat 3156	(c=7)	weight -0.19189196116964:	Atom[handempty] Num[Forall(on,Exists(on,ontable))]
	Feat 3642	(c=8)	weight -0.24892672031089:	Bool[holding] Num[Forall(on,Not(Or(ontable,Nominal(b))))]
	Feat 3701	(c=8)	weight -0.39051271443473:	Bool[holding] Bool[Exists(on,And(Not(ontable),Nominal(b)))]
	Feat 3890	(c=7)	weight -4.1930697574402:	Bool[And(clear,Nominal(b))] Bool[And(holding,Nominal(a))]
	Feat 3991	(c=8)	weight 0.89430038830682:	Bool[And(holding,Nominal(a))] Bool[And(Not(holding),Nominal(b))]
	Feat 4265	(c=6)	weight 0.10900979808323:	Bool[Exists(on,Nominal(b))] Num[Forall(on,<empty>)]
	Feat 4325	(c=8)	weight -1.3128886155873:	Bool[Exists(on,Nominal(b))] Bool[Exists(Inverse(on),Nominal(b))]
	Feat 4696	(c=8)	weight -0.26997481246189:	Bool[And(Forall(Star(on),Nominal(a)),Nominal(b))] Num[clear]
Score -6.2242303005057975
Lambda=0.0004078752821043467
	Feat 0	(c=1)	weight -3.9898084788247:	Atom[handempty]
	Feat 17	(c=3)	weight -0.36230667494379:	Num[Or(ontable,Nominal(b))]
	Feat 22	(c=3)	weight 2.9655768435007:	Bool[Exists(on,Nominal(b))]
	Feat 25	(c=3)	weight 1.9867237829555:	Bool[Exists(on,Nominal(a))]
	Feat 45	(c=4)	weight 0.55516066036876:	Bool[And(Forall(on,<empty>),Nominal(b))]
	Feat 204	(c=6)	weight 1.017495039369:	Num[Or(Not(Nominal(a)),Forall(on,ontable))]
	Feat 569	(c=7)	weight -0.2221779879956:	Num[Exists(Star(on),And(Not(Nominal(b)),ontable))]
	Feat 1145	(c=8)	weight -0.038843867749203:	Num[Or(Forall(Inverse(Star(on)),Not(Nominal(a))),ontable)]
	Feat 1159	(c=8)	weight -0.81290961997449:	Num[Or(Forall(Star(on),Or(Nominal(a),Nominal(b))),clear)]
	Feat 1454	(c=8)	weight -2.9074503738432:	Num[Or(Exists(on,And(Not(Nominal(a)),ontable)),holding)]
	Feat 1843	(c=8)	weight 0.24981862654576:	Num[Or(And(Not(Nominal(b)),Forall(on,Nominal(b))),clear)]
	Feat 1866	(c=8)	weight 1.0131444453051:	Num[Not(And(Exists(on,Exists(on,Nominal(b))),clear))]
	Feat 2314	(c=8)	weight 2.0264134316521:	Num[Or(Or(Nominal(a),Nominal(b)),Exists(Inverse(on),clear))]
	Feat 3156	(c=7)	weight -0.1861784480383:	Atom[handempty] Num[Forall(on,Exists(on,ontable))]
	Feat 3642	(c=8)	weight -0.27008126087066:	Bool[holding] Num[Forall(on,Not(Or(ontable,Nominal(b))))]
	Feat 3701	(c=8)	weight -0.40864579155082:	Bool[holding] Bool[Exists(on,And(Not(ontable),Nominal(b)))]
	Feat 3890	(c=7)	weight -4.1955268644029:	Bool[And(clear,Nominal(b))] Bool[And(holding,Nominal(a))]
	Feat 3991	(c=8)	weight 0.89652201460619:	Bool[And(holding,Nominal(a))] Bool[And(Not(holding),Nominal(b))]
	Feat 4265	(c=6)	weight 0.10900290130308:	Bool[Exists(on,Nominal(b))] Num[Forall(on,<empty>)]
	Feat 4325	(c=8)	weight -1.329262577842:	Bool[Exists(on,Nominal(b))] Bool[Exists(Inverse(on),Nominal(b))]
	Feat 4696	(c=8)	weight -0.27233292086655:	Bool[And(Forall(Star(on),Nominal(a)),Nominal(b))] Num[clear]
Score -6.126407821663892
Lambda=0.00025118926282201277
	Feat 0	(c=1)	weight -4.0834914188709:	Atom[handempty]
	Feat 17	(c=3)	weight -0.35940306116238:	Num[Or(ontable,Nominal(b))]
	Feat 22	(c=3)	weight 2.9757840371065:	Bool[Exists(on,Nominal(b))]
	Feat 25	(c=3)	weight 1.9887851974546:	Bool[Exists(on,Nominal(a))]
	Feat 45	(c=4)	weight 0.56146054372905:	Bool[And(Forall(on,<empty>),Nominal(b))]
	Feat 204	(c=6)	weight 1.0191458497384:	Num[Or(Not(Nominal(a)),Forall(on,ontable))]
	Feat 569	(c=7)	weight -0.22160694063284:	Num[Exists(Star(on),And(Not(Nominal(b)),ontable))]
	Feat 1145	(c=8)	weight -0.039710033117968:	Num[Or(Forall(Inverse(Star(on)),Not(Nominal(a))),ontable)]
	Feat 1159	(c=8)	weight -0.81934556097863:	Num[Or(Forall(Star(on),Or(Nominal(a),Nominal(b))),clear)]
	Feat 1454	(c=8)	weight -2.9133371593286:	Num[Or(Exists(on,And(Not(Nominal(a)),ontable)),holding)]
	Feat 1843	(c=8)	weight 0.25350985305779:	Num[Or(And(Not(Nominal(b)),Forall(on,Nominal(b))),clear)]
	Feat 1866	(c=8)	weight 1.0166228181269:	Num[Not(And(Exists(on,Exists(on,Nominal(b))),clear))]
	Feat 2314	(c=8)	weight 2.0295469893181:	Num[Or(Or(Nominal(a),Nominal(b)),Exists(Inverse(on),clear))]
	Feat 3156	(c=7)	weight -0.18258355905101:	Atom[handempty] Num[Forall(on,Exists(on,ontable))]
	Feat 3642	(c=8)	weight -0.28337640779751:	Bool[holding] Num[Forall(on,Not(Or(ontable,Nominal(b))))]
	Feat 3701	(c=8)	weight -0.42008261085636:	Bool[holding] Bool[Exists(on,And(Not(ontable),Nominal(b)))]
	Feat 3890	(c=7)	weight -4.1970746457052:	Bool[And(clear,Nominal(b))] Bool[And(holding,Nominal(a))]
	Feat 3991	(c=8)	weight 0.89789558444733:	Bool[And(holding,Nominal(a))] Bool[And(Not(holding),Nominal(b))]
	Feat 4265	(c=6)	weight 0.10898662566623:	Bool[Exists(on,Nominal(b))] Num[Forall(on,<empty>)]
	Feat 4325	(c=8)	weight -1.3392311574535:	Bool[Exists(on,Nominal(b))] Bool[Exists(Inverse(on),Nominal(b))]
	Feat 4696	(c=8)	weight -0.27374152261078:	Bool[And(Forall(Star(on),Nominal(a)),Nominal(b))] Num[clear]
Score -6.062465900744558
Lambda=0.00015469445814793046
	Feat 0	(c=1)	weight -4.1391047702738:	Atom[handempty]
	Feat 17	(c=3)	weight -0.35764990115048:	Num[Or(ontable,Nominal(b))]
	Feat 22	(c=3)	weight 2.9819651632531:	Bool[Exists(on,Nominal(b))]
	Feat 25	(c=3)	weight 1.9900336085392:	Bool[Exists(on,Nominal(a))]
	Feat 45	(c=4)	weight 0.56510827510571:	Bool[And(Forall(on,<empty>),Nominal(b))]
	Feat 204	(c=6)	weight 1.0201651751839:	Num[Or(Not(Nominal(a)),Forall(on,ontable))]
	Feat 569	(c=7)	weight -0.22124306452466:	Num[Exists(Star(on),And(Not(Nominal(b)),ontable))]
	Feat 1145	(c=8)	weight -0.0402595105012:	Num[Or(Forall(Inverse(Star(on)),Not(Nominal(a))),ontable)]
	Feat 1159	(c=8)	weight -0.82314480195714:	Num[Or(Forall(Star(on),Or(Nominal(a),Nominal(b))),clear)]
	Feat 1454	(c=8)	weight -2.9168439745452:	Num[Or(Exists(on,And(Not(Nominal(a)),ontable)),holding)]
	Feat 1843	(c=8)	weight 0.2556860425862:	Num[Or(And(Not(Nominal(b)),Forall(on,Nominal(b))),clear)]
	Feat 1866	(c=8)	weight 1.0187039453703:	Num[Not(And(Exists(on,Exists(on,Nominal(b))),clear))]
	Feat 2314	(c=8)	weight 2.0314228851227:	Num[Or(Or(Nominal(a),Nominal(b)),Exists(Inverse(on),clear))]
	Feat 3156	(c=7)	weight -0.18047018739228:	Atom[handempty] Num[Forall(on,Exists(on,ontable))]
	Feat 3642	(c=8)	weight -0.29127709454735:	Bool[holding] Num[Forall(on,Not(Or(ontable,Nominal(b))))]
	Feat 3701	(c=8)	weight -0.42687372073535:	Bool[holding] Bool[Exists(on,And(Not(ontable),Nominal(b)))]
	Feat 3890	(c=7)	weight -4.1980760346078:	Bool[And(clear,Nominal(b))] Bool[And(holding,Nominal(a))]
	Feat 3991	(c=8)	weight 0.89879002194833:	Bool[And(holding,Nominal(a))] Bool[And(Not(holding),Nominal(b))]
	Feat 4265	(c=6)	weight 0.10897677636071:	Bool[Exists(on,Nominal(b))] Num[Forall(on,<empty>)]
	Feat 4325	(c=8)	weight -1.3452933486467:	Bool[Exists(on,Nominal(b))] Bool[Exists(Inverse(on),Nominal(b))]
	Feat 4696	(c=8)	weight -0.27456282238692:	Bool[And(Forall(Star(on),Nominal(a)),Nominal(b))] Num[clear]
Score -6.025136375740011
