Considering 27 features
Lasso Method
----------

Lambda=1.6245708497348368
Score 1.1102230246251565e-16
Lambda=1.0004890515592135
	Feat 17	(c=3)	weight -0.44746731907929:	Num[Or(ontable,Nominal(b))]
	Feat 25	(c=3)	weight 0.10168522831456:	Bool[Exists(on,Nominal(a))]
	Feat 1454	(c=8)	weight -0.52106132315341:	Num[Or(Exists(on,And(Not(Nominal(a)),ontable)),holding)]
	Feat 1707	(c=8)	weight 0.10055821684593:	Num[Or(Exists(on,Exists(on,Exists(on,<universe>))),Nominal(b))]
Score -0.31337538538032783
Lambda=0.616149392593887
	Feat 17	(c=3)	weight -0.70507103073627:	Num[Or(ontable,Nominal(b))]
	Feat 22	(c=3)	weight 0.11706153509092:	Bool[Exists(on,Nominal(b))]
	Feat 25	(c=3)	weight 0.61381266083386:	Bool[Exists(on,Nominal(a))]
	Feat 1454	(c=8)	weight -0.86388959749893:	Num[Or(Exists(on,And(Not(Nominal(a)),ontable)),holding)]
	Feat 1707	(c=8)	weight 0.032035817092854:	Num[Or(Exists(on,Exists(on,Exists(on,<universe>))),Nominal(b))]
	Feat 2146	(c=8)	weight 0.12400975778945:	Num[Not(And(Forall(on,Nominal(a)),Or(clear,ontable)))]
Score -0.5460483221487866
Lambda=0.3794545011783641
	Feat 17	(c=3)	weight -0.74979416572686:	Num[Or(ontable,Nominal(b))]
	Feat 22	(c=3)	weight 0.47001855649461:	Bool[Exists(on,Nominal(b))]
	Feat 25	(c=3)	weight 0.9077866732244:	Bool[Exists(on,Nominal(a))]
	Feat 204	(c=6)	weight 0.41945005052512:	Num[Or(Not(Nominal(a)),Forall(on,ontable))]
	Feat 569	(c=7)	weight -0.026866568508829:	Num[Exists(Star(on),And(Not(Nominal(b)),ontable))]
	Feat 1454	(c=8)	weight -1.0900379805889:	Num[Or(Exists(on,And(Not(Nominal(a)),ontable)),holding)]
	Feat 1707	(c=8)	weight 0.01138424600487:	Num[Or(Exists(on,Exists(on,Exists(on,<universe>))),Nominal(b))]
	Feat 2146	(c=8)	weight 0.29169125933066:	Num[Not(And(Forall(on,Nominal(a)),Or(clear,ontable)))]
	Feat 3156	(c=7)	weight -0.053883919078522:	Atom[handempty] Num[Forall(on,Exists(on,ontable))]
	Feat 3890	(c=7)	weight -1.0999324846098:	Bool[And(clear,Nominal(b))] Bool[And(holding,Nominal(a))]
Score -0.0069402468157659936
Lambda=0.23368637573164694
	Feat 17	(c=3)	weight -0.56470697200012:	Num[Or(ontable,Nominal(b))]
	Feat 22	(c=3)	weight 0.58763285787016:	Bool[Exists(on,Nominal(b))]
	Feat 25	(c=3)	weight 1.183303311692:	Bool[Exists(on,Nominal(a))]
	Feat 204	(c=6)	weight 0.76784400110705:	Num[Or(Not(Nominal(a)),Forall(on,ontable))]
	Feat 569	(c=7)	weight -0.2366849793657:	Num[Exists(Star(on),And(Not(Nominal(b)),ontable))]
	Feat 1454	(c=8)	weight -1.3254156847286:	Num[Or(Exists(on,And(Not(Nominal(a)),ontable)),holding)]
	Feat 1707	(c=8)	weight 0.035373866345316:	Num[Or(Exists(on,Exists(on,Exists(on,<universe>))),Nominal(b))]
	Feat 2146	(c=8)	weight 0.61379744575035:	Num[Not(And(Forall(on,Nominal(a)),Or(clear,ontable)))]
	Feat 3156	(c=7)	weight -0.13975411793558:	Atom[handempty] Num[Forall(on,Exists(on,ontable))]
	Feat 3890	(c=7)	weight -2.0233572937276:	Bool[And(clear,Nominal(b))] Bool[And(holding,Nominal(a))]
Score -0.9497461988565337
Lambda=0.14391533644483803
	Feat 17	(c=3)	weight -0.53701291124228:	Num[Or(ontable,Nominal(b))]
	Feat 22	(c=3)	weight 0.84647930003758:	Bool[Exists(on,Nominal(b))]
	Feat 25	(c=3)	weight 1.3598497755557:	Bool[Exists(on,Nominal(a))]
	Feat 204	(c=6)	weight 0.89207637131923:	Num[Or(Not(Nominal(a)),Forall(on,ontable))]
	Feat 569	(c=7)	weight -0.31112670035897:	Num[Exists(Star(on),And(Not(Nominal(b)),ontable))]
	Feat 1454	(c=8)	weight -1.6309052666739:	Num[Or(Exists(on,And(Not(Nominal(a)),ontable)),holding)]
	Feat 1707	(c=8)	weight 0.078347537254079:	Num[Or(Exists(on,Exists(on,Exists(on,<universe>))),Nominal(b))]
	Feat 2146	(c=8)	weight 0.60748522395228:	Num[Not(And(Forall(on,Nominal(a)),Or(clear,ontable)))]
	Feat 2314	(c=8)	weight 0.34015628422322:	Num[Or(Or(Nominal(a),Nominal(b)),Exists(Inverse(on),clear))]
	Feat 3156	(c=7)	weight -0.26696590129269:	Atom[handempty] Num[Forall(on,Exists(on,ontable))]
	Feat 3890	(c=7)	weight -2.5706447803923:	Bool[And(clear,Nominal(b))] Bool[And(holding,Nominal(a))]
Score -1.7088947385822926
Lambda=0.08863000249451881
	Feat 17	(c=3)	weight -0.54620606940965:	Num[Or(ontable,Nominal(b))]
	Feat 22	(c=3)	weight 1.0577243266871:	Bool[Exists(on,Nominal(b))]
	Feat 25	(c=3)	weight 1.4689401151837:	Bool[Exists(on,Nominal(a))]
	Feat 204	(c=6)	weight 0.94587060008389:	Num[Or(Not(Nominal(a)),Forall(on,ontable))]
	Feat 569	(c=7)	weight -0.34063981076645:	Num[Exists(Star(on),And(Not(Nominal(b)),ontable))]
	Feat 1454	(c=8)	weight -1.8610622122094:	Num[Or(Exists(on,And(Not(Nominal(a)),ontable)),holding)]
	Feat 1707	(c=8)	weight 0.11581251771003:	Num[Or(Exists(on,Exists(on,Exists(on,<universe>))),Nominal(b))]
	Feat 2146	(c=8)	weight 0.54276442502729:	Num[Not(And(Forall(on,Nominal(a)),Or(clear,ontable)))]
	Feat 2314	(c=8)	weight 0.64375051099426:	Num[Or(Or(Nominal(a),Nominal(b)),Exists(Inverse(on),clear))]
	Feat 2430	(c=8)	weight -0.0014352154331812:	Num[Or(And(Forall(on,<empty>),Nominal(b)),And(clear,Nominal(a)))]
	Feat 3156	(c=7)	weight -0.36575779299203:	Atom[handempty] Num[Forall(on,Exists(on,ontable))]
	Feat 3890	(c=7)	weight -2.902565240938:	Bool[And(clear,Nominal(b))] Bool[And(holding,Nominal(a))]
Score -2.1195525194209153
Lambda=0.05458262848302687
	Feat 0	(c=1)	weight -0.22641289856187:	Atom[handempty]
	Feat 17	(c=3)	weight -0.68598969074959:	Num[Or(ontable,Nominal(b))]
	Feat 22	(c=3)	weight 1.1066612335675:	Bool[Exists(on,Nominal(b))]
	Feat 25	(c=3)	weight 1.5167543362836:	Bool[Exists(on,Nominal(a))]
	Feat 204	(c=6)	weight 0.92884943684494:	Num[Or(Not(Nominal(a)),Forall(on,ontable))]
	Feat 569	(c=7)	weight -0.33984939419011:	Num[Exists(Star(on),And(Not(Nominal(b)),ontable))]
	Feat 1454	(c=8)	weight -2.099150544221:	Num[Or(Exists(on,And(Not(Nominal(a)),ontable)),holding)]
	Feat 1707	(c=8)	weight 0.15433463833509:	Num[Or(Exists(on,Exists(on,Exists(on,<universe>))),Nominal(b))]
	Feat 1866	(c=8)	weight 0.16440083341466:	Num[Not(And(Exists(on,Exists(on,Nominal(b))),clear))]
	Feat 2146	(c=8)	weight 0.34814290632504:	Num[Not(And(Forall(on,Nominal(a)),Or(clear,ontable)))]
	Feat 2314	(c=8)	weight 0.95574897520682:	Num[Or(Or(Nominal(a),Nominal(b)),Exists(Inverse(on),clear))]
	Feat 2430	(c=8)	weight -0.013010891061815:	Num[Or(And(Forall(on,<empty>),Nominal(b)),And(clear,Nominal(a)))]
	Feat 3156	(c=7)	weight -0.39188419344521:	Atom[handempty] Num[Forall(on,Exists(on,ontable))]
	Feat 3890	(c=7)	weight -3.3999320820422:	Bool[And(clear,Nominal(b))] Bool[And(holding,Nominal(a))]
	Feat 3991	(c=8)	weight 0.32547487985016:	Bool[And(holding,Nominal(a))] Bool[And(Not(holding),Nominal(b))]
	Feat 4265	(c=6)	weight 0.057412210080336:	Bool[Exists(on,Nominal(b))] Num[Forall(on,<empty>)]
	Feat 4696	(c=8)	weight -0.060016611425824:	Bool[And(Forall(Star(on),Nominal(a)),Nominal(b))] Num[clear]
Score -2.339151623984883
Lambda=0.03361461410655363
	Feat 0	(c=1)	weight -0.58630422434721:	Atom[handempty]
	Feat 17	(c=3)	weight -0.88906934585689:	Num[Or(ontable,Nominal(b))]
	Feat 22	(c=3)	weight 1.1777158270208:	Bool[Exists(on,Nominal(b))]
	Feat 25	(c=3)	weight 1.5198702554597:	Bool[Exists(on,Nominal(a))]
	Feat 204	(c=6)	weight 0.92043740045778:	Num[Or(Not(Nominal(a)),Forall(on,ontable))]
	Feat 485	(c=7)	weight 0.073360628570537:	Num[Or(Exists(on,Exists(on,ontable)),Nominal(b))]
	Feat 569	(c=7)	weight -0.31498698022671:	Num[Exists(Star(on),And(Not(Nominal(b)),ontable))]
	Feat 1454	(c=8)	weight -2.3215110494302:	Num[Or(Exists(on,And(Not(Nominal(a)),ontable)),holding)]
	Feat 1707	(c=8)	weight 0.21760785719338:	Num[Or(Exists(on,Exists(on,Exists(on,<universe>))),Nominal(b))]
	Feat 1866	(c=8)	weight 0.43511436196916:	Num[Not(And(Exists(on,Exists(on,Nominal(b))),clear))]
	Feat 2146	(c=8)	weight 0.059456085730702:	Num[Not(And(Forall(on,Nominal(a)),Or(clear,ontable)))]
	Feat 2314	(c=8)	weight 1.2649645660056:	Num[Or(Or(Nominal(a),Nominal(b)),Exists(Inverse(on),clear))]
	Feat 2430	(c=8)	weight -0.0059994798102455:	Num[Or(And(Forall(on,<empty>),Nominal(b)),And(clear,Nominal(a)))]
	Feat 3156	(c=7)	weight -0.37089525465312:	Atom[handempty] Num[Forall(on,Exists(on,ontable))]
	Feat 3642	(c=8)	weight 0.0041320483668852:	Bool[holding] Num[Forall(on,Not(Or(ontable,Nominal(b))))]
	Feat 3890	(c=7)	weight -3.6633465826427:	Bool[And(clear,Nominal(b))] Bool[And(holding,Nominal(a))]
	Feat 3991	(c=8)	weight 0.55059099243146:	Bool[And(holding,Nominal(a))] Bool[And(Not(holding),Nominal(b))]
	Feat 4105	(c=8)	weight 0.077346271196389:	Bool[And(holding,Nominal(b))] Num[Forall(Star(on),Nominal(a))]
	Feat 4265	(c=6)	weight 0.12986680857876:	Bool[Exists(on,Nominal(b))] Num[Forall(on,<empty>)]
	Feat 4696	(c=8)	weight -0.16265957182066:	Bool[And(Forall(Star(on),Nominal(a)),Nominal(b))] Num[clear]
Score -3.0334927787395545
Lambda=0.02070149996319587
	Feat 0	(c=1)	weight -1.090361232447:	Atom[handempty]
	Feat 17	(c=3)	weight -0.70573152479088:	Num[Or(ontable,Nominal(b))]
	Feat 22	(c=3)	weight 1.7369080210281:	Bool[Exists(on,Nominal(b))]
	Feat 25	(c=3)	weight 1.6705697770092:	Bool[Exists(on,Nominal(a))]
	Feat 204	(c=6)	weight 0.94173689797402:	Num[Or(Not(Nominal(a)),Forall(on,ontable))]
	Feat 485	(c=7)	weight 0.12775730343299:	Num[Or(Exists(on,Exists(on,ontable)),Nominal(b))]
	Feat 569	(c=7)	weight -0.30075897921836:	Num[Exists(Star(on),And(Not(Nominal(b)),ontable))]
	Feat 1159	(c=8)	weight -0.22690136870518:	Num[Or(Forall(Star(on),Or(Nominal(a),Nominal(b))),clear)]
	Feat 1454	(c=8)	weight -2.4736416947941:	Num[Or(Exists(on,And(Not(Nominal(a)),ontable)),holding)]
	Feat 1707	(c=8)	weight 0.17142316845595:	Num[Or(Exists(on,Exists(on,Exists(on,<universe>))),Nominal(b))]
	Feat 1866	(c=8)	weight 0.62174680920347:	Num[Not(And(Exists(on,Exists(on,Nominal(b))),clear))]
	Feat 2314	(c=8)	weight 1.5581537267154:	Num[Or(Or(Nominal(a),Nominal(b)),Exists(Inverse(on),clear))]
	Feat 3156	(c=7)	weight -0.34527256763457:	Atom[handempty] Num[Forall(on,Exists(on,ontable))]
	Feat 3701	(c=8)	weight -0.0029925745833745:	Bool[holding] Bool[Exists(on,And(Not(ontable),Nominal(b)))]
	Feat 3890	(c=7)	weight -3.8279099658338:	Bool[And(clear,Nominal(b))] Bool[And(holding,Nominal(a))]
	Feat 3991	(c=8)	weight 0.68151142728847:	Bool[And(holding,Nominal(a))] Bool[And(Not(holding),Nominal(b))]
	Feat 4105	(c=8)	weight 0.08526237061774:	Bool[And(holding,Nominal(b))] Num[Forall(Star(on),Nominal(a))]
	Feat 4265	(c=6)	weight 0.13552560166279:	Bool[Exists(on,Nominal(b))] Num[Forall(on,<empty>)]
	Feat 4325	(c=8)	weight -0.42346260036166:	Bool[Exists(on,Nominal(b))] Bool[Exists(Inverse(on),Nominal(b))]
	Feat 4696	(c=8)	weight -0.17272194417672:	Bool[And(Forall(Star(on),Nominal(a)),Nominal(b))] Num[clear]
Score -4.4783475554830074
Lambda=0.012748981718717587
	Feat 0	(c=1)	weight -1.5194112679869:	Atom[handempty]
	Feat 17	(c=3)	weight -0.62507716858642:	Num[Or(ontable,Nominal(b))]
	Feat 22	(c=3)	weight 2.1502878573444:	Bool[Exists(on,Nominal(b))]
	Feat 25	(c=3)	weight 1.7586673847164:	Bool[Exists(on,Nominal(a))]
	Feat 204	(c=6)	weight 0.95774561591413:	Num[Or(Not(Nominal(a)),Forall(on,ontable))]
	Feat 485	(c=7)	weight 0.16241985973574:	Num[Or(Exists(on,Exists(on,ontable)),Nominal(b))]
	Feat 569	(c=7)	weight -0.28394058436189:	Num[Exists(Star(on),And(Not(Nominal(b)),ontable))]
	Feat 1159	(c=8)	weight -0.4098362344266:	Num[Or(Forall(Star(on),Or(Nominal(a),Nominal(b))),clear)]
	Feat 1454	(c=8)	weight -2.6055691960621:	Num[Or(Exists(on,And(Not(Nominal(a)),ontable)),holding)]
	Feat 1707	(c=8)	weight 0.13064222936167:	Num[Or(Exists(on,Exists(on,Exists(on,<universe>))),Nominal(b))]
	Feat 1843	(c=8)	weight 0.0072907914026515:	Num[Or(And(Not(Nominal(b)),Forall(on,Nominal(b))),clear)]
	Feat 1866	(c=8)	weight 0.77698167486461:	Num[Not(And(Exists(on,Exists(on,Nominal(b))),clear))]
	Feat 2146	(c=8)	weight -0.10207222213551:	Num[Not(And(Forall(on,Nominal(a)),Or(clear,ontable)))]
	Feat 2314	(c=8)	weight 1.8020833518825:	Num[Or(Or(Nominal(a),Nominal(b)),Exists(Inverse(on),clear))]
	Feat 3156	(c=7)	weight -0.31966831660814:	Atom[handempty] Num[Forall(on,Exists(on,ontable))]
	Feat 3701	(c=8)	weight -0.065253210296882:	Bool[holding] Bool[Exists(on,And(Not(ontable),Nominal(b)))]
	Feat 3890	(c=7)	weight -3.9467047602286:	Bool[And(clear,Nominal(b))] Bool[And(holding,Nominal(a))]
	Feat 3991	(c=8)	weight 0.76309139470096:	Bool[And(holding,Nominal(a))] Bool[And(Not(holding),Nominal(b))]
	Feat 4105	(c=8)	weight 0.095088182605949:	Bool[And(holding,Nominal(b))] Num[Forall(Star(on),Nominal(a))]
	Feat 4265	(c=6)	weight 0.14352327720737:	Bool[Exists(on,Nominal(b))] Num[Forall(on,<empty>)]
	Feat 4325	(c=8)	weight -0.69483536018285:	Bool[Exists(on,Nominal(b))] Bool[Exists(Inverse(on),Nominal(b))]
	Feat 4696	(c=8)	weight -0.18591930415072:	Bool[And(Forall(Star(on),Nominal(a)),Nominal(b))] Num[clear]
Score -5.317752788896449
Lambda=0.0078514375843857
	Feat 0	(c=1)	weight -1.7915139604312:	Atom[handempty]
	Feat 17	(c=3)	weight -0.70252842811712:	Num[Or(ontable,Nominal(b))]
	Feat 22	(c=3)	weight 2.4704736992605:	Bool[Exists(on,Nominal(b))]
	Feat 25	(c=3)	weight 1.7726262607246:	Bool[Exists(on,Nominal(a))]
	Feat 204	(c=6)	weight 0.98286456965979:	Num[Or(Not(Nominal(a)),Forall(on,ontable))]
	Feat 485	(c=7)	weight 0.21362936289983:	Num[Or(Exists(on,Exists(on,ontable)),Nominal(b))]
	Feat 569	(c=7)	weight -0.25040203222423:	Num[Exists(Star(on),And(Not(Nominal(b)),ontable))]
	Feat 1159	(c=8)	weight -0.59071213925882:	Num[Or(Forall(Star(on),Or(Nominal(a),Nominal(b))),clear)]
	Feat 1454	(c=8)	weight -2.7746906601453:	Num[Or(Exists(on,And(Not(Nominal(a)),ontable)),holding)]
	Feat 1707	(c=8)	weight 0.10561349977866:	Num[Or(Exists(on,Exists(on,Exists(on,<universe>))),Nominal(b))]
	Feat 1843	(c=8)	weight 0.14391924662658:	Num[Or(And(Not(Nominal(b)),Forall(on,Nominal(b))),clear)]
	Feat 1866	(c=8)	weight 0.96974966450176:	Num[Not(And(Exists(on,Exists(on,Nominal(b))),clear))]
	Feat 2146	(c=8)	weight -0.25432139443965:	Num[Not(And(Forall(on,Nominal(a)),Or(clear,ontable)))]
	Feat 2314	(c=8)	weight 1.9828873606498:	Num[Or(Or(Nominal(a),Nominal(b)),Exists(Inverse(on),clear))]
	Feat 3156	(c=7)	weight -0.31236938676137:	Atom[handempty] Num[Forall(on,Exists(on,ontable))]
	Feat 3701	(c=8)	weight -0.094655477661483:	Bool[holding] Bool[Exists(on,And(Not(ontable),Nominal(b)))]
	Feat 3890	(c=7)	weight -3.9967044670634:	Bool[And(clear,Nominal(b))] Bool[And(holding,Nominal(a))]
	Feat 3991	(c=8)	weight 0.79108057743284:	Bool[And(holding,Nominal(a))] Bool[And(Not(holding),Nominal(b))]
	Feat 4105	(c=8)	weight 0.15767213241191:	Bool[And(holding,Nominal(b))] Num[Forall(Star(on),Nominal(a))]
	Feat 4265	(c=6)	weight 0.17428898612535:	Bool[Exists(on,Nominal(b))] Num[Forall(on,<empty>)]
	Feat 4325	(c=8)	weight -1.0017447992623:	Bool[Exists(on,Nominal(b))] Bool[Exists(Inverse(on),Nominal(b))]
	Feat 4696	(c=8)	weight -0.22645431662855:	Bool[And(Forall(Star(on),Nominal(a)),Nominal(b))] Num[clear]
Score -6.265053181869841
Lambda=0.004835293790640497
	Feat 0	(c=1)	weight -2.2135438938381:	Atom[handempty]
	Feat 17	(c=3)	weight -0.75965055442536:	Num[Or(ontable,Nominal(b))]
	Feat 22	(c=3)	weight 2.7259019420508:	Bool[Exists(on,Nominal(b))]
	Feat 25	(c=3)	weight 1.7772348784807:	Bool[Exists(on,Nominal(a))]
	Feat 204	(c=6)	weight 0.99639672607273:	Num[Or(Not(Nominal(a)),Forall(on,ontable))]
	Feat 485	(c=7)	weight 0.23645648434527:	Num[Or(Exists(on,Exists(on,ontable)),Nominal(b))]
	Feat 569	(c=7)	weight -0.23182053054673:	Num[Exists(Star(on),And(Not(Nominal(b)),ontable))]
	Feat 1159	(c=8)	weight -0.72562015857364:	Num[Or(Forall(Star(on),Or(Nominal(a),Nominal(b))),clear)]
	Feat 1454	(c=8)	weight -2.9028648575367:	Num[Or(Exists(on,And(Not(Nominal(a)),ontable)),holding)]
	Feat 1707	(c=8)	weight 0.068164037421439:	Num[Or(Exists(on,Exists(on,Exists(on,<universe>))),Nominal(b))]
	Feat 1866	(c=8)	weight 1.1064213008462:	Num[Not(And(Exists(on,Exists(on,Nominal(b))),clear))]
	Feat 2146	(c=8)	weight -0.59922387675266:	Num[Not(And(Forall(on,Nominal(a)),Or(clear,ontable)))]
	Feat 2314	(c=8)	weight 2.3534366035436:	Num[Or(Or(Nominal(a),Nominal(b)),Exists(Inverse(on),clear))]
	Feat 2430	(c=8)	weight -0.0078531008388355:	Num[Or(And(Forall(on,<empty>),Nominal(b)),And(clear,Nominal(a)))]
	Feat 3156	(c=7)	weight -0.30914751271452:	Atom[handempty] Num[Forall(on,Exists(on,ontable))]
	Feat 3701	(c=8)	weight -0.10572606532663:	Bool[holding] Bool[Exists(on,And(Not(ontable),Nominal(b)))]
	Feat 3890	(c=7)	weight -4.0256265519322:	Bool[And(clear,Nominal(b))] Bool[And(holding,Nominal(a))]
	Feat 3991	(c=8)	weight 0.8041195427656:	Bool[And(holding,Nominal(a))] Bool[And(Not(holding),Nominal(b))]
	Feat 4105	(c=8)	weight 0.14091050192169:	Bool[And(holding,Nominal(b))] Num[Forall(Star(on),Nominal(a))]
	Feat 4265	(c=6)	weight 0.1858681588508:	Bool[Exists(on,Nominal(b))] Num[Forall(on,<empty>)]
	Feat 4325	(c=8)	weight -0.97104079076175:	Bool[Exists(on,Nominal(b))] Bool[Exists(Inverse(on),Nominal(b))]
	Feat 4696	(c=8)	weight -0.24978079254708:	Bool[And(Forall(Star(on),Nominal(a)),Nominal(b))] Num[clear]
Score -4.869517011750851
Lambda=0.0029778070309446156
	Feat 0	(c=1)	weight -2.4283064932498:	Atom[handempty]
	Feat 17	(c=3)	weight -0.81074259406005:	Num[Or(ontable,Nominal(b))]
	Feat 22	(c=3)	weight 2.8346515603677:	Bool[Exists(on,Nominal(b))]
	Feat 25	(c=3)	weight 1.7460624016271:	Bool[Exists(on,Nominal(a))]
	Feat 204	(c=6)	weight 1.0050628121929:	Num[Or(Not(Nominal(a)),Forall(on,ontable))]
	Feat 485	(c=7)	weight 0.25634370386068:	Num[Or(Exists(on,Exists(on,ontable)),Nominal(b))]
	Feat 569	(c=7)	weight -0.22119442050729:	Num[Exists(Star(on),And(Not(Nominal(b)),ontable))]
	Feat 1159	(c=8)	weight -0.79266621963214:	Num[Or(Forall(Star(on),Or(Nominal(a),Nominal(b))),clear)]
	Feat 1454	(c=8)	weight -2.973581349482:	Num[Or(Exists(on,And(Not(Nominal(a)),ontable)),holding)]
	Feat 1707	(c=8)	weight 0.05903925900465:	Num[Or(Exists(on,Exists(on,Exists(on,<universe>))),Nominal(b))]
	Feat 1866	(c=8)	weight 1.1832808233218:	Num[Not(And(Exists(on,Exists(on,Nominal(b))),clear))]
	Feat 2146	(c=8)	weight -0.72301227390872:	Num[Not(And(Forall(on,Nominal(a)),Or(clear,ontable)))]
	Feat 2314	(c=8)	weight 2.4778631909621:	Num[Or(Or(Nominal(a),Nominal(b)),Exists(Inverse(on),clear))]
	Feat 2430	(c=8)	weight -0.035631080622779:	Num[Or(And(Forall(on,<empty>),Nominal(b)),And(clear,Nominal(a)))]
	Feat 3156	(c=7)	weight -0.30680890209418:	Atom[handempty] Num[Forall(on,Exists(on,ontable))]
	Feat 3642	(c=8)	weight -0.011215179849516:	Bool[holding] Num[Forall(on,Not(Or(ontable,Nominal(b))))]
	Feat 3701	(c=8)	weight -0.12671234288254:	Bool[holding] Bool[Exists(on,And(Not(ontable),Nominal(b)))]
	Feat 3890	(c=7)	weight -4.0436617149832:	Bool[And(clear,Nominal(b))] Bool[And(holding,Nominal(a))]
	Feat 3991	(c=8)	weight 0.78686878978671:	Bool[And(holding,Nominal(a))] Bool[And(Not(holding),Nominal(b))]
	Feat 4105	(c=8)	weight 0.15696058661023:	Bool[And(holding,Nominal(b))] Num[Forall(Star(on),Nominal(a))]
	Feat 4265	(c=6)	weight 0.20011565917166:	Bool[Exists(on,Nominal(b))] Num[Forall(on,<empty>)]
	Feat 4325	(c=8)	weight -1.0274908935097:	Bool[Exists(on,Nominal(b))] Bool[Exists(Inverse(on),Nominal(b))]
	Feat 4696	(c=8)	weight -0.26260228638806:	Bool[And(Forall(Star(on),Nominal(a)),Nominal(b))] Num[clear]
Score -4.575640480026837
Lambda=0.0018338771329070769
	Feat 0	(c=1)	weight -3.024331234426:	Atom[handempty]
	Feat 17	(c=3)	weight -0.83110348530203:	Num[Or(ontable,Nominal(b))]
	Feat 22	(c=3)	weight 2.9160527456645:	Bool[Exists(on,Nominal(b))]
	Feat 25	(c=3)	weight 1.7222235331181:	Bool[Exists(on,Nominal(a))]
	Feat 204	(c=6)	weight 1.0101312044457:	Num[Or(Not(Nominal(a)),Forall(on,ontable))]
	Feat 485	(c=7)	weight 0.26934797901111:	Num[Or(Exists(on,Exists(on,ontable)),Nominal(b))]
	Feat 569	(c=7)	weight -0.21759623767376:	Num[Exists(Star(on),And(Not(Nominal(b)),ontable))]
	Feat 1145	(c=8)	weight -0.0001022557982948:	Num[Or(Forall(Inverse(Star(on)),Not(Nominal(a))),ontable)]
	Feat 1159	(c=8)	weight -0.84471177378153:	Num[Or(Forall(Star(on),Or(Nominal(a),Nominal(b))),clear)]
	Feat 1454	(c=8)	weight -3.0268830711389:	Num[Or(Exists(on,And(Not(Nominal(a)),ontable)),holding)]
	Feat 1707	(c=8)	weight 0.059927625549367:	Num[Or(Exists(on,Exists(on,Exists(on,<universe>))),Nominal(b))]
	Feat 1866	(c=8)	weight 1.2258447771527:	Num[Not(And(Exists(on,Exists(on,Nominal(b))),clear))]
	Feat 2146	(c=8)	weight -0.79201142821373:	Num[Not(And(Forall(on,Nominal(a)),Or(clear,ontable)))]
	Feat 2314	(c=8)	weight 2.5504289083633:	Num[Or(Or(Nominal(a),Nominal(b)),Exists(Inverse(on),clear))]
	Feat 2430	(c=8)	weight -0.057061041240194:	Num[Or(And(Forall(on,<empty>),Nominal(b)),And(clear,Nominal(a)))]
	Feat 3156	(c=7)	weight -0.28623789736907:	Atom[handempty] Num[Forall(on,Exists(on,ontable))]
	Feat 3642	(c=8)	weight -0.08842055479485:	Bool[holding] Num[Forall(on,Not(Or(ontable,Nominal(b))))]
	Feat 3701	(c=8)	weight -0.19371006759607:	Bool[holding] Bool[Exists(on,And(Not(ontable),Nominal(b)))]
	Feat 3890	(c=7)	weight -4.0487508595515:	Bool[And(clear,Nominal(b))] Bool[And(holding,Nominal(a))]
	Feat 3991	(c=8)	weight 0.76971660807252:	Bool[And(holding,Nominal(a))] Bool[And(Not(holding),Nominal(b))]
	Feat 4105	(c=8)	weight 0.16568723726794:	Bool[And(holding,Nominal(b))] Num[Forall(Star(on),Nominal(a))]
	Feat 4265	(c=6)	weight 0.20516961201138:	Bool[Exists(on,Nominal(b))] Num[Forall(on,<empty>)]
	Feat 4325	(c=8)	weight -1.0789900607295:	Bool[Exists(on,Nominal(b))] Bool[Exists(Inverse(on),Nominal(b))]
	Feat 4696	(c=8)	weight -0.26750744002273:	Bool[And(Forall(Star(on),Nominal(a)),Nominal(b))] Num[clear]
Score -3.90654545349832
Lambda=0.0011293899516157167
	Feat 0	(c=1)	weight -3.5468697343947:	Atom[handempty]
	Feat 17	(c=3)	weight -0.82787718426016:	Num[Or(ontable,Nominal(b))]
	Feat 22	(c=3)	weight 2.9724579307178:	Bool[Exists(on,Nominal(b))]
	Feat 25	(c=3)	weight 1.7225870563177:	Bool[Exists(on,Nominal(a))]
	Feat 204	(c=6)	weight 1.0190499017032:	Num[Or(Not(Nominal(a)),Forall(on,ontable))]
	Feat 485	(c=7)	weight 0.27598949317454:	Num[Or(Exists(on,Exists(on,ontable)),Nominal(b))]
	Feat 569	(c=7)	weight -0.21843584810563:	Num[Exists(Star(on),And(Not(Nominal(b)),ontable))]
	Feat 1145	(c=8)	weight -0.0034479601305618:	Num[Or(Forall(Inverse(Star(on)),Not(Nominal(a))),ontable)]
	Feat 1159	(c=8)	weight -0.88227009659541:	Num[Or(Forall(Star(on),Or(Nominal(a),Nominal(b))),clear)]
	Feat 1454	(c=8)	weight -3.0606483511721:	Num[Or(Exists(on,And(Not(Nominal(a)),ontable)),holding)]
	Feat 1707	(c=8)	weight 0.055745028548742:	Num[Or(Exists(on,Exists(on,Exists(on,<universe>))),Nominal(b))]
	Feat 1843	(c=8)	weight -0.06689225974761:	Num[Or(And(Not(Nominal(b)),Forall(on,Nominal(b))),clear)]
	Feat 1866	(c=8)	weight 1.2477930790809:	Num[Not(And(Exists(on,Exists(on,Nominal(b))),clear))]
	Feat 2146	(c=8)	weight -0.88876426424688:	Num[Not(And(Forall(on,Nominal(a)),Or(clear,ontable)))]
	Feat 2314	(c=8)	weight 2.6581613298382:	Num[Or(Or(Nominal(a),Nominal(b)),Exists(Inverse(on),clear))]
	Feat 2430	(c=8)	weight -0.062810312867759:	Num[Or(And(Forall(on,<empty>),Nominal(b)),And(clear,Nominal(a)))]
	Feat 3156	(c=7)	weight -0.27318410276553:	Atom[handempty] Num[Forall(on,Exists(on,ontable))]
	Feat 3642	(c=8)	weight -0.15220857158084:	Bool[holding] Num[Forall(on,Not(Or(ontable,Nominal(b))))]
	Feat 3701	(c=8)	weight -0.24411865458611:	Bool[holding] Bool[Exists(on,And(Not(ontable),Nominal(b)))]
	Feat 3890	(c=7)	weight -4.0519166515392:	Bool[And(clear,Nominal(b))] Bool[And(holding,Nominal(a))]
	Feat 3991	(c=8)	weight 0.76869860153844:	Bool[And(holding,Nominal(a))] Bool[And(Not(holding),Nominal(b))]
	Feat 4105	(c=8)	weight 0.15103094208405:	Bool[And(holding,Nominal(b))] Num[Forall(Star(on),Nominal(a))]
	Feat 4265	(c=6)	weight 0.20616025633788:	Bool[Exists(on,Nominal(b))] Num[Forall(on,<empty>)]
	Feat 4325	(c=8)	weight -1.0484777966702:	Bool[Exists(on,Nominal(b))] Bool[Exists(Inverse(on),Nominal(b))]
	Feat 4696	(c=8)	weight -0.26871216814508:	Bool[And(Forall(Star(on),Nominal(a)),Nominal(b))] Num[clear]
Score -3.076965630094902
Lambda=0.0006955327812984853
	Feat 0	(c=1)	weight -4.1464363504117:	Atom[handempty]
	Feat 17	(c=3)	weight -0.83706079323687:	Num[Or(ontable,Nominal(b))]
	Feat 22	(c=3)	weight 3.0298524675322:	Bool[Exists(on,Nominal(b))]
	Feat 25	(c=3)	weight 1.6910718859254:	Bool[Exists(on,Nominal(a))]
	Feat 204	(c=6)	weight 1.0205633228974:	Num[Or(Not(Nominal(a)),Forall(on,ontable))]
	Feat 485	(c=7)	weight 0.27536513875083:	Num[Or(Exists(on,Exists(on,ontable)),Nominal(b))]
	Feat 569	(c=7)	weight -0.22233733867778:	Num[Exists(Star(on),And(Not(Nominal(b)),ontable))]
	Feat 1145	(c=8)	weight -0.0035811692944682:	Num[Or(Forall(Inverse(Star(on)),Not(Nominal(a))),ontable)]
	Feat 1159	(c=8)	weight -0.91126440266224:	Num[Or(Forall(Star(on),Or(Nominal(a),Nominal(b))),clear)]
	Feat 1454	(c=8)	weight -3.0928136152732:	Num[Or(Exists(on,And(Not(Nominal(a)),ontable)),holding)]
	Feat 1707	(c=8)	weight 0.045697921569857:	Num[Or(Exists(on,Exists(on,Exists(on,<universe>))),Nominal(b))]
	Feat 1843	(c=8)	weight -0.30417225436662:	Num[Or(And(Not(Nominal(b)),Forall(on,Nominal(b))),clear)]
	Feat 1866	(c=8)	weight 1.2653029182113:	Num[Not(And(Exists(on,Exists(on,Nominal(b))),clear))]
	Feat 2146	(c=8)	weight -1.1540211344766:	Num[Not(And(Forall(on,Nominal(a)),Or(clear,ontable)))]
	Feat 2314	(c=8)	weight 2.9268366116529:	Num[Or(Or(Nominal(a),Nominal(b)),Exists(Inverse(on),clear))]
	Feat 2430	(c=8)	weight -0.093261400639199:	Num[Or(And(Forall(on,<empty>),Nominal(b)),And(clear,Nominal(a)))]
	Feat 3156	(c=7)	weight -0.26380235652741:	Atom[handempty] Num[Forall(on,Exists(on,ontable))]
	Feat 3642	(c=8)	weight -0.20454219502059:	Bool[holding] Num[Forall(on,Not(Or(ontable,Nominal(b))))]
	Feat 3701	(c=8)	weight -0.28112567443433:	Bool[holding] Bool[Exists(on,And(Not(ontable),Nominal(b)))]
	Feat 3890	(c=7)	weight -4.0511652000269:	Bool[And(clear,Nominal(b))] Bool[And(holding,Nominal(a))]
	Feat 3991	(c=8)	weight 0.7419942410307:	Bool[And(holding,Nominal(a))] Bool[And(Not(holding),Nominal(b))]
	Feat 4105	(c=8)	weight 0.096435391270376:	Bool[And(holding,Nominal(b))] Num[Forall(Star(on),Nominal(a))]
	Feat 4265	(c=6)	weight 0.2023092250569:	Bool[Exists(on,Nominal(b))] Num[Forall(on,<empty>)]
	Feat 4325	(c=8)	weight -0.83896107985171:	Bool[Exists(on,Nominal(b))] Bool[Exists(Inverse(on),Nominal(b))]
	Feat 4696	(c=8)	weight -0.265074206714:	Bool[And(Forall(Star(on),Nominal(a)),Nominal(b))] Num[clear]
Score -1.5126822136731426
Lambda=0.00042834261910044996
	Feat 0	(c=1)	weight -4.5884069465881:	Atom[handempty]
	Feat 17	(c=3)	weight -0.85605666743086:	Num[Or(ontable,Nominal(b))]
	Feat 22	(c=3)	weight 3.0707667383237:	Bool[Exists(on,Nominal(b))]
	Feat 25	(c=3)	weight 1.6471054021379:	Bool[Exists(on,Nominal(a))]
	Feat 45	(c=4)	weight 4.9473838949945e-05:	Bool[And(Forall(on,<empty>),Nominal(b))]
	Feat 204	(c=6)	weight 1.0188160349358:	Num[Or(Not(Nominal(a)),Forall(on,ontable))]
	Feat 485	(c=7)	weight 0.27241351603783:	Num[Or(Exists(on,Exists(on,ontable)),Nominal(b))]
	Feat 569	(c=7)	weight -0.22651306611817:	Num[Exists(Star(on),And(Not(Nominal(b)),ontable))]
	Feat 1145	(c=8)	weight -0.0022883721084854:	Num[Or(Forall(Inverse(Star(on)),Not(Nominal(a))),ontable)]
	Feat 1159	(c=8)	weight -0.9293137824374:	Num[Or(Forall(Star(on),Or(Nominal(a),Nominal(b))),clear)]
	Feat 1454	(c=8)	weight -3.1178509610666:	Num[Or(Exists(on,And(Not(Nominal(a)),ontable)),holding)]
	Feat 1707	(c=8)	weight 0.034200222959279:	Num[Or(Exists(on,Exists(on,Exists(on,<universe>))),Nominal(b))]
	Feat 1843	(c=8)	weight -0.56405416286869:	Num[Or(And(Not(Nominal(b)),Forall(on,Nominal(b))),clear)]
	Feat 1866	(c=8)	weight 1.2795979913717:	Num[Not(And(Exists(on,Exists(on,Nominal(b))),clear))]
	Feat 2146	(c=8)	weight -1.4407459551954:	Num[Not(And(Forall(on,Nominal(a)),Or(clear,ontable)))]
	Feat 2314	(c=8)	weight 3.2103899953943:	Num[Or(Or(Nominal(a),Nominal(b)),Exists(Inverse(on),clear))]
	Feat 2430	(c=8)	weight -0.13149459696051:	Num[Or(And(Forall(on,<empty>),Nominal(b)),And(clear,Nominal(a)))]
	Feat 3156	(c=7)	weight -0.26207325992693:	Atom[handempty] Num[Forall(on,Exists(on,ontable))]
	Feat 3642	(c=8)	weight -0.23219549434046:	Bool[holding] Num[Forall(on,Not(Or(ontable,Nominal(b))))]
	Feat 3701	(c=8)	weight -0.29680998582203:	Bool[holding] Bool[Exists(on,And(Not(ontable),Nominal(b)))]
	Feat 3890	(c=7)	weight -4.0493844845857:	Bool[And(clear,Nominal(b))] Bool[And(holding,Nominal(a))]
	Feat 3991	(c=8)	weight 0.70668561148874:	Bool[And(holding,Nominal(a))] Bool[And(Not(holding),Nominal(b))]
	Feat 4105	(c=8)	weight 0.037831505368997:	Bool[And(holding,Nominal(b))] Num[Forall(Star(on),Nominal(a))]
	Feat 4265	(c=6)	weight 0.19879427275892:	Bool[Exists(on,Nominal(b))] Num[Forall(on,<empty>)]
	Feat 4325	(c=8)	weight -0.59377744408459:	Bool[Exists(on,Nominal(b))] Bool[Exists(Inverse(on),Nominal(b))]
	Feat 4696	(c=8)	weight -0.26060857797291:	Bool[And(Forall(Star(on),Nominal(a)),Nominal(b))] Num[clear]
Score -0.4826430872957901
Lambda=0.00026379403569634847
	Feat 0	(c=1)	weight -4.7397126844694:	Atom[handempty]
	Feat 17	(c=3)	weight -0.87091915070279:	Num[Or(ontable,Nominal(b))]
	Feat 22	(c=3)	weight 3.0911154858407:	Bool[Exists(on,Nominal(b))]
	Feat 25	(c=3)	weight 1.6068932979761:	Bool[Exists(on,Nominal(a))]
	Feat 45	(c=4)	weight 0.010023642107426:	Bool[And(Forall(on,<empty>),Nominal(b))]
	Feat 204	(c=6)	weight 1.0158095823119:	Num[Or(Not(Nominal(a)),Forall(on,ontable))]
	Feat 485	(c=7)	weight 0.27315255363487:	Num[Or(Exists(on,Exists(on,ontable)),Nominal(b))]
	Feat 569	(c=7)	weight -0.2254599316231:	Num[Exists(Star(on),And(Not(Nominal(b)),ontable))]
	Feat 1145	(c=8)	weight -0.00080928547375328:	Num[Or(Forall(Inverse(Star(on)),Not(Nominal(a))),ontable)]
	Feat 1159	(c=8)	weight -0.93043015719233:	Num[Or(Forall(Star(on),Or(Nominal(a),Nominal(b))),clear)]
	Feat 1454	(c=8)	weight -3.1276117432227:	Num[Or(Exists(on,And(Not(Nominal(a)),ontable)),holding)]
	Feat 1707	(c=8)	weight 0.035242566242611:	Num[Or(Exists(on,Exists(on,Exists(on,<universe>))),Nominal(b))]
	Feat 1843	(c=8)	weight -0.65639889022436:	Num[Or(And(Not(Nominal(b)),Forall(on,Nominal(b))),clear)]
	Feat 1866	(c=8)	weight 1.2864902167863:	Num[Not(And(Exists(on,Exists(on,Nominal(b))),clear))]
	Feat 2146	(c=8)	weight -1.5499293765074:	Num[Not(And(Forall(on,Nominal(a)),Or(clear,ontable)))]
	Feat 2314	(c=8)	weight 3.3114279883449:	Num[Or(Or(Nominal(a),Nominal(b)),Exists(Inverse(on),clear))]
	Feat 2430	(c=8)	weight -0.16412149231044:	Num[Or(And(Forall(on,<empty>),Nominal(b)),And(clear,Nominal(a)))]
	Feat 3156	(c=7)	weight -0.2595487745187:	Atom[handempty] Num[Forall(on,Exists(on,ontable))]
	Feat 3642	(c=8)	weight -0.23935636411935:	Bool[holding] Num[Forall(on,Not(Or(ontable,Nominal(b))))]
	Feat 3701	(c=8)	weight -0.30136978767548:	Bool[holding] Bool[Exists(on,And(Not(ontable),Nominal(b)))]
	Feat 3890	(c=7)	weight -4.0502207372833:	Bool[And(clear,Nominal(b))] Bool[And(holding,Nominal(a))]
	Feat 3991	(c=8)	weight 0.6761339868874:	Bool[And(holding,Nominal(a))] Bool[And(Not(holding),Nominal(b))]
	Feat 4105	(c=8)	weight 0.01924686327507:	Bool[And(holding,Nominal(b))] Num[Forall(Star(on),Nominal(a))]
	Feat 4265	(c=6)	weight 0.19687293225661:	Bool[Exists(on,Nominal(b))] Num[Forall(on,<empty>)]
	Feat 4325	(c=8)	weight -0.51150143857572:	Bool[Exists(on,Nominal(b))] Bool[Exists(Inverse(on),Nominal(b))]
	Feat 4696	(c=8)	weight -0.25978759353398:	Bool[And(Forall(Star(on),Nominal(a)),Nominal(b))] Num[clear]
Score -0.24864624197495844
Lambda=0.0001624570849734837
	Feat 0	(c=1)	weight -4.8709605488954:	Atom[handempty]
	Feat 17	(c=3)	weight -0.87654299722186:	Num[Or(ontable,Nominal(b))]
	Feat 22	(c=3)	weight 3.1048314357655:	Bool[Exists(on,Nominal(b))]
	Feat 25	(c=3)	weight 1.5742481911912:	Bool[Exists(on,Nominal(a))]
	Feat 45	(c=4)	weight 0.030453719333834:	Bool[And(Forall(on,<empty>),Nominal(b))]
	Feat 204	(c=6)	weight 1.0155203914253:	Num[Or(Not(Nominal(a)),Forall(on,ontable))]
	Feat 485	(c=7)	weight 0.27252238340093:	Num[Or(Exists(on,Exists(on,ontable)),Nominal(b))]
	Feat 569	(c=7)	weight -0.22654724290045:	Num[Exists(Star(on),And(Not(Nominal(b)),ontable))]
	Feat 1145	(c=8)	weight -0.00053411933362986:	Num[Or(Forall(Inverse(Star(on)),Not(Nominal(a))),ontable)]
	Feat 1159	(c=8)	weight -0.93639125787587:	Num[Or(Forall(Star(on),Or(Nominal(a),Nominal(b))),clear)]
	Feat 1454	(c=8)	weight -3.1357380154546:	Num[Or(Exists(on,And(Not(Nominal(a)),ontable)),holding)]
	Feat 1707	(c=8)	weight 0.031345125487167:	Num[Or(Exists(on,Exists(on,Exists(on,<universe>))),Nominal(b))]
	Feat 1843	(c=8)	weight -0.73813946134372:	Num[Or(And(Not(Nominal(b)),Forall(on,Nominal(b))),clear)]
	Feat 1866	(c=8)	weight 1.2914833434957:	Num[Not(And(Exists(on,Exists(on,Nominal(b))),clear))]
	Feat 2146	(c=8)	weight -1.6407100597124:	Num[Not(And(Forall(on,Nominal(a)),Or(clear,ontable)))]
	Feat 2314	(c=8)	weight 3.4014142513751:	Num[Or(Or(Nominal(a),Nominal(b)),Exists(Inverse(on),clear))]
	Feat 2430	(c=8)	weight -0.19529906795247:	Num[Or(And(Forall(on,<empty>),Nominal(b)),And(clear,Nominal(a)))]
	Feat 3156	(c=7)	weight -0.25983885860826:	Atom[handempty] Num[Forall(on,Exists(on,ontable))]
	Feat 3642	(c=8)	weight -0.2470878722375:	Bool[holding] Num[Forall(on,Not(Or(ontable,Nominal(b))))]
	Feat 3701	(c=8)	weight -0.30502346841153:	Bool[holding] Bool[Exists(on,And(Not(ontable),Nominal(b)))]
	Feat 3890	(c=7)	weight -4.0499580343026:	Bool[And(clear,Nominal(b))] Bool[And(holding,Nominal(a))]
	Feat 3991	(c=8)	weight 0.64626714393862:	Bool[And(holding,Nominal(a))] Bool[And(Not(holding),Nominal(b))]
	Feat 4105	(c=8)	weight 0.00073986957436532:	Bool[And(holding,Nominal(b))] Num[Forall(Star(on),Nominal(a))]
	Feat 4265	(c=6)	weight 0.19587643363681:	Bool[Exists(on,Nominal(b))] Num[Forall(on,<empty>)]
	Feat 4325	(c=8)	weight -0.43492029910198:	Bool[Exists(on,Nominal(b))] Bool[Exists(Inverse(on),Nominal(b))]
	Feat 4696	(c=8)	weight -0.25869380698336:	Bool[And(Forall(Star(on),Nominal(a)),Nominal(b))] Num[clear]
Score -0.10559319961294533
