Considering 32 features
Lasso Method
----------

Lambda=1.6245708497348368
Score 1.1102230246251565e-16
Lambda=1.0004890515592135
	Feat 17	(c=3)	weight -0.44746731907929:	Num[Or(ontable,Nominal(b))]
	Feat 25	(c=3)	weight 0.10168522831456:	Bool[Exists(on,Nominal(a))]
	Feat 1454	(c=8)	weight -0.52106132315341:	Num[Or(Exists(on,And(Not(Nominal(a)),ontable)),holding)]
	Feat 1707	(c=8)	weight 0.10055821684593:	Num[Or(Exists(on,Exists(on,Exists(on,<universe>))),Nominal(b))]
Score -0.31337538538032783
Lambda=0.616149392593887
	Feat 17	(c=3)	weight -0.70507103073627:	Num[Or(ontable,Nominal(b))]
	Feat 22	(c=3)	weight 0.11706153509092:	Bool[Exists(on,Nominal(b))]
	Feat 25	(c=3)	weight 0.61381266083386:	Bool[Exists(on,Nominal(a))]
	Feat 1454	(c=8)	weight -0.86388959749893:	Num[Or(Exists(on,And(Not(Nominal(a)),ontable)),holding)]
	Feat 1707	(c=8)	weight 0.032035817092854:	Num[Or(Exists(on,Exists(on,Exists(on,<universe>))),Nominal(b))]
	Feat 2146	(c=8)	weight 0.12400975778945:	Num[Not(And(Forall(on,Nominal(a)),Or(clear,ontable)))]
Score -0.5460483221487866
Lambda=0.3794545011783641
	Feat 17	(c=3)	weight -0.74979416572686:	Num[Or(ontable,Nominal(b))]
	Feat 22	(c=3)	weight 0.47001855649461:	Bool[Exists(on,Nominal(b))]
	Feat 25	(c=3)	weight 0.9077866732244:	Bool[Exists(on,Nominal(a))]
	Feat 204	(c=6)	weight 0.41945005052512:	Num[Or(Not(Nominal(a)),Forall(on,ontable))]
	Feat 569	(c=7)	weight -0.026866568508829:	Num[Exists(Star(on),And(Not(Nominal(b)),ontable))]
	Feat 1454	(c=8)	weight -1.0900379805889:	Num[Or(Exists(on,And(Not(Nominal(a)),ontable)),holding)]
	Feat 1707	(c=8)	weight 0.01138424600487:	Num[Or(Exists(on,Exists(on,Exists(on,<universe>))),Nominal(b))]
	Feat 2146	(c=8)	weight 0.29169125933066:	Num[Not(And(Forall(on,Nominal(a)),Or(clear,ontable)))]
	Feat 3156	(c=7)	weight -0.053883919078522:	Atom[handempty] Num[Forall(on,Exists(on,ontable))]
	Feat 3890	(c=7)	weight -1.0999324846098:	Bool[And(clear,Nominal(b))] Bool[And(holding,Nominal(a))]
Score -0.0069402468157659936
Lambda=0.23368637573164694
	Feat 17	(c=3)	weight -0.56470697200012:	Num[Or(ontable,Nominal(b))]
	Feat 22	(c=3)	weight 0.58763285787016:	Bool[Exists(on,Nominal(b))]
	Feat 25	(c=3)	weight 1.183303311692:	Bool[Exists(on,Nominal(a))]
	Feat 204	(c=6)	weight 0.76784400110705:	Num[Or(Not(Nominal(a)),Forall(on,ontable))]
	Feat 569	(c=7)	weight -0.2366849793657:	Num[Exists(Star(on),And(Not(Nominal(b)),ontable))]
	Feat 1454	(c=8)	weight -1.3254156847286:	Num[Or(Exists(on,And(Not(Nominal(a)),ontable)),holding)]
	Feat 1707	(c=8)	weight 0.035373866345316:	Num[Or(Exists(on,Exists(on,Exists(on,<universe>))),Nominal(b))]
	Feat 2146	(c=8)	weight 0.61379744575035:	Num[Not(And(Forall(on,Nominal(a)),Or(clear,ontable)))]
	Feat 3156	(c=7)	weight -0.13975411793558:	Atom[handempty] Num[Forall(on,Exists(on,ontable))]
	Feat 3890	(c=7)	weight -2.0233572937276:	Bool[And(clear,Nominal(b))] Bool[And(holding,Nominal(a))]
Score -0.9497461988565337
Lambda=0.14391533644483803
	Feat 17	(c=3)	weight -0.53963770946583:	Num[Or(ontable,Nominal(b))]
	Feat 22	(c=3)	weight 0.84441694792531:	Bool[Exists(on,Nominal(b))]
	Feat 25	(c=3)	weight 1.3362071046199:	Bool[Exists(on,Nominal(a))]
	Feat 204	(c=6)	weight 0.8901618430468:	Num[Or(Not(Nominal(a)),Forall(on,ontable))]
	Feat 569	(c=7)	weight -0.31192163959163:	Num[Exists(Star(on),And(Not(Nominal(b)),ontable))]
	Feat 1454	(c=8)	weight -1.6298517255239:	Num[Or(Exists(on,And(Not(Nominal(a)),ontable)),holding)]
	Feat 1707	(c=8)	weight 0.079241062639068:	Num[Or(Exists(on,Exists(on,Exists(on,<universe>))),Nominal(b))]
	Feat 2146	(c=8)	weight 0.60954698964554:	Num[Not(And(Forall(on,Nominal(a)),Or(clear,ontable)))]
	Feat 2314	(c=8)	weight 0.33978059862406:	Num[Or(Or(Nominal(a),Nominal(b)),Exists(Inverse(on),clear))]
	Feat 3156	(c=7)	weight -0.26611996751582:	Atom[handempty] Num[Forall(on,Exists(on,ontable))]
	Feat 3890	(c=7)	weight -2.595765134673:	Bool[And(clear,Nominal(b))] Bool[And(holding,Nominal(a))]
	Feat 4484	(c=8)	weight 0.0088571964168375:	Bool[And(Not(clear),Nominal(a))] Num[Or(ontable,Nominal(b))]
Score -1.7023996182601708
Lambda=0.08863000249451881
	Feat 17	(c=3)	weight -0.58854098054233:	Num[Or(ontable,Nominal(b))]
	Feat 22	(c=3)	weight 1.0330134023895:	Bool[Exists(on,Nominal(b))]
	Feat 25	(c=3)	weight 1.1489090287998:	Bool[Exists(on,Nominal(a))]
	Feat 204	(c=6)	weight 0.92143399534047:	Num[Or(Not(Nominal(a)),Forall(on,ontable))]
	Feat 569	(c=7)	weight -0.34843018176599:	Num[Exists(Star(on),And(Not(Nominal(b)),ontable))]
	Feat 1454	(c=8)	weight -1.8489336357351:	Num[Or(Exists(on,And(Not(Nominal(a)),ontable)),holding)]
	Feat 1707	(c=8)	weight 0.13065922883522:	Num[Or(Exists(on,Exists(on,Exists(on,<universe>))),Nominal(b))]
	Feat 2146	(c=8)	weight 0.55999501352168:	Num[Not(And(Forall(on,Nominal(a)),Or(clear,ontable)))]
	Feat 2314	(c=8)	weight 0.64382178850327:	Num[Or(Or(Nominal(a),Nominal(b)),Exists(Inverse(on),clear))]
	Feat 3156	(c=7)	weight -0.3559697010592:	Atom[handempty] Num[Forall(on,Exists(on,ontable))]
	Feat 3890	(c=7)	weight -3.2382053764847:	Bool[And(clear,Nominal(b))] Bool[And(holding,Nominal(a))]
	Feat 4484	(c=8)	weight 0.11690843038516:	Bool[And(Not(clear),Nominal(a))] Num[Or(ontable,Nominal(b))]
Score -1.99582766003652
Lambda=0.05458262848302687
	Feat 0	(c=1)	weight -0.19095106754476:	Atom[handempty]
	Feat 17	(c=3)	weight -0.57891480560291:	Num[Or(ontable,Nominal(b))]
	Feat 22	(c=3)	weight 1.0378281860438:	Bool[Exists(on,Nominal(b))]
	Feat 25	(c=3)	weight 0.97427922626775:	Bool[Exists(on,Nominal(a))]
	Feat 204	(c=6)	weight 0.91023217927988:	Num[Or(Not(Nominal(a)),Forall(on,ontable))]
	Feat 334	(c=6)	weight 0.1624641930534:	Num[Or(Not(clear),Exists(on,Nominal(a)))]
	Feat 569	(c=7)	weight -0.375079492495:	Num[Exists(Star(on),And(Not(Nominal(b)),ontable))]
	Feat 1145	(c=8)	weight 0.014299468113908:	Num[Or(Forall(Inverse(Star(on)),Not(Nominal(a))),ontable)]
	Feat 1454	(c=8)	weight -2.0934678833677:	Num[Or(Exists(on,And(Not(Nominal(a)),ontable)),holding)]
	Feat 1707	(c=8)	weight 0.16709132117447:	Num[Or(Exists(on,Exists(on,Exists(on,<universe>))),Nominal(b))]
	Feat 1866	(c=8)	weight 0.17062041822391:	Num[Not(And(Exists(on,Exists(on,Nominal(b))),clear))]
	Feat 2146	(c=8)	weight 0.46320101928545:	Num[Not(And(Forall(on,Nominal(a)),Or(clear,ontable)))]
	Feat 2314	(c=8)	weight 0.95617390737247:	Num[Or(Or(Nominal(a),Nominal(b)),Exists(Inverse(on),clear))]
	Feat 3156	(c=7)	weight -0.37863944368091:	Atom[handempty] Num[Forall(on,Exists(on,ontable))]
	Feat 3642	(c=8)	weight 0.00016332234092496:	Bool[holding] Num[Forall(on,Not(Or(ontable,Nominal(b))))]
	Feat 3890	(c=7)	weight -3.5717516427142:	Bool[And(clear,Nominal(b))] Bool[And(holding,Nominal(a))]
	Feat 4265	(c=6)	weight 0.074232171754109:	Bool[Exists(on,Nominal(b))] Num[Forall(on,<empty>)]
	Feat 4484	(c=8)	weight 0.16831025692735:	Bool[And(Not(clear),Nominal(a))] Num[Or(ontable,Nominal(b))]
	Feat 4696	(c=8)	weight -0.016927087236772:	Bool[And(Forall(Star(on),Nominal(a)),Nominal(b))] Num[clear]
Score -3.883930361265306
Lambda=0.03361461410655363
	Feat 0	(c=1)	weight -0.48615702795236:	Atom[handempty]
	Feat 17	(c=3)	weight -0.70677807943787:	Num[Or(ontable,Nominal(b))]
	Feat 22	(c=3)	weight 1.1070060531586:	Bool[Exists(on,Nominal(b))]
	Feat 25	(c=3)	weight 0.84722631711405:	Bool[Exists(on,Nominal(a))]
	Feat 204	(c=6)	weight 0.85692020698628:	Num[Or(Not(Nominal(a)),Forall(on,ontable))]
	Feat 334	(c=6)	weight 0.22759567483602:	Num[Or(Not(clear),Exists(on,Nominal(a)))]
	Feat 485	(c=7)	weight 0.047641998638785:	Num[Or(Exists(on,Exists(on,ontable)),Nominal(b))]
	Feat 569	(c=7)	weight -0.36065006756589:	Num[Exists(Star(on),And(Not(Nominal(b)),ontable))]
	Feat 1145	(c=8)	weight 0.049396375883934:	Num[Or(Forall(Inverse(Star(on)),Not(Nominal(a))),ontable)]
	Feat 1454	(c=8)	weight -2.3037307415508:	Num[Or(Exists(on,And(Not(Nominal(a)),ontable)),holding)]
	Feat 1707	(c=8)	weight 0.23672340719242:	Num[Or(Exists(on,Exists(on,Exists(on,<universe>))),Nominal(b))]
	Feat 1866	(c=8)	weight 0.43245306494318:	Num[Not(And(Exists(on,Exists(on,Nominal(b))),clear))]
	Feat 2146	(c=8)	weight 0.23813943972618:	Num[Not(And(Forall(on,Nominal(a)),Or(clear,ontable)))]
	Feat 2314	(c=8)	weight 1.2508547592006:	Num[Or(Or(Nominal(a),Nominal(b)),Exists(Inverse(on),clear))]
	Feat 3156	(c=7)	weight -0.34867239041393:	Atom[handempty] Num[Forall(on,Exists(on,ontable))]
	Feat 3642	(c=8)	weight 0.02308615240349:	Bool[holding] Num[Forall(on,Not(Or(ontable,Nominal(b))))]
	Feat 3890	(c=7)	weight -3.7616077481297:	Bool[And(clear,Nominal(b))] Bool[And(holding,Nominal(a))]
	Feat 4105	(c=8)	weight 0.025617599745761:	Bool[And(holding,Nominal(b))] Num[Forall(Star(on),Nominal(a))]
	Feat 4265	(c=6)	weight 0.13816091660417:	Bool[Exists(on,Nominal(b))] Num[Forall(on,<empty>)]
	Feat 4325	(c=8)	weight -8.8192634945643e-05:	Bool[Exists(on,Nominal(b))] Bool[Exists(Inverse(on),Nominal(b))]
	Feat 4484	(c=8)	weight 0.19469185839235:	Bool[And(Not(clear),Nominal(a))] Num[Or(ontable,Nominal(b))]
	Feat 4696	(c=8)	weight -0.086103333363488:	Bool[And(Forall(Star(on),Nominal(a)),Nominal(b))] Num[clear]
Score -5.581085675956812
Lambda=0.02070149996319587
	Feat 0	(c=1)	weight -1.2414474954392:	Atom[handempty]
	Feat 17	(c=3)	weight -0.61435452515815:	Num[Or(ontable,Nominal(b))]
	Feat 22	(c=3)	weight 1.7654060876964:	Bool[Exists(on,Nominal(b))]
	Feat 25	(c=3)	weight 0.89395869563025:	Bool[Exists(on,Nominal(a))]
	Feat 204	(c=6)	weight 0.89421738469245:	Num[Or(Not(Nominal(a)),Forall(on,ontable))]
	Feat 334	(c=6)	weight 0.24744868619967:	Num[Or(Not(clear),Exists(on,Nominal(a)))]
	Feat 485	(c=7)	weight 0.12595273670912:	Num[Or(Exists(on,Exists(on,ontable)),Nominal(b))]
	Feat 569	(c=7)	weight -0.32607044972938:	Num[Exists(Star(on),And(Not(Nominal(b)),ontable))]
	Feat 1145	(c=8)	weight 0.050343291361495:	Num[Or(Forall(Inverse(Star(on)),Not(Nominal(a))),ontable)]
	Feat 1159	(c=8)	weight -0.28251810810242:	Num[Or(Forall(Star(on),Or(Nominal(a),Nominal(b))),clear)]
	Feat 1454	(c=8)	weight -2.5382593152062:	Num[Or(Exists(on,And(Not(Nominal(a)),ontable)),holding)]
	Feat 1707	(c=8)	weight 0.19200495879116:	Num[Or(Exists(on,Exists(on,Exists(on,<universe>))),Nominal(b))]
	Feat 1866	(c=8)	weight 0.70220352437787:	Num[Not(And(Exists(on,Exists(on,Nominal(b))),clear))]
	Feat 2314	(c=8)	weight 1.679464187648:	Num[Or(Or(Nominal(a),Nominal(b)),Exists(Inverse(on),clear))]
	Feat 3156	(c=7)	weight -0.32742322074987:	Atom[handempty] Num[Forall(on,Exists(on,ontable))]
	Feat 3701	(c=8)	weight -0.032299528999565:	Bool[holding] Bool[Exists(on,And(Not(ontable),Nominal(b)))]
	Feat 3890	(c=7)	weight -3.864513495859:	Bool[And(clear,Nominal(b))] Bool[And(holding,Nominal(a))]
	Feat 4105	(c=8)	weight 0.046852473966475:	Bool[And(holding,Nominal(b))] Num[Forall(Star(on),Nominal(a))]
	Feat 4265	(c=6)	weight 0.15840607675022:	Bool[Exists(on,Nominal(b))] Num[Forall(on,<empty>)]
	Feat 4325	(c=8)	weight -0.45111476347198:	Bool[Exists(on,Nominal(b))] Bool[Exists(Inverse(on),Nominal(b))]
	Feat 4484	(c=8)	weight 0.20945352950037:	Bool[And(Not(clear),Nominal(a))] Num[Or(ontable,Nominal(b))]
	Feat 4696	(c=8)	weight -0.1184964820371:	Bool[And(Forall(Star(on),Nominal(a)),Nominal(b))] Num[clear]
Score -6.983694158508043
Lambda=0.012748981718717587
	Feat 0	(c=1)	weight -1.6696755335097:	Atom[handempty]
	Feat 17	(c=3)	weight -0.25002045642193:	Num[Or(ontable,Nominal(b))]
	Feat 22	(c=3)	weight 2.2085312569404:	Bool[Exists(on,Nominal(b))]
	Feat 25	(c=3)	weight 0.98603768962336:	Bool[Exists(on,Nominal(a))]
	Feat 45	(c=4)	weight 0.33152484639446:	Bool[And(Forall(on,<empty>),Nominal(b))]
	Feat 204	(c=6)	weight 0.9217658297656:	Num[Or(Not(Nominal(a)),Forall(on,ontable))]
	Feat 334	(c=6)	weight 0.41478271720311:	Num[Or(Not(clear),Exists(on,Nominal(a)))]
	Feat 485	(c=7)	weight 0.15093052921175:	Num[Or(Exists(on,Exists(on,ontable)),Nominal(b))]
	Feat 569	(c=7)	weight -0.30756667333124:	Num[Exists(Star(on),And(Not(Nominal(b)),ontable))]
	Feat 1145	(c=8)	weight 0.044323704605485:	Num[Or(Forall(Inverse(Star(on)),Not(Nominal(a))),ontable)]
	Feat 1159	(c=8)	weight -0.47250925430369:	Num[Or(Forall(Star(on),Or(Nominal(a),Nominal(b))),clear)]
	Feat 1454	(c=8)	weight -2.7037112441898:	Num[Or(Exists(on,And(Not(Nominal(a)),ontable)),holding)]
	Feat 1707	(c=8)	weight 0.13146203622059:	Num[Or(Exists(on,Exists(on,Exists(on,<universe>))),Nominal(b))]
	Feat 1866	(c=8)	weight 0.87960237612941:	Num[Not(And(Exists(on,Exists(on,Nominal(b))),clear))]
	Feat 2314	(c=8)	weight 1.9632526136207:	Num[Or(Or(Nominal(a),Nominal(b)),Exists(Inverse(on),clear))]
	Feat 3156	(c=7)	weight -0.30637199481781:	Atom[handempty] Num[Forall(on,Exists(on,ontable))]
	Feat 3701	(c=8)	weight -0.067890391452798:	Bool[holding] Bool[Exists(on,And(Not(ontable),Nominal(b)))]
	Feat 3890	(c=7)	weight -3.9440375778118:	Bool[And(clear,Nominal(b))] Bool[And(holding,Nominal(a))]
	Feat 3991	(c=8)	weight 0.093181898235373:	Bool[And(holding,Nominal(a))] Bool[And(Not(holding),Nominal(b))]
	Feat 3995	(c=8)	weight 5.9015723812121e-12:	Bool[And(holding,Nominal(a))] Num[Or(Not(Nominal(a)),holding)]
	Feat 4265	(c=6)	weight 0.16852045419037:	Bool[Exists(on,Nominal(b))] Num[Forall(on,<empty>)]
	Feat 4325	(c=8)	weight -0.71054655334743:	Bool[Exists(on,Nominal(b))] Bool[Exists(Inverse(on),Nominal(b))]
	Feat 4484	(c=8)	weight 0.20239687956422:	Bool[And(Not(clear),Nominal(a))] Num[Or(ontable,Nominal(b))]
	Feat 4696	(c=8)	weight -0.14617506484925:	Bool[And(Forall(Star(on),Nominal(a)),Nominal(b))] Num[clear]
Score -12.128209607378949
Lambda=0.0078514375843857
	Feat 0	(c=1)	weight -1.9442211590475:	Atom[handempty]
	Feat 17	(c=3)	weight -0.012402761360111:	Num[Or(ontable,Nominal(b))]
	Feat 22	(c=3)	weight 2.4509492446933:	Bool[Exists(on,Nominal(b))]
	Feat 25	(c=3)	weight 1.0717899131669:	Bool[Exists(on,Nominal(a))]
	Feat 45	(c=4)	weight 0.75057505358766:	Bool[And(Forall(on,<empty>),Nominal(b))]
	Feat 204	(c=6)	weight 0.94103820905613:	Num[Or(Not(Nominal(a)),Forall(on,ontable))]
	Feat 334	(c=6)	weight 0.50000321982246:	Num[Or(Not(clear),Exists(on,Nominal(a)))]
	Feat 485	(c=7)	weight 0.18911179134418:	Num[Or(Exists(on,Exists(on,ontable)),Nominal(b))]
	Feat 569	(c=7)	weight -0.2960738073888:	Num[Exists(Star(on),And(Not(Nominal(b)),ontable))]
	Feat 1145	(c=8)	weight 0.038661229344131:	Num[Or(Forall(Inverse(Star(on)),Not(Nominal(a))),ontable)]
	Feat 1159	(c=8)	weight -0.62219325178902:	Num[Or(Forall(Star(on),Or(Nominal(a),Nominal(b))),clear)]
	Feat 1454	(c=8)	weight -2.837439267342:	Num[Or(Exists(on,And(Not(Nominal(a)),ontable)),holding)]
	Feat 1707	(c=8)	weight 0.066784998793336:	Num[Or(Exists(on,Exists(on,Exists(on,<universe>))),Nominal(b))]
	Feat 1843	(c=8)	weight 0.065055582624923:	Num[Or(And(Not(Nominal(b)),Forall(on,Nominal(b))),clear)]
	Feat 1866	(c=8)	weight 1.0153766163276:	Num[Not(And(Exists(on,Exists(on,Nominal(b))),clear))]
	Feat 2286	(c=8)	weight 0.0048850056381822:	Num[And(Not(Nominal(a)),Forall(Inverse(Star(on)),Nominal(b)))]
	Feat 2314	(c=8)	weight 2.1263215193548:	Num[Or(Or(Nominal(a),Nominal(b)),Exists(Inverse(on),clear))]
	Feat 3156	(c=7)	weight -0.38172105605689:	Atom[handempty] Num[Forall(on,Exists(on,ontable))]
	Feat 3606	(c=8)	weight -0.10481411785999:	Bool[holding] Num[Or(And(Forall(on,<empty>),Nominal(b)),clear)]
	Feat 3701	(c=8)	weight -0.21271715258636:	Bool[holding] Bool[Exists(on,And(Not(ontable),Nominal(b)))]
	Feat 3890	(c=7)	weight -4.0480169102459:	Bool[And(clear,Nominal(b))] Bool[And(holding,Nominal(a))]
	Feat 3991	(c=8)	weight 0.16767195448001:	Bool[And(holding,Nominal(a))] Bool[And(Not(holding),Nominal(b))]
	Feat 3995	(c=8)	weight 1.5937265400726e-11:	Bool[And(holding,Nominal(a))] Num[Or(Not(Nominal(a)),holding)]
	Feat 4265	(c=6)	weight 0.20269143869675:	Bool[Exists(on,Nominal(b))] Num[Forall(on,<empty>)]
	Feat 4325	(c=8)	weight -0.87892372547859:	Bool[Exists(on,Nominal(b))] Bool[Exists(Inverse(on),Nominal(b))]
	Feat 4462	(c=8)	weight -0.094705668070008:	Bool[And(Forall(on,<empty>),Nominal(b))] Num[Or(holding,Nominal(a))]
	Feat 4484	(c=8)	weight 0.18892072009424:	Bool[And(Not(clear),Nominal(a))] Num[Or(ontable,Nominal(b))]
	Feat 4696	(c=8)	weight -0.17690558864332:	Bool[And(Forall(Star(on),Nominal(a)),Nominal(b))] Num[clear]
Score -15.76798608753709
Lambda=0.004835293790640497
	Feat 0	(c=1)	weight -2.0652833065524:	Atom[handempty]
	Feat 22	(c=3)	weight 2.5638808364559:	Bool[Exists(on,Nominal(b))]
	Feat 25	(c=3)	weight 1.0194069412332:	Bool[Exists(on,Nominal(a))]
	Feat 45	(c=4)	weight 1.0846759753197:	Bool[And(Forall(on,<empty>),Nominal(b))]
	Feat 204	(c=6)	weight 0.95021041681818:	Num[Or(Not(Nominal(a)),Forall(on,ontable))]
	Feat 334	(c=6)	weight 0.50417383726689:	Num[Or(Not(clear),Exists(on,Nominal(a)))]
	Feat 485	(c=7)	weight 0.23480257799359:	Num[Or(Exists(on,Exists(on,ontable)),Nominal(b))]
	Feat 569	(c=7)	weight -0.27323298390952:	Num[Exists(Star(on),And(Not(Nominal(b)),ontable))]
	Feat 1145	(c=8)	weight 0.040644526854424:	Num[Or(Forall(Inverse(Star(on)),Not(Nominal(a))),ontable)]
	Feat 1159	(c=8)	weight -0.71201764709348:	Num[Or(Forall(Star(on),Or(Nominal(a),Nominal(b))),clear)]
	Feat 1454	(c=8)	weight -2.9243521925974:	Num[Or(Exists(on,And(Not(Nominal(a)),ontable)),holding)]
	Feat 1707	(c=8)	weight 0.047118307372356:	Num[Or(Exists(on,Exists(on,Exists(on,<universe>))),Nominal(b))]
	Feat 1843	(c=8)	weight 0.1911048343286:	Num[Or(And(Not(Nominal(b)),Forall(on,Nominal(b))),clear)]
	Feat 1866	(c=8)	weight 1.1114396663098:	Num[Not(And(Exists(on,Exists(on,Nominal(b))),clear))]
	Feat 2286	(c=8)	weight 0.041346435260539:	Num[And(Not(Nominal(a)),Forall(Inverse(Star(on)),Nominal(b)))]
	Feat 2314	(c=8)	weight 2.1592781580325:	Num[Or(Or(Nominal(a),Nominal(b)),Exists(Inverse(on),clear))]
	Feat 3156	(c=7)	weight -0.4481769871379:	Atom[handempty] Num[Forall(on,Exists(on,ontable))]
	Feat 3606	(c=8)	weight -0.19101838737631:	Bool[holding] Num[Or(And(Forall(on,<empty>),Nominal(b)),clear)]
	Feat 3701	(c=8)	weight -0.36276725311456:	Bool[holding] Bool[Exists(on,And(Not(ontable),Nominal(b)))]
	Feat 3890	(c=7)	weight -4.1535926630579:	Bool[And(clear,Nominal(b))] Bool[And(holding,Nominal(a))]
	Feat 3991	(c=8)	weight 0.12680011891338:	Bool[And(holding,Nominal(a))] Bool[And(Not(holding),Nominal(b))]
	Feat 3995	(c=8)	weight 2.3083716328324e-11:	Bool[And(holding,Nominal(a))] Num[Or(Not(Nominal(a)),holding)]
	Feat 4105	(c=8)	weight 0.024768293582891:	Bool[And(holding,Nominal(b))] Num[Forall(Star(on),Nominal(a))]
	Feat 4265	(c=6)	weight 0.23343755594813:	Bool[Exists(on,Nominal(b))] Num[Forall(on,<empty>)]
	Feat 4325	(c=8)	weight -0.99614724824572:	Bool[Exists(on,Nominal(b))] Bool[Exists(Inverse(on),Nominal(b))]
	Feat 4462	(c=8)	weight -0.20409614135672:	Bool[And(Forall(on,<empty>),Nominal(b))] Num[Or(holding,Nominal(a))]
	Feat 4484	(c=8)	weight 0.19960178909551:	Bool[And(Not(clear),Nominal(a))] Num[Or(ontable,Nominal(b))]
	Feat 4696	(c=8)	weight -0.21697744077398:	Bool[And(Forall(Star(on),Nominal(a)),Nominal(b))] Num[clear]
Score -17.687453324222993
Lambda=0.0029778070309446156
	Feat 0	(c=1)	weight -2.1443688849047:	Atom[handempty]
	Feat 22	(c=3)	weight 2.6407098262064:	Bool[Exists(on,Nominal(b))]
	Feat 25	(c=3)	weight 1.0130885482141:	Bool[Exists(on,Nominal(a))]
	Feat 45	(c=4)	weight 1.2388779838665:	Bool[And(Forall(on,<empty>),Nominal(b))]
	Feat 204	(c=6)	weight 0.95829591521279:	Num[Or(Not(Nominal(a)),Forall(on,ontable))]
	Feat 334	(c=6)	weight 0.50251424748127:	Num[Or(Not(clear),Exists(on,Nominal(a)))]
	Feat 485	(c=7)	weight 0.26330752313493:	Num[Or(Exists(on,Exists(on,ontable)),Nominal(b))]
	Feat 569	(c=7)	weight -0.26477829169458:	Num[Exists(Star(on),And(Not(Nominal(b)),ontable))]
	Feat 1145	(c=8)	weight 0.040238689665068:	Num[Or(Forall(Inverse(Star(on)),Not(Nominal(a))),ontable)]
	Feat 1159	(c=8)	weight -0.77511798588939:	Num[Or(Forall(Star(on),Or(Nominal(a),Nominal(b))),clear)]
	Feat 1454	(c=8)	weight -2.9788088931596:	Num[Or(Exists(on,And(Not(Nominal(a)),ontable)),holding)]
	Feat 1707	(c=8)	weight 0.030236725518797:	Num[Or(Exists(on,Exists(on,Exists(on,<universe>))),Nominal(b))]
	Feat 1843	(c=8)	weight 0.25897024839902:	Num[Or(And(Not(Nominal(b)),Forall(on,Nominal(b))),clear)]
	Feat 1866	(c=8)	weight 1.1720905533292:	Num[Not(And(Exists(on,Exists(on,Nominal(b))),clear))]
	Feat 2146	(c=8)	weight -0.018204720103567:	Num[Not(And(Forall(on,Nominal(a)),Or(clear,ontable)))]
	Feat 2286	(c=8)	weight 0.064380823968794:	Num[And(Not(Nominal(a)),Forall(Inverse(Star(on)),Nominal(b)))]
	Feat 2314	(c=8)	weight 2.1942832952912:	Num[Or(Or(Nominal(a),Nominal(b)),Exists(Inverse(on),clear))]
	Feat 3156	(c=7)	weight -0.49244322868998:	Atom[handempty] Num[Forall(on,Exists(on,ontable))]
	Feat 3606	(c=8)	weight -0.24710781046154:	Bool[holding] Num[Or(And(Forall(on,<empty>),Nominal(b)),clear)]
	Feat 3642	(c=8)	weight -0.0026864970356077:	Bool[holding] Num[Forall(on,Not(Or(ontable,Nominal(b))))]
	Feat 3701	(c=8)	weight -0.44648947263084:	Bool[holding] Bool[Exists(on,And(Not(ontable),Nominal(b)))]
	Feat 3890	(c=7)	weight -4.2048285336429:	Bool[And(clear,Nominal(b))] Bool[And(holding,Nominal(a))]
	Feat 3991	(c=8)	weight 0.13130383647132:	Bool[And(holding,Nominal(a))] Bool[And(Not(holding),Nominal(b))]
	Feat 3995	(c=8)	weight 2.8782499009107e-11:	Bool[And(holding,Nominal(a))] Num[Or(Not(Nominal(a)),holding)]
	Feat 4105	(c=8)	weight 0.058519659617317:	Bool[And(holding,Nominal(b))] Num[Forall(Star(on),Nominal(a))]
	Feat 4265	(c=6)	weight 0.25477673268719:	Bool[Exists(on,Nominal(b))] Num[Forall(on,<empty>)]
	Feat 4325	(c=8)	weight -1.0706168310068:	Bool[Exists(on,Nominal(b))] Bool[Exists(Inverse(on),Nominal(b))]
	Feat 4462	(c=8)	weight -0.26664181454534:	Bool[And(Forall(on,<empty>),Nominal(b))] Num[Or(holding,Nominal(a))]
	Feat 4484	(c=8)	weight 0.19841406308837:	Bool[And(Not(clear),Nominal(a))] Num[Or(ontable,Nominal(b))]
	Feat 4696	(c=8)	weight -0.23589918890435:	Bool[And(Forall(Star(on),Nominal(a)),Nominal(b))] Num[clear]
Score -18.479689085964726
Lambda=0.0018338771329070769
	Feat 0	(c=1)	weight -2.7372226966805:	Atom[handempty]
	Feat 17	(c=3)	weight 0.036495670517005:	Num[Or(ontable,Nominal(b))]
	Feat 22	(c=3)	weight 2.7299977386206:	Bool[Exists(on,Nominal(b))]
	Feat 25	(c=3)	weight 1.0049257476456:	Bool[Exists(on,Nominal(a))]
	Feat 45	(c=4)	weight 1.3974267289854:	Bool[And(Forall(on,<empty>),Nominal(b))]
	Feat 204	(c=6)	weight 0.9617070771717:	Num[Or(Not(Nominal(a)),Forall(on,ontable))]
	Feat 334	(c=6)	weight 0.51403033560755:	Num[Or(Not(clear),Exists(on,Nominal(a)))]
	Feat 485	(c=7)	weight 0.28697436454945:	Num[Or(Exists(on,Exists(on,ontable)),Nominal(b))]
	Feat 569	(c=7)	weight -0.25978945285958:	Num[Exists(Star(on),And(Not(Nominal(b)),ontable))]
	Feat 1145	(c=8)	weight 0.040308477236653:	Num[Or(Forall(Inverse(Star(on)),Not(Nominal(a))),ontable)]
	Feat 1159	(c=8)	weight -0.84348058056969:	Num[Or(Forall(Star(on),Or(Nominal(a),Nominal(b))),clear)]
	Feat 1454	(c=8)	weight -3.0436679115569:	Num[Or(Exists(on,And(Not(Nominal(a)),ontable)),holding)]
	Feat 1707	(c=8)	weight 0.014070407788913:	Num[Or(Exists(on,Exists(on,Exists(on,<universe>))),Nominal(b))]
	Feat 1843	(c=8)	weight 0.27098648348441:	Num[Or(And(Not(Nominal(b)),Forall(on,Nominal(b))),clear)]
	Feat 1866	(c=8)	weight 1.2183034364266:	Num[Not(And(Exists(on,Exists(on,Nominal(b))),clear))]
	Feat 2146	(c=8)	weight -0.062198369132383:	Num[Not(And(Forall(on,Nominal(a)),Or(clear,ontable)))]
	Feat 2286	(c=8)	weight 0.093142477424139:	Num[And(Not(Nominal(a)),Forall(Inverse(Star(on)),Nominal(b)))]
	Feat 2314	(c=8)	weight 2.2677649402818:	Num[Or(Or(Nominal(a),Nominal(b)),Exists(Inverse(on),clear))]
	Feat 3156	(c=7)	weight -0.52131102690668:	Atom[handempty] Num[Forall(on,Exists(on,ontable))]
	Feat 3606	(c=8)	weight -0.29906987771508:	Bool[holding] Num[Or(And(Forall(on,<empty>),Nominal(b)),clear)]
	Feat 3642	(c=8)	weight -0.085292150183951:	Bool[holding] Num[Forall(on,Not(Or(ontable,Nominal(b))))]
	Feat 3701	(c=8)	weight -0.56478780295896:	Bool[holding] Bool[Exists(on,And(Not(ontable),Nominal(b)))]
	Feat 3890	(c=7)	weight -4.2337547178991:	Bool[And(clear,Nominal(b))] Bool[And(holding,Nominal(a))]
	Feat 3991	(c=8)	weight 0.14270147500343:	Bool[And(holding,Nominal(a))] Bool[And(Not(holding),Nominal(b))]
	Feat 3995	(c=8)	weight 5.6059269061358e-11:	Bool[And(holding,Nominal(a))] Num[Or(Not(Nominal(a)),holding)]
	Feat 4105	(c=8)	weight 0.066320181630447:	Bool[And(holding,Nominal(b))] Num[Forall(Star(on),Nominal(a))]
	Feat 4265	(c=6)	weight 0.26674064543613:	Bool[Exists(on,Nominal(b))] Num[Forall(on,<empty>)]
	Feat 4325	(c=8)	weight -1.0988406279034:	Bool[Exists(on,Nominal(b))] Bool[Exists(Inverse(on),Nominal(b))]
	Feat 4462	(c=8)	weight -0.304441035885:	Bool[And(Forall(on,<empty>),Nominal(b))] Num[Or(holding,Nominal(a))]
	Feat 4484	(c=8)	weight 0.19496134479929:	Bool[And(Not(clear),Nominal(a))] Num[Or(ontable,Nominal(b))]
	Feat 4696	(c=8)	weight -0.25274922865072:	Bool[And(Forall(Star(on),Nominal(a)),Nominal(b))] Num[clear]
Score -17.72016619064356
Lambda=0.0011293899516157167
	Feat 0	(c=1)	weight -3.2206593148844:	Atom[handempty]
	Feat 17	(c=3)	weight 0.16688777287171:	Num[Or(ontable,Nominal(b))]
	Feat 22	(c=3)	weight 2.8198311255602:	Bool[Exists(on,Nominal(b))]
	Feat 25	(c=3)	weight 1.0459108893746:	Bool[Exists(on,Nominal(a))]
	Feat 45	(c=4)	weight 1.5283646157692:	Bool[And(Forall(on,<empty>),Nominal(b))]
	Feat 204	(c=6)	weight 0.96179674831726:	Num[Or(Not(Nominal(a)),Forall(on,ontable))]
	Feat 334	(c=6)	weight 0.54911474257835:	Num[Or(Not(clear),Exists(on,Nominal(a)))]
	Feat 485	(c=7)	weight 0.30655149269794:	Num[Or(Exists(on,Exists(on,ontable)),Nominal(b))]
	Feat 569	(c=7)	weight -0.25555658373497:	Num[Exists(Star(on),And(Not(Nominal(b)),ontable))]
	Feat 1145	(c=8)	weight 0.04078853066038:	Num[Or(Forall(Inverse(Star(on)),Not(Nominal(a))),ontable)]
	Feat 1159	(c=8)	weight -0.87759688001844:	Num[Or(Forall(Star(on),Or(Nominal(a),Nominal(b))),clear)]
	Feat 1454	(c=8)	weight -3.0800930473189:	Num[Or(Exists(on,And(Not(Nominal(a)),ontable)),holding)]
	Feat 1707	(c=8)	weight 0.012399808174704:	Num[Or(Exists(on,Exists(on,Exists(on,<universe>))),Nominal(b))]
	Feat 1843	(c=8)	weight 0.26087837983171:	Num[Or(And(Not(Nominal(b)),Forall(on,Nominal(b))),clear)]
	Feat 1866	(c=8)	weight 1.2409441845841:	Num[Not(And(Exists(on,Exists(on,Nominal(b))),clear))]
	Feat 2146	(c=8)	weight -0.067436182195131:	Num[Not(And(Forall(on,Nominal(a)),Or(clear,ontable)))]
	Feat 2286	(c=8)	weight 0.080745502306783:	Num[And(Not(Nominal(a)),Forall(Inverse(Star(on)),Nominal(b)))]
	Feat 2314	(c=8)	weight 2.3202265398602:	Num[Or(Or(Nominal(a),Nominal(b)),Exists(Inverse(on),clear))]
	Feat 3156	(c=7)	weight -0.53803589026996:	Atom[handempty] Num[Forall(on,Exists(on,ontable))]
	Feat 3606	(c=8)	weight -0.334128970357:	Bool[holding] Num[Or(And(Forall(on,<empty>),Nominal(b)),clear)]
	Feat 3642	(c=8)	weight -0.14868743621125:	Bool[holding] Num[Forall(on,Not(Or(ontable,Nominal(b))))]
	Feat 3701	(c=8)	weight -0.63764526228723:	Bool[holding] Bool[Exists(on,And(Not(ontable),Nominal(b)))]
	Feat 3890	(c=7)	weight -4.2475239577998:	Bool[And(clear,Nominal(b))] Bool[And(holding,Nominal(a))]
	Feat 3991	(c=8)	weight 0.17344233284852:	Bool[And(holding,Nominal(a))] Bool[And(Not(holding),Nominal(b))]
	Feat 3995	(c=8)	weight 8.0636389160941e-11:	Bool[And(holding,Nominal(a))] Num[Or(Not(Nominal(a)),holding)]
	Feat 4105	(c=8)	weight 0.041894531281486:	Bool[And(holding,Nominal(b))] Num[Forall(Star(on),Nominal(a))]
	Feat 4265	(c=6)	weight 0.26482327033162:	Bool[Exists(on,Nominal(b))] Num[Forall(on,<empty>)]
	Feat 4325	(c=8)	weight -1.1486598128057:	Bool[Exists(on,Nominal(b))] Bool[Exists(Inverse(on),Nominal(b))]
	Feat 4462	(c=8)	weight -0.31363004579262:	Bool[And(Forall(on,<empty>),Nominal(b))] Num[Or(holding,Nominal(a))]
	Feat 4484	(c=8)	weight 0.18750283367026:	Bool[And(Not(clear),Nominal(a))] Num[Or(ontable,Nominal(b))]
	Feat 4696	(c=8)	weight -0.26018941751452:	Bool[And(Forall(Star(on),Nominal(a)),Nominal(b))] Num[clear]
Score -18.15588565152417
Lambda=0.0006955327812984853
	Feat 0	(c=1)	weight -3.506234252552:	Atom[handempty]
	Feat 17	(c=3)	weight 0.26470114830313:	Num[Or(ontable,Nominal(b))]
	Feat 22	(c=3)	weight 2.8767649466696:	Bool[Exists(on,Nominal(b))]
	Feat 25	(c=3)	weight 1.0735974675471:	Bool[Exists(on,Nominal(a))]
	Feat 45	(c=4)	weight 1.6255989374429:	Bool[And(Forall(on,<empty>),Nominal(b))]
	Feat 204	(c=6)	weight 0.96201363204465:	Num[Or(Not(Nominal(a)),Forall(on,ontable))]
	Feat 334	(c=6)	weight 0.57910372488525:	Num[Or(Not(clear),Exists(on,Nominal(a)))]
	Feat 485	(c=7)	weight 0.31820001204886:	Num[Or(Exists(on,Exists(on,ontable)),Nominal(b))]
	Feat 569	(c=7)	weight -0.25304194147151:	Num[Exists(Star(on),And(Not(Nominal(b)),ontable))]
	Feat 1145	(c=8)	weight 0.040974276481733:	Num[Or(Forall(Inverse(Star(on)),Not(Nominal(a))),ontable)]
	Feat 1159	(c=8)	weight -0.89890592195632:	Num[Or(Forall(Star(on),Or(Nominal(a),Nominal(b))),clear)]
	Feat 1454	(c=8)	weight -3.1029150264911:	Num[Or(Exists(on,And(Not(Nominal(a)),ontable)),holding)]
	Feat 1707	(c=8)	weight 0.010659851933557:	Num[Or(Exists(on,Exists(on,Exists(on,<universe>))),Nominal(b))]
	Feat 1843	(c=8)	weight 0.26106286092567:	Num[Or(And(Not(Nominal(b)),Forall(on,Nominal(b))),clear)]
	Feat 1866	(c=8)	weight 1.2552683859796:	Num[Not(And(Exists(on,Exists(on,Nominal(b))),clear))]
	Feat 2146	(c=8)	weight -0.056124444993178:	Num[Not(And(Forall(on,Nominal(a)),Or(clear,ontable)))]
	Feat 2286	(c=8)	weight 0.071948863614751:	Num[And(Not(Nominal(a)),Forall(Inverse(Star(on)),Nominal(b)))]
	Feat 2314	(c=8)	weight 2.3467146311592:	Num[Or(Or(Nominal(a),Nominal(b)),Exists(Inverse(on),clear))]
	Feat 3156	(c=7)	weight -0.54812585464572:	Atom[handempty] Num[Forall(on,Exists(on,ontable))]
	Feat 3606	(c=8)	weight -0.3546708039134:	Bool[holding] Num[Or(And(Forall(on,<empty>),Nominal(b)),clear)]
	Feat 3642	(c=8)	weight -0.18682046085865:	Bool[holding] Num[Forall(on,Not(Or(ontable,Nominal(b))))]
	Feat 3701	(c=8)	weight -0.6806319980852:	Bool[holding] Bool[Exists(on,And(Not(ontable),Nominal(b)))]
	Feat 3890	(c=7)	weight -4.255498232806:	Bool[And(clear,Nominal(b))] Bool[And(holding,Nominal(a))]
	Feat 3991	(c=8)	weight 0.19341305288749:	Bool[And(holding,Nominal(a))] Bool[And(Not(holding),Nominal(b))]
	Feat 3995	(c=8)	weight 9.7893126334748e-11:	Bool[And(holding,Nominal(a))] Num[Or(Not(Nominal(a)),holding)]
	Feat 4105	(c=8)	weight 0.023976669656007:	Bool[And(holding,Nominal(b))] Num[Forall(Star(on),Nominal(a))]
	Feat 4265	(c=6)	weight 0.26325286157993:	Bool[Exists(on,Nominal(b))] Num[Forall(on,<empty>)]
	Feat 4325	(c=8)	weight -1.1868541489186:	Bool[Exists(on,Nominal(b))] Bool[Exists(Inverse(on),Nominal(b))]
	Feat 4462	(c=8)	weight -0.3196936570699:	Bool[And(Forall(on,<empty>),Nominal(b))] Num[Or(holding,Nominal(a))]
	Feat 4484	(c=8)	weight 0.1825569973143:	Bool[And(Not(clear),Nominal(a))] Num[Or(ontable,Nominal(b))]
	Feat 4696	(c=8)	weight -0.2647185699818:	Bool[And(Forall(Star(on),Nominal(a)),Nominal(b))] Num[clear]
Score -18.84974780253615
Lambda=0.00042834261910044996
	Feat 0	(c=1)	weight -3.6774304531853:	Atom[handempty]
	Feat 17	(c=3)	weight 0.33090919333535:	Num[Or(ontable,Nominal(b))]
	Feat 22	(c=3)	weight 2.9118048170043:	Bool[Exists(on,Nominal(b))]
	Feat 25	(c=3)	weight 1.0910386631816:	Bool[Exists(on,Nominal(a))]
	Feat 45	(c=4)	weight 1.6912543416653:	Bool[And(Forall(on,<empty>),Nominal(b))]
	Feat 204	(c=6)	weight 0.96223243180659:	Num[Or(Not(Nominal(a)),Forall(on,ontable))]
	Feat 334	(c=6)	weight 0.60081801952359:	Num[Or(Not(clear),Exists(on,Nominal(a)))]
	Feat 485	(c=7)	weight 0.32512219821802:	Num[Or(Exists(on,Exists(on,ontable)),Nominal(b))]
	Feat 569	(c=7)	weight -0.25159183636364:	Num[Exists(Star(on),And(Not(Nominal(b)),ontable))]
	Feat 1145	(c=8)	weight 0.041047311516549:	Num[Or(Forall(Inverse(Star(on)),Not(Nominal(a))),ontable)]
	Feat 1159	(c=8)	weight -0.9120582214037:	Num[Or(Forall(Star(on),Or(Nominal(a),Nominal(b))),clear)]
	Feat 1454	(c=8)	weight -3.1169280068368:	Num[Or(Exists(on,And(Not(Nominal(a)),ontable)),holding)]
	Feat 1707	(c=8)	weight 0.0094564543070831:	Num[Or(Exists(on,Exists(on,Exists(on,<universe>))),Nominal(b))]
	Feat 1843	(c=8)	weight 0.26401881686238:	Num[Or(And(Not(Nominal(b)),Forall(on,Nominal(b))),clear)]
	Feat 1866	(c=8)	weight 1.2641187737467:	Num[Not(And(Exists(on,Exists(on,Nominal(b))),clear))]
	Feat 2146	(c=8)	weight -0.043030820777071:	Num[Not(And(Forall(on,Nominal(a)),Or(clear,ontable)))]
	Feat 2286	(c=8)	weight 0.066484863125693:	Num[And(Not(Nominal(a)),Forall(Inverse(Star(on)),Nominal(b)))]
	Feat 2314	(c=8)	weight 2.360195406709:	Num[Or(Or(Nominal(a),Nominal(b)),Exists(Inverse(on),clear))]
	Feat 3156	(c=7)	weight -0.55385964615092:	Atom[handempty] Num[Forall(on,Exists(on,ontable))]
	Feat 3606	(c=8)	weight -0.36658050062774:	Bool[holding] Num[Or(And(Forall(on,<empty>),Nominal(b)),clear)]
	Feat 3642	(c=8)	weight -0.21005498629446:	Bool[holding] Num[Forall(on,Not(Or(ontable,Nominal(b))))]
	Feat 3701	(c=8)	weight -0.70641787230249:	Bool[holding] Bool[Exists(on,And(Not(ontable),Nominal(b)))]
	Feat 3890	(c=7)	weight -4.2601620907651:	Bool[And(clear,Nominal(b))] Bool[And(holding,Nominal(a))]
	Feat 3991	(c=8)	weight 0.20588910187397:	Bool[And(holding,Nominal(a))] Bool[And(Not(holding),Nominal(b))]
	Feat 3995	(c=8)	weight 1.0957880598943e-10:	Bool[And(holding,Nominal(a))] Num[Or(Not(Nominal(a)),holding)]
	Feat 4105	(c=8)	weight 0.012054476099485:	Bool[And(holding,Nominal(b))] Num[Forall(Star(on),Nominal(a))]
	Feat 4265	(c=6)	weight 0.26217637113243:	Bool[Exists(on,Nominal(b))] Num[Forall(on,<empty>)]
	Feat 4325	(c=8)	weight -1.2130245925033:	Bool[Exists(on,Nominal(b))] Bool[Exists(Inverse(on),Nominal(b))]
	Feat 4462	(c=8)	weight -0.32362863212661:	Bool[And(Forall(on,<empty>),Nominal(b))] Num[Or(holding,Nominal(a))]
	Feat 4484	(c=8)	weight 0.17942236490022:	Bool[And(Not(clear),Nominal(a))] Num[Or(ontable,Nominal(b))]
	Feat 4696	(c=8)	weight -0.26737861182447:	Bool[And(Forall(Star(on),Nominal(a)),Nominal(b))] Num[clear]
Score -19.452765285583016
Lambda=0.00026379403569634847
	Feat 0	(c=1)	weight -3.7222768315002:	Atom[handempty]
	Feat 17	(c=3)	weight 0.34889958400888:	Num[Or(ontable,Nominal(b))]
	Feat 22	(c=3)	weight 2.9259172354701:	Bool[Exists(on,Nominal(b))]
	Feat 25	(c=3)	weight 1.1013489033317:	Bool[Exists(on,Nominal(a))]
	Feat 45	(c=4)	weight 1.7103600599799:	Bool[And(Forall(on,<empty>),Nominal(b))]
	Feat 204	(c=6)	weight 0.96226469875885:	Num[Or(Not(Nominal(a)),Forall(on,ontable))]
	Feat 334	(c=6)	weight 0.60802160727305:	Num[Or(Not(clear),Exists(on,Nominal(a)))]
	Feat 485	(c=7)	weight 0.32633921811022:	Num[Or(Exists(on,Exists(on,ontable)),Nominal(b))]
	Feat 569	(c=7)	weight -0.2507900045405:	Num[Exists(Star(on),And(Not(Nominal(b)),ontable))]
	Feat 1145	(c=8)	weight 0.04094432878876:	Num[Or(Forall(Inverse(Star(on)),Not(Nominal(a))),ontable)]
	Feat 1159	(c=8)	weight -0.91883982235042:	Num[Or(Forall(Star(on),Or(Nominal(a),Nominal(b))),clear)]
	Feat 1454	(c=8)	weight -3.1246044712753:	Num[Or(Exists(on,And(Not(Nominal(a)),ontable)),holding)]
	Feat 1707	(c=8)	weight 0.0073310942159961:	Num[Or(Exists(on,Exists(on,Exists(on,<universe>))),Nominal(b))]
	Feat 1843	(c=8)	weight 0.26291561751477:	Num[Or(And(Not(Nominal(b)),Forall(on,Nominal(b))),clear)]
	Feat 1866	(c=8)	weight 1.2708804981347:	Num[Not(And(Exists(on,Exists(on,Nominal(b))),clear))]
	Feat 2146	(c=8)	weight -0.046386241141339:	Num[Not(And(Forall(on,Nominal(a)),Or(clear,ontable)))]
	Feat 2286	(c=8)	weight 0.063315955965631:	Num[And(Not(Nominal(a)),Forall(Inverse(Star(on)),Nominal(b)))]
	Feat 2314	(c=8)	weight 2.3725559217053:	Num[Or(Or(Nominal(a),Nominal(b)),Exists(Inverse(on),clear))]
	Feat 3156	(c=7)	weight -0.55376103199686:	Atom[handempty] Num[Forall(on,Exists(on,ontable))]
	Feat 3606	(c=8)	weight -0.36876334036465:	Bool[holding] Num[Or(And(Forall(on,<empty>),Nominal(b)),clear)]
	Feat 3642	(c=8)	weight -0.21371007057946:	Bool[holding] Num[Forall(on,Not(Or(ontable,Nominal(b))))]
	Feat 3701	(c=8)	weight -0.71164366529621:	Bool[holding] Bool[Exists(on,And(Not(ontable),Nominal(b)))]
	Feat 3890	(c=7)	weight -4.2618080591566:	Bool[And(clear,Nominal(b))] Bool[And(holding,Nominal(a))]
	Feat 3991	(c=8)	weight 0.21409177096821:	Bool[And(holding,Nominal(a))] Bool[And(Not(holding),Nominal(b))]
	Feat 3995	(c=8)	weight 1.1316922124962e-10:	Bool[And(holding,Nominal(a))] Num[Or(Not(Nominal(a)),holding)]
	Feat 4105	(c=8)	weight 0.0085675284229308:	Bool[And(holding,Nominal(b))] Num[Forall(Star(on),Nominal(a))]
	Feat 4265	(c=6)	weight 0.26261977279587:	Bool[Exists(on,Nominal(b))] Num[Forall(on,<empty>)]
	Feat 4325	(c=8)	weight -1.2205806787396:	Bool[Exists(on,Nominal(b))] Bool[Exists(Inverse(on),Nominal(b))]
	Feat 4462	(c=8)	weight -0.32552061230484:	Bool[And(Forall(on,<empty>),Nominal(b))] Num[Or(holding,Nominal(a))]
	Feat 4484	(c=8)	weight 0.17734968295132:	Bool[And(Not(clear),Nominal(a))] Num[Or(ontable,Nominal(b))]
	Feat 4696	(c=8)	weight -0.26876370941826:	Bool[And(Forall(Star(on),Nominal(a)),Nominal(b))] Num[clear]
Score -19.640184029169966
Lambda=0.0001624570849734837
	Feat 0	(c=1)	weight -3.7903093555425:	Atom[handempty]
	Feat 17	(c=3)	weight 0.37736050459314:	Num[Or(ontable,Nominal(b))]
	Feat 22	(c=3)	weight 2.9457873317608:	Bool[Exists(on,Nominal(b))]
	Feat 25	(c=3)	weight 1.1137955193392:	Bool[Exists(on,Nominal(a))]
	Feat 45	(c=4)	weight 1.7382653215259:	Bool[And(Forall(on,<empty>),Nominal(b))]
	Feat 204	(c=6)	weight 0.96292731487052:	Num[Or(Not(Nominal(a)),Forall(on,ontable))]
	Feat 334	(c=6)	weight 0.61731595517013:	Num[Or(Not(clear),Exists(on,Nominal(a)))]
	Feat 485	(c=7)	weight 0.32873419161618:	Num[Or(Exists(on,Exists(on,ontable)),Nominal(b))]
	Feat 569	(c=7)	weight -0.24974155194824:	Num[Exists(Star(on),And(Not(Nominal(b)),ontable))]
	Feat 1145	(c=8)	weight 0.040685908286159:	Num[Or(Forall(Inverse(Star(on)),Not(Nominal(a))),ontable)]
	Feat 1159	(c=8)	weight -0.92636525102964:	Num[Or(Forall(Star(on),Or(Nominal(a),Nominal(b))),clear)]
	Feat 1454	(c=8)	weight -3.131949585538:	Num[Or(Exists(on,And(Not(Nominal(a)),ontable)),holding)]
	Feat 1707	(c=8)	weight 0.0056398926392229:	Num[Or(Exists(on,Exists(on,Exists(on,<universe>))),Nominal(b))]
	Feat 1843	(c=8)	weight 0.25874894769404:	Num[Or(And(Not(Nominal(b)),Forall(on,Nominal(b))),clear)]
	Feat 1866	(c=8)	weight 1.2763625020191:	Num[Not(And(Exists(on,Exists(on,Nominal(b))),clear))]
	Feat 2146	(c=8)	weight -0.048071431894531:	Num[Not(And(Forall(on,Nominal(a)),Or(clear,ontable)))]
	Feat 2286	(c=8)	weight 0.060069758315352:	Num[And(Not(Nominal(a)),Forall(Inverse(Star(on)),Nominal(b)))]
	Feat 2314	(c=8)	weight 2.3867730487915:	Num[Or(Or(Nominal(a),Nominal(b)),Exists(Inverse(on),clear))]
	Feat 2430	(c=8)	weight 0.0022032705175311:	Num[Or(And(Forall(on,<empty>),Nominal(b)),And(clear,Nominal(a)))]
	Feat 3156	(c=7)	weight -0.55520559489736:	Atom[handempty] Num[Forall(on,Exists(on,ontable))]
	Feat 3606	(c=8)	weight -0.3720878480545:	Bool[holding] Num[Or(And(Forall(on,<empty>),Nominal(b)),clear)]
	Feat 3642	(c=8)	weight -0.22111421817988:	Bool[holding] Num[Forall(on,Not(Or(ontable,Nominal(b))))]
	Feat 3701	(c=8)	weight -0.7194920749128:	Bool[holding] Bool[Exists(on,And(Not(ontable),Nominal(b)))]
	Feat 3890	(c=7)	weight -4.2626707971195:	Bool[And(clear,Nominal(b))] Bool[And(holding,Nominal(a))]
	Feat 3991	(c=8)	weight 0.22199990030396:	Bool[And(holding,Nominal(a))] Bool[And(Not(holding),Nominal(b))]
	Feat 3995	(c=8)	weight 1.1870947062516e-10:	Bool[And(holding,Nominal(a))] Num[Or(Not(Nominal(a)),holding)]
	Feat 4105	(c=8)	weight 0.0019877228235469:	Bool[And(holding,Nominal(b))] Num[Forall(Star(on),Nominal(a))]
	Feat 4265	(c=6)	weight 0.26184331379329:	Bool[Exists(on,Nominal(b))] Num[Forall(on,<empty>)]
	Feat 4325	(c=8)	weight -1.2288929649519:	Bool[Exists(on,Nominal(b))] Bool[Exists(Inverse(on),Nominal(b))]
	Feat 4462	(c=8)	weight -0.32865489065416:	Bool[And(Forall(on,<empty>),Nominal(b))] Num[Or(holding,Nominal(a))]
	Feat 4484	(c=8)	weight 0.17565249075578:	Bool[And(Not(clear),Nominal(a))] Num[Or(ontable,Nominal(b))]
	Feat 4696	(c=8)	weight -0.27017688147011:	Bool[And(Forall(Star(on),Nominal(a)),Nominal(b))] Num[clear]
Score -19.871206401355728
