Considering 36 features
Lasso Method
----------

Lambda=1.9697264867610762
Score 1.1102230246251565e-16
Lambda=1.2130525331611781
	Feat 17	(c=3)	weight -0.048367240460063:	Num[Or(ontable,Nominal(b))]
	Feat 1707	(c=8)	weight 0.072542254984193:	Num[Or(Exists(on,Exists(on,Exists(on,<universe>))),Nominal(b))]
	Feat 2372	(c=8)	weight 0.48896853813953:	Num[Or(And(holding,Nominal(a)),Exists(Star(on),Nominal(a)))]
Score -0.03497896130120348
Lambda=0.7470562324764233
	Feat 17	(c=3)	weight -0.40579705966062:	Num[Or(ontable,Nominal(b))]
	Feat 22	(c=3)	weight 0.042090449176181:	Bool[Exists(on,Nominal(b))]
	Feat 1454	(c=8)	weight -0.2004620549853:	Num[Or(Exists(on,And(Not(Nominal(a)),ontable)),holding)]
	Feat 1707	(c=8)	weight 0.11335989410708:	Num[Or(Exists(on,Exists(on,Exists(on,<universe>))),Nominal(b))]
	Feat 2372	(c=8)	weight 0.66570954439016:	Num[Or(And(holding,Nominal(a)),Exists(Star(on),Nominal(a)))]
Score -0.011438527989321212
Lambda=0.4600732443363308
	Feat 17	(c=3)	weight -0.63183584140801:	Num[Or(ontable,Nominal(b))]
	Feat 22	(c=3)	weight 0.44125865588562:	Bool[Exists(on,Nominal(b))]
	Feat 1454	(c=8)	weight -0.44165586353106:	Num[Or(Exists(on,And(Not(Nominal(a)),ontable)),holding)]
	Feat 1707	(c=8)	weight 0.036672213660996:	Num[Or(Exists(on,Exists(on,Exists(on,<universe>))),Nominal(b))]
	Feat 2372	(c=8)	weight 0.76573001221717:	Num[Or(And(holding,Nominal(a)),Exists(Star(on),Nominal(a)))]
	Feat 3890	(c=7)	weight -1.089435684607:	Bool[And(clear,Nominal(b))] Bool[And(holding,Nominal(a))]
Score -0.1384442668969137
Lambda=0.2833352844838722
	Feat 17	(c=3)	weight -0.71615492330378:	Num[Or(ontable,Nominal(b))]
	Feat 22	(c=3)	weight 0.58288731598898:	Bool[Exists(on,Nominal(b))]
	Feat 569	(c=7)	weight -0.14929511523176:	Num[Exists(Star(on),And(Not(Nominal(b)),ontable))]
	Feat 1454	(c=8)	weight -0.66688729953149:	Num[Or(Exists(on,And(Not(Nominal(a)),ontable)),holding)]
	Feat 1707	(c=8)	weight 0.075203714498086:	Num[Or(Exists(on,Exists(on,Exists(on,<universe>))),Nominal(b))]
	Feat 2372	(c=8)	weight 0.81637862060934:	Num[Or(And(holding,Nominal(a)),Exists(Star(on),Nominal(a)))]
	Feat 3156	(c=7)	weight -0.045968881172838:	Atom[handempty] Num[Forall(on,Exists(on,ontable))]
	Feat 3890	(c=7)	weight -2.0832244663842:	Bool[And(clear,Nominal(b))] Bool[And(holding,Nominal(a))]
	Feat 4653	(c=8)	weight 0.033862841576713:	Bool[And(Forall(on,ontable),Nominal(a))] Num[Exists(on,<universe>)]
Score -0.41925464685051916
Lambda=0.17449152808127635
	Feat 17	(c=3)	weight -0.7068344909108:	Num[Or(ontable,Nominal(b))]
	Feat 22	(c=3)	weight 0.67258603480127:	Bool[Exists(on,Nominal(b))]
	Feat 334	(c=6)	weight 0.0099205119827162:	Num[Or(Not(clear),Exists(on,Nominal(a)))]
	Feat 569	(c=7)	weight -0.26396167149379:	Num[Exists(Star(on),And(Not(Nominal(b)),ontable))]
	Feat 689	(c=7)	weight -0.0019944317305783:	Num[Or(Forall(on,Or(ontable,Nominal(b))),Nominal(b))]
	Feat 1454	(c=8)	weight -0.94454366521474:	Num[Or(Exists(on,And(Not(Nominal(a)),ontable)),holding)]
	Feat 1707	(c=8)	weight 0.086233199795574:	Num[Or(Exists(on,Exists(on,Exists(on,<universe>))),Nominal(b))]
	Feat 2146	(c=8)	weight 0.046739937509902:	Num[Not(And(Forall(on,Nominal(a)),Or(clear,ontable)))]
	Feat 2372	(c=8)	weight 0.78580310550426:	Num[Or(And(holding,Nominal(a)),Exists(Star(on),Nominal(a)))]
	Feat 3156	(c=7)	weight -0.14834576275449:	Atom[handempty] Num[Forall(on,Exists(on,ontable))]
	Feat 3890	(c=7)	weight -2.828459103682:	Bool[And(clear,Nominal(b))] Bool[And(holding,Nominal(a))]
	Feat 4653	(c=8)	weight 0.099437073833344:	Bool[And(Forall(on,ontable),Nominal(a))] Num[Exists(on,<universe>)]
Score -0.6969437373644183
Lambda=0.10746029541503134
	Feat 17	(c=3)	weight -0.41419419932782:	Num[Or(ontable,Nominal(b))]
	Feat 22	(c=3)	weight 1.0104077278527:	Bool[Exists(on,Nominal(b))]
	Feat 334	(c=6)	weight 0.31356074696756:	Num[Or(Not(clear),Exists(on,Nominal(a)))]
	Feat 569	(c=7)	weight -0.3488916263342:	Num[Exists(Star(on),And(Not(Nominal(b)),ontable))]
	Feat 689	(c=7)	weight -0.11303285476751:	Num[Or(Forall(on,Or(ontable,Nominal(b))),Nominal(b))]
	Feat 1454	(c=8)	weight -1.3369745751136:	Num[Or(Exists(on,And(Not(Nominal(a)),ontable)),holding)]
	Feat 1707	(c=8)	weight 0.035386825716972:	Num[Or(Exists(on,Exists(on,Exists(on,<universe>))),Nominal(b))]
	Feat 2146	(c=8)	weight 0.00561895874738:	Num[Not(And(Forall(on,Nominal(a)),Or(clear,ontable)))]
	Feat 2314	(c=8)	weight 0.44186812347385:	Num[Or(Or(Nominal(a),Nominal(b)),Exists(Inverse(on),clear))]
	Feat 2372	(c=8)	weight 0.74591046189316:	Num[Or(And(holding,Nominal(a)),Exists(Star(on),Nominal(a)))]
	Feat 3156	(c=7)	weight -0.28525896624543:	Atom[handempty] Num[Forall(on,Exists(on,ontable))]
	Feat 3890	(c=7)	weight -3.2070783094312:	Bool[And(clear,Nominal(b))] Bool[And(holding,Nominal(a))]
	Feat 4653	(c=8)	weight 0.12179085052177:	Bool[And(Forall(on,ontable),Nominal(a))] Num[Exists(on,<universe>)]
Score -0.11708419375712142
Lambda=0.06617923069197378
	Feat 0	(c=1)	weight -0.34423581435175:	Atom[handempty]
	Feat 17	(c=3)	weight -0.20253062850368:	Num[Or(ontable,Nominal(b))]
	Feat 22	(c=3)	weight 1.2733027579478:	Bool[Exists(on,Nominal(b))]
	Feat 334	(c=6)	weight 0.53724844524487:	Num[Or(Not(clear),Exists(on,Nominal(a)))]
	Feat 569	(c=7)	weight -0.40024217241185:	Num[Exists(Star(on),And(Not(Nominal(b)),ontable))]
	Feat 689	(c=7)	weight -0.18455384162206:	Num[Or(Forall(on,Or(ontable,Nominal(b))),Nominal(b))]
	Feat 1454	(c=8)	weight -1.6140845863239:	Num[Or(Exists(on,And(Not(Nominal(a)),ontable)),holding)]
	Feat 1707	(c=8)	weight 0.015504159623357:	Num[Or(Exists(on,Exists(on,Exists(on,<universe>))),Nominal(b))]
	Feat 1866	(c=8)	weight 0.096905398530153:	Num[Not(And(Exists(on,Exists(on,Nominal(b))),clear))]
	Feat 2314	(c=8)	weight 0.7627533557655:	Num[Or(Or(Nominal(a),Nominal(b)),Exists(Inverse(on),clear))]
	Feat 2372	(c=8)	weight 0.7186085320128:	Num[Or(And(holding,Nominal(a)),Exists(Star(on),Nominal(a)))]
	Feat 3156	(c=7)	weight -0.29098104097032:	Atom[handempty] Num[Forall(on,Exists(on,ontable))]
	Feat 3890	(c=7)	weight -3.428920207409:	Bool[And(clear,Nominal(b))] Bool[And(holding,Nominal(a))]
	Feat 4653	(c=8)	weight 0.13189841140601:	Bool[And(Forall(on,ontable),Nominal(a))] Num[Exists(on,<universe>)]
Score -0.060751409386095245
Lambda=0.040756360831377916
	Feat 0	(c=1)	weight -0.80293023862027:	Atom[handempty]
	Feat 17	(c=3)	weight -0.088648573400042:	Num[Or(ontable,Nominal(b))]
	Feat 22	(c=3)	weight 1.3071577202267:	Bool[Exists(on,Nominal(b))]
	Feat 204	(c=6)	weight 0.46523966379018:	Num[Or(Not(Nominal(a)),Forall(on,ontable))]
	Feat 334	(c=6)	weight 0.72070831392954:	Num[Or(Not(clear),Exists(on,Nominal(a)))]
	Feat 569	(c=7)	weight -0.4230695701964:	Num[Exists(Star(on),And(Not(Nominal(b)),ontable))]
	Feat 689	(c=7)	weight -0.24561097636767:	Num[Or(Forall(on,Or(ontable,Nominal(b))),Nominal(b))]
	Feat 1145	(c=8)	weight -0.052843136329793:	Num[Or(Forall(Inverse(Star(on)),Not(Nominal(a))),ontable)]
	Feat 1159	(c=8)	weight -0.033338069692131:	Num[Or(Forall(Star(on),Or(Nominal(a),Nominal(b))),clear)]
	Feat 1454	(c=8)	weight -1.8193533257637:	Num[Or(Exists(on,And(Not(Nominal(a)),ontable)),holding)]
	Feat 1866	(c=8)	weight 0.36566917683056:	Num[Not(And(Exists(on,Exists(on,Nominal(b))),clear))]
	Feat 2314	(c=8)	weight 1.0763108047364:	Num[Or(Or(Nominal(a),Nominal(b)),Exists(Inverse(on),clear))]
	Feat 2372	(c=8)	weight 0.70689518625843:	Num[Or(And(holding,Nominal(a)),Exists(Star(on),Nominal(a)))]
	Feat 3156	(c=7)	weight -0.22666822921718:	Atom[handempty] Num[Forall(on,Exists(on,ontable))]
	Feat 3642	(c=8)	weight 0.00026934381695378:	Bool[holding] Num[Forall(on,Not(Or(ontable,Nominal(b))))]
	Feat 3890	(c=7)	weight -3.6520158705745:	Bool[And(clear,Nominal(b))] Bool[And(holding,Nominal(a))]
	Feat 3991	(c=8)	weight 0.057344562277999:	Bool[And(holding,Nominal(a))] Bool[And(Not(holding),Nominal(b))]
	Feat 3995	(c=8)	weight 2.2130179247462e-12:	Bool[And(holding,Nominal(a))] Num[Or(Not(Nominal(a)),holding)]
	Feat 4265	(c=6)	weight 0.090423316318027:	Bool[Exists(on,Nominal(b))] Num[Forall(on,<empty>)]
	Feat 4484	(c=8)	weight 0.021044007257465:	Bool[And(Not(clear),Nominal(a))] Num[Or(ontable,Nominal(b))]
	Feat 4653	(c=8)	weight 0.050387242608807:	Bool[And(Forall(on,ontable),Nominal(a))] Num[Exists(on,<universe>)]
	Feat 4696	(c=8)	weight -0.01506790129281:	Bool[And(Forall(Star(on),Nominal(a)),Nominal(b))] Num[clear]
Score -3.299056346407532
Lambda=0.025099731907565554
	Feat 0	(c=1)	weight -1.3967279352537:	Atom[handempty]
	Feat 22	(c=3)	weight 1.184976844906:	Bool[Exists(on,Nominal(b))]
	Feat 45	(c=4)	weight 0.095802074202879:	Bool[And(Forall(on,<empty>),Nominal(b))]
	Feat 204	(c=6)	weight 0.78367536018666:	Num[Or(Not(Nominal(a)),Forall(on,ontable))]
	Feat 334	(c=6)	weight 0.86701661196287:	Num[Or(Not(clear),Exists(on,Nominal(a)))]
	Feat 485	(c=7)	weight 0.025187296619659:	Num[Or(Exists(on,Exists(on,ontable)),Nominal(b))]
	Feat 569	(c=7)	weight -0.50156412296483:	Num[Exists(Star(on),And(Not(Nominal(b)),ontable))]
	Feat 689	(c=7)	weight -0.14976871370963:	Num[Or(Forall(on,Or(ontable,Nominal(b))),Nominal(b))]
	Feat 1145	(c=8)	weight -0.15217545030206:	Num[Or(Forall(Inverse(Star(on)),Not(Nominal(a))),ontable)]
	Feat 1159	(c=8)	weight -0.29683592145068:	Num[Or(Forall(Star(on),Or(Nominal(a),Nominal(b))),clear)]
	Feat 1454	(c=8)	weight -1.9698699947273:	Num[Or(Exists(on,And(Not(Nominal(a)),ontable)),holding)]
	Feat 1843	(c=8)	weight 0.060326098167832:	Num[Or(And(Not(Nominal(b)),Forall(on,Nominal(b))),clear)]
	Feat 1866	(c=8)	weight 0.60362586017228:	Num[Not(And(Exists(on,Exists(on,Nominal(b))),clear))]
	Feat 2314	(c=8)	weight 1.4180655921801:	Num[Or(Or(Nominal(a),Nominal(b)),Exists(Inverse(on),clear))]
	Feat 2372	(c=8)	weight 0.73912416761526:	Num[Or(And(holding,Nominal(a)),Exists(Star(on),Nominal(a)))]
	Feat 3156	(c=7)	weight -0.12197185223107:	Atom[handempty] Num[Forall(on,Exists(on,ontable))]
	Feat 3701	(c=8)	weight -0.094078739700061:	Bool[holding] Bool[Exists(on,And(Not(ontable),Nominal(b)))]
	Feat 3890	(c=7)	weight -3.8664018140851:	Bool[And(clear,Nominal(b))] Bool[And(holding,Nominal(a))]
	Feat 3991	(c=8)	weight 0.088853414043838:	Bool[And(holding,Nominal(a))] Bool[And(Not(holding),Nominal(b))]
	Feat 3995	(c=8)	weight 1.0894978736422e-11:	Bool[And(holding,Nominal(a))] Num[Or(Not(Nominal(a)),holding)]
	Feat 4265	(c=6)	weight 0.21396284134498:	Bool[Exists(on,Nominal(b))] Num[Forall(on,<empty>)]
	Feat 4325	(c=8)	weight -0.026263958462651:	Bool[Exists(on,Nominal(b))] Bool[Exists(Inverse(on),Nominal(b))]
	Feat 4484	(c=8)	weight 0.052547476760524:	Bool[And(Not(clear),Nominal(a))] Num[Or(ontable,Nominal(b))]
	Feat 4653	(c=8)	weight 0.021809152554327:	Bool[And(Forall(on,ontable),Nominal(a))] Num[Exists(on,<universe>)]
	Feat 4696	(c=8)	weight -0.0031631064256264:	Bool[And(Forall(Star(on),Nominal(a)),Nominal(b))] Num[clear]
Score -8.871246699464166
Lambda=0.015457624993511108
	Feat 0	(c=1)	weight -1.7912356099812:	Atom[handempty]
	Feat 22	(c=3)	weight 1.6095763863788:	Bool[Exists(on,Nominal(b))]
	Feat 25	(c=3)	weight -0.29570927058651:	Bool[Exists(on,Nominal(a))]
	Feat 45	(c=4)	weight 0.3739861780939:	Bool[And(Forall(on,<empty>),Nominal(b))]
	Feat 204	(c=6)	weight 1.0126145763463:	Num[Or(Not(Nominal(a)),Forall(on,ontable))]
	Feat 334	(c=6)	weight 1.038114642626:	Num[Or(Not(clear),Exists(on,Nominal(a)))]
	Feat 485	(c=7)	weight 0.27129618541542:	Num[Or(Exists(on,Exists(on,ontable)),Nominal(b))]
	Feat 569	(c=7)	weight -0.4713308684774:	Num[Exists(Star(on),And(Not(Nominal(b)),ontable))]
	Feat 1145	(c=8)	weight -0.27686784853535:	Num[Or(Forall(Inverse(Star(on)),Not(Nominal(a))),ontable)]
	Feat 1159	(c=8)	weight -0.72713791241259:	Num[Or(Forall(Star(on),Or(Nominal(a),Nominal(b))),clear)]
	Feat 1322	(c=8)	weight -0.091839598957254:	Num[Or(And(Forall(on,Nominal(a)),Nominal(b)),Not(clear))]
	Feat 1454	(c=8)	weight -2.2079391127013:	Num[Or(Exists(on,And(Not(Nominal(a)),ontable)),holding)]
	Feat 1843	(c=8)	weight 0.55152619706969:	Num[Or(And(Not(Nominal(b)),Forall(on,Nominal(b))),clear)]
	Feat 1866	(c=8)	weight 0.98444943364912:	Num[Not(And(Exists(on,Exists(on,Nominal(b))),clear))]
	Feat 2314	(c=8)	weight 1.5508783593702:	Num[Or(Or(Nominal(a),Nominal(b)),Exists(Inverse(on),clear))]
	Feat 2372	(c=8)	weight 0.90306715036873:	Num[Or(And(holding,Nominal(a)),Exists(Star(on),Nominal(a)))]
	Feat 2430	(c=8)	weight 0.16016331607059:	Num[Or(And(Forall(on,<empty>),Nominal(b)),And(clear,Nominal(a)))]
	Feat 3156	(c=7)	weight -0.076297299603811:	Atom[handempty] Num[Forall(on,Exists(on,ontable))]
	Feat 3701	(c=8)	weight -0.18116427896244:	Bool[holding] Bool[Exists(on,And(Not(ontable),Nominal(b)))]
	Feat 3890	(c=7)	weight -4.0765126424556:	Bool[And(clear,Nominal(b))] Bool[And(holding,Nominal(a))]
	Feat 4105	(c=8)	weight 0.053963726720157:	Bool[And(holding,Nominal(b))] Num[Forall(Star(on),Nominal(a))]
	Feat 4265	(c=6)	weight 0.27432330919153:	Bool[Exists(on,Nominal(b))] Num[Forall(on,<empty>)]
	Feat 4325	(c=8)	weight -0.75998629893755:	Bool[Exists(on,Nominal(b))] Bool[Exists(Inverse(on),Nominal(b))]
	Feat 4484	(c=8)	weight 0.12644137938132:	Bool[And(Not(clear),Nominal(a))] Num[Or(ontable,Nominal(b))]
	Feat 4653	(c=8)	weight 0.013332333822729:	Bool[And(Forall(on,ontable),Nominal(a))] Num[Exists(on,<universe>)]
	Feat 4696	(c=8)	weight -0.10056786782605:	Bool[And(Forall(Star(on),Nominal(a)),Nominal(b))] Num[clear]
Score -20.058274955598762
Lambda=0.009519550699583313
	Feat 0	(c=1)	weight -2.0467975194843:	Atom[handempty]
	Feat 22	(c=3)	weight 1.9438954574713:	Bool[Exists(on,Nominal(b))]
	Feat 25	(c=3)	weight -0.51528550731948:	Bool[Exists(on,Nominal(a))]
	Feat 45	(c=4)	weight 0.27055049861711:	Bool[And(Forall(on,<empty>),Nominal(b))]
	Feat 204	(c=6)	weight 1.1779693455097:	Num[Or(Not(Nominal(a)),Forall(on,ontable))]
	Feat 334	(c=6)	weight 1.1896976438337:	Num[Or(Not(clear),Exists(on,Nominal(a)))]
	Feat 485	(c=7)	weight 0.36333033957385:	Num[Or(Exists(on,Exists(on,ontable)),Nominal(b))]
	Feat 569	(c=7)	weight -0.44658975655141:	Num[Exists(Star(on),And(Not(Nominal(b)),ontable))]
	Feat 1145	(c=8)	weight -0.34954479131319:	Num[Or(Forall(Inverse(Star(on)),Not(Nominal(a))),ontable)]
	Feat 1159	(c=8)	weight -0.99915062090426:	Num[Or(Forall(Star(on),Or(Nominal(a),Nominal(b))),clear)]
	Feat 1322	(c=8)	weight -0.15717829119212:	Num[Or(And(Forall(on,Nominal(a)),Nominal(b)),Not(clear))]
	Feat 1454	(c=8)	weight -2.3349707522333:	Num[Or(Exists(on,And(Not(Nominal(a)),ontable)),holding)]
	Feat 1707	(c=8)	weight -0.053603215322196:	Num[Or(Exists(on,Exists(on,Exists(on,<universe>))),Nominal(b))]
	Feat 1843	(c=8)	weight 0.91050136178248:	Num[Or(And(Not(Nominal(b)),Forall(on,Nominal(b))),clear)]
	Feat 1866	(c=8)	weight 1.2335679765691:	Num[Not(And(Exists(on,Exists(on,Nominal(b))),clear))]
	Feat 2314	(c=8)	weight 1.5923160189463:	Num[Or(Or(Nominal(a),Nominal(b)),Exists(Inverse(on),clear))]
	Feat 2372	(c=8)	weight 1.0474550697167:	Num[Or(And(holding,Nominal(a)),Exists(Star(on),Nominal(a)))]
	Feat 2430	(c=8)	weight 0.51570573090364:	Num[Or(And(Forall(on,<empty>),Nominal(b)),And(clear,Nominal(a)))]
	Feat 3156	(c=7)	weight -0.03310536612486:	Atom[handempty] Num[Forall(on,Exists(on,ontable))]
	Feat 3701	(c=8)	weight -0.22311279223294:	Bool[holding] Bool[Exists(on,And(Not(ontable),Nominal(b)))]
	Feat 3890	(c=7)	weight -4.2116411636581:	Bool[And(clear,Nominal(b))] Bool[And(holding,Nominal(a))]
	Feat 4105	(c=8)	weight 0.121888818342:	Bool[And(holding,Nominal(b))] Num[Forall(Star(on),Nominal(a))]
	Feat 4265	(c=6)	weight 0.30735536460548:	Bool[Exists(on,Nominal(b))] Num[Forall(on,<empty>)]
	Feat 4325	(c=8)	weight -1.2425638662262:	Bool[Exists(on,Nominal(b))] Bool[Exists(Inverse(on),Nominal(b))]
	Feat 4484	(c=8)	weight 0.22443270529964:	Bool[And(Not(clear),Nominal(a))] Num[Or(ontable,Nominal(b))]
	Feat 4696	(c=8)	weight -0.16448630149807:	Bool[And(Forall(Star(on),Nominal(a)),Nominal(b))] Num[clear]
Score -29.67408417129461
Lambda=0.005862598268490724
	Feat 0	(c=1)	weight -2.2861390808657:	Atom[handempty]
	Feat 22	(c=3)	weight 2.0410873305645:	Bool[Exists(on,Nominal(b))]
	Feat 25	(c=3)	weight -0.59759024452121:	Bool[Exists(on,Nominal(a))]
	Feat 45	(c=4)	weight 0.45232155817134:	Bool[And(Forall(on,<empty>),Nominal(b))]
	Feat 204	(c=6)	weight 1.2477333761109:	Num[Or(Not(Nominal(a)),Forall(on,ontable))]
	Feat 334	(c=6)	weight 1.320504747204:	Num[Or(Not(clear),Exists(on,Nominal(a)))]
	Feat 485	(c=7)	weight 0.36877813893833:	Num[Or(Exists(on,Exists(on,ontable)),Nominal(b))]
	Feat 569	(c=7)	weight -0.457653571697:	Num[Exists(Star(on),And(Not(Nominal(b)),ontable))]
	Feat 1145	(c=8)	weight -0.40576959803883:	Num[Or(Forall(Inverse(Star(on)),Not(Nominal(a))),ontable)]
	Feat 1159	(c=8)	weight -1.2175461178932:	Num[Or(Forall(Star(on),Or(Nominal(a),Nominal(b))),clear)]
	Feat 1322	(c=8)	weight -0.20842354489548:	Num[Or(And(Forall(on,Nominal(a)),Nominal(b)),Not(clear))]
	Feat 1454	(c=8)	weight -2.4523107587659:	Num[Or(Exists(on,And(Not(Nominal(a)),ontable)),holding)]
	Feat 1707	(c=8)	weight -0.18179569555925:	Num[Or(Exists(on,Exists(on,Exists(on,<universe>))),Nominal(b))]
	Feat 1843	(c=8)	weight 1.0972805456203:	Num[Or(And(Not(Nominal(b)),Forall(on,Nominal(b))),clear)]
	Feat 1866	(c=8)	weight 1.4045908066229:	Num[Not(And(Exists(on,Exists(on,Nominal(b))),clear))]
	Feat 2146	(c=8)	weight -0.014403250071649:	Num[Not(And(Forall(on,Nominal(a)),Or(clear,ontable)))]
	Feat 2314	(c=8)	weight 1.6846789339361:	Num[Or(Or(Nominal(a),Nominal(b)),Exists(Inverse(on),clear))]
	Feat 2372	(c=8)	weight 1.1438623716726:	Num[Or(And(holding,Nominal(a)),Exists(Star(on),Nominal(a)))]
	Feat 2430	(c=8)	weight 0.76018399377461:	Num[Or(And(Forall(on,<empty>),Nominal(b)),And(clear,Nominal(a)))]
	Feat 3156	(c=7)	weight -0.0175935248174:	Atom[handempty] Num[Forall(on,Exists(on,ontable))]
	Feat 3701	(c=8)	weight -0.34258825798726:	Bool[holding] Bool[Exists(on,And(Not(ontable),Nominal(b)))]
	Feat 3890	(c=7)	weight -4.3162379934767:	Bool[And(clear,Nominal(b))] Bool[And(holding,Nominal(a))]
	Feat 4105	(c=8)	weight 0.16491357293566:	Bool[And(holding,Nominal(b))] Num[Forall(Star(on),Nominal(a))]
	Feat 4265	(c=6)	weight 0.35148617201811:	Bool[Exists(on,Nominal(b))] Num[Forall(on,<empty>)]
	Feat 4325	(c=8)	weight -1.3771587407727:	Bool[Exists(on,Nominal(b))] Bool[Exists(Inverse(on),Nominal(b))]
	Feat 4462	(c=8)	weight -0.17327646395372:	Bool[And(Forall(on,<empty>),Nominal(b))] Num[Or(holding,Nominal(a))]
	Feat 4484	(c=8)	weight 0.27495907757531:	Bool[And(Not(clear),Nominal(a))] Num[Or(ontable,Nominal(b))]
	Feat 4696	(c=8)	weight -0.19342422681622:	Bool[And(Forall(Star(on),Nominal(a)),Nominal(b))] Num[clear]
Score -34.10709515544815
Lambda=0.003610470655848796
	Feat 0	(c=1)	weight -2.5058248718683:	Atom[handempty]
	Feat 22	(c=3)	weight 2.1291735312103:	Bool[Exists(on,Nominal(b))]
	Feat 25	(c=3)	weight -0.65186480057928:	Bool[Exists(on,Nominal(a))]
	Feat 45	(c=4)	weight 0.6031635997737:	Bool[And(Forall(on,<empty>),Nominal(b))]
	Feat 204	(c=6)	weight 1.2889870849546:	Num[Or(Not(Nominal(a)),Forall(on,ontable))]
	Feat 334	(c=6)	weight 1.3803142441253:	Num[Or(Not(clear),Exists(on,Nominal(a)))]
	Feat 485	(c=7)	weight 0.39164621261822:	Num[Or(Exists(on,Exists(on,ontable)),Nominal(b))]
	Feat 569	(c=7)	weight -0.45801731643319:	Num[Exists(Star(on),And(Not(Nominal(b)),ontable))]
	Feat 1145	(c=8)	weight -0.43931267763601:	Num[Or(Forall(Inverse(Star(on)),Not(Nominal(a))),ontable)]
	Feat 1159	(c=8)	weight -1.3597494223759:	Num[Or(Forall(Star(on),Or(Nominal(a),Nominal(b))),clear)]
	Feat 1322	(c=8)	weight -0.2316198575378:	Num[Or(And(Forall(on,Nominal(a)),Nominal(b)),Not(clear))]
	Feat 1454	(c=8)	weight -2.5383147916868:	Num[Or(Exists(on,And(Not(Nominal(a)),ontable)),holding)]
	Feat 1707	(c=8)	weight -0.26511176617617:	Num[Or(Exists(on,Exists(on,Exists(on,<universe>))),Nominal(b))]
	Feat 1843	(c=8)	weight 1.1498242217206:	Num[Or(And(Not(Nominal(b)),Forall(on,Nominal(b))),clear)]
	Feat 1866	(c=8)	weight 1.5214629390059:	Num[Not(And(Exists(on,Exists(on,Nominal(b))),clear))]
	Feat 2146	(c=8)	weight -0.13442702477483:	Num[Not(And(Forall(on,Nominal(a)),Or(clear,ontable)))]
	Feat 2314	(c=8)	weight 1.8249836201213:	Num[Or(Or(Nominal(a),Nominal(b)),Exists(Inverse(on),clear))]
	Feat 2372	(c=8)	weight 1.2073140412442:	Num[Or(And(holding,Nominal(a)),Exists(Star(on),Nominal(a)))]
	Feat 2430	(c=8)	weight 0.9458973771167:	Num[Or(And(Forall(on,<empty>),Nominal(b)),And(clear,Nominal(a)))]
	Feat 3156	(c=7)	weight -0.05778785488808:	Atom[handempty] Num[Forall(on,Exists(on,ontable))]
	Feat 3606	(c=8)	weight -0.053833332010272:	Bool[holding] Num[Or(And(Forall(on,<empty>),Nominal(b)),clear)]
	Feat 3701	(c=8)	weight -0.45397489046042:	Bool[holding] Bool[Exists(on,And(Not(ontable),Nominal(b)))]
	Feat 3890	(c=7)	weight -4.394599858173:	Bool[And(clear,Nominal(b))] Bool[And(holding,Nominal(a))]
	Feat 4105	(c=8)	weight 0.18658999273385:	Bool[And(holding,Nominal(b))] Num[Forall(Star(on),Nominal(a))]
	Feat 4265	(c=6)	weight 0.38697270192512:	Bool[Exists(on,Nominal(b))] Num[Forall(on,<empty>)]
	Feat 4325	(c=8)	weight -1.4108038894809:	Bool[Exists(on,Nominal(b))] Bool[Exists(Inverse(on),Nominal(b))]
	Feat 4462	(c=8)	weight -0.2983971521339:	Bool[And(Forall(on,<empty>),Nominal(b))] Num[Or(holding,Nominal(a))]
	Feat 4484	(c=8)	weight 0.31427624519385:	Bool[And(Not(clear),Nominal(a))] Num[Or(ontable,Nominal(b))]
	Feat 4696	(c=8)	weight -0.22791942360837:	Bool[And(Forall(Star(on),Nominal(a)),Nominal(b))] Num[clear]
Score -34.89920166065675
Lambda=0.0022235018945108644
	Feat 0	(c=1)	weight -2.754853353521:	Atom[handempty]
	Feat 17	(c=3)	weight 0.16899971762211:	Num[Or(ontable,Nominal(b))]
	Feat 22	(c=3)	weight 2.2612537204891:	Bool[Exists(on,Nominal(b))]
	Feat 25	(c=3)	weight -0.68159207475114:	Bool[Exists(on,Nominal(a))]
	Feat 45	(c=4)	weight 0.78281639333024:	Bool[And(Forall(on,<empty>),Nominal(b))]
	Feat 204	(c=6)	weight 1.3138894348059:	Num[Or(Not(Nominal(a)),Forall(on,ontable))]
	Feat 334	(c=6)	weight 1.4772528543097:	Num[Or(Not(clear),Exists(on,Nominal(a)))]
	Feat 485	(c=7)	weight 0.40752645853996:	Num[Or(Exists(on,Exists(on,ontable)),Nominal(b))]
	Feat 569	(c=7)	weight -0.46031331793174:	Num[Exists(Star(on),And(Not(Nominal(b)),ontable))]
	Feat 1145	(c=8)	weight -0.45989130566348:	Num[Or(Forall(Inverse(Star(on)),Not(Nominal(a))),ontable)]
	Feat 1159	(c=8)	weight -1.4491389008432:	Num[Or(Forall(Star(on),Or(Nominal(a),Nominal(b))),clear)]
	Feat 1322	(c=8)	weight -0.2250510221813:	Num[Or(And(Forall(on,Nominal(a)),Nominal(b)),Not(clear))]
	Feat 1454	(c=8)	weight -2.5935303030741:	Num[Or(Exists(on,And(Not(Nominal(a)),ontable)),holding)]
	Feat 1707	(c=8)	weight -0.31905918594405:	Num[Or(Exists(on,Exists(on,Exists(on,<universe>))),Nominal(b))]
	Feat 1843	(c=8)	weight 1.1393384386352:	Num[Or(And(Not(Nominal(b)),Forall(on,Nominal(b))),clear)]
	Feat 1866	(c=8)	weight 1.5901928335206:	Num[Not(And(Exists(on,Exists(on,Nominal(b))),clear))]
	Feat 2146	(c=8)	weight -0.18067002601477:	Num[Not(And(Forall(on,Nominal(a)),Or(clear,ontable)))]
	Feat 2286	(c=8)	weight -0.00071420660986202:	Num[And(Not(Nominal(a)),Forall(Inverse(Star(on)),Nominal(b)))]
	Feat 2314	(c=8)	weight 1.950889618263:	Num[Or(Or(Nominal(a),Nominal(b)),Exists(Inverse(on),clear))]
	Feat 2372	(c=8)	weight 1.2448128319243:	Num[Or(And(holding,Nominal(a)),Exists(Star(on),Nominal(a)))]
	Feat 2430	(c=8)	weight 1.0406558780828:	Num[Or(And(Forall(on,<empty>),Nominal(b)),And(clear,Nominal(a)))]
	Feat 3156	(c=7)	weight -0.088576553803787:	Atom[handempty] Num[Forall(on,Exists(on,ontable))]
	Feat 3606	(c=8)	weight -0.1002221070412:	Bool[holding] Num[Or(And(Forall(on,<empty>),Nominal(b)),clear)]
	Feat 3642	(c=8)	weight -0.012308292634758:	Bool[holding] Num[Forall(on,Not(Or(ontable,Nominal(b))))]
	Feat 3701	(c=8)	weight -0.51970626473696:	Bool[holding] Bool[Exists(on,And(Not(ontable),Nominal(b)))]
	Feat 3890	(c=7)	weight -4.4381080336776:	Bool[And(clear,Nominal(b))] Bool[And(holding,Nominal(a))]
	Feat 3991	(c=8)	weight 0.012332339242717:	Bool[And(holding,Nominal(a))] Bool[And(Not(holding),Nominal(b))]
	Feat 3995	(c=8)	weight 8.4770966914642e-12:	Bool[And(holding,Nominal(a))] Num[Or(Not(Nominal(a)),holding)]
	Feat 4105	(c=8)	weight 0.15548204789199:	Bool[And(holding,Nominal(b))] Num[Forall(Star(on),Nominal(a))]
	Feat 4265	(c=6)	weight 0.39618207905917:	Bool[Exists(on,Nominal(b))] Num[Forall(on,<empty>)]
	Feat 4325	(c=8)	weight -1.4381405613867:	Bool[Exists(on,Nominal(b))] Bool[Exists(Inverse(on),Nominal(b))]
	Feat 4462	(c=8)	weight -0.34525137734035:	Bool[And(Forall(on,<empty>),Nominal(b))] Num[Or(holding,Nominal(a))]
	Feat 4484	(c=8)	weight 0.33297575036546:	Bool[And(Not(clear),Nominal(a))] Num[Or(ontable,Nominal(b))]
	Feat 4696	(c=8)	weight -0.24119288705935:	Bool[And(Forall(Star(on),Nominal(a)),Nominal(b))] Num[clear]
Score -38.19273520208662
Lambda=0.001369339664036436
	Feat 0	(c=1)	weight -3.1775807965703:	Atom[handempty]
	Feat 17	(c=3)	weight 0.40215432032548:	Num[Or(ontable,Nominal(b))]
	Feat 22	(c=3)	weight 2.3993510059956:	Bool[Exists(on,Nominal(b))]
	Feat 25	(c=3)	weight -0.68662980533228:	Bool[Exists(on,Nominal(a))]
	Feat 45	(c=4)	weight 0.99092579544927:	Bool[And(Forall(on,<empty>),Nominal(b))]
	Feat 204	(c=6)	weight 1.3270134405817:	Num[Or(Not(Nominal(a)),Forall(on,ontable))]
	Feat 334	(c=6)	weight 1.5713713972248:	Num[Or(Not(clear),Exists(on,Nominal(a)))]
	Feat 485	(c=7)	weight 0.41942929913452:	Num[Or(Exists(on,Exists(on,ontable)),Nominal(b))]
	Feat 569	(c=7)	weight -0.46314335918114:	Num[Exists(Star(on),And(Not(Nominal(b)),ontable))]
	Feat 1145	(c=8)	weight -0.47227501057951:	Num[Or(Forall(Inverse(Star(on)),Not(Nominal(a))),ontable)]
	Feat 1159	(c=8)	weight -1.5105073623855:	Num[Or(Forall(Star(on),Or(Nominal(a),Nominal(b))),clear)]
	Feat 1322	(c=8)	weight -0.18628191314658:	Num[Or(And(Forall(on,Nominal(a)),Nominal(b)),Not(clear))]
	Feat 1454	(c=8)	weight -2.6414423767883:	Num[Or(Exists(on,And(Not(Nominal(a)),ontable)),holding)]
	Feat 1707	(c=8)	weight -0.35424241883675:	Num[Or(Exists(on,Exists(on,Exists(on,<universe>))),Nominal(b))]
	Feat 1843	(c=8)	weight 1.1057035783758:	Num[Or(And(Not(Nominal(b)),Forall(on,Nominal(b))),clear)]
	Feat 1866	(c=8)	weight 1.6321633415763:	Num[Not(And(Exists(on,Exists(on,Nominal(b))),clear))]
	Feat 2146	(c=8)	weight -0.19455624001364:	Num[Not(And(Forall(on,Nominal(a)),Or(clear,ontable)))]
	Feat 2286	(c=8)	weight -0.0011630297755207:	Num[And(Not(Nominal(a)),Forall(Inverse(Star(on)),Nominal(b)))]
	Feat 2314	(c=8)	weight 2.0581153355964:	Num[Or(Or(Nominal(a),Nominal(b)),Exists(Inverse(on),clear))]
	Feat 2372	(c=8)	weight 1.266164604177:	Num[Or(And(holding,Nominal(a)),Exists(Star(on),Nominal(a)))]
	Feat 2430	(c=8)	weight 1.0846291953861:	Num[Or(And(Forall(on,<empty>),Nominal(b)),And(clear,Nominal(a)))]
	Feat 3156	(c=7)	weight -0.10963650930941:	Atom[handempty] Num[Forall(on,Exists(on,ontable))]
	Feat 3606	(c=8)	weight -0.13381004200236:	Bool[holding] Num[Or(And(Forall(on,<empty>),Nominal(b)),clear)]
	Feat 3642	(c=8)	weight -0.062770457446679:	Bool[holding] Num[Forall(on,Not(Or(ontable,Nominal(b))))]
	Feat 3701	(c=8)	weight -0.5807959598299:	Bool[holding] Bool[Exists(on,And(Not(ontable),Nominal(b)))]
	Feat 3890	(c=7)	weight -4.4577537026341:	Bool[And(clear,Nominal(b))] Bool[And(holding,Nominal(a))]
	Feat 3991	(c=8)	weight 0.037763409844353:	Bool[And(holding,Nominal(a))] Bool[And(Not(holding),Nominal(b))]
	Feat 3995	(c=8)	weight 4.5846312262607e-11:	Bool[And(holding,Nominal(a))] Num[Or(Not(Nominal(a)),holding)]
	Feat 4105	(c=8)	weight 0.10785694422599:	Bool[And(holding,Nominal(b))] Num[Forall(Star(on),Nominal(a))]
	Feat 4265	(c=6)	weight 0.39741168044271:	Bool[Exists(on,Nominal(b))] Num[Forall(on,<empty>)]
	Feat 4325	(c=8)	weight -1.4705627970195:	Bool[Exists(on,Nominal(b))] Bool[Exists(Inverse(on),Nominal(b))]
	Feat 4462	(c=8)	weight -0.36326350364699:	Bool[And(Forall(on,<empty>),Nominal(b))] Num[Or(holding,Nominal(a))]
	Feat 4484	(c=8)	weight 0.33710804835879:	Bool[And(Not(clear),Nominal(a))] Num[Or(ontable,Nominal(b))]
	Feat 4696	(c=8)	weight -0.25179392498594:	Bool[And(Forall(Star(on),Nominal(a)),Nominal(b))] Num[clear]
Score -41.92187044323608
Lambda=0.0008433053824385929
	Feat 0	(c=1)	weight -3.4870442473104:	Atom[handempty]
	Feat 17	(c=3)	weight 0.55364500889667:	Num[Or(ontable,Nominal(b))]
	Feat 22	(c=3)	weight 2.4842386586417:	Bool[Exists(on,Nominal(b))]
	Feat 25	(c=3)	weight -0.68914767464641:	Bool[Exists(on,Nominal(a))]
	Feat 45	(c=4)	weight 1.1340051326461:	Bool[And(Forall(on,<empty>),Nominal(b))]
	Feat 204	(c=6)	weight 1.3344836250475:	Num[Or(Not(Nominal(a)),Forall(on,ontable))]
	Feat 334	(c=6)	weight 1.629957324232:	Num[Or(Not(clear),Exists(on,Nominal(a)))]
	Feat 485	(c=7)	weight 0.4281708323947:	Num[Or(Exists(on,Exists(on,ontable)),Nominal(b))]
	Feat 569	(c=7)	weight -0.46430947885866:	Num[Exists(Star(on),And(Not(Nominal(b)),ontable))]
	Feat 1145	(c=8)	weight -0.4794835026522:	Num[Or(Forall(Inverse(Star(on)),Not(Nominal(a))),ontable)]
	Feat 1159	(c=8)	weight -1.5482057187783:	Num[Or(Forall(Star(on),Or(Nominal(a),Nominal(b))),clear)]
	Feat 1322	(c=8)	weight -0.16748071281597:	Num[Or(And(Forall(on,Nominal(a)),Nominal(b)),Not(clear))]
	Feat 1454	(c=8)	weight -2.6724071759812:	Num[Or(Exists(on,And(Not(Nominal(a)),ontable)),holding)]
	Feat 1707	(c=8)	weight -0.3742289193096:	Num[Or(Exists(on,Exists(on,Exists(on,<universe>))),Nominal(b))]
	Feat 1843	(c=8)	weight 1.0912387998667:	Num[Or(And(Not(Nominal(b)),Forall(on,Nominal(b))),clear)]
	Feat 1866	(c=8)	weight 1.6572037543083:	Num[Not(And(Exists(on,Exists(on,Nominal(b))),clear))]
	Feat 2146	(c=8)	weight -0.19448865963123:	Num[Not(And(Forall(on,Nominal(a)),Or(clear,ontable)))]
	Feat 2286	(c=8)	weight -0.0072533298636059:	Num[And(Not(Nominal(a)),Forall(Inverse(Star(on)),Nominal(b)))]
	Feat 2314	(c=8)	weight 2.1169310376703:	Num[Or(Or(Nominal(a),Nominal(b)),Exists(Inverse(on),clear))]
	Feat 2372	(c=8)	weight 1.2786640891868:	Num[Or(And(holding,Nominal(a)),Exists(Star(on),Nominal(a)))]
	Feat 2430	(c=8)	weight 1.1038582869729:	Num[Or(And(Forall(on,<empty>),Nominal(b)),And(clear,Nominal(a)))]
	Feat 3156	(c=7)	weight -0.12318612518185:	Atom[handempty] Num[Forall(on,Exists(on,ontable))]
	Feat 3606	(c=8)	weight -0.15752734067773:	Bool[holding] Num[Or(And(Forall(on,<empty>),Nominal(b)),clear)]
	Feat 3642	(c=8)	weight -0.10119749992635:	Bool[holding] Num[Forall(on,Not(Or(ontable,Nominal(b))))]
	Feat 3701	(c=8)	weight -0.62637869869659:	Bool[holding] Bool[Exists(on,And(Not(ontable),Nominal(b)))]
	Feat 3890	(c=7)	weight -4.4702563920978:	Bool[And(clear,Nominal(b))] Bool[And(holding,Nominal(a))]
	Feat 3991	(c=8)	weight 0.047636205869924:	Bool[And(holding,Nominal(a))] Bool[And(Not(holding),Nominal(b))]
	Feat 3995	(c=8)	weight 7.3579396234421e-11:	Bool[And(holding,Nominal(a))] Num[Or(Not(Nominal(a)),holding)]
	Feat 4105	(c=8)	weight 0.077565917386685:	Bool[And(holding,Nominal(b))] Num[Forall(Star(on),Nominal(a))]
	Feat 4265	(c=6)	weight 0.39746052493052:	Bool[Exists(on,Nominal(b))] Num[Forall(on,<empty>)]
	Feat 4325	(c=8)	weight -1.5013423811711:	Bool[Exists(on,Nominal(b))] Bool[Exists(Inverse(on),Nominal(b))]
	Feat 4462	(c=8)	weight -0.37455121921306:	Bool[And(Forall(on,<empty>),Nominal(b))] Num[Or(holding,Nominal(a))]
	Feat 4484	(c=8)	weight 0.33915741544441:	Bool[And(Not(clear),Nominal(a))] Num[Or(ontable,Nominal(b))]
	Feat 4696	(c=8)	weight -0.25886565498354:	Bool[And(Forall(Star(on),Nominal(a)),Nominal(b))] Num[clear]
Score -44.20450114438507
Lambda=0.0005193481111571587
	Feat 0	(c=1)	weight -3.6936155540053:	Atom[handempty]
	Feat 17	(c=3)	weight 0.65433362388172:	Num[Or(ontable,Nominal(b))]
	Feat 22	(c=3)	weight 2.532690661336:	Bool[Exists(on,Nominal(b))]
	Feat 25	(c=3)	weight -0.68903696133156:	Bool[Exists(on,Nominal(a))]
	Feat 45	(c=4)	weight 1.228967720042:	Bool[And(Forall(on,<empty>),Nominal(b))]
	Feat 204	(c=6)	weight 1.3557795656672:	Num[Or(Not(Nominal(a)),Forall(on,ontable))]
	Feat 334	(c=6)	weight 1.6699902387026:	Num[Or(Not(clear),Exists(on,Nominal(a)))]
	Feat 485	(c=7)	weight 0.43399208058878:	Num[Or(Exists(on,Exists(on,ontable)),Nominal(b))]
	Feat 569	(c=7)	weight -0.46511059817303:	Num[Exists(Star(on),And(Not(Nominal(b)),ontable))]
	Feat 1145	(c=8)	weight -0.48269238053424:	Num[Or(Forall(Inverse(Star(on)),Not(Nominal(a))),ontable)]
	Feat 1159	(c=8)	weight -1.5711552896263:	Num[Or(Forall(Star(on),Or(Nominal(a),Nominal(b))),clear)]
	Feat 1322	(c=8)	weight -0.15925103448743:	Num[Or(And(Forall(on,Nominal(a)),Nominal(b)),Not(clear))]
	Feat 1454	(c=8)	weight -2.6925166127308:	Num[Or(Exists(on,And(Not(Nominal(a)),ontable)),holding)]
	Feat 1707	(c=8)	weight -0.38677973412105:	Num[Or(Exists(on,Exists(on,Exists(on,<universe>))),Nominal(b))]
	Feat 1843	(c=8)	weight 1.0848248466136:	Num[Or(And(Not(Nominal(b)),Forall(on,Nominal(b))),clear)]
	Feat 1866	(c=8)	weight 1.6723934741344:	Num[Not(And(Exists(on,Exists(on,Nominal(b))),clear))]
	Feat 2146	(c=8)	weight -0.1884608932655:	Num[Not(And(Forall(on,Nominal(a)),Or(clear,ontable)))]
	Feat 2286	(c=8)	weight -0.016538755851117:	Num[And(Not(Nominal(a)),Forall(Inverse(Star(on)),Nominal(b)))]
	Feat 2314	(c=8)	weight 2.1503388578227:	Num[Or(Or(Nominal(a),Nominal(b)),Exists(Inverse(on),clear))]
	Feat 2372	(c=8)	weight 1.2867733493108:	Num[Or(And(holding,Nominal(a)),Exists(Star(on),Nominal(a)))]
	Feat 2430	(c=8)	weight 1.1136376558247:	Num[Or(And(Forall(on,<empty>),Nominal(b)),And(clear,Nominal(a)))]
	Feat 3156	(c=7)	weight -0.1322329964033:	Atom[handempty] Num[Forall(on,Exists(on,ontable))]
	Feat 3606	(c=8)	weight -0.17422608930521:	Bool[holding] Num[Or(And(Forall(on,<empty>),Nominal(b)),clear)]
	Feat 3642	(c=8)	weight -0.12724860220419:	Bool[holding] Num[Forall(on,Not(Or(ontable,Nominal(b))))]
	Feat 3701	(c=8)	weight -0.65679432610509:	Bool[holding] Bool[Exists(on,And(Not(ontable),Nominal(b)))]
	Feat 3890	(c=7)	weight -4.4784074374373:	Bool[And(clear,Nominal(b))] Bool[And(holding,Nominal(a))]
	Feat 3991	(c=8)	weight 0.051739043972977:	Bool[And(holding,Nominal(a))] Bool[And(Not(holding),Nominal(b))]
	Feat 3995	(c=8)	weight 9.3971573704297e-11:	Bool[And(holding,Nominal(a))] Num[Or(Not(Nominal(a)),holding)]
	Feat 4105	(c=8)	weight 0.057076676649235:	Bool[And(holding,Nominal(b))] Num[Forall(Star(on),Nominal(a))]
	Feat 4265	(c=6)	weight 0.39772447791919:	Bool[Exists(on,Nominal(b))] Num[Forall(on,<empty>)]
	Feat 4325	(c=8)	weight -1.5246387583309:	Bool[Exists(on,Nominal(b))] Bool[Exists(Inverse(on),Nominal(b))]
	Feat 4462	(c=8)	weight -0.38025463405635:	Bool[And(Forall(on,<empty>),Nominal(b))] Num[Or(holding,Nominal(a))]
	Feat 4484	(c=8)	weight 0.34031117460332:	Bool[And(Not(clear),Nominal(a))] Num[Or(ontable,Nominal(b))]
	Feat 4653	(c=8)	weight -0.0044390033965967:	Bool[And(Forall(on,ontable),Nominal(a))] Num[Exists(on,<universe>)]
	Feat 4696	(c=8)	weight -0.26358283001775:	Bool[And(Forall(Star(on),Nominal(a)),Nominal(b))] Num[clear]
Score -46.10652210342703
Lambda=0.00031983960517665595
	Feat 0	(c=1)	weight -3.8162288548734:	Atom[handempty]
	Feat 17	(c=3)	weight 0.71435863736465:	Num[Or(ontable,Nominal(b))]
	Feat 22	(c=3)	weight 2.55823948084:	Bool[Exists(on,Nominal(b))]
	Feat 25	(c=3)	weight -0.68831494859645:	Bool[Exists(on,Nominal(a))]
	Feat 45	(c=4)	weight 1.2863211747232:	Bool[And(Forall(on,<empty>),Nominal(b))]
	Feat 204	(c=6)	weight 1.3767536774857:	Num[Or(Not(Nominal(a)),Forall(on,ontable))]
	Feat 334	(c=6)	weight 1.6949005303745:	Num[Or(Not(clear),Exists(on,Nominal(a)))]
	Feat 485	(c=7)	weight 0.43754047027545:	Num[Or(Exists(on,Exists(on,ontable)),Nominal(b))]
	Feat 569	(c=7)	weight -0.46554454464137:	Num[Exists(Star(on),And(Not(Nominal(b)),ontable))]
	Feat 1145	(c=8)	weight -0.48401028143766:	Num[Or(Forall(Inverse(Star(on)),Not(Nominal(a))),ontable)]
	Feat 1159	(c=8)	weight -1.5843080003889:	Num[Or(Forall(Star(on),Or(Nominal(a),Nominal(b))),clear)]
	Feat 1322	(c=8)	weight -0.15664302843859:	Num[Or(And(Forall(on,Nominal(a)),Nominal(b)),Not(clear))]
	Feat 1454	(c=8)	weight -2.7048413512267:	Num[Or(Exists(on,And(Not(Nominal(a)),ontable)),holding)]
	Feat 1707	(c=8)	weight -0.39433192309425:	Num[Or(Exists(on,Exists(on,Exists(on,<universe>))),Nominal(b))]
	Feat 1843	(c=8)	weight 1.0822917787721:	Num[Or(And(Not(Nominal(b)),Forall(on,Nominal(b))),clear)]
	Feat 1866	(c=8)	weight 1.6814526348074:	Num[Not(And(Exists(on,Exists(on,Nominal(b))),clear))]
	Feat 2146	(c=8)	weight -0.1831124670025:	Num[Not(And(Forall(on,Nominal(a)),Or(clear,ontable)))]
	Feat 2286	(c=8)	weight -0.024750449173197:	Num[And(Not(Nominal(a)),Forall(Inverse(Star(on)),Nominal(b)))]
	Feat 2314	(c=8)	weight 2.1687901415201:	Num[Or(Or(Nominal(a),Nominal(b)),Exists(Inverse(on),clear))]
	Feat 2372	(c=8)	weight 1.2917955731151:	Num[Or(And(holding,Nominal(a)),Exists(Star(on),Nominal(a)))]
	Feat 2430	(c=8)	weight 1.1185785621391:	Num[Or(And(Forall(on,<empty>),Nominal(b)),And(clear,Nominal(a)))]
	Feat 3156	(c=7)	weight -0.13783828000575:	Atom[handempty] Num[Forall(on,Exists(on,ontable))]
	Feat 3606	(c=8)	weight -0.18478234001874:	Bool[holding] Num[Or(And(Forall(on,<empty>),Nominal(b)),clear)]
	Feat 3642	(c=8)	weight -0.14261938857786:	Bool[holding] Num[Forall(on,Not(Or(ontable,Nominal(b))))]
	Feat 3701	(c=8)	weight -0.67503686360517:	Bool[holding] Bool[Exists(on,And(Not(ontable),Nominal(b)))]
	Feat 3890	(c=7)	weight -4.4836789472311:	Bool[And(clear,Nominal(b))] Bool[And(holding,Nominal(a))]
	Feat 3991	(c=8)	weight 0.053293941053397:	Bool[And(holding,Nominal(a))] Bool[And(Not(holding),Nominal(b))]
	Feat 3995	(c=8)	weight 1.0726816121271e-10:	Bool[And(holding,Nominal(a))] Num[Or(Not(Nominal(a)),holding)]
	Feat 4105	(c=8)	weight 0.044675395516261:	Bool[And(holding,Nominal(b))] Num[Forall(Star(on),Nominal(a))]
	Feat 4265	(c=6)	weight 0.3981468375516:	Bool[Exists(on,Nominal(b))] Num[Forall(on,<empty>)]
	Feat 4325	(c=8)	weight -1.5397282881856:	Bool[Exists(on,Nominal(b))] Bool[Exists(Inverse(on),Nominal(b))]
	Feat 4462	(c=8)	weight -0.38337036430618:	Bool[And(Forall(on,<empty>),Nominal(b))] Num[Or(holding,Nominal(a))]
	Feat 4484	(c=8)	weight 0.34096781661573:	Bool[And(Not(clear),Nominal(a))] Num[Or(ontable,Nominal(b))]
	Feat 4653	(c=8)	weight -0.0092436452924951:	Bool[And(Forall(on,ontable),Nominal(a))] Num[Exists(on,<universe>)]
	Feat 4696	(c=8)	weight -0.26655758486333:	Bool[And(Forall(Star(on),Nominal(a)),Nominal(b))] Num[clear]
Score -47.444533348873136
Lambda=0.00019697264867610777
	Feat 0	(c=1)	weight -3.895143384073:	Atom[handempty]
	Feat 17	(c=3)	weight 0.75350153623285:	Num[Or(ontable,Nominal(b))]
	Feat 22	(c=3)	weight 2.5734184036364:	Bool[Exists(on,Nominal(b))]
	Feat 25	(c=3)	weight -0.68702557528606:	Bool[Exists(on,Nominal(a))]
	Feat 45	(c=4)	weight 1.3234207947075:	Bool[And(Forall(on,<empty>),Nominal(b))]
	Feat 204	(c=6)	weight 1.3907067104781:	Num[Or(Not(Nominal(a)),Forall(on,ontable))]
	Feat 334	(c=6)	weight 1.7111054321675:	Num[Or(Not(clear),Exists(on,Nominal(a)))]
	Feat 485	(c=7)	weight 0.43982947783835:	Num[Or(Exists(on,Exists(on,ontable)),Nominal(b))]
	Feat 569	(c=7)	weight -0.46586302935605:	Num[Exists(Star(on),And(Not(Nominal(b)),ontable))]
	Feat 1145	(c=8)	weight -0.48480144837792:	Num[Or(Forall(Inverse(Star(on)),Not(Nominal(a))),ontable)]
	Feat 1159	(c=8)	weight -1.5925863439112:	Num[Or(Forall(Star(on),Or(Nominal(a),Nominal(b))),clear)]
	Feat 1322	(c=8)	weight -0.15591576203381:	Num[Or(And(Forall(on,Nominal(a)),Nominal(b)),Not(clear))]
	Feat 1454	(c=8)	weight -2.712465479138:	Num[Or(Exists(on,And(Not(Nominal(a)),ontable)),holding)]
	Feat 1707	(c=8)	weight -0.3991050347341:	Num[Or(Exists(on,Exists(on,Exists(on,<universe>))),Nominal(b))]
	Feat 1843	(c=8)	weight 1.0812806148275:	Num[Or(And(Not(Nominal(b)),Forall(on,Nominal(b))),clear)]
	Feat 1866	(c=8)	weight 1.6870354519683:	Num[Not(And(Exists(on,Exists(on,Nominal(b))),clear))]
	Feat 2146	(c=8)	weight -0.17852195318915:	Num[Not(And(Forall(on,Nominal(a)),Or(clear,ontable)))]
	Feat 2286	(c=8)	weight -0.031008198015492:	Num[And(Not(Nominal(a)),Forall(Inverse(Star(on)),Nominal(b)))]
	Feat 2314	(c=8)	weight 2.1796397629282:	Num[Or(Or(Nominal(a),Nominal(b)),Exists(Inverse(on),clear))]
	Feat 2372	(c=8)	weight 1.2950475784207:	Num[Or(And(holding,Nominal(a)),Exists(Star(on),Nominal(a)))]
	Feat 2430	(c=8)	weight 1.1211935043795:	Num[Or(And(Forall(on,<empty>),Nominal(b)),And(clear,Nominal(a)))]
	Feat 3156	(c=7)	weight -0.14140061516467:	Atom[handempty] Num[Forall(on,Exists(on,ontable))]
	Feat 3606	(c=8)	weight -0.19142682972179:	Bool[holding] Num[Or(And(Forall(on,<empty>),Nominal(b)),clear)]
	Feat 3642	(c=8)	weight -0.15264524219561:	Bool[holding] Num[Forall(on,Not(Or(ontable,Nominal(b))))]
	Feat 3701	(c=8)	weight -0.6864329187525:	Bool[holding] Bool[Exists(on,And(Not(ontable),Nominal(b)))]
	Feat 3890	(c=7)	weight -4.4868878618259:	Bool[And(clear,Nominal(b))] Bool[And(holding,Nominal(a))]
	Feat 3991	(c=8)	weight 0.054210660237667:	Bool[And(holding,Nominal(a))] Bool[And(Not(holding),Nominal(b))]
	Feat 3995	(c=8)	weight 1.1652351622766e-10:	Bool[And(holding,Nominal(a))] Num[Or(Not(Nominal(a)),holding)]
	Feat 4105	(c=8)	weight 0.03639251074087:	Bool[And(holding,Nominal(b))] Num[Forall(Star(on),Nominal(a))]
	Feat 4265	(c=6)	weight 0.39831851663921:	Bool[Exists(on,Nominal(b))] Num[Forall(on,<empty>)]
	Feat 4325	(c=8)	weight -1.549897295673:	Bool[Exists(on,Nominal(b))] Bool[Exists(Inverse(on),Nominal(b))]
	Feat 4462	(c=8)	weight -0.38488772887267:	Bool[And(Forall(on,<empty>),Nominal(b))] Num[Or(holding,Nominal(a))]
	Feat 4484	(c=8)	weight 0.34126335471608:	Bool[And(Not(clear),Nominal(a))] Num[Or(ontable,Nominal(b))]
	Feat 4653	(c=8)	weight -0.012453761311498:	Bool[And(Forall(on,ontable),Nominal(a))] Num[Exists(on,<universe>)]
	Feat 4696	(c=8)	weight -0.26840225859255:	Bool[And(Forall(Star(on),Nominal(a)),Nominal(b))] Num[clear]
Score -48.32336722308305
