Considering 40 features
Lasso Method
----------

Lambda=1.9697264867610762
Score 1.1102230246251565e-16
Lambda=1.2130525331611781
	Feat 689	(c=7)	weight -0.0099088558002351:	Num[Or(Forall(on,Or(ontable,Nominal(b))),Nominal(b))]
	Feat 2372	(c=8)	weight 0.52995103203292:	Num[Or(And(holding,Nominal(a)),Exists(Star(on),Nominal(a)))]
	Feat 2677	(c=8)	weight 0.97935443341981:	Bool[And(Or(Not(Nominal(a)),clear),Exists(on,Nominal(b)))]
Score -0.1076988963955019
Lambda=0.7470562324764233
	Feat 689	(c=7)	weight -0.30456374682186:	Num[Or(Forall(on,Or(ontable,Nominal(b))),Nominal(b))]
	Feat 2372	(c=8)	weight 0.77732088501177:	Num[Or(And(holding,Nominal(a)),Exists(Star(on),Nominal(a)))]
	Feat 2677	(c=8)	weight 1.9368959451137:	Bool[And(Or(Not(Nominal(a)),clear),Exists(on,Nominal(b)))]
Score -0.017911469536322278
Lambda=0.4600732443363308
	Feat 689	(c=7)	weight -0.47376479063209:	Num[Or(Forall(on,Or(ontable,Nominal(b))),Nominal(b))]
	Feat 1151	(c=8)	weight 0.087094448245216:	Bool[And(Forall(on,Exists(Star(on),Nominal(a))),Nominal(b))]
	Feat 1454	(c=8)	weight -0.012607857621619:	Num[Or(Exists(on,And(Not(Nominal(a)),ontable)),holding)]
	Feat 2372	(c=8)	weight 0.92226757061237:	Num[Or(And(holding,Nominal(a)),Exists(Star(on),Nominal(a)))]
	Feat 2677	(c=8)	weight 2.5188364365402:	Bool[And(Or(Not(Nominal(a)),clear),Exists(on,Nominal(b)))]
	Feat 3890	(c=7)	weight -0.18610801696602:	Bool[And(clear,Nominal(b))] Bool[And(holding,Nominal(a))]
Score 0.0016981582579425059
Lambda=0.2833352844838722
	Feat 22	(c=3)	weight -0.034199576230077:	Bool[Exists(on,Nominal(b))]
	Feat 25	(c=3)	weight 0.30012448397586:	Bool[Exists(on,Nominal(a))]
	Feat 689	(c=7)	weight -0.42170158506615:	Num[Or(Forall(on,Or(ontable,Nominal(b))),Nominal(b))]
	Feat 1151	(c=8)	weight 0.18648333856117:	Bool[And(Forall(on,Exists(Star(on),Nominal(a))),Nominal(b))]
	Feat 1454	(c=8)	weight -0.28791470338618:	Num[Or(Exists(on,And(Not(Nominal(a)),ontable)),holding)]
	Feat 2372	(c=8)	weight 0.89313664870165:	Num[Or(And(holding,Nominal(a)),Exists(Star(on),Nominal(a)))]
	Feat 2677	(c=8)	weight 3.7822272038424:	Bool[And(Or(Not(Nominal(a)),clear),Exists(on,Nominal(b)))]
	Feat 3156	(c=7)	weight -0.060931798825008:	Atom[handempty] Num[Forall(on,Exists(on,ontable))]
	Feat 3642	(c=8)	weight 0.043547715603606:	Bool[holding] Num[Forall(on,Not(Or(ontable,Nominal(b))))]
	Feat 3890	(c=7)	weight -1.1699370108861:	Bool[And(clear,Nominal(b))] Bool[And(holding,Nominal(a))]
	Feat 4265	(c=6)	weight -0.26241520977573:	Bool[Exists(on,Nominal(b))] Num[Forall(on,<empty>)]
	Feat 4325	(c=8)	weight -0.49181163167272:	Bool[Exists(on,Nominal(b))] Bool[Exists(Inverse(on),Nominal(b))]
	Feat 4653	(c=8)	weight 0.0057521139368034:	Bool[And(Forall(on,ontable),Nominal(a))] Num[Exists(on,<universe>)]
Score 0.003924847200565296
Lambda=0.17449152808127635
	Feat 22	(c=3)	weight -2.4214219675323:	Bool[Exists(on,Nominal(b))]
	Feat 25	(c=3)	weight 1.0891923723143:	Bool[Exists(on,Nominal(a))]
	Feat 569	(c=7)	weight -0.1249033533845:	Num[Exists(Star(on),And(Not(Nominal(b)),ontable))]
	Feat 689	(c=7)	weight -0.6118579492582:	Num[Or(Forall(on,Or(ontable,Nominal(b))),Nominal(b))]
	Feat 1151	(c=8)	weight 0.16709988832747:	Bool[And(Forall(on,Exists(Star(on),Nominal(a))),Nominal(b))]
	Feat 1454	(c=8)	weight -0.66584465267666:	Num[Or(Exists(on,And(Not(Nominal(a)),ontable)),holding)]
	Feat 2314	(c=8)	weight 0.49923610841798:	Num[Or(Or(Nominal(a),Nominal(b)),Exists(Inverse(on),clear))]
	Feat 2372	(c=8)	weight 0.70163549379585:	Num[Or(And(holding,Nominal(a)),Exists(Star(on),Nominal(a)))]
	Feat 2677	(c=8)	weight 5.987856563874:	Bool[And(Or(Not(Nominal(a)),clear),Exists(on,Nominal(b)))]
	Feat 3156	(c=7)	weight -0.15425814461102:	Atom[handempty] Num[Forall(on,Exists(on,ontable))]
	Feat 3642	(c=8)	weight 0.10258233707391:	Bool[holding] Num[Forall(on,Not(Or(ontable,Nominal(b))))]
	Feat 3890	(c=7)	weight -1.7929616288372:	Bool[And(clear,Nominal(b))] Bool[And(holding,Nominal(a))]
	Feat 4265	(c=6)	weight -0.21351112007615:	Bool[Exists(on,Nominal(b))] Num[Forall(on,<empty>)]
	Feat 4325	(c=8)	weight -0.096249232421354:	Bool[Exists(on,Nominal(b))] Bool[Exists(Inverse(on),Nominal(b))]
	Feat 4653	(c=8)	weight 0.047273978349971:	Bool[And(Forall(on,ontable),Nominal(a))] Num[Exists(on,<universe>)]
Score 0.005612433223601498
Lambda=0.10746029541503134
	Feat 22	(c=3)	weight -3.9839568954258:	Bool[Exists(on,Nominal(b))]
	Feat 25	(c=3)	weight 1.3528232361443:	Bool[Exists(on,Nominal(a))]
	Feat 204	(c=6)	weight 0.090362447635446:	Num[Or(Not(Nominal(a)),Forall(on,ontable))]
	Feat 334	(c=6)	weight 0.16081155619424:	Num[Or(Not(clear),Exists(on,Nominal(a)))]
	Feat 569	(c=7)	weight -0.24280351325732:	Num[Exists(Star(on),And(Not(Nominal(b)),ontable))]
	Feat 689	(c=7)	weight -0.58309158671211:	Num[Or(Forall(on,Or(ontable,Nominal(b))),Nominal(b))]
	Feat 1151	(c=8)	weight 0.27824757042263:	Bool[And(Forall(on,Exists(Star(on),Nominal(a))),Nominal(b))]
	Feat 1454	(c=8)	weight -0.9314971266815:	Num[Or(Exists(on,And(Not(Nominal(a)),ontable)),holding)]
	Feat 1707	(c=8)	weight 0.21298904782608:	Num[Or(Exists(on,Exists(on,Exists(on,<universe>))),Nominal(b))]
	Feat 2286	(c=8)	weight 0.10505658179439:	Num[And(Not(Nominal(a)),Forall(Inverse(Star(on)),Nominal(b)))]
	Feat 2314	(c=8)	weight 0.92201532494907:	Num[Or(Or(Nominal(a),Nominal(b)),Exists(Inverse(on),clear))]
	Feat 2372	(c=8)	weight 0.57746205398897:	Num[Or(And(holding,Nominal(a)),Exists(Star(on),Nominal(a)))]
	Feat 2677	(c=8)	weight 7.4118980152372:	Bool[And(Or(Not(Nominal(a)),clear),Exists(on,Nominal(b)))]
	Feat 3156	(c=7)	weight -0.14170287643514:	Atom[handempty] Num[Forall(on,Exists(on,ontable))]
	Feat 3642	(c=8)	weight 0.16537139877843:	Bool[holding] Num[Forall(on,Not(Or(ontable,Nominal(b))))]
	Feat 3890	(c=7)	weight -2.2737161850924:	Bool[And(clear,Nominal(b))] Bool[And(holding,Nominal(a))]
	Feat 4265	(c=6)	weight -0.14775287642962:	Bool[Exists(on,Nominal(b))] Num[Forall(on,<empty>)]
	Feat 4484	(c=8)	weight 0.035018018959545:	Bool[And(Not(clear),Nominal(a))] Num[Or(ontable,Nominal(b))]
	Feat 4653	(c=8)	weight 0.047705225000522:	Bool[And(Forall(on,ontable),Nominal(a))] Num[Exists(on,<universe>)]
	Feat 4696	(c=8)	weight -0.064411578741212:	Bool[And(Forall(Star(on),Nominal(a)),Nominal(b))] Num[clear]
Score -0.5345543285927405
Lambda=0.06617923069197378
	Feat 22	(c=3)	weight -4.7875455304702:	Bool[Exists(on,Nominal(b))]
	Feat 25	(c=3)	weight 1.0368852585404:	Bool[Exists(on,Nominal(a))]
	Feat 204	(c=6)	weight 0.35527476971388:	Num[Or(Not(Nominal(a)),Forall(on,ontable))]
	Feat 334	(c=6)	weight 0.4737086901844:	Num[Or(Not(clear),Exists(on,Nominal(a)))]
	Feat 569	(c=7)	weight -0.27775161070011:	Num[Exists(Star(on),And(Not(Nominal(b)),ontable))]
	Feat 689	(c=7)	weight -0.65039348093963:	Num[Or(Forall(on,Or(ontable,Nominal(b))),Nominal(b))]
	Feat 1151	(c=8)	weight 0.57955835730813:	Bool[And(Forall(on,Exists(Star(on),Nominal(a))),Nominal(b))]
	Feat 1454	(c=8)	weight -1.0857819680593:	Num[Or(Exists(on,And(Not(Nominal(a)),ontable)),holding)]
	Feat 1707	(c=8)	weight 0.41002284451642:	Num[Or(Exists(on,Exists(on,Exists(on,<universe>))),Nominal(b))]
	Feat 1843	(c=8)	weight 0.17547102573773:	Num[Or(And(Not(Nominal(b)),Forall(on,Nominal(b))),clear)]
	Feat 2286	(c=8)	weight 0.34435132538507:	Num[And(Not(Nominal(a)),Forall(Inverse(Star(on)),Nominal(b)))]
	Feat 2314	(c=8)	weight 1.1283351638156:	Num[Or(Or(Nominal(a),Nominal(b)),Exists(Inverse(on),clear))]
	Feat 2372	(c=8)	weight 0.54567267849881:	Num[Or(And(holding,Nominal(a)),Exists(Star(on),Nominal(a)))]
	Feat 2677	(c=8)	weight 8.3009555894193:	Bool[And(Or(Not(Nominal(a)),clear),Exists(on,Nominal(b)))]
	Feat 3156	(c=7)	weight -0.074661369042238:	Atom[handempty] Num[Forall(on,Exists(on,ontable))]
	Feat 3642	(c=8)	weight 0.20726814168424:	Bool[holding] Num[Forall(on,Not(Or(ontable,Nominal(b))))]
	Feat 3890	(c=7)	weight -2.740419771152:	Bool[And(clear,Nominal(b))] Bool[And(holding,Nominal(a))]
	Feat 4265	(c=6)	weight -0.11980092479706:	Bool[Exists(on,Nominal(b))] Num[Forall(on,<empty>)]
	Feat 4484	(c=8)	weight 0.086954704063125:	Bool[And(Not(clear),Nominal(a))] Num[Or(ontable,Nominal(b))]
	Feat 4696	(c=8)	weight -0.16963232582366:	Bool[And(Forall(Star(on),Nominal(a)),Nominal(b))] Num[clear]
Score -4.525867666989122
Lambda=0.040756360831377916
	Feat 22	(c=3)	weight -5.4870241375549:	Bool[Exists(on,Nominal(b))]
	Feat 25	(c=3)	weight 0.97107809493586:	Bool[Exists(on,Nominal(a))]
	Feat 204	(c=6)	weight 0.4007294302097:	Num[Or(Not(Nominal(a)),Forall(on,ontable))]
	Feat 334	(c=6)	weight 0.58872808731298:	Num[Or(Not(clear),Exists(on,Nominal(a)))]
	Feat 569	(c=7)	weight -0.30586984163098:	Num[Exists(Star(on),And(Not(Nominal(b)),ontable))]
	Feat 689	(c=7)	weight -0.81600697857442:	Num[Or(Forall(on,Or(ontable,Nominal(b))),Nominal(b))]
	Feat 1151	(c=8)	weight 0.85568198768894:	Bool[And(Forall(on,Exists(Star(on),Nominal(a))),Nominal(b))]
	Feat 1454	(c=8)	weight -1.1549130939782:	Num[Or(Exists(on,And(Not(Nominal(a)),ontable)),holding)]
	Feat 1707	(c=8)	weight 0.50355222524795:	Num[Or(Exists(on,Exists(on,Exists(on,<universe>))),Nominal(b))]
	Feat 1843	(c=8)	weight 0.5151303413118:	Num[Or(And(Not(Nominal(b)),Forall(on,Nominal(b))),clear)]
	Feat 2286	(c=8)	weight 0.34378526792482:	Num[And(Not(Nominal(a)),Forall(Inverse(Star(on)),Nominal(b)))]
	Feat 2314	(c=8)	weight 1.1105485083798:	Num[Or(Or(Nominal(a),Nominal(b)),Exists(Inverse(on),clear))]
	Feat 2372	(c=8)	weight 0.54091532495685:	Num[Or(And(holding,Nominal(a)),Exists(Star(on),Nominal(a)))]
	Feat 2430	(c=8)	weight -0.044263445678461:	Num[Or(And(Forall(on,<empty>),Nominal(b)),And(clear,Nominal(a)))]
	Feat 2677	(c=8)	weight 8.8925642035186:	Bool[And(Or(Not(Nominal(a)),clear),Exists(on,Nominal(b)))]
	Feat 3156	(c=7)	weight -0.052098475935417:	Atom[handempty] Num[Forall(on,Exists(on,ontable))]
	Feat 3642	(c=8)	weight 0.2206662108682:	Bool[holding] Num[Forall(on,Not(Or(ontable,Nominal(b))))]
	Feat 3890	(c=7)	weight -2.9774106572426:	Bool[And(clear,Nominal(b))] Bool[And(holding,Nominal(a))]
	Feat 4105	(c=8)	weight 0.048002055063429:	Bool[And(holding,Nominal(b))] Num[Forall(Star(on),Nominal(a))]
	Feat 4265	(c=6)	weight -0.083570756033245:	Bool[Exists(on,Nominal(b))] Num[Forall(on,<empty>)]
	Feat 4484	(c=8)	weight 0.094850982509811:	Bool[And(Not(clear),Nominal(a))] Num[Or(ontable,Nominal(b))]
	Feat 4696	(c=8)	weight -0.27999753366916:	Bool[And(Forall(Star(on),Nominal(a)),Nominal(b))] Num[clear]
Score -6.378390610967615
Lambda=0.025099731907565554
	Feat 22	(c=3)	weight -6.0122432342134:	Bool[Exists(on,Nominal(b))]
	Feat 25	(c=3)	weight 0.95712389289113:	Bool[Exists(on,Nominal(a))]
	Feat 204	(c=6)	weight 0.56837720004321:	Num[Or(Not(Nominal(a)),Forall(on,ontable))]
	Feat 334	(c=6)	weight 0.67534741403196:	Num[Or(Not(clear),Exists(on,Nominal(a)))]
	Feat 569	(c=7)	weight -0.39160912041084:	Num[Exists(Star(on),And(Not(Nominal(b)),ontable))]
	Feat 689	(c=7)	weight -0.92391531831604:	Num[Or(Forall(on,Or(ontable,Nominal(b))),Nominal(b))]
	Feat 1145	(c=8)	weight -0.079955338615166:	Num[Or(Forall(Inverse(Star(on)),Not(Nominal(a))),ontable)]
	Feat 1151	(c=8)	weight 1.0045890839957:	Bool[And(Forall(on,Exists(Star(on),Nominal(a))),Nominal(b))]
	Feat 1159	(c=8)	weight -0.21116254072678:	Num[Or(Forall(Star(on),Or(Nominal(a),Nominal(b))),clear)]
	Feat 1454	(c=8)	weight -1.1980362552221:	Num[Or(Exists(on,And(Not(Nominal(a)),ontable)),holding)]
	Feat 1707	(c=8)	weight 0.43709638714218:	Num[Or(Exists(on,Exists(on,Exists(on,<universe>))),Nominal(b))]
	Feat 1843	(c=8)	weight 0.8237256303692:	Num[Or(And(Not(Nominal(b)),Forall(on,Nominal(b))),clear)]
	Feat 2286	(c=8)	weight 0.35592894184052:	Num[And(Not(Nominal(a)),Forall(Inverse(Star(on)),Nominal(b)))]
	Feat 2314	(c=8)	weight 1.1611031891183:	Num[Or(Or(Nominal(a),Nominal(b)),Exists(Inverse(on),clear))]
	Feat 2372	(c=8)	weight 0.60042709581703:	Num[Or(And(holding,Nominal(a)),Exists(Star(on),Nominal(a)))]
	Feat 2430	(c=8)	weight -0.13328655485146:	Num[Or(And(Forall(on,<empty>),Nominal(b)),And(clear,Nominal(a)))]
	Feat 2677	(c=8)	weight 9.2729274793023:	Bool[And(Or(Not(Nominal(a)),clear),Exists(on,Nominal(b)))]
	Feat 3156	(c=7)	weight -0.025305975610344:	Atom[handempty] Num[Forall(on,Exists(on,ontable))]
	Feat 3642	(c=8)	weight 0.22946395863006:	Bool[holding] Num[Forall(on,Not(Or(ontable,Nominal(b))))]
	Feat 3890	(c=7)	weight -3.0920284721552:	Bool[And(clear,Nominal(b))] Bool[And(holding,Nominal(a))]
	Feat 4105	(c=8)	weight 0.14406112383617:	Bool[And(holding,Nominal(b))] Num[Forall(Star(on),Nominal(a))]
	Feat 4265	(c=6)	weight -0.013810796224998:	Bool[Exists(on,Nominal(b))] Num[Forall(on,<empty>)]
	Feat 4484	(c=8)	weight 0.067259814969281:	Bool[And(Not(clear),Nominal(a))] Num[Or(ontable,Nominal(b))]
	Feat 4696	(c=8)	weight -0.3143681744176:	Bool[And(Forall(Star(on),Nominal(a)),Nominal(b))] Num[clear]
Score -7.2297298613441345
Lambda=0.015457624993511108
	Feat 0	(c=1)	weight -0.0469326683319:	Atom[handempty]
	Feat 22	(c=3)	weight -6.1157907076944:	Bool[Exists(on,Nominal(b))]
	Feat 25	(c=3)	weight 0.85663680699959:	Bool[Exists(on,Nominal(a))]
	Feat 204	(c=6)	weight 0.75093566455881:	Num[Or(Not(Nominal(a)),Forall(on,ontable))]
	Feat 334	(c=6)	weight 0.78008707678069:	Num[Or(Not(clear),Exists(on,Nominal(a)))]
	Feat 569	(c=7)	weight -0.45825739480684:	Num[Exists(Star(on),And(Not(Nominal(b)),ontable))]
	Feat 689	(c=7)	weight -1.0057464515094:	Num[Or(Forall(on,Or(ontable,Nominal(b))),Nominal(b))]
	Feat 1145	(c=8)	weight -0.17982412986765:	Num[Or(Forall(Inverse(Star(on)),Not(Nominal(a))),ontable)]
	Feat 1151	(c=8)	weight 1.0650235672041:	Bool[And(Forall(on,Exists(Star(on),Nominal(a))),Nominal(b))]
	Feat 1159	(c=8)	weight -0.4583317196371:	Num[Or(Forall(Star(on),Or(Nominal(a),Nominal(b))),clear)]
	Feat 1454	(c=8)	weight -1.2480401588483:	Num[Or(Exists(on,And(Not(Nominal(a)),ontable)),holding)]
	Feat 1707	(c=8)	weight 0.30817090037846:	Num[Or(Exists(on,Exists(on,Exists(on,<universe>))),Nominal(b))]
	Feat 1843	(c=8)	weight 1.0773316788052:	Num[Or(And(Not(Nominal(b)),Forall(on,Nominal(b))),clear)]
	Feat 1866	(c=8)	weight 0.12930654537509:	Num[Not(And(Exists(on,Exists(on,Nominal(b))),clear))]
	Feat 2286	(c=8)	weight 0.42988786391071:	Num[And(Not(Nominal(a)),Forall(Inverse(Star(on)),Nominal(b)))]
	Feat 2314	(c=8)	weight 1.249071486071:	Num[Or(Or(Nominal(a),Nominal(b)),Exists(Inverse(on),clear))]
	Feat 2372	(c=8)	weight 0.68637062534227:	Num[Or(And(holding,Nominal(a)),Exists(Star(on),Nominal(a)))]
	Feat 2430	(c=8)	weight -0.086485679619899:	Num[Or(And(Forall(on,<empty>),Nominal(b)),And(clear,Nominal(a)))]
	Feat 2677	(c=8)	weight 9.4923156892573:	Bool[And(Or(Not(Nominal(a)),clear),Exists(on,Nominal(b)))]
	Feat 3642	(c=8)	weight 0.23251962879609:	Bool[holding] Num[Forall(on,Not(Or(ontable,Nominal(b))))]
	Feat 3890	(c=7)	weight -3.1852459478331:	Bool[And(clear,Nominal(b))] Bool[And(holding,Nominal(a))]
	Feat 3991	(c=8)	weight -0.026890802673713:	Bool[And(holding,Nominal(a))] Bool[And(Not(holding),Nominal(b))]
	Feat 4105	(c=8)	weight 0.21290135253185:	Bool[And(holding,Nominal(b))] Num[Forall(Star(on),Nominal(a))]
	Feat 4462	(c=8)	weight -0.0023243909834909:	Bool[And(Forall(on,<empty>),Nominal(b))] Num[Or(holding,Nominal(a))]
	Feat 4484	(c=8)	weight 0.075413070970543:	Bool[And(Not(clear),Nominal(a))] Num[Or(ontable,Nominal(b))]
	Feat 4696	(c=8)	weight -0.32727577097116:	Bool[And(Forall(Star(on),Nominal(a)),Nominal(b))] Num[clear]
Score -9.806158362763178
Lambda=0.009519550699583313
	Feat 0	(c=1)	weight -0.077979461334975:	Atom[handempty]
	Feat 22	(c=3)	weight -6.1493728243003:	Bool[Exists(on,Nominal(b))]
	Feat 25	(c=3)	weight 0.80151675753989:	Bool[Exists(on,Nominal(a))]
	Feat 204	(c=6)	weight 0.85777139488541:	Num[Or(Not(Nominal(a)),Forall(on,ontable))]
	Feat 334	(c=6)	weight 0.84414714524378:	Num[Or(Not(clear),Exists(on,Nominal(a)))]
	Feat 569	(c=7)	weight -0.48794192260098:	Num[Exists(Star(on),And(Not(Nominal(b)),ontable))]
	Feat 689	(c=7)	weight -1.0756049050628:	Num[Or(Forall(on,Or(ontable,Nominal(b))),Nominal(b))]
	Feat 1145	(c=8)	weight -0.23551112415254:	Num[Or(Forall(Inverse(Star(on)),Not(Nominal(a))),ontable)]
	Feat 1151	(c=8)	weight 1.1359656259827:	Bool[And(Forall(on,Exists(Star(on),Nominal(a))),Nominal(b))]
	Feat 1159	(c=8)	weight -0.6306163524078:	Num[Or(Forall(Star(on),Or(Nominal(a),Nominal(b))),clear)]
	Feat 1454	(c=8)	weight -1.3032610240669:	Num[Or(Exists(on,And(Not(Nominal(a)),ontable)),holding)]
	Feat 1707	(c=8)	weight 0.21388819971002:	Num[Or(Exists(on,Exists(on,Exists(on,<universe>))),Nominal(b))]
	Feat 1843	(c=8)	weight 1.2609192502702:	Num[Or(And(Not(Nominal(b)),Forall(on,Nominal(b))),clear)]
	Feat 1866	(c=8)	weight 0.25517278265679:	Num[Not(And(Exists(on,Exists(on,Nominal(b))),clear))]
	Feat 2286	(c=8)	weight 0.49965162004848:	Num[And(Not(Nominal(a)),Forall(Inverse(Star(on)),Nominal(b)))]
	Feat 2314	(c=8)	weight 1.3189767970861:	Num[Or(Or(Nominal(a),Nominal(b)),Exists(Inverse(on),clear))]
	Feat 2372	(c=8)	weight 0.73431584803224:	Num[Or(And(holding,Nominal(a)),Exists(Star(on),Nominal(a)))]
	Feat 2430	(c=8)	weight -0.0093225029337224:	Num[Or(And(Forall(on,<empty>),Nominal(b)),And(clear,Nominal(a)))]
	Feat 2677	(c=8)	weight 9.6064707255733:	Bool[And(Or(Not(Nominal(a)),clear),Exists(on,Nominal(b)))]
	Feat 2746	(c=8)	weight -0.11221832490822:	Bool[And(Forall(on,Not(Nominal(a))),And(clear,Nominal(b)))]
	Feat 3642	(c=8)	weight 0.23019030782332:	Bool[holding] Num[Forall(on,Not(Or(ontable,Nominal(b))))]
	Feat 3890	(c=7)	weight -3.2083763677792:	Bool[And(clear,Nominal(b))] Bool[And(holding,Nominal(a))]
	Feat 3991	(c=8)	weight -0.053516394090391:	Bool[And(holding,Nominal(a))] Bool[And(Not(holding),Nominal(b))]
	Feat 4105	(c=8)	weight 0.24199914523039:	Bool[And(holding,Nominal(b))] Num[Forall(Star(on),Nominal(a))]
	Feat 4325	(c=8)	weight -0.038136845124884:	Bool[Exists(on,Nominal(b))] Bool[Exists(Inverse(on),Nominal(b))]
	Feat 4462	(c=8)	weight -0.050527858475123:	Bool[And(Forall(on,<empty>),Nominal(b))] Num[Or(holding,Nominal(a))]
	Feat 4484	(c=8)	weight 0.084833040564004:	Bool[And(Not(clear),Nominal(a))] Num[Or(ontable,Nominal(b))]
	Feat 4696	(c=8)	weight -0.33854827029048:	Bool[And(Forall(Star(on),Nominal(a)),Nominal(b))] Num[clear]
Score -12.048960184183294
Lambda=0.005862598268490724
	Feat 0	(c=1)	weight -0.098215319220087:	Atom[handempty]
	Feat 22	(c=3)	weight -6.2340190588562:	Bool[Exists(on,Nominal(b))]
	Feat 25	(c=3)	weight 0.74453873860902:	Bool[Exists(on,Nominal(a))]
	Feat 204	(c=6)	weight 0.91896291972595:	Num[Or(Not(Nominal(a)),Forall(on,ontable))]
	Feat 334	(c=6)	weight 0.88755515693827:	Num[Or(Not(clear),Exists(on,Nominal(a)))]
	Feat 569	(c=7)	weight -0.50010934980845:	Num[Exists(Star(on),And(Not(Nominal(b)),ontable))]
	Feat 689	(c=7)	weight -1.1167202938085:	Num[Or(Forall(on,Or(ontable,Nominal(b))),Nominal(b))]
	Feat 1145	(c=8)	weight -0.27629738284339:	Num[Or(Forall(Inverse(Star(on)),Not(Nominal(a))),ontable)]
	Feat 1151	(c=8)	weight 1.1849618381557:	Bool[And(Forall(on,Exists(Star(on),Nominal(a))),Nominal(b))]
	Feat 1159	(c=8)	weight -0.75291198358758:	Num[Or(Forall(Star(on),Or(Nominal(a),Nominal(b))),clear)]
	Feat 1454	(c=8)	weight -1.3521766344843:	Num[Or(Exists(on,And(Not(Nominal(a)),ontable)),holding)]
	Feat 1707	(c=8)	weight 0.15519127996719:	Num[Or(Exists(on,Exists(on,Exists(on,<universe>))),Nominal(b))]
	Feat 1843	(c=8)	weight 1.3957675687192:	Num[Or(And(Not(Nominal(b)),Forall(on,Nominal(b))),clear)]
	Feat 1866	(c=8)	weight 0.34875350419364:	Num[Not(And(Exists(on,Exists(on,Nominal(b))),clear))]
	Feat 2286	(c=8)	weight 0.54591456543305:	Num[And(Not(Nominal(a)),Forall(Inverse(Star(on)),Nominal(b)))]
	Feat 2314	(c=8)	weight 1.369599693582:	Num[Or(Or(Nominal(a),Nominal(b)),Exists(Inverse(on),clear))]
	Feat 2372	(c=8)	weight 0.7693941113705:	Num[Or(And(holding,Nominal(a)),Exists(Star(on),Nominal(a)))]
	Feat 2677	(c=8)	weight 9.6700496976988:	Bool[And(Or(Not(Nominal(a)),clear),Exists(on,Nominal(b)))]
	Feat 2746	(c=8)	weight -0.24328907434369:	Bool[And(Forall(on,Not(Nominal(a))),And(clear,Nominal(b)))]
	Feat 3642	(c=8)	weight 0.22718931352521:	Bool[holding] Num[Forall(on,Not(Or(ontable,Nominal(b))))]
	Feat 3890	(c=7)	weight -3.2043902934693:	Bool[And(clear,Nominal(b))] Bool[And(holding,Nominal(a))]
	Feat 3991	(c=8)	weight -0.078513326368714:	Bool[And(holding,Nominal(a))] Bool[And(Not(holding),Nominal(b))]
	Feat 4105	(c=8)	weight 0.2553605959858:	Bool[And(holding,Nominal(b))] Num[Forall(Star(on),Nominal(a))]
	Feat 4265	(c=6)	weight 0.023756660446236:	Bool[Exists(on,Nominal(b))] Num[Forall(on,<empty>)]
	Feat 4325	(c=8)	weight -0.12062082725545:	Bool[Exists(on,Nominal(b))] Bool[Exists(Inverse(on),Nominal(b))]
	Feat 4462	(c=8)	weight -0.064621762140386:	Bool[And(Forall(on,<empty>),Nominal(b))] Num[Or(holding,Nominal(a))]
	Feat 4484	(c=8)	weight 0.081251989372697:	Bool[And(Not(clear),Nominal(a))] Num[Or(ontable,Nominal(b))]
	Feat 4653	(c=8)	weight 0.0025534270409188:	Bool[And(Forall(on,ontable),Nominal(a))] Num[Exists(on,<universe>)]
	Feat 4696	(c=8)	weight -0.34560082271185:	Bool[And(Forall(Star(on),Nominal(a)),Nominal(b))] Num[clear]
Score -13.604635752826233
Lambda=0.003610470655848796
	Feat 0	(c=1)	weight -0.11352707909775:	Atom[handempty]
	Feat 22	(c=3)	weight -6.3670502707373:	Bool[Exists(on,Nominal(b))]
	Feat 25	(c=3)	weight 0.73009939013602:	Bool[Exists(on,Nominal(a))]
	Feat 204	(c=6)	weight 0.94859454260445:	Num[Or(Not(Nominal(a)),Forall(on,ontable))]
	Feat 334	(c=6)	weight 0.91714631548743:	Num[Or(Not(clear),Exists(on,Nominal(a)))]
	Feat 569	(c=7)	weight -0.51268461156482:	Num[Exists(Star(on),And(Not(Nominal(b)),ontable))]
	Feat 689	(c=7)	weight -1.1369497384154:	Num[Or(Forall(on,Or(ontable,Nominal(b))),Nominal(b))]
	Feat 1145	(c=8)	weight -0.30412332223973:	Num[Or(Forall(Inverse(Star(on)),Not(Nominal(a))),ontable)]
	Feat 1151	(c=8)	weight 1.2123598629953:	Bool[And(Forall(on,Exists(Star(on),Nominal(a))),Nominal(b))]
	Feat 1159	(c=8)	weight -0.83580184121422:	Num[Or(Forall(Star(on),Or(Nominal(a),Nominal(b))),clear)]
	Feat 1454	(c=8)	weight -1.3881456130585:	Num[Or(Exists(on,And(Not(Nominal(a)),ontable)),holding)]
	Feat 1707	(c=8)	weight 0.11893907189837:	Num[Or(Exists(on,Exists(on,Exists(on,<universe>))),Nominal(b))]
	Feat 1843	(c=8)	weight 1.4935466654252:	Num[Or(And(Not(Nominal(b)),Forall(on,Nominal(b))),clear)]
	Feat 1866	(c=8)	weight 0.41553721330851:	Num[Not(And(Exists(on,Exists(on,Nominal(b))),clear))]
	Feat 2286	(c=8)	weight 0.54436308597238:	Num[And(Not(Nominal(a)),Forall(Inverse(Star(on)),Nominal(b)))]
	Feat 2314	(c=8)	weight 1.4005640438762:	Num[Or(Or(Nominal(a),Nominal(b)),Exists(Inverse(on),clear))]
	Feat 2372	(c=8)	weight 0.79464759388935:	Num[Or(And(holding,Nominal(a)),Exists(Star(on),Nominal(a)))]
	Feat 2677	(c=8)	weight 9.7031063699389:	Bool[And(Or(Not(Nominal(a)),clear),Exists(on,Nominal(b)))]
	Feat 2746	(c=8)	weight -0.2905215840116:	Bool[And(Forall(on,Not(Nominal(a))),And(clear,Nominal(b)))]
	Feat 3642	(c=8)	weight 0.22648045383228:	Bool[holding] Num[Forall(on,Not(Or(ontable,Nominal(b))))]
	Feat 3701	(c=8)	weight -0.017741659573074:	Bool[holding] Bool[Exists(on,And(Not(ontable),Nominal(b)))]
	Feat 3890	(c=7)	weight -3.1897394816365:	Bool[And(clear,Nominal(b))] Bool[And(holding,Nominal(a))]
	Feat 3991	(c=8)	weight -0.10348471615584:	Bool[And(holding,Nominal(a))] Bool[And(Not(holding),Nominal(b))]
	Feat 4105	(c=8)	weight 0.27592677814479:	Bool[And(holding,Nominal(b))] Num[Forall(Star(on),Nominal(a))]
	Feat 4265	(c=6)	weight 0.075497615114202:	Bool[Exists(on,Nominal(b))] Num[Forall(on,<empty>)]
	Feat 4325	(c=8)	weight -0.18192307873312:	Bool[Exists(on,Nominal(b))] Bool[Exists(Inverse(on),Nominal(b))]
	Feat 4462	(c=8)	weight -0.078832905187945:	Bool[And(Forall(on,<empty>),Nominal(b))] Num[Or(holding,Nominal(a))]
	Feat 4484	(c=8)	weight 0.077844981343051:	Bool[And(Not(clear),Nominal(a))] Num[Or(ontable,Nominal(b))]
	Feat 4653	(c=8)	weight 0.0065362703075563:	Bool[And(Forall(on,ontable),Nominal(a))] Num[Exists(on,<universe>)]
	Feat 4696	(c=8)	weight -0.34983284612893:	Bool[And(Forall(Star(on),Nominal(a)),Nominal(b))] Num[clear]
Score -14.567074586733323
Lambda=0.0022235018945108644
	Feat 0	(c=1)	weight -0.18462935432296:	Atom[handempty]
	Feat 22	(c=3)	weight -6.4540460380556:	Bool[Exists(on,Nominal(b))]
	Feat 25	(c=3)	weight 0.72299028544822:	Bool[Exists(on,Nominal(a))]
	Feat 204	(c=6)	weight 0.98182325066932:	Num[Or(Not(Nominal(a)),Forall(on,ontable))]
	Feat 334	(c=6)	weight 0.94104158244841:	Num[Or(Not(clear),Exists(on,Nominal(a)))]
	Feat 569	(c=7)	weight -0.52120782960887:	Num[Exists(Star(on),And(Not(Nominal(b)),ontable))]
	Feat 689	(c=7)	weight -1.1495546009229:	Num[Or(Forall(on,Or(ontable,Nominal(b))),Nominal(b))]
	Feat 1145	(c=8)	weight -0.32390515780809:	Num[Or(Forall(Inverse(Star(on)),Not(Nominal(a))),ontable)]
	Feat 1151	(c=8)	weight 1.2342197422508:	Bool[And(Forall(on,Exists(Star(on),Nominal(a))),Nominal(b))]
	Feat 1159	(c=8)	weight -0.88461120952639:	Num[Or(Forall(Star(on),Or(Nominal(a),Nominal(b))),clear)]
	Feat 1454	(c=8)	weight -1.3997725569449:	Num[Or(Exists(on,And(Not(Nominal(a)),ontable)),holding)]
	Feat 1707	(c=8)	weight 0.10658873844665:	Num[Or(Exists(on,Exists(on,Exists(on,<universe>))),Nominal(b))]
	Feat 1843	(c=8)	weight 1.554342149006:	Num[Or(And(Not(Nominal(b)),Forall(on,Nominal(b))),clear)]
	Feat 1866	(c=8)	weight 0.45656718632579:	Num[Not(And(Exists(on,Exists(on,Nominal(b))),clear))]
	Feat 2146	(c=8)	weight -3.0176867418353e-05:	Num[Not(And(Forall(on,Nominal(a)),Or(clear,ontable)))]
	Feat 2286	(c=8)	weight 0.53840336325886:	Num[And(Not(Nominal(a)),Forall(Inverse(Star(on)),Nominal(b)))]
	Feat 2314	(c=8)	weight 1.4180261339502:	Num[Or(Or(Nominal(a),Nominal(b)),Exists(Inverse(on),clear))]
	Feat 2372	(c=8)	weight 0.81351470098019:	Num[Or(And(holding,Nominal(a)),Exists(Star(on),Nominal(a)))]
	Feat 2677	(c=8)	weight 9.7292668355891:	Bool[And(Or(Not(Nominal(a)),clear),Exists(on,Nominal(b)))]
	Feat 2746	(c=8)	weight -0.30555788252124:	Bool[And(Forall(on,Not(Nominal(a))),And(clear,Nominal(b)))]
	Feat 3156	(c=7)	weight 0.02380424292074:	Atom[handempty] Num[Forall(on,Exists(on,ontable))]
	Feat 3642	(c=8)	weight 0.23308611203492:	Bool[holding] Num[Forall(on,Not(Or(ontable,Nominal(b))))]
	Feat 3701	(c=8)	weight -0.058253526992611:	Bool[holding] Bool[Exists(on,And(Not(ontable),Nominal(b)))]
	Feat 3890	(c=7)	weight -3.1888286875208:	Bool[And(clear,Nominal(b))] Bool[And(holding,Nominal(a))]
	Feat 3991	(c=8)	weight -0.12166180021444:	Bool[And(holding,Nominal(a))] Bool[And(Not(holding),Nominal(b))]
	Feat 4105	(c=8)	weight 0.29363827488869:	Bool[And(holding,Nominal(b))] Num[Forall(Star(on),Nominal(a))]
	Feat 4265	(c=6)	weight 0.1100081752531:	Bool[Exists(on,Nominal(b))] Num[Forall(on,<empty>)]
	Feat 4325	(c=8)	weight -0.20943784564568:	Bool[Exists(on,Nominal(b))] Bool[Exists(Inverse(on),Nominal(b))]
	Feat 4462	(c=8)	weight -0.10426388231042:	Bool[And(Forall(on,<empty>),Nominal(b))] Num[Or(holding,Nominal(a))]
	Feat 4484	(c=8)	weight 0.075219419160562:	Bool[And(Not(clear),Nominal(a))] Num[Or(ontable,Nominal(b))]
	Feat 4653	(c=8)	weight 0.0064175202492909:	Bool[And(Forall(on,ontable),Nominal(a))] Num[Exists(on,<universe>)]
	Feat 4696	(c=8)	weight -0.34938356067582:	Bool[And(Forall(Star(on),Nominal(a)),Nominal(b))] Num[clear]
Score -15.555367733761045
Lambda=0.001369339664036436
	Feat 0	(c=1)	weight -0.32606497206993:	Atom[handempty]
	Feat 22	(c=3)	weight -6.5034370699067:	Bool[Exists(on,Nominal(b))]
	Feat 25	(c=3)	weight 0.71387160031561:	Bool[Exists(on,Nominal(a))]
	Feat 45	(c=4)	weight 0.03449621953924:	Bool[And(Forall(on,<empty>),Nominal(b))]
	Feat 204	(c=6)	weight 1.0140057515801:	Num[Or(Not(Nominal(a)),Forall(on,ontable))]
	Feat 334	(c=6)	weight 0.95369667078066:	Num[Or(Not(clear),Exists(on,Nominal(a)))]
	Feat 569	(c=7)	weight -0.52582565290604:	Num[Exists(Star(on),And(Not(Nominal(b)),ontable))]
	Feat 689	(c=7)	weight -1.1539001942074:	Num[Or(Forall(on,Or(ontable,Nominal(b))),Nominal(b))]
	Feat 1145	(c=8)	weight -0.33712465522887:	Num[Or(Forall(Inverse(Star(on)),Not(Nominal(a))),ontable)]
	Feat 1151	(c=8)	weight 1.2377696925965:	Bool[And(Forall(on,Exists(Star(on),Nominal(a))),Nominal(b))]
	Feat 1159	(c=8)	weight -0.91905431102453:	Num[Or(Forall(Star(on),Or(Nominal(a),Nominal(b))),clear)]
	Feat 1454	(c=8)	weight -1.4102889969911:	Num[Or(Exists(on,And(Not(Nominal(a)),ontable)),holding)]
	Feat 1707	(c=8)	weight 0.09897406162007:	Num[Or(Exists(on,Exists(on,Exists(on,<universe>))),Nominal(b))]
	Feat 1843	(c=8)	weight 1.5831734866617:	Num[Or(And(Not(Nominal(b)),Forall(on,Nominal(b))),clear)]
	Feat 1866	(c=8)	weight 0.48516683329753:	Num[Not(And(Exists(on,Exists(on,Nominal(b))),clear))]
	Feat 2146	(c=8)	weight -0.026486166314988:	Num[Not(And(Forall(on,Nominal(a)),Or(clear,ontable)))]
	Feat 2286	(c=8)	weight 0.51338839790395:	Num[And(Not(Nominal(a)),Forall(Inverse(Star(on)),Nominal(b)))]
	Feat 2314	(c=8)	weight 1.4430753012552:	Num[Or(Or(Nominal(a),Nominal(b)),Exists(Inverse(on),clear))]
	Feat 2372	(c=8)	weight 0.8335864729434:	Num[Or(And(holding,Nominal(a)),Exists(Star(on),Nominal(a)))]
	Feat 2677	(c=8)	weight 9.7479073326868:	Bool[And(Or(Not(Nominal(a)),clear),Exists(on,Nominal(b)))]
	Feat 2746	(c=8)	weight -0.3015903299682:	Bool[And(Forall(on,Not(Nominal(a))),And(clear,Nominal(b)))]
	Feat 3156	(c=7)	weight 0.045780509356673:	Atom[handempty] Num[Forall(on,Exists(on,ontable))]
	Feat 3606	(c=8)	weight 0.00011483746446454:	Bool[holding] Num[Or(And(Forall(on,<empty>),Nominal(b)),clear)]
	Feat 3642	(c=8)	weight 0.23141650190379:	Bool[holding] Num[Forall(on,Not(Or(ontable,Nominal(b))))]
	Feat 3701	(c=8)	weight -0.094355773583518:	Bool[holding] Bool[Exists(on,And(Not(ontable),Nominal(b)))]
	Feat 3890	(c=7)	weight -3.1889359568448:	Bool[And(clear,Nominal(b))] Bool[And(holding,Nominal(a))]
	Feat 3991	(c=8)	weight -0.15274686352744:	Bool[And(holding,Nominal(a))] Bool[And(Not(holding),Nominal(b))]
	Feat 4105	(c=8)	weight 0.30483311229253:	Bool[And(holding,Nominal(b))] Num[Forall(Star(on),Nominal(a))]
	Feat 4265	(c=6)	weight 0.13388213032279:	Bool[Exists(on,Nominal(b))] Num[Forall(on,<empty>)]
	Feat 4325	(c=8)	weight -0.2322114670908:	Bool[Exists(on,Nominal(b))] Bool[Exists(Inverse(on),Nominal(b))]
	Feat 4462	(c=8)	weight -0.13386553003931:	Bool[And(Forall(on,<empty>),Nominal(b))] Num[Or(holding,Nominal(a))]
	Feat 4484	(c=8)	weight 0.076181495177511:	Bool[And(Not(clear),Nominal(a))] Num[Or(ontable,Nominal(b))]
	Feat 4653	(c=8)	weight 0.0033455932408485:	Bool[And(Forall(on,ontable),Nominal(a))] Num[Exists(on,<universe>)]
	Feat 4696	(c=8)	weight -0.35551955314094:	Bool[And(Forall(Star(on),Nominal(a)),Nominal(b))] Num[clear]
Score -15.883865101672896
Lambda=0.0008433053824385929
	Feat 0	(c=1)	weight -0.36362867946678:	Atom[handempty]
	Feat 22	(c=3)	weight -6.5251484965036:	Bool[Exists(on,Nominal(b))]
	Feat 25	(c=3)	weight 0.71541338089287:	Bool[Exists(on,Nominal(a))]
	Feat 45	(c=4)	weight 0.072180593590063:	Bool[And(Forall(on,<empty>),Nominal(b))]
	Feat 204	(c=6)	weight 1.0261828959958:	Num[Or(Not(Nominal(a)),Forall(on,ontable))]
	Feat 334	(c=6)	weight 0.96223219943385:	Num[Or(Not(clear),Exists(on,Nominal(a)))]
	Feat 569	(c=7)	weight -0.52558425148557:	Num[Exists(Star(on),And(Not(Nominal(b)),ontable))]
	Feat 689	(c=7)	weight -1.1572009300189:	Num[Or(Forall(on,Or(ontable,Nominal(b))),Nominal(b))]
	Feat 1145	(c=8)	weight -0.3434043241204:	Num[Or(Forall(Inverse(Star(on)),Not(Nominal(a))),ontable)]
	Feat 1151	(c=8)	weight 1.2407206149338:	Bool[And(Forall(on,Exists(Star(on),Nominal(a))),Nominal(b))]
	Feat 1159	(c=8)	weight -0.9344633038822:	Num[Or(Forall(Star(on),Or(Nominal(a),Nominal(b))),clear)]
	Feat 1454	(c=8)	weight -1.417657833693:	Num[Or(Exists(on,And(Not(Nominal(a)),ontable)),holding)]
	Feat 1707	(c=8)	weight 0.096596725821978:	Num[Or(Exists(on,Exists(on,Exists(on,<universe>))),Nominal(b))]
	Feat 1843	(c=8)	weight 1.5932893983614:	Num[Or(And(Not(Nominal(b)),Forall(on,Nominal(b))),clear)]
	Feat 1866	(c=8)	weight 0.50070964064411:	Num[Not(And(Exists(on,Exists(on,Nominal(b))),clear))]
	Feat 2146	(c=8)	weight -0.038527083293256:	Num[Not(And(Forall(on,Nominal(a)),Or(clear,ontable)))]
	Feat 2286	(c=8)	weight 0.50667315561032:	Num[And(Not(Nominal(a)),Forall(Inverse(Star(on)),Nominal(b)))]
	Feat 2314	(c=8)	weight 1.4611927557194:	Num[Or(Or(Nominal(a),Nominal(b)),Exists(Inverse(on),clear))]
	Feat 2372	(c=8)	weight 0.84001376430081:	Num[Or(And(holding,Nominal(a)),Exists(Star(on),Nominal(a)))]
	Feat 2430	(c=8)	weight 0.00011696686856726:	Num[Or(And(Forall(on,<empty>),Nominal(b)),And(clear,Nominal(a)))]
	Feat 2677	(c=8)	weight 9.7567893996194:	Bool[And(Or(Not(Nominal(a)),clear),Exists(on,Nominal(b)))]
	Feat 2746	(c=8)	weight -0.30333061096235:	Bool[And(Forall(on,Not(Nominal(a))),And(clear,Nominal(b)))]
	Feat 3156	(c=7)	weight 0.059002912641886:	Atom[handempty] Num[Forall(on,Exists(on,ontable))]
	Feat 3606	(c=8)	weight 0.013711384150292:	Bool[holding] Num[Or(And(Forall(on,<empty>),Nominal(b)),clear)]
	Feat 3642	(c=8)	weight 0.23286002837521:	Bool[holding] Num[Forall(on,Not(Or(ontable,Nominal(b))))]
	Feat 3701	(c=8)	weight -0.10434372429962:	Bool[holding] Bool[Exists(on,And(Not(ontable),Nominal(b)))]
	Feat 3890	(c=7)	weight -3.1871814308302:	Bool[And(clear,Nominal(b))] Bool[And(holding,Nominal(a))]
	Feat 3991	(c=8)	weight -0.16713401779604:	Bool[And(holding,Nominal(a))] Bool[And(Not(holding),Nominal(b))]
	Feat 4105	(c=8)	weight 0.30669754986974:	Bool[And(holding,Nominal(b))] Num[Forall(Star(on),Nominal(a))]
	Feat 4265	(c=6)	weight 0.14418283506636:	Bool[Exists(on,Nominal(b))] Num[Forall(on,<empty>)]
	Feat 4325	(c=8)	weight -0.23606013083212:	Bool[Exists(on,Nominal(b))] Bool[Exists(Inverse(on),Nominal(b))]
	Feat 4462	(c=8)	weight -0.16066112143458:	Bool[And(Forall(on,<empty>),Nominal(b))] Num[Or(holding,Nominal(a))]
	Feat 4484	(c=8)	weight 0.075413028517086:	Bool[And(Not(clear),Nominal(a))] Num[Or(ontable,Nominal(b))]
	Feat 4653	(c=8)	weight 0.0029978506066451:	Bool[And(Forall(on,ontable),Nominal(a))] Num[Exists(on,<universe>)]
	Feat 4696	(c=8)	weight -0.35962062807654:	Bool[And(Forall(Star(on),Nominal(a)),Nominal(b))] Num[clear]
Score -16.20409437507468
Lambda=0.0005193481111571587
	Feat 0	(c=1)	weight -0.41064433753874:	Atom[handempty]
	Feat 22	(c=3)	weight -6.5531163392983:	Bool[Exists(on,Nominal(b))]
	Feat 25	(c=3)	weight 0.72074147249721:	Bool[Exists(on,Nominal(a))]
	Feat 45	(c=4)	weight 0.1231157604531:	Bool[And(Forall(on,<empty>),Nominal(b))]
	Feat 204	(c=6)	weight 1.0376957756513:	Num[Or(Not(Nominal(a)),Forall(on,ontable))]
	Feat 334	(c=6)	weight 0.97381282163933:	Num[Or(Not(clear),Exists(on,Nominal(a)))]
	Feat 569	(c=7)	weight -0.52754182484293:	Num[Exists(Star(on),And(Not(Nominal(b)),ontable))]
	Feat 689	(c=7)	weight -1.153540702241:	Num[Or(Forall(on,Or(ontable,Nominal(b))),Nominal(b))]
	Feat 1145	(c=8)	weight -0.34959252776597:	Num[Or(Forall(Inverse(Star(on)),Not(Nominal(a))),ontable)]
	Feat 1151	(c=8)	weight 1.2376500058126:	Bool[And(Forall(on,Exists(Star(on),Nominal(a))),Nominal(b))]
	Feat 1159	(c=8)	weight -0.95311181981363:	Num[Or(Forall(Star(on),Or(Nominal(a),Nominal(b))),clear)]
	Feat 1454	(c=8)	weight -1.4249954393298:	Num[Or(Exists(on,And(Not(Nominal(a)),ontable)),holding)]
	Feat 1707	(c=8)	weight 0.095049149586144:	Num[Or(Exists(on,Exists(on,Exists(on,<universe>))),Nominal(b))]
	Feat 1843	(c=8)	weight 1.5999791383974:	Num[Or(And(Not(Nominal(b)),Forall(on,Nominal(b))),clear)]
	Feat 1866	(c=8)	weight 0.51560458844994:	Num[Not(And(Exists(on,Exists(on,Nominal(b))),clear))]
	Feat 2146	(c=8)	weight -0.049632299351979:	Num[Not(And(Forall(on,Nominal(a)),Or(clear,ontable)))]
	Feat 2286	(c=8)	weight 0.4975794095458:	Num[And(Not(Nominal(a)),Forall(Inverse(Star(on)),Nominal(b)))]
	Feat 2314	(c=8)	weight 1.481857275129:	Num[Or(Or(Nominal(a),Nominal(b)),Exists(Inverse(on),clear))]
	Feat 2372	(c=8)	weight 0.84889594184847:	Num[Or(And(holding,Nominal(a)),Exists(Star(on),Nominal(a)))]
	Feat 2430	(c=8)	weight 0.0082868682326123:	Num[Or(And(Forall(on,<empty>),Nominal(b)),And(clear,Nominal(a)))]
	Feat 2677	(c=8)	weight 9.7630115081365:	Bool[And(Or(Not(Nominal(a)),clear),Exists(on,Nominal(b)))]
	Feat 2746	(c=8)	weight -0.30407923361858:	Bool[And(Forall(on,Not(Nominal(a))),And(clear,Nominal(b)))]
	Feat 3156	(c=7)	weight 0.078319585645739:	Atom[handempty] Num[Forall(on,Exists(on,ontable))]
	Feat 3187	(c=8)	weight 0.00011101693103025:	Atom[handempty] Num[Or(Not(ontable),Or(clear,Nominal(a)))]
	Feat 3606	(c=8)	weight 0.031942269640774:	Bool[holding] Num[Or(And(Forall(on,<empty>),Nominal(b)),clear)]
	Feat 3642	(c=8)	weight 0.23519527078566:	Bool[holding] Num[Forall(on,Not(Or(ontable,Nominal(b))))]
	Feat 3701	(c=8)	weight -0.11431190368654:	Bool[holding] Bool[Exists(on,And(Not(ontable),Nominal(b)))]
	Feat 3890	(c=7)	weight -3.183176185363:	Bool[And(clear,Nominal(b))] Bool[And(holding,Nominal(a))]
	Feat 3991	(c=8)	weight -0.18187702210573:	Bool[And(holding,Nominal(a))] Bool[And(Not(holding),Nominal(b))]
	Feat 4105	(c=8)	weight 0.30689099392824:	Bool[And(holding,Nominal(b))] Num[Forall(Star(on),Nominal(a))]
	Feat 4265	(c=6)	weight 0.1549300124942:	Bool[Exists(on,Nominal(b))] Num[Forall(on,<empty>)]
	Feat 4325	(c=8)	weight -0.23538805248364:	Bool[Exists(on,Nominal(b))] Bool[Exists(Inverse(on),Nominal(b))]
	Feat 4462	(c=8)	weight -0.19494389517666:	Bool[And(Forall(on,<empty>),Nominal(b))] Num[Or(holding,Nominal(a))]
	Feat 4484	(c=8)	weight 0.075687958315279:	Bool[And(Not(clear),Nominal(a))] Num[Or(ontable,Nominal(b))]
	Feat 4653	(c=8)	weight 0.0024847737369586:	Bool[And(Forall(on,ontable),Nominal(a))] Num[Exists(on,<universe>)]
	Feat 4696	(c=8)	weight -0.36383291825778:	Bool[And(Forall(Star(on),Nominal(a)),Nominal(b))] Num[clear]
Score -16.604404378333946
Lambda=0.00031983960517665595
	Feat 0	(c=1)	weight -0.57729630261782:	Atom[handempty]
	Feat 17	(c=3)	weight 5.4187129560677e-05:	Num[Or(ontable,Nominal(b))]
	Feat 22	(c=3)	weight -6.5891256441873:	Bool[Exists(on,Nominal(b))]
	Feat 25	(c=3)	weight 0.71343398903541:	Bool[Exists(on,Nominal(a))]
	Feat 45	(c=4)	weight 0.18691706130704:	Bool[And(Forall(on,<empty>),Nominal(b))]
	Feat 204	(c=6)	weight 1.0543139681269:	Num[Or(Not(Nominal(a)),Forall(on,ontable))]
	Feat 334	(c=6)	weight 0.99144068282623:	Num[Or(Not(clear),Exists(on,Nominal(a)))]
	Feat 569	(c=7)	weight -0.53257101940417:	Num[Exists(Star(on),And(Not(Nominal(b)),ontable))]
	Feat 689	(c=7)	weight -1.145082039087:	Num[Or(Forall(on,Or(ontable,Nominal(b))),Nominal(b))]
	Feat 1145	(c=8)	weight -0.35599803883721:	Num[Or(Forall(Inverse(Star(on)),Not(Nominal(a))),ontable)]
	Feat 1151	(c=8)	weight 1.2288673861867:	Bool[And(Forall(on,Exists(Star(on),Nominal(a))),Nominal(b))]
	Feat 1159	(c=8)	weight -0.97512825784145:	Num[Or(Forall(Star(on),Or(Nominal(a),Nominal(b))),clear)]
	Feat 1322	(c=8)	weight -8.2554244709929e-05:	Num[Or(And(Forall(on,Nominal(a)),Nominal(b)),Not(clear))]
	Feat 1454	(c=8)	weight -1.4197761324051:	Num[Or(Exists(on,And(Not(Nominal(a)),ontable)),holding)]
	Feat 1707	(c=8)	weight 0.094856541575117:	Num[Or(Exists(on,Exists(on,Exists(on,<universe>))),Nominal(b))]
	Feat 1843	(c=8)	weight 1.5995908260227:	Num[Or(And(Not(Nominal(b)),Forall(on,Nominal(b))),clear)]
	Feat 1866	(c=8)	weight 0.52765758544377:	Num[Not(And(Exists(on,Exists(on,Nominal(b))),clear))]
	Feat 2146	(c=8)	weight -0.054902448719944:	Num[Not(And(Forall(on,Nominal(a)),Or(clear,ontable)))]
	Feat 2286	(c=8)	weight 0.49677939017179:	Num[And(Not(Nominal(a)),Forall(Inverse(Star(on)),Nominal(b)))]
	Feat 2314	(c=8)	weight 1.5059755630933:	Num[Or(Or(Nominal(a),Nominal(b)),Exists(Inverse(on),clear))]
	Feat 2372	(c=8)	weight 0.85907179883865:	Num[Or(And(holding,Nominal(a)),Exists(Star(on),Nominal(a)))]
	Feat 2430	(c=8)	weight 0.021024466795053:	Num[Or(And(Forall(on,<empty>),Nominal(b)),And(clear,Nominal(a)))]
	Feat 2677	(c=8)	weight 9.7685290465499:	Bool[And(Or(Not(Nominal(a)),clear),Exists(on,Nominal(b)))]
	Feat 2746	(c=8)	weight -0.30909428670064:	Bool[And(Forall(on,Not(Nominal(a))),And(clear,Nominal(b)))]
	Feat 3156	(c=7)	weight 0.10625769846567:	Atom[handempty] Num[Forall(on,Exists(on,ontable))]
	Feat 3187	(c=8)	weight 0.016605361792958:	Atom[handempty] Num[Or(Not(ontable),Or(clear,Nominal(a)))]
	Feat 3606	(c=8)	weight 0.052558802373223:	Bool[holding] Num[Or(And(Forall(on,<empty>),Nominal(b)),clear)]
	Feat 3642	(c=8)	weight 0.2343264598634:	Bool[holding] Num[Forall(on,Not(Or(ontable,Nominal(b))))]
	Feat 3701	(c=8)	weight -0.12634653557724:	Bool[holding] Bool[Exists(on,And(Not(ontable),Nominal(b)))]
	Feat 3890	(c=7)	weight -3.1796429811854:	Bool[And(clear,Nominal(b))] Bool[And(holding,Nominal(a))]
	Feat 3991	(c=8)	weight -0.20851236009118:	Bool[And(holding,Nominal(a))] Bool[And(Not(holding),Nominal(b))]
	Feat 4105	(c=8)	weight 0.30344861835882:	Bool[And(holding,Nominal(b))] Num[Forall(Star(on),Nominal(a))]
	Feat 4265	(c=6)	weight 0.16420519364262:	Bool[Exists(on,Nominal(b))] Num[Forall(on,<empty>)]
	Feat 4325	(c=8)	weight -0.21878647320463:	Bool[Exists(on,Nominal(b))] Bool[Exists(Inverse(on),Nominal(b))]
	Feat 4462	(c=8)	weight -0.23367331591501:	Bool[And(Forall(on,<empty>),Nominal(b))] Num[Or(holding,Nominal(a))]
	Feat 4484	(c=8)	weight 0.079084138856396:	Bool[And(Not(clear),Nominal(a))] Num[Or(ontable,Nominal(b))]
	Feat 4653	(c=8)	weight 0.00099514240266515:	Bool[And(Forall(on,ontable),Nominal(a))] Num[Exists(on,<universe>)]
	Feat 4696	(c=8)	weight -0.36571503387076:	Bool[And(Forall(Star(on),Nominal(a)),Nominal(b))] Num[clear]
Score -17.208730995956603
Lambda=0.00019697264867610777
	Feat 0	(c=1)	weight -0.62272008251429:	Atom[handempty]
	Feat 17	(c=3)	weight 0.00017703653540475:	Num[Or(ontable,Nominal(b))]
	Feat 22	(c=3)	weight -6.5957744106076:	Bool[Exists(on,Nominal(b))]
	Feat 25	(c=3)	weight 0.71464423609706:	Bool[Exists(on,Nominal(a))]
	Feat 45	(c=4)	weight 0.20303354914389:	Bool[And(Forall(on,<empty>),Nominal(b))]
	Feat 204	(c=6)	weight 1.0578495506852:	Num[Or(Not(Nominal(a)),Forall(on,ontable))]
	Feat 334	(c=6)	weight 0.99667417940626:	Num[Or(Not(clear),Exists(on,Nominal(a)))]
	Feat 569	(c=7)	weight -0.53200811602086:	Num[Exists(Star(on),And(Not(Nominal(b)),ontable))]
	Feat 689	(c=7)	weight -1.145050432698:	Num[Or(Forall(on,Or(ontable,Nominal(b))),Nominal(b))]
	Feat 1145	(c=8)	weight -0.35729503397929:	Num[Or(Forall(Inverse(Star(on)),Not(Nominal(a))),ontable)]
	Feat 1151	(c=8)	weight 1.229142522273:	Bool[And(Forall(on,Exists(Star(on),Nominal(a))),Nominal(b))]
	Feat 1159	(c=8)	weight -0.98019858571155:	Num[Or(Forall(Star(on),Or(Nominal(a),Nominal(b))),clear)]
	Feat 1322	(c=8)	weight -0.0017593657195001:	Num[Or(And(Forall(on,Nominal(a)),Nominal(b)),Not(clear))]
	Feat 1454	(c=8)	weight -1.4198435614886:	Num[Or(Exists(on,And(Not(Nominal(a)),ontable)),holding)]
	Feat 1707	(c=8)	weight 0.095047447609904:	Num[Or(Exists(on,Exists(on,Exists(on,<universe>))),Nominal(b))]
	Feat 1843	(c=8)	weight 1.6021649660837:	Num[Or(And(Not(Nominal(b)),Forall(on,Nominal(b))),clear)]
	Feat 1866	(c=8)	weight 0.53258490186134:	Num[Not(And(Exists(on,Exists(on,Nominal(b))),clear))]
	Feat 2146	(c=8)	weight -0.055736049212318:	Num[Not(And(Forall(on,Nominal(a)),Or(clear,ontable)))]
	Feat 2286	(c=8)	weight 0.4986219878401:	Num[And(Not(Nominal(a)),Forall(Inverse(Star(on)),Nominal(b)))]
	Feat 2314	(c=8)	weight 1.5122526870653:	Num[Or(Or(Nominal(a),Nominal(b)),Exists(Inverse(on),clear))]
	Feat 2372	(c=8)	weight 0.86060061344015:	Num[Or(And(holding,Nominal(a)),Exists(Star(on),Nominal(a)))]
	Feat 2430	(c=8)	weight 0.025169414682175:	Num[Or(And(Forall(on,<empty>),Nominal(b)),And(clear,Nominal(a)))]
	Feat 2677	(c=8)	weight 9.7709741468884:	Bool[And(Or(Not(Nominal(a)),clear),Exists(on,Nominal(b)))]
	Feat 2746	(c=8)	weight -0.31449447808842:	Bool[And(Forall(on,Not(Nominal(a))),And(clear,Nominal(b)))]
	Feat 3156	(c=7)	weight 0.1127348257229:	Atom[handempty] Num[Forall(on,Exists(on,ontable))]
	Feat 3187	(c=8)	weight 0.021946343340971:	Atom[handempty] Num[Or(Not(ontable),Or(clear,Nominal(a)))]
	Feat 3606	(c=8)	weight 0.057258838621122:	Bool[holding] Num[Or(And(Forall(on,<empty>),Nominal(b)),clear)]
	Feat 3642	(c=8)	weight 0.2345648659201:	Bool[holding] Num[Forall(on,Not(Or(ontable,Nominal(b))))]
	Feat 3701	(c=8)	weight -0.12819773678986:	Bool[holding] Bool[Exists(on,And(Not(ontable),Nominal(b)))]
	Feat 3890	(c=7)	weight -3.1783699582992:	Bool[And(clear,Nominal(b))] Bool[And(holding,Nominal(a))]
	Feat 3991	(c=8)	weight -0.21046631541391:	Bool[And(holding,Nominal(a))] Bool[And(Not(holding),Nominal(b))]
	Feat 4105	(c=8)	weight 0.30217980925706:	Bool[And(holding,Nominal(b))] Num[Forall(Star(on),Nominal(a))]
	Feat 4265	(c=6)	weight 0.16589700222565:	Bool[Exists(on,Nominal(b))] Num[Forall(on,<empty>)]
	Feat 4325	(c=8)	weight -0.21753343648204:	Bool[Exists(on,Nominal(b))] Bool[Exists(Inverse(on),Nominal(b))]
	Feat 4462	(c=8)	weight -0.24330201012746:	Bool[And(Forall(on,<empty>),Nominal(b))] Num[Or(holding,Nominal(a))]
	Feat 4484	(c=8)	weight 0.078971287474638:	Bool[And(Not(clear),Nominal(a))] Num[Or(ontable,Nominal(b))]
	Feat 4653	(c=8)	weight 0.0006839273309854:	Bool[And(Forall(on,ontable),Nominal(a))] Num[Exists(on,<universe>)]
	Feat 4696	(c=8)	weight -0.36714096050491:	Bool[And(Forall(Star(on),Nominal(a)),Nominal(b))] Num[clear]
Score -17.41510938060763
