Considering 4705 features
Lasso Method
----------

[[0. 0. 0. ... 7. 7. 7.]]
Lambda=3.1067558759511176
Score 1.1102230246251565e-16
Lambda=1.9132900484233615
	Feat 1162	(c=8)	weight 0.7957075616791:	Num[Or(Exists(Star(on),Or(Nominal(a),Nominal(b))),Nominal(a))]
Score -0.4222836136632724
Lambda=1.178296253571958
	Feat 1162	(c=8)	weight 1.232729566811:	Num[Or(Exists(Star(on),Or(Nominal(a),Nominal(b))),Nominal(a))]
	Feat 1164	(c=8)	weight 0.000277873050709:	Num[Or(Exists(Star(on),Or(Nominal(a),Nominal(b))),holding)]
	Feat 4662	(c=8)	weight -0.37543478644253:	Bool[And(Exists(on,Nominal(b)),Nominal(a))] Num[Not(ontable)]
Score -0.9182583159777009
Lambda=0.7256516398680914
	Feat 1125	(c=8)	weight -0.091430514989905:	Bool[And(Forall(Inverse(on),Or(clear,Nominal(a))),Nominal(b))]
	Feat 1162	(c=8)	weight 1.0411823037614:	Num[Or(Exists(Star(on),Or(Nominal(a),Nominal(b))),Nominal(a))]
	Feat 1164	(c=8)	weight 0.44168874719786:	Num[Or(Exists(Star(on),Or(Nominal(a),Nominal(b))),holding)]
	Feat 1331	(c=8)	weight -0.077222564628731:	Num[Or(Not(Or(Exists(on,Nominal(b)),Nominal(a))),holding)]
	Feat 1799	(c=8)	weight 0.0001591990185112:	Num[Or(And(Not(clear),Exists(on,Nominal(b))),Nominal(a))]
	Feat 1994	(c=8)	weight 1.25362898583e-12:	Bool[Exists(on,And(Not(Nominal(a)),Exists(on,Nominal(b))))]
	Feat 2949	(c=8)	weight -2.1880039867077e-12:	Num[Or(Forall(on,Not(Nominal(b))),Or(clear,Nominal(a)))]
	Feat 4662	(c=8)	weight -0.70842305264526:	Bool[And(Exists(on,Nominal(b)),Nominal(a))] Num[Not(ontable)]
Score -0.8850553246047859
Lambda=0.44689126426989256
	Feat 851	(c=7)	weight -0.022165856550243:	Num[And(Forall(on,Nominal(b)),Or(ontable,Nominal(a)))]
	Feat 1095	(c=8)	weight 0.05584519602036:	Bool[And(Exists(Star(on),Exists(on,Nominal(b))),Nominal(a))]
	Feat 1125	(c=8)	weight -0.17674336256019:	Bool[And(Forall(Inverse(on),Or(clear,Nominal(a))),Nominal(b))]
	Feat 1162	(c=8)	weight 0.91818757580282:	Num[Or(Exists(Star(on),Or(Nominal(a),Nominal(b))),Nominal(a))]
	Feat 1164	(c=8)	weight 0.68071807493153:	Num[Or(Exists(Star(on),Or(Nominal(a),Nominal(b))),holding)]
	Feat 1331	(c=8)	weight -0.20939121864605:	Num[Or(Not(Or(Exists(on,Nominal(b)),Nominal(a))),holding)]
	Feat 1381	(c=8)	weight 0.15529506877632:	Num[Or(Not(And(Forall(on,Nominal(b)),Nominal(a))),ontable)]
	Feat 1799	(c=8)	weight 0.039288696036401:	Num[Or(And(Not(clear),Exists(on,Nominal(b))),Nominal(a))]
	Feat 1994	(c=8)	weight 7.1646816035463e-12:	Bool[Exists(on,And(Not(Nominal(a)),Exists(on,Nominal(b))))]
	Feat 2949	(c=8)	weight -2.7487393030551e-12:	Num[Or(Forall(on,Not(Nominal(b))),Or(clear,Nominal(a)))]
	Feat 4662	(c=8)	weight -0.86766924544671:	Bool[And(Exists(on,Nominal(b)),Nominal(a))] Num[Not(ontable)]
Score -1.1346815716719454
Lambda=0.27521718564164815
	Feat 621	(c=7)	weight -0.073436924973223:	Num[Or(And(Exists(on,Nominal(b)),Nominal(a)),clear)]
	Feat 671	(c=7)	weight -0.27944779514283:	Bool[And(Exists(on,And(ontable,Nominal(b))),Nominal(a))]
	Feat 1095	(c=8)	weight 0.26390463404701:	Bool[And(Exists(Star(on),Exists(on,Nominal(b))),Nominal(a))]
	Feat 1125	(c=8)	weight -0.0087885377488447:	Bool[And(Forall(Inverse(on),Or(clear,Nominal(a))),Nominal(b))]
	Feat 1162	(c=8)	weight 0.8767692223148:	Num[Or(Exists(Star(on),Or(Nominal(a),Nominal(b))),Nominal(a))]
	Feat 1164	(c=8)	weight 0.76491904294629:	Num[Or(Exists(Star(on),Or(Nominal(a),Nominal(b))),holding)]
	Feat 1349	(c=8)	weight -0.011833533254075:	Num[Or(Exists(on,And(ontable,Nominal(b))),Not(Nominal(a)))]
	Feat 1381	(c=8)	weight 0.53814634423478:	Num[Or(Not(And(Forall(on,Nominal(b)),Nominal(a))),ontable)]
	Feat 1498	(c=8)	weight 0.044501438025543:	Num[Not(And(Exists(on,And(ontable,Nominal(b))),Nominal(a)))]
	Feat 1667	(c=8)	weight 0.00027472293696163:	Num[Not(Or(And(Exists(on,Nominal(b)),Nominal(a)),clear))]
	Feat 1799	(c=8)	weight 0.17398908185253:	Num[Or(And(Not(clear),Exists(on,Nominal(b))),Nominal(a))]
	Feat 1994	(c=8)	weight 2.8271959146998e-11:	Bool[Exists(on,And(Not(Nominal(a)),Exists(on,Nominal(b))))]
	Feat 1997	(c=8)	weight -0.10705789113839:	Num[Forall(on,Or(Not(Nominal(a)),Exists(on,Nominal(b))))]
	Feat 2096	(c=8)	weight 0.0044494628816217:	Num[Exists(Star(on),Or(Exists(on,Nominal(b)),Nominal(a)))]
	Feat 2677	(c=8)	weight 0.38151278625455:	Bool[And(Or(Not(Nominal(a)),clear),Exists(on,Nominal(b)))]
	Feat 2949	(c=8)	weight -0.00015070643824518:	Num[Or(Forall(on,Not(Nominal(b))),Or(clear,Nominal(a)))]
	Feat 2989	(c=6)	weight 0.030165989780266:	Dist[Nominal(a);on;Exists(on,Nominal(b))]
	Feat 4662	(c=8)	weight -0.88296443448181:	Bool[And(Exists(on,Nominal(b)),Nominal(a))] Num[Not(ontable)]
Score -4.473026442231121
Lambda=0.1694920114320355
	Feat 621	(c=7)	weight -0.1045181659292:	Num[Or(And(Exists(on,Nominal(b)),Nominal(a)),clear)]
	Feat 671	(c=7)	weight -0.62222923877283:	Bool[And(Exists(on,And(ontable,Nominal(b))),Nominal(a))]
	Feat 1095	(c=8)	weight 0.17750681337373:	Bool[And(Exists(Star(on),Exists(on,Nominal(b))),Nominal(a))]
	Feat 1115	(c=8)	weight 0.01930196363625:	Num[Or(Exists(Star(on),And(ontable,Nominal(a))),Nominal(b))]
	Feat 1125	(c=8)	weight -0.035435296568389:	Bool[And(Forall(Inverse(on),Or(clear,Nominal(a))),Nominal(b))]
	Feat 1162	(c=8)	weight 0.68247931978266:	Num[Or(Exists(Star(on),Or(Nominal(a),Nominal(b))),Nominal(a))]
	Feat 1164	(c=8)	weight 0.81467239688292:	Num[Or(Exists(Star(on),Or(Nominal(a),Nominal(b))),holding)]
	Feat 1349	(c=8)	weight -0.010201761409678:	Num[Or(Exists(on,And(ontable,Nominal(b))),Not(Nominal(a)))]
	Feat 1381	(c=8)	weight 0.28535814369063:	Num[Or(Not(And(Forall(on,Nominal(b)),Nominal(a))),ontable)]
	Feat 1498	(c=8)	weight 0.04630134493035:	Num[Not(And(Exists(on,And(ontable,Nominal(b))),Nominal(a)))]
	Feat 1667	(c=8)	weight 0.00037308962033519:	Num[Not(Or(And(Exists(on,Nominal(b)),Nominal(a)),clear))]
	Feat 1799	(c=8)	weight 0.17298712302591:	Num[Or(And(Not(clear),Exists(on,Nominal(b))),Nominal(a))]
	Feat 1994	(c=8)	weight 4.9736494475613e-11:	Bool[Exists(on,And(Not(Nominal(a)),Exists(on,Nominal(b))))]
	Feat 1997	(c=8)	weight -0.24544613664077:	Num[Forall(on,Or(Not(Nominal(a)),Exists(on,Nominal(b))))]
	Feat 2096	(c=8)	weight 0.13803364701135:	Num[Exists(Star(on),Or(Exists(on,Nominal(b)),Nominal(a)))]
	Feat 2231	(c=8)	weight 0.022203244724735:	Bool[And(And(clear,Nominal(a)),Exists(Star(on),Nominal(b)))]
	Feat 2677	(c=8)	weight 0.54625427575548:	Bool[And(Or(Not(Nominal(a)),clear),Exists(on,Nominal(b)))]
	Feat 2989	(c=6)	weight 0.12908633232805:	Dist[Nominal(a);on;Exists(on,Nominal(b))]
	Feat 3890	(c=7)	weight -0.79747257380964:	Bool[And(clear,Nominal(b))] Bool[And(holding,Nominal(a))]
	Feat 4662	(c=8)	weight -0.97003934351152:	Bool[And(Exists(on,Nominal(b)),Nominal(a))] Num[Not(ontable)]
Score -1.7686666514390623
Lambda=0.10438135203040155
	Feat 318	(c=6)	weight 0.015701044426431:	Num[Exists(Star(on),Or(Nominal(a),Nominal(b)))]
	Feat 493	(c=7)	weight -1.7871863447358e-15:	Num[Forall(Star(on),Not(Or(Nominal(a),Nominal(b))))]
	Feat 621	(c=7)	weight -0.087172253673285:	Num[Or(And(Exists(on,Nominal(b)),Nominal(a)),clear)]
	Feat 671	(c=7)	weight -0.81772931899024:	Bool[And(Exists(on,And(ontable,Nominal(b))),Nominal(a))]
	Feat 943	(c=7)	weight 0.5674199352089:	Bool[And(Exists(on,Nominal(b)),And(clear,Nominal(a)))]
	Feat 1095	(c=8)	weight 0.20388634537969:	Bool[And(Exists(Star(on),Exists(on,Nominal(b))),Nominal(a))]
	Feat 1115	(c=8)	weight 0.057585466060989:	Num[Or(Exists(Star(on),And(ontable,Nominal(a))),Nominal(b))]
	Feat 1125	(c=8)	weight -0.12111095152055:	Bool[And(Forall(Inverse(on),Or(clear,Nominal(a))),Nominal(b))]
	Feat 1162	(c=8)	weight 0.62958143580358:	Num[Or(Exists(Star(on),Or(Nominal(a),Nominal(b))),Nominal(a))]
	Feat 1164	(c=8)	weight 0.84624266705672:	Num[Or(Exists(Star(on),Or(Nominal(a),Nominal(b))),holding)]
	Feat 1349	(c=8)	weight -0.043863298320926:	Num[Or(Exists(on,And(ontable,Nominal(b))),Not(Nominal(a)))]
	Feat 1381	(c=8)	weight 0.13756619666289:	Num[Or(Not(And(Forall(on,Nominal(b)),Nominal(a))),ontable)]
	Feat 1498	(c=8)	weight 0.038497281338306:	Num[Not(And(Exists(on,And(ontable,Nominal(b))),Nominal(a)))]
	Feat 1667	(c=8)	weight 0.018802036566492:	Num[Not(Or(And(Exists(on,Nominal(b)),Nominal(a)),clear))]
	Feat 1799	(c=8)	weight 0.16702222837443:	Num[Or(And(Not(clear),Exists(on,Nominal(b))),Nominal(a))]
	Feat 1994	(c=8)	weight 6.2017017103744e-11:	Bool[Exists(on,And(Not(Nominal(a)),Exists(on,Nominal(b))))]
	Feat 1997	(c=8)	weight -0.28613239603656:	Num[Forall(on,Or(Not(Nominal(a)),Exists(on,Nominal(b))))]
	Feat 2096	(c=8)	weight 0.13243396848625:	Num[Exists(Star(on),Or(Exists(on,Nominal(b)),Nominal(a)))]
	Feat 2410	(c=8)	weight -0.012047093859359:	Num[Or(And(Not(clear),Nominal(a)),Or(ontable,Nominal(b)))]
	Feat 2573	(c=8)	weight -0.016373720471167:	Num[Or(Or(Not(Nominal(a)),holding),Exists(on,Nominal(b)))]
	Feat 2634	(c=8)	weight -3.918920473001e-12:	Bool[And(And(Not(ontable),Nominal(a)),Forall(on,Nominal(b)))]
	Feat 2677	(c=8)	weight 0.55488200029464:	Bool[And(Or(Not(Nominal(a)),clear),Exists(on,Nominal(b)))]
	Feat 2798	(c=8)	weight -0.052938161758187:	Num[Not(And(Exists(on,Nominal(b)),And(clear,Nominal(a))))]
	Feat 2949	(c=8)	weight -0.0010268540413492:	Num[Or(Forall(on,Not(Nominal(b))),Or(clear,Nominal(a)))]
	Feat 2989	(c=6)	weight 0.19304199045892:	Dist[Nominal(a);on;Exists(on,Nominal(b))]
	Feat 2993	(c=6)	weight 0.032798759208318:	Dist[Nominal(b);on;Exists(on,Nominal(a))]
	Feat 2995	(c=7)	weight 0.00033291469177043:	Dist[Nominal(b);Inverse(on);Or(clear,Nominal(a))]
	Feat 3890	(c=7)	weight -1.2668894207788:	Bool[And(clear,Nominal(b))] Bool[And(holding,Nominal(a))]
	Feat 3953	(c=8)	weight 0.052779557884232:	Bool[And(clear,Nominal(b))] Num[Exists(Star(on),Nominal(a))]
	Feat 4662	(c=8)	weight -1.0542117652223:	Bool[And(Exists(on,Nominal(b)),Nominal(a))] Num[Not(ontable)]
Score -0.6203400894068485
Lambda=0.06428306891657594
	Feat 671	(c=7)	weight -0.95631517128079:	Bool[And(Exists(on,And(ontable,Nominal(b))),Nominal(a))]
	Feat 696	(c=7)	weight -0.00034244814873183:	Num[Or(And(Exists(on,Nominal(b)),Nominal(a)),Nominal(b))]
	Feat 726	(c=7)	weight 3.1996299533289e-14:	Bool[Not(Or(Not(Nominal(a)),Exists(on,Nominal(b))))]
	Feat 943	(c=7)	weight 0.92664651209001:	Bool[And(Exists(on,Nominal(b)),And(clear,Nominal(a)))]
	Feat 945	(c=7)	weight -0.095315016559474:	Bool[And(Exists(on,Nominal(b)),Or(clear,Nominal(a)))]
	Feat 1030	(c=8)	weight -0.068012174807344:	Num[Or(Forall(on,Exists(Star(on),Nominal(b))),Nominal(a))]
	Feat 1095	(c=8)	weight 0.37026347805849:	Bool[And(Exists(Star(on),Exists(on,Nominal(b))),Nominal(a))]
	Feat 1115	(c=8)	weight 0.048999179551696:	Num[Or(Exists(Star(on),And(ontable,Nominal(a))),Nominal(b))]
	Feat 1125	(c=8)	weight -0.00029489260532863:	Bool[And(Forall(Inverse(on),Or(clear,Nominal(a))),Nominal(b))]
	Feat 1151	(c=8)	weight 0.072165189192296:	Bool[And(Forall(on,Exists(Star(on),Nominal(a))),Nominal(b))]
	Feat 1161	(c=8)	weight 0.033858154586216:	Num[Or(Exists(Star(on),Or(Nominal(a),Nominal(b))),Nominal(b))]
	Feat 1162	(c=8)	weight 0.58786383120808:	Num[Or(Exists(Star(on),Or(Nominal(a),Nominal(b))),Nominal(a))]
	Feat 1164	(c=8)	weight 0.92569982412061:	Num[Or(Exists(Star(on),Or(Nominal(a),Nominal(b))),holding)]
	Feat 1349	(c=8)	weight -0.028425283257105:	Num[Or(Exists(on,And(ontable,Nominal(b))),Not(Nominal(a)))]
	Feat 1381	(c=8)	weight 0.11408224261686:	Num[Or(Not(And(Forall(on,Nominal(b)),Nominal(a))),ontable)]
	Feat 1498	(c=8)	weight 0.042422278767954:	Num[Not(And(Exists(on,And(ontable,Nominal(b))),Nominal(a)))]
	Feat 1667	(c=8)	weight 0.069873992042928:	Num[Not(Or(And(Exists(on,Nominal(b)),Nominal(a)),clear))]
	Feat 1799	(c=8)	weight 0.098290106534171:	Num[Or(And(Not(clear),Exists(on,Nominal(b))),Nominal(a))]
	Feat 1994	(c=8)	weight 7.0327438820527e-11:	Bool[Exists(on,And(Not(Nominal(a)),Exists(on,Nominal(b))))]
	Feat 1997	(c=8)	weight -0.37357399606392:	Num[Forall(on,Or(Not(Nominal(a)),Exists(on,Nominal(b))))]
	Feat 2065	(c=8)	weight 0.016116200994038:	Num[Exists(Star(on),Exists(on,And(ontable,Nominal(a))))]
	Feat 2096	(c=8)	weight 0.050669382222628:	Num[Exists(Star(on),Or(Exists(on,Nominal(b)),Nominal(a)))]
	Feat 2496	(c=8)	weight -0.00021795872423702:	Num[Or(Not(Or(Nominal(a),Nominal(b))),Exists(on,Nominal(b)))]
	Feat 2573	(c=8)	weight -0.046779870934677:	Num[Or(Or(Not(Nominal(a)),holding),Exists(on,Nominal(b)))]
	Feat 2634	(c=8)	weight -6.6720168388103e-12:	Bool[And(And(Not(ontable),Nominal(a)),Forall(on,Nominal(b)))]
	Feat 2677	(c=8)	weight 0.43406467692719:	Bool[And(Or(Not(Nominal(a)),clear),Exists(on,Nominal(b)))]
	Feat 2798	(c=8)	weight -0.17442101566731:	Num[Not(And(Exists(on,Nominal(b)),And(clear,Nominal(a))))]
	Feat 2917	(c=8)	weight 0.022732418663978:	Num[And(Forall(on,Not(Nominal(b))),Or(Nominal(a),Nominal(b)))]
	Feat 2949	(c=8)	weight -0.0040932015885543:	Num[Or(Forall(on,Not(Nominal(b))),Or(clear,Nominal(a)))]
	Feat 2989	(c=6)	weight 0.1133910765222:	Dist[Nominal(a);on;Exists(on,Nominal(b))]
	Feat 2993	(c=6)	weight 0.07771114075637:	Dist[Nominal(b);on;Exists(on,Nominal(a))]
	Feat 2995	(c=7)	weight 0.18182602156575:	Dist[Nominal(b);Inverse(on);Or(clear,Nominal(a))]
	Feat 3533	(c=7)	weight -0.16681171818383:	Bool[holding] Bool[And(Exists(on,Nominal(b)),Nominal(a))]
	Feat 3890	(c=7)	weight -1.4935014308724:	Bool[And(clear,Nominal(b))] Bool[And(holding,Nominal(a))]
	Feat 3953	(c=8)	weight 0.082543934317379:	Bool[And(clear,Nominal(b))] Num[Exists(Star(on),Nominal(a))]
	Feat 4106	(c=8)	weight 0.03006081208845:	Bool[And(holding,Nominal(b))] Num[Exists(Star(on),Nominal(a))]
	Feat 4662	(c=8)	weight -1.0755776070112:	Bool[And(Exists(on,Nominal(b)),Nominal(a))] Num[Not(ontable)]
	Feat 4664	(c=8)	weight -4.9392056595094e-05:	Bool[And(Exists(on,Nominal(b)),Nominal(a))] Num[Forall(on,<empty>)]
Score -0.1957664222324924
Lambda=0.03958861299410738
	Feat 125	(c=5)	weight -0.020208590563121:	Bool[And(Exists(on,Nominal(b)),Nominal(a))]
	Feat 318	(c=6)	weight 0.077144680938408:	Num[Exists(Star(on),Or(Nominal(a),Nominal(b)))]
	Feat 553	(c=7)	weight 0.012162111643885:	Bool[Exists(on,Exists(on,And(ontable,Nominal(a))))]
	Feat 671	(c=7)	weight -0.73996804412798:	Bool[And(Exists(on,And(ontable,Nominal(b))),Nominal(a))]
	Feat 696	(c=7)	weight -0.00013050435349414:	Num[Or(And(Exists(on,Nominal(b)),Nominal(a)),Nominal(b))]
	Feat 726	(c=7)	weight 1.4244059369509e-14:	Bool[Not(Or(Not(Nominal(a)),Exists(on,Nominal(b))))]
	Feat 943	(c=7)	weight 1.0327157180346:	Bool[And(Exists(on,Nominal(b)),And(clear,Nominal(a)))]
	Feat 945	(c=7)	weight -0.05803644006227:	Bool[And(Exists(on,Nominal(b)),Or(clear,Nominal(a)))]
	Feat 1030	(c=8)	weight -0.11268324424164:	Num[Or(Forall(on,Exists(Star(on),Nominal(b))),Nominal(a))]
	Feat 1095	(c=8)	weight 0.43620354916517:	Bool[And(Exists(Star(on),Exists(on,Nominal(b))),Nominal(a))]
	Feat 1115	(c=8)	weight 0.2596540669331:	Num[Or(Exists(Star(on),And(ontable,Nominal(a))),Nominal(b))]
	Feat 1125	(c=8)	weight -0.065214562483547:	Bool[And(Forall(Inverse(on),Or(clear,Nominal(a))),Nominal(b))]
	Feat 1151	(c=8)	weight 0.07841975791157:	Bool[And(Forall(on,Exists(Star(on),Nominal(a))),Nominal(b))]
	Feat 1161	(c=8)	weight 0.00012695664148432:	Num[Or(Exists(Star(on),Or(Nominal(a),Nominal(b))),Nominal(b))]
	Feat 1162	(c=8)	weight 0.52679205233214:	Num[Or(Exists(Star(on),Or(Nominal(a),Nominal(b))),Nominal(a))]
	Feat 1164	(c=8)	weight 1.0113077313707:	Num[Or(Exists(Star(on),Or(Nominal(a),Nominal(b))),holding)]
	Feat 1349	(c=8)	weight -0.025172362366473:	Num[Or(Exists(on,And(ontable,Nominal(b))),Not(Nominal(a)))]
	Feat 1381	(c=8)	weight 0.12867714376629:	Num[Or(Not(And(Forall(on,Nominal(b)),Nominal(a))),ontable)]
	Feat 1498	(c=8)	weight 0.048886573397182:	Num[Not(And(Exists(on,And(ontable,Nominal(b))),Nominal(a)))]
	Feat 1574	(c=8)	weight -0.010393923470315:	Num[Or(Forall(on,Not(And(ontable,Nominal(a)))),clear)]
	Feat 1997	(c=8)	weight -0.42615887080055:	Num[Forall(on,Or(Not(Nominal(a)),Exists(on,Nominal(b))))]
	Feat 2065	(c=8)	weight 0.20573231706325:	Num[Exists(Star(on),Exists(on,And(ontable,Nominal(a))))]
	Feat 2096	(c=8)	weight 0.014392286693147:	Num[Exists(Star(on),Or(Exists(on,Nominal(b)),Nominal(a)))]
	Feat 2103	(c=8)	weight -0.34389290266584:	Num[Exists(Star(on),And(Forall(on,Nominal(b)),Nominal(a)))]
	Feat 2496	(c=8)	weight -0.028800035207096:	Num[Or(Not(Or(Nominal(a),Nominal(b))),Exists(on,Nominal(b)))]
	Feat 2677	(c=8)	weight 0.23533221707395:	Bool[And(Or(Not(Nominal(a)),clear),Exists(on,Nominal(b)))]
	Feat 2791	(c=8)	weight 0.0069037972289013:	Num[Not(And(Exists(on,Nominal(b)),Or(clear,Nominal(a))))]
	Feat 2798	(c=8)	weight -0.10348361678715:	Num[Not(And(Exists(on,Nominal(b)),And(clear,Nominal(a))))]
	Feat 2917	(c=8)	weight 0.28657570047883:	Num[And(Forall(on,Not(Nominal(b))),Or(Nominal(a),Nominal(b)))]
	Feat 2949	(c=8)	weight -0.0008425793098954:	Num[Or(Forall(on,Not(Nominal(b))),Or(clear,Nominal(a)))]
	Feat 2989	(c=6)	weight 0.063178836114423:	Dist[Nominal(a);on;Exists(on,Nominal(b))]
	Feat 2993	(c=6)	weight 0.098635557061379:	Dist[Nominal(b);on;Exists(on,Nominal(a))]
	Feat 2995	(c=7)	weight 0.27140611026205:	Dist[Nominal(b);Inverse(on);Or(clear,Nominal(a))]
	Feat 3533	(c=7)	weight -0.29873005848959:	Bool[holding] Bool[And(Exists(on,Nominal(b)),Nominal(a))]
	Feat 3890	(c=7)	weight -1.6865406375515:	Bool[And(clear,Nominal(b))] Bool[And(holding,Nominal(a))]
	Feat 3953	(c=8)	weight 0.076157375106628:	Bool[And(clear,Nominal(b))] Num[Exists(Star(on),Nominal(a))]
	Feat 4106	(c=8)	weight 0.043160524313693:	Bool[And(holding,Nominal(b))] Num[Exists(Star(on),Nominal(a))]
	Feat 4662	(c=8)	weight -0.91981375840874:	Bool[And(Exists(on,Nominal(b)),Nominal(a))] Num[Not(ontable)]
	Feat 4664	(c=8)	weight -0.11162392270077:	Bool[And(Exists(on,Nominal(b)),Nominal(a))] Num[Forall(on,<empty>)]
Score -0.3476491904880461
Lambda=0.02438057649100628
	Feat 318	(c=6)	weight 0.093094552087286:	Num[Exists(Star(on),Or(Nominal(a),Nominal(b)))]
	Feat 330	(c=6)	weight 0.033677567727831:	Num[Exists(Star(on),And(ontable,Nominal(a)))]
	Feat 483	(c=7)	weight -3.243424275938e-14:	Num[Forall(Star(on),Not(And(ontable,Nominal(a))))]
	Feat 493	(c=7)	weight -0.017567549686769:	Num[Forall(Star(on),Not(Or(Nominal(a),Nominal(b))))]
	Feat 553	(c=7)	weight 0.046225642835274:	Bool[Exists(on,Exists(on,And(ontable,Nominal(a))))]
	Feat 671	(c=7)	weight -0.46423158103094:	Bool[And(Exists(on,And(ontable,Nominal(b))),Nominal(a))]
	Feat 672	(c=7)	weight 0.0042547870218563:	Num[Or(Exists(on,And(ontable,Nominal(b))),Nominal(a))]
	Feat 943	(c=7)	weight 0.60248443935729:	Bool[And(Exists(on,Nominal(b)),And(clear,Nominal(a)))]
	Feat 945	(c=7)	weight -0.069902427088961:	Bool[And(Exists(on,Nominal(b)),Or(clear,Nominal(a)))]
	Feat 1030	(c=8)	weight -0.082979474148003:	Num[Or(Forall(on,Exists(Star(on),Nominal(b))),Nominal(a))]
	Feat 1095	(c=8)	weight 0.50746292380623:	Bool[And(Exists(Star(on),Exists(on,Nominal(b))),Nominal(a))]
	Feat 1115	(c=8)	weight 0.19337671906846:	Num[Or(Exists(Star(on),And(ontable,Nominal(a))),Nominal(b))]
	Feat 1117	(c=8)	weight 0.00087607132311087:	Num[Or(Exists(Star(on),And(ontable,Nominal(a))),Nominal(a))]
	Feat 1125	(c=8)	weight -0.005983472911763:	Bool[And(Forall(Inverse(on),Or(clear,Nominal(a))),Nominal(b))]
	Feat 1151	(c=8)	weight 0.052268716853742:	Bool[And(Forall(on,Exists(Star(on),Nominal(a))),Nominal(b))]
	Feat 1161	(c=8)	weight 0.028526103718923:	Num[Or(Exists(Star(on),Or(Nominal(a),Nominal(b))),Nominal(b))]
	Feat 1162	(c=8)	weight 0.55728976947356:	Num[Or(Exists(Star(on),Or(Nominal(a),Nominal(b))),Nominal(a))]
	Feat 1163	(c=8)	weight 0.0019588757819528:	Num[Or(Exists(Star(on),Or(Nominal(a),Nominal(b))),ontable)]
	Feat 1164	(c=8)	weight 1.0105162389322:	Num[Or(Exists(Star(on),Or(Nominal(a),Nominal(b))),holding)]
	Feat 1349	(c=8)	weight -0.023048723426103:	Num[Or(Exists(on,And(ontable,Nominal(b))),Not(Nominal(a)))]
	Feat 1350	(c=8)	weight 0.00030952470663836:	Bool[And(Exists(on,And(ontable,Nominal(b))),Not(Nominal(a)))]
	Feat 1381	(c=8)	weight 0.0011916616973625:	Num[Or(Not(And(Forall(on,Nominal(b)),Nominal(a))),ontable)]
	Feat 1498	(c=8)	weight 0.049273352976262:	Num[Not(And(Exists(on,And(ontable,Nominal(b))),Nominal(a)))]
	Feat 1499	(c=8)	weight -3.2430990845826e-05:	Num[Not(Or(Exists(on,And(ontable,Nominal(b))),Nominal(a)))]
	Feat 1574	(c=8)	weight -0.0082038551095573:	Num[Or(Forall(on,Not(And(ontable,Nominal(a)))),clear)]
	Feat 1997	(c=8)	weight -0.3296602608577:	Num[Forall(on,Or(Not(Nominal(a)),Exists(on,Nominal(b))))]
	Feat 2062	(c=8)	weight 0.00010688570831643:	Num[Exists(Star(on),Exists(on,Or(Nominal(a),Nominal(b))))]
	Feat 2065	(c=8)	weight 0.17935562768609:	Num[Exists(Star(on),Exists(on,And(ontable,Nominal(a))))]
	Feat 2093	(c=8)	weight 0.0044822507299054:	Num[Forall(on,Exists(Star(on),Or(Nominal(a),Nominal(b))))]
	Feat 2096	(c=8)	weight 0.019381887557914:	Num[Exists(Star(on),Or(Exists(on,Nominal(b)),Nominal(a)))]
	Feat 2103	(c=8)	weight -0.87970335635592:	Num[Exists(Star(on),And(Forall(on,Nominal(b)),Nominal(a)))]
	Feat 2496	(c=8)	weight -0.029455888928845:	Num[Or(Not(Or(Nominal(a),Nominal(b))),Exists(on,Nominal(b)))]
	Feat 2573	(c=8)	weight -0.089314841144348:	Num[Or(Or(Not(Nominal(a)),holding),Exists(on,Nominal(b)))]
	Feat 2634	(c=8)	weight -5.8782258032953e-12:	Bool[And(And(Not(ontable),Nominal(a)),Forall(on,Nominal(b)))]
	Feat 2677	(c=8)	weight 0.18378114346259:	Bool[And(Or(Not(Nominal(a)),clear),Exists(on,Nominal(b)))]
	Feat 2791	(c=8)	weight 0.0013637801774636:	Num[Not(And(Exists(on,Nominal(b)),Or(clear,Nominal(a))))]
	Feat 2798	(c=8)	weight -0.13687817436861:	Num[Not(And(Exists(on,Nominal(b)),And(clear,Nominal(a))))]
	Feat 2917	(c=8)	weight 0.53539380099739:	Num[And(Forall(on,Not(Nominal(b))),Or(Nominal(a),Nominal(b)))]
	Feat 2949	(c=8)	weight -0.00070381506104606:	Num[Or(Forall(on,Not(Nominal(b))),Or(clear,Nominal(a)))]
	Feat 2989	(c=6)	weight 0.033386406922295:	Dist[Nominal(a);on;Exists(on,Nominal(b))]
	Feat 2993	(c=6)	weight 0.08730343342871:	Dist[Nominal(b);on;Exists(on,Nominal(a))]
	Feat 2995	(c=7)	weight 0.2152853342173:	Dist[Nominal(b);Inverse(on);Or(clear,Nominal(a))]
	Feat 2997	(c=7)	weight -0.0046523335911961:	Dist[Nominal(a);Restrict(on,Not(Nominal(b)));ontable]
	Feat 3533	(c=7)	weight -0.43260375309122:	Bool[holding] Bool[And(Exists(on,Nominal(b)),Nominal(a))]
	Feat 3890	(c=7)	weight -1.8064315146973:	Bool[And(clear,Nominal(b))] Bool[And(holding,Nominal(a))]
	Feat 3953	(c=8)	weight 0.05781787864044:	Bool[And(clear,Nominal(b))] Num[Exists(Star(on),Nominal(a))]
	Feat 4106	(c=8)	weight 0.039427545033085:	Bool[And(holding,Nominal(b))] Num[Exists(Star(on),Nominal(a))]
	Feat 4181	(c=8)	weight 0.55487490857554:	Bool[And(ontable,Nominal(a))] Num[Exists(Star(on),Nominal(a))]
	Feat 4662	(c=8)	weight -0.71775092695192:	Bool[And(Exists(on,Nominal(b)),Nominal(a))] Num[Not(ontable)]
	Feat 4664	(c=8)	weight -0.18575702792353:	Bool[And(Exists(on,Nominal(b)),Nominal(a))] Num[Forall(on,<empty>)]
Score -0.2208962255736271
Lambda=0.015014734416744637
	Feat 318	(c=6)	weight 0.093254303808411:	Num[Exists(Star(on),Or(Nominal(a),Nominal(b)))]
	Feat 330	(c=6)	weight 0.057179656729798:	Num[Exists(Star(on),And(ontable,Nominal(a)))]
	Feat 483	(c=7)	weight -1.0062600866897e-12:	Num[Forall(Star(on),Not(And(ontable,Nominal(a))))]
	Feat 493	(c=7)	weight -0.052160844555536:	Num[Forall(Star(on),Not(Or(Nominal(a),Nominal(b))))]
	Feat 553	(c=7)	weight 0.027597058707485:	Bool[Exists(on,Exists(on,And(ontable,Nominal(a))))]
	Feat 671	(c=7)	weight -0.26330209995853:	Bool[And(Exists(on,And(ontable,Nominal(b))),Nominal(a))]
	Feat 943	(c=7)	weight 0.35995474719504:	Bool[And(Exists(on,Nominal(b)),And(clear,Nominal(a)))]
	Feat 945	(c=7)	weight -0.046748833212218:	Bool[And(Exists(on,Nominal(b)),Or(clear,Nominal(a)))]
	Feat 1030	(c=8)	weight -0.078512501546452:	Num[Or(Forall(on,Exists(Star(on),Nominal(b))),Nominal(a))]
	Feat 1095	(c=8)	weight 0.53163394894339:	Bool[And(Exists(Star(on),Exists(on,Nominal(b))),Nominal(a))]
	Feat 1115	(c=8)	weight 0.11303055171904:	Num[Or(Exists(Star(on),And(ontable,Nominal(a))),Nominal(b))]
	Feat 1117	(c=8)	weight 0.0061714280009891:	Num[Or(Exists(Star(on),And(ontable,Nominal(a))),Nominal(a))]
	Feat 1125	(c=8)	weight -0.00024952567175932:	Bool[And(Forall(Inverse(on),Or(clear,Nominal(a))),Nominal(b))]
	Feat 1151	(c=8)	weight 0.025683768478655:	Bool[And(Forall(on,Exists(Star(on),Nominal(a))),Nominal(b))]
	Feat 1161	(c=8)	weight 0.032588270198676:	Num[Or(Exists(Star(on),Or(Nominal(a),Nominal(b))),Nominal(b))]
	Feat 1162	(c=8)	weight 0.57116886425878:	Num[Or(Exists(Star(on),Or(Nominal(a),Nominal(b))),Nominal(a))]
	Feat 1163	(c=8)	weight 0.020951672303035:	Num[Or(Exists(Star(on),Or(Nominal(a),Nominal(b))),ontable)]
	Feat 1164	(c=8)	weight 1.0222846034192:	Num[Or(Exists(Star(on),Or(Nominal(a),Nominal(b))),holding)]
	Feat 1349	(c=8)	weight -0.023297188653543:	Num[Or(Exists(on,And(ontable,Nominal(b))),Not(Nominal(a)))]
	Feat 1350	(c=8)	weight 0.011897124822449:	Bool[And(Exists(on,And(ontable,Nominal(b))),Not(Nominal(a)))]
	Feat 1498	(c=8)	weight 0.049312153885281:	Num[Not(And(Exists(on,And(ontable,Nominal(b))),Nominal(a)))]
	Feat 1557	(c=8)	weight 1.2560609074971e-13:	Bool[And(Forall(on,Not(And(ontable,Nominal(b)))),Nominal(a))]
	Feat 1574	(c=8)	weight -0.0079689764642102:	Num[Or(Forall(on,Not(And(ontable,Nominal(a)))),clear)]
	Feat 1997	(c=8)	weight -0.25891745098974:	Num[Forall(on,Or(Not(Nominal(a)),Exists(on,Nominal(b))))]
	Feat 2062	(c=8)	weight 0.025888975633028:	Num[Exists(Star(on),Exists(on,Or(Nominal(a),Nominal(b))))]
	Feat 2065	(c=8)	weight 0.14576964973781:	Num[Exists(Star(on),Exists(on,And(ontable,Nominal(a))))]
	Feat 2093	(c=8)	weight 0.013826660115406:	Num[Forall(on,Exists(Star(on),Or(Nominal(a),Nominal(b))))]
	Feat 2096	(c=8)	weight 0.00011717760811152:	Num[Exists(Star(on),Or(Exists(on,Nominal(b)),Nominal(a)))]
	Feat 2103	(c=8)	weight -1.2681011574573:	Num[Exists(Star(on),And(Forall(on,Nominal(b)),Nominal(a)))]
	Feat 2410	(c=8)	weight -0.0050840298666693:	Num[Or(And(Not(clear),Nominal(a)),Or(ontable,Nominal(b)))]
	Feat 2496	(c=8)	weight -0.03401670426979:	Num[Or(Not(Or(Nominal(a),Nominal(b))),Exists(on,Nominal(b)))]
	Feat 2573	(c=8)	weight -0.063052113989164:	Num[Or(Or(Not(Nominal(a)),holding),Exists(on,Nominal(b)))]
	Feat 2634	(c=8)	weight -9.6661644731291e-12:	Bool[And(And(Not(ontable),Nominal(a)),Forall(on,Nominal(b)))]
	Feat 2677	(c=8)	weight 0.10623421927561:	Bool[And(Or(Not(Nominal(a)),clear),Exists(on,Nominal(b)))]
	Feat 2798	(c=8)	weight -0.11699880244684:	Num[Not(And(Exists(on,Nominal(b)),And(clear,Nominal(a))))]
	Feat 2917	(c=8)	weight 0.78022086862932:	Num[And(Forall(on,Not(Nominal(b))),Or(Nominal(a),Nominal(b)))]
	Feat 2949	(c=8)	weight -0.00012721641564028:	Num[Or(Forall(on,Not(Nominal(b))),Or(clear,Nominal(a)))]
	Feat 2989	(c=6)	weight 0.018227885864327:	Dist[Nominal(a);on;Exists(on,Nominal(b))]
	Feat 2993	(c=6)	weight 0.057889745323296:	Dist[Nominal(b);on;Exists(on,Nominal(a))]
	Feat 2995	(c=7)	weight 0.16228565155045:	Dist[Nominal(b);Inverse(on);Or(clear,Nominal(a))]
	Feat 2997	(c=7)	weight -5.9815103256731e-05:	Dist[Nominal(a);Restrict(on,Not(Nominal(b)));ontable]
	Feat 3533	(c=7)	weight -0.53083183951654:	Bool[holding] Bool[And(Exists(on,Nominal(b)),Nominal(a))]
	Feat 3890	(c=7)	weight -1.8851854154913:	Bool[And(clear,Nominal(b))] Bool[And(holding,Nominal(a))]
	Feat 3953	(c=8)	weight 0.038560727159606:	Bool[And(clear,Nominal(b))] Num[Exists(Star(on),Nominal(a))]
	Feat 4106	(c=8)	weight 0.027536963443922:	Bool[And(holding,Nominal(b))] Num[Exists(Star(on),Nominal(a))]
	Feat 4181	(c=8)	weight 0.99679195030701:	Bool[And(ontable,Nominal(a))] Num[Exists(Star(on),Nominal(a))]
	Feat 4662	(c=8)	weight -0.56367771962529:	Bool[And(Exists(on,Nominal(b)),Nominal(a))] Num[Not(ontable)]
	Feat 4664	(c=8)	weight -0.23027972158888:	Bool[And(Exists(on,Nominal(b)),Nominal(a))] Num[Forall(on,<empty>)]
Score -0.5742000041387887
Lambda=0.00924679733018368
	Feat 318	(c=6)	weight 0.10694228417999:	Num[Exists(Star(on),Or(Nominal(a),Nominal(b)))]
	Feat 330	(c=6)	weight 0.069654431505736:	Num[Exists(Star(on),And(ontable,Nominal(a)))]
	Feat 483	(c=7)	weight -1.47640200721e-12:	Num[Forall(Star(on),Not(And(ontable,Nominal(a))))]
	Feat 493	(c=7)	weight -0.073049843447821:	Num[Forall(Star(on),Not(Or(Nominal(a),Nominal(b))))]
	Feat 553	(c=7)	weight 0.019017580842224:	Bool[Exists(on,Exists(on,And(ontable,Nominal(a))))]
	Feat 671	(c=7)	weight -0.14372828453302:	Bool[And(Exists(on,And(ontable,Nominal(b))),Nominal(a))]
	Feat 892	(c=7)	weight 0.0019398254602163:	Bool[And(Exists(on,ontable),And(clear,Nominal(a)))]
	Feat 943	(c=7)	weight 0.20493720175096:	Bool[And(Exists(on,Nominal(b)),And(clear,Nominal(a)))]
	Feat 945	(c=7)	weight -0.028630442764599:	Bool[And(Exists(on,Nominal(b)),Or(clear,Nominal(a)))]
	Feat 1030	(c=8)	weight -0.057809920752382:	Num[Or(Forall(on,Exists(Star(on),Nominal(b))),Nominal(a))]
	Feat 1095	(c=8)	weight 0.5481379852195:	Bool[And(Exists(Star(on),Exists(on,Nominal(b))),Nominal(a))]
	Feat 1115	(c=8)	weight 0.072004567012454:	Num[Or(Exists(Star(on),And(ontable,Nominal(a))),Nominal(b))]
	Feat 1117	(c=8)	weight 0.0083961372885067:	Num[Or(Exists(Star(on),And(ontable,Nominal(a))),Nominal(a))]
	Feat 1125	(c=8)	weight -0.0002021417603135:	Bool[And(Forall(Inverse(on),Or(clear,Nominal(a))),Nominal(b))]
	Feat 1151	(c=8)	weight 0.010821420700253:	Bool[And(Forall(on,Exists(Star(on),Nominal(a))),Nominal(b))]
	Feat 1161	(c=8)	weight 0.030100583300041:	Num[Or(Exists(Star(on),Or(Nominal(a),Nominal(b))),Nominal(b))]
	Feat 1162	(c=8)	weight 0.57455774264508:	Num[Or(Exists(Star(on),Or(Nominal(a),Nominal(b))),Nominal(a))]
	Feat 1163	(c=8)	weight 0.036278967069612:	Num[Or(Exists(Star(on),Or(Nominal(a),Nominal(b))),ontable)]
	Feat 1164	(c=8)	weight 1.0313566117895:	Num[Or(Exists(Star(on),Or(Nominal(a),Nominal(b))),holding)]
	Feat 1349	(c=8)	weight -0.023538620225588:	Num[Or(Exists(on,And(ontable,Nominal(b))),Not(Nominal(a)))]
	Feat 1350	(c=8)	weight 0.0089015729045839:	Bool[And(Exists(on,And(ontable,Nominal(b))),Not(Nominal(a)))]
	Feat 1498	(c=8)	weight 0.049309740010642:	Num[Not(And(Exists(on,And(ontable,Nominal(b))),Nominal(a)))]
	Feat 1499	(c=8)	weight -1.1792937878713e-07:	Num[Not(Or(Exists(on,And(ontable,Nominal(b))),Nominal(a)))]
	Feat 1574	(c=8)	weight -0.0077381237965408:	Num[Or(Forall(on,Not(And(ontable,Nominal(a)))),clear)]
	Feat 1806	(c=8)	weight 0.00015603639806949:	Num[And(And(Not(clear),Or(Nominal(a),Nominal(b))),ontable)]
	Feat 1997	(c=8)	weight -0.19143582405699:	Num[Forall(on,Or(Not(Nominal(a)),Exists(on,Nominal(b))))]
	Feat 2062	(c=8)	weight 0.037262818716842:	Num[Exists(Star(on),Exists(on,Or(Nominal(a),Nominal(b))))]
	Feat 2065	(c=8)	weight 0.10858287973743:	Num[Exists(Star(on),Exists(on,And(ontable,Nominal(a))))]
	Feat 2096	(c=8)	weight 0.0001391739642633:	Num[Exists(Star(on),Or(Exists(on,Nominal(b)),Nominal(a)))]
	Feat 2103	(c=8)	weight -1.522090425247:	Num[Exists(Star(on),And(Forall(on,Nominal(b)),Nominal(a)))]
	Feat 2410	(c=8)	weight -0.010605040166964:	Num[Or(And(Not(clear),Nominal(a)),Or(ontable,Nominal(b)))]
	Feat 2496	(c=8)	weight -0.037960393888049:	Num[Or(Not(Or(Nominal(a),Nominal(b))),Exists(on,Nominal(b)))]
	Feat 2573	(c=8)	weight -0.037199025115509:	Num[Or(Or(Not(Nominal(a)),holding),Exists(on,Nominal(b)))]
	Feat 2634	(c=8)	weight -1.143601951335e-11:	Bool[And(And(Not(ontable),Nominal(a)),Forall(on,Nominal(b)))]
	Feat 2677	(c=8)	weight 0.067806776962495:	Bool[And(Or(Not(Nominal(a)),clear),Exists(on,Nominal(b)))]
	Feat 2798	(c=8)	weight -0.095912764036634:	Num[Not(And(Exists(on,Nominal(b)),And(clear,Nominal(a))))]
	Feat 2917	(c=8)	weight 0.93215688438298:	Num[And(Forall(on,Not(Nominal(b))),Or(Nominal(a),Nominal(b)))]
	Feat 2949	(c=8)	weight -0.0001642696418649:	Num[Or(Forall(on,Not(Nominal(b))),Or(clear,Nominal(a)))]
	Feat 2989	(c=6)	weight 0.010005437607629:	Dist[Nominal(a);on;Exists(on,Nominal(b))]
	Feat 2993	(c=6)	weight 0.042948801733022:	Dist[Nominal(b);on;Exists(on,Nominal(a))]
	Feat 2995	(c=7)	weight 0.11489964865223:	Dist[Nominal(b);Inverse(on);Or(clear,Nominal(a))]
	Feat 3533	(c=7)	weight -0.59144344586318:	Bool[holding] Bool[And(Exists(on,Nominal(b)),Nominal(a))]
	Feat 3890	(c=7)	weight -1.9307572022798:	Bool[And(clear,Nominal(b))] Bool[And(holding,Nominal(a))]
	Feat 3953	(c=8)	weight 0.026667155446294:	Bool[And(clear,Nominal(b))] Num[Exists(Star(on),Nominal(a))]
	Feat 4106	(c=8)	weight 0.021660365955958:	Bool[And(holding,Nominal(b))] Num[Exists(Star(on),Nominal(a))]
	Feat 4181	(c=8)	weight 1.2949549039679:	Bool[And(ontable,Nominal(a))] Num[Exists(Star(on),Nominal(a))]
	Feat 4662	(c=8)	weight -0.47116296383919:	Bool[And(Exists(on,Nominal(b)),Nominal(a))] Num[Not(ontable)]
	Feat 4664	(c=8)	weight -0.25807084327742:	Bool[And(Exists(on,Nominal(b)),Nominal(a))] Num[Forall(on,<empty>)]
Score -1.03317899874774
