Considering 48 features
Lasso Method
----------

Lambda=1.9697264867610762
Score 1.1102230246251565e-16
Lambda=1.2130525331611781
	Feat 1422	(c=8)	weight 1.1057121196673:	Bool[And(Forall(on,Or(Not(Nominal(b)),ontable)),Nominal(a))]
	Feat 1707	(c=8)	weight 0.02844815708453:	Num[Or(Exists(on,Exists(on,Exists(on,<universe>))),Nominal(b))]
	Feat 2372	(c=8)	weight 0.51090807623253:	Num[Or(And(holding,Nominal(a)),Exists(Star(on),Nominal(a)))]
	Feat 2677	(c=8)	weight 0.93710843755219:	Bool[And(Or(Not(Nominal(a)),clear),Exists(on,Nominal(b)))]
Score -0.39918843830903805
Lambda=0.7470562324764233
	Feat 689	(c=7)	weight -0.21302357973432:	Num[Or(Forall(on,Or(ontable,Nominal(b))),Nominal(b))]
	Feat 1422	(c=8)	weight 2.8899195205696:	Bool[And(Forall(on,Or(Not(Nominal(b)),ontable)),Nominal(a))]
	Feat 1707	(c=8)	weight 0.11092262532791:	Num[Or(Exists(on,Exists(on,Exists(on,<universe>))),Nominal(b))]
	Feat 2372	(c=8)	weight 0.73390648172006:	Num[Or(And(holding,Nominal(a)),Exists(Star(on),Nominal(a)))]
	Feat 2677	(c=8)	weight 1.8088867929583:	Bool[And(Or(Not(Nominal(a)),clear),Exists(on,Nominal(b)))]
Score -1.1035671195202665
Lambda=0.4600732443363308
	Feat 25	(c=3)	weight 0.0091744170767553:	Bool[Exists(on,Nominal(a))]
	Feat 334	(c=6)	weight 0.010295086457665:	Num[Or(Not(clear),Exists(on,Nominal(a)))]
	Feat 689	(c=7)	weight -0.3593238008617:	Num[Or(Forall(on,Or(ontable,Nominal(b))),Nominal(b))]
	Feat 1422	(c=8)	weight 3.9923292103645:	Bool[And(Forall(on,Or(Not(Nominal(b)),ontable)),Nominal(a))]
	Feat 1454	(c=8)	weight -0.072413015850077:	Num[Or(Exists(on,And(Not(Nominal(a)),ontable)),holding)]
	Feat 1707	(c=8)	weight 0.12185229153433:	Num[Or(Exists(on,Exists(on,Exists(on,<universe>))),Nominal(b))]
	Feat 2372	(c=8)	weight 0.85264244657273:	Num[Or(And(holding,Nominal(a)),Exists(Star(on),Nominal(a)))]
	Feat 2677	(c=8)	weight 2.3285830092824:	Bool[And(Or(Not(Nominal(a)),clear),Exists(on,Nominal(b)))]
	Feat 3890	(c=7)	weight -0.49500621672369:	Bool[And(clear,Nominal(b))] Bool[And(holding,Nominal(a))]
Score -1.5107924433576518
Lambda=0.2833352844838722
	Feat 25	(c=3)	weight 0.27615722000573:	Bool[Exists(on,Nominal(a))]
	Feat 334	(c=6)	weight 0.030343307409637:	Num[Or(Not(clear),Exists(on,Nominal(a)))]
	Feat 689	(c=7)	weight -0.46958802554935:	Num[Or(Forall(on,Or(ontable,Nominal(b))),Nominal(b))]
	Feat 1422	(c=8)	weight 4.6745161145736:	Bool[And(Forall(on,Or(Not(Nominal(b)),ontable)),Nominal(a))]
	Feat 1454	(c=8)	weight -0.34844565230276:	Num[Or(Exists(on,And(Not(Nominal(a)),ontable)),holding)]
	Feat 1707	(c=8)	weight 0.028896415108545:	Num[Or(Exists(on,Exists(on,Exists(on,<universe>))),Nominal(b))]
	Feat 2372	(c=8)	weight 0.81039194431762:	Num[Or(And(holding,Nominal(a)),Exists(Star(on),Nominal(a)))]
	Feat 2677	(c=8)	weight 2.6877473879454:	Bool[And(Or(Not(Nominal(a)),clear),Exists(on,Nominal(b)))]
	Feat 3156	(c=7)	weight -0.11363620381908:	Atom[handempty] Num[Forall(on,Exists(on,ontable))]
	Feat 3890	(c=7)	weight -1.3846665882055:	Bool[And(clear,Nominal(b))] Bool[And(holding,Nominal(a))]
Score -1.1812918290586074
Lambda=0.17449152808127635
	Feat 25	(c=3)	weight 0.65812473445956:	Bool[Exists(on,Nominal(a))]
	Feat 689	(c=7)	weight -0.53865600419084:	Num[Or(Forall(on,Or(ontable,Nominal(b))),Nominal(b))]
	Feat 1422	(c=8)	weight 4.7276941701447:	Bool[And(Forall(on,Or(Not(Nominal(b)),ontable)),Nominal(a))]
	Feat 1454	(c=8)	weight -0.72948789563532:	Num[Or(Exists(on,And(Not(Nominal(a)),ontable)),holding)]
	Feat 2314	(c=8)	weight 0.19824301574035:	Num[Or(Or(Nominal(a),Nominal(b)),Exists(Inverse(on),clear))]
	Feat 2372	(c=8)	weight 0.70381253893443:	Num[Or(And(holding,Nominal(a)),Exists(Star(on),Nominal(a)))]
	Feat 2677	(c=8)	weight 3.4874186482257:	Bool[And(Or(Not(Nominal(a)),clear),Exists(on,Nominal(b)))]
	Feat 3156	(c=7)	weight -0.12131034621423:	Atom[handempty] Num[Forall(on,Exists(on,ontable))]
	Feat 3624	(c=8)	weight 0.28319524046012:	Bool[holding] Num[Or(Exists(Inverse(on),clear),Nominal(b))]
	Feat 3890	(c=7)	weight -2.0143661704704:	Bool[And(clear,Nominal(b))] Bool[And(holding,Nominal(a))]
	Feat 4265	(c=6)	weight -0.16707453967468:	Bool[Exists(on,Nominal(b))] Num[Forall(on,<empty>)]
Score -1.1270844342104582
Lambda=0.10746029541503134
	Feat 22	(c=3)	weight -1.6269229204492:	Bool[Exists(on,Nominal(b))]
	Feat 25	(c=3)	weight 1.1143519382512:	Bool[Exists(on,Nominal(a))]
	Feat 334	(c=6)	weight 0.051890150887494:	Num[Or(Not(clear),Exists(on,Nominal(a)))]
	Feat 569	(c=7)	weight -0.12543204681949:	Num[Exists(Star(on),And(Not(Nominal(b)),ontable))]
	Feat 689	(c=7)	weight -0.47581870703871:	Num[Or(Forall(on,Or(ontable,Nominal(b))),Nominal(b))]
	Feat 1151	(c=8)	weight 0.11607435505307:	Bool[And(Forall(on,Exists(Star(on),Nominal(a))),Nominal(b))]
	Feat 1422	(c=8)	weight 3.9479753857403:	Bool[And(Forall(on,Or(Not(Nominal(b)),ontable)),Nominal(a))]
	Feat 1454	(c=8)	weight -1.0094548362023:	Num[Or(Exists(on,And(Not(Nominal(a)),ontable)),holding)]
	Feat 1707	(c=8)	weight 0.19740254473714:	Num[Or(Exists(on,Exists(on,Exists(on,<universe>))),Nominal(b))]
	Feat 2314	(c=8)	weight 0.63361206944822:	Num[Or(Or(Nominal(a),Nominal(b)),Exists(Inverse(on),clear))]
	Feat 2372	(c=8)	weight 0.59011924461252:	Num[Or(And(holding,Nominal(a)),Exists(Star(on),Nominal(a)))]
	Feat 2476	(c=8)	weight 0.10593920265203:	Num[Or(And(Not(clear),Nominal(b)),Exists(on,Nominal(a)))]
	Feat 2677	(c=8)	weight 5.2071124202519:	Bool[And(Or(Not(Nominal(a)),clear),Exists(on,Nominal(b)))]
	Feat 2746	(c=8)	weight 0.1368445708736:	Bool[And(Forall(on,Not(Nominal(a))),And(clear,Nominal(b)))]
	Feat 3156	(c=7)	weight -0.05355684801445:	Atom[handempty] Num[Forall(on,Exists(on,ontable))]
	Feat 3624	(c=8)	weight 0.36469137929728:	Bool[holding] Num[Or(Exists(Inverse(on),clear),Nominal(b))]
	Feat 3642	(c=8)	weight 0.093329162389914:	Bool[holding] Num[Forall(on,Not(Or(ontable,Nominal(b))))]
	Feat 3890	(c=7)	weight -2.3485929902686:	Bool[And(clear,Nominal(b))] Bool[And(holding,Nominal(a))]
	Feat 4265	(c=6)	weight -0.1666651692386:	Bool[Exists(on,Nominal(b))] Num[Forall(on,<empty>)]
	Feat 4696	(c=8)	weight -0.094339102143858:	Bool[And(Forall(Star(on),Nominal(a)),Nominal(b))] Num[clear]
Score -2.021190198454902
Lambda=0.06617923069197378
	Feat 22	(c=3)	weight -3.3417206929828:	Bool[Exists(on,Nominal(b))]
	Feat 25	(c=3)	weight 0.78793838511797:	Bool[Exists(on,Nominal(a))]
	Feat 334	(c=6)	weight 0.22725496431068:	Num[Or(Not(clear),Exists(on,Nominal(a)))]
	Feat 569	(c=7)	weight -0.25291286975989:	Num[Exists(Star(on),And(Not(Nominal(b)),ontable))]
	Feat 689	(c=7)	weight -0.42411485701897:	Num[Or(Forall(on,Or(ontable,Nominal(b))),Nominal(b))]
	Feat 1151	(c=8)	weight 0.13555447102862:	Bool[And(Forall(on,Exists(Star(on),Nominal(a))),Nominal(b))]
	Feat 1422	(c=8)	weight 3.3335041155373:	Bool[And(Forall(on,Or(Not(Nominal(b)),ontable)),Nominal(a))]
	Feat 1454	(c=8)	weight -1.1676999880588:	Num[Or(Exists(on,And(Not(Nominal(a)),ontable)),holding)]
	Feat 1707	(c=8)	weight 0.3749601733065:	Num[Or(Exists(on,Exists(on,Exists(on,<universe>))),Nominal(b))]
	Feat 1843	(c=8)	weight 0.07167309689624:	Num[Or(And(Not(Nominal(b)),Forall(on,Nominal(b))),clear)]
	Feat 2314	(c=8)	weight 0.90237120697573:	Num[Or(Or(Nominal(a),Nominal(b)),Exists(Inverse(on),clear))]
	Feat 2372	(c=8)	weight 0.57879138931371:	Num[Or(And(holding,Nominal(a)),Exists(Star(on),Nominal(a)))]
	Feat 2430	(c=8)	weight -0.033605257753826:	Num[Or(And(Forall(on,<empty>),Nominal(b)),And(clear,Nominal(a)))]
	Feat 2476	(c=8)	weight 0.52937384581529:	Num[Or(And(Not(clear),Nominal(b)),Exists(on,Nominal(a)))]
	Feat 2677	(c=8)	weight 6.5342940969505:	Bool[And(Or(Not(Nominal(a)),clear),Exists(on,Nominal(b)))]
	Feat 2746	(c=8)	weight 0.45172103134372:	Bool[And(Forall(on,Not(Nominal(a))),And(clear,Nominal(b)))]
	Feat 3156	(c=7)	weight -0.0042273155834234:	Atom[handempty] Num[Forall(on,Exists(on,ontable))]
	Feat 3624	(c=8)	weight 0.3569854793862:	Bool[holding] Num[Or(Exists(Inverse(on),clear),Nominal(b))]
	Feat 3642	(c=8)	weight 0.15216170281788:	Bool[holding] Num[Forall(on,Not(Or(ontable,Nominal(b))))]
	Feat 3890	(c=7)	weight -2.7353807077138:	Bool[And(clear,Nominal(b))] Bool[And(holding,Nominal(a))]
	Feat 4265	(c=6)	weight -0.082004917997876:	Bool[Exists(on,Nominal(b))] Num[Forall(on,<empty>)]
	Feat 4484	(c=8)	weight 0.050550142389479:	Bool[And(Not(clear),Nominal(a))] Num[Or(ontable,Nominal(b))]
	Feat 4696	(c=8)	weight -0.14250623656989:	Bool[And(Forall(Star(on),Nominal(a)),Nominal(b))] Num[clear]
Score -3.692008146632812
Lambda=0.040756360831377916
	Feat 22	(c=3)	weight -4.5546702568633:	Bool[Exists(on,Nominal(b))]
	Feat 25	(c=3)	weight 0.4279711417789:	Bool[Exists(on,Nominal(a))]
	Feat 334	(c=6)	weight 0.36987298898875:	Num[Or(Not(clear),Exists(on,Nominal(a)))]
	Feat 569	(c=7)	weight -0.30434271802907:	Num[Exists(Star(on),And(Not(Nominal(b)),ontable))]
	Feat 689	(c=7)	weight -0.59455909975175:	Num[Or(Forall(on,Or(ontable,Nominal(b))),Nominal(b))]
	Feat 1145	(c=8)	weight -0.028788510693204:	Num[Or(Forall(Inverse(Star(on)),Not(Nominal(a))),ontable)]
	Feat 1151	(c=8)	weight 0.36418365339687:	Bool[And(Forall(on,Exists(Star(on),Nominal(a))),Nominal(b))]
	Feat 1159	(c=8)	weight -0.00047544489711557:	Num[Or(Forall(Star(on),Or(Nominal(a),Nominal(b))),clear)]
	Feat 1422	(c=8)	weight 2.9433414977558:	Bool[And(Forall(on,Or(Not(Nominal(b)),ontable)),Nominal(a))]
	Feat 1454	(c=8)	weight -1.2272278041812:	Num[Or(Exists(on,And(Not(Nominal(a)),ontable)),holding)]
	Feat 1707	(c=8)	weight 0.44106647658172:	Num[Or(Exists(on,Exists(on,Exists(on,<universe>))),Nominal(b))]
	Feat 1843	(c=8)	weight 0.42791419596638:	Num[Or(And(Not(Nominal(b)),Forall(on,Nominal(b))),clear)]
	Feat 2286	(c=8)	weight 0.030139551734629:	Num[And(Not(Nominal(a)),Forall(Inverse(Star(on)),Nominal(b)))]
	Feat 2314	(c=8)	weight 0.93356341329492:	Num[Or(Or(Nominal(a),Nominal(b)),Exists(Inverse(on),clear))]
	Feat 2372	(c=8)	weight 0.62327780153161:	Num[Or(And(holding,Nominal(a)),Exists(Star(on),Nominal(a)))]
	Feat 2430	(c=8)	weight -0.19546468235966:	Num[Or(And(Forall(on,<empty>),Nominal(b)),And(clear,Nominal(a)))]
	Feat 2476	(c=8)	weight 0.77880773115998:	Num[Or(And(Not(clear),Nominal(b)),Exists(on,Nominal(a)))]
	Feat 2677	(c=8)	weight 7.4015029467719:	Bool[And(Or(Not(Nominal(a)),clear),Exists(on,Nominal(b)))]
	Feat 2746	(c=8)	weight 0.41060978973201:	Bool[And(Forall(on,Not(Nominal(a))),And(clear,Nominal(b)))]
	Feat 3156	(c=7)	weight -0.0024206350195299:	Atom[handempty] Num[Forall(on,Exists(on,ontable))]
	Feat 3624	(c=8)	weight 0.27279982722575:	Bool[holding] Num[Or(Exists(Inverse(on),clear),Nominal(b))]
	Feat 3642	(c=8)	weight 0.17879704863174:	Bool[holding] Num[Forall(on,Not(Or(ontable,Nominal(b))))]
	Feat 3890	(c=7)	weight -2.9463806254359:	Bool[And(clear,Nominal(b))] Bool[And(holding,Nominal(a))]
	Feat 4265	(c=6)	weight -0.050121123717902:	Bool[Exists(on,Nominal(b))] Num[Forall(on,<empty>)]
	Feat 4484	(c=8)	weight 0.030824716214939:	Bool[And(Not(clear),Nominal(a))] Num[Or(ontable,Nominal(b))]
	Feat 4696	(c=8)	weight -0.20171386686663:	Bool[And(Forall(Star(on),Nominal(a)),Nominal(b))] Num[clear]
Score -4.457864696704425
Lambda=0.025099731907565554
	Feat 22	(c=3)	weight -5.3039602375899:	Bool[Exists(on,Nominal(b))]
	Feat 25	(c=3)	weight 0.073313364750614:	Bool[Exists(on,Nominal(a))]
	Feat 204	(c=6)	weight 0.089112440349292:	Num[Or(Not(Nominal(a)),Forall(on,ontable))]
	Feat 334	(c=6)	weight 0.45545349346612:	Num[Or(Not(clear),Exists(on,Nominal(a)))]
	Feat 569	(c=7)	weight -0.42621621795916:	Num[Exists(Star(on),And(Not(Nominal(b)),ontable))]
	Feat 689	(c=7)	weight -0.66434989302734:	Num[Or(Forall(on,Or(ontable,Nominal(b))),Nominal(b))]
	Feat 1145	(c=8)	weight -0.115775987651:	Num[Or(Forall(Inverse(Star(on)),Not(Nominal(a))),ontable)]
	Feat 1151	(c=8)	weight 0.36164358225222:	Bool[And(Forall(on,Exists(Star(on),Nominal(a))),Nominal(b))]
	Feat 1159	(c=8)	weight -0.36374237074686:	Num[Or(Forall(Star(on),Or(Nominal(a),Nominal(b))),clear)]
	Feat 1210	(c=8)	weight -0.068568228314876:	Num[And(Forall(on,Exists(on,Nominal(a))),Not(Nominal(a)))]
	Feat 1422	(c=8)	weight 2.7659901018273:	Bool[And(Forall(on,Or(Not(Nominal(b)),ontable)),Nominal(a))]
	Feat 1454	(c=8)	weight -1.2632405373054:	Num[Or(Exists(on,And(Not(Nominal(a)),ontable)),holding)]
	Feat 1707	(c=8)	weight 0.29445468461101:	Num[Or(Exists(on,Exists(on,Exists(on,<universe>))),Nominal(b))]
	Feat 1770	(c=8)	weight -0.00012226247260762:	Num[Exists(on,Forall(on,Not(And(ontable,Nominal(b)))))]
	Feat 1843	(c=8)	weight 0.73090950376654:	Num[Or(And(Not(Nominal(b)),Forall(on,Nominal(b))),clear)]
	Feat 1866	(c=8)	weight 0.05621825998996:	Num[Not(And(Exists(on,Exists(on,Nominal(b))),clear))]
	Feat 2286	(c=8)	weight 0.13482627346653:	Num[And(Not(Nominal(a)),Forall(Inverse(Star(on)),Nominal(b)))]
	Feat 2314	(c=8)	weight 1.1070377832976:	Num[Or(Or(Nominal(a),Nominal(b)),Exists(Inverse(on),clear))]
	Feat 2372	(c=8)	weight 0.76423671650596:	Num[Or(And(holding,Nominal(a)),Exists(Star(on),Nominal(a)))]
	Feat 2430	(c=8)	weight -0.098468992935312:	Num[Or(And(Forall(on,<empty>),Nominal(b)),And(clear,Nominal(a)))]
	Feat 2476	(c=8)	weight 1.0401027598153:	Num[Or(And(Not(clear),Nominal(b)),Exists(on,Nominal(a)))]
	Feat 2677	(c=8)	weight 7.9012054936595:	Bool[And(Or(Not(Nominal(a)),clear),Exists(on,Nominal(b)))]
	Feat 2746	(c=8)	weight 0.37650208408784:	Bool[And(Forall(on,Not(Nominal(a))),And(clear,Nominal(b)))]
	Feat 3624	(c=8)	weight 0.23570960691102:	Bool[holding] Num[Or(Exists(Inverse(on),clear),Nominal(b))]
	Feat 3642	(c=8)	weight 0.20470607707916:	Bool[holding] Num[Forall(on,Not(Or(ontable,Nominal(b))))]
	Feat 3890	(c=7)	weight -3.085534044829:	Bool[And(clear,Nominal(b))] Bool[And(holding,Nominal(a))]
	Feat 3991	(c=8)	weight -0.15211549813098:	Bool[And(holding,Nominal(a))] Bool[And(Not(holding),Nominal(b))]
	Feat 4462	(c=8)	weight -0.062029014115565:	Bool[And(Forall(on,<empty>),Nominal(b))] Num[Or(holding,Nominal(a))]
	Feat 4484	(c=8)	weight 0.072127248701794:	Bool[And(Not(clear),Nominal(a))] Num[Or(ontable,Nominal(b))]
	Feat 4696	(c=8)	weight -0.174662108643:	Bool[And(Forall(Star(on),Nominal(a)),Nominal(b))] Num[clear]
Score -4.558368759648089
Lambda=0.015457624993511108
	Feat 22	(c=3)	weight -5.4800839711335:	Bool[Exists(on,Nominal(b))]
	Feat 25	(c=3)	weight 0.13284777560525:	Bool[Exists(on,Nominal(a))]
	Feat 204	(c=6)	weight 0.052684965259117:	Num[Or(Not(Nominal(a)),Forall(on,ontable))]
	Feat 334	(c=6)	weight 0.31498520324381:	Num[Or(Not(clear),Exists(on,Nominal(a)))]
	Feat 569	(c=7)	weight -0.37925831666709:	Num[Exists(Star(on),And(Not(Nominal(b)),ontable))]
	Feat 689	(c=7)	weight -0.81128227570583:	Num[Or(Forall(on,Or(ontable,Nominal(b))),Nominal(b))]
	Feat 1145	(c=8)	weight -0.2758290874763:	Num[Or(Forall(Inverse(Star(on)),Not(Nominal(a))),ontable)]
	Feat 1151	(c=8)	weight 0.36543496155903:	Bool[And(Forall(on,Exists(Star(on),Nominal(a))),Nominal(b))]
	Feat 1159	(c=8)	weight -0.7411880205237:	Num[Or(Forall(Star(on),Or(Nominal(a),Nominal(b))),clear)]
	Feat 1210	(c=8)	weight -0.35334020495497:	Num[And(Forall(on,Exists(on,Nominal(a))),Not(Nominal(a)))]
	Feat 1290	(c=8)	weight 0.12541416030999:	Num[Or(Exists(on,Exists(on,ontable)),Not(Nominal(b)))]
	Feat 1422	(c=8)	weight 2.625990537411:	Bool[And(Forall(on,Or(Not(Nominal(b)),ontable)),Nominal(a))]
	Feat 1454	(c=8)	weight -1.0550870419627:	Num[Or(Exists(on,And(Not(Nominal(a)),ontable)),holding)]
	Feat 1707	(c=8)	weight 0.13964413675188:	Num[Or(Exists(on,Exists(on,Exists(on,<universe>))),Nominal(b))]
	Feat 1770	(c=8)	weight -0.56717651223991:	Num[Exists(on,Forall(on,Not(And(ontable,Nominal(b)))))]
	Feat 1843	(c=8)	weight 0.87991007168053:	Num[Or(And(Not(Nominal(b)),Forall(on,Nominal(b))),clear)]
	Feat 1866	(c=8)	weight 0.28999979475145:	Num[Not(And(Exists(on,Exists(on,Nominal(b))),clear))]
	Feat 2286	(c=8)	weight 0.097689683015757:	Num[And(Not(Nominal(a)),Forall(Inverse(Star(on)),Nominal(b)))]
	Feat 2314	(c=8)	weight 1.2951967934126:	Num[Or(Or(Nominal(a),Nominal(b)),Exists(Inverse(on),clear))]
	Feat 2372	(c=8)	weight 0.92001038741201:	Num[Or(And(holding,Nominal(a)),Exists(Star(on),Nominal(a)))]
	Feat 2430	(c=8)	weight -0.04594049097187:	Num[Or(And(Forall(on,<empty>),Nominal(b)),And(clear,Nominal(a)))]
	Feat 2476	(c=8)	weight 1.1723604393406:	Num[Or(And(Not(clear),Nominal(b)),Exists(on,Nominal(a)))]
	Feat 2677	(c=8)	weight 8.1965030700081:	Bool[And(Or(Not(Nominal(a)),clear),Exists(on,Nominal(b)))]
	Feat 2746	(c=8)	weight 0.40846851868012:	Bool[And(Forall(on,Not(Nominal(a))),And(clear,Nominal(b)))]
	Feat 3624	(c=8)	weight 0.20522546740211:	Bool[holding] Num[Or(Exists(Inverse(on),clear),Nominal(b))]
	Feat 3642	(c=8)	weight 0.22906194071467:	Bool[holding] Num[Forall(on,Not(Or(ontable,Nominal(b))))]
	Feat 3890	(c=7)	weight -3.1556533348901:	Bool[And(clear,Nominal(b))] Bool[And(holding,Nominal(a))]
	Feat 3991	(c=8)	weight -0.6163823601515:	Bool[And(holding,Nominal(a))] Bool[And(Not(holding),Nominal(b))]
	Feat 4462	(c=8)	weight -0.14982052188063:	Bool[And(Forall(on,<empty>),Nominal(b))] Num[Or(holding,Nominal(a))]
	Feat 4484	(c=8)	weight 0.13487095760255:	Bool[And(Not(clear),Nominal(a))] Num[Or(ontable,Nominal(b))]
	Feat 4653	(c=8)	weight 0.056320743699633:	Bool[And(Forall(on,ontable),Nominal(a))] Num[Exists(on,<universe>)]
	Feat 4696	(c=8)	weight -0.15830013143313:	Bool[And(Forall(Star(on),Nominal(a)),Nominal(b))] Num[clear]
Score -1.5607283457178909
Lambda=0.009519550699583313
	Feat 22	(c=3)	weight -5.5619530887485:	Bool[Exists(on,Nominal(b))]
	Feat 25	(c=3)	weight 0.081946517353192:	Bool[Exists(on,Nominal(a))]
	Feat 204	(c=6)	weight 0.03736329267713:	Num[Or(Not(Nominal(a)),Forall(on,ontable))]
	Feat 334	(c=6)	weight 0.24344651540655:	Num[Or(Not(clear),Exists(on,Nominal(a)))]
	Feat 569	(c=7)	weight -0.36475612401701:	Num[Exists(Star(on),And(Not(Nominal(b)),ontable))]
	Feat 689	(c=7)	weight -0.93931060660082:	Num[Or(Forall(on,Or(ontable,Nominal(b))),Nominal(b))]
	Feat 1145	(c=8)	weight -0.37171432836646:	Num[Or(Forall(Inverse(Star(on)),Not(Nominal(a))),ontable)]
	Feat 1151	(c=8)	weight 0.40290592882343:	Bool[And(Forall(on,Exists(Star(on),Nominal(a))),Nominal(b))]
	Feat 1159	(c=8)	weight -0.95098590570832:	Num[Or(Forall(Star(on),Or(Nominal(a),Nominal(b))),clear)]
	Feat 1210	(c=8)	weight -0.50163434847851:	Num[And(Forall(on,Exists(on,Nominal(a))),Not(Nominal(a)))]
	Feat 1290	(c=8)	weight 0.22940372712688:	Num[Or(Exists(on,Exists(on,ontable)),Not(Nominal(b)))]
	Feat 1422	(c=8)	weight 2.5278221618761:	Bool[And(Forall(on,Or(Not(Nominal(b)),ontable)),Nominal(a))]
	Feat 1454	(c=8)	weight -0.93349414021967:	Num[Or(Exists(on,And(Not(Nominal(a)),ontable)),holding)]
	Feat 1707	(c=8)	weight 0.034181808943068:	Num[Or(Exists(on,Exists(on,Exists(on,<universe>))),Nominal(b))]
	Feat 1770	(c=8)	weight -0.8458093388874:	Num[Exists(on,Forall(on,Not(And(ontable,Nominal(b)))))]
	Feat 1843	(c=8)	weight 1.0086451367263:	Num[Or(And(Not(Nominal(b)),Forall(on,Nominal(b))),clear)]
	Feat 1866	(c=8)	weight 0.42449453633963:	Num[Not(And(Exists(on,Exists(on,Nominal(b))),clear))]
	Feat 2286	(c=8)	weight 0.085812809559561:	Num[And(Not(Nominal(a)),Forall(Inverse(Star(on)),Nominal(b)))]
	Feat 2314	(c=8)	weight 1.3742854597289:	Num[Or(Or(Nominal(a),Nominal(b)),Exists(Inverse(on),clear))]
	Feat 2372	(c=8)	weight 1.0093749073098:	Num[Or(And(holding,Nominal(a)),Exists(Star(on),Nominal(a)))]
	Feat 2430	(c=8)	weight -0.087818472073149:	Num[Or(And(Forall(on,<empty>),Nominal(b)),And(clear,Nominal(a)))]
	Feat 2476	(c=8)	weight 1.229294721544:	Num[Or(And(Not(clear),Nominal(b)),Exists(on,Nominal(a)))]
	Feat 2677	(c=8)	weight 8.3885341025771:	Bool[And(Or(Not(Nominal(a)),clear),Exists(on,Nominal(b)))]
	Feat 2746	(c=8)	weight 0.44552397925883:	Bool[And(Forall(on,Not(Nominal(a))),And(clear,Nominal(b)))]
	Feat 3624	(c=8)	weight 0.18227339272529:	Bool[holding] Num[Or(Exists(Inverse(on),clear),Nominal(b))]
	Feat 3642	(c=8)	weight 0.24168708185681:	Bool[holding] Num[Forall(on,Not(Or(ontable,Nominal(b))))]
	Feat 3701	(c=8)	weight 0.0028420769742462:	Bool[holding] Bool[Exists(on,And(Not(ontable),Nominal(b)))]
	Feat 3890	(c=7)	weight -3.1954998650117:	Bool[And(clear,Nominal(b))] Bool[And(holding,Nominal(a))]
	Feat 3991	(c=8)	weight -0.93334330477913:	Bool[And(holding,Nominal(a))] Bool[And(Not(holding),Nominal(b))]
	Feat 4105	(c=8)	weight 0.02981811415241:	Bool[And(holding,Nominal(b))] Num[Forall(Star(on),Nominal(a))]
	Feat 4462	(c=8)	weight -0.18860079853697:	Bool[And(Forall(on,<empty>),Nominal(b))] Num[Or(holding,Nominal(a))]
	Feat 4484	(c=8)	weight 0.16861711590741:	Bool[And(Not(clear),Nominal(a))] Num[Or(ontable,Nominal(b))]
	Feat 4653	(c=8)	weight 0.091348479918676:	Bool[And(Forall(on,ontable),Nominal(a))] Num[Exists(on,<universe>)]
	Feat 4696	(c=8)	weight -0.14473119597936:	Bool[And(Forall(Star(on),Nominal(a)),Nominal(b))] Num[clear]
Score -0.6555632682422059
Lambda=0.005862598268490724
	Feat 22	(c=3)	weight -5.6614714520345:	Bool[Exists(on,Nominal(b))]
	Feat 25	(c=3)	weight 0.10640226852022:	Bool[Exists(on,Nominal(a))]
	Feat 204	(c=6)	weight 0.020710375493507:	Num[Or(Not(Nominal(a)),Forall(on,ontable))]
	Feat 334	(c=6)	weight 0.19363150072747:	Num[Or(Not(clear),Exists(on,Nominal(a)))]
	Feat 569	(c=7)	weight -0.35876485625182:	Num[Exists(Star(on),And(Not(Nominal(b)),ontable))]
	Feat 689	(c=7)	weight -1.00208260498:	Num[Or(Forall(on,Or(ontable,Nominal(b))),Nominal(b))]
	Feat 1145	(c=8)	weight -0.42581782103159:	Num[Or(Forall(Inverse(Star(on)),Not(Nominal(a))),ontable)]
	Feat 1151	(c=8)	weight 0.44181044723604:	Bool[And(Forall(on,Exists(Star(on),Nominal(a))),Nominal(b))]
	Feat 1159	(c=8)	weight -1.065869634368:	Num[Or(Forall(Star(on),Or(Nominal(a),Nominal(b))),clear)]
	Feat 1210	(c=8)	weight -0.59535570600356:	Num[And(Forall(on,Exists(on,Nominal(a))),Not(Nominal(a)))]
	Feat 1290	(c=8)	weight 0.27758197964172:	Num[Or(Exists(on,Exists(on,ontable)),Not(Nominal(b)))]
	Feat 1422	(c=8)	weight 2.4705235638871:	Bool[And(Forall(on,Or(Not(Nominal(b)),ontable)),Nominal(a))]
	Feat 1454	(c=8)	weight -0.85123073105655:	Num[Or(Exists(on,And(Not(Nominal(a)),ontable)),holding)]
	Feat 1770	(c=8)	weight -1.0252223146967:	Num[Exists(on,Forall(on,Not(And(ontable,Nominal(b)))))]
	Feat 1843	(c=8)	weight 1.0863229736601:	Num[Or(And(Not(Nominal(b)),Forall(on,Nominal(b))),clear)]
	Feat 1866	(c=8)	weight 0.5028384065665:	Num[Not(And(Exists(on,Exists(on,Nominal(b))),clear))]
	Feat 2286	(c=8)	weight 0.041863531939264:	Num[And(Not(Nominal(a)),Forall(Inverse(Star(on)),Nominal(b)))]
	Feat 2314	(c=8)	weight 1.4169657779832:	Num[Or(Or(Nominal(a),Nominal(b)),Exists(Inverse(on),clear))]
	Feat 2372	(c=8)	weight 1.0547223357301:	Num[Or(And(holding,Nominal(a)),Exists(Star(on),Nominal(a)))]
	Feat 2430	(c=8)	weight -0.1304112937105:	Num[Or(And(Forall(on,<empty>),Nominal(b)),And(clear,Nominal(a)))]
	Feat 2476	(c=8)	weight 1.2436735587026:	Num[Or(And(Not(clear),Nominal(b)),Exists(on,Nominal(a)))]
	Feat 2677	(c=8)	weight 8.4994132169951:	Bool[And(Or(Not(Nominal(a)),clear),Exists(on,Nominal(b)))]
	Feat 2746	(c=8)	weight 0.51638557165805:	Bool[And(Forall(on,Not(Nominal(a))),And(clear,Nominal(b)))]
	Feat 3624	(c=8)	weight 0.16759349484296:	Bool[holding] Num[Or(Exists(Inverse(on),clear),Nominal(b))]
	Feat 3642	(c=8)	weight 0.24999779600973:	Bool[holding] Num[Forall(on,Not(Or(ontable,Nominal(b))))]
	Feat 3890	(c=7)	weight -3.2071616717656:	Bool[And(clear,Nominal(b))] Bool[And(holding,Nominal(a))]
	Feat 3991	(c=8)	weight -1.14468436611:	Bool[And(holding,Nominal(a))] Bool[And(Not(holding),Nominal(b))]
	Feat 4105	(c=8)	weight 0.067490728702595:	Bool[And(holding,Nominal(b))] Num[Forall(Star(on),Nominal(a))]
	Feat 4265	(c=6)	weight 0.026958504357818:	Bool[Exists(on,Nominal(b))] Num[Forall(on,<empty>)]
	Feat 4462	(c=8)	weight -0.22232311322104:	Bool[And(Forall(on,<empty>),Nominal(b))] Num[Or(holding,Nominal(a))]
	Feat 4484	(c=8)	weight 0.18846342092698:	Bool[And(Not(clear),Nominal(a))] Num[Or(ontable,Nominal(b))]
	Feat 4653	(c=8)	weight 0.11329056673311:	Bool[And(Forall(on,ontable),Nominal(a))] Num[Exists(on,<universe>)]
	Feat 4696	(c=8)	weight -0.13944616032098:	Bool[And(Forall(Star(on),Nominal(a)),Nominal(b))] Num[clear]
Score -0.2590611078283993
Lambda=0.003610470655848796
	Feat 22	(c=3)	weight -5.8320497161197:	Bool[Exists(on,Nominal(b))]
	Feat 25	(c=3)	weight 0.16692488972147:	Bool[Exists(on,Nominal(a))]
	Feat 204	(c=6)	weight 0.031198505791178:	Num[Or(Not(Nominal(a)),Forall(on,ontable))]
	Feat 334	(c=6)	weight 0.15397630853168:	Num[Or(Not(clear),Exists(on,Nominal(a)))]
	Feat 485	(c=7)	weight 0.049452493320576:	Num[Or(Exists(on,Exists(on,ontable)),Nominal(b))]
	Feat 569	(c=7)	weight -0.36419953693007:	Num[Exists(Star(on),And(Not(Nominal(b)),ontable))]
	Feat 689	(c=7)	weight -0.99995641152929:	Num[Or(Forall(on,Or(ontable,Nominal(b))),Nominal(b))]
	Feat 1145	(c=8)	weight -0.4729088723675:	Num[Or(Forall(Inverse(Star(on)),Not(Nominal(a))),ontable)]
	Feat 1151	(c=8)	weight 0.4561657719778:	Bool[And(Forall(on,Exists(Star(on),Nominal(a))),Nominal(b))]
	Feat 1159	(c=8)	weight -1.164255992471:	Num[Or(Forall(Star(on),Or(Nominal(a),Nominal(b))),clear)]
	Feat 1210	(c=8)	weight -0.67233747575787:	Num[And(Forall(on,Exists(on,Nominal(a))),Not(Nominal(a)))]
	Feat 1290	(c=8)	weight 0.32012172913953:	Num[Or(Exists(on,Exists(on,ontable)),Not(Nominal(b)))]
	Feat 1422	(c=8)	weight 2.4420528712504:	Bool[And(Forall(on,Or(Not(Nominal(b)),ontable)),Nominal(a))]
	Feat 1454	(c=8)	weight -0.79351494745069:	Num[Or(Exists(on,And(Not(Nominal(a)),ontable)),holding)]
	Feat 1770	(c=8)	weight -1.1571246982976:	Num[Exists(on,Forall(on,Not(And(ontable,Nominal(b)))))]
	Feat 1843	(c=8)	weight 1.1279818011362:	Num[Or(And(Not(Nominal(b)),Forall(on,Nominal(b))),clear)]
	Feat 1866	(c=8)	weight 0.56618068113771:	Num[Not(And(Exists(on,Exists(on,Nominal(b))),clear))]
	Feat 2314	(c=8)	weight 1.464010128285:	Num[Or(Or(Nominal(a),Nominal(b)),Exists(Inverse(on),clear))]
	Feat 2372	(c=8)	weight 1.0932384648602:	Num[Or(And(holding,Nominal(a)),Exists(Star(on),Nominal(a)))]
	Feat 2430	(c=8)	weight -0.15748440425266:	Num[Or(And(Forall(on,<empty>),Nominal(b)),And(clear,Nominal(a)))]
	Feat 2476	(c=8)	weight 1.249000829478:	Num[Or(And(Not(clear),Nominal(b)),Exists(on,Nominal(a)))]
	Feat 2677	(c=8)	weight 8.5566428062983:	Bool[And(Or(Not(Nominal(a)),clear),Exists(on,Nominal(b)))]
	Feat 2746	(c=8)	weight 0.57778774868202:	Bool[And(Forall(on,Not(Nominal(a))),And(clear,Nominal(b)))]
	Feat 3624	(c=8)	weight 0.16559833097866:	Bool[holding] Num[Or(Exists(Inverse(on),clear),Nominal(b))]
	Feat 3642	(c=8)	weight 0.25141559070009:	Bool[holding] Num[Forall(on,Not(Or(ontable,Nominal(b))))]
	Feat 3890	(c=7)	weight -3.1987056053132:	Bool[And(clear,Nominal(b))] Bool[And(holding,Nominal(a))]
	Feat 3991	(c=8)	weight -1.28624749273:	Bool[And(holding,Nominal(a))] Bool[And(Not(holding),Nominal(b))]
	Feat 4105	(c=8)	weight 0.094289888138578:	Bool[And(holding,Nominal(b))] Num[Forall(Star(on),Nominal(a))]
	Feat 4265	(c=6)	weight 0.08427634521327:	Bool[Exists(on,Nominal(b))] Num[Forall(on,<empty>)]
	Feat 4462	(c=8)	weight -0.23745756736948:	Bool[And(Forall(on,<empty>),Nominal(b))] Num[Or(holding,Nominal(a))]
	Feat 4484	(c=8)	weight 0.19782652602101:	Bool[And(Not(clear),Nominal(a))] Num[Or(ontable,Nominal(b))]
	Feat 4653	(c=8)	weight 0.12471961236716:	Bool[And(Forall(on,ontable),Nominal(a))] Num[Exists(on,<universe>)]
	Feat 4696	(c=8)	weight -0.13299144774517:	Bool[And(Forall(Star(on),Nominal(a)),Nominal(b))] Num[clear]
Score -0.16091469255240565
Lambda=0.0022235018945108644
	Feat 22	(c=3)	weight -5.9318012834232:	Bool[Exists(on,Nominal(b))]
	Feat 25	(c=3)	weight 0.20513974978144:	Bool[Exists(on,Nominal(a))]
	Feat 204	(c=6)	weight 0.036777433287114:	Num[Or(Not(Nominal(a)),Forall(on,ontable))]
	Feat 334	(c=6)	weight 0.13233076552695:	Num[Or(Not(clear),Exists(on,Nominal(a)))]
	Feat 485	(c=7)	weight 0.093927836812236:	Num[Or(Exists(on,Exists(on,ontable)),Nominal(b))]
	Feat 569	(c=7)	weight -0.3725726753009:	Num[Exists(Star(on),And(Not(Nominal(b)),ontable))]
	Feat 689	(c=7)	weight -0.99352164962409:	Num[Or(Forall(on,Or(ontable,Nominal(b))),Nominal(b))]
	Feat 1145	(c=8)	weight -0.5052633430891:	Num[Or(Forall(Inverse(Star(on)),Not(Nominal(a))),ontable)]
	Feat 1151	(c=8)	weight 0.46201949409022:	Bool[And(Forall(on,Exists(Star(on),Nominal(a))),Nominal(b))]
	Feat 1159	(c=8)	weight -1.2408846502732:	Num[Or(Forall(Star(on),Or(Nominal(a),Nominal(b))),clear)]
	Feat 1210	(c=8)	weight -0.72596997220156:	Num[And(Forall(on,Exists(on,Nominal(a))),Not(Nominal(a)))]
	Feat 1290	(c=8)	weight 0.35546636304844:	Num[Or(Exists(on,Exists(on,ontable)),Not(Nominal(b)))]
	Feat 1322	(c=8)	weight 0.0039260260355999:	Num[Or(And(Forall(on,Nominal(a)),Nominal(b)),Not(clear))]
	Feat 1422	(c=8)	weight 2.427258930175:	Bool[And(Forall(on,Or(Not(Nominal(b)),ontable)),Nominal(a))]
	Feat 1454	(c=8)	weight -0.76082953795106:	Num[Or(Exists(on,And(Not(Nominal(a)),ontable)),holding)]
	Feat 1770	(c=8)	weight -1.2197836536781:	Num[Exists(on,Forall(on,Not(And(ontable,Nominal(b)))))]
	Feat 1843	(c=8)	weight 1.1690294126048:	Num[Or(And(Not(Nominal(b)),Forall(on,Nominal(b))),clear)]
	Feat 1866	(c=8)	weight 0.61157512096556:	Num[Not(And(Exists(on,Exists(on,Nominal(b))),clear))]
	Feat 2314	(c=8)	weight 1.4960812812435:	Num[Or(Or(Nominal(a),Nominal(b)),Exists(Inverse(on),clear))]
	Feat 2372	(c=8)	weight 1.12497356579:	Num[Or(And(holding,Nominal(a)),Exists(Star(on),Nominal(a)))]
	Feat 2430	(c=8)	weight -0.13961164171401:	Num[Or(And(Forall(on,<empty>),Nominal(b)),And(clear,Nominal(a)))]
	Feat 2476	(c=8)	weight 1.2521520128687:	Num[Or(And(Not(clear),Nominal(b)),Exists(on,Nominal(a)))]
	Feat 2677	(c=8)	weight 8.5873307171006:	Bool[And(Or(Not(Nominal(a)),clear),Exists(on,Nominal(b)))]
	Feat 2746	(c=8)	weight 0.59941290483183:	Bool[And(Forall(on,Not(Nominal(a))),And(clear,Nominal(b)))]
	Feat 3187	(c=8)	weight -0.0029387633475442:	Atom[handempty] Num[Or(Not(ontable),Or(clear,Nominal(a)))]
	Feat 3624	(c=8)	weight 0.16106712181939:	Bool[holding] Num[Or(Exists(Inverse(on),clear),Nominal(b))]
	Feat 3642	(c=8)	weight 0.25280658374054:	Bool[holding] Num[Forall(on,Not(Or(ontable,Nominal(b))))]
	Feat 3701	(c=8)	weight -0.025186155471877:	Bool[holding] Bool[Exists(on,And(Not(ontable),Nominal(b)))]
	Feat 3890	(c=7)	weight -3.2028397679283:	Bool[And(clear,Nominal(b))] Bool[And(holding,Nominal(a))]
	Feat 3991	(c=8)	weight -1.34986631033:	Bool[And(holding,Nominal(a))] Bool[And(Not(holding),Nominal(b))]
	Feat 4105	(c=8)	weight 0.1123160992018:	Bool[And(holding,Nominal(b))] Num[Forall(Star(on),Nominal(a))]
	Feat 4265	(c=6)	weight 0.12228317311987:	Bool[Exists(on,Nominal(b))] Num[Forall(on,<empty>)]
	Feat 4462	(c=8)	weight -0.25990554112678:	Bool[And(Forall(on,<empty>),Nominal(b))] Num[Or(holding,Nominal(a))]
	Feat 4484	(c=8)	weight 0.20408563515083:	Bool[And(Not(clear),Nominal(a))] Num[Or(ontable,Nominal(b))]
	Feat 4653	(c=8)	weight 0.13211939723322:	Bool[And(Forall(on,ontable),Nominal(a))] Num[Exists(on,<universe>)]
	Feat 4696	(c=8)	weight -0.12670198002691:	Bool[And(Forall(Star(on),Nominal(a)),Nominal(b))] Num[clear]
Score -0.17249010308197366
Lambda=0.001369339664036436
	Feat 22	(c=3)	weight -5.9823195038153:	Bool[Exists(on,Nominal(b))]
	Feat 25	(c=3)	weight 0.2075517427219:	Bool[Exists(on,Nominal(a))]
	Feat 204	(c=6)	weight 0.039862912598865:	Num[Or(Not(Nominal(a)),Forall(on,ontable))]
	Feat 334	(c=6)	weight 0.10503517126832:	Num[Or(Not(clear),Exists(on,Nominal(a)))]
	Feat 485	(c=7)	weight 0.1143375801355:	Num[Or(Exists(on,Exists(on,ontable)),Nominal(b))]
	Feat 569	(c=7)	weight -0.38070662870972:	Num[Exists(Star(on),And(Not(Nominal(b)),ontable))]
	Feat 689	(c=7)	weight -0.9888850846819:	Num[Or(Forall(on,Or(ontable,Nominal(b))),Nominal(b))]
	Feat 1145	(c=8)	weight -0.52239306756572:	Num[Or(Forall(Inverse(Star(on)),Not(Nominal(a))),ontable)]
	Feat 1151	(c=8)	weight 0.45687909469518:	Bool[And(Forall(on,Exists(Star(on),Nominal(a))),Nominal(b))]
	Feat 1159	(c=8)	weight -1.2790869072025:	Num[Or(Forall(Star(on),Or(Nominal(a),Nominal(b))),clear)]
	Feat 1210	(c=8)	weight -0.75459431438176:	Num[And(Forall(on,Exists(on,Nominal(a))),Not(Nominal(a)))]
	Feat 1290	(c=8)	weight 0.37215473032961:	Num[Or(Exists(on,Exists(on,ontable)),Not(Nominal(b)))]
	Feat 1322	(c=8)	weight 0.046964927810596:	Num[Or(And(Forall(on,Nominal(a)),Nominal(b)),Not(clear))]
	Feat 1422	(c=8)	weight 2.4210478388631:	Bool[And(Forall(on,Or(Not(Nominal(b)),ontable)),Nominal(a))]
	Feat 1454	(c=8)	weight -0.74148588315266:	Num[Or(Exists(on,And(Not(Nominal(a)),ontable)),holding)]
	Feat 1770	(c=8)	weight -1.2552387347885:	Num[Exists(on,Forall(on,Not(And(ontable,Nominal(b)))))]
	Feat 1843	(c=8)	weight 1.1981839474818:	Num[Or(And(Not(Nominal(b)),Forall(on,Nominal(b))),clear)]
	Feat 1866	(c=8)	weight 0.63141594280203:	Num[Not(And(Exists(on,Exists(on,Nominal(b))),clear))]
	Feat 2314	(c=8)	weight 1.5026572474046:	Num[Or(Or(Nominal(a),Nominal(b)),Exists(Inverse(on),clear))]
	Feat 2372	(c=8)	weight 1.1423989714239:	Num[Or(And(holding,Nominal(a)),Exists(Star(on),Nominal(a)))]
	Feat 2430	(c=8)	weight -0.13005994043001:	Num[Or(And(Forall(on,<empty>),Nominal(b)),And(clear,Nominal(a)))]
	Feat 2476	(c=8)	weight 1.2687553285907:	Num[Or(And(Not(clear),Nominal(b)),Exists(on,Nominal(a)))]
	Feat 2677	(c=8)	weight 8.6099541042096:	Bool[And(Or(Not(Nominal(a)),clear),Exists(on,Nominal(b)))]
	Feat 2746	(c=8)	weight 0.64540004235805:	Bool[And(Forall(on,Not(Nominal(a))),And(clear,Nominal(b)))]
	Feat 3187	(c=8)	weight -0.0077269803786011:	Atom[handempty] Num[Or(Not(ontable),Or(clear,Nominal(a)))]
	Feat 3606	(c=8)	weight -0.00074387856843298:	Bool[holding] Num[Or(And(Forall(on,<empty>),Nominal(b)),clear)]
	Feat 3624	(c=8)	weight 0.15290530769439:	Bool[holding] Num[Or(Exists(Inverse(on),clear),Nominal(b))]
	Feat 3642	(c=8)	weight 0.25178319433245:	Bool[holding] Num[Forall(on,Not(Or(ontable,Nominal(b))))]
	Feat 3701	(c=8)	weight -0.068890490281099:	Bool[holding] Bool[Exists(on,And(Not(ontable),Nominal(b)))]
	Feat 3890	(c=7)	weight -3.2091360785421:	Bool[And(clear,Nominal(b))] Bool[And(holding,Nominal(a))]
	Feat 3991	(c=8)	weight -1.3979649148562:	Bool[And(holding,Nominal(a))] Bool[And(Not(holding),Nominal(b))]
	Feat 4105	(c=8)	weight 0.13839119307004:	Bool[And(holding,Nominal(b))] Num[Forall(Star(on),Nominal(a))]
	Feat 4265	(c=6)	weight 0.15182888009292:	Bool[Exists(on,Nominal(b))] Num[Forall(on,<empty>)]
	Feat 4325	(c=8)	weight -0.012146135482603:	Bool[Exists(on,Nominal(b))] Bool[Exists(Inverse(on),Nominal(b))]
	Feat 4462	(c=8)	weight -0.28862042395199:	Bool[And(Forall(on,<empty>),Nominal(b))] Num[Or(holding,Nominal(a))]
	Feat 4484	(c=8)	weight 0.20982988832798:	Bool[And(Not(clear),Nominal(a))] Num[Or(ontable,Nominal(b))]
	Feat 4653	(c=8)	weight 0.13592898112911:	Bool[And(Forall(on,ontable),Nominal(a))] Num[Exists(on,<universe>)]
	Feat 4696	(c=8)	weight -0.12320170337157:	Bool[And(Forall(Star(on),Nominal(a)),Nominal(b))] Num[clear]
Score -0.196971241785598
Lambda=0.0008433053824385929
	Feat 22	(c=3)	weight -5.9943133761081:	Bool[Exists(on,Nominal(b))]
	Feat 25	(c=3)	weight 0.19714813898673:	Bool[Exists(on,Nominal(a))]
	Feat 204	(c=6)	weight 0.047489225210557:	Num[Or(Not(Nominal(a)),Forall(on,ontable))]
	Feat 334	(c=6)	weight 0.084000445503875:	Num[Or(Not(clear),Exists(on,Nominal(a)))]
	Feat 485	(c=7)	weight 0.13038165090886:	Num[Or(Exists(on,Exists(on,ontable)),Nominal(b))]
	Feat 569	(c=7)	weight -0.38416444536487:	Num[Exists(Star(on),And(Not(Nominal(b)),ontable))]
	Feat 689	(c=7)	weight -0.98324088491649:	Num[Or(Forall(on,Or(ontable,Nominal(b))),Nominal(b))]
	Feat 1145	(c=8)	weight -0.53474823247243:	Num[Or(Forall(Inverse(Star(on)),Not(Nominal(a))),ontable)]
	Feat 1151	(c=8)	weight 0.44859386771196:	Bool[And(Forall(on,Exists(Star(on),Nominal(a))),Nominal(b))]
	Feat 1159	(c=8)	weight -1.308092127235:	Num[Or(Forall(Star(on),Or(Nominal(a),Nominal(b))),clear)]
	Feat 1210	(c=8)	weight -0.77076133511555:	Num[And(Forall(on,Exists(on,Nominal(a))),Not(Nominal(a)))]
	Feat 1290	(c=8)	weight 0.38331248489017:	Num[Or(Exists(on,Exists(on,ontable)),Not(Nominal(b)))]
	Feat 1322	(c=8)	weight 0.081604480207955:	Num[Or(And(Forall(on,Nominal(a)),Nominal(b)),Not(clear))]
	Feat 1422	(c=8)	weight 2.4143540642174:	Bool[And(Forall(on,Or(Not(Nominal(b)),ontable)),Nominal(a))]
	Feat 1454	(c=8)	weight -0.73340928082075:	Num[Or(Exists(on,And(Not(Nominal(a)),ontable)),holding)]
	Feat 1770	(c=8)	weight -1.2768716778704:	Num[Exists(on,Forall(on,Not(And(ontable,Nominal(b)))))]
	Feat 1843	(c=8)	weight 1.2283664137349:	Num[Or(And(Not(Nominal(b)),Forall(on,Nominal(b))),clear)]
	Feat 1866	(c=8)	weight 0.64691576726776:	Num[Not(And(Exists(on,Exists(on,Nominal(b))),clear))]
	Feat 2314	(c=8)	weight 1.500029844132:	Num[Or(Or(Nominal(a),Nominal(b)),Exists(Inverse(on),clear))]
	Feat 2372	(c=8)	weight 1.1567209795075:	Num[Or(And(holding,Nominal(a)),Exists(Star(on),Nominal(a)))]
	Feat 2430	(c=8)	weight -0.12889039925383:	Num[Or(And(Forall(on,<empty>),Nominal(b)),And(clear,Nominal(a)))]
	Feat 2476	(c=8)	weight 1.2798040741194:	Num[Or(And(Not(clear),Nominal(b)),Exists(on,Nominal(a)))]
	Feat 2677	(c=8)	weight 8.6279390009513:	Bool[And(Or(Not(Nominal(a)),clear),Exists(on,Nominal(b)))]
	Feat 2746	(c=8)	weight 0.67734277426001:	Bool[And(Forall(on,Not(Nominal(a))),And(clear,Nominal(b)))]
	Feat 3187	(c=8)	weight -0.011556079912232:	Atom[handempty] Num[Or(Not(ontable),Or(clear,Nominal(a)))]
	Feat 3606	(c=8)	weight -0.0099652313026318:	Bool[holding] Num[Or(And(Forall(on,<empty>),Nominal(b)),clear)]
	Feat 3624	(c=8)	weight 0.15120110239368:	Bool[holding] Num[Or(Exists(Inverse(on),clear),Nominal(b))]
	Feat 3642	(c=8)	weight 0.25204941728073:	Bool[holding] Num[Forall(on,Not(Or(ontable,Nominal(b))))]
	Feat 3701	(c=8)	weight -0.097882929656293:	Bool[holding] Bool[Exists(on,And(Not(ontable),Nominal(b)))]
	Feat 3890	(c=7)	weight -3.2153928786294:	Bool[And(clear,Nominal(b))] Bool[And(holding,Nominal(a))]
	Feat 3991	(c=8)	weight -1.4312978535668:	Bool[And(holding,Nominal(a))] Bool[And(Not(holding),Nominal(b))]
	Feat 4105	(c=8)	weight 0.16194136318974:	Bool[And(holding,Nominal(b))] Num[Forall(Star(on),Nominal(a))]
	Feat 4265	(c=6)	weight 0.17132393502444:	Bool[Exists(on,Nominal(b))] Num[Forall(on,<empty>)]
	Feat 4325	(c=8)	weight -0.053533845832173:	Bool[Exists(on,Nominal(b))] Bool[Exists(Inverse(on),Nominal(b))]
	Feat 4462	(c=8)	weight -0.30171865381358:	Bool[And(Forall(on,<empty>),Nominal(b))] Num[Or(holding,Nominal(a))]
	Feat 4484	(c=8)	weight 0.21337094833746:	Bool[And(Not(clear),Nominal(a))] Num[Or(ontable,Nominal(b))]
	Feat 4653	(c=8)	weight 0.13753574085573:	Bool[And(Forall(on,ontable),Nominal(a))] Num[Exists(on,<universe>)]
	Feat 4679	(c=8)	weight -4.1431788016964e-05:	Bool[Exists(on,And(ontable,Nominal(b)))] Num[Forall(on,<empty>)]
	Feat 4696	(c=8)	weight -0.12278325039588:	Bool[And(Forall(Star(on),Nominal(a)),Nominal(b))] Num[clear]
Score -0.23738347513074776
Lambda=0.0005193481111571587
	Feat 17	(c=3)	weight -0.00018015366061821:	Num[Or(ontable,Nominal(b))]
	Feat 22	(c=3)	weight -5.9952809113394:	Bool[Exists(on,Nominal(b))]
	Feat 25	(c=3)	weight 0.18898879667752:	Bool[Exists(on,Nominal(a))]
	Feat 45	(c=4)	weight -0.00055208682744773:	Bool[And(Forall(on,<empty>),Nominal(b))]
	Feat 204	(c=6)	weight 0.053078320665878:	Num[Or(Not(Nominal(a)),Forall(on,ontable))]
	Feat 334	(c=6)	weight 0.074690976129506:	Num[Or(Not(clear),Exists(on,Nominal(a)))]
	Feat 485	(c=7)	weight 0.13855516620625:	Num[Or(Exists(on,Exists(on,ontable)),Nominal(b))]
	Feat 569	(c=7)	weight -0.38613738574079:	Num[Exists(Star(on),And(Not(Nominal(b)),ontable))]
	Feat 689	(c=7)	weight -0.98118779929349:	Num[Or(Forall(on,Or(ontable,Nominal(b))),Nominal(b))]
	Feat 1145	(c=8)	weight -0.54047881987927:	Num[Or(Forall(Inverse(Star(on)),Not(Nominal(a))),ontable)]
	Feat 1151	(c=8)	weight 0.44679673657658:	Bool[And(Forall(on,Exists(Star(on),Nominal(a))),Nominal(b))]
	Feat 1159	(c=8)	weight -1.3199656048544:	Num[Or(Forall(Star(on),Or(Nominal(a),Nominal(b))),clear)]
	Feat 1210	(c=8)	weight -0.77691288838481:	Num[And(Forall(on,Exists(on,Nominal(a))),Not(Nominal(a)))]
	Feat 1290	(c=8)	weight 0.38957424843743:	Num[Or(Exists(on,Exists(on,ontable)),Not(Nominal(b)))]
	Feat 1322	(c=8)	weight 0.098133276131339:	Num[Or(And(Forall(on,Nominal(a)),Nominal(b)),Not(clear))]
	Feat 1422	(c=8)	weight 2.4105560581326:	Bool[And(Forall(on,Or(Not(Nominal(b)),ontable)),Nominal(a))]
	Feat 1454	(c=8)	weight -0.73019710772456:	Num[Or(Exists(on,And(Not(Nominal(a)),ontable)),holding)]
	Feat 1770	(c=8)	weight -1.2862217213416:	Num[Exists(on,Forall(on,Not(And(ontable,Nominal(b)))))]
	Feat 1843	(c=8)	weight 1.2415275801699:	Num[Or(And(Not(Nominal(b)),Forall(on,Nominal(b))),clear)]
	Feat 1866	(c=8)	weight 0.65333265002902:	Num[Not(And(Exists(on,Exists(on,Nominal(b))),clear))]
	Feat 2146	(c=8)	weight -0.00060329512446918:	Num[Not(And(Forall(on,Nominal(a)),Or(clear,ontable)))]
	Feat 2314	(c=8)	weight 1.4991793830648:	Num[Or(Or(Nominal(a),Nominal(b)),Exists(Inverse(on),clear))]
	Feat 2372	(c=8)	weight 1.1620212152299:	Num[Or(And(holding,Nominal(a)),Exists(Star(on),Nominal(a)))]
	Feat 2430	(c=8)	weight -0.13174043971851:	Num[Or(And(Forall(on,<empty>),Nominal(b)),And(clear,Nominal(a)))]
	Feat 2476	(c=8)	weight 1.2848569533743:	Num[Or(And(Not(clear),Nominal(b)),Exists(on,Nominal(a)))]
	Feat 2677	(c=8)	weight 8.637941804454:	Bool[And(Or(Not(Nominal(a)),clear),Exists(on,Nominal(b)))]
	Feat 2746	(c=8)	weight 0.69485061185423:	Bool[And(Forall(on,Not(Nominal(a))),And(clear,Nominal(b)))]
	Feat 3156	(c=7)	weight -0.0021302318097139:	Atom[handempty] Num[Forall(on,Exists(on,ontable))]
	Feat 3187	(c=8)	weight -0.013753829886611:	Atom[handempty] Num[Or(Not(ontable),Or(clear,Nominal(a)))]
	Feat 3606	(c=8)	weight -0.0153739360255:	Bool[holding] Num[Or(And(Forall(on,<empty>),Nominal(b)),clear)]
	Feat 3624	(c=8)	weight 0.14904430612434:	Bool[holding] Num[Or(Exists(Inverse(on),clear),Nominal(b))]
	Feat 3642	(c=8)	weight 0.25153322064676:	Bool[holding] Num[Forall(on,Not(Or(ontable,Nominal(b))))]
	Feat 3701	(c=8)	weight -0.11461178010135:	Bool[holding] Bool[Exists(on,And(Not(ontable),Nominal(b)))]
	Feat 3890	(c=7)	weight -3.2197583864144:	Bool[And(clear,Nominal(b))] Bool[And(holding,Nominal(a))]
	Feat 3991	(c=8)	weight -1.4489755603902:	Bool[And(holding,Nominal(a))] Bool[And(Not(holding),Nominal(b))]
	Feat 4105	(c=8)	weight 0.17344429767082:	Bool[And(holding,Nominal(b))] Num[Forall(Star(on),Nominal(a))]
	Feat 4265	(c=6)	weight 0.18062468977212:	Bool[Exists(on,Nominal(b))] Num[Forall(on,<empty>)]
	Feat 4325	(c=8)	weight -0.075142681562141:	Bool[Exists(on,Nominal(b))] Bool[Exists(Inverse(on),Nominal(b))]
	Feat 4462	(c=8)	weight -0.30722386565062:	Bool[And(Forall(on,<empty>),Nominal(b))] Num[Or(holding,Nominal(a))]
	Feat 4484	(c=8)	weight 0.21532096214555:	Bool[And(Not(clear),Nominal(a))] Num[Or(ontable,Nominal(b))]
	Feat 4653	(c=8)	weight 0.13808720477882:	Bool[And(Forall(on,ontable),Nominal(a))] Num[Exists(on,<universe>)]
	Feat 4679	(c=8)	weight -0.0020900615188438:	Bool[Exists(on,And(ontable,Nominal(b)))] Num[Forall(on,<empty>)]
	Feat 4696	(c=8)	weight -0.122160992814:	Bool[And(Forall(Star(on),Nominal(a)),Nominal(b))] Num[clear]
Score -0.2604241882308511
Lambda=0.00031983960517665595
	Feat 17	(c=3)	weight -0.0015397846826869:	Num[Or(ontable,Nominal(b))]
	Feat 22	(c=3)	weight -5.9927389906214:	Bool[Exists(on,Nominal(b))]
	Feat 25	(c=3)	weight 0.18424627900102:	Bool[Exists(on,Nominal(a))]
	Feat 45	(c=4)	weight -0.0019607876668745:	Bool[And(Forall(on,<empty>),Nominal(b))]
	Feat 204	(c=6)	weight 0.056618301575905:	Num[Or(Not(Nominal(a)),Forall(on,ontable))]
	Feat 334	(c=6)	weight 0.071287061282487:	Num[Or(Not(clear),Exists(on,Nominal(a)))]
	Feat 485	(c=7)	weight 0.14277613465697:	Num[Or(Exists(on,Exists(on,ontable)),Nominal(b))]
	Feat 569	(c=7)	weight -0.38631592324542:	Num[Exists(Star(on),And(Not(Nominal(b)),ontable))]
	Feat 689	(c=7)	weight -0.9834518858689:	Num[Or(Forall(on,Or(ontable,Nominal(b))),Nominal(b))]
	Feat 1145	(c=8)	weight -0.54259545367713:	Num[Or(Forall(Inverse(Star(on)),Not(Nominal(a))),ontable)]
	Feat 1151	(c=8)	weight 0.44900289101608:	Bool[And(Forall(on,Exists(Star(on),Nominal(a))),Nominal(b))]
	Feat 1159	(c=8)	weight -1.3242299250394:	Num[Or(Forall(Star(on),Or(Nominal(a),Nominal(b))),clear)]
	Feat 1210	(c=8)	weight -0.77985147692115:	Num[And(Forall(on,Exists(on,Nominal(a))),Not(Nominal(a)))]
	Feat 1290	(c=8)	weight 0.39533381456338:	Num[Or(Exists(on,Exists(on,ontable)),Not(Nominal(b)))]
	Feat 1322	(c=8)	weight 0.10415754054905:	Num[Or(And(Forall(on,Nominal(a)),Nominal(b)),Not(clear))]
	Feat 1422	(c=8)	weight 2.4105212161805:	Bool[And(Forall(on,Or(Not(Nominal(b)),ontable)),Nominal(a))]
	Feat 1454	(c=8)	weight -0.72727824968628:	Num[Or(Exists(on,And(Not(Nominal(a)),ontable)),holding)]
	Feat 1707	(c=8)	weight -0.00016122238720414:	Num[Or(Exists(on,Exists(on,Exists(on,<universe>))),Nominal(b))]
	Feat 1770	(c=8)	weight -1.2905050868898:	Num[Exists(on,Forall(on,Not(And(ontable,Nominal(b)))))]
	Feat 1843	(c=8)	weight 1.2475542544864:	Num[Or(And(Not(Nominal(b)),Forall(on,Nominal(b))),clear)]
	Feat 1866	(c=8)	weight 0.6571801094982:	Num[Not(And(Exists(on,Exists(on,Nominal(b))),clear))]
	Feat 2146	(c=8)	weight -0.0040749654394202:	Num[Not(And(Forall(on,Nominal(a)),Or(clear,ontable)))]
	Feat 2314	(c=8)	weight 1.49893259563:	Num[Or(Or(Nominal(a),Nominal(b)),Exists(Inverse(on),clear))]
	Feat 2372	(c=8)	weight 1.1653370189575:	Num[Or(And(holding,Nominal(a)),Exists(Star(on),Nominal(a)))]
	Feat 2430	(c=8)	weight -0.13113063926819:	Num[Or(And(Forall(on,<empty>),Nominal(b)),And(clear,Nominal(a)))]
	Feat 2476	(c=8)	weight 1.2859680553132:	Num[Or(And(Not(clear),Nominal(b)),Exists(on,Nominal(a)))]
	Feat 2677	(c=8)	weight 8.6400122745208:	Bool[And(Or(Not(Nominal(a)),clear),Exists(on,Nominal(b)))]
	Feat 2746	(c=8)	weight 0.70164249409633:	Bool[And(Forall(on,Not(Nominal(a))),And(clear,Nominal(b)))]
	Feat 3156	(c=7)	weight -0.0042460275804724:	Atom[handempty] Num[Forall(on,Exists(on,ontable))]
	Feat 3187	(c=8)	weight -0.014502829883497:	Atom[handempty] Num[Or(Not(ontable),Or(clear,Nominal(a)))]
	Feat 3606	(c=8)	weight -0.018288013858855:	Bool[holding] Num[Or(And(Forall(on,<empty>),Nominal(b)),clear)]
	Feat 3624	(c=8)	weight 0.14821768526656:	Bool[holding] Num[Or(Exists(Inverse(on),clear),Nominal(b))]
	Feat 3642	(c=8)	weight 0.25149556215322:	Bool[holding] Num[Forall(on,Not(Or(ontable,Nominal(b))))]
	Feat 3701	(c=8)	weight -0.12449829120719:	Bool[holding] Bool[Exists(on,And(Not(ontable),Nominal(b)))]
	Feat 3890	(c=7)	weight -3.222935793737:	Bool[And(clear,Nominal(b))] Bool[And(holding,Nominal(a))]
	Feat 3991	(c=8)	weight -1.4571782191452:	Bool[And(holding,Nominal(a))] Bool[And(Not(holding),Nominal(b))]
	Feat 4105	(c=8)	weight 0.17908036505915:	Bool[And(holding,Nominal(b))] Num[Forall(Star(on),Nominal(a))]
	Feat 4265	(c=6)	weight 0.18588856093283:	Bool[Exists(on,Nominal(b))] Num[Forall(on,<empty>)]
	Feat 4325	(c=8)	weight -0.084522725927885:	Bool[Exists(on,Nominal(b))] Bool[Exists(Inverse(on),Nominal(b))]
	Feat 4462	(c=8)	weight -0.31361556763712:	Bool[And(Forall(on,<empty>),Nominal(b))] Num[Or(holding,Nominal(a))]
	Feat 4484	(c=8)	weight 0.21622861390278:	Bool[And(Not(clear),Nominal(a))] Num[Or(ontable,Nominal(b))]
	Feat 4653	(c=8)	weight 0.13781986232985:	Bool[And(Forall(on,ontable),Nominal(a))] Num[Exists(on,<universe>)]
	Feat 4679	(c=8)	weight -0.0044031724588413:	Bool[Exists(on,And(ontable,Nominal(b)))] Num[Forall(on,<empty>)]
	Feat 4696	(c=8)	weight -0.12166435437398:	Bool[And(Forall(Star(on),Nominal(a)),Nominal(b))] Num[clear]
Score -0.2733164527905596
Lambda=0.00019697264867610777
	Feat 17	(c=3)	weight -0.0038627722990685:	Num[Or(ontable,Nominal(b))]
	Feat 22	(c=3)	weight -5.9890399449434:	Bool[Exists(on,Nominal(b))]
	Feat 25	(c=3)	weight 0.17622407579349:	Bool[Exists(on,Nominal(a))]
	Feat 45	(c=4)	weight -0.0030103503670505:	Bool[And(Forall(on,<empty>),Nominal(b))]
	Feat 204	(c=6)	weight 0.062053031337368:	Num[Or(Not(Nominal(a)),Forall(on,ontable))]
	Feat 334	(c=6)	weight 0.065533591014036:	Num[Or(Not(clear),Exists(on,Nominal(a)))]
	Feat 485	(c=7)	weight 0.14778147462155:	Num[Or(Exists(on,Exists(on,ontable)),Nominal(b))]
	Feat 569	(c=7)	weight -0.38625732010793:	Num[Exists(Star(on),And(Not(Nominal(b)),ontable))]
	Feat 689	(c=7)	weight -0.9853796648326:	Num[Or(Forall(on,Or(ontable,Nominal(b))),Nominal(b))]
	Feat 1145	(c=8)	weight -0.54561231905389:	Num[Or(Forall(Inverse(Star(on)),Not(Nominal(a))),ontable)]
	Feat 1151	(c=8)	weight 0.44967232672775:	Bool[And(Forall(on,Exists(Star(on),Nominal(a))),Nominal(b))]
	Feat 1159	(c=8)	weight -1.3304316768318:	Num[Or(Forall(Star(on),Or(Nominal(a),Nominal(b))),clear)]
	Feat 1210	(c=8)	weight -0.78313012448692:	Num[And(Forall(on,Exists(on,Nominal(a))),Not(Nominal(a)))]
	Feat 1290	(c=8)	weight 0.40150914176361:	Num[Or(Exists(on,Exists(on,ontable)),Not(Nominal(b)))]
	Feat 1322	(c=8)	weight 0.11320533512267:	Num[Or(And(Forall(on,Nominal(a)),Nominal(b)),Not(clear))]
	Feat 1422	(c=8)	weight 2.4088235699207:	Bool[And(Forall(on,Or(Not(Nominal(b)),ontable)),Nominal(a))]
	Feat 1454	(c=8)	weight -0.72443294801299:	Num[Or(Exists(on,And(Not(Nominal(a)),ontable)),holding)]
	Feat 1707	(c=8)	weight -0.0012415328461263:	Num[Or(Exists(on,Exists(on,Exists(on,<universe>))),Nominal(b))]
	Feat 1770	(c=8)	weight -1.2953993877307:	Num[Exists(on,Forall(on,Not(And(ontable,Nominal(b)))))]
	Feat 1843	(c=8)	weight 1.2545765256673:	Num[Or(And(Not(Nominal(b)),Forall(on,Nominal(b))),clear)]
	Feat 1866	(c=8)	weight 0.6613393876167:	Num[Not(And(Exists(on,Exists(on,Nominal(b))),clear))]
	Feat 2146	(c=8)	weight -0.0096910742029437:	Num[Not(And(Forall(on,Nominal(a)),Or(clear,ontable)))]
	Feat 2286	(c=8)	weight -6.3736673375712e-05:	Num[And(Not(Nominal(a)),Forall(Inverse(Star(on)),Nominal(b)))]
	Feat 2314	(c=8)	weight 1.4996136357641:	Num[Or(Or(Nominal(a),Nominal(b)),Exists(Inverse(on),clear))]
	Feat 2372	(c=8)	weight 1.1695411320083:	Num[Or(And(holding,Nominal(a)),Exists(Star(on),Nominal(a)))]
	Feat 2430	(c=8)	weight -0.13113630123263:	Num[Or(And(Forall(on,<empty>),Nominal(b)),And(clear,Nominal(a)))]
	Feat 2476	(c=8)	weight 1.2881445090717:	Num[Or(And(Not(clear),Nominal(b)),Exists(on,Nominal(a)))]
	Feat 2677	(c=8)	weight 8.6439336272668:	Bool[And(Or(Not(Nominal(a)),clear),Exists(on,Nominal(b)))]
	Feat 2746	(c=8)	weight 0.71040846297406:	Bool[And(Forall(on,Not(Nominal(a))),And(clear,Nominal(b)))]
	Feat 3156	(c=7)	weight -0.007867913560025:	Atom[handempty] Num[Forall(on,Exists(on,ontable))]
	Feat 3187	(c=8)	weight -0.015590075476276:	Atom[handempty] Num[Or(Not(ontable),Or(clear,Nominal(a)))]
	Feat 3606	(c=8)	weight -0.02265595965882:	Bool[holding] Num[Or(And(Forall(on,<empty>),Nominal(b)),clear)]
	Feat 3624	(c=8)	weight 0.14617620547511:	Bool[holding] Num[Or(Exists(Inverse(on),clear),Nominal(b))]
	Feat 3642	(c=8)	weight 0.25150825156475:	Bool[holding] Num[Forall(on,Not(Or(ontable,Nominal(b))))]
	Feat 3701	(c=8)	weight -0.1377083451904:	Bool[holding] Bool[Exists(on,And(Not(ontable),Nominal(b)))]
	Feat 3890	(c=7)	weight -3.2264051739352:	Bool[And(clear,Nominal(b))] Bool[And(holding,Nominal(a))]
	Feat 3991	(c=8)	weight -1.4683487745735:	Bool[And(holding,Nominal(a))] Bool[And(Not(holding),Nominal(b))]
	Feat 4105	(c=8)	weight 0.18627656342587:	Bool[And(holding,Nominal(b))] Num[Forall(Star(on),Nominal(a))]
	Feat 4265	(c=6)	weight 0.19344864887053:	Bool[Exists(on,Nominal(b))] Num[Forall(on,<empty>)]
	Feat 4325	(c=8)	weight -0.10106017748896:	Bool[Exists(on,Nominal(b))] Bool[Exists(Inverse(on),Nominal(b))]
	Feat 4462	(c=8)	weight -0.31987618388095:	Bool[And(Forall(on,<empty>),Nominal(b))] Num[Or(holding,Nominal(a))]
	Feat 4484	(c=8)	weight 0.21765605669672:	Bool[And(Not(clear),Nominal(a))] Num[Or(ontable,Nominal(b))]
	Feat 4653	(c=8)	weight 0.13745335584326:	Bool[And(Forall(on,ontable),Nominal(a))] Num[Exists(on,<universe>)]
	Feat 4679	(c=8)	weight -0.0080959224258014:	Bool[Exists(on,And(ontable,Nominal(b)))] Num[Forall(on,<empty>)]
	Feat 4696	(c=8)	weight -0.12135675632787:	Bool[And(Forall(Star(on),Nominal(a)),Nominal(b))] Num[clear]
Score -0.28420835254128884
