Considering 53 features
Lasso Method
----------

Lambda=1.9697264867610762
Score 1.1102230246251565e-16
Lambda=1.2130525331611781
	Feat 1422	(c=8)	weight 1.1057121196673:	Bool[And(Forall(on,Or(Not(Nominal(b)),ontable)),Nominal(a))]
	Feat 1707	(c=8)	weight 0.02844815708453:	Num[Or(Exists(on,Exists(on,Exists(on,<universe>))),Nominal(b))]
	Feat 2372	(c=8)	weight 0.51090807623253:	Num[Or(And(holding,Nominal(a)),Exists(Star(on),Nominal(a)))]
	Feat 2677	(c=8)	weight 0.93710843755219:	Bool[And(Or(Not(Nominal(a)),clear),Exists(on,Nominal(b)))]
Score -0.39918843830903805
Lambda=0.7470562324764233
	Feat 689	(c=7)	weight -0.21302357973432:	Num[Or(Forall(on,Or(ontable,Nominal(b))),Nominal(b))]
	Feat 1422	(c=8)	weight 2.8899195205696:	Bool[And(Forall(on,Or(Not(Nominal(b)),ontable)),Nominal(a))]
	Feat 1707	(c=8)	weight 0.11092262532791:	Num[Or(Exists(on,Exists(on,Exists(on,<universe>))),Nominal(b))]
	Feat 2372	(c=8)	weight 0.73390648172006:	Num[Or(And(holding,Nominal(a)),Exists(Star(on),Nominal(a)))]
	Feat 2677	(c=8)	weight 1.8088867929583:	Bool[And(Or(Not(Nominal(a)),clear),Exists(on,Nominal(b)))]
Score -1.1035671195202665
Lambda=0.4600732443363308
	Feat 25	(c=3)	weight 0.021864093551591:	Bool[Exists(on,Nominal(a))]
	Feat 334	(c=6)	weight 0.0055377593487824:	Num[Or(Not(clear),Exists(on,Nominal(a)))]
	Feat 689	(c=7)	weight -0.3742333858626:	Num[Or(Forall(on,Or(ontable,Nominal(b))),Nominal(b))]
	Feat 1422	(c=8)	weight 3.9570264012445:	Bool[And(Forall(on,Or(Not(Nominal(b)),ontable)),Nominal(a))]
	Feat 1454	(c=8)	weight -0.030056133031549:	Num[Or(Exists(on,And(Not(Nominal(a)),ontable)),holding)]
	Feat 1707	(c=8)	weight 0.13838698794514:	Num[Or(Exists(on,Exists(on,Exists(on,<universe>))),Nominal(b))]
	Feat 2372	(c=8)	weight 0.84747282597662:	Num[Or(And(holding,Nominal(a)),Exists(Star(on),Nominal(a)))]
	Feat 2677	(c=8)	weight 2.3324333290878:	Bool[And(Or(Not(Nominal(a)),clear),Exists(on,Nominal(b)))]
	Feat 3890	(c=7)	weight -0.46545025749428:	Bool[And(clear,Nominal(b))] Bool[And(holding,Nominal(a))]
	Feat 4179	(c=8)	weight 0.10492343163761:	Bool[And(ontable,Nominal(a))] Bool[And(Forall(on,<empty>),Nominal(a))]
Score -1.5245211167499
Lambda=0.2833352844838722
	Feat 25	(c=3)	weight 0.3264095920576:	Bool[Exists(on,Nominal(a))]
	Feat 334	(c=6)	weight 0.019300025112003:	Num[Or(Not(clear),Exists(on,Nominal(a)))]
	Feat 689	(c=7)	weight -0.51906719327223:	Num[Or(Forall(on,Or(ontable,Nominal(b))),Nominal(b))]
	Feat 1422	(c=8)	weight 4.5343415365824:	Bool[And(Forall(on,Or(Not(Nominal(b)),ontable)),Nominal(a))]
	Feat 1454	(c=8)	weight -0.072542886590264:	Num[Or(Exists(on,And(Not(Nominal(a)),ontable)),holding)]
	Feat 1707	(c=8)	weight 0.14629529054034:	Num[Or(Exists(on,Exists(on,Exists(on,<universe>))),Nominal(b))]
	Feat 2372	(c=8)	weight 0.80395545914296:	Num[Or(And(holding,Nominal(a)),Exists(Star(on),Nominal(a)))]
	Feat 2677	(c=8)	weight 2.6883621661994:	Bool[And(Or(Not(Nominal(a)),clear),Exists(on,Nominal(b)))]
	Feat 3156	(c=7)	weight -0.072664974527187:	Atom[handempty] Num[Forall(on,Exists(on,ontable))]
	Feat 3890	(c=7)	weight -1.2083951683134:	Bool[And(clear,Nominal(b))] Bool[And(holding,Nominal(a))]
	Feat 4179	(c=8)	weight 0.48635500955468:	Bool[And(ontable,Nominal(a))] Bool[And(Forall(on,<empty>),Nominal(a))]
Score -1.5707925567136498
Lambda=0.17449152808127635
	Feat 25	(c=3)	weight 0.60238153511585:	Bool[Exists(on,Nominal(a))]
	Feat 689	(c=7)	weight -0.59982491063615:	Num[Or(Forall(on,Or(ontable,Nominal(b))),Nominal(b))]
	Feat 1422	(c=8)	weight 4.6105141705948:	Bool[And(Forall(on,Or(Not(Nominal(b)),ontable)),Nominal(a))]
	Feat 1454	(c=8)	weight -0.34764304985436:	Num[Or(Exists(on,And(Not(Nominal(a)),ontable)),holding)]
	Feat 1707	(c=8)	weight 0.091234346088043:	Num[Or(Exists(on,Exists(on,Exists(on,<universe>))),Nominal(b))]
	Feat 2314	(c=8)	weight 0.066030720691398:	Num[Or(Or(Nominal(a),Nominal(b)),Exists(Inverse(on),clear))]
	Feat 2372	(c=8)	weight 0.73490803237501:	Num[Or(And(holding,Nominal(a)),Exists(Star(on),Nominal(a)))]
	Feat 2677	(c=8)	weight 3.4601456152074:	Bool[And(Or(Not(Nominal(a)),clear),Exists(on,Nominal(b)))]
	Feat 3156	(c=7)	weight -0.081234643268796:	Atom[handempty] Num[Forall(on,Exists(on,ontable))]
	Feat 3624	(c=8)	weight 0.23206705786138:	Bool[holding] Num[Or(Exists(Inverse(on),clear),Nominal(b))]
	Feat 3890	(c=7)	weight -1.8577980785376:	Bool[And(clear,Nominal(b))] Bool[And(holding,Nominal(a))]
	Feat 4179	(c=8)	weight 0.54225294711064:	Bool[And(ontable,Nominal(a))] Bool[And(Forall(on,<empty>),Nominal(a))]
	Feat 4265	(c=6)	weight -0.1819913977504:	Bool[Exists(on,Nominal(b))] Num[Forall(on,<empty>)]
Score -1.2794839114774326
Lambda=0.10746029541503134
	Feat 22	(c=3)	weight -1.4734601402001:	Bool[Exists(on,Nominal(b))]
	Feat 25	(c=3)	weight 1.1498955020742:	Bool[Exists(on,Nominal(a))]
	Feat 569	(c=7)	weight -0.11225959478382:	Num[Exists(Star(on),And(Not(Nominal(b)),ontable))]
	Feat 689	(c=7)	weight -0.54935121426924:	Num[Or(Forall(on,Or(ontable,Nominal(b))),Nominal(b))]
	Feat 1151	(c=8)	weight 0.21706809048844:	Bool[And(Forall(on,Exists(Star(on),Nominal(a))),Nominal(b))]
	Feat 1422	(c=8)	weight 3.8523884269282:	Bool[And(Forall(on,Or(Not(Nominal(b)),ontable)),Nominal(a))]
	Feat 1454	(c=8)	weight -0.71448037838577:	Num[Or(Exists(on,And(Not(Nominal(a)),ontable)),holding)]
	Feat 1707	(c=8)	weight 0.27566648588442:	Num[Or(Exists(on,Exists(on,Exists(on,<universe>))),Nominal(b))]
	Feat 2314	(c=8)	weight 0.53317091544956:	Num[Or(Or(Nominal(a),Nominal(b)),Exists(Inverse(on),clear))]
	Feat 2372	(c=8)	weight 0.5827327092815:	Num[Or(And(holding,Nominal(a)),Exists(Star(on),Nominal(a)))]
	Feat 2677	(c=8)	weight 5.1624647506732:	Bool[And(Or(Not(Nominal(a)),clear),Exists(on,Nominal(b)))]
	Feat 2746	(c=8)	weight 0.091849734607426:	Bool[And(Forall(on,Not(Nominal(a))),And(clear,Nominal(b)))]
	Feat 3156	(c=7)	weight -0.017452646947298:	Atom[handempty] Num[Forall(on,Exists(on,ontable))]
	Feat 3624	(c=8)	weight 0.35336954626468:	Bool[holding] Num[Or(Exists(Inverse(on),clear),Nominal(b))]
	Feat 3642	(c=8)	weight 0.09317438311552:	Bool[holding] Num[Forall(on,Not(Or(ontable,Nominal(b))))]
	Feat 3890	(c=7)	weight -2.3077340889931:	Bool[And(clear,Nominal(b))] Bool[And(holding,Nominal(a))]
	Feat 4179	(c=8)	weight 0.40506712679001:	Bool[And(ontable,Nominal(a))] Bool[And(Forall(on,<empty>),Nominal(a))]
	Feat 4265	(c=6)	weight -0.1941264217279:	Bool[Exists(on,Nominal(b))] Num[Forall(on,<empty>)]
	Feat 4484	(c=8)	weight 0.031548665259199:	Bool[And(Not(clear),Nominal(a))] Num[Or(ontable,Nominal(b))]
	Feat 4696	(c=8)	weight -0.12574784797508:	Bool[And(Forall(Star(on),Nominal(a)),Nominal(b))] Num[clear]
Score -1.9420302655980834
Lambda=0.06617923069197378
	Feat 22	(c=3)	weight -3.1920763000121:	Bool[Exists(on,Nominal(b))]
	Feat 25	(c=3)	weight 0.79453844340843:	Bool[Exists(on,Nominal(a))]
	Feat 334	(c=6)	weight 0.18052225412922:	Num[Or(Not(clear),Exists(on,Nominal(a)))]
	Feat 569	(c=7)	weight -0.2434847898839:	Num[Exists(Star(on),And(Not(Nominal(b)),ontable))]
	Feat 689	(c=7)	weight -0.47852967946553:	Num[Or(Forall(on,Or(ontable,Nominal(b))),Nominal(b))]
	Feat 1145	(c=8)	weight -0.027053615242733:	Num[Or(Forall(Inverse(Star(on)),Not(Nominal(a))),ontable)]
	Feat 1151	(c=8)	weight 0.19727013371002:	Bool[And(Forall(on,Exists(Star(on),Nominal(a))),Nominal(b))]
	Feat 1422	(c=8)	weight 3.3108744507496:	Bool[And(Forall(on,Or(Not(Nominal(b)),ontable)),Nominal(a))]
	Feat 1454	(c=8)	weight -0.97064848866737:	Num[Or(Exists(on,And(Not(Nominal(a)),ontable)),holding)]
	Feat 1707	(c=8)	weight 0.40344901096745:	Num[Or(Exists(on,Exists(on,Exists(on,<universe>))),Nominal(b))]
	Feat 1843	(c=8)	weight 0.075182620032751:	Num[Or(And(Not(Nominal(b)),Forall(on,Nominal(b))),clear)]
	Feat 2314	(c=8)	weight 0.8369486012681:	Num[Or(Or(Nominal(a),Nominal(b)),Exists(Inverse(on),clear))]
	Feat 2372	(c=8)	weight 0.58663953648691:	Num[Or(And(holding,Nominal(a)),Exists(Star(on),Nominal(a)))]
	Feat 2430	(c=8)	weight -0.027565504268732:	Num[Or(And(Forall(on,<empty>),Nominal(b)),And(clear,Nominal(a)))]
	Feat 2476	(c=8)	weight 0.45243060835282:	Num[Or(And(Not(clear),Nominal(b)),Exists(on,Nominal(a)))]
	Feat 2677	(c=8)	weight 6.4717165560874:	Bool[And(Or(Not(Nominal(a)),clear),Exists(on,Nominal(b)))]
	Feat 2746	(c=8)	weight 0.41845757757318:	Bool[And(Forall(on,Not(Nominal(a))),And(clear,Nominal(b)))]
	Feat 3624	(c=8)	weight 0.33326395516657:	Bool[holding] Num[Or(Exists(Inverse(on),clear),Nominal(b))]
	Feat 3642	(c=8)	weight 0.14619642859325:	Bool[holding] Num[Forall(on,Not(Or(ontable,Nominal(b))))]
	Feat 3890	(c=7)	weight -2.7276589457021:	Bool[And(clear,Nominal(b))] Bool[And(holding,Nominal(a))]
	Feat 4179	(c=8)	weight 0.26515471684218:	Bool[And(ontable,Nominal(a))] Bool[And(Forall(on,<empty>),Nominal(a))]
	Feat 4265	(c=6)	weight -0.10329633267902:	Bool[Exists(on,Nominal(b))] Num[Forall(on,<empty>)]
	Feat 4484	(c=8)	weight 0.080623990137224:	Bool[And(Not(clear),Nominal(a))] Num[Or(ontable,Nominal(b))]
	Feat 4696	(c=8)	weight -0.16384401387069:	Bool[And(Forall(Star(on),Nominal(a)),Nominal(b))] Num[clear]
Score -3.3174674857180557
Lambda=0.040756360831377916
	Feat 22	(c=3)	weight -4.4934427437673:	Bool[Exists(on,Nominal(b))]
	Feat 25	(c=3)	weight 0.37945733709326:	Bool[Exists(on,Nominal(a))]
	Feat 334	(c=6)	weight 0.31155372502553:	Num[Or(Not(clear),Exists(on,Nominal(a)))]
	Feat 569	(c=7)	weight -0.33183259145403:	Num[Exists(Star(on),And(Not(Nominal(b)),ontable))]
	Feat 689	(c=7)	weight -0.62686581905822:	Num[Or(Forall(on,Or(ontable,Nominal(b))),Nominal(b))]
	Feat 1145	(c=8)	weight -0.079375465535721:	Num[Or(Forall(Inverse(Star(on)),Not(Nominal(a))),ontable)]
	Feat 1151	(c=8)	weight 0.36829382355872:	Bool[And(Forall(on,Exists(Star(on),Nominal(a))),Nominal(b))]
	Feat 1159	(c=8)	weight -0.09496542177789:	Num[Or(Forall(Star(on),Or(Nominal(a),Nominal(b))),clear)]
	Feat 1422	(c=8)	weight 2.9680260501164:	Bool[And(Forall(on,Or(Not(Nominal(b)),ontable)),Nominal(a))]
	Feat 1454	(c=8)	weight -1.0394918931934:	Num[Or(Exists(on,And(Not(Nominal(a)),ontable)),holding)]
	Feat 1707	(c=8)	weight 0.40843807457801:	Num[Or(Exists(on,Exists(on,Exists(on,<universe>))),Nominal(b))]
	Feat 1843	(c=8)	weight 0.45431778523941:	Num[Or(And(Not(Nominal(b)),Forall(on,Nominal(b))),clear)]
	Feat 2314	(c=8)	weight 0.90253634749357:	Num[Or(Or(Nominal(a),Nominal(b)),Exists(Inverse(on),clear))]
	Feat 2372	(c=8)	weight 0.66470777076794:	Num[Or(And(holding,Nominal(a)),Exists(Star(on),Nominal(a)))]
	Feat 2430	(c=8)	weight -0.20942301959316:	Num[Or(And(Forall(on,<empty>),Nominal(b)),And(clear,Nominal(a)))]
	Feat 2476	(c=8)	weight 0.77713059639067:	Num[Or(And(Not(clear),Nominal(b)),Exists(on,Nominal(a)))]
	Feat 2677	(c=8)	weight 7.3298563567447:	Bool[And(Or(Not(Nominal(a)),clear),Exists(on,Nominal(b)))]
	Feat 2746	(c=8)	weight 0.42297531624978:	Bool[And(Forall(on,Not(Nominal(a))),And(clear,Nominal(b)))]
	Feat 3624	(c=8)	weight 0.2568025730822:	Bool[holding] Num[Or(Exists(Inverse(on),clear),Nominal(b))]
	Feat 3642	(c=8)	weight 0.17221304391811:	Bool[holding] Num[Forall(on,Not(Or(ontable,Nominal(b))))]
	Feat 3890	(c=7)	weight -2.9698738313028:	Bool[And(clear,Nominal(b))] Bool[And(holding,Nominal(a))]
	Feat 4179	(c=8)	weight 0.2638720437578:	Bool[And(ontable,Nominal(a))] Bool[And(Forall(on,<empty>),Nominal(a))]
	Feat 4265	(c=6)	weight -0.050822750433682:	Bool[Exists(on,Nominal(b))] Num[Forall(on,<empty>)]
	Feat 4484	(c=8)	weight 0.060172435229905:	Bool[And(Not(clear),Nominal(a))] Num[Or(ontable,Nominal(b))]
	Feat 4696	(c=8)	weight -0.19583829791558:	Bool[And(Forall(Star(on),Nominal(a)),Nominal(b))] Num[clear]
Score -3.437231149569735
Lambda=0.025099731907565554
	Feat 22	(c=3)	weight -5.2711637584777:	Bool[Exists(on,Nominal(b))]
	Feat 25	(c=3)	weight 0.033036103089301:	Bool[Exists(on,Nominal(a))]
	Feat 334	(c=6)	weight 0.43501484472385:	Num[Or(Not(clear),Exists(on,Nominal(a)))]
	Feat 569	(c=7)	weight -0.44720606238409:	Num[Exists(Star(on),And(Not(Nominal(b)),ontable))]
	Feat 689	(c=7)	weight -0.727022178441:	Num[Or(Forall(on,Or(ontable,Nominal(b))),Nominal(b))]
	Feat 1145	(c=8)	weight -0.16729018543294:	Num[Or(Forall(Inverse(Star(on)),Not(Nominal(a))),ontable)]
	Feat 1151	(c=8)	weight 0.38029041107538:	Bool[And(Forall(on,Exists(Star(on),Nominal(a))),Nominal(b))]
	Feat 1159	(c=8)	weight -0.46205704779778:	Num[Or(Forall(Star(on),Or(Nominal(a),Nominal(b))),clear)]
	Feat 1290	(c=8)	weight 0.044964245764522:	Num[Or(Exists(on,Exists(on,ontable)),Not(Nominal(b)))]
	Feat 1422	(c=8)	weight 2.7827422034705:	Bool[And(Forall(on,Or(Not(Nominal(b)),ontable)),Nominal(a))]
	Feat 1454	(c=8)	weight -1.0179226030964:	Num[Or(Exists(on,And(Not(Nominal(a)),ontable)),holding)]
	Feat 1707	(c=8)	weight 0.26482597250265:	Num[Or(Exists(on,Exists(on,Exists(on,<universe>))),Nominal(b))]
	Feat 1770	(c=8)	weight -0.024888391781991:	Num[Exists(on,Forall(on,Not(And(ontable,Nominal(b)))))]
	Feat 1843	(c=8)	weight 0.77135281919466:	Num[Or(And(Not(Nominal(b)),Forall(on,Nominal(b))),clear)]
	Feat 1866	(c=8)	weight 0.022507697642435:	Num[Not(And(Exists(on,Exists(on,Nominal(b))),clear))]
	Feat 2286	(c=8)	weight 0.084309283177072:	Num[And(Not(Nominal(a)),Forall(Inverse(Star(on)),Nominal(b)))]
	Feat 2314	(c=8)	weight 1.0474184873845:	Num[Or(Or(Nominal(a),Nominal(b)),Exists(Inverse(on),clear))]
	Feat 2372	(c=8)	weight 0.80893907785818:	Num[Or(And(holding,Nominal(a)),Exists(Star(on),Nominal(a)))]
	Feat 2430	(c=8)	weight -0.10226016913489:	Num[Or(And(Forall(on,<empty>),Nominal(b)),And(clear,Nominal(a)))]
	Feat 2476	(c=8)	weight 1.0071434477484:	Num[Or(And(Not(clear),Nominal(b)),Exists(on,Nominal(a)))]
	Feat 2677	(c=8)	weight 7.83908245515:	Bool[And(Or(Not(Nominal(a)),clear),Exists(on,Nominal(b)))]
	Feat 2746	(c=8)	weight 0.37032164470077:	Bool[And(Forall(on,Not(Nominal(a))),And(clear,Nominal(b)))]
	Feat 3624	(c=8)	weight 0.20563083151465:	Bool[holding] Num[Or(Exists(Inverse(on),clear),Nominal(b))]
	Feat 3642	(c=8)	weight 0.18386212199439:	Bool[holding] Num[Forall(on,Not(Or(ontable,Nominal(b))))]
	Feat 3890	(c=7)	weight -3.0865783928512:	Bool[And(clear,Nominal(b))] Bool[And(holding,Nominal(a))]
	Feat 3991	(c=8)	weight -0.049048408941684:	Bool[And(holding,Nominal(a))] Bool[And(Not(holding),Nominal(b))]
	Feat 4179	(c=8)	weight 0.40605882177812:	Bool[And(ontable,Nominal(a))] Bool[And(Forall(on,<empty>),Nominal(a))]
	Feat 4462	(c=8)	weight -0.05436564706402:	Bool[And(Forall(on,<empty>),Nominal(b))] Num[Or(holding,Nominal(a))]
	Feat 4484	(c=8)	weight 0.10220281407057:	Bool[And(Not(clear),Nominal(a))] Num[Or(ontable,Nominal(b))]
	Feat 4653	(c=8)	weight 0.012796433742544:	Bool[And(Forall(on,ontable),Nominal(a))] Num[Exists(on,<universe>)]
	Feat 4696	(c=8)	weight -0.18077160979449:	Bool[And(Forall(Star(on),Nominal(a)),Nominal(b))] Num[clear]
Score -3.119705585442218
Lambda=0.015457624993511108
	Feat 22	(c=3)	weight -5.4873654895904:	Bool[Exists(on,Nominal(b))]
	Feat 45	(c=4)	weight -0.030937987777045:	Bool[And(Forall(on,<empty>),Nominal(b))]
	Feat 334	(c=6)	weight 0.58585127268749:	Num[Or(Not(clear),Exists(on,Nominal(a)))]
	Feat 569	(c=7)	weight -0.3861425978954:	Num[Exists(Star(on),And(Not(Nominal(b)),ontable))]
	Feat 689	(c=7)	weight -0.86795615351874:	Num[Or(Forall(on,Or(ontable,Nominal(b))),Nominal(b))]
	Feat 1145	(c=8)	weight -0.30891976446363:	Num[Or(Forall(Inverse(Star(on)),Not(Nominal(a))),ontable)]
	Feat 1151	(c=8)	weight 0.40880031967433:	Bool[And(Forall(on,Exists(Star(on),Nominal(a))),Nominal(b))]
	Feat 1159	(c=8)	weight -0.78109663342551:	Num[Or(Forall(Star(on),Or(Nominal(a),Nominal(b))),clear)]
	Feat 1290	(c=8)	weight 0.15976930006291:	Num[Or(Exists(on,Exists(on,ontable)),Not(Nominal(b)))]
	Feat 1422	(c=8)	weight 2.6238991244214:	Bool[And(Forall(on,Or(Not(Nominal(b)),ontable)),Nominal(a))]
	Feat 1454	(c=8)	weight -0.93071326412264:	Num[Or(Exists(on,And(Not(Nominal(a)),ontable)),holding)]
	Feat 1707	(c=8)	weight 0.12416205137112:	Num[Or(Exists(on,Exists(on,Exists(on,<universe>))),Nominal(b))]
	Feat 1770	(c=8)	weight -0.56150775193437:	Num[Exists(on,Forall(on,Not(And(ontable,Nominal(b)))))]
	Feat 1843	(c=8)	weight 0.92121430831266:	Num[Or(And(Not(Nominal(b)),Forall(on,Nominal(b))),clear)]
	Feat 1866	(c=8)	weight 0.26582491070715:	Num[Not(And(Exists(on,Exists(on,Nominal(b))),clear))]
	Feat 2286	(c=8)	weight 0.067669693770201:	Num[And(Not(Nominal(a)),Forall(Inverse(Star(on)),Nominal(b)))]
	Feat 2314	(c=8)	weight 1.2536009834809:	Num[Or(Or(Nominal(a),Nominal(b)),Exists(Inverse(on),clear))]
	Feat 2372	(c=8)	weight 0.92412573559153:	Num[Or(And(holding,Nominal(a)),Exists(Star(on),Nominal(a)))]
	Feat 2476	(c=8)	weight 1.1140281067626:	Num[Or(And(Not(clear),Nominal(b)),Exists(on,Nominal(a)))]
	Feat 2677	(c=8)	weight 8.1649941955687:	Bool[And(Or(Not(Nominal(a)),clear),Exists(on,Nominal(b)))]
	Feat 2746	(c=8)	weight 0.35116217960226:	Bool[And(Forall(on,Not(Nominal(a))),And(clear,Nominal(b)))]
	Feat 3624	(c=8)	weight 0.15727149506932:	Bool[holding] Num[Or(Exists(Inverse(on),clear),Nominal(b))]
	Feat 3642	(c=8)	weight 0.17419296141063:	Bool[holding] Num[Forall(on,Not(Or(ontable,Nominal(b))))]
	Feat 3890	(c=7)	weight -3.119377320279:	Bool[And(clear,Nominal(b))] Bool[And(holding,Nominal(a))]
	Feat 3991	(c=8)	weight -0.11223175330859:	Bool[And(holding,Nominal(a))] Bool[And(Not(holding),Nominal(b))]
	Feat 4105	(c=8)	weight 0.00102647329395:	Bool[And(holding,Nominal(b))] Num[Forall(Star(on),Nominal(a))]
	Feat 4179	(c=8)	weight 0.53870300537229:	Bool[And(ontable,Nominal(a))] Bool[And(Forall(on,<empty>),Nominal(a))]
	Feat 4462	(c=8)	weight -0.13854415787024:	Bool[And(Forall(on,<empty>),Nominal(b))] Num[Or(holding,Nominal(a))]
	Feat 4484	(c=8)	weight 0.12791030562701:	Bool[And(Not(clear),Nominal(a))] Num[Or(ontable,Nominal(b))]
	Feat 4653	(c=8)	weight 0.067866511166205:	Bool[And(Forall(on,ontable),Nominal(a))] Num[Exists(on,<universe>)]
	Feat 4696	(c=8)	weight -0.18076222110816:	Bool[And(Forall(Star(on),Nominal(a)),Nominal(b))] Num[clear]
Score -2.6443559730536794
Lambda=0.009519550699583313
	Feat 22	(c=3)	weight -5.520897760508:	Bool[Exists(on,Nominal(b))]
	Feat 45	(c=4)	weight -0.1410436919076:	Bool[And(Forall(on,<empty>),Nominal(b))]
	Feat 334	(c=6)	weight 0.65376024909773:	Num[Or(Not(clear),Exists(on,Nominal(a)))]
	Feat 569	(c=7)	weight -0.37091205270961:	Num[Exists(Star(on),And(Not(Nominal(b)),ontable))]
	Feat 689	(c=7)	weight -1.0053068098424:	Num[Or(Forall(on,Or(ontable,Nominal(b))),Nominal(b))]
	Feat 918	(c=7)	weight 0.036973056626742:	Num[And(Exists(on,ontable),Or(clear,Nominal(b)))]
	Feat 1145	(c=8)	weight -0.40129635989767:	Num[Or(Forall(Inverse(Star(on)),Not(Nominal(a))),ontable)]
	Feat 1151	(c=8)	weight 0.46538304542667:	Bool[And(Forall(on,Exists(Star(on),Nominal(a))),Nominal(b))]
	Feat 1159	(c=8)	weight -0.98918337438999:	Num[Or(Forall(Star(on),Or(Nominal(a),Nominal(b))),clear)]
	Feat 1290	(c=8)	weight 0.29350920820429:	Num[Or(Exists(on,Exists(on,ontable)),Not(Nominal(b)))]
	Feat 1422	(c=8)	weight 2.5266011130108:	Bool[And(Forall(on,Or(Not(Nominal(b)),ontable)),Nominal(a))]
	Feat 1454	(c=8)	weight -0.86032956956731:	Num[Or(Exists(on,And(Not(Nominal(a)),ontable)),holding)]
	Feat 1770	(c=8)	weight -0.88460209038147:	Num[Exists(on,Forall(on,Not(And(ontable,Nominal(b)))))]
	Feat 1843	(c=8)	weight 1.0335189023866:	Num[Or(And(Not(Nominal(b)),Forall(on,Nominal(b))),clear)]
	Feat 1866	(c=8)	weight 0.3944563535786:	Num[Not(And(Exists(on,Exists(on,Nominal(b))),clear))]
	Feat 2286	(c=8)	weight 0.013929421746502:	Num[And(Not(Nominal(a)),Forall(Inverse(Star(on)),Nominal(b)))]
	Feat 2314	(c=8)	weight 1.3347320603523:	Num[Or(Or(Nominal(a),Nominal(b)),Exists(Inverse(on),clear))]
	Feat 2372	(c=8)	weight 0.99556646474501:	Num[Or(And(holding,Nominal(a)),Exists(Star(on),Nominal(a)))]
	Feat 2476	(c=8)	weight 1.1395467815752:	Num[Or(And(Not(clear),Nominal(b)),Exists(on,Nominal(a)))]
	Feat 2677	(c=8)	weight 8.3528849041652:	Bool[And(Or(Not(Nominal(a)),clear),Exists(on,Nominal(b)))]
	Feat 2746	(c=8)	weight 0.44579949989609:	Bool[And(Forall(on,Not(Nominal(a))),And(clear,Nominal(b)))]
	Feat 3624	(c=8)	weight 0.12514487670074:	Bool[holding] Num[Or(Exists(Inverse(on),clear),Nominal(b))]
	Feat 3642	(c=8)	weight 0.16984931432409:	Bool[holding] Num[Forall(on,Not(Or(ontable,Nominal(b))))]
	Feat 3890	(c=7)	weight -3.1440859230741:	Bool[And(clear,Nominal(b))] Bool[And(holding,Nominal(a))]
	Feat 3991	(c=8)	weight -0.1835219811372:	Bool[And(holding,Nominal(a))] Bool[And(Not(holding),Nominal(b))]
	Feat 4105	(c=8)	weight 0.056765505203642:	Bool[And(holding,Nominal(b))] Num[Forall(Star(on),Nominal(a))]
	Feat 4179	(c=8)	weight 0.6300179474748:	Bool[And(ontable,Nominal(a))] Bool[And(Forall(on,<empty>),Nominal(a))]
	Feat 4462	(c=8)	weight -0.16954238550252:	Bool[And(Forall(on,<empty>),Nominal(b))] Num[Or(holding,Nominal(a))]
	Feat 4484	(c=8)	weight 0.14045438544682:	Bool[And(Not(clear),Nominal(a))] Num[Or(ontable,Nominal(b))]
	Feat 4653	(c=8)	weight 0.10352699848654:	Bool[And(Forall(on,ontable),Nominal(a))] Num[Exists(on,<universe>)]
	Feat 4696	(c=8)	weight -0.16686385064046:	Bool[And(Forall(Star(on),Nominal(a)),Nominal(b))] Num[clear]
Score -2.0073871938338477
Lambda=0.005862598268490724
	Feat 22	(c=3)	weight -5.5886847348664:	Bool[Exists(on,Nominal(b))]
	Feat 45	(c=4)	weight -0.17717359831276:	Bool[And(Forall(on,<empty>),Nominal(b))]
	Feat 334	(c=6)	weight 0.69189976594287:	Num[Or(Not(clear),Exists(on,Nominal(a)))]
	Feat 457	(c=7)	weight -0.0326795295835:	Num[Forall(on,Or(Forall(on,Nominal(a)),Nominal(a)))]
	Feat 485	(c=7)	weight 0.11535940341024:	Num[Or(Exists(on,Exists(on,ontable)),Nominal(b))]
	Feat 569	(c=7)	weight -0.3569482157212:	Num[Exists(Star(on),And(Not(Nominal(b)),ontable))]
	Feat 689	(c=7)	weight -1.0032217438218:	Num[Or(Forall(on,Or(ontable,Nominal(b))),Nominal(b))]
	Feat 918	(c=7)	weight 0.15559461350292:	Num[And(Exists(on,ontable),Or(clear,Nominal(b)))]
	Feat 1145	(c=8)	weight -0.44823497848482:	Num[Or(Forall(Inverse(Star(on)),Not(Nominal(a))),ontable)]
	Feat 1151	(c=8)	weight 0.50046565888567:	Bool[And(Forall(on,Exists(Star(on),Nominal(a))),Nominal(b))]
	Feat 1159	(c=8)	weight -1.1268399587245:	Num[Or(Forall(Star(on),Or(Nominal(a),Nominal(b))),clear)]
	Feat 1290	(c=8)	weight 0.46356602284289:	Num[Or(Exists(on,Exists(on,ontable)),Not(Nominal(b)))]
	Feat 1422	(c=8)	weight 2.4740952514525:	Bool[And(Forall(on,Or(Not(Nominal(b)),ontable)),Nominal(a))]
	Feat 1454	(c=8)	weight -0.82668577908469:	Num[Or(Exists(on,And(Not(Nominal(a)),ontable)),holding)]
	Feat 1770	(c=8)	weight -1.1650240315623:	Num[Exists(on,Forall(on,Not(And(ontable,Nominal(b)))))]
	Feat 1843	(c=8)	weight 1.0039986737236:	Num[Or(And(Not(Nominal(b)),Forall(on,Nominal(b))),clear)]
	Feat 1866	(c=8)	weight 0.43323536500719:	Num[Not(And(Exists(on,Exists(on,Nominal(b))),clear))]
	Feat 2314	(c=8)	weight 1.4115206155861:	Num[Or(Or(Nominal(a),Nominal(b)),Exists(Inverse(on),clear))]
	Feat 2372	(c=8)	weight 1.0360166703452:	Num[Or(And(holding,Nominal(a)),Exists(Star(on),Nominal(a)))]
	Feat 2476	(c=8)	weight 1.1594719230021:	Num[Or(And(Not(clear),Nominal(b)),Exists(on,Nominal(a)))]
	Feat 2677	(c=8)	weight 8.4536054870915:	Bool[And(Or(Not(Nominal(a)),clear),Exists(on,Nominal(b)))]
	Feat 2746	(c=8)	weight 0.50665956488651:	Bool[And(Forall(on,Not(Nominal(a))),And(clear,Nominal(b)))]
	Feat 3624	(c=8)	weight 0.10383878543003:	Bool[holding] Num[Or(Exists(Inverse(on),clear),Nominal(b))]
	Feat 3642	(c=8)	weight 0.17471948699334:	Bool[holding] Num[Forall(on,Not(Or(ontable,Nominal(b))))]
	Feat 3701	(c=8)	weight -0.025655987172721:	Bool[holding] Bool[Exists(on,And(Not(ontable),Nominal(b)))]
	Feat 3890	(c=7)	weight -3.1694857099614:	Bool[And(clear,Nominal(b))] Bool[And(holding,Nominal(a))]
	Feat 3991	(c=8)	weight -0.27033063791442:	Bool[And(holding,Nominal(a))] Bool[And(Not(holding),Nominal(b))]
	Feat 4105	(c=8)	weight 0.066860050902398:	Bool[And(holding,Nominal(b))] Num[Forall(Star(on),Nominal(a))]
	Feat 4179	(c=8)	weight 0.66007791656688:	Bool[And(ontable,Nominal(a))] Bool[And(Forall(on,<empty>),Nominal(a))]
	Feat 4462	(c=8)	weight -0.20607070508338:	Bool[And(Forall(on,<empty>),Nominal(b))] Num[Or(holding,Nominal(a))]
	Feat 4484	(c=8)	weight 0.15673194925661:	Bool[And(Not(clear),Nominal(a))] Num[Or(ontable,Nominal(b))]
	Feat 4653	(c=8)	weight 0.12355657193744:	Bool[And(Forall(on,ontable),Nominal(a))] Num[Exists(on,<universe>)]
	Feat 4696	(c=8)	weight -0.15086991912205:	Bool[And(Forall(Star(on),Nominal(a)),Nominal(b))] Num[clear]
Score -1.9180086940345906
Lambda=0.003610470655848796
	Feat 22	(c=3)	weight -5.7215550680128:	Bool[Exists(on,Nominal(b))]
	Feat 45	(c=4)	weight -0.099108679093137:	Bool[And(Forall(on,<empty>),Nominal(b))]
	Feat 334	(c=6)	weight 0.70847586411623:	Num[Or(Not(clear),Exists(on,Nominal(a)))]
	Feat 457	(c=7)	weight -0.089082958976282:	Num[Forall(on,Or(Forall(on,Nominal(a)),Nominal(a)))]
	Feat 485	(c=7)	weight 0.27897662782628:	Num[Or(Exists(on,Exists(on,ontable)),Nominal(b))]
	Feat 569	(c=7)	weight -0.36647006811771:	Num[Exists(Star(on),And(Not(Nominal(b)),ontable))]
	Feat 689	(c=7)	weight -0.95498988937643:	Num[Or(Forall(on,Or(ontable,Nominal(b))),Nominal(b))]
	Feat 918	(c=7)	weight 0.27775637118541:	Num[And(Exists(on,ontable),Or(clear,Nominal(b)))]
	Feat 1145	(c=8)	weight -0.49639070845059:	Num[Or(Forall(Inverse(Star(on)),Not(Nominal(a))),ontable)]
	Feat 1151	(c=8)	weight 0.49422534660776:	Bool[And(Forall(on,Exists(Star(on),Nominal(a))),Nominal(b))]
	Feat 1159	(c=8)	weight -1.2797759572518:	Num[Or(Forall(Star(on),Or(Nominal(a),Nominal(b))),clear)]
	Feat 1290	(c=8)	weight 0.64777167628767:	Num[Or(Exists(on,Exists(on,ontable)),Not(Nominal(b)))]
	Feat 1422	(c=8)	weight 2.4652731594902:	Bool[And(Forall(on,Or(Not(Nominal(b)),ontable)),Nominal(a))]
	Feat 1454	(c=8)	weight -0.79792779227483:	Num[Or(Exists(on,And(Not(Nominal(a)),ontable)),holding)]
	Feat 1770	(c=8)	weight -1.3528512878375:	Num[Exists(on,Forall(on,Not(And(ontable,Nominal(b)))))]
	Feat 1843	(c=8)	weight 0.9939588507844:	Num[Or(And(Not(Nominal(b)),Forall(on,Nominal(b))),clear)]
	Feat 1866	(c=8)	weight 0.47164217355729:	Num[Not(And(Exists(on,Exists(on,Nominal(b))),clear))]
	Feat 2314	(c=8)	weight 1.4764444330346:	Num[Or(Or(Nominal(a),Nominal(b)),Exists(Inverse(on),clear))]
	Feat 2372	(c=8)	weight 1.093827877478:	Num[Or(And(holding,Nominal(a)),Exists(Star(on),Nominal(a)))]
	Feat 2476	(c=8)	weight 1.1711267304309:	Num[Or(And(Not(clear),Nominal(b)),Exists(on,Nominal(a)))]
	Feat 2677	(c=8)	weight 8.4823645710888:	Bool[And(Or(Not(Nominal(a)),clear),Exists(on,Nominal(b)))]
	Feat 2746	(c=8)	weight 0.55360556819525:	Bool[And(Forall(on,Not(Nominal(a))),And(clear,Nominal(b)))]
	Feat 3624	(c=8)	weight 0.087637779067122:	Bool[holding] Num[Or(Exists(Inverse(on),clear),Nominal(b))]
	Feat 3642	(c=8)	weight 0.18533283623497:	Bool[holding] Num[Forall(on,Not(Or(ontable,Nominal(b))))]
	Feat 3701	(c=8)	weight -0.091064114453207:	Bool[holding] Bool[Exists(on,And(Not(ontable),Nominal(b)))]
	Feat 3890	(c=7)	weight -3.1943065966965:	Bool[And(clear,Nominal(b))] Bool[And(holding,Nominal(a))]
	Feat 3991	(c=8)	weight -0.36357298810255:	Bool[And(holding,Nominal(a))] Bool[And(Not(holding),Nominal(b))]
	Feat 4105	(c=8)	weight 0.079105995820172:	Bool[And(holding,Nominal(b))] Num[Forall(Star(on),Nominal(a))]
	Feat 4179	(c=8)	weight 0.68654915189943:	Bool[And(ontable,Nominal(a))] Bool[And(Forall(on,<empty>),Nominal(a))]
	Feat 4265	(c=6)	weight 0.039347702749562:	Bool[Exists(on,Nominal(b))] Num[Forall(on,<empty>)]
	Feat 4462	(c=8)	weight -0.2629864428983:	Bool[And(Forall(on,<empty>),Nominal(b))] Num[Or(holding,Nominal(a))]
	Feat 4484	(c=8)	weight 0.17072026916018:	Bool[And(Not(clear),Nominal(a))] Num[Or(ontable,Nominal(b))]
	Feat 4653	(c=8)	weight 0.13874265805821:	Bool[And(Forall(on,ontable),Nominal(a))] Num[Exists(on,<universe>)]
	Feat 4679	(c=8)	weight 0.0053812839262335:	Bool[Exists(on,And(ontable,Nominal(b)))] Num[Forall(on,<empty>)]
	Feat 4696	(c=8)	weight -0.13709507030094:	Bool[And(Forall(Star(on),Nominal(a)),Nominal(b))] Num[clear]
Score -2.239007256638135
Lambda=0.0022235018945108644
	Feat 22	(c=3)	weight -5.7976419741611:	Bool[Exists(on,Nominal(b))]
	Feat 45	(c=4)	weight -0.05936566221491:	Bool[And(Forall(on,<empty>),Nominal(b))]
	Feat 334	(c=6)	weight 0.71204190225924:	Num[Or(Not(clear),Exists(on,Nominal(a)))]
	Feat 457	(c=7)	weight -0.11822485358702:	Num[Forall(on,Or(Forall(on,Nominal(a)),Nominal(a)))]
	Feat 485	(c=7)	weight 0.38887141376501:	Num[Or(Exists(on,Exists(on,ontable)),Nominal(b))]
	Feat 569	(c=7)	weight -0.37527415161401:	Num[Exists(Star(on),And(Not(Nominal(b)),ontable))]
	Feat 689	(c=7)	weight -0.92580809238289:	Num[Or(Forall(on,Or(ontable,Nominal(b))),Nominal(b))]
	Feat 918	(c=7)	weight 0.35897553849848:	Num[And(Exists(on,ontable),Or(clear,Nominal(b)))]
	Feat 1145	(c=8)	weight -0.5257960386788:	Num[Or(Forall(Inverse(Star(on)),Not(Nominal(a))),ontable)]
	Feat 1151	(c=8)	weight 0.49267534740366:	Bool[And(Forall(on,Exists(Star(on),Nominal(a))),Nominal(b))]
	Feat 1159	(c=8)	weight -1.3755300840159:	Num[Or(Forall(Star(on),Or(Nominal(a),Nominal(b))),clear)]
	Feat 1290	(c=8)	weight 0.77147066637098:	Num[Or(Exists(on,Exists(on,ontable)),Not(Nominal(b)))]
	Feat 1322	(c=8)	weight 0.0049800639540084:	Num[Or(And(Forall(on,Nominal(a)),Nominal(b)),Not(clear))]
	Feat 1422	(c=8)	weight 2.4580739477286:	Bool[And(Forall(on,Or(Not(Nominal(b)),ontable)),Nominal(a))]
	Feat 1454	(c=8)	weight -0.794102532816:	Num[Or(Exists(on,And(Not(Nominal(a)),ontable)),holding)]
	Feat 1770	(c=8)	weight -1.4536687764827:	Num[Exists(on,Forall(on,Not(And(ontable,Nominal(b)))))]
	Feat 1843	(c=8)	weight 0.99897183069824:	Num[Or(And(Not(Nominal(b)),Forall(on,Nominal(b))),clear)]
	Feat 1866	(c=8)	weight 0.49298911938124:	Num[Not(And(Exists(on,Exists(on,Nominal(b))),clear))]
	Feat 2314	(c=8)	weight 1.5052641918282:	Num[Or(Or(Nominal(a),Nominal(b)),Exists(Inverse(on),clear))]
	Feat 2372	(c=8)	weight 1.1282063425891:	Num[Or(And(holding,Nominal(a)),Exists(Star(on),Nominal(a)))]
	Feat 2476	(c=8)	weight 1.1730020813174:	Num[Or(And(Not(clear),Nominal(b)),Exists(on,Nominal(a)))]
	Feat 2677	(c=8)	weight 8.4997115011608:	Bool[And(Or(Not(Nominal(a)),clear),Exists(on,Nominal(b)))]
	Feat 2746	(c=8)	weight 0.58282024371845:	Bool[And(Forall(on,Not(Nominal(a))),And(clear,Nominal(b)))]
	Feat 3606	(c=8)	weight -0.00019118986059119:	Bool[holding] Num[Or(And(Forall(on,<empty>),Nominal(b)),clear)]
	Feat 3624	(c=8)	weight 0.080286586767755:	Bool[holding] Num[Or(Exists(Inverse(on),clear),Nominal(b))]
	Feat 3642	(c=8)	weight 0.19202392627443:	Bool[holding] Num[Forall(on,Not(Or(ontable,Nominal(b))))]
	Feat 3701	(c=8)	weight -0.11878301422706:	Bool[holding] Bool[Exists(on,And(Not(ontable),Nominal(b)))]
	Feat 3890	(c=7)	weight -3.2060464429102:	Bool[And(clear,Nominal(b))] Bool[And(holding,Nominal(a))]
	Feat 3991	(c=8)	weight -0.41528710666709:	Bool[And(holding,Nominal(a))] Bool[And(Not(holding),Nominal(b))]
	Feat 4105	(c=8)	weight 0.092843892241044:	Bool[And(holding,Nominal(b))] Num[Forall(Star(on),Nominal(a))]
	Feat 4179	(c=8)	weight 0.69856803609361:	Bool[And(ontable,Nominal(a))] Bool[And(Forall(on,<empty>),Nominal(a))]
	Feat 4265	(c=6)	weight 0.055942462957829:	Bool[Exists(on,Nominal(b))] Num[Forall(on,<empty>)]
	Feat 4462	(c=8)	weight -0.29360730354936:	Bool[And(Forall(on,<empty>),Nominal(b))] Num[Or(holding,Nominal(a))]
	Feat 4484	(c=8)	weight 0.17739541463212:	Bool[And(Not(clear),Nominal(a))] Num[Or(ontable,Nominal(b))]
	Feat 4653	(c=8)	weight 0.14836680918729:	Bool[And(Forall(on,ontable),Nominal(a))] Num[Exists(on,<universe>)]
	Feat 4679	(c=8)	weight 0.020304491875862:	Bool[Exists(on,And(ontable,Nominal(b)))] Num[Forall(on,<empty>)]
	Feat 4696	(c=8)	weight -0.1317635549557:	Bool[And(Forall(Star(on),Nominal(a)),Nominal(b))] Num[clear]
Score -2.5431587294844498
Lambda=0.001369339664036436
	Feat 22	(c=3)	weight -5.8257448116692:	Bool[Exists(on,Nominal(b))]
	Feat 45	(c=4)	weight -0.051520625805174:	Bool[And(Forall(on,<empty>),Nominal(b))]
	Feat 334	(c=6)	weight 0.6738997880987:	Num[Or(Not(clear),Exists(on,Nominal(a)))]
	Feat 457	(c=7)	weight -0.15143704789903:	Num[Forall(on,Or(Forall(on,Nominal(a)),Nominal(a)))]
	Feat 485	(c=7)	weight 0.46019152219948:	Num[Or(Exists(on,Exists(on,ontable)),Nominal(b))]
	Feat 569	(c=7)	weight -0.38578261790029:	Num[Exists(Star(on),And(Not(Nominal(b)),ontable))]
	Feat 689	(c=7)	weight -0.89273975915217:	Num[Or(Forall(on,Or(ontable,Nominal(b))),Nominal(b))]
	Feat 918	(c=7)	weight 0.41868736130932:	Num[And(Exists(on,ontable),Or(clear,Nominal(b)))]
	Feat 1145	(c=8)	weight -0.54218923496231:	Num[Or(Forall(Inverse(Star(on)),Not(Nominal(a))),ontable)]
	Feat 1151	(c=8)	weight 0.47269868881719:	Bool[And(Forall(on,Exists(Star(on),Nominal(a))),Nominal(b))]
	Feat 1159	(c=8)	weight -1.436675134921:	Num[Or(Forall(Star(on),Or(Nominal(a),Nominal(b))),clear)]
	Feat 1290	(c=8)	weight 0.84784253369409:	Num[Or(Exists(on,Exists(on,ontable)),Not(Nominal(b)))]
	Feat 1322	(c=8)	weight 0.074044809456025:	Num[Or(And(Forall(on,Nominal(a)),Nominal(b)),Not(clear))]
	Feat 1422	(c=8)	weight 2.4594214013445:	Bool[And(Forall(on,Or(Not(Nominal(b)),ontable)),Nominal(a))]
	Feat 1454	(c=8)	weight -0.781677390371:	Num[Or(Exists(on,And(Not(Nominal(a)),ontable)),holding)]
	Feat 1770	(c=8)	weight -1.5338139023232:	Num[Exists(on,Forall(on,Not(And(ontable,Nominal(b)))))]
	Feat 1843	(c=8)	weight 1.0043985556107:	Num[Or(And(Not(Nominal(b)),Forall(on,Nominal(b))),clear)]
	Feat 1866	(c=8)	weight 0.4996504583168:	Num[Not(And(Exists(on,Exists(on,Nominal(b))),clear))]
	Feat 2314	(c=8)	weight 1.5069953160979:	Num[Or(Or(Nominal(a),Nominal(b)),Exists(Inverse(on),clear))]
	Feat 2372	(c=8)	weight 1.1513285558038:	Num[Or(And(holding,Nominal(a)),Exists(Star(on),Nominal(a)))]
	Feat 2476	(c=8)	weight 1.1913519529716:	Num[Or(And(Not(clear),Nominal(b)),Exists(on,Nominal(a)))]
	Feat 2677	(c=8)	weight 8.5119492428367:	Bool[And(Or(Not(Nominal(a)),clear),Exists(on,Nominal(b)))]
	Feat 2746	(c=8)	weight 0.65002791181136:	Bool[And(Forall(on,Not(Nominal(a))),And(clear,Nominal(b)))]
	Feat 3606	(c=8)	weight -0.015780154688111:	Bool[holding] Num[Or(And(Forall(on,<empty>),Nominal(b)),clear)]
	Feat 3624	(c=8)	weight 0.077932241720228:	Bool[holding] Num[Or(Exists(Inverse(on),clear),Nominal(b))]
	Feat 3642	(c=8)	weight 0.19672783385137:	Bool[holding] Num[Forall(on,Not(Or(ontable,Nominal(b))))]
	Feat 3701	(c=8)	weight -0.14925114751209:	Bool[holding] Bool[Exists(on,And(Not(ontable),Nominal(b)))]
	Feat 3890	(c=7)	weight -3.2148693320229:	Bool[And(clear,Nominal(b))] Bool[And(holding,Nominal(a))]
	Feat 3991	(c=8)	weight -0.46634928898892:	Bool[And(holding,Nominal(a))] Bool[And(Not(holding),Nominal(b))]
	Feat 4105	(c=8)	weight 0.12697795297307:	Bool[And(holding,Nominal(b))] Num[Forall(Star(on),Nominal(a))]
	Feat 4179	(c=8)	weight 0.70367453657415:	Bool[And(ontable,Nominal(a))] Bool[And(Forall(on,<empty>),Nominal(a))]
	Feat 4265	(c=6)	weight 0.068216477104113:	Bool[Exists(on,Nominal(b))] Num[Forall(on,<empty>)]
	Feat 4325	(c=8)	weight -0.011162374395836:	Bool[Exists(on,Nominal(b))] Bool[Exists(Inverse(on),Nominal(b))]
	Feat 4462	(c=8)	weight -0.31187469846192:	Bool[And(Forall(on,<empty>),Nominal(b))] Num[Or(holding,Nominal(a))]
	Feat 4484	(c=8)	weight 0.18625016742764:	Bool[And(Not(clear),Nominal(a))] Num[Or(ontable,Nominal(b))]
	Feat 4653	(c=8)	weight 0.15315562039494:	Bool[And(Forall(on,ontable),Nominal(a))] Num[Exists(on,<universe>)]
	Feat 4679	(c=8)	weight 0.042089533665332:	Bool[Exists(on,And(ontable,Nominal(b)))] Num[Forall(on,<empty>)]
	Feat 4696	(c=8)	weight -0.13194369715291:	Bool[And(Forall(Star(on),Nominal(a)),Nominal(b))] Num[clear]
Score -2.751738357151752
Lambda=0.0008433053824385929
	Feat 22	(c=3)	weight -5.8164222151889:	Bool[Exists(on,Nominal(b))]
	Feat 45	(c=4)	weight -0.062203463800273:	Bool[And(Forall(on,<empty>),Nominal(b))]
	Feat 334	(c=6)	weight 0.64049760056967:	Num[Or(Not(clear),Exists(on,Nominal(a)))]
	Feat 457	(c=7)	weight -0.17517590512414:	Num[Forall(on,Or(Forall(on,Nominal(a)),Nominal(a)))]
	Feat 485	(c=7)	weight 0.50325661358362:	Num[Or(Exists(on,Exists(on,ontable)),Nominal(b))]
	Feat 569	(c=7)	weight -0.38950582756086:	Num[Exists(Star(on),And(Not(Nominal(b)),ontable))]
	Feat 689	(c=7)	weight -0.87890157534254:	Num[Or(Forall(on,Or(ontable,Nominal(b))),Nominal(b))]
	Feat 918	(c=7)	weight 0.45590470440359:	Num[And(Exists(on,ontable),Or(clear,Nominal(b)))]
	Feat 1145	(c=8)	weight -0.55295697132513:	Num[Or(Forall(Inverse(Star(on)),Not(Nominal(a))),ontable)]
	Feat 1151	(c=8)	weight 0.46381496354258:	Bool[And(Forall(on,Exists(Star(on),Nominal(a))),Nominal(b))]
	Feat 1159	(c=8)	weight -1.4738069714379:	Num[Or(Forall(Star(on),Or(Nominal(a),Nominal(b))),clear)]
	Feat 1290	(c=8)	weight 0.89858819763618:	Num[Or(Exists(on,Exists(on,ontable)),Not(Nominal(b)))]
	Feat 1322	(c=8)	weight 0.12531300920741:	Num[Or(And(Forall(on,Nominal(a)),Nominal(b)),Not(clear))]
	Feat 1422	(c=8)	weight 2.4582617752166:	Bool[And(Forall(on,Or(Not(Nominal(b)),ontable)),Nominal(a))]
	Feat 1454	(c=8)	weight -0.76375877781235:	Num[Or(Exists(on,And(Not(Nominal(a)),ontable)),holding)]
	Feat 1770	(c=8)	weight -1.5891176325019:	Num[Exists(on,Forall(on,Not(And(ontable,Nominal(b)))))]
	Feat 1843	(c=8)	weight 1.0121636715721:	Num[Or(And(Not(Nominal(b)),Forall(on,Nominal(b))),clear)]
	Feat 1866	(c=8)	weight 0.50260109629644:	Num[Not(And(Exists(on,Exists(on,Nominal(b))),clear))]
	Feat 2314	(c=8)	weight 1.5009596779982:	Num[Or(Or(Nominal(a),Nominal(b)),Exists(Inverse(on),clear))]
	Feat 2372	(c=8)	weight 1.1657312112007:	Num[Or(And(holding,Nominal(a)),Exists(Star(on),Nominal(a)))]
	Feat 2430	(c=8)	weight -0.00611609395687:	Num[Or(And(Forall(on,<empty>),Nominal(b)),And(clear,Nominal(a)))]
	Feat 2476	(c=8)	weight 1.2022195325449:	Num[Or(And(Not(clear),Nominal(b)),Exists(on,Nominal(a)))]
	Feat 2677	(c=8)	weight 8.5213213044958:	Bool[And(Or(Not(Nominal(a)),clear),Exists(on,Nominal(b)))]
	Feat 2746	(c=8)	weight 0.70084915845054:	Bool[And(Forall(on,Not(Nominal(a))),And(clear,Nominal(b)))]
	Feat 3606	(c=8)	weight -0.027158810636856:	Bool[holding] Num[Or(And(Forall(on,<empty>),Nominal(b)),clear)]
	Feat 3624	(c=8)	weight 0.075718928309134:	Bool[holding] Num[Or(Exists(Inverse(on),clear),Nominal(b))]
	Feat 3642	(c=8)	weight 0.19894739532489:	Bool[holding] Num[Forall(on,Not(Or(ontable,Nominal(b))))]
	Feat 3701	(c=8)	weight -0.16867208516499:	Bool[holding] Bool[Exists(on,And(Not(ontable),Nominal(b)))]
	Feat 3890	(c=7)	weight -3.2208720440969:	Bool[And(clear,Nominal(b))] Bool[And(holding,Nominal(a))]
	Feat 3991	(c=8)	weight -0.50291607939441:	Bool[And(holding,Nominal(a))] Bool[And(Not(holding),Nominal(b))]
	Feat 4105	(c=8)	weight 0.15406884673977:	Bool[And(holding,Nominal(b))] Num[Forall(Star(on),Nominal(a))]
	Feat 4179	(c=8)	weight 0.71079667781537:	Bool[And(ontable,Nominal(a))] Bool[And(Forall(on,<empty>),Nominal(a))]
	Feat 4265	(c=6)	weight 0.074612389791424:	Bool[Exists(on,Nominal(b))] Num[Forall(on,<empty>)]
	Feat 4325	(c=8)	weight -0.03599090864798:	Bool[Exists(on,Nominal(b))] Bool[Exists(Inverse(on),Nominal(b))]
	Feat 4462	(c=8)	weight -0.31898049804852:	Bool[And(Forall(on,<empty>),Nominal(b))] Num[Or(holding,Nominal(a))]
	Feat 4484	(c=8)	weight 0.19250606536086:	Bool[And(Not(clear),Nominal(a))] Num[Or(ontable,Nominal(b))]
	Feat 4653	(c=8)	weight 0.1563204857086:	Bool[And(Forall(on,ontable),Nominal(a))] Num[Exists(on,<universe>)]
	Feat 4679	(c=8)	weight 0.054316490722008:	Bool[Exists(on,And(ontable,Nominal(b)))] Num[Forall(on,<empty>)]
	Feat 4696	(c=8)	weight -0.13164600337541:	Bool[And(Forall(Star(on),Nominal(a)),Nominal(b))] Num[clear]
Score -2.846294692152263
Lambda=0.0005193481111571587
	Feat 0	(c=1)	weight 0.013835390992285:	Atom[handempty]
	Feat 22	(c=3)	weight -5.8043126898434:	Bool[Exists(on,Nominal(b))]
	Feat 45	(c=4)	weight -0.071728493067327:	Bool[And(Forall(on,<empty>),Nominal(b))]
	Feat 334	(c=6)	weight 0.61861685815064:	Num[Or(Not(clear),Exists(on,Nominal(a)))]
	Feat 347	(c=6)	weight 0.00033702946761668:	Bool[And(Forall(on,<empty>),And(clear,Nominal(b)))]
	Feat 457	(c=7)	weight -0.18980902193648:	Num[Forall(on,Or(Forall(on,Nominal(a)),Nominal(a)))]
	Feat 485	(c=7)	weight 0.52793874283226:	Num[Or(Exists(on,Exists(on,ontable)),Nominal(b))]
	Feat 569	(c=7)	weight -0.39093868492377:	Num[Exists(Star(on),And(Not(Nominal(b)),ontable))]
	Feat 689	(c=7)	weight -0.87217815250031:	Num[Or(Forall(on,Or(ontable,Nominal(b))),Nominal(b))]
	Feat 918	(c=7)	weight 0.47637466816541:	Num[And(Exists(on,ontable),Or(clear,Nominal(b)))]
	Feat 1145	(c=8)	weight -0.55900814598307:	Num[Or(Forall(Inverse(Star(on)),Not(Nominal(a))),ontable)]
	Feat 1151	(c=8)	weight 0.45994167756482:	Bool[And(Forall(on,Exists(Star(on),Nominal(a))),Nominal(b))]
	Feat 1159	(c=8)	weight -1.4941557454357:	Num[Or(Forall(Star(on),Or(Nominal(a),Nominal(b))),clear)]
	Feat 1210	(c=8)	weight -2.0902507892969e-05:	Num[And(Forall(on,Exists(on,Nominal(a))),Not(Nominal(a)))]
	Feat 1290	(c=8)	weight 0.92837343654827:	Num[Or(Exists(on,Exists(on,ontable)),Not(Nominal(b)))]
	Feat 1322	(c=8)	weight 0.15637026243063:	Num[Or(And(Forall(on,Nominal(a)),Nominal(b)),Not(clear))]
	Feat 1422	(c=8)	weight 2.4577487164974:	Bool[And(Forall(on,Or(Not(Nominal(b)),ontable)),Nominal(a))]
	Feat 1454	(c=8)	weight -0.75137164524388:	Num[Or(Exists(on,And(Not(Nominal(a)),ontable)),holding)]
	Feat 1770	(c=8)	weight -1.6213250786347:	Num[Exists(on,Forall(on,Not(And(ontable,Nominal(b)))))]
	Feat 1843	(c=8)	weight 1.017946993769:	Num[Or(And(Not(Nominal(b)),Forall(on,Nominal(b))),clear)]
	Feat 1866	(c=8)	weight 0.50460364106199:	Num[Not(And(Exists(on,Exists(on,Nominal(b))),clear))]
	Feat 2314	(c=8)	weight 1.4953569275949:	Num[Or(Or(Nominal(a),Nominal(b)),Exists(Inverse(on),clear))]
	Feat 2372	(c=8)	weight 1.1735810590186:	Num[Or(And(holding,Nominal(a)),Exists(Star(on),Nominal(a)))]
	Feat 2430	(c=8)	weight -0.013075318576274:	Num[Or(And(Forall(on,<empty>),Nominal(b)),And(clear,Nominal(a)))]
	Feat 2476	(c=8)	weight 1.2083653608406:	Num[Or(And(Not(clear),Nominal(b)),Exists(on,Nominal(a)))]
	Feat 2677	(c=8)	weight 8.5264897890296:	Bool[And(Or(Not(Nominal(a)),clear),Exists(on,Nominal(b)))]
	Feat 2746	(c=8)	weight 0.73220421495956:	Bool[And(Forall(on,Not(Nominal(a))),And(clear,Nominal(b)))]
	Feat 3156	(c=7)	weight -0.0019985226937631:	Atom[handempty] Num[Forall(on,Exists(on,ontable))]
	Feat 3187	(c=8)	weight -1.1231155526125e-05:	Atom[handempty] Num[Or(Not(ontable),Or(clear,Nominal(a)))]
	Feat 3606	(c=8)	weight -0.034659531850048:	Bool[holding] Num[Or(And(Forall(on,<empty>),Nominal(b)),clear)]
	Feat 3624	(c=8)	weight 0.076329603835856:	Bool[holding] Num[Or(Exists(Inverse(on),clear),Nominal(b))]
	Feat 3642	(c=8)	weight 0.20061382773438:	Bool[holding] Num[Forall(on,Not(Or(ontable,Nominal(b))))]
	Feat 3701	(c=8)	weight -0.17904506160376:	Bool[holding] Bool[Exists(on,And(Not(ontable),Nominal(b)))]
	Feat 3890	(c=7)	weight -3.2250777522815:	Bool[And(clear,Nominal(b))] Bool[And(holding,Nominal(a))]
	Feat 3991	(c=8)	weight -0.52574797467795:	Bool[And(holding,Nominal(a))] Bool[And(Not(holding),Nominal(b))]
	Feat 4105	(c=8)	weight 0.1711770800564:	Bool[And(holding,Nominal(b))] Num[Forall(Star(on),Nominal(a))]
	Feat 4179	(c=8)	weight 0.71500286249423:	Bool[And(ontable,Nominal(a))] Bool[And(Forall(on,<empty>),Nominal(a))]
	Feat 4265	(c=6)	weight 0.079360646231974:	Bool[Exists(on,Nominal(b))] Num[Forall(on,<empty>)]
	Feat 4325	(c=8)	weight -0.057692199460602:	Bool[Exists(on,Nominal(b))] Bool[Exists(Inverse(on),Nominal(b))]
	Feat 4462	(c=8)	weight -0.32184418164642:	Bool[And(Forall(on,<empty>),Nominal(b))] Num[Or(holding,Nominal(a))]
	Feat 4484	(c=8)	weight 0.19583039905032:	Bool[And(Not(clear),Nominal(a))] Num[Or(ontable,Nominal(b))]
	Feat 4653	(c=8)	weight 0.15813427579972:	Bool[And(Forall(on,ontable),Nominal(a))] Num[Exists(on,<universe>)]
	Feat 4679	(c=8)	weight 0.059911342947653:	Bool[Exists(on,And(ontable,Nominal(b)))] Num[Forall(on,<empty>)]
	Feat 4696	(c=8)	weight -0.13103466036621:	Bool[And(Forall(Star(on),Nominal(a)),Nominal(b))] Num[clear]
Score -2.9039628139421363
Lambda=0.00031983960517665595
	Feat 0	(c=1)	weight 0.045062913959153:	Atom[handempty]
	Feat 17	(c=3)	weight 0.00080941650313613:	Num[Or(ontable,Nominal(b))]
	Feat 22	(c=3)	weight -5.7900885965422:	Bool[Exists(on,Nominal(b))]
	Feat 25	(c=3)	weight -0.0055855825267934:	Bool[Exists(on,Nominal(a))]
	Feat 45	(c=4)	weight -0.08470378818281:	Bool[And(Forall(on,<empty>),Nominal(b))]
	Feat 204	(c=6)	weight -0.0036847297075497:	Num[Or(Not(Nominal(a)),Forall(on,ontable))]
	Feat 334	(c=6)	weight 0.60196015482651:	Num[Or(Not(clear),Exists(on,Nominal(a)))]
	Feat 347	(c=6)	weight 0.010395598592279:	Bool[And(Forall(on,<empty>),And(clear,Nominal(b)))]
	Feat 457	(c=7)	weight -0.19990592675238:	Num[Forall(on,Or(Forall(on,Nominal(a)),Nominal(a)))]
	Feat 485	(c=7)	weight 0.54780247392764:	Num[Or(Exists(on,Exists(on,ontable)),Nominal(b))]
	Feat 569	(c=7)	weight -0.39115659096503:	Num[Exists(Star(on),And(Not(Nominal(b)),ontable))]
	Feat 689	(c=7)	weight -0.8681957118462:	Num[Or(Forall(on,Or(ontable,Nominal(b))),Nominal(b))]
	Feat 918	(c=7)	weight 0.49090483412148:	Num[And(Exists(on,ontable),Or(clear,Nominal(b)))]
	Feat 1145	(c=8)	weight -0.56326062870122:	Num[Or(Forall(Inverse(Star(on)),Not(Nominal(a))),ontable)]
	Feat 1151	(c=8)	weight 0.45579729393825:	Bool[And(Forall(on,Exists(Star(on),Nominal(a))),Nominal(b))]
	Feat 1159	(c=8)	weight -1.5083568867036:	Num[Or(Forall(Star(on),Or(Nominal(a),Nominal(b))),clear)]
	Feat 1210	(c=8)	weight -3.3596353279008e-05:	Num[And(Forall(on,Exists(on,Nominal(a))),Not(Nominal(a)))]
	Feat 1290	(c=8)	weight 0.95242196500245:	Num[Or(Exists(on,Exists(on,ontable)),Not(Nominal(b)))]
	Feat 1322	(c=8)	weight 0.18069476859623:	Num[Or(And(Forall(on,Nominal(a)),Nominal(b)),Not(clear))]
	Feat 1422	(c=8)	weight 2.4572005011397:	Bool[And(Forall(on,Or(Not(Nominal(b)),ontable)),Nominal(a))]
	Feat 1454	(c=8)	weight -0.74234237229434:	Num[Or(Exists(on,And(Not(Nominal(a)),ontable)),holding)]
	Feat 1770	(c=8)	weight -1.647587159597:	Num[Exists(on,Forall(on,Not(And(ontable,Nominal(b)))))]
	Feat 1843	(c=8)	weight 1.0237933824538:	Num[Or(And(Not(Nominal(b)),Forall(on,Nominal(b))),clear)]
	Feat 1866	(c=8)	weight 0.50624423826776:	Num[Not(And(Exists(on,Exists(on,Nominal(b))),clear))]
	Feat 2146	(c=8)	weight -1.0842107727521e-05:	Num[Not(And(Forall(on,Nominal(a)),Or(clear,ontable)))]
	Feat 2314	(c=8)	weight 1.4897038179245:	Num[Or(Or(Nominal(a),Nominal(b)),Exists(Inverse(on),clear))]
	Feat 2372	(c=8)	weight 1.1797978977343:	Num[Or(And(holding,Nominal(a)),Exists(Star(on),Nominal(a)))]
	Feat 2430	(c=8)	weight -0.019704524385028:	Num[Or(And(Forall(on,<empty>),Nominal(b)),And(clear,Nominal(a)))]
	Feat 2476	(c=8)	weight 1.2139476828275:	Num[Or(And(Not(clear),Nominal(b)),Exists(on,Nominal(a)))]
	Feat 2677	(c=8)	weight 8.5308021721401:	Bool[And(Or(Not(Nominal(a)),clear),Exists(on,Nominal(b)))]
	Feat 2746	(c=8)	weight 0.75461405544472:	Bool[And(Forall(on,Not(Nominal(a))),And(clear,Nominal(b)))]
	Feat 3156	(c=7)	weight -0.0085034136614302:	Atom[handempty] Num[Forall(on,Exists(on,ontable))]
	Feat 3187	(c=8)	weight -0.0017671609233529:	Atom[handempty] Num[Or(Not(ontable),Or(clear,Nominal(a)))]
	Feat 3606	(c=8)	weight -0.043117826920731:	Bool[holding] Num[Or(And(Forall(on,<empty>),Nominal(b)),clear)]
	Feat 3618	(c=8)	weight -6.6432277255281e-05:	Bool[holding] Num[Or(Not(Nominal(b)),Or(clear,ontable))]
	Feat 3624	(c=8)	weight 0.075415172903281:	Bool[holding] Num[Or(Exists(Inverse(on),clear),Nominal(b))]
	Feat 3642	(c=8)	weight 0.20208346883881:	Bool[holding] Num[Forall(on,Not(Or(ontable,Nominal(b))))]
	Feat 3701	(c=8)	weight -0.18785498352632:	Bool[holding] Bool[Exists(on,And(Not(ontable),Nominal(b)))]
	Feat 3890	(c=7)	weight -3.2288775968671:	Bool[And(clear,Nominal(b))] Bool[And(holding,Nominal(a))]
	Feat 3991	(c=8)	weight -0.54415025231714:	Bool[And(holding,Nominal(a))] Bool[And(Not(holding),Nominal(b))]
	Feat 4105	(c=8)	weight 0.1866272226668:	Bool[And(holding,Nominal(b))] Num[Forall(Star(on),Nominal(a))]
	Feat 4179	(c=8)	weight 0.71912632115098:	Bool[And(ontable,Nominal(a))] Bool[And(Forall(on,<empty>),Nominal(a))]
	Feat 4265	(c=6)	weight 0.083359084260747:	Bool[Exists(on,Nominal(b))] Num[Forall(on,<empty>)]
	Feat 4325	(c=8)	weight -0.082611261789039:	Bool[Exists(on,Nominal(b))] Bool[Exists(Inverse(on),Nominal(b))]
	Feat 4462	(c=8)	weight -0.32290098797353:	Bool[And(Forall(on,<empty>),Nominal(b))] Num[Or(holding,Nominal(a))]
	Feat 4484	(c=8)	weight 0.19867065236257:	Bool[And(Not(clear),Nominal(a))] Num[Or(ontable,Nominal(b))]
	Feat 4653	(c=8)	weight 0.16011101164495:	Bool[And(Forall(on,ontable),Nominal(a))] Num[Exists(on,<universe>)]
	Feat 4679	(c=8)	weight 0.064633292844461:	Bool[Exists(on,And(ontable,Nominal(b)))] Num[Forall(on,<empty>)]
	Feat 4696	(c=8)	weight -0.13130834866522:	Bool[And(Forall(Star(on),Nominal(a)),Nominal(b))] Num[clear]
Score -2.9361452260931897
Lambda=0.00019697264867610777
	Feat 0	(c=1)	weight 0.055350680914103:	Atom[handempty]
	Feat 22	(c=3)	weight -5.7797429001687:	Bool[Exists(on,Nominal(b))]
	Feat 25	(c=3)	weight -0.016698201196815:	Bool[Exists(on,Nominal(a))]
	Feat 45	(c=4)	weight -0.093773378421271:	Bool[And(Forall(on,<empty>),Nominal(b))]
	Feat 204	(c=6)	weight -0.010121940509203:	Num[Or(Not(Nominal(a)),Forall(on,ontable))]
	Feat 334	(c=6)	weight 0.59326870665572:	Num[Or(Not(clear),Exists(on,Nominal(a)))]
	Feat 347	(c=6)	weight 0.017008200016896:	Bool[And(Forall(on,<empty>),And(clear,Nominal(b)))]
	Feat 457	(c=7)	weight -0.20415215213149:	Num[Forall(on,Or(Forall(on,Nominal(a)),Nominal(a)))]
	Feat 485	(c=7)	weight 0.56027704377509:	Num[Or(Exists(on,Exists(on,ontable)),Nominal(b))]
	Feat 569	(c=7)	weight -0.39061078287397:	Num[Exists(Star(on),And(Not(Nominal(b)),ontable))]
	Feat 689	(c=7)	weight -0.86760660952906:	Num[Or(Forall(on,Or(ontable,Nominal(b))),Nominal(b))]
	Feat 918	(c=7)	weight 0.49779265007324:	Num[And(Exists(on,ontable),Or(clear,Nominal(b)))]
	Feat 1145	(c=8)	weight -0.56601449874465:	Num[Or(Forall(Inverse(Star(on)),Not(Nominal(a))),ontable)]
	Feat 1151	(c=8)	weight 0.45488712891096:	Bool[And(Forall(on,Exists(Star(on),Nominal(a))),Nominal(b))]
	Feat 1159	(c=8)	weight -1.515623304282:	Num[Or(Forall(Star(on),Or(Nominal(a),Nominal(b))),clear)]
	Feat 1290	(c=8)	weight 0.96721348529945:	Num[Or(Exists(on,Exists(on,ontable)),Not(Nominal(b)))]
	Feat 1322	(c=8)	weight 0.1937277006996:	Num[Or(And(Forall(on,Nominal(a)),Nominal(b)),Not(clear))]
	Feat 1422	(c=8)	weight 2.4572765075096:	Bool[And(Forall(on,Or(Not(Nominal(b)),ontable)),Nominal(a))]
	Feat 1454	(c=8)	weight -0.73503979847864:	Num[Or(Exists(on,And(Not(Nominal(a)),ontable)),holding)]
	Feat 1707	(c=8)	weight 0.0008710776468892:	Num[Or(Exists(on,Exists(on,Exists(on,<universe>))),Nominal(b))]
	Feat 1770	(c=8)	weight -1.6625983457281:	Num[Exists(on,Forall(on,Not(And(ontable,Nominal(b)))))]
	Feat 1843	(c=8)	weight 1.0263029614624:	Num[Or(And(Not(Nominal(b)),Forall(on,Nominal(b))),clear)]
	Feat 1866	(c=8)	weight 0.50773425869273:	Num[Not(And(Exists(on,Exists(on,Nominal(b))),clear))]
	Feat 2146	(c=8)	weight -0.0048181771066011:	Num[Not(And(Forall(on,Nominal(a)),Or(clear,ontable)))]
	Feat 2314	(c=8)	weight 1.4872512738806:	Num[Or(Or(Nominal(a),Nominal(b)),Exists(Inverse(on),clear))]
	Feat 2372	(c=8)	weight 1.1845260791606:	Num[Or(And(holding,Nominal(a)),Exists(Star(on),Nominal(a)))]
	Feat 2430	(c=8)	weight -0.025509891247481:	Num[Or(And(Forall(on,<empty>),Nominal(b)),And(clear,Nominal(a)))]
	Feat 2476	(c=8)	weight 1.2162141082079:	Num[Or(And(Not(clear),Nominal(b)),Exists(on,Nominal(a)))]
	Feat 2677	(c=8)	weight 8.5329023772239:	Bool[And(Or(Not(Nominal(a)),clear),Exists(on,Nominal(b)))]
	Feat 2746	(c=8)	weight 0.76637370099531:	Bool[And(Forall(on,Not(Nominal(a))),And(clear,Nominal(b)))]
	Feat 3156	(c=7)	weight -0.013708731798315:	Atom[handempty] Num[Forall(on,Exists(on,ontable))]
	Feat 3187	(c=8)	weight -0.0031070161703938:	Atom[handempty] Num[Or(Not(ontable),Or(clear,Nominal(a)))]
	Feat 3606	(c=8)	weight -0.048551247480607:	Bool[holding] Num[Or(And(Forall(on,<empty>),Nominal(b)),clear)]
	Feat 3618	(c=8)	weight -0.0023287450340072:	Bool[holding] Num[Or(Not(Nominal(b)),Or(clear,ontable))]
	Feat 3624	(c=8)	weight 0.075375483734921:	Bool[holding] Num[Or(Exists(Inverse(on),clear),Nominal(b))]
	Feat 3642	(c=8)	weight 0.20313993641231:	Bool[holding] Num[Forall(on,Not(Or(ontable,Nominal(b))))]
	Feat 3701	(c=8)	weight -0.19378068116216:	Bool[holding] Bool[Exists(on,And(Not(ontable),Nominal(b)))]
	Feat 3890	(c=7)	weight -3.2311520261983:	Bool[And(clear,Nominal(b))] Bool[And(holding,Nominal(a))]
	Feat 3991	(c=8)	weight -0.55686807433427:	Bool[And(holding,Nominal(a))] Bool[And(Not(holding),Nominal(b))]
	Feat 4105	(c=8)	weight 0.19496961695676:	Bool[And(holding,Nominal(b))] Num[Forall(Star(on),Nominal(a))]
	Feat 4179	(c=8)	weight 0.72405548037271:	Bool[And(ontable,Nominal(a))] Bool[And(Forall(on,<empty>),Nominal(a))]
	Feat 4265	(c=6)	weight 0.085541436025984:	Bool[Exists(on,Nominal(b))] Num[Forall(on,<empty>)]
	Feat 4325	(c=8)	weight -0.095936835524234:	Bool[Exists(on,Nominal(b))] Bool[Exists(Inverse(on),Nominal(b))]
	Feat 4462	(c=8)	weight -0.32271536069109:	Bool[And(Forall(on,<empty>),Nominal(b))] Num[Or(holding,Nominal(a))]
	Feat 4484	(c=8)	weight 0.20064530081833:	Bool[And(Not(clear),Nominal(a))] Num[Or(ontable,Nominal(b))]
	Feat 4653	(c=8)	weight 0.1620718267974:	Bool[And(Forall(on,ontable),Nominal(a))] Num[Exists(on,<universe>)]
	Feat 4679	(c=8)	weight 0.067208469283698:	Bool[Exists(on,And(ontable,Nominal(b)))] Num[Forall(on,<empty>)]
	Feat 4696	(c=8)	weight -0.13181066366475:	Bool[And(Forall(Star(on),Nominal(a)),Nominal(b))] Num[clear]
Score -2.90811292113721
