Considering 58 features
Lasso Method
----------

Lambda=1.9697264867610762
Score 1.1102230246251565e-16
Lambda=1.2130525331611781
	Feat 1422	(c=8)	weight 1.1057121196673:	Bool[And(Forall(on,Or(Not(Nominal(b)),ontable)),Nominal(a))]
	Feat 1707	(c=8)	weight 0.02844815708453:	Num[Or(Exists(on,Exists(on,Exists(on,<universe>))),Nominal(b))]
	Feat 2372	(c=8)	weight 0.51090807623253:	Num[Or(And(holding,Nominal(a)),Exists(Star(on),Nominal(a)))]
	Feat 2677	(c=8)	weight 0.93710843755219:	Bool[And(Or(Not(Nominal(a)),clear),Exists(on,Nominal(b)))]
Score -0.39918843830903805
Lambda=0.7470562324764233
	Feat 689	(c=7)	weight -0.21302357973432:	Num[Or(Forall(on,Or(ontable,Nominal(b))),Nominal(b))]
	Feat 1422	(c=8)	weight 2.8899195205696:	Bool[And(Forall(on,Or(Not(Nominal(b)),ontable)),Nominal(a))]
	Feat 1707	(c=8)	weight 0.11092262532791:	Num[Or(Exists(on,Exists(on,Exists(on,<universe>))),Nominal(b))]
	Feat 2372	(c=8)	weight 0.73390648172006:	Num[Or(And(holding,Nominal(a)),Exists(Star(on),Nominal(a)))]
	Feat 2677	(c=8)	weight 1.8088867929583:	Bool[And(Or(Not(Nominal(a)),clear),Exists(on,Nominal(b)))]
Score -1.1035671195202665
Lambda=0.4600732443363308
	Feat 25	(c=3)	weight 0.021864093551591:	Bool[Exists(on,Nominal(a))]
	Feat 334	(c=6)	weight 0.0055377593487824:	Num[Or(Not(clear),Exists(on,Nominal(a)))]
	Feat 689	(c=7)	weight -0.3742333858626:	Num[Or(Forall(on,Or(ontable,Nominal(b))),Nominal(b))]
	Feat 1422	(c=8)	weight 3.9570264012445:	Bool[And(Forall(on,Or(Not(Nominal(b)),ontable)),Nominal(a))]
	Feat 1454	(c=8)	weight -0.030056133031549:	Num[Or(Exists(on,And(Not(Nominal(a)),ontable)),holding)]
	Feat 1707	(c=8)	weight 0.13838698794514:	Num[Or(Exists(on,Exists(on,Exists(on,<universe>))),Nominal(b))]
	Feat 2372	(c=8)	weight 0.84747282597662:	Num[Or(And(holding,Nominal(a)),Exists(Star(on),Nominal(a)))]
	Feat 2677	(c=8)	weight 2.3324333290878:	Bool[And(Or(Not(Nominal(a)),clear),Exists(on,Nominal(b)))]
	Feat 3890	(c=7)	weight -0.46545025749428:	Bool[And(clear,Nominal(b))] Bool[And(holding,Nominal(a))]
	Feat 4179	(c=8)	weight 0.10492343163761:	Bool[And(ontable,Nominal(a))] Bool[And(Forall(on,<empty>),Nominal(a))]
Score -1.5245211167499
Lambda=0.2833352844838722
	Feat 25	(c=3)	weight 0.3264095920576:	Bool[Exists(on,Nominal(a))]
	Feat 334	(c=6)	weight 0.019300025112003:	Num[Or(Not(clear),Exists(on,Nominal(a)))]
	Feat 689	(c=7)	weight -0.51906719327223:	Num[Or(Forall(on,Or(ontable,Nominal(b))),Nominal(b))]
	Feat 1422	(c=8)	weight 4.5343415365824:	Bool[And(Forall(on,Or(Not(Nominal(b)),ontable)),Nominal(a))]
	Feat 1454	(c=8)	weight -0.072542886590264:	Num[Or(Exists(on,And(Not(Nominal(a)),ontable)),holding)]
	Feat 1707	(c=8)	weight 0.14629529054034:	Num[Or(Exists(on,Exists(on,Exists(on,<universe>))),Nominal(b))]
	Feat 2372	(c=8)	weight 0.80395545914296:	Num[Or(And(holding,Nominal(a)),Exists(Star(on),Nominal(a)))]
	Feat 2677	(c=8)	weight 2.6883621661994:	Bool[And(Or(Not(Nominal(a)),clear),Exists(on,Nominal(b)))]
	Feat 3156	(c=7)	weight -0.072664974527187:	Atom[handempty] Num[Forall(on,Exists(on,ontable))]
	Feat 3890	(c=7)	weight -1.2083951683134:	Bool[And(clear,Nominal(b))] Bool[And(holding,Nominal(a))]
	Feat 4179	(c=8)	weight 0.48635500955468:	Bool[And(ontable,Nominal(a))] Bool[And(Forall(on,<empty>),Nominal(a))]
Score -1.5707925567136498
Lambda=0.17449152808127635
	Feat 25	(c=3)	weight 0.60238153511585:	Bool[Exists(on,Nominal(a))]
	Feat 689	(c=7)	weight -0.59982491063615:	Num[Or(Forall(on,Or(ontable,Nominal(b))),Nominal(b))]
	Feat 1422	(c=8)	weight 4.6105141705948:	Bool[And(Forall(on,Or(Not(Nominal(b)),ontable)),Nominal(a))]
	Feat 1454	(c=8)	weight -0.34764304985436:	Num[Or(Exists(on,And(Not(Nominal(a)),ontable)),holding)]
	Feat 1707	(c=8)	weight 0.091234346088043:	Num[Or(Exists(on,Exists(on,Exists(on,<universe>))),Nominal(b))]
	Feat 2314	(c=8)	weight 0.066030720691398:	Num[Or(Or(Nominal(a),Nominal(b)),Exists(Inverse(on),clear))]
	Feat 2372	(c=8)	weight 0.73490803237501:	Num[Or(And(holding,Nominal(a)),Exists(Star(on),Nominal(a)))]
	Feat 2677	(c=8)	weight 3.4601456152074:	Bool[And(Or(Not(Nominal(a)),clear),Exists(on,Nominal(b)))]
	Feat 3156	(c=7)	weight -0.081234643268796:	Atom[handempty] Num[Forall(on,Exists(on,ontable))]
	Feat 3624	(c=8)	weight 0.23206705786138:	Bool[holding] Num[Or(Exists(Inverse(on),clear),Nominal(b))]
	Feat 3890	(c=7)	weight -1.8577980785376:	Bool[And(clear,Nominal(b))] Bool[And(holding,Nominal(a))]
	Feat 4179	(c=8)	weight 0.54225294711064:	Bool[And(ontable,Nominal(a))] Bool[And(Forall(on,<empty>),Nominal(a))]
	Feat 4265	(c=6)	weight -0.1819913977504:	Bool[Exists(on,Nominal(b))] Num[Forall(on,<empty>)]
Score -1.2794839114774326
Lambda=0.10746029541503134
	Feat 22	(c=3)	weight -1.4734601402001:	Bool[Exists(on,Nominal(b))]
	Feat 25	(c=3)	weight 1.1498955020742:	Bool[Exists(on,Nominal(a))]
	Feat 569	(c=7)	weight -0.11225959478382:	Num[Exists(Star(on),And(Not(Nominal(b)),ontable))]
	Feat 689	(c=7)	weight -0.54935121426924:	Num[Or(Forall(on,Or(ontable,Nominal(b))),Nominal(b))]
	Feat 1151	(c=8)	weight 0.21706809048844:	Bool[And(Forall(on,Exists(Star(on),Nominal(a))),Nominal(b))]
	Feat 1422	(c=8)	weight 3.8523884269282:	Bool[And(Forall(on,Or(Not(Nominal(b)),ontable)),Nominal(a))]
	Feat 1454	(c=8)	weight -0.71448037838577:	Num[Or(Exists(on,And(Not(Nominal(a)),ontable)),holding)]
	Feat 1707	(c=8)	weight 0.27566648588442:	Num[Or(Exists(on,Exists(on,Exists(on,<universe>))),Nominal(b))]
	Feat 2314	(c=8)	weight 0.53317091544956:	Num[Or(Or(Nominal(a),Nominal(b)),Exists(Inverse(on),clear))]
	Feat 2372	(c=8)	weight 0.5827327092815:	Num[Or(And(holding,Nominal(a)),Exists(Star(on),Nominal(a)))]
	Feat 2677	(c=8)	weight 5.1624647506732:	Bool[And(Or(Not(Nominal(a)),clear),Exists(on,Nominal(b)))]
	Feat 2746	(c=8)	weight 0.091849734607426:	Bool[And(Forall(on,Not(Nominal(a))),And(clear,Nominal(b)))]
	Feat 3156	(c=7)	weight -0.017452646947298:	Atom[handempty] Num[Forall(on,Exists(on,ontable))]
	Feat 3624	(c=8)	weight 0.35336954626468:	Bool[holding] Num[Or(Exists(Inverse(on),clear),Nominal(b))]
	Feat 3642	(c=8)	weight 0.09317438311552:	Bool[holding] Num[Forall(on,Not(Or(ontable,Nominal(b))))]
	Feat 3890	(c=7)	weight -2.3077340889931:	Bool[And(clear,Nominal(b))] Bool[And(holding,Nominal(a))]
	Feat 4179	(c=8)	weight 0.40506712679001:	Bool[And(ontable,Nominal(a))] Bool[And(Forall(on,<empty>),Nominal(a))]
	Feat 4265	(c=6)	weight -0.1941264217279:	Bool[Exists(on,Nominal(b))] Num[Forall(on,<empty>)]
	Feat 4484	(c=8)	weight 0.031548665259199:	Bool[And(Not(clear),Nominal(a))] Num[Or(ontable,Nominal(b))]
	Feat 4696	(c=8)	weight -0.12574784797508:	Bool[And(Forall(Star(on),Nominal(a)),Nominal(b))] Num[clear]
Score -1.9420302655980834
Lambda=0.06617923069197378
	Feat 22	(c=3)	weight -3.1818447051136:	Bool[Exists(on,Nominal(b))]
	Feat 25	(c=3)	weight 0.82017832140016:	Bool[Exists(on,Nominal(a))]
	Feat 334	(c=6)	weight 0.16291317111043:	Num[Or(Not(clear),Exists(on,Nominal(a)))]
	Feat 473	(c=7)	weight -0.22985854170249:	Bool[And(Forall(on,Exists(on,Nominal(a))),Nominal(b))]
	Feat 569	(c=7)	weight -0.24481326953079:	Num[Exists(Star(on),And(Not(Nominal(b)),ontable))]
	Feat 689	(c=7)	weight -0.48577702733832:	Num[Or(Forall(on,Or(ontable,Nominal(b))),Nominal(b))]
	Feat 1145	(c=8)	weight -0.023821682354638:	Num[Or(Forall(Inverse(Star(on)),Not(Nominal(a))),ontable)]
	Feat 1151	(c=8)	weight 0.35754126464272:	Bool[And(Forall(on,Exists(Star(on),Nominal(a))),Nominal(b))]
	Feat 1422	(c=8)	weight 3.3067800693643:	Bool[And(Forall(on,Or(Not(Nominal(b)),ontable)),Nominal(a))]
	Feat 1454	(c=8)	weight -0.95650811161818:	Num[Or(Exists(on,And(Not(Nominal(a)),ontable)),holding)]
	Feat 1707	(c=8)	weight 0.41766900400176:	Num[Or(Exists(on,Exists(on,Exists(on,<universe>))),Nominal(b))]
	Feat 1843	(c=8)	weight 0.069505381962301:	Num[Or(And(Not(Nominal(b)),Forall(on,Nominal(b))),clear)]
	Feat 2314	(c=8)	weight 0.85135240452794:	Num[Or(Or(Nominal(a),Nominal(b)),Exists(Inverse(on),clear))]
	Feat 2372	(c=8)	weight 0.56401908472964:	Num[Or(And(holding,Nominal(a)),Exists(Star(on),Nominal(a)))]
	Feat 2430	(c=8)	weight -0.0066614694510176:	Num[Or(And(Forall(on,<empty>),Nominal(b)),And(clear,Nominal(a)))]
	Feat 2476	(c=8)	weight 0.47322004370827:	Num[Or(And(Not(clear),Nominal(b)),Exists(on,Nominal(a)))]
	Feat 2677	(c=8)	weight 6.4886031162055:	Bool[And(Or(Not(Nominal(a)),clear),Exists(on,Nominal(b)))]
	Feat 2746	(c=8)	weight 0.42275148183579:	Bool[And(Forall(on,Not(Nominal(a))),And(clear,Nominal(b)))]
	Feat 3624	(c=8)	weight 0.3320205845794:	Bool[holding] Num[Or(Exists(Inverse(on),clear),Nominal(b))]
	Feat 3642	(c=8)	weight 0.14925698050016:	Bool[holding] Num[Forall(on,Not(Or(ontable,Nominal(b))))]
	Feat 3890	(c=7)	weight -2.7157300548204:	Bool[And(clear,Nominal(b))] Bool[And(holding,Nominal(a))]
	Feat 4179	(c=8)	weight 0.26461172489524:	Bool[And(ontable,Nominal(a))] Bool[And(Forall(on,<empty>),Nominal(a))]
	Feat 4265	(c=6)	weight -0.10996524766324:	Bool[Exists(on,Nominal(b))] Num[Forall(on,<empty>)]
	Feat 4484	(c=8)	weight 0.091002816609889:	Bool[And(Not(clear),Nominal(a))] Num[Or(ontable,Nominal(b))]
	Feat 4696	(c=8)	weight -0.15259712450949:	Bool[And(Forall(Star(on),Nominal(a)),Nominal(b))] Num[clear]
Score -3.330666259876705
Lambda=0.040756360831377916
	Feat 22	(c=3)	weight -4.3292456758566:	Bool[Exists(on,Nominal(b))]
	Feat 25	(c=3)	weight 0.69159477719128:	Bool[Exists(on,Nominal(a))]
	Feat 334	(c=6)	weight 0.24800184077368:	Num[Or(Not(clear),Exists(on,Nominal(a)))]
	Feat 473	(c=7)	weight -0.88949092184974:	Bool[And(Forall(on,Exists(on,Nominal(a))),Nominal(b))]
	Feat 569	(c=7)	weight -0.31255188801351:	Num[Exists(Star(on),And(Not(Nominal(b)),ontable))]
	Feat 689	(c=7)	weight -0.63369480701229:	Num[Or(Forall(on,Or(ontable,Nominal(b))),Nominal(b))]
	Feat 1145	(c=8)	weight -0.046835040761784:	Num[Or(Forall(Inverse(Star(on)),Not(Nominal(a))),ontable)]
	Feat 1151	(c=8)	weight 1.0123623436363:	Bool[And(Forall(on,Exists(Star(on),Nominal(a))),Nominal(b))]
	Feat 1159	(c=8)	weight -0.047868195866288:	Num[Or(Forall(Star(on),Or(Nominal(a),Nominal(b))),clear)]
	Feat 1422	(c=8)	weight 2.9500703616436:	Bool[And(Forall(on,Or(Not(Nominal(b)),ontable)),Nominal(a))]
	Feat 1454	(c=8)	weight -1.0328345053697:	Num[Or(Exists(on,And(Not(Nominal(a)),ontable)),holding)]
	Feat 1707	(c=8)	weight 0.49901943858671:	Num[Or(Exists(on,Exists(on,Exists(on,<universe>))),Nominal(b))]
	Feat 1843	(c=8)	weight 0.41040860105585:	Num[Or(And(Not(Nominal(b)),Forall(on,Nominal(b))),clear)]
	Feat 2314	(c=8)	weight 0.96496916803304:	Num[Or(Or(Nominal(a),Nominal(b)),Exists(Inverse(on),clear))]
	Feat 2372	(c=8)	weight 0.54549654785798:	Num[Or(And(holding,Nominal(a)),Exists(Star(on),Nominal(a)))]
	Feat 2430	(c=8)	weight -0.00048839735025441:	Num[Or(And(Forall(on,<empty>),Nominal(b)),And(clear,Nominal(a)))]
	Feat 2476	(c=8)	weight 0.74078922785044:	Num[Or(And(Not(clear),Nominal(b)),Exists(on,Nominal(a)))]
	Feat 2677	(c=8)	weight 7.3614440162601:	Bool[And(Or(Not(Nominal(a)),clear),Exists(on,Nominal(b)))]
	Feat 2746	(c=8)	weight 0.40571527741032:	Bool[And(Forall(on,Not(Nominal(a))),And(clear,Nominal(b)))]
	Feat 3624	(c=8)	weight 0.25277318740365:	Bool[holding] Num[Or(Exists(Inverse(on),clear),Nominal(b))]
	Feat 3642	(c=8)	weight 0.19268152134051:	Bool[holding] Num[Forall(on,Not(Or(ontable,Nominal(b))))]
	Feat 3890	(c=7)	weight -2.8484629151345:	Bool[And(clear,Nominal(b))] Bool[And(holding,Nominal(a))]
	Feat 4179	(c=8)	weight 0.21815931312028:	Bool[And(ontable,Nominal(a))] Bool[And(Forall(on,<empty>),Nominal(a))]
	Feat 4265	(c=6)	weight -0.081450586355655:	Bool[Exists(on,Nominal(b))] Num[Forall(on,<empty>)]
	Feat 4484	(c=8)	weight 0.11301655326944:	Bool[And(Not(clear),Nominal(a))] Num[Or(ontable,Nominal(b))]
	Feat 4696	(c=8)	weight -0.19061556172741:	Bool[And(Forall(Star(on),Nominal(a)),Nominal(b))] Num[clear]
Score -4.086942782280586
Lambda=0.025099731907565554
	Feat 22	(c=3)	weight -5.1306414449129:	Bool[Exists(on,Nominal(b))]
	Feat 25	(c=3)	weight 0.44241555319985:	Bool[Exists(on,Nominal(a))]
	Feat 334	(c=6)	weight 0.26202012013617:	Num[Or(Not(clear),Exists(on,Nominal(a)))]
	Feat 473	(c=7)	weight -1.2733867131094:	Bool[And(Forall(on,Exists(on,Nominal(a))),Nominal(b))]
	Feat 569	(c=7)	weight -0.42896832100942:	Num[Exists(Star(on),And(Not(Nominal(b)),ontable))]
	Feat 689	(c=7)	weight -0.83292049046774:	Num[Or(Forall(on,Or(ontable,Nominal(b))),Nominal(b))]
	Feat 1145	(c=8)	weight -0.13113585051539:	Num[Or(Forall(Inverse(Star(on)),Not(Nominal(a))),ontable)]
	Feat 1151	(c=8)	weight 1.3088578514431:	Bool[And(Forall(on,Exists(Star(on),Nominal(a))),Nominal(b))]
	Feat 1159	(c=8)	weight -0.39801977070707:	Num[Or(Forall(Star(on),Or(Nominal(a),Nominal(b))),clear)]
	Feat 1290	(c=8)	weight 0.22131476222871:	Num[Or(Exists(on,Exists(on,ontable)),Not(Nominal(b)))]
	Feat 1422	(c=8)	weight 2.7748954127827:	Bool[And(Forall(on,Or(Not(Nominal(b)),ontable)),Nominal(a))]
	Feat 1454	(c=8)	weight -0.94683363231169:	Num[Or(Exists(on,And(Not(Nominal(a)),ontable)),holding)]
	Feat 1707	(c=8)	weight 0.33083414381269:	Num[Or(Exists(on,Exists(on,Exists(on,<universe>))),Nominal(b))]
	Feat 1770	(c=8)	weight -0.015314406077154:	Num[Exists(on,Forall(on,Not(And(ontable,Nominal(b)))))]
	Feat 1843	(c=8)	weight 0.75805455498496:	Num[Or(And(Not(Nominal(b)),Forall(on,Nominal(b))),clear)]
	Feat 1866	(c=8)	weight 0.01544186769229:	Num[Not(And(Exists(on,Exists(on,Nominal(b))),clear))]
	Feat 2314	(c=8)	weight 1.0719397642051:	Num[Or(Or(Nominal(a),Nominal(b)),Exists(Inverse(on),clear))]
	Feat 2372	(c=8)	weight 0.65054452502495:	Num[Or(And(holding,Nominal(a)),Exists(Star(on),Nominal(a)))]
	Feat 2476	(c=8)	weight 1.0120726205272:	Num[Or(And(Not(clear),Nominal(b)),Exists(on,Nominal(a)))]
	Feat 2677	(c=8)	weight 7.8808578557228:	Bool[And(Or(Not(Nominal(a)),clear),Exists(on,Nominal(b)))]
	Feat 2746	(c=8)	weight 0.38916667525018:	Bool[And(Forall(on,Not(Nominal(a))),And(clear,Nominal(b)))]
	Feat 3624	(c=8)	weight 0.20890509514272:	Bool[holding] Num[Or(Exists(Inverse(on),clear),Nominal(b))]
	Feat 3642	(c=8)	weight 0.20632864030376:	Bool[holding] Num[Forall(on,Not(Or(ontable,Nominal(b))))]
	Feat 3701	(c=8)	weight 0.0079096249819237:	Bool[holding] Bool[Exists(on,And(Not(ontable),Nominal(b)))]
	Feat 3890	(c=7)	weight -2.9767244971504:	Bool[And(clear,Nominal(b))] Bool[And(holding,Nominal(a))]
	Feat 4179	(c=8)	weight 0.40288678149052:	Bool[And(ontable,Nominal(a))] Bool[And(Forall(on,<empty>),Nominal(a))]
	Feat 4265	(c=6)	weight -0.03105252661359:	Bool[Exists(on,Nominal(b))] Num[Forall(on,<empty>)]
	Feat 4484	(c=8)	weight 0.14288882760188:	Bool[And(Not(clear),Nominal(a))] Num[Or(ontable,Nominal(b))]
	Feat 4653	(c=8)	weight 0.0041741582957036:	Bool[And(Forall(on,ontable),Nominal(a))] Num[Exists(on,<universe>)]
	Feat 4696	(c=8)	weight -0.15231369352661:	Bool[And(Forall(Star(on),Nominal(a)),Nominal(b))] Num[clear]
Score -3.7335116750538333
Lambda=0.015457624993511108
	Feat 22	(c=3)	weight -5.4426883721963:	Bool[Exists(on,Nominal(b))]
	Feat 25	(c=3)	weight 0.42933288768996:	Bool[Exists(on,Nominal(a))]
	Feat 334	(c=6)	weight 0.36214386757236:	Num[Or(Not(clear),Exists(on,Nominal(a)))]
	Feat 473	(c=7)	weight -1.5048897565147:	Bool[And(Forall(on,Exists(on,Nominal(a))),Nominal(b))]
	Feat 569	(c=7)	weight -0.39896553027077:	Num[Exists(Star(on),And(Not(Nominal(b)),ontable))]
	Feat 689	(c=7)	weight -1.0046724310831:	Num[Or(Forall(on,Or(ontable,Nominal(b))),Nominal(b))]
	Feat 1145	(c=8)	weight -0.27076056817745:	Num[Or(Forall(Inverse(Star(on)),Not(Nominal(a))),ontable)]
	Feat 1151	(c=8)	weight 1.521730805256:	Bool[And(Forall(on,Exists(Star(on),Nominal(a))),Nominal(b))]
	Feat 1159	(c=8)	weight -0.70458295291267:	Num[Or(Forall(Star(on),Or(Nominal(a),Nominal(b))),clear)]
	Feat 1290	(c=8)	weight 0.38065804768108:	Num[Or(Exists(on,Exists(on,ontable)),Not(Nominal(b)))]
	Feat 1422	(c=8)	weight 2.6056730032812:	Bool[And(Forall(on,Or(Not(Nominal(b)),ontable)),Nominal(a))]
	Feat 1454	(c=8)	weight -0.87588633030929:	Num[Or(Exists(on,And(Not(Nominal(a)),ontable)),holding)]
	Feat 1707	(c=8)	weight 0.18689304703698:	Num[Or(Exists(on,Exists(on,Exists(on,<universe>))),Nominal(b))]
	Feat 1770	(c=8)	weight -0.41719596178112:	Num[Exists(on,Forall(on,Not(And(ontable,Nominal(b)))))]
	Feat 1843	(c=8)	weight 0.95433390788252:	Num[Or(And(Not(Nominal(b)),Forall(on,Nominal(b))),clear)]
	Feat 1866	(c=8)	weight 0.24776116690183:	Num[Not(And(Exists(on,Exists(on,Nominal(b))),clear))]
	Feat 2314	(c=8)	weight 1.2579366682148:	Num[Or(Or(Nominal(a),Nominal(b)),Exists(Inverse(on),clear))]
	Feat 2372	(c=8)	weight 0.73404627810705:	Num[Or(And(holding,Nominal(a)),Exists(Star(on),Nominal(a)))]
	Feat 2476	(c=8)	weight 1.1092184121626:	Num[Or(And(Not(clear),Nominal(b)),Exists(on,Nominal(a)))]
	Feat 2677	(c=8)	weight 8.2171576215214:	Bool[And(Or(Not(Nominal(a)),clear),Exists(on,Nominal(b)))]
	Feat 2746	(c=8)	weight 0.34507203673438:	Bool[And(Forall(on,Not(Nominal(a))),And(clear,Nominal(b)))]
	Feat 3624	(c=8)	weight 0.17082393502465:	Bool[holding] Num[Or(Exists(Inverse(on),clear),Nominal(b))]
	Feat 3642	(c=8)	weight 0.19347891971885:	Bool[holding] Num[Forall(on,Not(Or(ontable,Nominal(b))))]
	Feat 3701	(c=8)	weight 0.022839488318399:	Bool[holding] Bool[Exists(on,And(Not(ontable),Nominal(b)))]
	Feat 3890	(c=7)	weight -3.015392860728:	Bool[And(clear,Nominal(b))] Bool[And(holding,Nominal(a))]
	Feat 4105	(c=8)	weight 0.011982491515504:	Bool[And(holding,Nominal(b))] Num[Forall(Star(on),Nominal(a))]
	Feat 4179	(c=8)	weight 0.5225973351408:	Bool[And(ontable,Nominal(a))] Bool[And(Forall(on,<empty>),Nominal(a))]
	Feat 4484	(c=8)	weight 0.14656265864277:	Bool[And(Not(clear),Nominal(a))] Num[Or(ontable,Nominal(b))]
	Feat 4653	(c=8)	weight 0.057725149744448:	Bool[And(Forall(on,ontable),Nominal(a))] Num[Exists(on,<universe>)]
	Feat 4679	(c=8)	weight -0.0038537555861347:	Bool[Exists(on,And(ontable,Nominal(b)))] Num[Forall(on,<empty>)]
	Feat 4696	(c=8)	weight -0.14526900249031:	Bool[And(Forall(Star(on),Nominal(a)),Nominal(b))] Num[clear]
Score -3.5408698822555413
Lambda=0.009519550699583313
	Feat 22	(c=3)	weight -5.3632812658168:	Bool[Exists(on,Nominal(b))]
	Feat 25	(c=3)	weight 0.45207514022361:	Bool[Exists(on,Nominal(a))]
	Feat 334	(c=6)	weight 0.53482258811013:	Num[Or(Not(clear),Exists(on,Nominal(a)))]
	Feat 347	(c=6)	weight 0.12543993164704:	Bool[And(Forall(on,<empty>),And(clear,Nominal(b)))]
	Feat 473	(c=7)	weight -1.6465745127823:	Bool[And(Forall(on,Exists(on,Nominal(a))),Nominal(b))]
	Feat 569	(c=7)	weight -0.37194195329019:	Num[Exists(Star(on),And(Not(Nominal(b)),ontable))]
	Feat 689	(c=7)	weight -1.1718201801896:	Num[Or(Forall(on,Or(ontable,Nominal(b))),Nominal(b))]
	Feat 1132	(c=8)	weight 0.13686220689748:	Num[And(Forall(Inverse(on),Or(clear,Nominal(b))),ontable)]
	Feat 1145	(c=8)	weight -0.36395395080097:	Num[Or(Forall(Inverse(Star(on)),Not(Nominal(a))),ontable)]
	Feat 1151	(c=8)	weight 1.6722371011062:	Bool[And(Forall(on,Exists(Star(on),Nominal(a))),Nominal(b))]
	Feat 1159	(c=8)	weight -0.90433676765171:	Num[Or(Forall(Star(on),Or(Nominal(a),Nominal(b))),clear)]
	Feat 1290	(c=8)	weight 0.61758792483706:	Num[Or(Exists(on,Exists(on,ontable)),Not(Nominal(b)))]
	Feat 1422	(c=8)	weight 2.5057174763818:	Bool[And(Forall(on,Or(Not(Nominal(b)),ontable)),Nominal(a))]
	Feat 1454	(c=8)	weight -0.81458906467747:	Num[Or(Exists(on,And(Not(Nominal(a)),ontable)),holding)]
	Feat 1770	(c=8)	weight -0.72730057584261:	Num[Exists(on,Forall(on,Not(And(ontable,Nominal(b)))))]
	Feat 1843	(c=8)	weight 0.97014419445828:	Num[Or(And(Not(Nominal(b)),Forall(on,Nominal(b))),clear)]
	Feat 1866	(c=8)	weight 0.37010074262211:	Num[Not(And(Exists(on,Exists(on,Nominal(b))),clear))]
	Feat 2314	(c=8)	weight 1.4427209353054:	Num[Or(Or(Nominal(a),Nominal(b)),Exists(Inverse(on),clear))]
	Feat 2372	(c=8)	weight 0.79531043019666:	Num[Or(And(holding,Nominal(a)),Exists(Star(on),Nominal(a)))]
	Feat 2476	(c=8)	weight 1.1055818660951:	Num[Or(And(Not(clear),Nominal(b)),Exists(on,Nominal(a)))]
	Feat 2677	(c=8)	weight 8.4019952139676:	Bool[And(Or(Not(Nominal(a)),clear),Exists(on,Nominal(b)))]
	Feat 2746	(c=8)	weight 0.36795174800649:	Bool[And(Forall(on,Not(Nominal(a))),And(clear,Nominal(b)))]
	Feat 3624	(c=8)	weight 0.13628824107699:	Bool[holding] Num[Or(Exists(Inverse(on),clear),Nominal(b))]
	Feat 3642	(c=8)	weight 0.19795771868404:	Bool[holding] Num[Forall(on,Not(Or(ontable,Nominal(b))))]
	Feat 3701	(c=8)	weight 0.0056052864150963:	Bool[holding] Bool[Exists(on,And(Not(ontable),Nominal(b)))]
	Feat 3890	(c=7)	weight -3.0715610627972:	Bool[And(clear,Nominal(b))] Bool[And(holding,Nominal(a))]
	Feat 3991	(c=8)	weight -0.0041183949382822:	Bool[And(holding,Nominal(a))] Bool[And(Not(holding),Nominal(b))]
	Feat 4105	(c=8)	weight 0.066880919080437:	Bool[And(holding,Nominal(b))] Num[Forall(Star(on),Nominal(a))]
	Feat 4179	(c=8)	weight 0.61300032835803:	Bool[And(ontable,Nominal(a))] Bool[And(Forall(on,<empty>),Nominal(a))]
	Feat 4462	(c=8)	weight -0.063304497259975:	Bool[And(Forall(on,<empty>),Nominal(b))] Num[Or(holding,Nominal(a))]
	Feat 4484	(c=8)	weight 0.14890671522892:	Bool[And(Not(clear),Nominal(a))] Num[Or(ontable,Nominal(b))]
	Feat 4653	(c=8)	weight 0.092739133220863:	Bool[And(Forall(on,ontable),Nominal(a))] Num[Exists(on,<universe>)]
	Feat 4679	(c=8)	weight -0.0032918118582965:	Bool[Exists(on,And(ontable,Nominal(b)))] Num[Forall(on,<empty>)]
	Feat 4696	(c=8)	weight -0.15123236457446:	Bool[And(Forall(Star(on),Nominal(a)),Nominal(b))] Num[clear]
Score -3.927671009975514
Lambda=0.005862598268490724
	Feat 22	(c=3)	weight -5.3329655093873:	Bool[Exists(on,Nominal(b))]
	Feat 25	(c=3)	weight 0.32573817514605:	Bool[Exists(on,Nominal(a))]
	Feat 334	(c=6)	weight 0.92590259250718:	Num[Or(Not(clear),Exists(on,Nominal(a)))]
	Feat 347	(c=6)	weight 0.34211794078901:	Bool[And(Forall(on,<empty>),And(clear,Nominal(b)))]
	Feat 473	(c=7)	weight -1.7139614078611:	Bool[And(Forall(on,Exists(on,Nominal(a))),Nominal(b))]
	Feat 485	(c=7)	weight 0.2946435474105:	Num[Or(Exists(on,Exists(on,ontable)),Nominal(b))]
	Feat 569	(c=7)	weight -0.36268910197617:	Num[Exists(Star(on),And(Not(Nominal(b)),ontable))]
	Feat 689	(c=7)	weight -1.0059794861433:	Num[Or(Forall(on,Or(ontable,Nominal(b))),Nominal(b))]
	Feat 918	(c=7)	weight -0.13367792378347:	Num[And(Exists(on,ontable),Or(clear,Nominal(b)))]
	Feat 1132	(c=8)	weight 0.55523376836978:	Num[And(Forall(Inverse(on),Or(clear,Nominal(b))),ontable)]
	Feat 1145	(c=8)	weight -0.42820179224366:	Num[Or(Forall(Inverse(Star(on)),Not(Nominal(a))),ontable)]
	Feat 1151	(c=8)	weight 1.696066820815:	Bool[And(Forall(on,Exists(Star(on),Nominal(a))),Nominal(b))]
	Feat 1159	(c=8)	weight -1.0348296194773:	Num[Or(Forall(Star(on),Or(Nominal(a),Nominal(b))),clear)]
	Feat 1290	(c=8)	weight 0.94230941818813:	Num[Or(Exists(on,Exists(on,ontable)),Not(Nominal(b)))]
	Feat 1322	(c=8)	weight 0.00013478878808565:	Num[Or(And(Forall(on,Nominal(a)),Nominal(b)),Not(clear))]
	Feat 1422	(c=8)	weight 2.4575092530883:	Bool[And(Forall(on,Or(Not(Nominal(b)),ontable)),Nominal(a))]
	Feat 1454	(c=8)	weight -0.71040284897308:	Num[Or(Exists(on,And(Not(Nominal(a)),ontable)),holding)]
	Feat 1770	(c=8)	weight -1.043685269726:	Num[Exists(on,Forall(on,Not(And(ontable,Nominal(b)))))]
	Feat 1843	(c=8)	weight 0.63187556456585:	Num[Or(And(Not(Nominal(b)),Forall(on,Nominal(b))),clear)]
	Feat 1866	(c=8)	weight 0.43029458628357:	Num[Not(And(Exists(on,Exists(on,Nominal(b))),clear))]
	Feat 2314	(c=8)	weight 1.8522326758686:	Num[Or(Or(Nominal(a),Nominal(b)),Exists(Inverse(on),clear))]
	Feat 2372	(c=8)	weight 0.85251918353814:	Num[Or(And(holding,Nominal(a)),Exists(Star(on),Nominal(a)))]
	Feat 2476	(c=8)	weight 1.1489828035054:	Num[Or(And(Not(clear),Nominal(b)),Exists(on,Nominal(a)))]
	Feat 2677	(c=8)	weight 8.5291213679897:	Bool[And(Or(Not(Nominal(a)),clear),Exists(on,Nominal(b)))]
	Feat 2746	(c=8)	weight 0.42465805777973:	Bool[And(Forall(on,Not(Nominal(a))),And(clear,Nominal(b)))]
	Feat 3624	(c=8)	weight 0.12238294156037:	Bool[holding] Num[Or(Exists(Inverse(on),clear),Nominal(b))]
	Feat 3642	(c=8)	weight 0.20043361124534:	Bool[holding] Num[Forall(on,Not(Or(ontable,Nominal(b))))]
	Feat 3890	(c=7)	weight -3.0908273133391:	Bool[And(clear,Nominal(b))] Bool[And(holding,Nominal(a))]
	Feat 3991	(c=8)	weight -0.13714286755418:	Bool[And(holding,Nominal(a))] Bool[And(Not(holding),Nominal(b))]
	Feat 4105	(c=8)	weight 0.041395902455662:	Bool[And(holding,Nominal(b))] Num[Forall(Star(on),Nominal(a))]
	Feat 4179	(c=8)	weight 0.70691657147868:	Bool[And(ontable,Nominal(a))] Bool[And(Forall(on,<empty>),Nominal(a))]
	Feat 4462	(c=8)	weight -0.11757986455675:	Bool[And(Forall(on,<empty>),Nominal(b))] Num[Or(holding,Nominal(a))]
	Feat 4484	(c=8)	weight 0.1830324244226:	Bool[And(Not(clear),Nominal(a))] Num[Or(ontable,Nominal(b))]
	Feat 4549	(c=8)	weight -0.0020260273201398:	Bool[And(Not(ontable),Nominal(b))] Num[Or(clear,Nominal(a))]
	Feat 4653	(c=8)	weight 0.11478817436024:	Bool[And(Forall(on,ontable),Nominal(a))] Num[Exists(on,<universe>)]
	Feat 4696	(c=8)	weight -0.13644469816323:	Bool[And(Forall(Star(on),Nominal(a)),Nominal(b))] Num[clear]
Score -9.782335628285468
Lambda=0.003610470655848796
	Feat 22	(c=3)	weight -5.2138594924113:	Bool[Exists(on,Nominal(b))]
	Feat 25	(c=3)	weight 0.19162135865686:	Bool[Exists(on,Nominal(a))]
	Feat 334	(c=6)	weight 1.2754724442767:	Num[Or(Not(clear),Exists(on,Nominal(a)))]
	Feat 347	(c=6)	weight 0.14440426520902:	Bool[And(Forall(on,<empty>),And(clear,Nominal(b)))]
	Feat 473	(c=7)	weight -1.751705248168:	Bool[And(Forall(on,Exists(on,Nominal(a))),Nominal(b))]
	Feat 485	(c=7)	weight 0.51758780633114:	Num[Or(Exists(on,Exists(on,ontable)),Nominal(b))]
	Feat 569	(c=7)	weight -0.36146046494374:	Num[Exists(Star(on),And(Not(Nominal(b)),ontable))]
	Feat 689	(c=7)	weight -0.83090797452311:	Num[Or(Forall(on,Or(ontable,Nominal(b))),Nominal(b))]
	Feat 918	(c=7)	weight -0.55914884567735:	Num[And(Exists(on,ontable),Or(clear,Nominal(b)))]
	Feat 1132	(c=8)	weight 1.2078419417292:	Num[And(Forall(Inverse(on),Or(clear,Nominal(b))),ontable)]
	Feat 1145	(c=8)	weight -0.45945897244979:	Num[Or(Forall(Inverse(Star(on)),Not(Nominal(a))),ontable)]
	Feat 1151	(c=8)	weight 1.6918572768727:	Bool[And(Forall(on,Exists(Star(on),Nominal(a))),Nominal(b))]
	Feat 1159	(c=8)	weight -1.0146425077846:	Num[Or(Forall(Star(on),Or(Nominal(a),Nominal(b))),clear)]
	Feat 1290	(c=8)	weight 1.1589077303985:	Num[Or(Exists(on,Exists(on,ontable)),Not(Nominal(b)))]
	Feat 1322	(c=8)	weight 0.25906516972874:	Num[Or(And(Forall(on,Nominal(a)),Nominal(b)),Not(clear))]
	Feat 1422	(c=8)	weight 2.3950717827905:	Bool[And(Forall(on,Or(Not(Nominal(b)),ontable)),Nominal(a))]
	Feat 1454	(c=8)	weight -0.51531177078629:	Num[Or(Exists(on,And(Not(Nominal(a)),ontable)),holding)]
	Feat 1770	(c=8)	weight -1.0981230989924:	Num[Exists(on,Forall(on,Not(And(ontable,Nominal(b)))))]
	Feat 1843	(c=8)	weight 0.37977870298607:	Num[Or(And(Not(Nominal(b)),Forall(on,Nominal(b))),clear)]
	Feat 1866	(c=8)	weight 0.48144630032775:	Num[Not(And(Exists(on,Exists(on,Nominal(b))),clear))]
	Feat 2314	(c=8)	weight 2.1997619565005:	Num[Or(Or(Nominal(a),Nominal(b)),Exists(Inverse(on),clear))]
	Feat 2372	(c=8)	weight 0.88344516458704:	Num[Or(And(holding,Nominal(a)),Exists(Star(on),Nominal(a)))]
	Feat 2476	(c=8)	weight 1.2081303114823:	Num[Or(And(Not(clear),Nominal(b)),Exists(on,Nominal(a)))]
	Feat 2677	(c=8)	weight 8.6779936629963:	Bool[And(Or(Not(Nominal(a)),clear),Exists(on,Nominal(b)))]
	Feat 2746	(c=8)	weight 0.68030874559204:	Bool[And(Forall(on,Not(Nominal(a))),And(clear,Nominal(b)))]
	Feat 3624	(c=8)	weight 0.10257163402683:	Bool[holding] Num[Or(Exists(Inverse(on),clear),Nominal(b))]
	Feat 3642	(c=8)	weight 0.18215107100734:	Bool[holding] Num[Forall(on,Not(Or(ontable,Nominal(b))))]
	Feat 3701	(c=8)	weight -0.011983741607937:	Bool[holding] Bool[Exists(on,And(Not(ontable),Nominal(b)))]
	Feat 3890	(c=7)	weight -3.1044647663198:	Bool[And(clear,Nominal(b))] Bool[And(holding,Nominal(a))]
	Feat 3991	(c=8)	weight -0.25172999791793:	Bool[And(holding,Nominal(a))] Bool[And(Not(holding),Nominal(b))]
	Feat 4105	(c=8)	weight 0.080766535359284:	Bool[And(holding,Nominal(b))] Num[Forall(Star(on),Nominal(a))]
	Feat 4179	(c=8)	weight 0.80791901942682:	Bool[And(ontable,Nominal(a))] Bool[And(Forall(on,<empty>),Nominal(a))]
	Feat 4325	(c=8)	weight -0.0018789118705219:	Bool[Exists(on,Nominal(b))] Bool[Exists(Inverse(on),Nominal(b))]
	Feat 4462	(c=8)	weight -0.13022653394545:	Bool[And(Forall(on,<empty>),Nominal(b))] Num[Or(holding,Nominal(a))]
	Feat 4484	(c=8)	weight 0.23097213520462:	Bool[And(Not(clear),Nominal(a))] Num[Or(ontable,Nominal(b))]
	Feat 4549	(c=8)	weight -0.051115615645528:	Bool[And(Not(ontable),Nominal(b))] Num[Or(clear,Nominal(a))]
	Feat 4653	(c=8)	weight 0.12514364092423:	Bool[And(Forall(on,ontable),Nominal(a))] Num[Exists(on,<universe>)]
	Feat 4696	(c=8)	weight -0.14635241642113:	Bool[And(Forall(Star(on),Nominal(a)),Nominal(b))] Num[clear]
Score -24.787615915384308
Lambda=0.0022235018945108644
	Feat 17	(c=3)	weight -0.073498745069198:	Num[Or(ontable,Nominal(b))]
	Feat 22	(c=3)	weight -4.955352149118:	Bool[Exists(on,Nominal(b))]
	Feat 25	(c=3)	weight 0.052404861125931:	Bool[Exists(on,Nominal(a))]
	Feat 334	(c=6)	weight 1.5222357054901:	Num[Or(Not(clear),Exists(on,Nominal(a)))]
	Feat 347	(c=6)	weight 0.22311403896203:	Bool[And(Forall(on,<empty>),And(clear,Nominal(b)))]
	Feat 473	(c=7)	weight -1.7773764009758:	Bool[And(Forall(on,Exists(on,Nominal(a))),Nominal(b))]
	Feat 485	(c=7)	weight 0.67806019530239:	Num[Or(Exists(on,Exists(on,ontable)),Nominal(b))]
	Feat 569	(c=7)	weight -0.34317684112899:	Num[Exists(Star(on),And(Not(Nominal(b)),ontable))]
	Feat 689	(c=7)	weight -0.68062170652592:	Num[Or(Forall(on,Or(ontable,Nominal(b))),Nominal(b))]
	Feat 918	(c=7)	weight -0.86277005546012:	Num[And(Exists(on,ontable),Or(clear,Nominal(b)))]
	Feat 1132	(c=8)	weight 1.6717209125813:	Num[And(Forall(Inverse(on),Or(clear,Nominal(b))),ontable)]
	Feat 1145	(c=8)	weight -0.48335647277665:	Num[Or(Forall(Inverse(Star(on)),Not(Nominal(a))),ontable)]
	Feat 1151	(c=8)	weight 1.6501171023156:	Bool[And(Forall(on,Exists(Star(on),Nominal(a))),Nominal(b))]
	Feat 1159	(c=8)	weight -1.0126291582002:	Num[Or(Forall(Star(on),Or(Nominal(a),Nominal(b))),clear)]
	Feat 1290	(c=8)	weight 1.2999680922488:	Num[Or(Exists(on,Exists(on,ontable)),Not(Nominal(b)))]
	Feat 1322	(c=8)	weight 0.40021634946996:	Num[Or(And(Forall(on,Nominal(a)),Nominal(b)),Not(clear))]
	Feat 1422	(c=8)	weight 2.3614935186195:	Bool[And(Forall(on,Or(Not(Nominal(b)),ontable)),Nominal(a))]
	Feat 1454	(c=8)	weight -0.39961486496418:	Num[Or(Exists(on,And(Not(Nominal(a)),ontable)),holding)]
	Feat 1770	(c=8)	weight -1.1334232906735:	Num[Exists(on,Forall(on,Not(And(ontable,Nominal(b)))))]
	Feat 1843	(c=8)	weight 0.21663209632591:	Num[Or(And(Not(Nominal(b)),Forall(on,Nominal(b))),clear)]
	Feat 1866	(c=8)	weight 0.52336658814468:	Num[Not(And(Exists(on,Exists(on,Nominal(b))),clear))]
	Feat 2314	(c=8)	weight 2.4413874327247:	Num[Or(Or(Nominal(a),Nominal(b)),Exists(Inverse(on),clear))]
	Feat 2372	(c=8)	weight 0.91476118286493:	Num[Or(And(holding,Nominal(a)),Exists(Star(on),Nominal(a)))]
	Feat 2476	(c=8)	weight 1.2740992773636:	Num[Or(And(Not(clear),Nominal(b)),Exists(on,Nominal(a)))]
	Feat 2677	(c=8)	weight 8.7738545879789:	Bool[And(Or(Not(Nominal(a)),clear),Exists(on,Nominal(b)))]
	Feat 2746	(c=8)	weight 0.82301626381583:	Bool[And(Forall(on,Not(Nominal(a))),And(clear,Nominal(b)))]
	Feat 3187	(c=8)	weight -0.0022363591521436:	Atom[handempty] Num[Or(Not(ontable),Or(clear,Nominal(a)))]
	Feat 3606	(c=8)	weight -0.0078314100702664:	Bool[holding] Num[Or(And(Forall(on,<empty>),Nominal(b)),clear)]
	Feat 3624	(c=8)	weight 0.089714838910234:	Bool[holding] Num[Or(Exists(Inverse(on),clear),Nominal(b))]
	Feat 3642	(c=8)	weight 0.17981194837851:	Bool[holding] Num[Forall(on,Not(Or(ontable,Nominal(b))))]
	Feat 3701	(c=8)	weight -0.061599446823699:	Bool[holding] Bool[Exists(on,And(Not(ontable),Nominal(b)))]
	Feat 3890	(c=7)	weight -3.1314109338579:	Bool[And(clear,Nominal(b))] Bool[And(holding,Nominal(a))]
	Feat 3991	(c=8)	weight -0.35824580034135:	Bool[And(holding,Nominal(a))] Bool[And(Not(holding),Nominal(b))]
	Feat 4105	(c=8)	weight 0.12682320732556:	Bool[And(holding,Nominal(b))] Num[Forall(Star(on),Nominal(a))]
	Feat 4179	(c=8)	weight 0.87009602231954:	Bool[And(ontable,Nominal(a))] Bool[And(Forall(on,<empty>),Nominal(a))]
	Feat 4325	(c=8)	weight -0.24007968714487:	Bool[Exists(on,Nominal(b))] Bool[Exists(Inverse(on),Nominal(b))]
	Feat 4462	(c=8)	weight -0.18718555077153:	Bool[And(Forall(on,<empty>),Nominal(b))] Num[Or(holding,Nominal(a))]
	Feat 4484	(c=8)	weight 0.25757681031969:	Bool[And(Not(clear),Nominal(a))] Num[Or(ontable,Nominal(b))]
	Feat 4549	(c=8)	weight -0.042494930035834:	Bool[And(Not(ontable),Nominal(b))] Num[Or(clear,Nominal(a))]
	Feat 4653	(c=8)	weight 0.13186168401523:	Bool[And(Forall(on,ontable),Nominal(a))] Num[Exists(on,<universe>)]
	Feat 4679	(c=8)	weight 0.00011516813305448:	Bool[Exists(on,And(ontable,Nominal(b)))] Num[Forall(on,<empty>)]
	Feat 4696	(c=8)	weight -0.15119861136703:	Bool[And(Forall(Star(on),Nominal(a)),Nominal(b))] Num[clear]
Score -38.76779932671249
Lambda=0.001369339664036436
	Feat 17	(c=3)	weight -0.11780263849439:	Num[Or(ontable,Nominal(b))]
	Feat 22	(c=3)	weight -4.8281831140265:	Bool[Exists(on,Nominal(b))]
	Feat 204	(c=6)	weight -0.060651299149701:	Num[Or(Not(Nominal(a)),Forall(on,ontable))]
	Feat 334	(c=6)	weight 1.6558801348994:	Num[Or(Not(clear),Exists(on,Nominal(a)))]
	Feat 347	(c=6)	weight 0.24201329629453:	Bool[And(Forall(on,<empty>),And(clear,Nominal(b)))]
	Feat 473	(c=7)	weight -1.7963718693538:	Bool[And(Forall(on,Exists(on,Nominal(a))),Nominal(b))]
	Feat 485	(c=7)	weight 0.77663522331672:	Num[Or(Exists(on,Exists(on,ontable)),Nominal(b))]
	Feat 569	(c=7)	weight -0.33772441673379:	Num[Exists(Star(on),And(Not(Nominal(b)),ontable))]
	Feat 689	(c=7)	weight -0.59119844951212:	Num[Or(Forall(on,Or(ontable,Nominal(b))),Nominal(b))]
	Feat 918	(c=7)	weight -1.0566869834336:	Num[And(Exists(on,ontable),Or(clear,Nominal(b)))]
	Feat 1132	(c=8)	weight 1.9666984353894:	Num[And(Forall(Inverse(on),Or(clear,Nominal(b))),ontable)]
	Feat 1145	(c=8)	weight -0.50105668874065:	Num[Or(Forall(Inverse(Star(on)),Not(Nominal(a))),ontable)]
	Feat 1151	(c=8)	weight 1.6307035412217:	Bool[And(Forall(on,Exists(Star(on),Nominal(a))),Nominal(b))]
	Feat 1159	(c=8)	weight -1.0166636635387:	Num[Or(Forall(Star(on),Or(Nominal(a),Nominal(b))),clear)]
	Feat 1290	(c=8)	weight 1.3896739275872:	Num[Or(Exists(on,Exists(on,ontable)),Not(Nominal(b)))]
	Feat 1322	(c=8)	weight 0.50973797048122:	Num[Or(And(Forall(on,Nominal(a)),Nominal(b)),Not(clear))]
	Feat 1422	(c=8)	weight 2.3445393741252:	Bool[And(Forall(on,Or(Not(Nominal(b)),ontable)),Nominal(a))]
	Feat 1454	(c=8)	weight -0.3551874161515:	Num[Or(Exists(on,And(Not(Nominal(a)),ontable)),holding)]
	Feat 1770	(c=8)	weight -1.1570208541481:	Num[Exists(on,Forall(on,Not(And(ontable,Nominal(b)))))]
	Feat 1843	(c=8)	weight 0.12325549317707:	Num[Or(And(Not(Nominal(b)),Forall(on,Nominal(b))),clear)]
	Feat 1866	(c=8)	weight 0.54692519172012:	Num[Not(And(Exists(on,Exists(on,Nominal(b))),clear))]
	Feat 2314	(c=8)	weight 2.5817545557673:	Num[Or(Or(Nominal(a),Nominal(b)),Exists(Inverse(on),clear))]
	Feat 2372	(c=8)	weight 0.93009581357581:	Num[Or(And(holding,Nominal(a)),Exists(Star(on),Nominal(a)))]
	Feat 2476	(c=8)	weight 1.3019307976451:	Num[Or(And(Not(clear),Nominal(b)),Exists(on,Nominal(a)))]
	Feat 2677	(c=8)	weight 8.8253208379367:	Bool[And(Or(Not(Nominal(a)),clear),Exists(on,Nominal(b)))]
	Feat 2746	(c=8)	weight 0.93249457069661:	Bool[And(Forall(on,Not(Nominal(a))),And(clear,Nominal(b)))]
	Feat 3187	(c=8)	weight -0.049365357033063:	Atom[handempty] Num[Or(Not(ontable),Or(clear,Nominal(a)))]
	Feat 3606	(c=8)	weight -0.028505582307723:	Bool[holding] Num[Or(And(Forall(on,<empty>),Nominal(b)),clear)]
	Feat 3618	(c=8)	weight 0.010404596690848:	Bool[holding] Num[Or(Not(Nominal(b)),Or(clear,ontable))]
	Feat 3624	(c=8)	weight 0.077134653771791:	Bool[holding] Num[Or(Exists(Inverse(on),clear),Nominal(b))]
	Feat 3642	(c=8)	weight 0.13088175259761:	Bool[holding] Num[Forall(on,Not(Or(ontable,Nominal(b))))]
	Feat 3701	(c=8)	weight -0.13945607187705:	Bool[holding] Bool[Exists(on,And(Not(ontable),Nominal(b)))]
	Feat 3890	(c=7)	weight -3.1444502667559:	Bool[And(clear,Nominal(b))] Bool[And(holding,Nominal(a))]
	Feat 3991	(c=8)	weight -0.39403440774936:	Bool[And(holding,Nominal(a))] Bool[And(Not(holding),Nominal(b))]
	Feat 4105	(c=8)	weight 0.16586621942698:	Bool[And(holding,Nominal(b))] Num[Forall(Star(on),Nominal(a))]
	Feat 4179	(c=8)	weight 0.91538874883939:	Bool[And(ontable,Nominal(a))] Bool[And(Forall(on,<empty>),Nominal(a))]
	Feat 4325	(c=8)	weight -0.31840193742893:	Bool[Exists(on,Nominal(b))] Bool[Exists(Inverse(on),Nominal(b))]
	Feat 4462	(c=8)	weight -0.20634895645416:	Bool[And(Forall(on,<empty>),Nominal(b))] Num[Or(holding,Nominal(a))]
	Feat 4484	(c=8)	weight 0.27125692538535:	Bool[And(Not(clear),Nominal(a))] Num[Or(ontable,Nominal(b))]
	Feat 4549	(c=8)	weight -0.03468256501747:	Bool[And(Not(ontable),Nominal(b))] Num[Or(clear,Nominal(a))]
	Feat 4653	(c=8)	weight 0.15004557904998:	Bool[And(Forall(on,ontable),Nominal(a))] Num[Exists(on,<universe>)]
	Feat 4679	(c=8)	weight 0.018352213500582:	Bool[Exists(on,And(ontable,Nominal(b)))] Num[Forall(on,<empty>)]
	Feat 4696	(c=8)	weight -0.15611082960132:	Bool[And(Forall(Star(on),Nominal(a)),Nominal(b))] Num[clear]
Score -46.3421136114289
Lambda=0.0008433053824385929
	Feat 17	(c=3)	weight -0.15772592589738:	Num[Or(ontable,Nominal(b))]
	Feat 22	(c=3)	weight -4.7981375237048:	Bool[Exists(on,Nominal(b))]
	Feat 204	(c=6)	weight -0.1510058682603:	Num[Or(Not(Nominal(a)),Forall(on,ontable))]
	Feat 334	(c=6)	weight 1.7308487242772:	Num[Or(Not(clear),Exists(on,Nominal(a)))]
	Feat 347	(c=6)	weight 0.24810610503439:	Bool[And(Forall(on,<empty>),And(clear,Nominal(b)))]
	Feat 457	(c=7)	weight -0.00019354430271:	Num[Forall(on,Or(Forall(on,Nominal(a)),Nominal(a)))]
	Feat 473	(c=7)	weight -1.8095069044003:	Bool[And(Forall(on,Exists(on,Nominal(a))),Nominal(b))]
	Feat 485	(c=7)	weight 0.83451354382112:	Num[Or(Exists(on,Exists(on,ontable)),Nominal(b))]
	Feat 569	(c=7)	weight -0.33646986340146:	Num[Exists(Star(on),And(Not(Nominal(b)),ontable))]
	Feat 689	(c=7)	weight -0.53830732917045:	Num[Or(Forall(on,Or(ontable,Nominal(b))),Nominal(b))]
	Feat 918	(c=7)	weight -1.1696523139018:	Num[And(Exists(on,ontable),Or(clear,Nominal(b)))]
	Feat 1132	(c=8)	weight 2.1411993271596:	Num[And(Forall(Inverse(on),Or(clear,Nominal(b))),ontable)]
	Feat 1145	(c=8)	weight -0.51340629831766:	Num[Or(Forall(Inverse(Star(on)),Not(Nominal(a))),ontable)]
	Feat 1151	(c=8)	weight 1.6225981401354:	Bool[And(Forall(on,Exists(Star(on),Nominal(a))),Nominal(b))]
	Feat 1159	(c=8)	weight -1.021351882146:	Num[Or(Forall(Star(on),Or(Nominal(a),Nominal(b))),clear)]
	Feat 1210	(c=8)	weight -0.00046485108430799:	Num[And(Forall(on,Exists(on,Nominal(a))),Not(Nominal(a)))]
	Feat 1290	(c=8)	weight 1.4434959567373:	Num[Or(Exists(on,Exists(on,ontable)),Not(Nominal(b)))]
	Feat 1322	(c=8)	weight 0.55495473197363:	Num[Or(And(Forall(on,Nominal(a)),Nominal(b)),Not(clear))]
	Feat 1422	(c=8)	weight 2.3362062052456:	Bool[And(Forall(on,Or(Not(Nominal(b)),ontable)),Nominal(a))]
	Feat 1454	(c=8)	weight -0.32452640598632:	Num[Or(Exists(on,And(Not(Nominal(a)),ontable)),holding)]
	Feat 1770	(c=8)	weight -1.1709919543313:	Num[Exists(on,Forall(on,Not(And(ontable,Nominal(b)))))]
	Feat 1843	(c=8)	weight 0.067402722657357:	Num[Or(And(Not(Nominal(b)),Forall(on,Nominal(b))),clear)]
	Feat 1866	(c=8)	weight 0.55952086647752:	Num[Not(And(Exists(on,Exists(on,Nominal(b))),clear))]
	Feat 2314	(c=8)	weight 2.6660248814632:	Num[Or(Or(Nominal(a),Nominal(b)),Exists(Inverse(on),clear))]
	Feat 2372	(c=8)	weight 0.93678120256993:	Num[Or(And(holding,Nominal(a)),Exists(Star(on),Nominal(a)))]
	Feat 2430	(c=8)	weight 0.01349165824202:	Num[Or(And(Forall(on,<empty>),Nominal(b)),And(clear,Nominal(a)))]
	Feat 2476	(c=8)	weight 1.3159678663349:	Num[Or(And(Not(clear),Nominal(b)),Exists(on,Nominal(a)))]
	Feat 2677	(c=8)	weight 8.8538405807656:	Bool[And(Or(Not(Nominal(a)),clear),Exists(on,Nominal(b)))]
	Feat 2746	(c=8)	weight 0.97666094521269:	Bool[And(Forall(on,Not(Nominal(a))),And(clear,Nominal(b)))]
	Feat 3187	(c=8)	weight -0.073972229659912:	Atom[handempty] Num[Or(Not(ontable),Or(clear,Nominal(a)))]
	Feat 3606	(c=8)	weight -0.034615985418949:	Bool[holding] Num[Or(And(Forall(on,<empty>),Nominal(b)),clear)]
	Feat 3618	(c=8)	weight 0.022034298284877:	Bool[holding] Num[Or(Not(Nominal(b)),Or(clear,ontable))]
	Feat 3624	(c=8)	weight 0.064671023521966:	Bool[holding] Num[Or(Exists(Inverse(on),clear),Nominal(b))]
	Feat 3642	(c=8)	weight 0.099202771117692:	Bool[holding] Num[Forall(on,Not(Or(ontable,Nominal(b))))]
	Feat 3701	(c=8)	weight -0.18402391893094:	Bool[holding] Bool[Exists(on,And(Not(ontable),Nominal(b)))]
	Feat 3890	(c=7)	weight -3.1494315807292:	Bool[And(clear,Nominal(b))] Bool[And(holding,Nominal(a))]
	Feat 3991	(c=8)	weight -0.39477889256048:	Bool[And(holding,Nominal(a))] Bool[And(Not(holding),Nominal(b))]
	Feat 4105	(c=8)	weight 0.18499562128785:	Bool[And(holding,Nominal(b))] Num[Forall(Star(on),Nominal(a))]
	Feat 4179	(c=8)	weight 0.9469097693749:	Bool[And(ontable,Nominal(a))] Bool[And(Forall(on,<empty>),Nominal(a))]
	Feat 4325	(c=8)	weight -0.33638291149684:	Bool[Exists(on,Nominal(b))] Bool[Exists(Inverse(on),Nominal(b))]
	Feat 4462	(c=8)	weight -0.22748683293639:	Bool[And(Forall(on,<empty>),Nominal(b))] Num[Or(holding,Nominal(a))]
	Feat 4484	(c=8)	weight 0.27816744762398:	Bool[And(Not(clear),Nominal(a))] Num[Or(ontable,Nominal(b))]
	Feat 4549	(c=8)	weight -0.032534861889399:	Bool[And(Not(ontable),Nominal(b))] Num[Or(clear,Nominal(a))]
	Feat 4653	(c=8)	weight 0.1732726825126:	Bool[And(Forall(on,ontable),Nominal(a))] Num[Exists(on,<universe>)]
	Feat 4679	(c=8)	weight 0.028737745674256:	Bool[Exists(on,And(ontable,Nominal(b)))] Num[Forall(on,<empty>)]
	Feat 4696	(c=8)	weight -0.15887351367045:	Bool[And(Forall(Star(on),Nominal(a)),Nominal(b))] Num[clear]
Score -49.19321897000146
Lambda=0.0005193481111571587
	Feat 17	(c=3)	weight -0.17824337559729:	Num[Or(ontable,Nominal(b))]
	Feat 22	(c=3)	weight -4.7814534488464:	Bool[Exists(on,Nominal(b))]
	Feat 45	(c=4)	weight 0.0003000253812394:	Bool[And(Forall(on,<empty>),Nominal(b))]
	Feat 204	(c=6)	weight -0.20529201616494:	Num[Or(Not(Nominal(a)),Forall(on,ontable))]
	Feat 334	(c=6)	weight 1.7618172359773:	Num[Or(Not(clear),Exists(on,Nominal(a)))]
	Feat 347	(c=6)	weight 0.25454684119735:	Bool[And(Forall(on,<empty>),And(clear,Nominal(b)))]
	Feat 457	(c=7)	weight -0.01908058080536:	Num[Forall(on,Or(Forall(on,Nominal(a)),Nominal(a)))]
	Feat 473	(c=7)	weight -1.8088106957334:	Bool[And(Forall(on,Exists(on,Nominal(a))),Nominal(b))]
	Feat 485	(c=7)	weight 0.87625611326963:	Num[Or(Exists(on,Exists(on,ontable)),Nominal(b))]
	Feat 569	(c=7)	weight -0.33772956162824:	Num[Exists(Star(on),And(Not(Nominal(b)),ontable))]
	Feat 689	(c=7)	weight -0.49437126682162:	Num[Or(Forall(on,Or(ontable,Nominal(b))),Nominal(b))]
	Feat 918	(c=7)	weight -1.2607620657782:	Num[And(Exists(on,ontable),Or(clear,Nominal(b)))]
	Feat 1132	(c=8)	weight 2.2754187078701:	Num[And(Forall(Inverse(on),Or(clear,Nominal(b))),ontable)]
	Feat 1145	(c=8)	weight -0.51967109990864:	Num[Or(Forall(Inverse(Star(on)),Not(Nominal(a))),ontable)]
	Feat 1151	(c=8)	weight 1.5961808369333:	Bool[And(Forall(on,Exists(Star(on),Nominal(a))),Nominal(b))]
	Feat 1159	(c=8)	weight -1.0216159583517:	Num[Or(Forall(Star(on),Or(Nominal(a),Nominal(b))),clear)]
	Feat 1210	(c=8)	weight -0.023270727074893:	Num[And(Forall(on,Exists(on,Nominal(a))),Not(Nominal(a)))]
	Feat 1290	(c=8)	weight 1.4789378210619:	Num[Or(Exists(on,Exists(on,ontable)),Not(Nominal(b)))]
	Feat 1322	(c=8)	weight 0.59242877013873:	Num[Or(And(Forall(on,Nominal(a)),Nominal(b)),Not(clear))]
	Feat 1422	(c=8)	weight 2.3355090622788:	Bool[And(Forall(on,Or(Not(Nominal(b)),ontable)),Nominal(a))]
	Feat 1454	(c=8)	weight -0.27801656774695:	Num[Or(Exists(on,And(Not(Nominal(a)),ontable)),holding)]
	Feat 1770	(c=8)	weight -1.1781067452744:	Num[Exists(on,Forall(on,Not(And(ontable,Nominal(b)))))]
	Feat 1843	(c=8)	weight 0.014933540411333:	Num[Or(And(Not(Nominal(b)),Forall(on,Nominal(b))),clear)]
	Feat 1866	(c=8)	weight 0.56637629016086:	Num[Not(And(Exists(on,Exists(on,Nominal(b))),clear))]
	Feat 2314	(c=8)	weight 2.7341999707575:	Num[Or(Or(Nominal(a),Nominal(b)),Exists(Inverse(on),clear))]
	Feat 2372	(c=8)	weight 0.94969443227682:	Num[Or(And(holding,Nominal(a)),Exists(Star(on),Nominal(a)))]
	Feat 2430	(c=8)	weight 0.037902397683079:	Num[Or(And(Forall(on,<empty>),Nominal(b)),And(clear,Nominal(a)))]
	Feat 2476	(c=8)	weight 1.3485602123288:	Num[Or(And(Not(clear),Nominal(b)),Exists(on,Nominal(a)))]
	Feat 2677	(c=8)	weight 8.8741259142755:	Bool[And(Or(Not(Nominal(a)),clear),Exists(on,Nominal(b)))]
	Feat 2746	(c=8)	weight 1.0249951295537:	Bool[And(Forall(on,Not(Nominal(a))),And(clear,Nominal(b)))]
	Feat 3156	(c=7)	weight -5.9961658492815e-05:	Atom[handempty] Num[Forall(on,Exists(on,ontable))]
	Feat 3187	(c=8)	weight -0.092720919810678:	Atom[handempty] Num[Or(Not(ontable),Or(clear,Nominal(a)))]
	Feat 3606	(c=8)	weight -0.039568775198313:	Bool[holding] Num[Or(And(Forall(on,<empty>),Nominal(b)),clear)]
	Feat 3618	(c=8)	weight 0.034160165964245:	Bool[holding] Num[Or(Not(Nominal(b)),Or(clear,ontable))]
	Feat 3624	(c=8)	weight 0.055794025136419:	Bool[holding] Num[Or(Exists(Inverse(on),clear),Nominal(b))]
	Feat 3642	(c=8)	weight 0.074402634629188:	Bool[holding] Num[Forall(on,Not(Or(ontable,Nominal(b))))]
	Feat 3701	(c=8)	weight -0.21268599966926:	Bool[holding] Bool[Exists(on,And(Not(ontable),Nominal(b)))]
	Feat 3890	(c=7)	weight -3.1570349406354:	Bool[And(clear,Nominal(b))] Bool[And(holding,Nominal(a))]
	Feat 3991	(c=8)	weight -0.4456288841707:	Bool[And(holding,Nominal(a))] Bool[And(Not(holding),Nominal(b))]
	Feat 4105	(c=8)	weight 0.18986741874492:	Bool[And(holding,Nominal(b))] Num[Forall(Star(on),Nominal(a))]
	Feat 4179	(c=8)	weight 0.9475486458522:	Bool[And(ontable,Nominal(a))] Bool[And(Forall(on,<empty>),Nominal(a))]
	Feat 4265	(c=6)	weight -0.0022141703960726:	Bool[Exists(on,Nominal(b))] Num[Forall(on,<empty>)]
	Feat 4325	(c=8)	weight -0.33909656705819:	Bool[Exists(on,Nominal(b))] Bool[Exists(Inverse(on),Nominal(b))]
	Feat 4462	(c=8)	weight -0.24244694767058:	Bool[And(Forall(on,<empty>),Nominal(b))] Num[Or(holding,Nominal(a))]
	Feat 4484	(c=8)	weight 0.29316801289718:	Bool[And(Not(clear),Nominal(a))] Num[Or(ontable,Nominal(b))]
	Feat 4549	(c=8)	weight -0.026886246400651:	Bool[And(Not(ontable),Nominal(b))] Num[Or(clear,Nominal(a))]
	Feat 4653	(c=8)	weight 0.18597968732946:	Bool[And(Forall(on,ontable),Nominal(a))] Num[Exists(on,<universe>)]
	Feat 4679	(c=8)	weight 0.038269973133903:	Bool[Exists(on,And(ontable,Nominal(b)))] Num[Forall(on,<empty>)]
	Feat 4696	(c=8)	weight -0.1559363676891:	Bool[And(Forall(Star(on),Nominal(a)),Nominal(b))] Num[clear]
Score -51.15296431430033
Lambda=0.00031983960517665595
	Feat 17	(c=3)	weight -0.18832318504801:	Num[Or(ontable,Nominal(b))]
	Feat 22	(c=3)	weight -4.7758107355338:	Bool[Exists(on,Nominal(b))]
	Feat 45	(c=4)	weight 0.02721856139796:	Bool[And(Forall(on,<empty>),Nominal(b))]
	Feat 88	(c=5)	weight 4.4791498601905e-05:	Num[Or(Exists(Inverse(on),<universe>),Nominal(b))]
	Feat 204	(c=6)	weight -0.23039026551308:	Num[Or(Not(Nominal(a)),Forall(on,ontable))]
	Feat 334	(c=6)	weight 1.7757156414412:	Num[Or(Not(clear),Exists(on,Nominal(a)))]
	Feat 347	(c=6)	weight 0.25081572331428:	Bool[And(Forall(on,<empty>),And(clear,Nominal(b)))]
	Feat 457	(c=7)	weight -0.020687816741521:	Num[Forall(on,Or(Forall(on,Nominal(a)),Nominal(a)))]
	Feat 473	(c=7)	weight -1.8146286572321:	Bool[And(Forall(on,Exists(on,Nominal(a))),Nominal(b))]
	Feat 485	(c=7)	weight 0.89741401678487:	Num[Or(Exists(on,Exists(on,ontable)),Nominal(b))]
	Feat 569	(c=7)	weight -0.33727966700423:	Num[Exists(Star(on),And(Not(Nominal(b)),ontable))]
	Feat 689	(c=7)	weight -0.47640677780165:	Num[Or(Forall(on,Or(ontable,Nominal(b))),Nominal(b))]
	Feat 918	(c=7)	weight -1.2982818500541:	Num[And(Exists(on,ontable),Or(clear,Nominal(b)))]
	Feat 1132	(c=8)	weight 2.3324075637744:	Num[And(Forall(Inverse(on),Or(clear,Nominal(b))),ontable)]
	Feat 1145	(c=8)	weight -0.52347032675196:	Num[Or(Forall(Inverse(Star(on)),Not(Nominal(a))),ontable)]
	Feat 1151	(c=8)	weight 1.591421742502:	Bool[And(Forall(on,Exists(Star(on),Nominal(a))),Nominal(b))]
	Feat 1159	(c=8)	weight -1.0249642747729:	Num[Or(Forall(Star(on),Or(Nominal(a),Nominal(b))),clear)]
	Feat 1210	(c=8)	weight -0.03491746619078:	Num[And(Forall(on,Exists(on,Nominal(a))),Not(Nominal(a)))]
	Feat 1290	(c=8)	weight 1.4975213611192:	Num[Or(Exists(on,Exists(on,ontable)),Not(Nominal(b)))]
	Feat 1322	(c=8)	weight 0.60878691623526:	Num[Or(And(Forall(on,Nominal(a)),Nominal(b)),Not(clear))]
	Feat 1422	(c=8)	weight 2.3329690574115:	Bool[And(Forall(on,Or(Not(Nominal(b)),ontable)),Nominal(a))]
	Feat 1454	(c=8)	weight -0.26717676686007:	Num[Or(Exists(on,And(Not(Nominal(a)),ontable)),holding)]
	Feat 1770	(c=8)	weight -1.1813052387652:	Num[Exists(on,Forall(on,Not(And(ontable,Nominal(b)))))]
	Feat 1843	(c=8)	weight 8.8476084876709e-05:	Num[Or(And(Not(Nominal(b)),Forall(on,Nominal(b))),clear)]
	Feat 1866	(c=8)	weight 0.57230998273779:	Num[Not(And(Exists(on,Exists(on,Nominal(b))),clear))]
	Feat 2286	(c=8)	weight 0.00011178155601764:	Num[And(Not(Nominal(a)),Forall(Inverse(Star(on)),Nominal(b)))]
	Feat 2314	(c=8)	weight 2.7614320408684:	Num[Or(Or(Nominal(a),Nominal(b)),Exists(Inverse(on),clear))]
	Feat 2372	(c=8)	weight 0.95413489347532:	Num[Or(And(holding,Nominal(a)),Exists(Star(on),Nominal(a)))]
	Feat 2430	(c=8)	weight 0.044180152646767:	Num[Or(And(Forall(on,<empty>),Nominal(b)),And(clear,Nominal(a)))]
	Feat 2476	(c=8)	weight 1.3551054694552:	Num[Or(And(Not(clear),Nominal(b)),Exists(on,Nominal(a)))]
	Feat 2677	(c=8)	weight 8.8843280780784:	Bool[And(Or(Not(Nominal(a)),clear),Exists(on,Nominal(b)))]
	Feat 2746	(c=8)	weight 1.0415194160162:	Bool[And(Forall(on,Not(Nominal(a))),And(clear,Nominal(b)))]
	Feat 3156	(c=7)	weight -0.001081157224748:	Atom[handempty] Num[Forall(on,Exists(on,ontable))]
	Feat 3187	(c=8)	weight -0.10029440253189:	Atom[handempty] Num[Or(Not(ontable),Or(clear,Nominal(a)))]
	Feat 3606	(c=8)	weight -0.042667742504477:	Bool[holding] Num[Or(And(Forall(on,<empty>),Nominal(b)),clear)]
	Feat 3618	(c=8)	weight 0.039636170380437:	Bool[holding] Num[Or(Not(Nominal(b)),Or(clear,ontable))]
	Feat 3624	(c=8)	weight 0.051811408493069:	Bool[holding] Num[Or(Exists(Inverse(on),clear),Nominal(b))]
	Feat 3642	(c=8)	weight 0.064731264248293:	Bool[holding] Num[Forall(on,Not(Or(ontable,Nominal(b))))]
	Feat 3701	(c=8)	weight -0.22388372647056:	Bool[holding] Bool[Exists(on,And(Not(ontable),Nominal(b)))]
	Feat 3890	(c=7)	weight -3.1599719204186:	Bool[And(clear,Nominal(b))] Bool[And(holding,Nominal(a))]
	Feat 3991	(c=8)	weight -0.46891069644178:	Bool[And(holding,Nominal(a))] Bool[And(Not(holding),Nominal(b))]
	Feat 4105	(c=8)	weight 0.19353281985221:	Bool[And(holding,Nominal(b))] Num[Forall(Star(on),Nominal(a))]
	Feat 4179	(c=8)	weight 0.94608727000084:	Bool[And(ontable,Nominal(a))] Bool[And(Forall(on,<empty>),Nominal(a))]
	Feat 4265	(c=6)	weight -0.0052179443736952:	Bool[Exists(on,Nominal(b))] Num[Forall(on,<empty>)]
	Feat 4325	(c=8)	weight -0.33457028766767:	Bool[Exists(on,Nominal(b))] Bool[Exists(Inverse(on),Nominal(b))]
	Feat 4462	(c=8)	weight -0.25320274091561:	Bool[And(Forall(on,<empty>),Nominal(b))] Num[Or(holding,Nominal(a))]
	Feat 4484	(c=8)	weight 0.2978963699867:	Bool[And(Not(clear),Nominal(a))] Num[Or(ontable,Nominal(b))]
	Feat 4549	(c=8)	weight -0.023765782371471:	Bool[And(Not(ontable),Nominal(b))] Num[Or(clear,Nominal(a))]
	Feat 4653	(c=8)	weight 0.19246615624277:	Bool[And(Forall(on,ontable),Nominal(a))] Num[Exists(on,<universe>)]
	Feat 4679	(c=8)	weight 0.045648085095277:	Bool[Exists(on,And(ontable,Nominal(b)))] Num[Forall(on,<empty>)]
	Feat 4696	(c=8)	weight -0.15804031818558:	Bool[And(Forall(Star(on),Nominal(a)),Nominal(b))] Num[clear]
Score -52.17402725168368
Lambda=0.00019697264867610777
	Feat 17	(c=3)	weight -0.1945381427462:	Num[Or(ontable,Nominal(b))]
	Feat 22	(c=3)	weight -4.7590145844536:	Bool[Exists(on,Nominal(b))]
	Feat 45	(c=4)	weight 0.065270464167307:	Bool[And(Forall(on,<empty>),Nominal(b))]
	Feat 88	(c=5)	weight 0.012759453249254:	Num[Or(Exists(Inverse(on),<universe>),Nominal(b))]
	Feat 204	(c=6)	weight -0.25919809173414:	Num[Or(Not(Nominal(a)),Forall(on,ontable))]
	Feat 334	(c=6)	weight 1.7855239491857:	Num[Or(Not(clear),Exists(on,Nominal(a)))]
	Feat 347	(c=6)	weight 0.22146283879528:	Bool[And(Forall(on,<empty>),And(clear,Nominal(b)))]
	Feat 457	(c=7)	weight -0.019212879751194:	Num[Forall(on,Or(Forall(on,Nominal(a)),Nominal(a)))]
	Feat 473	(c=7)	weight -1.8179045879106:	Bool[And(Forall(on,Exists(on,Nominal(a))),Nominal(b))]
	Feat 485	(c=7)	weight 0.92017166010511:	Num[Or(Exists(on,Exists(on,ontable)),Nominal(b))]
	Feat 569	(c=7)	weight -0.33827490213881:	Num[Exists(Star(on),And(Not(Nominal(b)),ontable))]
	Feat 689	(c=7)	weight -0.45444814941656:	Num[Or(Forall(on,Or(ontable,Nominal(b))),Nominal(b))]
	Feat 918	(c=7)	weight -1.3448299251579:	Num[And(Exists(on,ontable),Or(clear,Nominal(b)))]
	Feat 1132	(c=8)	weight 2.3964047160425:	Num[And(Forall(Inverse(on),Or(clear,Nominal(b))),ontable)]
	Feat 1145	(c=8)	weight -0.52721262063783:	Num[Or(Forall(Inverse(Star(on)),Not(Nominal(a))),ontable)]
	Feat 1151	(c=8)	weight 1.5833970104063:	Bool[And(Forall(on,Exists(Star(on),Nominal(a))),Nominal(b))]
	Feat 1159	(c=8)	weight -1.027166162877:	Num[Or(Forall(Star(on),Or(Nominal(a),Nominal(b))),clear)]
	Feat 1210	(c=8)	weight -0.047382204246202:	Num[And(Forall(on,Exists(on,Nominal(a))),Not(Nominal(a)))]
	Feat 1290	(c=8)	weight 1.5146542384043:	Num[Or(Exists(on,Exists(on,ontable)),Not(Nominal(b)))]
	Feat 1322	(c=8)	weight 0.63096756586882:	Num[Or(And(Forall(on,Nominal(a)),Nominal(b)),Not(clear))]
	Feat 1422	(c=8)	weight 2.3312152619624:	Bool[And(Forall(on,Or(Not(Nominal(b)),ontable)),Nominal(a))]
	Feat 1454	(c=8)	weight -0.25628994978979:	Num[Or(Exists(on,And(Not(Nominal(a)),ontable)),holding)]
	Feat 1770	(c=8)	weight -1.1752110377527:	Num[Exists(on,Forall(on,Not(And(ontable,Nominal(b)))))]
	Feat 1843	(c=8)	weight -0.0071888097184313:	Num[Or(And(Not(Nominal(b)),Forall(on,Nominal(b))),clear)]
	Feat 1866	(c=8)	weight 0.57770965369462:	Num[Not(And(Exists(on,Exists(on,Nominal(b))),clear))]
	Feat 2314	(c=8)	weight 2.7831710017287:	Num[Or(Or(Nominal(a),Nominal(b)),Exists(Inverse(on),clear))]
	Feat 2372	(c=8)	weight 0.9582801234172:	Num[Or(And(holding,Nominal(a)),Exists(Star(on),Nominal(a)))]
	Feat 2430	(c=8)	weight 0.054075139907649:	Num[Or(And(Forall(on,<empty>),Nominal(b)),And(clear,Nominal(a)))]
	Feat 2476	(c=8)	weight 1.3648756586064:	Num[Or(And(Not(clear),Nominal(b)),Exists(on,Nominal(a)))]
	Feat 2677	(c=8)	weight 8.8935672882115:	Bool[And(Or(Not(Nominal(a)),clear),Exists(on,Nominal(b)))]
	Feat 2746	(c=8)	weight 1.0675236192047:	Bool[And(Forall(on,Not(Nominal(a))),And(clear,Nominal(b)))]
	Feat 3156	(c=7)	weight -0.0063955187748046:	Atom[handempty] Num[Forall(on,Exists(on,ontable))]
	Feat 3187	(c=8)	weight -0.10823265667611:	Atom[handempty] Num[Or(Not(ontable),Or(clear,Nominal(a)))]
	Feat 3606	(c=8)	weight -0.047354712768634:	Bool[holding] Num[Or(And(Forall(on,<empty>),Nominal(b)),clear)]
	Feat 3618	(c=8)	weight 0.046511118073459:	Bool[holding] Num[Or(Not(Nominal(b)),Or(clear,ontable))]
	Feat 3624	(c=8)	weight 0.04626217106284:	Bool[holding] Num[Or(Exists(Inverse(on),clear),Nominal(b))]
	Feat 3642	(c=8)	weight 0.052638040140415:	Bool[holding] Num[Forall(on,Not(Or(ontable,Nominal(b))))]
	Feat 3701	(c=8)	weight -0.23590862250677:	Bool[holding] Bool[Exists(on,And(Not(ontable),Nominal(b)))]
	Feat 3890	(c=7)	weight -3.1634317075759:	Bool[And(clear,Nominal(b))] Bool[And(holding,Nominal(a))]
	Feat 3991	(c=8)	weight -0.48363960477212:	Bool[And(holding,Nominal(a))] Bool[And(Not(holding),Nominal(b))]
	Feat 4105	(c=8)	weight 0.19460767643102:	Bool[And(holding,Nominal(b))] Num[Forall(Star(on),Nominal(a))]
	Feat 4179	(c=8)	weight 0.94542533702178:	Bool[And(ontable,Nominal(a))] Bool[And(Forall(on,<empty>),Nominal(a))]
	Feat 4265	(c=6)	weight -0.0067978911280005:	Bool[Exists(on,Nominal(b))] Num[Forall(on,<empty>)]
	Feat 4325	(c=8)	weight -0.33430705061521:	Bool[Exists(on,Nominal(b))] Bool[Exists(Inverse(on),Nominal(b))]
	Feat 4462	(c=8)	weight -0.26057896300812:	Bool[And(Forall(on,<empty>),Nominal(b))] Num[Or(holding,Nominal(a))]
	Feat 4484	(c=8)	weight 0.3016595276748:	Bool[And(Not(clear),Nominal(a))] Num[Or(ontable,Nominal(b))]
	Feat 4549	(c=8)	weight -0.019756489461468:	Bool[And(Not(ontable),Nominal(b))] Num[Or(clear,Nominal(a))]
	Feat 4653	(c=8)	weight 0.19956990659681:	Bool[And(Forall(on,ontable),Nominal(a))] Num[Exists(on,<universe>)]
	Feat 4679	(c=8)	weight 0.048978747459004:	Bool[Exists(on,And(ontable,Nominal(b)))] Num[Forall(on,<empty>)]
	Feat 4696	(c=8)	weight -0.15724317590963:	Bool[And(Forall(Star(on),Nominal(a)),Nominal(b))] Num[clear]
Score -53.78048231870273
