Considering 64 features
Lasso Method
----------

Lambda=1.9697264867610762
Score 1.1102230246251565e-16
Lambda=1.2130525331611781
	Feat 1422	(c=8)	weight 1.1052491665297:	Bool[And(Forall(on,Or(Not(Nominal(b)),ontable)),Nominal(a))]
	Feat 1707	(c=8)	weight 0.028186695965659:	Num[Or(Exists(on,Exists(on,Exists(on,<universe>))),Nominal(b))]
	Feat 2372	(c=8)	weight 0.51100595599713:	Num[Or(And(holding,Nominal(a)),Exists(Star(on),Nominal(a)))]
	Feat 2677	(c=8)	weight 0.93725295511234:	Bool[And(Or(Not(Nominal(a)),clear),Exists(on,Nominal(b)))]
Score -0.39890937246594027
Lambda=0.7470562324764233
	Feat 689	(c=7)	weight -0.21614087819825:	Num[Or(Forall(on,Or(ontable,Nominal(b))),Nominal(b))]
	Feat 1422	(c=8)	weight 2.8864268168011:	Bool[And(Forall(on,Or(Not(Nominal(b)),ontable)),Nominal(a))]
	Feat 1707	(c=8)	weight 0.10780715357332:	Num[Or(Exists(on,Exists(on,Exists(on,<universe>))),Nominal(b))]
	Feat 2372	(c=8)	weight 0.7341217742208:	Num[Or(And(holding,Nominal(a)),Exists(Star(on),Nominal(a)))]
	Feat 2677	(c=8)	weight 1.8105101419001:	Bool[And(Or(Not(Nominal(a)),clear),Exists(on,Nominal(b)))]
Score -1.089028322268251
Lambda=0.4600732443363308
	Feat 25	(c=3)	weight 0.018902788173545:	Bool[Exists(on,Nominal(a))]
	Feat 334	(c=6)	weight 0.0062665505414323:	Num[Or(Not(clear),Exists(on,Nominal(a)))]
	Feat 689	(c=7)	weight -0.37491467535834:	Num[Or(Forall(on,Or(ontable,Nominal(b))),Nominal(b))]
	Feat 1422	(c=8)	weight 3.956050177316:	Bool[And(Forall(on,Or(Not(Nominal(b)),ontable)),Nominal(a))]
	Feat 1454	(c=8)	weight -0.030836632543115:	Num[Or(Exists(on,And(Not(Nominal(a)),ontable)),holding)]
	Feat 1707	(c=8)	weight 0.13676425040195:	Num[Or(Exists(on,Exists(on,Exists(on,<universe>))),Nominal(b))]
	Feat 2372	(c=8)	weight 0.848178400331:	Num[Or(And(holding,Nominal(a)),Exists(Star(on),Nominal(a)))]
	Feat 2677	(c=8)	weight 2.3324560941598:	Bool[And(Or(Not(Nominal(a)),clear),Exists(on,Nominal(b)))]
	Feat 3890	(c=7)	weight -0.46693167403474:	Bool[And(clear,Nominal(b))] Bool[And(holding,Nominal(a))]
	Feat 4179	(c=8)	weight 0.10448885028299:	Bool[And(ontable,Nominal(a))] Bool[And(Forall(on,<empty>),Nominal(a))]
Score -1.5198117850728239
Lambda=0.2833352844838722
	Feat 25	(c=3)	weight 0.23250776436949:	Bool[Exists(on,Nominal(a))]
	Feat 334	(c=6)	weight 0.027706321825987:	Num[Or(Not(clear),Exists(on,Nominal(a)))]
	Feat 689	(c=7)	weight -0.51848913408104:	Num[Or(Forall(on,Or(ontable,Nominal(b))),Nominal(b))]
	Feat 1422	(c=8)	weight 4.5329304093374:	Bool[And(Forall(on,Or(Not(Nominal(b)),ontable)),Nominal(a))]
	Feat 1454	(c=8)	weight -0.062437794370992:	Num[Or(Exists(on,And(Not(Nominal(a)),ontable)),holding)]
	Feat 1707	(c=8)	weight 0.15593568717894:	Num[Or(Exists(on,Exists(on,Exists(on,<universe>))),Nominal(b))]
	Feat 2372	(c=8)	weight 0.81161322076086:	Num[Or(And(holding,Nominal(a)),Exists(Star(on),Nominal(a)))]
	Feat 2677	(c=8)	weight 2.6877939411193:	Bool[And(Or(Not(Nominal(a)),clear),Exists(on,Nominal(b)))]
	Feat 3156	(c=7)	weight -0.067720169507397:	Atom[handempty] Num[Forall(on,Exists(on,ontable))]
	Feat 3890	(c=7)	weight -1.205062367146:	Bool[And(clear,Nominal(b))] Bool[And(holding,Nominal(a))]
	Feat 4179	(c=8)	weight 0.48852577193943:	Bool[And(ontable,Nominal(a))] Bool[And(Forall(on,<empty>),Nominal(a))]
	Feat 4338	(c=6)	weight 0.027463400784425:	Bool[Exists(on,Nominal(a))] Num[Forall(on,<empty>)]
Score -1.6337156586095873
Lambda=0.17449152808127635
	Feat 25	(c=3)	weight 0.14613000293055:	Bool[Exists(on,Nominal(a))]
	Feat 689	(c=7)	weight -0.62918573081793:	Num[Or(Forall(on,Or(ontable,Nominal(b))),Nominal(b))]
	Feat 769	(c=7)	weight 0.054265388715111:	Num[Or(And(Or(clear,ontable),Nominal(a)),holding)]
	Feat 1422	(c=8)	weight 4.5661454682868:	Bool[And(Forall(on,Or(Not(Nominal(b)),ontable)),Nominal(a))]
	Feat 1454	(c=8)	weight -0.25213805974163:	Num[Or(Exists(on,And(Not(Nominal(a)),ontable)),holding)]
	Feat 1707	(c=8)	weight 0.13378341767683:	Num[Or(Exists(on,Exists(on,Exists(on,<universe>))),Nominal(b))]
	Feat 2314	(c=8)	weight 0.054721473576369:	Num[Or(Or(Nominal(a),Nominal(b)),Exists(Inverse(on),clear))]
	Feat 2372	(c=8)	weight 0.77341142447146:	Num[Or(And(holding,Nominal(a)),Exists(Star(on),Nominal(a)))]
	Feat 2677	(c=8)	weight 3.5020693377531:	Bool[And(Or(Not(Nominal(a)),clear),Exists(on,Nominal(b)))]
	Feat 3156	(c=7)	weight -0.075640624874165:	Atom[handempty] Num[Forall(on,Exists(on,ontable))]
	Feat 3624	(c=8)	weight 0.17315475155941:	Bool[holding] Num[Or(Exists(Inverse(on),clear),Nominal(b))]
	Feat 3890	(c=7)	weight -1.7897820664986:	Bool[And(clear,Nominal(b))] Bool[And(holding,Nominal(a))]
	Feat 4179	(c=8)	weight 0.53899859014236:	Bool[And(ontable,Nominal(a))] Bool[And(Forall(on,<empty>),Nominal(a))]
	Feat 4265	(c=6)	weight -0.19814915614671:	Bool[Exists(on,Nominal(b))] Num[Forall(on,<empty>)]
	Feat 4338	(c=6)	weight 0.15826378058549:	Bool[Exists(on,Nominal(a))] Num[Forall(on,<empty>)]
	Feat 4696	(c=8)	weight -0.0046686094949758:	Bool[And(Forall(Star(on),Nominal(a)),Nominal(b))] Num[clear]
Score -1.3213010303261785
Lambda=0.10746029541503134
	Feat 22	(c=3)	weight -1.5030883817672:	Bool[Exists(on,Nominal(b))]
	Feat 25	(c=3)	weight 0.62681330491881:	Bool[Exists(on,Nominal(a))]
	Feat 334	(c=6)	weight 0.10192463830547:	Num[Or(Not(clear),Exists(on,Nominal(a)))]
	Feat 569	(c=7)	weight -0.12116102770916:	Num[Exists(Star(on),And(Not(Nominal(b)),ontable))]
	Feat 689	(c=7)	weight -0.49606791100735:	Num[Or(Forall(on,Or(ontable,Nominal(b))),Nominal(b))]
	Feat 1151	(c=8)	weight 0.29830010798753:	Bool[And(Forall(on,Exists(Star(on),Nominal(a))),Nominal(b))]
	Feat 1422	(c=8)	weight 3.8782841348227:	Bool[And(Forall(on,Or(Not(Nominal(b)),ontable)),Nominal(a))]
	Feat 1450	(c=8)	weight 0.25348681479982:	Bool[And(Exists(on,And(Not(Nominal(a)),ontable)),Nominal(b))]
	Feat 1454	(c=8)	weight -0.74446539530507:	Num[Or(Exists(on,And(Not(Nominal(a)),ontable)),holding)]
	Feat 1707	(c=8)	weight 0.28145265453788:	Num[Or(Exists(on,Exists(on,Exists(on,<universe>))),Nominal(b))]
	Feat 2314	(c=8)	weight 0.52999596977044:	Num[Or(Or(Nominal(a),Nominal(b)),Exists(Inverse(on),clear))]
	Feat 2372	(c=8)	weight 0.63594648408007:	Num[Or(And(holding,Nominal(a)),Exists(Star(on),Nominal(a)))]
	Feat 2677	(c=8)	weight 5.1346193857394:	Bool[And(Or(Not(Nominal(a)),clear),Exists(on,Nominal(b)))]
	Feat 2746	(c=8)	weight 0.045488241024176:	Bool[And(Forall(on,Not(Nominal(a))),And(clear,Nominal(b)))]
	Feat 3156	(c=7)	weight -0.047775653086502:	Atom[handempty] Num[Forall(on,Exists(on,ontable))]
	Feat 3624	(c=8)	weight 0.29295281039421:	Bool[holding] Num[Or(Exists(Inverse(on),clear),Nominal(b))]
	Feat 3642	(c=8)	weight 0.078033799320276:	Bool[holding] Num[Forall(on,Not(Or(ontable,Nominal(b))))]
	Feat 3890	(c=7)	weight -2.2008305855689:	Bool[And(clear,Nominal(b))] Bool[And(holding,Nominal(a))]
	Feat 4179	(c=8)	weight 0.36547567457548:	Bool[And(ontable,Nominal(a))] Bool[And(Forall(on,<empty>),Nominal(a))]
	Feat 4265	(c=6)	weight -0.20750446843985:	Bool[Exists(on,Nominal(b))] Num[Forall(on,<empty>)]
	Feat 4338	(c=6)	weight 0.15943321701627:	Bool[Exists(on,Nominal(a))] Num[Forall(on,<empty>)]
	Feat 4696	(c=8)	weight -0.10267630740749:	Bool[And(Forall(Star(on),Nominal(a)),Nominal(b))] Num[clear]
Score -2.3803005906882744
Lambda=0.06617923069197378
	Feat 22	(c=3)	weight -3.2382825048189:	Bool[Exists(on,Nominal(b))]
	Feat 25	(c=3)	weight 0.77034213300306:	Bool[Exists(on,Nominal(a))]
	Feat 334	(c=6)	weight 0.42999872046566:	Num[Or(Not(clear),Exists(on,Nominal(a)))]
	Feat 473	(c=7)	weight -0.10368179379287:	Bool[And(Forall(on,Exists(on,Nominal(a))),Nominal(b))]
	Feat 569	(c=7)	weight -0.28650283737676:	Num[Exists(Star(on),And(Not(Nominal(b)),ontable))]
	Feat 689	(c=7)	weight -0.22936841861392:	Num[Or(Forall(on,Or(ontable,Nominal(b))),Nominal(b))]
	Feat 1145	(c=8)	weight -0.0033248468228422:	Num[Or(Forall(Inverse(Star(on)),Not(Nominal(a))),ontable)]
	Feat 1151	(c=8)	weight 0.55250124298457:	Bool[And(Forall(on,Exists(Star(on),Nominal(a))),Nominal(b))]
	Feat 1422	(c=8)	weight 3.3041482397892:	Bool[And(Forall(on,Or(Not(Nominal(b)),ontable)),Nominal(a))]
	Feat 1450	(c=8)	weight 0.59096275866821:	Bool[And(Exists(on,And(Not(Nominal(a)),ontable)),Nominal(b))]
	Feat 1454	(c=8)	weight -1.1812238364162:	Num[Or(Exists(on,And(Not(Nominal(a)),ontable)),holding)]
	Feat 1707	(c=8)	weight 0.43813244739789:	Num[Or(Exists(on,Exists(on,Exists(on,<universe>))),Nominal(b))]
	Feat 2314	(c=8)	weight 0.90020058192872:	Num[Or(Or(Nominal(a),Nominal(b)),Exists(Inverse(on),clear))]
	Feat 2372	(c=8)	weight 0.59781871524009:	Num[Or(And(holding,Nominal(a)),Exists(Star(on),Nominal(a)))]
	Feat 2430	(c=8)	weight -0.012584871658454:	Num[Or(And(Forall(on,<empty>),Nominal(b)),And(clear,Nominal(a)))]
	Feat 2476	(c=8)	weight 0.15962720292585:	Num[Or(And(Not(clear),Nominal(b)),Exists(on,Nominal(a)))]
	Feat 2677	(c=8)	weight 6.4030341873064:	Bool[And(Or(Not(Nominal(a)),clear),Exists(on,Nominal(b)))]
	Feat 2746	(c=8)	weight 0.18465427064763:	Bool[And(Forall(on,Not(Nominal(a))),And(clear,Nominal(b)))]
	Feat 3624	(c=8)	weight 0.27987769213546:	Bool[holding] Num[Or(Exists(Inverse(on),clear),Nominal(b))]
	Feat 3642	(c=8)	weight 0.16301082154509:	Bool[holding] Num[Forall(on,Not(Or(ontable,Nominal(b))))]
	Feat 3890	(c=7)	weight -2.5460881288389:	Bool[And(clear,Nominal(b))] Bool[And(holding,Nominal(a))]
	Feat 4179	(c=8)	weight 0.13256422722824:	Bool[And(ontable,Nominal(a))] Bool[And(Forall(on,<empty>),Nominal(a))]
	Feat 4265	(c=6)	weight -0.10298135898573:	Bool[Exists(on,Nominal(b))] Num[Forall(on,<empty>)]
	Feat 4338	(c=6)	weight 0.087825216134281:	Bool[Exists(on,Nominal(a))] Num[Forall(on,<empty>)]
	Feat 4484	(c=8)	weight 0.021199171982644:	Bool[And(Not(clear),Nominal(a))] Num[Or(ontable,Nominal(b))]
	Feat 4696	(c=8)	weight -0.09703841278191:	Bool[And(Forall(Star(on),Nominal(a)),Nominal(b))] Num[clear]
Score -5.447075356647452
Lambda=0.040756360831377916
	Feat 22	(c=3)	weight -4.255681218112:	Bool[Exists(on,Nominal(b))]
	Feat 25	(c=3)	weight 0.78352006545707:	Bool[Exists(on,Nominal(a))]
	Feat 334	(c=6)	weight 0.46118400176813:	Num[Or(Not(clear),Exists(on,Nominal(a)))]
	Feat 473	(c=7)	weight -0.83501055519891:	Bool[And(Forall(on,Exists(on,Nominal(a))),Nominal(b))]
	Feat 569	(c=7)	weight -0.39526725560182:	Num[Exists(Star(on),And(Not(Nominal(b)),ontable))]
	Feat 689	(c=7)	weight -0.26076435457164:	Num[Or(Forall(on,Or(ontable,Nominal(b))),Nominal(b))]
	Feat 918	(c=7)	weight -0.011106004467153:	Num[And(Exists(on,ontable),Or(clear,Nominal(b)))]
	Feat 1145	(c=8)	weight -0.033089787461888:	Num[Or(Forall(Inverse(Star(on)),Not(Nominal(a))),ontable)]
	Feat 1151	(c=8)	weight 1.1178999935643:	Bool[And(Forall(on,Exists(Star(on),Nominal(a))),Nominal(b))]
	Feat 1159	(c=8)	weight -0.12593107199562:	Num[Or(Forall(Star(on),Or(Nominal(a),Nominal(b))),clear)]
	Feat 1290	(c=8)	weight 0.086851563323999:	Num[Or(Exists(on,Exists(on,ontable)),Not(Nominal(b)))]
	Feat 1422	(c=8)	weight 2.983681922189:	Bool[And(Forall(on,Or(Not(Nominal(b)),ontable)),Nominal(a))]
	Feat 1450	(c=8)	weight 0.61768904833616:	Bool[And(Exists(on,And(Not(Nominal(a)),ontable)),Nominal(b))]
	Feat 1454	(c=8)	weight -1.2582594438649:	Num[Or(Exists(on,And(Not(Nominal(a)),ontable)),holding)]
	Feat 1707	(c=8)	weight 0.48423223868578:	Num[Or(Exists(on,Exists(on,Exists(on,<universe>))),Nominal(b))]
	Feat 1843	(c=8)	weight 0.13066791793153:	Num[Or(And(Not(Nominal(b)),Forall(on,Nominal(b))),clear)]
	Feat 2314	(c=8)	weight 1.1456199943214:	Num[Or(Or(Nominal(a),Nominal(b)),Exists(Inverse(on),clear))]
	Feat 2372	(c=8)	weight 0.54127241370614:	Num[Or(And(holding,Nominal(a)),Exists(Star(on),Nominal(a)))]
	Feat 2430	(c=8)	weight -0.0059197903548864:	Num[Or(And(Forall(on,<empty>),Nominal(b)),And(clear,Nominal(a)))]
	Feat 2476	(c=8)	weight 0.47423917804046:	Num[Or(And(Not(clear),Nominal(b)),Exists(on,Nominal(a)))]
	Feat 2677	(c=8)	weight 7.2265535835341:	Bool[And(Or(Not(Nominal(a)),clear),Exists(on,Nominal(b)))]
	Feat 2746	(c=8)	weight 0.32609074060708:	Bool[And(Forall(on,Not(Nominal(a))),And(clear,Nominal(b)))]
	Feat 3624	(c=8)	weight 0.24906476458733:	Bool[holding] Num[Or(Exists(Inverse(on),clear),Nominal(b))]
	Feat 3642	(c=8)	weight 0.2051518596614:	Bool[holding] Num[Forall(on,Not(Or(ontable,Nominal(b))))]
	Feat 3890	(c=7)	weight -2.7647040826612:	Bool[And(clear,Nominal(b))] Bool[And(holding,Nominal(a))]
	Feat 4179	(c=8)	weight 0.13437342818364:	Bool[And(ontable,Nominal(a))] Bool[And(Forall(on,<empty>),Nominal(a))]
	Feat 4265	(c=6)	weight -0.059394844675166:	Bool[Exists(on,Nominal(b))] Num[Forall(on,<empty>)]
	Feat 4338	(c=6)	weight 0.049264674038911:	Bool[Exists(on,Nominal(a))] Num[Forall(on,<empty>)]
	Feat 4484	(c=8)	weight 0.079848024835463:	Bool[And(Not(clear),Nominal(a))] Num[Or(ontable,Nominal(b))]
	Feat 4696	(c=8)	weight -0.064988273312321:	Bool[And(Forall(Star(on),Nominal(a)),Nominal(b))] Num[clear]
Score -6.422442824476689
Lambda=0.025099731907565554
	Feat 22	(c=3)	weight -5.1087388253886:	Bool[Exists(on,Nominal(b))]
	Feat 25	(c=3)	weight 0.40917071523216:	Bool[Exists(on,Nominal(a))]
	Feat 334	(c=6)	weight 0.37367862257679:	Num[Or(Not(clear),Exists(on,Nominal(a)))]
	Feat 473	(c=7)	weight -1.2479895633651:	Bool[And(Forall(on,Exists(on,Nominal(a))),Nominal(b))]
	Feat 569	(c=7)	weight -0.47382845259036:	Num[Exists(Star(on),And(Not(Nominal(b)),ontable))]
	Feat 689	(c=7)	weight -0.62844176077701:	Num[Or(Forall(on,Or(ontable,Nominal(b))),Nominal(b))]
	Feat 1145	(c=8)	weight -0.14003037977267:	Num[Or(Forall(Inverse(Star(on)),Not(Nominal(a))),ontable)]
	Feat 1151	(c=8)	weight 1.3842008451302:	Bool[And(Forall(on,Exists(Star(on),Nominal(a))),Nominal(b))]
	Feat 1159	(c=8)	weight -0.44021468665427:	Num[Or(Forall(Star(on),Or(Nominal(a),Nominal(b))),clear)]
	Feat 1290	(c=8)	weight 0.31017653750872:	Num[Or(Exists(on,Exists(on,ontable)),Not(Nominal(b)))]
	Feat 1422	(c=8)	weight 2.7798478594048:	Bool[And(Forall(on,Or(Not(Nominal(b)),ontable)),Nominal(a))]
	Feat 1450	(c=8)	weight 0.3855359580634:	Bool[And(Exists(on,And(Not(Nominal(a)),ontable)),Nominal(b))]
	Feat 1454	(c=8)	weight -1.0242791189598:	Num[Or(Exists(on,And(Not(Nominal(a)),ontable)),holding)]
	Feat 1707	(c=8)	weight 0.30170028259606:	Num[Or(Exists(on,Exists(on,Exists(on,<universe>))),Nominal(b))]
	Feat 1770	(c=8)	weight -0.033152791990369:	Num[Exists(on,Forall(on,Not(And(ontable,Nominal(b)))))]
	Feat 1843	(c=8)	weight 0.60425637839388:	Num[Or(And(Not(Nominal(b)),Forall(on,Nominal(b))),clear)]
	Feat 2314	(c=8)	weight 1.159770794755:	Num[Or(Or(Nominal(a),Nominal(b)),Exists(Inverse(on),clear))]
	Feat 2372	(c=8)	weight 0.66269627620106:	Num[Or(And(holding,Nominal(a)),Exists(Star(on),Nominal(a)))]
	Feat 2476	(c=8)	weight 0.84439686911575:	Num[Or(And(Not(clear),Nominal(b)),Exists(on,Nominal(a)))]
	Feat 2559	(c=8)	weight -0.060925612727566:	Num[And(Or(Not(Nominal(a)),ontable),Forall(on,ontable))]
	Feat 2677	(c=8)	weight 7.8094937977006:	Bool[And(Or(Not(Nominal(a)),clear),Exists(on,Nominal(b)))]
	Feat 2746	(c=8)	weight 0.32157890423684:	Bool[And(Forall(on,Not(Nominal(a))),And(clear,Nominal(b)))]
	Feat 3624	(c=8)	weight 0.19987366296662:	Bool[holding] Num[Or(Exists(Inverse(on),clear),Nominal(b))]
	Feat 3642	(c=8)	weight 0.20816830429766:	Bool[holding] Num[Forall(on,Not(Or(ontable,Nominal(b))))]
	Feat 3890	(c=7)	weight -2.8915882355617:	Bool[And(clear,Nominal(b))] Bool[And(holding,Nominal(a))]
	Feat 4179	(c=8)	weight 0.43271107418268:	Bool[And(ontable,Nominal(a))] Bool[And(Forall(on,<empty>),Nominal(a))]
	Feat 4265	(c=6)	weight -0.020205851513514:	Bool[Exists(on,Nominal(b))] Num[Forall(on,<empty>)]
	Feat 4338	(c=6)	weight 0.071190318275305:	Bool[Exists(on,Nominal(a))] Num[Forall(on,<empty>)]
	Feat 4484	(c=8)	weight 0.11328877030901:	Bool[And(Not(clear),Nominal(a))] Num[Or(ontable,Nominal(b))]
	Feat 4696	(c=8)	weight -0.07595162085007:	Bool[And(Forall(Star(on),Nominal(a)),Nominal(b))] Num[clear]
Score -4.526313157826624
Lambda=0.015457624993511108
	Feat 22	(c=3)	weight -5.6295888607128:	Bool[Exists(on,Nominal(b))]
	Feat 25	(c=3)	weight 0.26252857710674:	Bool[Exists(on,Nominal(a))]
	Feat 334	(c=6)	weight 0.38867595660407:	Num[Or(Not(clear),Exists(on,Nominal(a)))]
	Feat 473	(c=7)	weight -1.4889673283683:	Bool[And(Forall(on,Exists(on,Nominal(a))),Nominal(b))]
	Feat 569	(c=7)	weight -0.42740151772385:	Num[Exists(Star(on),And(Not(Nominal(b)),ontable))]
	Feat 689	(c=7)	weight -0.86656372874247:	Num[Or(Forall(on,Or(ontable,Nominal(b))),Nominal(b))]
	Feat 1132	(c=8)	weight 0.0036340772431482:	Num[And(Forall(Inverse(on),Or(clear,Nominal(b))),ontable)]
	Feat 1145	(c=8)	weight -0.26642977057362:	Num[Or(Forall(Inverse(Star(on)),Not(Nominal(a))),ontable)]
	Feat 1151	(c=8)	weight 1.5670827854754:	Bool[And(Forall(on,Exists(Star(on),Nominal(a))),Nominal(b))]
	Feat 1159	(c=8)	weight -0.63640083686878:	Num[Or(Forall(Star(on),Or(Nominal(a),Nominal(b))),clear)]
	Feat 1290	(c=8)	weight 0.42111245688421:	Num[Or(Exists(on,Exists(on,ontable)),Not(Nominal(b)))]
	Feat 1422	(c=8)	weight 2.5747557319138:	Bool[And(Forall(on,Or(Not(Nominal(b)),ontable)),Nominal(a))]
	Feat 1450	(c=8)	weight 0.21747697117911:	Bool[And(Exists(on,And(Not(Nominal(a)),ontable)),Nominal(b))]
	Feat 1454	(c=8)	weight -0.78378601595919:	Num[Or(Exists(on,And(Not(Nominal(a)),ontable)),holding)]
	Feat 1707	(c=8)	weight 0.1667151497601:	Num[Or(Exists(on,Exists(on,Exists(on,<universe>))),Nominal(b))]
	Feat 1770	(c=8)	weight -0.38004115281822:	Num[Exists(on,Forall(on,Not(And(ontable,Nominal(b)))))]
	Feat 1843	(c=8)	weight 0.93711268170166:	Num[Or(And(Not(Nominal(b)),Forall(on,Nominal(b))),clear)]
	Feat 1866	(c=8)	weight 0.22935372310559:	Num[Not(And(Exists(on,Exists(on,Nominal(b))),clear))]
	Feat 2314	(c=8)	weight 1.2456673084111:	Num[Or(Or(Nominal(a),Nominal(b)),Exists(Inverse(on),clear))]
	Feat 2372	(c=8)	weight 0.74584315665778:	Num[Or(And(holding,Nominal(a)),Exists(Star(on),Nominal(a)))]
	Feat 2476	(c=8)	weight 1.0742378656786:	Num[Or(And(Not(clear),Nominal(b)),Exists(on,Nominal(a)))]
	Feat 2559	(c=8)	weight -0.27566347414067:	Num[And(Or(Not(Nominal(a)),ontable),Forall(on,ontable))]
	Feat 2677	(c=8)	weight 8.248384641298:	Bool[And(Or(Not(Nominal(a)),clear),Exists(on,Nominal(b)))]
	Feat 2746	(c=8)	weight 0.28745173431034:	Bool[And(Forall(on,Not(Nominal(a))),And(clear,Nominal(b)))]
	Feat 3624	(c=8)	weight 0.15337063601515:	Bool[holding] Num[Or(Exists(Inverse(on),clear),Nominal(b))]
	Feat 3642	(c=8)	weight 0.18435361913986:	Bool[holding] Num[Forall(on,Not(Or(ontable,Nominal(b))))]
	Feat 3890	(c=7)	weight -2.9494173778113:	Bool[And(clear,Nominal(b))] Bool[And(holding,Nominal(a))]
	Feat 4105	(c=8)	weight 0.0041981892331674:	Bool[And(holding,Nominal(b))] Num[Forall(Star(on),Nominal(a))]
	Feat 4179	(c=8)	weight 0.81007635176712:	Bool[And(ontable,Nominal(a))] Bool[And(Forall(on,<empty>),Nominal(a))]
	Feat 4338	(c=6)	weight 0.079610784122425:	Bool[Exists(on,Nominal(a))] Num[Forall(on,<empty>)]
	Feat 4484	(c=8)	weight 0.12339505438711:	Bool[And(Not(clear),Nominal(a))] Num[Or(ontable,Nominal(b))]
	Feat 4696	(c=8)	weight -0.092024005909732:	Bool[And(Forall(Star(on),Nominal(a)),Nominal(b))] Num[clear]
Score -3.643977375814467
Lambda=0.009519550699583313
	Feat 22	(c=3)	weight -5.6791195282096:	Bool[Exists(on,Nominal(b))]
	Feat 25	(c=3)	weight 0.16134172852762:	Bool[Exists(on,Nominal(a))]
	Feat 334	(c=6)	weight 0.5050830818897:	Num[Or(Not(clear),Exists(on,Nominal(a)))]
	Feat 473	(c=7)	weight -1.6271904800489:	Bool[And(Forall(on,Exists(on,Nominal(a))),Nominal(b))]
	Feat 569	(c=7)	weight -0.38261210254683:	Num[Exists(Star(on),And(Not(Nominal(b)),ontable))]
	Feat 689	(c=7)	weight -1.0823927862012:	Num[Or(Forall(on,Or(ontable,Nominal(b))),Nominal(b))]
	Feat 1132	(c=8)	weight 0.14670765478352:	Num[And(Forall(Inverse(on),Or(clear,Nominal(b))),ontable)]
	Feat 1145	(c=8)	weight -0.33969155552437:	Num[Or(Forall(Inverse(Star(on)),Not(Nominal(a))),ontable)]
	Feat 1151	(c=8)	weight 1.6839579871918:	Bool[And(Forall(on,Exists(Star(on),Nominal(a))),Nominal(b))]
	Feat 1159	(c=8)	weight -0.76947221267099:	Num[Or(Forall(Star(on),Or(Nominal(a),Nominal(b))),clear)]
	Feat 1290	(c=8)	weight 0.60117407583317:	Num[Or(Exists(on,Exists(on,ontable)),Not(Nominal(b)))]
	Feat 1422	(c=8)	weight 2.44927356891:	Bool[And(Forall(on,Or(Not(Nominal(b)),ontable)),Nominal(a))]
	Feat 1450	(c=8)	weight 0.059187348902462:	Bool[And(Exists(on,And(Not(Nominal(a)),ontable)),Nominal(b))]
	Feat 1454	(c=8)	weight -0.64688096184712:	Num[Or(Exists(on,And(Not(Nominal(a)),ontable)),holding)]
	Feat 1770	(c=8)	weight -0.62517527412245:	Num[Exists(on,Forall(on,Not(And(ontable,Nominal(b)))))]
	Feat 1843	(c=8)	weight 1.0787139193657:	Num[Or(And(Not(Nominal(b)),Forall(on,Nominal(b))),clear)]
	Feat 1866	(c=8)	weight 0.37755647192156:	Num[Not(And(Exists(on,Exists(on,Nominal(b))),clear))]
	Feat 2314	(c=8)	weight 1.3596339108087:	Num[Or(Or(Nominal(a),Nominal(b)),Exists(Inverse(on),clear))]
	Feat 2372	(c=8)	weight 0.80451382890997:	Num[Or(And(holding,Nominal(a)),Exists(Star(on),Nominal(a)))]
	Feat 2476	(c=8)	weight 1.1472532566808:	Num[Or(And(Not(clear),Nominal(b)),Exists(on,Nominal(a)))]
	Feat 2559	(c=8)	weight -0.40039619719536:	Num[And(Or(Not(Nominal(a)),ontable),Forall(on,ontable))]
	Feat 2677	(c=8)	weight 8.4951752481044:	Bool[And(Or(Not(Nominal(a)),clear),Exists(on,Nominal(b)))]
	Feat 2746	(c=8)	weight 0.36203909578565:	Bool[And(Forall(on,Not(Nominal(a))),And(clear,Nominal(b)))]
	Feat 3624	(c=8)	weight 0.11510065971115:	Bool[holding] Num[Or(Exists(Inverse(on),clear),Nominal(b))]
	Feat 3642	(c=8)	weight 0.17928937043749:	Bool[holding] Num[Forall(on,Not(Or(ontable,Nominal(b))))]
	Feat 3701	(c=8)	weight 0.0029994321239943:	Bool[holding] Bool[Exists(on,And(Not(ontable),Nominal(b)))]
	Feat 3890	(c=7)	weight -2.9931881523962:	Bool[And(clear,Nominal(b))] Bool[And(holding,Nominal(a))]
	Feat 4105	(c=8)	weight 0.049073057565454:	Bool[And(holding,Nominal(b))] Num[Forall(Star(on),Nominal(a))]
	Feat 4179	(c=8)	weight 1.0287944867063:	Bool[And(ontable,Nominal(a))] Bool[And(Forall(on,<empty>),Nominal(a))]
	Feat 4338	(c=6)	weight 0.097087686993071:	Bool[Exists(on,Nominal(a))] Num[Forall(on,<empty>)]
	Feat 4462	(c=8)	weight -0.00033619415965809:	Bool[And(Forall(on,<empty>),Nominal(b))] Num[Or(holding,Nominal(a))]
	Feat 4484	(c=8)	weight 0.12917103396405:	Bool[And(Not(clear),Nominal(a))] Num[Or(ontable,Nominal(b))]
	Feat 4696	(c=8)	weight -0.12106753407281:	Bool[And(Forall(Star(on),Nominal(a)),Nominal(b))] Num[clear]
Score -4.000384987798443
Lambda=0.005862598268490724
	Feat 22	(c=3)	weight -5.6435997332048:	Bool[Exists(on,Nominal(b))]
	Feat 25	(c=3)	weight 0.052556004946679:	Bool[Exists(on,Nominal(a))]
	Feat 334	(c=6)	weight 0.78376812893372:	Num[Or(Not(clear),Exists(on,Nominal(a)))]
	Feat 347	(c=6)	weight 0.1375110928451:	Bool[And(Forall(on,<empty>),And(clear,Nominal(b)))]
	Feat 473	(c=7)	weight -1.7056969632293:	Bool[And(Forall(on,Exists(on,Nominal(a))),Nominal(b))]
	Feat 485	(c=7)	weight 0.29558875453579:	Num[Or(Exists(on,Exists(on,ontable)),Nominal(b))]
	Feat 569	(c=7)	weight -0.36373976215743:	Num[Exists(Star(on),And(Not(Nominal(b)),ontable))]
	Feat 689	(c=7)	weight -0.99530815078799:	Num[Or(Forall(on,Or(ontable,Nominal(b))),Nominal(b))]
	Feat 769	(c=7)	weight -0.083170220554799:	Num[Or(And(Or(clear,ontable),Nominal(a)),holding)]
	Feat 1132	(c=8)	weight 0.41579565473206:	Num[And(Forall(Inverse(on),Or(clear,Nominal(b))),ontable)]
	Feat 1145	(c=8)	weight -0.41762544006259:	Num[Or(Forall(Inverse(Star(on)),Not(Nominal(a))),ontable)]
	Feat 1151	(c=8)	weight 1.7355375295114:	Bool[And(Forall(on,Exists(Star(on),Nominal(a))),Nominal(b))]
	Feat 1159	(c=8)	weight -0.94459365849952:	Num[Or(Forall(Star(on),Or(Nominal(a),Nominal(b))),clear)]
	Feat 1290	(c=8)	weight 0.93453534786146:	Num[Or(Exists(on,Exists(on,ontable)),Not(Nominal(b)))]
	Feat 1422	(c=8)	weight 2.4106621237434:	Bool[And(Forall(on,Or(Not(Nominal(b)),ontable)),Nominal(a))]
	Feat 1454	(c=8)	weight -0.63638663959743:	Num[Or(Exists(on,And(Not(Nominal(a)),ontable)),holding)]
	Feat 1770	(c=8)	weight -0.96373097384434:	Num[Exists(on,Forall(on,Not(And(ontable,Nominal(b)))))]
	Feat 1843	(c=8)	weight 0.85095122403557:	Num[Or(And(Not(Nominal(b)),Forall(on,Nominal(b))),clear)]
	Feat 1866	(c=8)	weight 0.44620614561205:	Num[Not(And(Exists(on,Exists(on,Nominal(b))),clear))]
	Feat 2314	(c=8)	weight 1.6668044566634:	Num[Or(Or(Nominal(a),Nominal(b)),Exists(Inverse(on),clear))]
	Feat 2372	(c=8)	weight 0.86796764944411:	Num[Or(And(holding,Nominal(a)),Exists(Star(on),Nominal(a)))]
	Feat 2476	(c=8)	weight 1.1769075935348:	Num[Or(And(Not(clear),Nominal(b)),Exists(on,Nominal(a)))]
	Feat 2559	(c=8)	weight -0.32183298285456:	Num[And(Or(Not(Nominal(a)),ontable),Forall(on,ontable))]
	Feat 2677	(c=8)	weight 8.6002070132132:	Bool[And(Or(Not(Nominal(a)),clear),Exists(on,Nominal(b)))]
	Feat 2746	(c=8)	weight 0.40968350437705:	Bool[And(Forall(on,Not(Nominal(a))),And(clear,Nominal(b)))]
	Feat 3624	(c=8)	weight 0.11947471420651:	Bool[holding] Num[Or(Exists(Inverse(on),clear),Nominal(b))]
	Feat 3642	(c=8)	weight 0.19224660524153:	Bool[holding] Num[Forall(on,Not(Or(ontable,Nominal(b))))]
	Feat 3890	(c=7)	weight -3.0454419678566:	Bool[And(clear,Nominal(b))] Bool[And(holding,Nominal(a))]
	Feat 4105	(c=8)	weight 0.039894480705551:	Bool[And(holding,Nominal(b))] Num[Forall(Star(on),Nominal(a))]
	Feat 4179	(c=8)	weight 1.065881511458:	Bool[And(ontable,Nominal(a))] Bool[And(Forall(on,<empty>),Nominal(a))]
	Feat 4338	(c=6)	weight 0.12107212123225:	Bool[Exists(on,Nominal(a))] Num[Forall(on,<empty>)]
	Feat 4462	(c=8)	weight -0.053751817191216:	Bool[And(Forall(on,<empty>),Nominal(b))] Num[Or(holding,Nominal(a))]
	Feat 4484	(c=8)	weight 0.11566717037923:	Bool[And(Not(clear),Nominal(a))] Num[Or(ontable,Nominal(b))]
	Feat 4549	(c=8)	weight -0.0018310417559186:	Bool[And(Not(ontable),Nominal(b))] Num[Or(clear,Nominal(a))]
	Feat 4653	(c=8)	weight 0.038685748273424:	Bool[And(Forall(on,ontable),Nominal(a))] Num[Exists(on,<universe>)]
	Feat 4696	(c=8)	weight -0.11933583135401:	Bool[And(Forall(Star(on),Nominal(a)),Nominal(b))] Num[clear]
Score -8.122609282800784
Lambda=0.003610470655848796
	Feat 17	(c=3)	weight -0.064609468672934:	Num[Or(ontable,Nominal(b))]
	Feat 22	(c=3)	weight -5.7316722516291:	Bool[Exists(on,Nominal(b))]
	Feat 49	(c=4)	weight 0.042318777790173:	Num[Not(Or(ontable,Nominal(b)))]
	Feat 204	(c=6)	weight -0.0069007947228199:	Num[Or(Not(Nominal(a)),Forall(on,ontable))]
	Feat 334	(c=6)	weight 0.88005961691752:	Num[Or(Not(clear),Exists(on,Nominal(a)))]
	Feat 347	(c=6)	weight 0.1235436116532:	Bool[And(Forall(on,<empty>),And(clear,Nominal(b)))]
	Feat 457	(c=7)	weight -0.0038201739266619:	Num[Forall(on,Or(Forall(on,Nominal(a)),Nominal(a)))]
	Feat 473	(c=7)	weight -1.7680201334837:	Bool[And(Forall(on,Exists(on,Nominal(a))),Nominal(b))]
	Feat 485	(c=7)	weight 0.48559995459409:	Num[Or(Exists(on,Exists(on,ontable)),Nominal(b))]
	Feat 569	(c=7)	weight -0.35771293550645:	Num[Exists(Star(on),And(Not(Nominal(b)),ontable))]
	Feat 689	(c=7)	weight -0.8931361831759:	Num[Or(Forall(on,Or(ontable,Nominal(b))),Nominal(b))]
	Feat 769	(c=7)	weight -0.22415258168653:	Num[Or(And(Or(clear,ontable),Nominal(a)),holding)]
	Feat 918	(c=7)	weight -0.005177534691387:	Num[And(Exists(on,ontable),Or(clear,Nominal(b)))]
	Feat 1132	(c=8)	weight 0.5973342476173:	Num[And(Forall(Inverse(on),Or(clear,Nominal(b))),ontable)]
	Feat 1145	(c=8)	weight -0.45579441554549:	Num[Or(Forall(Inverse(Star(on)),Not(Nominal(a))),ontable)]
	Feat 1151	(c=8)	weight 1.7750948950678:	Bool[And(Forall(on,Exists(Star(on),Nominal(a))),Nominal(b))]
	Feat 1159	(c=8)	weight -0.99818654158842:	Num[Or(Forall(Star(on),Or(Nominal(a),Nominal(b))),clear)]
	Feat 1290	(c=8)	weight 1.134090684551:	Num[Or(Exists(on,Exists(on,ontable)),Not(Nominal(b)))]
	Feat 1322	(c=8)	weight 0.00045658777821369:	Num[Or(And(Forall(on,Nominal(a)),Nominal(b)),Not(clear))]
	Feat 1422	(c=8)	weight 2.3553424330655:	Bool[And(Forall(on,Or(Not(Nominal(b)),ontable)),Nominal(a))]
	Feat 1454	(c=8)	weight -0.71636611609412:	Num[Or(Exists(on,And(Not(Nominal(a)),ontable)),holding)]
	Feat 1604	(c=8)	weight 0.012270082301232:	Num[Or(Forall(on,Forall(on,Not(Nominal(a)))),clear)]
	Feat 1770	(c=8)	weight -1.0590180448181:	Num[Exists(on,Forall(on,Not(And(ontable,Nominal(b)))))]
	Feat 1843	(c=8)	weight 0.80994085069286:	Num[Or(And(Not(Nominal(b)),Forall(on,Nominal(b))),clear)]
	Feat 1866	(c=8)	weight 0.49169184683608:	Num[Not(And(Exists(on,Exists(on,Nominal(b))),clear))]
	Feat 2314	(c=8)	weight 1.7830290369613:	Num[Or(Or(Nominal(a),Nominal(b)),Exists(Inverse(on),clear))]
	Feat 2372	(c=8)	weight 0.89169628758784:	Num[Or(And(holding,Nominal(a)),Exists(Star(on),Nominal(a)))]
	Feat 2476	(c=8)	weight 1.1523653301068:	Num[Or(And(Not(clear),Nominal(b)),Exists(on,Nominal(a)))]
	Feat 2559	(c=8)	weight -0.31241803435967:	Num[And(Or(Not(Nominal(a)),ontable),Forall(on,ontable))]
	Feat 2677	(c=8)	weight 8.7044190553294:	Bool[And(Or(Not(Nominal(a)),clear),Exists(on,Nominal(b)))]
	Feat 2746	(c=8)	weight 0.37392768147266:	Bool[And(Forall(on,Not(Nominal(a))),And(clear,Nominal(b)))]
	Feat 3187	(c=8)	weight -3.7521708534306e-05:	Atom[handempty] Num[Or(Not(ontable),Or(clear,Nominal(a)))]
	Feat 3468	(c=6)	weight 4.4198762523614e-06:	Bool[holding] Num[Not(Or(holding,Nominal(b)))]
	Feat 3618	(c=8)	weight 7.7006201405176e-05:	Bool[holding] Num[Or(Not(Nominal(b)),Or(clear,ontable))]
	Feat 3624	(c=8)	weight 0.13259751257964:	Bool[holding] Num[Or(Exists(Inverse(on),clear),Nominal(b))]
	Feat 3642	(c=8)	weight 0.22347321568393:	Bool[holding] Num[Forall(on,Not(Or(ontable,Nominal(b))))]
	Feat 3701	(c=8)	weight 0.011305001620093:	Bool[holding] Bool[Exists(on,And(Not(ontable),Nominal(b)))]
	Feat 3890	(c=7)	weight -3.0764877615555:	Bool[And(clear,Nominal(b))] Bool[And(holding,Nominal(a))]
	Feat 3991	(c=8)	weight -0.19121392519831:	Bool[And(holding,Nominal(a))] Bool[And(Not(holding),Nominal(b))]
	Feat 4105	(c=8)	weight 0.09451460756472:	Bool[And(holding,Nominal(b))] Num[Forall(Star(on),Nominal(a))]
	Feat 4179	(c=8)	weight 1.1087066269399:	Bool[And(ontable,Nominal(a))] Bool[And(Forall(on,<empty>),Nominal(a))]
	Feat 4325	(c=8)	weight -0.089417452220509:	Bool[Exists(on,Nominal(b))] Bool[Exists(Inverse(on),Nominal(b))]
	Feat 4338	(c=6)	weight 0.098122295477936:	Bool[Exists(on,Nominal(a))] Num[Forall(on,<empty>)]
	Feat 4462	(c=8)	weight -0.10329983159947:	Bool[And(Forall(on,<empty>),Nominal(b))] Num[Or(holding,Nominal(a))]
	Feat 4484	(c=8)	weight 0.14000961487675:	Bool[And(Not(clear),Nominal(a))] Num[Or(ontable,Nominal(b))]
	Feat 4549	(c=8)	weight -0.05345475556919:	Bool[And(Not(ontable),Nominal(b))] Num[Or(clear,Nominal(a))]
	Feat 4653	(c=8)	weight 0.057120579955568:	Bool[And(Forall(on,ontable),Nominal(a))] Num[Exists(on,<universe>)]
	Feat 4696	(c=8)	weight -0.15174209928686:	Bool[And(Forall(Star(on),Nominal(a)),Nominal(b))] Num[clear]
Score -11.72234090410347
Lambda=0.0022235018945108644
	Feat 22	(c=3)	weight -5.6985782698093:	Bool[Exists(on,Nominal(b))]
	Feat 49	(c=4)	weight 0.29233079236918:	Num[Not(Or(ontable,Nominal(b)))]
	Feat 204	(c=6)	weight -0.21440607719307:	Num[Or(Not(Nominal(a)),Forall(on,ontable))]
	Feat 334	(c=6)	weight 0.89009889981429:	Num[Or(Not(clear),Exists(on,Nominal(a)))]
	Feat 347	(c=6)	weight 0.26191752970999:	Bool[And(Forall(on,<empty>),And(clear,Nominal(b)))]
	Feat 457	(c=7)	weight -0.14753277966847:	Num[Forall(on,Or(Forall(on,Nominal(a)),Nominal(a)))]
	Feat 473	(c=7)	weight -1.790051424656:	Bool[And(Forall(on,Exists(on,Nominal(a))),Nominal(b))]
	Feat 485	(c=7)	weight 0.67172123741571:	Num[Or(Exists(on,Exists(on,ontable)),Nominal(b))]
	Feat 569	(c=7)	weight -0.34341543721839:	Num[Exists(Star(on),And(Not(Nominal(b)),ontable))]
	Feat 689	(c=7)	weight -0.69470547161257:	Num[Or(Forall(on,Or(ontable,Nominal(b))),Nominal(b))]
	Feat 769	(c=7)	weight -0.48236838214972:	Num[Or(And(Or(clear,ontable),Nominal(a)),holding)]
	Feat 918	(c=7)	weight -0.054537786556403:	Num[And(Exists(on,ontable),Or(clear,Nominal(b)))]
	Feat 1132	(c=8)	weight 0.84316392490397:	Num[And(Forall(Inverse(on),Or(clear,Nominal(b))),ontable)]
	Feat 1145	(c=8)	weight -0.49100997569852:	Num[Or(Forall(Inverse(Star(on)),Not(Nominal(a))),ontable)]
	Feat 1151	(c=8)	weight 1.7039708350405:	Bool[And(Forall(on,Exists(Star(on),Nominal(a))),Nominal(b))]
	Feat 1159	(c=8)	weight -1.026179324452:	Num[Or(Forall(Star(on),Or(Nominal(a),Nominal(b))),clear)]
	Feat 1290	(c=8)	weight 1.2897397314351:	Num[Or(Exists(on,Exists(on,ontable)),Not(Nominal(b)))]
	Feat 1322	(c=8)	weight 0.0030474091047325:	Num[Or(And(Forall(on,Nominal(a)),Nominal(b)),Not(clear))]
	Feat 1422	(c=8)	weight 2.349181620999:	Bool[And(Forall(on,Or(Not(Nominal(b)),ontable)),Nominal(a))]
	Feat 1454	(c=8)	weight -0.74367050071406:	Num[Or(Exists(on,And(Not(Nominal(a)),ontable)),holding)]
	Feat 1604	(c=8)	weight 0.022487530944317:	Num[Or(Forall(on,Forall(on,Not(Nominal(a)))),clear)]
	Feat 1770	(c=8)	weight -1.1300471038477:	Num[Exists(on,Forall(on,Not(And(ontable,Nominal(b)))))]
	Feat 1843	(c=8)	weight 0.70064820714181:	Num[Or(And(Not(Nominal(b)),Forall(on,Nominal(b))),clear)]
	Feat 1866	(c=8)	weight 0.53629313623503:	Num[Not(And(Exists(on,Exists(on,Nominal(b))),clear))]
	Feat 2314	(c=8)	weight 1.9545169126462:	Num[Or(Or(Nominal(a),Nominal(b)),Exists(Inverse(on),clear))]
	Feat 2372	(c=8)	weight 0.92502466670251:	Num[Or(And(holding,Nominal(a)),Exists(Star(on),Nominal(a)))]
	Feat 2430	(c=8)	weight 0.061413295521661:	Num[Or(And(Forall(on,<empty>),Nominal(b)),And(clear,Nominal(a)))]
	Feat 2476	(c=8)	weight 1.2143090640096:	Num[Or(And(Not(clear),Nominal(b)),Exists(on,Nominal(a)))]
	Feat 2559	(c=8)	weight -0.29375652302141:	Num[And(Or(Not(Nominal(a)),ontable),Forall(on,ontable))]
	Feat 2677	(c=8)	weight 8.7695147968558:	Bool[And(Or(Not(Nominal(a)),clear),Exists(on,Nominal(b)))]
	Feat 2746	(c=8)	weight 0.39968315979868:	Bool[And(Forall(on,Not(Nominal(a))),And(clear,Nominal(b)))]
	Feat 3187	(c=8)	weight -0.029486411779243:	Atom[handempty] Num[Or(Not(ontable),Or(clear,Nominal(a)))]
	Feat 3468	(c=6)	weight 0.0047479601950496:	Bool[holding] Num[Not(Or(holding,Nominal(b)))]
	Feat 3618	(c=8)	weight 0.0074556077467641:	Bool[holding] Num[Or(Not(Nominal(b)),Or(clear,ontable))]
	Feat 3624	(c=8)	weight 0.1574064895549:	Bool[holding] Num[Or(Exists(Inverse(on),clear),Nominal(b))]
	Feat 3642	(c=8)	weight 0.24160702873086:	Bool[holding] Num[Forall(on,Not(Or(ontable,Nominal(b))))]
	Feat 3701	(c=8)	weight 0.019020592915819:	Bool[holding] Bool[Exists(on,And(Not(ontable),Nominal(b)))]
	Feat 3890	(c=7)	weight -3.1029687154376:	Bool[And(clear,Nominal(b))] Bool[And(holding,Nominal(a))]
	Feat 3991	(c=8)	weight -0.49683245040012:	Bool[And(holding,Nominal(a))] Bool[And(Not(holding),Nominal(b))]
	Feat 4105	(c=8)	weight 0.12321616147224:	Bool[And(holding,Nominal(b))] Num[Forall(Star(on),Nominal(a))]
	Feat 4179	(c=8)	weight 1.1714581758603:	Bool[And(ontable,Nominal(a))] Bool[And(Forall(on,<empty>),Nominal(a))]
	Feat 4325	(c=8)	weight -0.30704283808545:	Bool[Exists(on,Nominal(b))] Bool[Exists(Inverse(on),Nominal(b))]
	Feat 4338	(c=6)	weight 0.082825677735087:	Bool[Exists(on,Nominal(a))] Num[Forall(on,<empty>)]
	Feat 4462	(c=8)	weight -0.16818012510365:	Bool[And(Forall(on,<empty>),Nominal(b))] Num[Or(holding,Nominal(a))]
	Feat 4484	(c=8)	weight 0.17164004186496:	Bool[And(Not(clear),Nominal(a))] Num[Or(ontable,Nominal(b))]
	Feat 4549	(c=8)	weight -0.034218359904017:	Bool[And(Not(ontable),Nominal(b))] Num[Or(clear,Nominal(a))]
	Feat 4653	(c=8)	weight 0.11521245627085:	Bool[And(Forall(on,ontable),Nominal(a))] Num[Exists(on,<universe>)]
	Feat 4679	(c=8)	weight 0.014535904737339:	Bool[Exists(on,And(ontable,Nominal(b)))] Num[Forall(on,<empty>)]
	Feat 4696	(c=8)	weight -0.15434559035802:	Bool[And(Forall(Star(on),Nominal(a)),Nominal(b))] Num[clear]
Score -15.150709759416848
Lambda=0.001369339664036436
	Feat 22	(c=3)	weight -5.7777939246924:	Bool[Exists(on,Nominal(b))]
	Feat 49	(c=4)	weight 0.39856063502765:	Num[Not(Or(ontable,Nominal(b)))]
	Feat 204	(c=6)	weight -0.34542524816084:	Num[Or(Not(Nominal(a)),Forall(on,ontable))]
	Feat 334	(c=6)	weight 0.87912766191888:	Num[Or(Not(clear),Exists(on,Nominal(a)))]
	Feat 347	(c=6)	weight 0.29168756345873:	Bool[And(Forall(on,<empty>),And(clear,Nominal(b)))]
	Feat 457	(c=7)	weight -0.21822997690031:	Num[Forall(on,Or(Forall(on,Nominal(a)),Nominal(a)))]
	Feat 473	(c=7)	weight -1.8081830398813:	Bool[And(Forall(on,Exists(on,Nominal(a))),Nominal(b))]
	Feat 485	(c=7)	weight 0.77183474730484:	Num[Or(Exists(on,Exists(on,ontable)),Nominal(b))]
	Feat 569	(c=7)	weight -0.34360755038084:	Num[Exists(Star(on),And(Not(Nominal(b)),ontable))]
	Feat 689	(c=7)	weight -0.59934503172963:	Num[Or(Forall(on,Or(ontable,Nominal(b))),Nominal(b))]
	Feat 769	(c=7)	weight -0.631130900993:	Num[Or(And(Or(clear,ontable),Nominal(a)),holding)]
	Feat 918	(c=7)	weight -0.077204014946432:	Num[And(Exists(on,ontable),Or(clear,Nominal(b)))]
	Feat 1132	(c=8)	weight 0.96319925995947:	Num[And(Forall(Inverse(on),Or(clear,Nominal(b))),ontable)]
	Feat 1145	(c=8)	weight -0.50842731250178:	Num[Or(Forall(Inverse(Star(on)),Not(Nominal(a))),ontable)]
	Feat 1151	(c=8)	weight 1.6741604575626:	Bool[And(Forall(on,Exists(Star(on),Nominal(a))),Nominal(b))]
	Feat 1159	(c=8)	weight -1.0360045029973:	Num[Or(Forall(Star(on),Or(Nominal(a),Nominal(b))),clear)]
	Feat 1210	(c=8)	weight -0.00016531049737987:	Num[And(Forall(on,Exists(on,Nominal(a))),Not(Nominal(a)))]
	Feat 1290	(c=8)	weight 1.3776544101166:	Num[Or(Exists(on,Exists(on,ontable)),Not(Nominal(b)))]
	Feat 1322	(c=8)	weight 0.0071053582969259:	Num[Or(And(Forall(on,Nominal(a)),Nominal(b)),Not(clear))]
	Feat 1422	(c=8)	weight 2.3402897253934:	Bool[And(Forall(on,Or(Not(Nominal(b)),ontable)),Nominal(a))]
	Feat 1450	(c=8)	weight 0.0037841779499643:	Bool[And(Exists(on,And(Not(Nominal(a)),ontable)),Nominal(b))]
	Feat 1454	(c=8)	weight -0.76531828635613:	Num[Or(Exists(on,And(Not(Nominal(a)),ontable)),holding)]
	Feat 1604	(c=8)	weight 0.034157816047828:	Num[Or(Forall(on,Forall(on,Not(Nominal(a)))),clear)]
	Feat 1770	(c=8)	weight -1.1417075548067:	Num[Exists(on,Forall(on,Not(And(ontable,Nominal(b)))))]
	Feat 1843	(c=8)	weight 0.67680571438998:	Num[Or(And(Not(Nominal(b)),Forall(on,Nominal(b))),clear)]
	Feat 1866	(c=8)	weight 0.55933997611104:	Num[Not(And(Exists(on,Exists(on,Nominal(b))),clear))]
	Feat 2314	(c=8)	weight 2.0197405727796:	Num[Or(Or(Nominal(a),Nominal(b)),Exists(Inverse(on),clear))]
	Feat 2372	(c=8)	weight 0.94614341565074:	Num[Or(And(holding,Nominal(a)),Exists(Star(on),Nominal(a)))]
	Feat 2430	(c=8)	weight 0.15843733472864:	Num[Or(And(Forall(on,<empty>),Nominal(b)),And(clear,Nominal(a)))]
	Feat 2476	(c=8)	weight 1.2504576826467:	Num[Or(And(Not(clear),Nominal(b)),Exists(on,Nominal(a)))]
	Feat 2559	(c=8)	weight -0.29851571142542:	Num[And(Or(Not(Nominal(a)),ontable),Forall(on,ontable))]
	Feat 2677	(c=8)	weight 8.813508617525:	Bool[And(Or(Not(Nominal(a)),clear),Exists(on,Nominal(b)))]
	Feat 2746	(c=8)	weight 0.41365601707378:	Bool[And(Forall(on,Not(Nominal(a))),And(clear,Nominal(b)))]
	Feat 3156	(c=7)	weight -0.0061814607407726:	Atom[handempty] Num[Forall(on,Exists(on,ontable))]
	Feat 3187	(c=8)	weight -0.054346294739271:	Atom[handempty] Num[Or(Not(ontable),Or(clear,Nominal(a)))]
	Feat 3468	(c=6)	weight 0.013672327400593:	Bool[holding] Num[Not(Or(holding,Nominal(b)))]
	Feat 3618	(c=8)	weight 0.012490115297385:	Bool[holding] Num[Or(Not(Nominal(b)),Or(clear,ontable))]
	Feat 3624	(c=8)	weight 0.1656915003874:	Bool[holding] Num[Or(Exists(Inverse(on),clear),Nominal(b))]
	Feat 3642	(c=8)	weight 0.23626245927507:	Bool[holding] Num[Forall(on,Not(Or(ontable,Nominal(b))))]
	Feat 3701	(c=8)	weight 0.01025990459916:	Bool[holding] Bool[Exists(on,And(Not(ontable),Nominal(b)))]
	Feat 3890	(c=7)	weight -3.114770573899:	Bool[And(clear,Nominal(b))] Bool[And(holding,Nominal(a))]
	Feat 3991	(c=8)	weight -0.6460855044075:	Bool[And(holding,Nominal(a))] Bool[And(Not(holding),Nominal(b))]
	Feat 4105	(c=8)	weight 0.13523271917326:	Bool[And(holding,Nominal(b))] Num[Forall(Star(on),Nominal(a))]
	Feat 4179	(c=8)	weight 1.2261042263354:	Bool[And(ontable,Nominal(a))] Bool[And(Forall(on,<empty>),Nominal(a))]
	Feat 4325	(c=8)	weight -0.35637862457136:	Bool[Exists(on,Nominal(b))] Bool[Exists(Inverse(on),Nominal(b))]
	Feat 4338	(c=6)	weight 0.075877648409889:	Bool[Exists(on,Nominal(a))] Num[Forall(on,<empty>)]
	Feat 4462	(c=8)	weight -0.21619442056315:	Bool[And(Forall(on,<empty>),Nominal(b))] Num[Or(holding,Nominal(a))]
	Feat 4484	(c=8)	weight 0.19813239184272:	Bool[And(Not(clear),Nominal(a))] Num[Or(ontable,Nominal(b))]
	Feat 4549	(c=8)	weight -0.023070343566434:	Bool[And(Not(ontable),Nominal(b))] Num[Or(clear,Nominal(a))]
	Feat 4653	(c=8)	weight 0.14736236688758:	Bool[And(Forall(on,ontable),Nominal(a))] Num[Exists(on,<universe>)]
	Feat 4679	(c=8)	weight 0.034657444464348:	Bool[Exists(on,And(ontable,Nominal(b)))] Num[Forall(on,<empty>)]
	Feat 4696	(c=8)	weight -0.15761841197121:	Bool[And(Forall(Star(on),Nominal(a)),Nominal(b))] Num[clear]
Score -16.487765219395087
Lambda=0.0008433053824385929
	Feat 22	(c=3)	weight -5.8696860353125:	Bool[Exists(on,Nominal(b))]
	Feat 49	(c=4)	weight 0.5405778497736:	Num[Not(Or(ontable,Nominal(b)))]
	Feat 204	(c=6)	weight -0.47309378915774:	Num[Or(Not(Nominal(a)),Forall(on,ontable))]
	Feat 334	(c=6)	weight 0.8989072195876:	Num[Or(Not(clear),Exists(on,Nominal(a)))]
	Feat 347	(c=6)	weight 0.20484564806302:	Bool[And(Forall(on,<empty>),And(clear,Nominal(b)))]
	Feat 457	(c=7)	weight -0.29580685731993:	Num[Forall(on,Or(Forall(on,Nominal(a)),Nominal(a)))]
	Feat 473	(c=7)	weight -1.8111306563921:	Bool[And(Forall(on,Exists(on,Nominal(a))),Nominal(b))]
	Feat 485	(c=7)	weight 0.8456005773752:	Num[Or(Exists(on,Exists(on,ontable)),Nominal(b))]
	Feat 569	(c=7)	weight -0.34451359630666:	Num[Exists(Star(on),And(Not(Nominal(b)),ontable))]
	Feat 689	(c=7)	weight -0.41539929971761:	Num[Or(Forall(on,Or(ontable,Nominal(b))),Nominal(b))]
	Feat 769	(c=7)	weight -0.83345165680802:	Num[Or(And(Or(clear,ontable),Nominal(a)),holding)]
	Feat 918	(c=7)	weight -0.15105952348571:	Num[And(Exists(on,ontable),Or(clear,Nominal(b)))]
	Feat 1132	(c=8)	weight 1.1165985465992:	Num[And(Forall(Inverse(on),Or(clear,Nominal(b))),ontable)]
	Feat 1145	(c=8)	weight -0.51864460244529:	Num[Or(Forall(Inverse(Star(on)),Not(Nominal(a))),ontable)]
	Feat 1151	(c=8)	weight 1.6334218627494:	Bool[And(Forall(on,Exists(Star(on),Nominal(a))),Nominal(b))]
	Feat 1159	(c=8)	weight -1.0171428908574:	Num[Or(Forall(Star(on),Or(Nominal(a),Nominal(b))),clear)]
	Feat 1210	(c=8)	weight -0.00041013041109685:	Num[And(Forall(on,Exists(on,Nominal(a))),Not(Nominal(a)))]
	Feat 1290	(c=8)	weight 1.4431564913799:	Num[Or(Exists(on,Exists(on,ontable)),Not(Nominal(b)))]
	Feat 1322	(c=8)	weight 0.042432153041351:	Num[Or(And(Forall(on,Nominal(a)),Nominal(b)),Not(clear))]
	Feat 1422	(c=8)	weight 2.3298750043983:	Bool[And(Forall(on,Or(Not(Nominal(b)),ontable)),Nominal(a))]
	Feat 1450	(c=8)	weight 0.11886886932085:	Bool[And(Exists(on,And(Not(Nominal(a)),ontable)),Nominal(b))]
	Feat 1454	(c=8)	weight -0.8347099458229:	Num[Or(Exists(on,And(Not(Nominal(a)),ontable)),holding)]
	Feat 1604	(c=8)	weight 0.046800610765252:	Num[Or(Forall(on,Forall(on,Not(Nominal(a)))),clear)]
	Feat 1770	(c=8)	weight -1.1301017517119:	Num[Exists(on,Forall(on,Not(And(ontable,Nominal(b)))))]
	Feat 1843	(c=8)	weight 0.61205549882929:	Num[Or(And(Not(Nominal(b)),Forall(on,Nominal(b))),clear)]
	Feat 1866	(c=8)	weight 0.57112810685197:	Num[Not(And(Exists(on,Exists(on,Nominal(b))),clear))]
	Feat 2314	(c=8)	weight 2.1108170953672:	Num[Or(Or(Nominal(a),Nominal(b)),Exists(Inverse(on),clear))]
	Feat 2372	(c=8)	weight 0.96518435436052:	Num[Or(And(holding,Nominal(a)),Exists(Star(on),Nominal(a)))]
	Feat 2430	(c=8)	weight 0.30683938071549:	Num[Or(And(Forall(on,<empty>),Nominal(b)),And(clear,Nominal(a)))]
	Feat 2476	(c=8)	weight 1.2794659884325:	Num[Or(And(Not(clear),Nominal(b)),Exists(on,Nominal(a)))]
	Feat 2559	(c=8)	weight -0.31548007289183:	Num[And(Or(Not(Nominal(a)),ontable),Forall(on,ontable))]
	Feat 2677	(c=8)	weight 8.8555491353683:	Bool[And(Or(Not(Nominal(a)),clear),Exists(on,Nominal(b)))]
	Feat 2746	(c=8)	weight 0.45496690953424:	Bool[And(Forall(on,Not(Nominal(a))),And(clear,Nominal(b)))]
	Feat 3156	(c=7)	weight -0.0099516016008094:	Atom[handempty] Num[Forall(on,Exists(on,ontable))]
	Feat 3187	(c=8)	weight -0.085352085390062:	Atom[handempty] Num[Or(Not(ontable),Or(clear,Nominal(a)))]
	Feat 3468	(c=6)	weight 0.046726322332726:	Bool[holding] Num[Not(Or(holding,Nominal(b)))]
	Feat 3618	(c=8)	weight 0.026934719026291:	Bool[holding] Num[Or(Not(Nominal(b)),Or(clear,ontable))]
	Feat 3624	(c=8)	weight 0.16149317670798:	Bool[holding] Num[Or(Exists(Inverse(on),clear),Nominal(b))]
	Feat 3642	(c=8)	weight 0.20489108824863:	Bool[holding] Num[Forall(on,Not(Or(ontable,Nominal(b))))]
	Feat 3701	(c=8)	weight -0.0087089209365989:	Bool[holding] Bool[Exists(on,And(Not(ontable),Nominal(b)))]
	Feat 3890	(c=7)	weight -3.1181364320829:	Bool[And(clear,Nominal(b))] Bool[And(holding,Nominal(a))]
	Feat 3991	(c=8)	weight -0.77002348565886:	Bool[And(holding,Nominal(a))] Bool[And(Not(holding),Nominal(b))]
	Feat 4105	(c=8)	weight 0.1206666788058:	Bool[And(holding,Nominal(b))] Num[Forall(Star(on),Nominal(a))]
	Feat 4179	(c=8)	weight 1.2872321083018:	Bool[And(ontable,Nominal(a))] Bool[And(Forall(on,<empty>),Nominal(a))]
	Feat 4325	(c=8)	weight -0.41953059225308:	Bool[Exists(on,Nominal(b))] Bool[Exists(Inverse(on),Nominal(b))]
	Feat 4338	(c=6)	weight 0.07912991544586:	Bool[Exists(on,Nominal(a))] Num[Forall(on,<empty>)]
	Feat 4462	(c=8)	weight -0.24156266028887:	Bool[And(Forall(on,<empty>),Nominal(b))] Num[Or(holding,Nominal(a))]
	Feat 4484	(c=8)	weight 0.21519516322758:	Bool[And(Not(clear),Nominal(a))] Num[Or(ontable,Nominal(b))]
	Feat 4653	(c=8)	weight 0.17389044791599:	Bool[And(Forall(on,ontable),Nominal(a))] Num[Exists(on,<universe>)]
	Feat 4679	(c=8)	weight 0.039928533591871:	Bool[Exists(on,And(ontable,Nominal(b)))] Num[Forall(on,<empty>)]
	Feat 4696	(c=8)	weight -0.12830587345632:	Bool[And(Forall(Star(on),Nominal(a)),Nominal(b))] Num[clear]
Score -19.511266613812086
Lambda=0.0005193481111571587
	Feat 22	(c=3)	weight -5.9113820281443:	Bool[Exists(on,Nominal(b))]
	Feat 25	(c=3)	weight -0.014814659358984:	Bool[Exists(on,Nominal(a))]
	Feat 49	(c=4)	weight 0.59532932402794:	Num[Not(Or(ontable,Nominal(b)))]
	Feat 204	(c=6)	weight -0.52982879409033:	Num[Or(Not(Nominal(a)),Forall(on,ontable))]
	Feat 334	(c=6)	weight 0.90908021412194:	Num[Or(Not(clear),Exists(on,Nominal(a)))]
	Feat 347	(c=6)	weight 0.16464787930986:	Bool[And(Forall(on,<empty>),And(clear,Nominal(b)))]
	Feat 457	(c=7)	weight -0.31789233026173:	Num[Forall(on,Or(Forall(on,Nominal(a)),Nominal(a)))]
	Feat 473	(c=7)	weight -1.8158194995214:	Bool[And(Forall(on,Exists(on,Nominal(a))),Nominal(b))]
	Feat 485	(c=7)	weight 0.88101006761207:	Num[Or(Exists(on,Exists(on,ontable)),Nominal(b))]
	Feat 569	(c=7)	weight -0.34555017974518:	Num[Exists(Star(on),And(Not(Nominal(b)),ontable))]
	Feat 689	(c=7)	weight -0.34486719084075:	Num[Or(Forall(on,Or(ontable,Nominal(b))),Nominal(b))]
	Feat 769	(c=7)	weight -0.91885949373878:	Num[Or(And(Or(clear,ontable),Nominal(a)),holding)]
	Feat 918	(c=7)	weight -0.17252383793568:	Num[And(Exists(on,ontable),Or(clear,Nominal(b)))]
	Feat 1132	(c=8)	weight 1.1746015710787:	Num[And(Forall(Inverse(on),Or(clear,Nominal(b))),ontable)]
	Feat 1145	(c=8)	weight -0.52325353859394:	Num[Or(Forall(Inverse(Star(on)),Not(Nominal(a))),ontable)]
	Feat 1151	(c=8)	weight 1.6228552491691:	Bool[And(Forall(on,Exists(Star(on),Nominal(a))),Nominal(b))]
	Feat 1159	(c=8)	weight -1.0110773825104:	Num[Or(Forall(Star(on),Or(Nominal(a),Nominal(b))),clear)]
	Feat 1210	(c=8)	weight -0.003140434352521:	Num[And(Forall(on,Exists(on,Nominal(a))),Not(Nominal(a)))]
	Feat 1290	(c=8)	weight 1.47707438426:	Num[Or(Exists(on,Exists(on,ontable)),Not(Nominal(b)))]
	Feat 1322	(c=8)	weight 0.057427409091502:	Num[Or(And(Forall(on,Nominal(a)),Nominal(b)),Not(clear))]
	Feat 1422	(c=8)	weight 2.3224510815512:	Bool[And(Forall(on,Or(Not(Nominal(b)),ontable)),Nominal(a))]
	Feat 1450	(c=8)	weight 0.16172820520526:	Bool[And(Exists(on,And(Not(Nominal(a)),ontable)),Nominal(b))]
	Feat 1454	(c=8)	weight -0.87500934296047:	Num[Or(Exists(on,And(Not(Nominal(a)),ontable)),holding)]
	Feat 1604	(c=8)	weight 0.05207701333339:	Num[Or(Forall(on,Forall(on,Not(Nominal(a)))),clear)]
	Feat 1707	(c=8)	weight -0.00023863495585597:	Num[Or(Exists(on,Exists(on,Exists(on,<universe>))),Nominal(b))]
	Feat 1770	(c=8)	weight -1.1269775598026:	Num[Exists(on,Forall(on,Not(And(ontable,Nominal(b)))))]
	Feat 1843	(c=8)	weight 0.59377447221816:	Num[Or(And(Not(Nominal(b)),Forall(on,Nominal(b))),clear)]
	Feat 1866	(c=8)	weight 0.57694112242356:	Num[Not(And(Exists(on,Exists(on,Nominal(b))),clear))]
	Feat 2314	(c=8)	weight 2.1430555223925:	Num[Or(Or(Nominal(a),Nominal(b)),Exists(Inverse(on),clear))]
	Feat 2372	(c=8)	weight 0.97246246876079:	Num[Or(And(holding,Nominal(a)),Exists(Star(on),Nominal(a)))]
	Feat 2430	(c=8)	weight 0.36731780295356:	Num[Or(And(Forall(on,<empty>),Nominal(b)),And(clear,Nominal(a)))]
	Feat 2476	(c=8)	weight 1.2869906766286:	Num[Or(And(Not(clear),Nominal(b)),Exists(on,Nominal(a)))]
	Feat 2559	(c=8)	weight -0.32393222687467:	Num[And(Or(Not(Nominal(a)),ontable),Forall(on,ontable))]
	Feat 2677	(c=8)	weight 8.8764998624236:	Bool[And(Or(Not(Nominal(a)),clear),Exists(on,Nominal(b)))]
	Feat 2746	(c=8)	weight 0.46999179096222:	Bool[And(Forall(on,Not(Nominal(a))),And(clear,Nominal(b)))]
	Feat 3156	(c=7)	weight -0.012862784599154:	Atom[handempty] Num[Forall(on,Exists(on,ontable))]
	Feat 3187	(c=8)	weight -0.096968618381446:	Atom[handempty] Num[Or(Not(ontable),Or(clear,Nominal(a)))]
	Feat 3468	(c=6)	weight 0.063041127219942:	Bool[holding] Num[Not(Or(holding,Nominal(b)))]
	Feat 3618	(c=8)	weight 0.033333716499465:	Bool[holding] Num[Or(Not(Nominal(b)),Or(clear,ontable))]
	Feat 3624	(c=8)	weight 0.15696826824583:	Bool[holding] Num[Or(Exists(Inverse(on),clear),Nominal(b))]
	Feat 3642	(c=8)	weight 0.19272381574282:	Bool[holding] Num[Forall(on,Not(Or(ontable,Nominal(b))))]
	Feat 3701	(c=8)	weight -0.026193837331924:	Bool[holding] Bool[Exists(on,And(Not(ontable),Nominal(b)))]
	Feat 3890	(c=7)	weight -3.1243952110695:	Bool[And(clear,Nominal(b))] Bool[And(holding,Nominal(a))]
	Feat 3991	(c=8)	weight -0.83513526695876:	Bool[And(holding,Nominal(a))] Bool[And(Not(holding),Nominal(b))]
	Feat 4105	(c=8)	weight 0.1193375385879:	Bool[And(holding,Nominal(b))] Num[Forall(Star(on),Nominal(a))]
	Feat 4179	(c=8)	weight 1.311388695224:	Bool[And(ontable,Nominal(a))] Bool[And(Forall(on,<empty>),Nominal(a))]
	Feat 4325	(c=8)	weight -0.443155738164:	Bool[Exists(on,Nominal(b))] Bool[Exists(Inverse(on),Nominal(b))]
	Feat 4338	(c=6)	weight 0.077786810812593:	Bool[Exists(on,Nominal(a))] Num[Forall(on,<empty>)]
	Feat 4462	(c=8)	weight -0.25681768579449:	Bool[And(Forall(on,<empty>),Nominal(b))] Num[Or(holding,Nominal(a))]
	Feat 4484	(c=8)	weight 0.22589954784047:	Bool[And(Not(clear),Nominal(a))] Num[Or(ontable,Nominal(b))]
	Feat 4549	(c=8)	weight 0.0040084432194332:	Bool[And(Not(ontable),Nominal(b))] Num[Or(clear,Nominal(a))]
	Feat 4653	(c=8)	weight 0.18583070824054:	Bool[And(Forall(on,ontable),Nominal(a))] Num[Exists(on,<universe>)]
	Feat 4679	(c=8)	weight 0.042108514879864:	Bool[Exists(on,And(ontable,Nominal(b)))] Num[Forall(on,<empty>)]
	Feat 4696	(c=8)	weight -0.11958773361757:	Bool[And(Forall(Star(on),Nominal(a)),Nominal(b))] Num[clear]
Score -20.808586486763105
Lambda=0.00031983960517665595
	Feat 0	(c=1)	weight -8.5431280659492e-05:	Atom[handempty]
	Feat 22	(c=3)	weight -5.9219976196321:	Bool[Exists(on,Nominal(b))]
	Feat 25	(c=3)	weight -0.025713027186388:	Bool[Exists(on,Nominal(a))]
	Feat 49	(c=4)	weight 0.61085493016013:	Num[Not(Or(ontable,Nominal(b)))]
	Feat 204	(c=6)	weight -0.54393324601038:	Num[Or(Not(Nominal(a)),Forall(on,ontable))]
	Feat 334	(c=6)	weight 0.91296157057204:	Num[Or(Not(clear),Exists(on,Nominal(a)))]
	Feat 347	(c=6)	weight 0.16413746144603:	Bool[And(Forall(on,<empty>),And(clear,Nominal(b)))]
	Feat 457	(c=7)	weight -0.32224249343232:	Num[Forall(on,Or(Forall(on,Nominal(a)),Nominal(a)))]
	Feat 473	(c=7)	weight -1.8195889562295:	Bool[And(Forall(on,Exists(on,Nominal(a))),Nominal(b))]
	Feat 485	(c=7)	weight 0.8882120601932:	Num[Or(Exists(on,Exists(on,ontable)),Nominal(b))]
	Feat 569	(c=7)	weight -0.34606497220266:	Num[Exists(Star(on),And(Not(Nominal(b)),ontable))]
	Feat 689	(c=7)	weight -0.33083777947525:	Num[Or(Forall(on,Or(ontable,Nominal(b))),Nominal(b))]
	Feat 769	(c=7)	weight -0.93888978029067:	Num[Or(And(Or(clear,ontable),Nominal(a)),holding)]
	Feat 918	(c=7)	weight -0.17794214292099:	Num[And(Exists(on,ontable),Or(clear,Nominal(b)))]
	Feat 1132	(c=8)	weight 1.1889063916706:	Num[And(Forall(Inverse(on),Or(clear,Nominal(b))),ontable)]
	Feat 1145	(c=8)	weight -0.52508143574336:	Num[Or(Forall(Inverse(Star(on)),Not(Nominal(a))),ontable)]
	Feat 1151	(c=8)	weight 1.6217411681008:	Bool[And(Forall(on,Exists(Star(on),Nominal(a))),Nominal(b))]
	Feat 1159	(c=8)	weight -1.0110856828666:	Num[Or(Forall(Star(on),Or(Nominal(a),Nominal(b))),clear)]
	Feat 1210	(c=8)	weight -0.0050405005508846:	Num[And(Forall(on,Exists(on,Nominal(a))),Not(Nominal(a)))]
	Feat 1290	(c=8)	weight 1.4876264978839:	Num[Or(Exists(on,Exists(on,ontable)),Not(Nominal(b)))]
	Feat 1322	(c=8)	weight 0.06031338163805:	Num[Or(And(Forall(on,Nominal(a)),Nominal(b)),Not(clear))]
	Feat 1422	(c=8)	weight 2.3212369880688:	Bool[And(Forall(on,Or(Not(Nominal(b)),ontable)),Nominal(a))]
	Feat 1450	(c=8)	weight 0.17226802521982:	Bool[And(Exists(on,And(Not(Nominal(a)),ontable)),Nominal(b))]
	Feat 1454	(c=8)	weight -0.88530574829725:	Num[Or(Exists(on,And(Not(Nominal(a)),ontable)),holding)]
	Feat 1604	(c=8)	weight 0.054617876438566:	Num[Or(Forall(on,Forall(on,Not(Nominal(a)))),clear)]
	Feat 1707	(c=8)	weight -0.004190958014208:	Num[Or(Exists(on,Exists(on,Exists(on,<universe>))),Nominal(b))]
	Feat 1770	(c=8)	weight -1.12683292708:	Num[Exists(on,Forall(on,Not(And(ontable,Nominal(b)))))]
	Feat 1843	(c=8)	weight 0.59269733154844:	Num[Or(And(Not(Nominal(b)),Forall(on,Nominal(b))),clear)]
	Feat 1866	(c=8)	weight 0.58048005701591:	Num[Not(And(Exists(on,Exists(on,Nominal(b))),clear))]
	Feat 2314	(c=8)	weight 2.1507572051692:	Num[Or(Or(Nominal(a),Nominal(b)),Exists(Inverse(on),clear))]
	Feat 2372	(c=8)	weight 0.97593127374844:	Num[Or(And(holding,Nominal(a)),Exists(Star(on),Nominal(a)))]
	Feat 2430	(c=8)	weight 0.38278957554637:	Num[Or(And(Forall(on,<empty>),Nominal(b)),And(clear,Nominal(a)))]
	Feat 2476	(c=8)	weight 1.2908453650711:	Num[Or(And(Not(clear),Nominal(b)),Exists(on,Nominal(a)))]
	Feat 2559	(c=8)	weight -0.3274543255111:	Num[And(Or(Not(Nominal(a)),ontable),Forall(on,ontable))]
	Feat 2677	(c=8)	weight 8.8824396166044:	Bool[And(Or(Not(Nominal(a)),clear),Exists(on,Nominal(b)))]
	Feat 2746	(c=8)	weight 0.47423073719932:	Bool[And(Forall(on,Not(Nominal(a))),And(clear,Nominal(b)))]
	Feat 3156	(c=7)	weight -0.014719692991531:	Atom[handempty] Num[Forall(on,Exists(on,ontable))]
	Feat 3187	(c=8)	weight -0.099560734397702:	Atom[handempty] Num[Or(Not(ontable),Or(clear,Nominal(a)))]
	Feat 3468	(c=6)	weight 0.066653767553511:	Bool[holding] Num[Not(Or(holding,Nominal(b)))]
	Feat 3606	(c=8)	weight -6.7196882302524e-05:	Bool[holding] Num[Or(And(Forall(on,<empty>),Nominal(b)),clear)]
	Feat 3618	(c=8)	weight 0.034541987835087:	Bool[holding] Num[Or(Not(Nominal(b)),Or(clear,ontable))]
	Feat 3624	(c=8)	weight 0.15539813794287:	Bool[holding] Num[Or(Exists(Inverse(on),clear),Nominal(b))]
	Feat 3642	(c=8)	weight 0.19008337015497:	Bool[holding] Num[Forall(on,Not(Or(ontable,Nominal(b))))]
	Feat 3701	(c=8)	weight -0.031260311426787:	Bool[holding] Bool[Exists(on,And(Not(ontable),Nominal(b)))]
	Feat 3890	(c=7)	weight -3.126736703555:	Bool[And(clear,Nominal(b))] Bool[And(holding,Nominal(a))]
	Feat 3991	(c=8)	weight -0.85522310154139:	Bool[And(holding,Nominal(a))] Bool[And(Not(holding),Nominal(b))]
	Feat 4105	(c=8)	weight 0.12064261522124:	Bool[And(holding,Nominal(b))] Num[Forall(Star(on),Nominal(a))]
	Feat 4165	(c=8)	weight -0.00046960849173024:	Bool[And(ontable,Nominal(a))] Num[Not(Or(holding,Nominal(b)))]
	Feat 4179	(c=8)	weight 1.3199147648207:	Bool[And(ontable,Nominal(a))] Bool[And(Forall(on,<empty>),Nominal(a))]
	Feat 4265	(c=6)	weight 0.00086265866541685:	Bool[Exists(on,Nominal(b))] Num[Forall(on,<empty>)]
	Feat 4325	(c=8)	weight -0.45002065604877:	Bool[Exists(on,Nominal(b))] Bool[Exists(Inverse(on),Nominal(b))]
	Feat 4338	(c=6)	weight 0.077922773572421:	Bool[Exists(on,Nominal(a))] Num[Forall(on,<empty>)]
	Feat 4462	(c=8)	weight -0.26275529875532:	Bool[And(Forall(on,<empty>),Nominal(b))] Num[Or(holding,Nominal(a))]
	Feat 4484	(c=8)	weight 0.22869651966103:	Bool[And(Not(clear),Nominal(a))] Num[Or(ontable,Nominal(b))]
	Feat 4549	(c=8)	weight 0.0070721247804108:	Bool[And(Not(ontable),Nominal(b))] Num[Or(clear,Nominal(a))]
	Feat 4653	(c=8)	weight 0.18866834983063:	Bool[And(Forall(on,ontable),Nominal(a))] Num[Exists(on,<universe>)]
	Feat 4679	(c=8)	weight 0.044353762061187:	Bool[Exists(on,And(ontable,Nominal(b)))] Num[Forall(on,<empty>)]
	Feat 4696	(c=8)	weight -0.11723529158323:	Bool[And(Forall(Star(on),Nominal(a)),Nominal(b))] Num[clear]
Score -21.18140077130743
Lambda=0.00019697264867610777
	Feat 0	(c=1)	weight -0.012233810654079:	Atom[handempty]
	Feat 17	(c=3)	weight 0.00019801932586888:	Num[Or(ontable,Nominal(b))]
	Feat 22	(c=3)	weight -5.9413323412599:	Bool[Exists(on,Nominal(b))]
	Feat 25	(c=3)	weight -0.055963980820746:	Bool[Exists(on,Nominal(a))]
	Feat 45	(c=4)	weight -3.4707120692119e-05:	Bool[And(Forall(on,<empty>),Nominal(b))]
	Feat 49	(c=4)	weight 0.64704304613367:	Num[Not(Or(ontable,Nominal(b)))]
	Feat 204	(c=6)	weight -0.57171956217491:	Num[Or(Not(Nominal(a)),Forall(on,ontable))]
	Feat 334	(c=6)	weight 0.9212662127902:	Num[Or(Not(clear),Exists(on,Nominal(a)))]
	Feat 347	(c=6)	weight 0.16181767590362:	Bool[And(Forall(on,<empty>),And(clear,Nominal(b)))]
	Feat 457	(c=7)	weight -0.32678906964233:	Num[Forall(on,Or(Forall(on,Nominal(a)),Nominal(a)))]
	Feat 473	(c=7)	weight -1.8189814777453:	Bool[And(Forall(on,Exists(on,Nominal(a))),Nominal(b))]
	Feat 485	(c=7)	weight 0.89792317251233:	Num[Or(Exists(on,Exists(on,ontable)),Nominal(b))]
	Feat 569	(c=7)	weight -0.34600745284319:	Num[Exists(Star(on),And(Not(Nominal(b)),ontable))]
	Feat 689	(c=7)	weight -0.30464348504166:	Num[Or(Forall(on,Or(ontable,Nominal(b))),Nominal(b))]
	Feat 769	(c=7)	weight -0.98146859083856:	Num[Or(And(Or(clear,ontable),Nominal(a)),holding)]
	Feat 918	(c=7)	weight -0.18892253075072:	Num[And(Exists(on,ontable),Or(clear,Nominal(b)))]
	Feat 1132	(c=8)	weight 1.2179424512765:	Num[And(Forall(Inverse(on),Or(clear,Nominal(b))),ontable)]
	Feat 1145	(c=8)	weight -0.52853885787648:	Num[Or(Forall(Inverse(Star(on)),Not(Nominal(a))),ontable)]
	Feat 1151	(c=8)	weight 1.6105134137948:	Bool[And(Forall(on,Exists(Star(on),Nominal(a))),Nominal(b))]
	Feat 1159	(c=8)	weight -1.0102207546764:	Num[Or(Forall(Star(on),Or(Nominal(a),Nominal(b))),clear)]
	Feat 1210	(c=8)	weight -0.0084467410720348:	Num[And(Forall(on,Exists(on,Nominal(a))),Not(Nominal(a)))]
	Feat 1290	(c=8)	weight 1.5047769799079:	Num[Or(Exists(on,Exists(on,ontable)),Not(Nominal(b)))]
	Feat 1322	(c=8)	weight 0.064803712378592:	Num[Or(And(Forall(on,Nominal(a)),Nominal(b)),Not(clear))]
	Feat 1422	(c=8)	weight 2.319544243484:	Bool[And(Forall(on,Or(Not(Nominal(b)),ontable)),Nominal(a))]
	Feat 1450	(c=8)	weight 0.19121625565748:	Bool[And(Exists(on,And(Not(Nominal(a)),ontable)),Nominal(b))]
	Feat 1454	(c=8)	weight -0.90744576848698:	Num[Or(Exists(on,And(Not(Nominal(a)),ontable)),holding)]
	Feat 1604	(c=8)	weight 0.059078264226369:	Num[Or(Forall(on,Forall(on,Not(Nominal(a)))),clear)]
	Feat 1707	(c=8)	weight -0.015129448208662:	Num[Or(Exists(on,Exists(on,Exists(on,<universe>))),Nominal(b))]
	Feat 1770	(c=8)	weight -1.1275425266895:	Num[Exists(on,Forall(on,Not(And(ontable,Nominal(b)))))]
	Feat 1843	(c=8)	weight 0.58896677709408:	Num[Or(And(Not(Nominal(b)),Forall(on,Nominal(b))),clear)]
	Feat 1866	(c=8)	weight 0.58468607262296:	Num[Not(And(Exists(on,Exists(on,Nominal(b))),clear))]
	Feat 2146	(c=8)	weight 3.6498349687807e-05:	Num[Not(And(Forall(on,Nominal(a)),Or(clear,ontable)))]
	Feat 2286	(c=8)	weight -0.002707418682931:	Num[And(Not(Nominal(a)),Forall(Inverse(Star(on)),Nominal(b)))]
	Feat 2314	(c=8)	weight 2.1634301694985:	Num[Or(Or(Nominal(a),Nominal(b)),Exists(Inverse(on),clear))]
	Feat 2372	(c=8)	weight 0.98307916810501:	Num[Or(And(holding,Nominal(a)),Exists(Star(on),Nominal(a)))]
	Feat 2430	(c=8)	weight 0.41540051783752:	Num[Or(And(Forall(on,<empty>),Nominal(b)),And(clear,Nominal(a)))]
	Feat 2476	(c=8)	weight 1.3014089289661:	Num[Or(And(Not(clear),Nominal(b)),Exists(on,Nominal(a)))]
	Feat 2559	(c=8)	weight -0.33388537778949:	Num[And(Or(Not(Nominal(a)),ontable),Forall(on,ontable))]
	Feat 2677	(c=8)	weight 8.891795873107:	Bool[And(Or(Not(Nominal(a)),clear),Exists(on,Nominal(b)))]
	Feat 2746	(c=8)	weight 0.48609934134307:	Bool[And(Forall(on,Not(Nominal(a))),And(clear,Nominal(b)))]
	Feat 3156	(c=7)	weight -0.019147450686191:	Atom[handempty] Num[Forall(on,Exists(on,ontable))]
	Feat 3187	(c=8)	weight -0.10424645339998:	Atom[handempty] Num[Or(Not(ontable),Or(clear,Nominal(a)))]
	Feat 3468	(c=6)	weight 0.07423533453905:	Bool[holding] Num[Not(Or(holding,Nominal(b)))]
	Feat 3606	(c=8)	weight -0.0056043358755129:	Bool[holding] Num[Or(And(Forall(on,<empty>),Nominal(b)),clear)]
	Feat 3618	(c=8)	weight 0.036565190027808:	Bool[holding] Num[Or(Not(Nominal(b)),Or(clear,ontable))]
	Feat 3624	(c=8)	weight 0.15217981727334:	Bool[holding] Num[Or(Exists(Inverse(on),clear),Nominal(b))]
	Feat 3642	(c=8)	weight 0.18553463042204:	Bool[holding] Num[Forall(on,Not(Or(ontable,Nominal(b))))]
	Feat 3701	(c=8)	weight -0.044614442215974:	Bool[holding] Bool[Exists(on,And(Not(ontable),Nominal(b)))]
	Feat 3890	(c=7)	weight -3.1305190620683:	Bool[And(clear,Nominal(b))] Bool[And(holding,Nominal(a))]
	Feat 3991	(c=8)	weight -0.89357517120474:	Bool[And(holding,Nominal(a))] Bool[And(Not(holding),Nominal(b))]
	Feat 4105	(c=8)	weight 0.12110410718374:	Bool[And(holding,Nominal(b))] Num[Forall(Star(on),Nominal(a))]
	Feat 4165	(c=8)	weight -0.0029727206343777:	Bool[And(ontable,Nominal(a))] Num[Not(Or(holding,Nominal(b)))]
	Feat 4179	(c=8)	weight 1.3484458783637:	Bool[And(ontable,Nominal(a))] Bool[And(Forall(on,<empty>),Nominal(a))]
	Feat 4265	(c=6)	weight 0.0026878804651458:	Bool[Exists(on,Nominal(b))] Num[Forall(on,<empty>)]
	Feat 4325	(c=8)	weight -0.46374766144071:	Bool[Exists(on,Nominal(b))] Bool[Exists(Inverse(on),Nominal(b))]
	Feat 4338	(c=6)	weight 0.07785240866429:	Bool[Exists(on,Nominal(a))] Num[Forall(on,<empty>)]
	Feat 4462	(c=8)	weight -0.27234929253652:	Bool[And(Forall(on,<empty>),Nominal(b))] Num[Or(holding,Nominal(a))]
	Feat 4484	(c=8)	weight 0.23388338894831:	Bool[And(Not(clear),Nominal(a))] Num[Or(ontable,Nominal(b))]
	Feat 4549	(c=8)	weight 0.017014251238686:	Bool[And(Not(ontable),Nominal(b))] Num[Or(clear,Nominal(a))]
	Feat 4653	(c=8)	weight 0.19404682285189:	Bool[And(Forall(on,ontable),Nominal(a))] Num[Exists(on,<universe>)]
	Feat 4679	(c=8)	weight 0.047768659547451:	Bool[Exists(on,And(ontable,Nominal(b)))] Num[Forall(on,<empty>)]
	Feat 4696	(c=8)	weight -0.11099465230601:	Bool[And(Forall(Star(on),Nominal(a)),Nominal(b))] Num[clear]
Score -21.797240902434375
