Considering 65 features
Lasso Method
----------

Lambda=1.9697264867610762
Score 1.1102230246251565e-16
Lambda=1.2130525331611781
	Feat 1422	(c=8)	weight 1.1052491665297:	Bool[And(Forall(on,Or(Not(Nominal(b)),ontable)),Nominal(a))]
	Feat 1707	(c=8)	weight 0.028186695965659:	Num[Or(Exists(on,Exists(on,Exists(on,<universe>))),Nominal(b))]
	Feat 2372	(c=8)	weight 0.51100595599713:	Num[Or(And(holding,Nominal(a)),Exists(Star(on),Nominal(a)))]
	Feat 2677	(c=8)	weight 0.93725295511234:	Bool[And(Or(Not(Nominal(a)),clear),Exists(on,Nominal(b)))]
Score -0.39890937246594027
Lambda=0.7470562324764233
	Feat 689	(c=7)	weight -0.21614087819825:	Num[Or(Forall(on,Or(ontable,Nominal(b))),Nominal(b))]
	Feat 1422	(c=8)	weight 2.8864268168011:	Bool[And(Forall(on,Or(Not(Nominal(b)),ontable)),Nominal(a))]
	Feat 1707	(c=8)	weight 0.10780715357332:	Num[Or(Exists(on,Exists(on,Exists(on,<universe>))),Nominal(b))]
	Feat 2372	(c=8)	weight 0.7341217742208:	Num[Or(And(holding,Nominal(a)),Exists(Star(on),Nominal(a)))]
	Feat 2677	(c=8)	weight 1.8105101419001:	Bool[And(Or(Not(Nominal(a)),clear),Exists(on,Nominal(b)))]
Score -1.089028322268251
Lambda=0.4600732443363308
	Feat 25	(c=3)	weight 0.018902788173545:	Bool[Exists(on,Nominal(a))]
	Feat 334	(c=6)	weight 0.0062665505414323:	Num[Or(Not(clear),Exists(on,Nominal(a)))]
	Feat 689	(c=7)	weight -0.37491467535834:	Num[Or(Forall(on,Or(ontable,Nominal(b))),Nominal(b))]
	Feat 1422	(c=8)	weight 3.956050177316:	Bool[And(Forall(on,Or(Not(Nominal(b)),ontable)),Nominal(a))]
	Feat 1454	(c=8)	weight -0.030836632543115:	Num[Or(Exists(on,And(Not(Nominal(a)),ontable)),holding)]
	Feat 1707	(c=8)	weight 0.13676425040195:	Num[Or(Exists(on,Exists(on,Exists(on,<universe>))),Nominal(b))]
	Feat 2372	(c=8)	weight 0.848178400331:	Num[Or(And(holding,Nominal(a)),Exists(Star(on),Nominal(a)))]
	Feat 2677	(c=8)	weight 2.3324560941598:	Bool[And(Or(Not(Nominal(a)),clear),Exists(on,Nominal(b)))]
	Feat 3890	(c=7)	weight -0.46693167403474:	Bool[And(clear,Nominal(b))] Bool[And(holding,Nominal(a))]
	Feat 4179	(c=8)	weight 0.10448885028299:	Bool[And(ontable,Nominal(a))] Bool[And(Forall(on,<empty>),Nominal(a))]
Score -1.5198117850728239
Lambda=0.2833352844838722
	Feat 25	(c=3)	weight 0.23250776436949:	Bool[Exists(on,Nominal(a))]
	Feat 334	(c=6)	weight 0.027706321825987:	Num[Or(Not(clear),Exists(on,Nominal(a)))]
	Feat 689	(c=7)	weight -0.51848913408104:	Num[Or(Forall(on,Or(ontable,Nominal(b))),Nominal(b))]
	Feat 1422	(c=8)	weight 4.5329304093374:	Bool[And(Forall(on,Or(Not(Nominal(b)),ontable)),Nominal(a))]
	Feat 1454	(c=8)	weight -0.062437794370992:	Num[Or(Exists(on,And(Not(Nominal(a)),ontable)),holding)]
	Feat 1707	(c=8)	weight 0.15593568717894:	Num[Or(Exists(on,Exists(on,Exists(on,<universe>))),Nominal(b))]
	Feat 2372	(c=8)	weight 0.81161322076086:	Num[Or(And(holding,Nominal(a)),Exists(Star(on),Nominal(a)))]
	Feat 2677	(c=8)	weight 2.6877939411193:	Bool[And(Or(Not(Nominal(a)),clear),Exists(on,Nominal(b)))]
	Feat 3156	(c=7)	weight -0.067720169507397:	Atom[handempty] Num[Forall(on,Exists(on,ontable))]
	Feat 3890	(c=7)	weight -1.205062367146:	Bool[And(clear,Nominal(b))] Bool[And(holding,Nominal(a))]
	Feat 4179	(c=8)	weight 0.48852577193943:	Bool[And(ontable,Nominal(a))] Bool[And(Forall(on,<empty>),Nominal(a))]
	Feat 4338	(c=6)	weight 0.027463400784425:	Bool[Exists(on,Nominal(a))] Num[Forall(on,<empty>)]
Score -1.6337156586095873
Lambda=0.17449152808127635
	Feat 25	(c=3)	weight 0.11504911936975:	Bool[Exists(on,Nominal(a))]
	Feat 689	(c=7)	weight -0.6290286911394:	Num[Or(Forall(on,Or(ontable,Nominal(b))),Nominal(b))]
	Feat 769	(c=7)	weight 0.05261471511402:	Num[Or(And(Or(clear,ontable),Nominal(a)),holding)]
	Feat 1422	(c=8)	weight 4.5348119552913:	Bool[And(Forall(on,Or(Not(Nominal(b)),ontable)),Nominal(a))]
	Feat 1454	(c=8)	weight -0.2595469163171:	Num[Or(Exists(on,And(Not(Nominal(a)),ontable)),holding)]
	Feat 1707	(c=8)	weight 0.14609812024281:	Num[Or(Exists(on,Exists(on,Exists(on,<universe>))),Nominal(b))]
	Feat 2314	(c=8)	weight 0.051210822521584:	Num[Or(Or(Nominal(a),Nominal(b)),Exists(Inverse(on),clear))]
	Feat 2372	(c=8)	weight 0.77557434513001:	Num[Or(And(holding,Nominal(a)),Exists(Star(on),Nominal(a)))]
	Feat 2643	(c=8)	weight 0.138639310517:	Bool[And(And(Not(ontable),Nominal(b)),Forall(Inverse(on),<empty>))]
	Feat 2677	(c=8)	weight 3.5485704002982:	Bool[And(Or(Not(Nominal(a)),clear),Exists(on,Nominal(b)))]
	Feat 3156	(c=7)	weight -0.07067841268672:	Atom[handempty] Num[Forall(on,Exists(on,ontable))]
	Feat 3624	(c=8)	weight 0.17739884420279:	Bool[holding] Num[Or(Exists(Inverse(on),clear),Nominal(b))]
	Feat 3890	(c=7)	weight -1.7776196835833:	Bool[And(clear,Nominal(b))] Bool[And(holding,Nominal(a))]
	Feat 4179	(c=8)	weight 0.52748652354011:	Bool[And(ontable,Nominal(a))] Bool[And(Forall(on,<empty>),Nominal(a))]
	Feat 4265	(c=6)	weight -0.18148720221127:	Bool[Exists(on,Nominal(b))] Num[Forall(on,<empty>)]
	Feat 4338	(c=6)	weight 0.1670768998851:	Bool[Exists(on,Nominal(a))] Num[Forall(on,<empty>)]
Score -1.3715913968976752
Lambda=0.10746029541503134
	Feat 22	(c=3)	weight -0.85729682472631:	Bool[Exists(on,Nominal(b))]
	Feat 25	(c=3)	weight 0.61025836888015:	Bool[Exists(on,Nominal(a))]
	Feat 334	(c=6)	weight 0.12035969133967:	Num[Or(Not(clear),Exists(on,Nominal(a)))]
	Feat 569	(c=7)	weight -0.097688376735846:	Num[Exists(Star(on),And(Not(Nominal(b)),ontable))]
	Feat 689	(c=7)	weight -0.43872436488974:	Num[Or(Forall(on,Or(ontable,Nominal(b))),Nominal(b))]
	Feat 1151	(c=8)	weight 0.34392178517183:	Bool[And(Forall(on,Exists(Star(on),Nominal(a))),Nominal(b))]
	Feat 1422	(c=8)	weight 3.8591818942633:	Bool[And(Forall(on,Or(Not(Nominal(b)),ontable)),Nominal(a))]
	Feat 1450	(c=8)	weight 0.32769446281473:	Bool[And(Exists(on,And(Not(Nominal(a)),ontable)),Nominal(b))]
	Feat 1454	(c=8)	weight -0.79065199930967:	Num[Or(Exists(on,And(Not(Nominal(a)),ontable)),holding)]
	Feat 1707	(c=8)	weight 0.32132587804551:	Num[Or(Exists(on,Exists(on,Exists(on,<universe>))),Nominal(b))]
	Feat 2314	(c=8)	weight 0.49893006791411:	Num[Or(Or(Nominal(a),Nominal(b)),Exists(Inverse(on),clear))]
	Feat 2372	(c=8)	weight 0.62768066636487:	Num[Or(And(holding,Nominal(a)),Exists(Star(on),Nominal(a)))]
	Feat 2643	(c=8)	weight 0.50089391064471:	Bool[And(And(Not(ontable),Nominal(b)),Forall(Inverse(on),<empty>))]
	Feat 2677	(c=8)	weight 5.1382843246717:	Bool[And(Or(Not(Nominal(a)),clear),Exists(on,Nominal(b)))]
	Feat 2746	(c=8)	weight 0.28843032821871:	Bool[And(Forall(on,Not(Nominal(a))),And(clear,Nominal(b)))]
	Feat 3156	(c=7)	weight -0.027887625549888:	Atom[handempty] Num[Forall(on,Exists(on,ontable))]
	Feat 3624	(c=8)	weight 0.29393805089973:	Bool[holding] Num[Or(Exists(Inverse(on),clear),Nominal(b))]
	Feat 3642	(c=8)	weight 0.10031656861755:	Bool[holding] Num[Forall(on,Not(Or(ontable,Nominal(b))))]
	Feat 3890	(c=7)	weight -2.2202059180338:	Bool[And(clear,Nominal(b))] Bool[And(holding,Nominal(a))]
	Feat 4179	(c=8)	weight 0.31550727089202:	Bool[And(ontable,Nominal(a))] Bool[And(Forall(on,<empty>),Nominal(a))]
	Feat 4265	(c=6)	weight -0.25103253828457:	Bool[Exists(on,Nominal(b))] Num[Forall(on,<empty>)]
	Feat 4338	(c=6)	weight 0.15761827239615:	Bool[Exists(on,Nominal(a))] Num[Forall(on,<empty>)]
	Feat 4696	(c=8)	weight -0.014349351005415:	Bool[And(Forall(Star(on),Nominal(a)),Nominal(b))] Num[clear]
Score -3.397421819917394
Lambda=0.06617923069197378
	Feat 22	(c=3)	weight -2.7756988255949:	Bool[Exists(on,Nominal(b))]
	Feat 25	(c=3)	weight 0.83256482702742:	Bool[Exists(on,Nominal(a))]
	Feat 334	(c=6)	weight 0.44474435949181:	Num[Or(Not(clear),Exists(on,Nominal(a)))]
	Feat 473	(c=7)	weight -0.025340955917957:	Bool[And(Forall(on,Exists(on,Nominal(a))),Nominal(b))]
	Feat 569	(c=7)	weight -0.26777430415515:	Num[Exists(Star(on),And(Not(Nominal(b)),ontable))]
	Feat 689	(c=7)	weight -0.18854920333717:	Num[Or(Forall(on,Or(ontable,Nominal(b))),Nominal(b))]
	Feat 1151	(c=8)	weight 0.56826412697513:	Bool[And(Forall(on,Exists(Star(on),Nominal(a))),Nominal(b))]
	Feat 1422	(c=8)	weight 3.2884878844521:	Bool[And(Forall(on,Or(Not(Nominal(b)),ontable)),Nominal(a))]
	Feat 1450	(c=8)	weight 0.66739877837827:	Bool[And(Exists(on,And(Not(Nominal(a)),ontable)),Nominal(b))]
	Feat 1454	(c=8)	weight -1.2276025719729:	Num[Or(Exists(on,And(Not(Nominal(a)),ontable)),holding)]
	Feat 1707	(c=8)	weight 0.45525740402376:	Num[Or(Exists(on,Exists(on,Exists(on,<universe>))),Nominal(b))]
	Feat 2314	(c=8)	weight 0.87331950145635:	Num[Or(Or(Nominal(a),Nominal(b)),Exists(Inverse(on),clear))]
	Feat 2372	(c=8)	weight 0.59104437884044:	Num[Or(And(holding,Nominal(a)),Exists(Star(on),Nominal(a)))]
	Feat 2476	(c=8)	weight 0.073895371115174:	Num[Or(And(Not(clear),Nominal(b)),Exists(on,Nominal(a)))]
	Feat 2643	(c=8)	weight 0.32629981605707:	Bool[And(And(Not(ontable),Nominal(b)),Forall(Inverse(on),<empty>))]
	Feat 2677	(c=8)	weight 6.3787446910995:	Bool[And(Or(Not(Nominal(a)),clear),Exists(on,Nominal(b)))]
	Feat 2746	(c=8)	weight 0.28812659233505:	Bool[And(Forall(on,Not(Nominal(a))),And(clear,Nominal(b)))]
	Feat 3624	(c=8)	weight 0.28147848020897:	Bool[holding] Num[Or(Exists(Inverse(on),clear),Nominal(b))]
	Feat 3642	(c=8)	weight 0.16861011974256:	Bool[holding] Num[Forall(on,Not(Or(ontable,Nominal(b))))]
	Feat 3890	(c=7)	weight -2.5239488556472:	Bool[And(clear,Nominal(b))] Bool[And(holding,Nominal(a))]
	Feat 4179	(c=8)	weight 0.098516138060504:	Bool[And(ontable,Nominal(a))] Bool[And(Forall(on,<empty>),Nominal(a))]
	Feat 4265	(c=6)	weight -0.13098705641421:	Bool[Exists(on,Nominal(b))] Num[Forall(on,<empty>)]
	Feat 4338	(c=6)	weight 0.095063544168134:	Bool[Exists(on,Nominal(a))] Num[Forall(on,<empty>)]
	Feat 4484	(c=8)	weight 0.012228495349759:	Bool[And(Not(clear),Nominal(a))] Num[Or(ontable,Nominal(b))]
	Feat 4696	(c=8)	weight -0.053420753884821:	Bool[And(Forall(Star(on),Nominal(a)),Nominal(b))] Num[clear]
Score -6.263009226570518
Lambda=0.040756360831377916
	Feat 22	(c=3)	weight -4.2500322250711:	Bool[Exists(on,Nominal(b))]
	Feat 25	(c=3)	weight 0.81566070954481:	Bool[Exists(on,Nominal(a))]
	Feat 334	(c=6)	weight 0.46540669518079:	Num[Or(Not(clear),Exists(on,Nominal(a)))]
	Feat 473	(c=7)	weight -0.83611190345423:	Bool[And(Forall(on,Exists(on,Nominal(a))),Nominal(b))]
	Feat 569	(c=7)	weight -0.39455460482846:	Num[Exists(Star(on),And(Not(Nominal(b)),ontable))]
	Feat 689	(c=7)	weight -0.25261142005443:	Num[Or(Forall(on,Or(ontable,Nominal(b))),Nominal(b))]
	Feat 918	(c=7)	weight -0.0083850823004682:	Num[And(Exists(on,ontable),Or(clear,Nominal(b)))]
	Feat 1145	(c=8)	weight -0.029676272094903:	Num[Or(Forall(Inverse(Star(on)),Not(Nominal(a))),ontable)]
	Feat 1151	(c=8)	weight 1.1210233082613:	Bool[And(Forall(on,Exists(Star(on),Nominal(a))),Nominal(b))]
	Feat 1159	(c=8)	weight -0.12075268159158:	Num[Or(Forall(Star(on),Or(Nominal(a),Nominal(b))),clear)]
	Feat 1290	(c=8)	weight 0.086721458922817:	Num[Or(Exists(on,Exists(on,ontable)),Not(Nominal(b)))]
	Feat 1422	(c=8)	weight 2.9833565750287:	Bool[And(Forall(on,Or(Not(Nominal(b)),ontable)),Nominal(a))]
	Feat 1450	(c=8)	weight 0.62535100561437:	Bool[And(Exists(on,And(Not(Nominal(a)),ontable)),Nominal(b))]
	Feat 1454	(c=8)	weight -1.2757290727956:	Num[Or(Exists(on,And(Not(Nominal(a)),ontable)),holding)]
	Feat 1707	(c=8)	weight 0.48543304343909:	Num[Or(Exists(on,Exists(on,Exists(on,<universe>))),Nominal(b))]
	Feat 1843	(c=8)	weight 0.12401797557246:	Num[Or(And(Not(Nominal(b)),Forall(on,Nominal(b))),clear)]
	Feat 2314	(c=8)	weight 1.1501755658696:	Num[Or(Or(Nominal(a),Nominal(b)),Exists(Inverse(on),clear))]
	Feat 2372	(c=8)	weight 0.53570481273544:	Num[Or(And(holding,Nominal(a)),Exists(Star(on),Nominal(a)))]
	Feat 2476	(c=8)	weight 0.46712778109203:	Num[Or(And(Not(clear),Nominal(b)),Exists(on,Nominal(a)))]
	Feat 2677	(c=8)	weight 7.2261778443721:	Bool[And(Or(Not(Nominal(a)),clear),Exists(on,Nominal(b)))]
	Feat 2746	(c=8)	weight 0.32552917785406:	Bool[And(Forall(on,Not(Nominal(a))),And(clear,Nominal(b)))]
	Feat 3624	(c=8)	weight 0.24914057454907:	Bool[holding] Num[Or(Exists(Inverse(on),clear),Nominal(b))]
	Feat 3642	(c=8)	weight 0.20772158903687:	Bool[holding] Num[Forall(on,Not(Or(ontable,Nominal(b))))]
	Feat 3890	(c=7)	weight -2.7616958027077:	Bool[And(clear,Nominal(b))] Bool[And(holding,Nominal(a))]
	Feat 4179	(c=8)	weight 0.12117040184717:	Bool[And(ontable,Nominal(a))] Bool[And(Forall(on,<empty>),Nominal(a))]
	Feat 4265	(c=6)	weight -0.059907360117489:	Bool[Exists(on,Nominal(b))] Num[Forall(on,<empty>)]
	Feat 4338	(c=6)	weight 0.04357804732998:	Bool[Exists(on,Nominal(a))] Num[Forall(on,<empty>)]
	Feat 4484	(c=8)	weight 0.07948924840364:	Bool[And(Not(clear),Nominal(a))] Num[Or(ontable,Nominal(b))]
	Feat 4696	(c=8)	weight -0.064983605436094:	Bool[And(Forall(Star(on),Nominal(a)),Nominal(b))] Num[clear]
Score -6.522219178849395
Lambda=0.025099731907565554
	Feat 22	(c=3)	weight -5.1075776195779:	Bool[Exists(on,Nominal(b))]
	Feat 25	(c=3)	weight 0.40705314614657:	Bool[Exists(on,Nominal(a))]
	Feat 334	(c=6)	weight 0.37764442800752:	Num[Or(Not(clear),Exists(on,Nominal(a)))]
	Feat 473	(c=7)	weight -1.2460632391765:	Bool[And(Forall(on,Exists(on,Nominal(a))),Nominal(b))]
	Feat 569	(c=7)	weight -0.4744244085186:	Num[Exists(Star(on),And(Not(Nominal(b)),ontable))]
	Feat 689	(c=7)	weight -0.62414524287987:	Num[Or(Forall(on,Or(ontable,Nominal(b))),Nominal(b))]
	Feat 1145	(c=8)	weight -0.14039546229742:	Num[Or(Forall(Inverse(Star(on)),Not(Nominal(a))),ontable)]
	Feat 1151	(c=8)	weight 1.3809966556206:	Bool[And(Forall(on,Exists(Star(on),Nominal(a))),Nominal(b))]
	Feat 1159	(c=8)	weight -0.44626673192938:	Num[Or(Forall(Star(on),Or(Nominal(a),Nominal(b))),clear)]
	Feat 1290	(c=8)	weight 0.31143478728246:	Num[Or(Exists(on,Exists(on,ontable)),Not(Nominal(b)))]
	Feat 1422	(c=8)	weight 2.7808624955545:	Bool[And(Forall(on,Or(Not(Nominal(b)),ontable)),Nominal(a))]
	Feat 1450	(c=8)	weight 0.39110670881708:	Bool[And(Exists(on,And(Not(Nominal(a)),ontable)),Nominal(b))]
	Feat 1454	(c=8)	weight -1.0253069081761:	Num[Or(Exists(on,And(Not(Nominal(a)),ontable)),holding)]
	Feat 1707	(c=8)	weight 0.30001595347024:	Num[Or(Exists(on,Exists(on,Exists(on,<universe>))),Nominal(b))]
	Feat 1770	(c=8)	weight -0.03963689856902:	Num[Exists(on,Forall(on,Not(And(ontable,Nominal(b)))))]
	Feat 1843	(c=8)	weight 0.59942625221839:	Num[Or(And(Not(Nominal(b)),Forall(on,Nominal(b))),clear)]
	Feat 2314	(c=8)	weight 1.1646806313006:	Num[Or(Or(Nominal(a),Nominal(b)),Exists(Inverse(on),clear))]
	Feat 2372	(c=8)	weight 0.66478523157397:	Num[Or(And(holding,Nominal(a)),Exists(Star(on),Nominal(a)))]
	Feat 2476	(c=8)	weight 0.84245746524596:	Num[Or(And(Not(clear),Nominal(b)),Exists(on,Nominal(a)))]
	Feat 2559	(c=8)	weight -0.059514805934086:	Num[And(Or(Not(Nominal(a)),ontable),Forall(on,ontable))]
	Feat 2677	(c=8)	weight 7.8081468075812:	Bool[And(Or(Not(Nominal(a)),clear),Exists(on,Nominal(b)))]
	Feat 2746	(c=8)	weight 0.32167004842502:	Bool[And(Forall(on,Not(Nominal(a))),And(clear,Nominal(b)))]
	Feat 3624	(c=8)	weight 0.20009404576758:	Bool[holding] Num[Or(Exists(Inverse(on),clear),Nominal(b))]
	Feat 3642	(c=8)	weight 0.20751100627621:	Bool[holding] Num[Forall(on,Not(Or(ontable,Nominal(b))))]
	Feat 3890	(c=7)	weight -2.8891456155915:	Bool[And(clear,Nominal(b))] Bool[And(holding,Nominal(a))]
	Feat 4179	(c=8)	weight 0.4334931279427:	Bool[And(ontable,Nominal(a))] Bool[And(Forall(on,<empty>),Nominal(a))]
	Feat 4265	(c=6)	weight -0.019486917925879:	Bool[Exists(on,Nominal(b))] Num[Forall(on,<empty>)]
	Feat 4338	(c=6)	weight 0.072686972001198:	Bool[Exists(on,Nominal(a))] Num[Forall(on,<empty>)]
	Feat 4484	(c=8)	weight 0.11259575844279:	Bool[And(Not(clear),Nominal(a))] Num[Or(ontable,Nominal(b))]
	Feat 4696	(c=8)	weight -0.07410905093754:	Bool[And(Forall(Star(on),Nominal(a)),Nominal(b))] Num[clear]
Score -4.511683254294845
Lambda=0.015457624993511108
	Feat 22	(c=3)	weight -5.6340508527842:	Bool[Exists(on,Nominal(b))]
	Feat 25	(c=3)	weight 0.27015470996864:	Bool[Exists(on,Nominal(a))]
	Feat 334	(c=6)	weight 0.39522583945319:	Num[Or(Not(clear),Exists(on,Nominal(a)))]
	Feat 473	(c=7)	weight -1.4867949600671:	Bool[And(Forall(on,Exists(on,Nominal(a))),Nominal(b))]
	Feat 569	(c=7)	weight -0.4318916631896:	Num[Exists(Star(on),And(Not(Nominal(b)),ontable))]
	Feat 689	(c=7)	weight -0.85022044292408:	Num[Or(Forall(on,Or(ontable,Nominal(b))),Nominal(b))]
	Feat 1132	(c=8)	weight 0.0070607972647556:	Num[And(Forall(Inverse(on),Or(clear,Nominal(b))),ontable)]
	Feat 1145	(c=8)	weight -0.26753606771205:	Num[Or(Forall(Inverse(Star(on)),Not(Nominal(a))),ontable)]
	Feat 1151	(c=8)	weight 1.5698882322791:	Bool[And(Forall(on,Exists(Star(on),Nominal(a))),Nominal(b))]
	Feat 1159	(c=8)	weight -0.6353036187369:	Num[Or(Forall(Star(on),Or(Nominal(a),Nominal(b))),clear)]
	Feat 1290	(c=8)	weight 0.42678279079452:	Num[Or(Exists(on,Exists(on,ontable)),Not(Nominal(b)))]
	Feat 1422	(c=8)	weight 2.5735525426401:	Bool[And(Forall(on,Or(Not(Nominal(b)),ontable)),Nominal(a))]
	Feat 1450	(c=8)	weight 0.24093838965104:	Bool[And(Exists(on,And(Not(Nominal(a)),ontable)),Nominal(b))]
	Feat 1454	(c=8)	weight -0.79039911493173:	Num[Or(Exists(on,And(Not(Nominal(a)),ontable)),holding)]
	Feat 1707	(c=8)	weight 0.16397967694939:	Num[Or(Exists(on,Exists(on,Exists(on,<universe>))),Nominal(b))]
	Feat 1770	(c=8)	weight -0.37554235696716:	Num[Exists(on,Forall(on,Not(And(ontable,Nominal(b)))))]
	Feat 1843	(c=8)	weight 0.92299655532036:	Num[Or(And(Not(Nominal(b)),Forall(on,Nominal(b))),clear)]
	Feat 1866	(c=8)	weight 0.22354285672304:	Num[Not(And(Exists(on,Exists(on,Nominal(b))),clear))]
	Feat 2314	(c=8)	weight 1.2514538608676:	Num[Or(Or(Nominal(a),Nominal(b)),Exists(Inverse(on),clear))]
	Feat 2372	(c=8)	weight 0.7445400757898:	Num[Or(And(holding,Nominal(a)),Exists(Star(on),Nominal(a)))]
	Feat 2476	(c=8)	weight 1.0668815061309:	Num[Or(And(Not(clear),Nominal(b)),Exists(on,Nominal(a)))]
	Feat 2559	(c=8)	weight -0.28216832861161:	Num[And(Or(Not(Nominal(a)),ontable),Forall(on,ontable))]
	Feat 2677	(c=8)	weight 8.245125333336:	Bool[And(Or(Not(Nominal(a)),clear),Exists(on,Nominal(b)))]
	Feat 2746	(c=8)	weight 0.28401704420869:	Bool[And(Forall(on,Not(Nominal(a))),And(clear,Nominal(b)))]
	Feat 3624	(c=8)	weight 0.15373545566022:	Bool[holding] Num[Or(Exists(Inverse(on),clear),Nominal(b))]
	Feat 3642	(c=8)	weight 0.18537922408576:	Bool[holding] Num[Forall(on,Not(Or(ontable,Nominal(b))))]
	Feat 3890	(c=7)	weight -2.9494756768546:	Bool[And(clear,Nominal(b))] Bool[And(holding,Nominal(a))]
	Feat 4105	(c=8)	weight 0.0020796603399908:	Bool[And(holding,Nominal(b))] Num[Forall(Star(on),Nominal(a))]
	Feat 4179	(c=8)	weight 0.81154826840541:	Bool[And(ontable,Nominal(a))] Bool[And(Forall(on,<empty>),Nominal(a))]
	Feat 4338	(c=6)	weight 0.079468108057388:	Bool[Exists(on,Nominal(a))] Num[Forall(on,<empty>)]
	Feat 4484	(c=8)	weight 0.12271415662188:	Bool[And(Not(clear),Nominal(a))] Num[Or(ontable,Nominal(b))]
	Feat 4696	(c=8)	weight -0.086285456043081:	Bool[And(Forall(Star(on),Nominal(a)),Nominal(b))] Num[clear]
Score -3.6737999376212267
Lambda=0.009519550699583313
	Feat 22	(c=3)	weight -5.6777492857851:	Bool[Exists(on,Nominal(b))]
	Feat 25	(c=3)	weight 0.16089595719864:	Bool[Exists(on,Nominal(a))]
	Feat 334	(c=6)	weight 0.51570371921426:	Num[Or(Not(clear),Exists(on,Nominal(a)))]
	Feat 473	(c=7)	weight -1.62473153414:	Bool[And(Forall(on,Exists(on,Nominal(a))),Nominal(b))]
	Feat 569	(c=7)	weight -0.38370109684792:	Num[Exists(Star(on),And(Not(Nominal(b)),ontable))]
	Feat 689	(c=7)	weight -1.0676257386342:	Num[Or(Forall(on,Or(ontable,Nominal(b))),Nominal(b))]
	Feat 1132	(c=8)	weight 0.14986328553437:	Num[And(Forall(Inverse(on),Or(clear,Nominal(b))),ontable)]
	Feat 1145	(c=8)	weight -0.33811340227832:	Num[Or(Forall(Inverse(Star(on)),Not(Nominal(a))),ontable)]
	Feat 1151	(c=8)	weight 1.6826941123:	Bool[And(Forall(on,Exists(Star(on),Nominal(a))),Nominal(b))]
	Feat 1159	(c=8)	weight -0.77041321542666:	Num[Or(Forall(Star(on),Or(Nominal(a),Nominal(b))),clear)]
	Feat 1290	(c=8)	weight 0.60374665758238:	Num[Or(Exists(on,Exists(on,ontable)),Not(Nominal(b)))]
	Feat 1422	(c=8)	weight 2.4496279794008:	Bool[And(Forall(on,Or(Not(Nominal(b)),ontable)),Nominal(a))]
	Feat 1450	(c=8)	weight 0.076196142614076:	Bool[And(Exists(on,And(Not(Nominal(a)),ontable)),Nominal(b))]
	Feat 1454	(c=8)	weight -0.65703649758399:	Num[Or(Exists(on,And(Not(Nominal(a)),ontable)),holding)]
	Feat 1770	(c=8)	weight -0.62997059857557:	Num[Exists(on,Forall(on,Not(And(ontable,Nominal(b)))))]
	Feat 1843	(c=8)	weight 1.0614679664653:	Num[Or(And(Not(Nominal(b)),Forall(on,Nominal(b))),clear)]
	Feat 1866	(c=8)	weight 0.37410876574892:	Num[Not(And(Exists(on,Exists(on,Nominal(b))),clear))]
	Feat 2314	(c=8)	weight 1.3702828156996:	Num[Or(Or(Nominal(a),Nominal(b)),Exists(Inverse(on),clear))]
	Feat 2372	(c=8)	weight 0.80350620278041:	Num[Or(And(holding,Nominal(a)),Exists(Star(on),Nominal(a)))]
	Feat 2476	(c=8)	weight 1.1429382627397:	Num[Or(And(Not(clear),Nominal(b)),Exists(on,Nominal(a)))]
	Feat 2559	(c=8)	weight -0.39980844549266:	Num[And(Or(Not(Nominal(a)),ontable),Forall(on,ontable))]
	Feat 2677	(c=8)	weight 8.4925737087054:	Bool[And(Or(Not(Nominal(a)),clear),Exists(on,Nominal(b)))]
	Feat 2746	(c=8)	weight 0.36219648883354:	Bool[And(Forall(on,Not(Nominal(a))),And(clear,Nominal(b)))]
	Feat 3624	(c=8)	weight 0.11450879592596:	Bool[holding] Num[Or(Exists(Inverse(on),clear),Nominal(b))]
	Feat 3642	(c=8)	weight 0.18032678172967:	Bool[holding] Num[Forall(on,Not(Or(ontable,Nominal(b))))]
	Feat 3701	(c=8)	weight 0.0025930911226769:	Bool[holding] Bool[Exists(on,And(Not(ontable),Nominal(b)))]
	Feat 3890	(c=7)	weight -2.9912463138647:	Bool[And(clear,Nominal(b))] Bool[And(holding,Nominal(a))]
	Feat 4105	(c=8)	weight 0.046532109267792:	Bool[And(holding,Nominal(b))] Num[Forall(Star(on),Nominal(a))]
	Feat 4179	(c=8)	weight 1.0226729687612:	Bool[And(ontable,Nominal(a))] Bool[And(Forall(on,<empty>),Nominal(a))]
	Feat 4338	(c=6)	weight 0.098819813655436:	Bool[Exists(on,Nominal(a))] Num[Forall(on,<empty>)]
	Feat 4462	(c=8)	weight -0.00018752117276197:	Bool[And(Forall(on,<empty>),Nominal(b))] Num[Or(holding,Nominal(a))]
	Feat 4484	(c=8)	weight 0.1281529249192:	Bool[And(Not(clear),Nominal(a))] Num[Or(ontable,Nominal(b))]
	Feat 4696	(c=8)	weight -0.11675175466492:	Bool[And(Forall(Star(on),Nominal(a)),Nominal(b))] Num[clear]
Score -4.053594080788365
Lambda=0.005862598268490724
	Feat 22	(c=3)	weight -5.6463848320848:	Bool[Exists(on,Nominal(b))]
	Feat 25	(c=3)	weight 0.055850378968797:	Bool[Exists(on,Nominal(a))]
	Feat 334	(c=6)	weight 0.7813861039552:	Num[Or(Not(clear),Exists(on,Nominal(a)))]
	Feat 347	(c=6)	weight 0.13641121418299:	Bool[And(Forall(on,<empty>),And(clear,Nominal(b)))]
	Feat 473	(c=7)	weight -1.7066828327009:	Bool[And(Forall(on,Exists(on,Nominal(a))),Nominal(b))]
	Feat 485	(c=7)	weight 0.29124828541922:	Num[Or(Exists(on,Exists(on,ontable)),Nominal(b))]
	Feat 569	(c=7)	weight -0.36319123859897:	Num[Exists(Star(on),And(Not(Nominal(b)),ontable))]
	Feat 689	(c=7)	weight -0.99755747216491:	Num[Or(Forall(on,Or(ontable,Nominal(b))),Nominal(b))]
	Feat 769	(c=7)	weight -0.079859800263989:	Num[Or(And(Or(clear,ontable),Nominal(a)),holding)]
	Feat 1132	(c=8)	weight 0.41356256902809:	Num[And(Forall(Inverse(on),Or(clear,Nominal(b))),ontable)]
	Feat 1145	(c=8)	weight -0.41388370930369:	Num[Or(Forall(Inverse(Star(on)),Not(Nominal(a))),ontable)]
	Feat 1151	(c=8)	weight 1.7373107396016:	Bool[And(Forall(on,Exists(Star(on),Nominal(a))),Nominal(b))]
	Feat 1159	(c=8)	weight -0.94077082782609:	Num[Or(Forall(Star(on),Or(Nominal(a),Nominal(b))),clear)]
	Feat 1290	(c=8)	weight 0.93124476580334:	Num[Or(Exists(on,Exists(on,ontable)),Not(Nominal(b)))]
	Feat 1422	(c=8)	weight 2.4100753375851:	Bool[And(Forall(on,Or(Not(Nominal(b)),ontable)),Nominal(a))]
	Feat 1454	(c=8)	weight -0.63645210057153:	Num[Or(Exists(on,And(Not(Nominal(a)),ontable)),holding)]
	Feat 1770	(c=8)	weight -0.9609532455641:	Num[Exists(on,Forall(on,Not(And(ontable,Nominal(b)))))]
	Feat 1843	(c=8)	weight 0.85415919211546:	Num[Or(And(Not(Nominal(b)),Forall(on,Nominal(b))),clear)]
	Feat 1866	(c=8)	weight 0.44630401415161:	Num[Not(And(Exists(on,Exists(on,Nominal(b))),clear))]
	Feat 2314	(c=8)	weight 1.663759871231:	Num[Or(Or(Nominal(a),Nominal(b)),Exists(Inverse(on),clear))]
	Feat 2372	(c=8)	weight 0.86581895419363:	Num[Or(And(holding,Nominal(a)),Exists(Star(on),Nominal(a)))]
	Feat 2476	(c=8)	weight 1.1767953123671:	Num[Or(And(Not(clear),Nominal(b)),Exists(on,Nominal(a)))]
	Feat 2559	(c=8)	weight -0.3263214151781:	Num[And(Or(Not(Nominal(a)),ontable),Forall(on,ontable))]
	Feat 2677	(c=8)	weight 8.6016647358234:	Bool[And(Or(Not(Nominal(a)),clear),Exists(on,Nominal(b)))]
	Feat 2746	(c=8)	weight 0.40867657804456:	Bool[And(Forall(on,Not(Nominal(a))),And(clear,Nominal(b)))]
	Feat 3624	(c=8)	weight 0.11931103767485:	Bool[holding] Num[Or(Exists(Inverse(on),clear),Nominal(b))]
	Feat 3642	(c=8)	weight 0.19168447967323:	Bool[holding] Num[Forall(on,Not(Or(ontable,Nominal(b))))]
	Feat 3890	(c=7)	weight -3.0444864878524:	Bool[And(clear,Nominal(b))] Bool[And(holding,Nominal(a))]
	Feat 4105	(c=8)	weight 0.040493033856806:	Bool[And(holding,Nominal(b))] Num[Forall(Star(on),Nominal(a))]
	Feat 4179	(c=8)	weight 1.0669331604585:	Bool[And(ontable,Nominal(a))] Bool[And(Forall(on,<empty>),Nominal(a))]
	Feat 4338	(c=6)	weight 0.12052761647516:	Bool[Exists(on,Nominal(a))] Num[Forall(on,<empty>)]
	Feat 4462	(c=8)	weight -0.053809647776177:	Bool[And(Forall(on,<empty>),Nominal(b))] Num[Or(holding,Nominal(a))]
	Feat 4484	(c=8)	weight 0.11629360092291:	Bool[And(Not(clear),Nominal(a))] Num[Or(ontable,Nominal(b))]
	Feat 4549	(c=8)	weight -0.0022910112395268:	Bool[And(Not(ontable),Nominal(b))] Num[Or(clear,Nominal(a))]
	Feat 4653	(c=8)	weight 0.036604112791603:	Bool[And(Forall(on,ontable),Nominal(a))] Num[Exists(on,<universe>)]
	Feat 4696	(c=8)	weight -0.11997160702884:	Bool[And(Forall(Star(on),Nominal(a)),Nominal(b))] Num[clear]
Score -8.09129686384541
Lambda=0.003610470655848796
	Feat 0	(c=1)	weight -0.00039939806372304:	Atom[handempty]
	Feat 17	(c=3)	weight -0.075219765741278:	Num[Or(ontable,Nominal(b))]
	Feat 22	(c=3)	weight -5.7382305012467:	Bool[Exists(on,Nominal(b))]
	Feat 49	(c=4)	weight 0.036281346960206:	Num[Not(Or(ontable,Nominal(b)))]
	Feat 204	(c=6)	weight -0.0034453630275921:	Num[Or(Not(Nominal(a)),Forall(on,ontable))]
	Feat 334	(c=6)	weight 0.88207225267741:	Num[Or(Not(clear),Exists(on,Nominal(a)))]
	Feat 347	(c=6)	weight 0.11743134336566:	Bool[And(Forall(on,<empty>),And(clear,Nominal(b)))]
	Feat 457	(c=7)	weight -0.0014735424559813:	Num[Forall(on,Or(Forall(on,Nominal(a)),Nominal(a)))]
	Feat 473	(c=7)	weight -1.7681942392649:	Bool[And(Forall(on,Exists(on,Nominal(a))),Nominal(b))]
	Feat 485	(c=7)	weight 0.48379837584981:	Num[Or(Exists(on,Exists(on,ontable)),Nominal(b))]
	Feat 569	(c=7)	weight -0.35737611428588:	Num[Exists(Star(on),And(Not(Nominal(b)),ontable))]
	Feat 689	(c=7)	weight -0.89468334864218:	Num[Or(Forall(on,Or(ontable,Nominal(b))),Nominal(b))]
	Feat 769	(c=7)	weight -0.22049984973274:	Num[Or(And(Or(clear,ontable),Nominal(a)),holding)]
	Feat 918	(c=7)	weight -0.0069960055447761:	Num[And(Exists(on,ontable),Or(clear,Nominal(b)))]
	Feat 1132	(c=8)	weight 0.59889558678358:	Num[And(Forall(Inverse(on),Or(clear,Nominal(b))),ontable)]
	Feat 1145	(c=8)	weight -0.45401360176168:	Num[Or(Forall(Inverse(Star(on)),Not(Nominal(a))),ontable)]
	Feat 1151	(c=8)	weight 1.7756952808782:	Bool[And(Forall(on,Exists(Star(on),Nominal(a))),Nominal(b))]
	Feat 1159	(c=8)	weight -0.999213345022:	Num[Or(Forall(Star(on),Or(Nominal(a),Nominal(b))),clear)]
	Feat 1290	(c=8)	weight 1.1338794966208:	Num[Or(Exists(on,Exists(on,ontable)),Not(Nominal(b)))]
	Feat 1322	(c=8)	weight 0.00076009351133351:	Num[Or(And(Forall(on,Nominal(a)),Nominal(b)),Not(clear))]
	Feat 1422	(c=8)	weight 2.355693370841:	Bool[And(Forall(on,Or(Not(Nominal(b)),ontable)),Nominal(a))]
	Feat 1454	(c=8)	weight -0.7170216831541:	Num[Or(Exists(on,And(Not(Nominal(a)),ontable)),holding)]
	Feat 1604	(c=8)	weight 0.013588745866893:	Num[Or(Forall(on,Forall(on,Not(Nominal(a)))),clear)]
	Feat 1770	(c=8)	weight -1.0627184751454:	Num[Exists(on,Forall(on,Not(And(ontable,Nominal(b)))))]
	Feat 1843	(c=8)	weight 0.80737387232959:	Num[Or(And(Not(Nominal(b)),Forall(on,Nominal(b))),clear)]
	Feat 1866	(c=8)	weight 0.49066017873744:	Num[Not(And(Exists(on,Exists(on,Nominal(b))),clear))]
	Feat 2314	(c=8)	weight 1.7838683296151:	Num[Or(Or(Nominal(a),Nominal(b)),Exists(Inverse(on),clear))]
	Feat 2372	(c=8)	weight 0.89142321242715:	Num[Or(And(holding,Nominal(a)),Exists(Star(on),Nominal(a)))]
	Feat 2476	(c=8)	weight 1.1512357728517:	Num[Or(And(Not(clear),Nominal(b)),Exists(on,Nominal(a)))]
	Feat 2559	(c=8)	weight -0.30948369943776:	Num[And(Or(Not(Nominal(a)),ontable),Forall(on,ontable))]
	Feat 2677	(c=8)	weight 8.7036679450265:	Bool[And(Or(Not(Nominal(a)),clear),Exists(on,Nominal(b)))]
	Feat 2746	(c=8)	weight 0.37331904218992:	Bool[And(Forall(on,Not(Nominal(a))),And(clear,Nominal(b)))]
	Feat 3187	(c=8)	weight -6.8737400988369e-05:	Atom[handempty] Num[Or(Not(ontable),Or(clear,Nominal(a)))]
	Feat 3618	(c=8)	weight 7.7810343641495e-05:	Bool[holding] Num[Or(Not(Nominal(b)),Or(clear,ontable))]
	Feat 3624	(c=8)	weight 0.13173052506808:	Bool[holding] Num[Or(Exists(Inverse(on),clear),Nominal(b))]
	Feat 3642	(c=8)	weight 0.22204218235044:	Bool[holding] Num[Forall(on,Not(Or(ontable,Nominal(b))))]
	Feat 3701	(c=8)	weight 0.010090904107368:	Bool[holding] Bool[Exists(on,And(Not(ontable),Nominal(b)))]
	Feat 3890	(c=7)	weight -3.0750705992839:	Bool[And(clear,Nominal(b))] Bool[And(holding,Nominal(a))]
	Feat 3991	(c=8)	weight -0.18400748907748:	Bool[And(holding,Nominal(a))] Bool[And(Not(holding),Nominal(b))]
	Feat 4105	(c=8)	weight 0.09381990573316:	Bool[And(holding,Nominal(b))] Num[Forall(Star(on),Nominal(a))]
	Feat 4179	(c=8)	weight 1.1055584428174:	Bool[And(ontable,Nominal(a))] Bool[And(Forall(on,<empty>),Nominal(a))]
	Feat 4325	(c=8)	weight -0.079011515328013:	Bool[Exists(on,Nominal(b))] Bool[Exists(Inverse(on),Nominal(b))]
	Feat 4338	(c=6)	weight 0.099505179047302:	Bool[Exists(on,Nominal(a))] Num[Forall(on,<empty>)]
	Feat 4462	(c=8)	weight -0.10337443589956:	Bool[And(Forall(on,<empty>),Nominal(b))] Num[Or(holding,Nominal(a))]
	Feat 4484	(c=8)	weight 0.13880878813049:	Bool[And(Not(clear),Nominal(a))] Num[Or(ontable,Nominal(b))]
	Feat 4549	(c=8)	weight -0.053416238948615:	Bool[And(Not(ontable),Nominal(b))] Num[Or(clear,Nominal(a))]
	Feat 4653	(c=8)	weight 0.056322527571617:	Bool[And(Forall(on,ontable),Nominal(a))] Num[Exists(on,<universe>)]
	Feat 4696	(c=8)	weight -0.15164715965499:	Bool[And(Forall(Star(on),Nominal(a)),Nominal(b))] Num[clear]
Score -11.663388095097666
Lambda=0.0022235018945108644
	Feat 0	(c=1)	weight -0.00025002565452326:	Atom[handempty]
	Feat 22	(c=3)	weight -5.7277349648209:	Bool[Exists(on,Nominal(b))]
	Feat 49	(c=4)	weight 0.27503101979818:	Num[Not(Or(ontable,Nominal(b)))]
	Feat 204	(c=6)	weight -0.20404474481547:	Num[Or(Not(Nominal(a)),Forall(on,ontable))]
	Feat 334	(c=6)	weight 0.91843745517701:	Num[Or(Not(clear),Exists(on,Nominal(a)))]
	Feat 347	(c=6)	weight 0.24064258107117:	Bool[And(Forall(on,<empty>),And(clear,Nominal(b)))]
	Feat 457	(c=7)	weight -0.13129565393383:	Num[Forall(on,Or(Forall(on,Nominal(a)),Nominal(a)))]
	Feat 473	(c=7)	weight -1.7910428451095:	Bool[And(Forall(on,Exists(on,Nominal(a))),Nominal(b))]
	Feat 485	(c=7)	weight 0.67350174247063:	Num[Or(Exists(on,Exists(on,ontable)),Nominal(b))]
	Feat 569	(c=7)	weight -0.34649382941522:	Num[Exists(Star(on),And(Not(Nominal(b)),ontable))]
	Feat 689	(c=7)	weight -0.68913617027512:	Num[Or(Forall(on,Or(ontable,Nominal(b))),Nominal(b))]
	Feat 769	(c=7)	weight -0.49167475631811:	Num[Or(And(Or(clear,ontable),Nominal(a)),holding)]
	Feat 918	(c=7)	weight -0.050404740072249:	Num[And(Exists(on,ontable),Or(clear,Nominal(b)))]
	Feat 1132	(c=8)	weight 0.8400350056683:	Num[And(Forall(Inverse(on),Or(clear,Nominal(b))),ontable)]
	Feat 1145	(c=8)	weight -0.48830480188355:	Num[Or(Forall(Inverse(Star(on)),Not(Nominal(a))),ontable)]
	Feat 1151	(c=8)	weight 1.7017535834679:	Bool[And(Forall(on,Exists(Star(on),Nominal(a))),Nominal(b))]
	Feat 1159	(c=8)	weight -1.0244400330632:	Num[Or(Forall(Star(on),Or(Nominal(a),Nominal(b))),clear)]
	Feat 1290	(c=8)	weight 1.28896485278:	Num[Or(Exists(on,Exists(on,ontable)),Not(Nominal(b)))]
	Feat 1322	(c=8)	weight 0.006561107642905:	Num[Or(And(Forall(on,Nominal(a)),Nominal(b)),Not(clear))]
	Feat 1422	(c=8)	weight 2.3501135334461:	Bool[And(Forall(on,Or(Not(Nominal(b)),ontable)),Nominal(a))]
	Feat 1454	(c=8)	weight -0.7569472764864:	Num[Or(Exists(on,And(Not(Nominal(a)),ontable)),holding)]
	Feat 1604	(c=8)	weight 0.024412239850775:	Num[Or(Forall(on,Forall(on,Not(Nominal(a)))),clear)]
	Feat 1770	(c=8)	weight -1.1211943883461:	Num[Exists(on,Forall(on,Not(And(ontable,Nominal(b)))))]
	Feat 1843	(c=8)	weight 0.69440339369951:	Num[Or(And(Not(Nominal(b)),Forall(on,Nominal(b))),clear)]
	Feat 1866	(c=8)	weight 0.53644496038863:	Num[Not(And(Exists(on,Exists(on,Nominal(b))),clear))]
	Feat 2314	(c=8)	weight 1.964063219406:	Num[Or(Or(Nominal(a),Nominal(b)),Exists(Inverse(on),clear))]
	Feat 2372	(c=8)	weight 0.92656165336848:	Num[Or(And(holding,Nominal(a)),Exists(Star(on),Nominal(a)))]
	Feat 2430	(c=8)	weight 0.12173403999307:	Num[Or(And(Forall(on,<empty>),Nominal(b)),And(clear,Nominal(a)))]
	Feat 2476	(c=8)	weight 1.2167436875932:	Num[Or(And(Not(clear),Nominal(b)),Exists(on,Nominal(a)))]
	Feat 2559	(c=8)	weight -0.29406530936731:	Num[And(Or(Not(Nominal(a)),ontable),Forall(on,ontable))]
	Feat 2677	(c=8)	weight 8.7706448379293:	Bool[And(Or(Not(Nominal(a)),clear),Exists(on,Nominal(b)))]
	Feat 2746	(c=8)	weight 0.40732553534065:	Bool[And(Forall(on,Not(Nominal(a))),And(clear,Nominal(b)))]
	Feat 3187	(c=8)	weight -0.010730335710177:	Atom[handempty] Num[Or(Not(ontable),Or(clear,Nominal(a)))]
	Feat 3468	(c=6)	weight 4.0023860362405e-06:	Bool[holding] Num[Not(Or(holding,Nominal(b)))]
	Feat 3618	(c=8)	weight 0.019905886076663:	Bool[holding] Num[Or(Not(Nominal(b)),Or(clear,ontable))]
	Feat 3624	(c=8)	weight 0.15524190417443:	Bool[holding] Num[Or(Exists(Inverse(on),clear),Nominal(b))]
	Feat 3642	(c=8)	weight 0.2522179882992:	Bool[holding] Num[Forall(on,Not(Or(ontable,Nominal(b))))]
	Feat 3701	(c=8)	weight 0.040824333493702:	Bool[holding] Bool[Exists(on,And(Not(ontable),Nominal(b)))]
	Feat 3890	(c=7)	weight -3.1002627158253:	Bool[And(clear,Nominal(b))] Bool[And(holding,Nominal(a))]
	Feat 3991	(c=8)	weight -0.45511489723226:	Bool[And(holding,Nominal(a))] Bool[And(Not(holding),Nominal(b))]
	Feat 4105	(c=8)	weight 0.11658407562951:	Bool[And(holding,Nominal(b))] Num[Forall(Star(on),Nominal(a))]
	Feat 4179	(c=8)	weight 1.1711880925321:	Bool[And(ontable,Nominal(a))] Bool[And(Forall(on,<empty>),Nominal(a))]
	Feat 4325	(c=8)	weight -0.26969292818143:	Bool[Exists(on,Nominal(b))] Bool[Exists(Inverse(on),Nominal(b))]
	Feat 4338	(c=6)	weight 0.086997821560558:	Bool[Exists(on,Nominal(a))] Num[Forall(on,<empty>)]
	Feat 4462	(c=8)	weight -0.17641994847762:	Bool[And(Forall(on,<empty>),Nominal(b))] Num[Or(holding,Nominal(a))]
	Feat 4484	(c=8)	weight 0.17095317490114:	Bool[And(Not(clear),Nominal(a))] Num[Or(ontable,Nominal(b))]
	Feat 4549	(c=8)	weight -0.031136928566602:	Bool[And(Not(ontable),Nominal(b))] Num[Or(clear,Nominal(a))]
	Feat 4653	(c=8)	weight 0.11165211382413:	Bool[And(Forall(on,ontable),Nominal(a))] Num[Exists(on,<universe>)]
	Feat 4679	(c=8)	weight 0.018501672704076:	Bool[Exists(on,And(ontable,Nominal(b)))] Num[Forall(on,<empty>)]
	Feat 4696	(c=8)	weight -0.15354848457107:	Bool[And(Forall(Star(on),Nominal(a)),Nominal(b))] Num[clear]
Score -16.13067871024204
Lambda=0.001369339664036436
	Feat 0	(c=1)	weight -6.6614746181676e-06:	Atom[handempty]
	Feat 22	(c=3)	weight -5.825949854027:	Bool[Exists(on,Nominal(b))]
	Feat 49	(c=4)	weight 0.40907308462949:	Num[Not(Or(ontable,Nominal(b)))]
	Feat 204	(c=6)	weight -0.34312932773465:	Num[Or(Not(Nominal(a)),Forall(on,ontable))]
	Feat 334	(c=6)	weight 0.91184529436751:	Num[Or(Not(clear),Exists(on,Nominal(a)))]
	Feat 347	(c=6)	weight 0.26245433025528:	Bool[And(Forall(on,<empty>),And(clear,Nominal(b)))]
	Feat 457	(c=7)	weight -0.22677748816225:	Num[Forall(on,Or(Forall(on,Nominal(a)),Nominal(a)))]
	Feat 473	(c=7)	weight -1.8044422023057:	Bool[And(Forall(on,Exists(on,Nominal(a))),Nominal(b))]
	Feat 485	(c=7)	weight 0.77891164418901:	Num[Or(Exists(on,Exists(on,ontable)),Nominal(b))]
	Feat 569	(c=7)	weight -0.34486083841142:	Num[Exists(Star(on),And(Not(Nominal(b)),ontable))]
	Feat 689	(c=7)	weight -0.55134582247314:	Num[Or(Forall(on,Or(ontable,Nominal(b))),Nominal(b))]
	Feat 769	(c=7)	weight -0.695457111184:	Num[Or(And(Or(clear,ontable),Nominal(a)),holding)]
	Feat 918	(c=7)	weight -0.087819578348565:	Num[And(Exists(on,ontable),Or(clear,Nominal(b)))]
	Feat 1132	(c=8)	weight 0.98248769367868:	Num[And(Forall(Inverse(on),Or(clear,Nominal(b))),ontable)]
	Feat 1145	(c=8)	weight -0.50605133537912:	Num[Or(Forall(Inverse(Star(on)),Not(Nominal(a))),ontable)]
	Feat 1151	(c=8)	weight 1.6618541868404:	Bool[And(Forall(on,Exists(Star(on),Nominal(a))),Nominal(b))]
	Feat 1159	(c=8)	weight -1.0214852574752:	Num[Or(Forall(Star(on),Or(Nominal(a),Nominal(b))),clear)]
	Feat 1210	(c=8)	weight -1.7299525588768e-05:	Num[And(Forall(on,Exists(on,Nominal(a))),Not(Nominal(a)))]
	Feat 1290	(c=8)	weight 1.3817610094462:	Num[Or(Exists(on,Exists(on,ontable)),Not(Nominal(b)))]
	Feat 1322	(c=8)	weight 0.014275869814083:	Num[Or(And(Forall(on,Nominal(a)),Nominal(b)),Not(clear))]
	Feat 1422	(c=8)	weight 2.3401717398379:	Bool[And(Forall(on,Or(Not(Nominal(b)),ontable)),Nominal(a))]
	Feat 1450	(c=8)	weight 0.040062818373393:	Bool[And(Exists(on,And(Not(Nominal(a)),ontable)),Nominal(b))]
	Feat 1454	(c=8)	weight -0.78088295115251:	Num[Or(Exists(on,And(Not(Nominal(a)),ontable)),holding)]
	Feat 1604	(c=8)	weight 0.038658893444953:	Num[Or(Forall(on,Forall(on,Not(Nominal(a)))),clear)]
	Feat 1770	(c=8)	weight -1.1241226752007:	Num[Exists(on,Forall(on,Not(And(ontable,Nominal(b)))))]
	Feat 1843	(c=8)	weight 0.64934324328325:	Num[Or(And(Not(Nominal(b)),Forall(on,Nominal(b))),clear)]
	Feat 1866	(c=8)	weight 0.55896785479913:	Num[Not(And(Exists(on,Exists(on,Nominal(b))),clear))]
	Feat 2314	(c=8)	weight 2.0538909742187:	Num[Or(Or(Nominal(a),Nominal(b)),Exists(Inverse(on),clear))]
	Feat 2372	(c=8)	weight 0.95119138034403:	Num[Or(And(holding,Nominal(a)),Exists(Star(on),Nominal(a)))]
	Feat 2430	(c=8)	weight 0.25307803666932:	Num[Or(And(Forall(on,<empty>),Nominal(b)),And(clear,Nominal(a)))]
	Feat 2476	(c=8)	weight 1.2642499525099:	Num[Or(And(Not(clear),Nominal(b)),Exists(on,Nominal(a)))]
	Feat 2559	(c=8)	weight -0.29860732724908:	Num[And(Or(Not(Nominal(a)),ontable),Forall(on,ontable))]
	Feat 2677	(c=8)	weight 8.8222226976857:	Bool[And(Or(Not(Nominal(a)),clear),Exists(on,Nominal(b)))]
	Feat 2746	(c=8)	weight 0.42667298884515:	Bool[And(Forall(on,Not(Nominal(a))),And(clear,Nominal(b)))]
	Feat 3156	(c=7)	weight -0.0071978511873566:	Atom[handempty] Num[Forall(on,Exists(on,ontable))]
	Feat 3187	(c=8)	weight -0.019674448109217:	Atom[handempty] Num[Or(Not(ontable),Or(clear,Nominal(a)))]
	Feat 3618	(c=8)	weight 0.051721198090864:	Bool[holding] Num[Or(Not(Nominal(b)),Or(clear,ontable))]
	Feat 3624	(c=8)	weight 0.15443296296367:	Bool[holding] Num[Or(Exists(Inverse(on),clear),Nominal(b))]
	Feat 3642	(c=8)	weight 0.25083179618023:	Bool[holding] Num[Forall(on,Not(Or(ontable,Nominal(b))))]
	Feat 3701	(c=8)	weight 0.058062790943527:	Bool[holding] Bool[Exists(on,And(Not(ontable),Nominal(b)))]
	Feat 3890	(c=7)	weight -3.1057270536499:	Bool[And(clear,Nominal(b))] Bool[And(holding,Nominal(a))]
	Feat 3991	(c=8)	weight -0.61175250736921:	Bool[And(holding,Nominal(a))] Bool[And(Not(holding),Nominal(b))]
	Feat 4105	(c=8)	weight 0.12682728471588:	Bool[And(holding,Nominal(b))] Num[Forall(Star(on),Nominal(a))]
	Feat 4179	(c=8)	weight 1.2322498496938:	Bool[And(ontable,Nominal(a))] Bool[And(Forall(on,<empty>),Nominal(a))]
	Feat 4325	(c=8)	weight -0.3351718565613:	Bool[Exists(on,Nominal(b))] Bool[Exists(Inverse(on),Nominal(b))]
	Feat 4338	(c=6)	weight 0.091909596071105:	Bool[Exists(on,Nominal(a))] Num[Forall(on,<empty>)]
	Feat 4462	(c=8)	weight -0.22865735820832:	Bool[And(Forall(on,<empty>),Nominal(b))] Num[Or(holding,Nominal(a))]
	Feat 4484	(c=8)	weight 0.18878326424431:	Bool[And(Not(clear),Nominal(a))] Num[Or(ontable,Nominal(b))]
	Feat 4549	(c=8)	weight -0.0057076791714657:	Bool[And(Not(ontable),Nominal(b))] Num[Or(clear,Nominal(a))]
	Feat 4653	(c=8)	weight 0.14515347051601:	Bool[And(Forall(on,ontable),Nominal(a))] Num[Exists(on,<universe>)]
	Feat 4679	(c=8)	weight 0.039027833889187:	Bool[Exists(on,And(ontable,Nominal(b)))] Num[Forall(on,<empty>)]
	Feat 4696	(c=8)	weight -0.14374916581516:	Bool[And(Forall(Star(on),Nominal(a)),Nominal(b))] Num[clear]
Score -18.62092435141532
Lambda=0.0008433053824385929
	Feat 22	(c=3)	weight -5.9144663493524:	Bool[Exists(on,Nominal(b))]
	Feat 49	(c=4)	weight 0.49908835362065:	Num[Not(Or(ontable,Nominal(b)))]
	Feat 204	(c=6)	weight -0.43861871682623:	Num[Or(Not(Nominal(a)),Forall(on,ontable))]
	Feat 334	(c=6)	weight 0.92491732170208:	Num[Or(Not(clear),Exists(on,Nominal(a)))]
	Feat 347	(c=6)	weight 0.19773619668762:	Bool[And(Forall(on,<empty>),And(clear,Nominal(b)))]
	Feat 457	(c=7)	weight -0.2871644269151:	Num[Forall(on,Or(Forall(on,Nominal(a)),Nominal(a)))]
	Feat 473	(c=7)	weight -1.8106379192555:	Bool[And(Forall(on,Exists(on,Nominal(a))),Nominal(b))]
	Feat 485	(c=7)	weight 0.84165590963374:	Num[Or(Exists(on,Exists(on,ontable)),Nominal(b))]
	Feat 569	(c=7)	weight -0.34545924620912:	Num[Exists(Star(on),And(Not(Nominal(b)),ontable))]
	Feat 689	(c=7)	weight -0.42465934053538:	Num[Or(Forall(on,Or(ontable,Nominal(b))),Nominal(b))]
	Feat 769	(c=7)	weight -0.85774369559525:	Num[Or(And(Or(clear,ontable),Nominal(a)),holding)]
	Feat 918	(c=7)	weight -0.12213427221224:	Num[And(Exists(on,ontable),Or(clear,Nominal(b)))]
	Feat 1132	(c=8)	weight 1.0828004130376:	Num[And(Forall(Inverse(on),Or(clear,Nominal(b))),ontable)]
	Feat 1145	(c=8)	weight -0.51498819420505:	Num[Or(Forall(Inverse(Star(on)),Not(Nominal(a))),ontable)]
	Feat 1151	(c=8)	weight 1.6379044344426:	Bool[And(Forall(on,Exists(Star(on),Nominal(a))),Nominal(b))]
	Feat 1159	(c=8)	weight -1.0105915756405:	Num[Or(Forall(Star(on),Or(Nominal(a),Nominal(b))),clear)]
	Feat 1210	(c=8)	weight -0.00027756947294647:	Num[And(Forall(on,Exists(on,Nominal(a))),Not(Nominal(a)))]
	Feat 1290	(c=8)	weight 1.4405783617769:	Num[Or(Exists(on,Exists(on,ontable)),Not(Nominal(b)))]
	Feat 1322	(c=8)	weight 0.029432724486051:	Num[Or(And(Forall(on,Nominal(a)),Nominal(b)),Not(clear))]
	Feat 1422	(c=8)	weight 2.3306550597391:	Bool[And(Forall(on,Or(Not(Nominal(b)),ontable)),Nominal(a))]
	Feat 1450	(c=8)	weight 0.11423375928304:	Bool[And(Exists(on,And(Not(Nominal(a)),ontable)),Nominal(b))]
	Feat 1454	(c=8)	weight -0.82861761251648:	Num[Or(Exists(on,And(Not(Nominal(a)),ontable)),holding)]
	Feat 1604	(c=8)	weight 0.048816229081958:	Num[Or(Forall(on,Forall(on,Not(Nominal(a)))),clear)]
	Feat 1770	(c=8)	weight -1.1211191865724:	Num[Exists(on,Forall(on,Not(And(ontable,Nominal(b)))))]
	Feat 1843	(c=8)	weight 0.60315357356791:	Num[Or(And(Not(Nominal(b)),Forall(on,Nominal(b))),clear)]
	Feat 1866	(c=8)	weight 0.56936751514222:	Num[Not(And(Exists(on,Exists(on,Nominal(b))),clear))]
	Feat 2314	(c=8)	weight 2.1235764661977:	Num[Or(Or(Nominal(a),Nominal(b)),Exists(Inverse(on),clear))]
	Feat 2372	(c=8)	weight 0.96643038865209:	Num[Or(And(holding,Nominal(a)),Exists(Star(on),Nominal(a)))]
	Feat 2430	(c=8)	weight 0.36853164573888:	Num[Or(And(Forall(on,<empty>),Nominal(b)),And(clear,Nominal(a)))]
	Feat 2476	(c=8)	weight 1.2819386840384:	Num[Or(And(Not(clear),Nominal(b)),Exists(on,Nominal(a)))]
	Feat 2559	(c=8)	weight -0.30659667139767:	Num[And(Or(Not(Nominal(a)),ontable),Forall(on,ontable))]
	Feat 2677	(c=8)	weight 8.8566119587599:	Bool[And(Or(Not(Nominal(a)),clear),Exists(on,Nominal(b)))]
	Feat 2746	(c=8)	weight 0.44038929348282:	Bool[And(Forall(on,Not(Nominal(a))),And(clear,Nominal(b)))]
	Feat 3156	(c=7)	weight -0.011376044013373:	Atom[handempty] Num[Forall(on,Exists(on,ontable))]
	Feat 3187	(c=8)	weight -0.027707931161046:	Atom[handempty] Num[Or(Not(ontable),Or(clear,Nominal(a)))]
	Feat 3618	(c=8)	weight 0.085349322917507:	Bool[holding] Num[Or(Not(Nominal(b)),Or(clear,ontable))]
	Feat 3624	(c=8)	weight 0.14800735050546:	Bool[holding] Num[Or(Exists(Inverse(on),clear),Nominal(b))]
	Feat 3642	(c=8)	weight 0.24077213150558:	Bool[holding] Num[Forall(on,Not(Or(ontable,Nominal(b))))]
	Feat 3701	(c=8)	weight 0.068184995957972:	Bool[holding] Bool[Exists(on,And(Not(ontable),Nominal(b)))]
	Feat 3890	(c=7)	weight -3.1124337697789:	Bool[And(clear,Nominal(b))] Bool[And(holding,Nominal(a))]
	Feat 3991	(c=8)	weight -0.71610471189588:	Bool[And(holding,Nominal(a))] Bool[And(Not(holding),Nominal(b))]
	Feat 4105	(c=8)	weight 0.12824179852074:	Bool[And(holding,Nominal(b))] Num[Forall(Star(on),Nominal(a))]
	Feat 4179	(c=8)	weight 1.2764665874538:	Bool[And(ontable,Nominal(a))] Bool[And(Forall(on,<empty>),Nominal(a))]
	Feat 4325	(c=8)	weight -0.36733679340707:	Bool[Exists(on,Nominal(b))] Bool[Exists(Inverse(on),Nominal(b))]
	Feat 4338	(c=6)	weight 0.094745862375182:	Bool[Exists(on,Nominal(a))] Num[Forall(on,<empty>)]
	Feat 4462	(c=8)	weight -0.25442277027851:	Bool[And(Forall(on,<empty>),Nominal(b))] Num[Or(holding,Nominal(a))]
	Feat 4484	(c=8)	weight 0.20444948650098:	Bool[And(Not(clear),Nominal(a))] Num[Or(ontable,Nominal(b))]
	Feat 4653	(c=8)	weight 0.16640547668124:	Bool[And(Forall(on,ontable),Nominal(a))] Num[Exists(on,<universe>)]
	Feat 4679	(c=8)	weight 0.041318894850887:	Bool[Exists(on,And(ontable,Nominal(b)))] Num[Forall(on,<empty>)]
	Feat 4696	(c=8)	weight -0.12867139488357:	Bool[And(Forall(Star(on),Nominal(a)),Nominal(b))] Num[clear]
Score -20.799450390407078
Lambda=0.0005193481111571587
	Feat 22	(c=3)	weight -5.9861089501618:	Bool[Exists(on,Nominal(b))]
	Feat 49	(c=4)	weight 0.58178057468574:	Num[Not(Or(ontable,Nominal(b)))]
	Feat 204	(c=6)	weight -0.50871070057725:	Num[Or(Not(Nominal(a)),Forall(on,ontable))]
	Feat 334	(c=6)	weight 0.94049516443248:	Num[Or(Not(clear),Exists(on,Nominal(a)))]
	Feat 347	(c=6)	weight 0.13612447371849:	Bool[And(Forall(on,<empty>),And(clear,Nominal(b)))]
	Feat 457	(c=7)	weight -0.32850369165811:	Num[Forall(on,Or(Forall(on,Nominal(a)),Nominal(a)))]
	Feat 473	(c=7)	weight -1.8121823245454:	Bool[And(Forall(on,Exists(on,Nominal(a))),Nominal(b))]
	Feat 485	(c=7)	weight 0.88051345065224:	Num[Or(Exists(on,Exists(on,ontable)),Nominal(b))]
	Feat 569	(c=7)	weight -0.34506694453683:	Num[Exists(Star(on),And(Not(Nominal(b)),ontable))]
	Feat 689	(c=7)	weight -0.31655498736484:	Num[Or(Forall(on,Or(ontable,Nominal(b))),Nominal(b))]
	Feat 769	(c=7)	weight -0.9875741668743:	Num[Or(And(Or(clear,ontable),Nominal(a)),holding)]
	Feat 918	(c=7)	weight -0.15101356251114:	Num[And(Exists(on,ontable),Or(clear,Nominal(b)))]
	Feat 1132	(c=8)	weight 1.1565756150681:	Num[And(Forall(Inverse(on),Or(clear,Nominal(b))),ontable)]
	Feat 1145	(c=8)	weight -0.52031388346731:	Num[Or(Forall(Inverse(Star(on)),Not(Nominal(a))),ontable)]
	Feat 1151	(c=8)	weight 1.6194622602513:	Bool[And(Forall(on,Exists(Star(on),Nominal(a))),Nominal(b))]
	Feat 1159	(c=8)	weight -0.99799246903834:	Num[Or(Forall(Star(on),Or(Nominal(a),Nominal(b))),clear)]
	Feat 1210	(c=8)	weight -0.00039416694272693:	Num[And(Forall(on,Exists(on,Nominal(a))),Not(Nominal(a)))]
	Feat 1290	(c=8)	weight 1.4772612140799:	Num[Or(Exists(on,Exists(on,ontable)),Not(Nominal(b)))]
	Feat 1322	(c=8)	weight 0.039813054618419:	Num[Or(And(Forall(on,Nominal(a)),Nominal(b)),Not(clear))]
	Feat 1422	(c=8)	weight 2.3218618982349:	Bool[And(Forall(on,Or(Not(Nominal(b)),ontable)),Nominal(a))]
	Feat 1450	(c=8)	weight 0.18803916922448:	Bool[And(Exists(on,And(Not(Nominal(a)),ontable)),Nominal(b))]
	Feat 1454	(c=8)	weight -0.88184514713007:	Num[Or(Exists(on,And(Not(Nominal(a)),ontable)),holding)]
	Feat 1604	(c=8)	weight 0.054966276742138:	Num[Or(Forall(on,Forall(on,Not(Nominal(a)))),clear)]
	Feat 1707	(c=8)	weight -0.00020475261787008:	Num[Or(Exists(on,Exists(on,Exists(on,<universe>))),Nominal(b))]
	Feat 1770	(c=8)	weight -1.1149517480243:	Num[Exists(on,Forall(on,Not(And(ontable,Nominal(b)))))]
	Feat 1843	(c=8)	weight 0.56517627189908:	Num[Or(And(Not(Nominal(b)),Forall(on,Nominal(b))),clear)]
	Feat 1866	(c=8)	weight 0.57494193816093:	Num[Not(And(Exists(on,Exists(on,Nominal(b))),clear))]
	Feat 2314	(c=8)	weight 2.1764176245561:	Num[Or(Or(Nominal(a),Nominal(b)),Exists(Inverse(on),clear))]
	Feat 2372	(c=8)	weight 0.97502113237039:	Num[Or(And(holding,Nominal(a)),Exists(Star(on),Nominal(a)))]
	Feat 2430	(c=8)	weight 0.46305489078632:	Num[Or(And(Forall(on,<empty>),Nominal(b)),And(clear,Nominal(a)))]
	Feat 2476	(c=8)	weight 1.2934734506185:	Num[Or(And(Not(clear),Nominal(b)),Exists(on,Nominal(a)))]
	Feat 2559	(c=8)	weight -0.31539666531143:	Num[And(Or(Not(Nominal(a)),ontable),Forall(on,ontable))]
	Feat 2677	(c=8)	weight 8.8816784529501:	Bool[And(Or(Not(Nominal(a)),clear),Exists(on,Nominal(b)))]
	Feat 2746	(c=8)	weight 0.45162851230539:	Bool[And(Forall(on,Not(Nominal(a))),And(clear,Nominal(b)))]
	Feat 3156	(c=7)	weight -0.0109121801946:	Atom[handempty] Num[Forall(on,Exists(on,ontable))]
	Feat 3187	(c=8)	weight -0.034052028701505:	Atom[handempty] Num[Or(Not(ontable),Or(clear,Nominal(a)))]
	Feat 3618	(c=8)	weight 0.11812808000281:	Bool[holding] Num[Or(Not(Nominal(b)),Or(clear,ontable))]
	Feat 3624	(c=8)	weight 0.14042305870344:	Bool[holding] Num[Or(Exists(Inverse(on),clear),Nominal(b))]
	Feat 3642	(c=8)	weight 0.22779421711412:	Bool[holding] Num[Forall(on,Not(Or(ontable,Nominal(b))))]
	Feat 3701	(c=8)	weight 0.078504322480325:	Bool[holding] Bool[Exists(on,And(Not(ontable),Nominal(b)))]
	Feat 3890	(c=7)	weight -3.1156615356355:	Bool[And(clear,Nominal(b))] Bool[And(holding,Nominal(a))]
	Feat 3991	(c=8)	weight -0.78790411073859:	Bool[And(holding,Nominal(a))] Bool[And(Not(holding),Nominal(b))]
	Feat 4105	(c=8)	weight 0.12550329628089:	Bool[And(holding,Nominal(b))] Num[Forall(Star(on),Nominal(a))]
	Feat 4165	(c=8)	weight -0.010007535908641:	Bool[And(ontable,Nominal(a))] Num[Not(Or(holding,Nominal(b)))]
	Feat 4179	(c=8)	weight 1.3644079973732:	Bool[And(ontable,Nominal(a))] Bool[And(Forall(on,<empty>),Nominal(a))]
	Feat 4265	(c=6)	weight 5.7951403595349e-05:	Bool[Exists(on,Nominal(b))] Num[Forall(on,<empty>)]
	Feat 4325	(c=8)	weight -0.39493069971559:	Bool[Exists(on,Nominal(b))] Bool[Exists(Inverse(on),Nominal(b))]
	Feat 4338	(c=6)	weight 0.095478454925953:	Bool[Exists(on,Nominal(a))] Num[Forall(on,<empty>)]
	Feat 4462	(c=8)	weight -0.26660778157899:	Bool[And(Forall(on,<empty>),Nominal(b))] Num[Or(holding,Nominal(a))]
	Feat 4484	(c=8)	weight 0.21392753220844:	Bool[And(Not(clear),Nominal(a))] Num[Or(ontable,Nominal(b))]
	Feat 4549	(c=8)	weight 0.012633293339354:	Bool[And(Not(ontable),Nominal(b))] Num[Or(clear,Nominal(a))]
	Feat 4653	(c=8)	weight 0.18135498297086:	Bool[And(Forall(on,ontable),Nominal(a))] Num[Exists(on,<universe>)]
	Feat 4679	(c=8)	weight 0.041222415961828:	Bool[Exists(on,And(ontable,Nominal(b)))] Num[Forall(on,<empty>)]
	Feat 4696	(c=8)	weight -0.11009001880454:	Bool[And(Forall(Star(on),Nominal(a)),Nominal(b))] Num[clear]
Score -22.778498106923326
Lambda=0.00031983960517665595
	Feat 0	(c=1)	weight -0.0017958869686805:	Atom[handempty]
	Feat 22	(c=3)	weight -5.9880933962735:	Bool[Exists(on,Nominal(b))]
	Feat 25	(c=3)	weight -0.00022360868116697:	Bool[Exists(on,Nominal(a))]
	Feat 49	(c=4)	weight 0.58389124799033:	Num[Not(Or(ontable,Nominal(b)))]
	Feat 204	(c=6)	weight -0.5099908959152:	Num[Or(Not(Nominal(a)),Forall(on,ontable))]
	Feat 334	(c=6)	weight 0.94116341975148:	Num[Or(Not(clear),Exists(on,Nominal(a)))]
	Feat 347	(c=6)	weight 0.13744216929989:	Bool[And(Forall(on,<empty>),And(clear,Nominal(b)))]
	Feat 457	(c=7)	weight -0.32984871380901:	Num[Forall(on,Or(Forall(on,Nominal(a)),Nominal(a)))]
	Feat 473	(c=7)	weight -1.814175849946:	Bool[And(Forall(on,Exists(on,Nominal(a))),Nominal(b))]
	Feat 485	(c=7)	weight 0.8816871595986:	Num[Or(Exists(on,Exists(on,ontable)),Nominal(b))]
	Feat 569	(c=7)	weight -0.3454640431153:	Num[Exists(Star(on),And(Not(Nominal(b)),ontable))]
	Feat 689	(c=7)	weight -0.31419538778075:	Num[Or(Forall(on,Or(ontable,Nominal(b))),Nominal(b))]
	Feat 769	(c=7)	weight -0.99172905883532:	Num[Or(And(Or(clear,ontable),Nominal(a)),holding)]
	Feat 918	(c=7)	weight -0.1523727377404:	Num[And(Exists(on,ontable),Or(clear,Nominal(b)))]
	Feat 1132	(c=8)	weight 1.1591764125691:	Num[And(Forall(Inverse(on),Or(clear,Nominal(b))),ontable)]
	Feat 1145	(c=8)	weight -0.52102907950107:	Num[Or(Forall(Inverse(Star(on)),Not(Nominal(a))),ontable)]
	Feat 1151	(c=8)	weight 1.6203788733746:	Bool[And(Forall(on,Exists(Star(on),Nominal(a))),Nominal(b))]
	Feat 1159	(c=8)	weight -0.99804137333522:	Num[Or(Forall(Star(on),Or(Nominal(a),Nominal(b))),clear)]
	Feat 1210	(c=8)	weight -0.00079028208361869:	Num[And(Forall(on,Exists(on,Nominal(a))),Not(Nominal(a)))]
	Feat 1290	(c=8)	weight 1.4798316957108:	Num[Or(Exists(on,Exists(on,ontable)),Not(Nominal(b)))]
	Feat 1322	(c=8)	weight 0.040401901973237:	Num[Or(And(Forall(on,Nominal(a)),Nominal(b)),Not(clear))]
	Feat 1422	(c=8)	weight 2.3223690615878:	Bool[And(Forall(on,Or(Not(Nominal(b)),ontable)),Nominal(a))]
	Feat 1450	(c=8)	weight 0.19083612154758:	Bool[And(Exists(on,And(Not(Nominal(a)),ontable)),Nominal(b))]
	Feat 1454	(c=8)	weight -0.88254632271042:	Num[Or(Exists(on,And(Not(Nominal(a)),ontable)),holding)]
	Feat 1604	(c=8)	weight 0.055893953520742:	Num[Or(Forall(on,Forall(on,Not(Nominal(a)))),clear)]
	Feat 1707	(c=8)	weight -0.0011964540954608:	Num[Or(Exists(on,Exists(on,Exists(on,<universe>))),Nominal(b))]
	Feat 1770	(c=8)	weight -1.1146677361497:	Num[Exists(on,Forall(on,Not(And(ontable,Nominal(b)))))]
	Feat 1843	(c=8)	weight 0.56485915136819:	Num[Or(And(Not(Nominal(b)),Forall(on,Nominal(b))),clear)]
	Feat 1866	(c=8)	weight 0.57595200063671:	Num[Not(And(Exists(on,Exists(on,Nominal(b))),clear))]
	Feat 2314	(c=8)	weight 2.1783837741525:	Num[Or(Or(Nominal(a),Nominal(b)),Exists(Inverse(on),clear))]
	Feat 2372	(c=8)	weight 0.97598796668194:	Num[Or(And(holding,Nominal(a)),Exists(Star(on),Nominal(a)))]
	Feat 2430	(c=8)	weight 0.46657735763096:	Num[Or(And(Forall(on,<empty>),Nominal(b)),And(clear,Nominal(a)))]
	Feat 2476	(c=8)	weight 1.2942578223937:	Num[Or(And(Not(clear),Nominal(b)),Exists(on,Nominal(a)))]
	Feat 2559	(c=8)	weight -0.31627361547176:	Num[And(Or(Not(Nominal(a)),ontable),Forall(on,ontable))]
	Feat 2677	(c=8)	weight 8.8833537989379:	Bool[And(Or(Not(Nominal(a)),clear),Exists(on,Nominal(b)))]
	Feat 2746	(c=8)	weight 0.45357349574881:	Bool[And(Forall(on,Not(Nominal(a))),And(clear,Nominal(b)))]
	Feat 3156	(c=7)	weight -0.011335812816986:	Atom[handempty] Num[Forall(on,Exists(on,ontable))]
	Feat 3187	(c=8)	weight -0.034365625208694:	Atom[handempty] Num[Or(Not(ontable),Or(clear,Nominal(a)))]
	Feat 3606	(c=8)	weight -0.00019348838884098:	Bool[holding] Num[Or(And(Forall(on,<empty>),Nominal(b)),clear)]
	Feat 3618	(c=8)	weight 0.11885488208677:	Bool[holding] Num[Or(Not(Nominal(b)),Or(clear,ontable))]
	Feat 3624	(c=8)	weight 0.13981104095918:	Bool[holding] Num[Or(Exists(Inverse(on),clear),Nominal(b))]
	Feat 3642	(c=8)	weight 0.22725744876637:	Bool[holding] Num[Forall(on,Not(Or(ontable,Nominal(b))))]
	Feat 3701	(c=8)	weight 0.079151497940242:	Bool[holding] Bool[Exists(on,And(Not(ontable),Nominal(b)))]
	Feat 3890	(c=7)	weight -3.1159329184911:	Bool[And(clear,Nominal(b))] Bool[And(holding,Nominal(a))]
	Feat 3991	(c=8)	weight -0.79163893659671:	Bool[And(holding,Nominal(a))] Bool[And(Not(holding),Nominal(b))]
	Feat 4105	(c=8)	weight 0.12659181711387:	Bool[And(holding,Nominal(b))] Num[Forall(Star(on),Nominal(a))]
	Feat 4165	(c=8)	weight -0.010498877490085:	Bool[And(ontable,Nominal(a))] Num[Not(Or(holding,Nominal(b)))]
	Feat 4179	(c=8)	weight 1.3692681286977:	Bool[And(ontable,Nominal(a))] Bool[And(Forall(on,<empty>),Nominal(a))]
	Feat 4265	(c=6)	weight 0.00076355327038451:	Bool[Exists(on,Nominal(b))] Num[Forall(on,<empty>)]
	Feat 4325	(c=8)	weight -0.3967347110949:	Bool[Exists(on,Nominal(b))] Bool[Exists(Inverse(on),Nominal(b))]
	Feat 4338	(c=6)	weight 0.095726861150788:	Bool[Exists(on,Nominal(a))] Num[Forall(on,<empty>)]
	Feat 4462	(c=8)	weight -0.26801545493375:	Bool[And(Forall(on,<empty>),Nominal(b))] Num[Or(holding,Nominal(a))]
	Feat 4484	(c=8)	weight 0.21427137954711:	Bool[And(Not(clear),Nominal(a))] Num[Or(ontable,Nominal(b))]
	Feat 4549	(c=8)	weight 0.013272169533179:	Bool[And(Not(ontable),Nominal(b))] Num[Or(clear,Nominal(a))]
	Feat 4653	(c=8)	weight 0.18164833595037:	Bool[And(Forall(on,ontable),Nominal(a))] Num[Exists(on,<universe>)]
	Feat 4679	(c=8)	weight 0.041945590845387:	Bool[Exists(on,And(ontable,Nominal(b)))] Num[Forall(on,<empty>)]
	Feat 4696	(c=8)	weight -0.10988406429816:	Bool[And(Forall(Star(on),Nominal(a)),Nominal(b))] Num[clear]
Score -22.882674818546224
