Considering 75 features
Lasso Method
----------

Lambda=1.9697264867610762
Score 1.1102230246251565e-16
Lambda=1.2130525331611781
	Feat 1422	(c=8)	weight 1.1052491665297:	Bool[And(Forall(on,Or(Not(Nominal(b)),ontable)),Nominal(a))]
	Feat 1707	(c=8)	weight 0.028186695965659:	Num[Or(Exists(on,Exists(on,Exists(on,<universe>))),Nominal(b))]
	Feat 2372	(c=8)	weight 0.51100595599713:	Num[Or(And(holding,Nominal(a)),Exists(Star(on),Nominal(a)))]
	Feat 2677	(c=8)	weight 0.93725295511234:	Bool[And(Or(Not(Nominal(a)),clear),Exists(on,Nominal(b)))]
Score -0.39890937246594027
Lambda=0.7470562324764233
	Feat 689	(c=7)	weight -0.21614087819825:	Num[Or(Forall(on,Or(ontable,Nominal(b))),Nominal(b))]
	Feat 1422	(c=8)	weight 2.8864268168011:	Bool[And(Forall(on,Or(Not(Nominal(b)),ontable)),Nominal(a))]
	Feat 1707	(c=8)	weight 0.10780715357332:	Num[Or(Exists(on,Exists(on,Exists(on,<universe>))),Nominal(b))]
	Feat 2372	(c=8)	weight 0.7341217742208:	Num[Or(And(holding,Nominal(a)),Exists(Star(on),Nominal(a)))]
	Feat 2677	(c=8)	weight 1.8105101419001:	Bool[And(Or(Not(Nominal(a)),clear),Exists(on,Nominal(b)))]
Score -1.089028322268251
Lambda=0.4600732443363308
	Feat 334	(c=6)	weight 0.010610915261652:	Num[Or(Not(clear),Exists(on,Nominal(a)))]
	Feat 689	(c=7)	weight -0.35299405167659:	Num[Or(Forall(on,Or(ontable,Nominal(b))),Nominal(b))]
	Feat 1422	(c=8)	weight 4.0101034180256:	Bool[And(Forall(on,Or(Not(Nominal(b)),ontable)),Nominal(a))]
	Feat 1454	(c=8)	weight -0.040897561632984:	Num[Or(Exists(on,And(Not(Nominal(a)),ontable)),holding)]
	Feat 1707	(c=8)	weight 0.10772493684909:	Num[Or(Exists(on,Exists(on,Exists(on,<universe>))),Nominal(b))]
	Feat 1816	(c=8)	weight -0.24352545079161:	Num[Or(And(Forall(Inverse(on),clear),Nominal(b)),Nominal(a))]
	Feat 2372	(c=8)	weight 0.85815826996723:	Num[Or(And(holding,Nominal(a)),Exists(Star(on),Nominal(a)))]
	Feat 2677	(c=8)	weight 2.235328222466:	Bool[And(Or(Not(Nominal(a)),clear),Exists(on,Nominal(b)))]
	Feat 3890	(c=7)	weight -0.46530071997977:	Bool[And(clear,Nominal(b))] Bool[And(holding,Nominal(a))]
	Feat 4179	(c=8)	weight 0.095208275597362:	Bool[And(ontable,Nominal(a))] Bool[And(Forall(on,<empty>),Nominal(a))]
Score -1.2920041270438825
Lambda=0.2833352844838722
	Feat 25	(c=3)	weight 0.23684751471131:	Bool[Exists(on,Nominal(a))]
	Feat 334	(c=6)	weight 0.035413475083267:	Num[Or(Not(clear),Exists(on,Nominal(a)))]
	Feat 689	(c=7)	weight -0.48135774832111:	Num[Or(Forall(on,Or(ontable,Nominal(b))),Nominal(b))]
	Feat 1422	(c=8)	weight 4.6253661207931:	Bool[And(Forall(on,Or(Not(Nominal(b)),ontable)),Nominal(a))]
	Feat 1454	(c=8)	weight -0.095291131226863:	Num[Or(Exists(on,And(Not(Nominal(a)),ontable)),holding)]
	Feat 1707	(c=8)	weight 0.092112151912633:	Num[Or(Exists(on,Exists(on,Exists(on,<universe>))),Nominal(b))]
	Feat 1816	(c=8)	weight -0.4136598395328:	Num[Or(And(Forall(Inverse(on),clear),Nominal(b)),Nominal(a))]
	Feat 2372	(c=8)	weight 0.82859124706973:	Num[Or(And(holding,Nominal(a)),Exists(Star(on),Nominal(a)))]
	Feat 2677	(c=8)	weight 2.5203333701824:	Bool[And(Or(Not(Nominal(a)),clear),Exists(on,Nominal(b)))]
	Feat 3156	(c=7)	weight -0.072365113437409:	Atom[handempty] Num[Forall(on,Exists(on,ontable))]
	Feat 3890	(c=7)	weight -1.2205332886247:	Bool[And(clear,Nominal(b))] Bool[And(holding,Nominal(a))]
	Feat 4179	(c=8)	weight 0.46534117863816:	Bool[And(ontable,Nominal(a))] Bool[And(Forall(on,<empty>),Nominal(a))]
	Feat 4338	(c=6)	weight 0.0091406687606305:	Bool[Exists(on,Nominal(a))] Num[Forall(on,<empty>)]
	Feat 4372	(c=8)	weight 0.0018468583877418:	Bool[Exists(on,Nominal(a))] Bool[And(Not(clear),Nominal(a))]
Score -1.1945958853886824
Lambda=0.17449152808127635
	Feat 689	(c=7)	weight -0.57130984624588:	Num[Or(Forall(on,Or(ontable,Nominal(b))),Nominal(b))]
	Feat 769	(c=7)	weight 0.13405924578923:	Num[Or(And(Or(clear,ontable),Nominal(a)),holding)]
	Feat 1151	(c=8)	weight 0.037643279048458:	Bool[And(Forall(on,Exists(Star(on),Nominal(a))),Nominal(b))]
	Feat 1422	(c=8)	weight 4.5245177944137:	Bool[And(Forall(on,Or(Not(Nominal(b)),ontable)),Nominal(a))]
	Feat 1454	(c=8)	weight -0.17350626775069:	Num[Or(Exists(on,And(Not(Nominal(a)),ontable)),holding)]
	Feat 1707	(c=8)	weight 0.0232108150457:	Num[Or(Exists(on,Exists(on,Exists(on,<universe>))),Nominal(b))]
	Feat 1816	(c=8)	weight -0.73982639995477:	Num[Or(And(Forall(Inverse(on),clear),Nominal(b)),Nominal(a))]
	Feat 2372	(c=8)	weight 0.82002281251547:	Num[Or(And(holding,Nominal(a)),Exists(Star(on),Nominal(a)))]
	Feat 2643	(c=8)	weight 0.2582614080725:	Bool[And(And(Not(ontable),Nominal(b)),Forall(Inverse(on),<empty>))]
	Feat 2677	(c=8)	weight 3.5541471791519:	Bool[And(Or(Not(Nominal(a)),clear),Exists(on,Nominal(b)))]
	Feat 2746	(c=8)	weight 0.0077833120082803:	Bool[And(Forall(on,Not(Nominal(a))),And(clear,Nominal(b)))]
	Feat 3156	(c=7)	weight -0.13381471482213:	Atom[handempty] Num[Forall(on,Exists(on,ontable))]
	Feat 3890	(c=7)	weight -1.7299695949254:	Bool[And(clear,Nominal(b))] Bool[And(holding,Nominal(a))]
	Feat 4179	(c=8)	weight 0.50662088149123:	Bool[And(ontable,Nominal(a))] Bool[And(Forall(on,<empty>),Nominal(a))]
	Feat 4265	(c=6)	weight -0.29130041444192:	Bool[Exists(on,Nominal(b))] Num[Forall(on,<empty>)]
	Feat 4338	(c=6)	weight 0.19692104225588:	Bool[Exists(on,Nominal(a))] Num[Forall(on,<empty>)]
Score -0.5718635876752511
Lambda=0.10746029541503134
	Feat 22	(c=3)	weight -2.4508605762871:	Bool[Exists(on,Nominal(b))]
	Feat 25	(c=3)	weight 0.0042855745440705:	Bool[Exists(on,Nominal(a))]
	Feat 689	(c=7)	weight -0.50224467906789:	Num[Or(Forall(on,Or(ontable,Nominal(b))),Nominal(b))]
	Feat 769	(c=7)	weight 0.091037900078882:	Num[Or(And(Or(clear,ontable),Nominal(a)),holding)]
	Feat 1145	(c=8)	weight -0.028686852005682:	Num[Or(Forall(Inverse(Star(on)),Not(Nominal(a))),ontable)]
	Feat 1151	(c=8)	weight 0.44079057333163:	Bool[And(Forall(on,Exists(Star(on),Nominal(a))),Nominal(b))]
	Feat 1422	(c=8)	weight 3.5719188954992:	Bool[And(Forall(on,Or(Not(Nominal(b)),ontable)),Nominal(a))]
	Feat 1450	(c=8)	weight 0.19082396014911:	Bool[And(Exists(on,And(Not(Nominal(a)),ontable)),Nominal(b))]
	Feat 1454	(c=8)	weight -0.12456175880282:	Num[Or(Exists(on,And(Not(Nominal(a)),ontable)),holding)]
	Feat 1707	(c=8)	weight 0.11381567256031:	Num[Or(Exists(on,Exists(on,Exists(on,<universe>))),Nominal(b))]
	Feat 1816	(c=8)	weight -1.5215618768948:	Num[Or(And(Forall(Inverse(on),clear),Nominal(b)),Nominal(a))]
	Feat 1866	(c=8)	weight 0.12255869693604:	Num[Not(And(Exists(on,Exists(on,Nominal(b))),clear))]
	Feat 2372	(c=8)	weight 0.81487845499167:	Num[Or(And(holding,Nominal(a)),Exists(Star(on),Nominal(a)))]
	Feat 2643	(c=8)	weight 0.44699099886196:	Bool[And(And(Not(ontable),Nominal(b)),Forall(Inverse(on),<empty>))]
	Feat 2677	(c=8)	weight 5.6120884992923:	Bool[And(Or(Not(Nominal(a)),clear),Exists(on,Nominal(b)))]
	Feat 2746	(c=8)	weight 0.2542876230733:	Bool[And(Forall(on,Not(Nominal(a))),And(clear,Nominal(b)))]
	Feat 3156	(c=7)	weight -0.14450101818498:	Atom[handempty] Num[Forall(on,Exists(on,ontable))]
	Feat 3244	(c=8)	weight -0.0028708004450496:	Atom[handempty] Num[Forall(on,Forall(on,Not(Nominal(b))))]
	Feat 3642	(c=8)	weight 0.0095877995914752:	Bool[holding] Num[Forall(on,Not(Or(ontable,Nominal(b))))]
	Feat 3890	(c=7)	weight -2.0840781561936:	Bool[And(clear,Nominal(b))] Bool[And(holding,Nominal(a))]
	Feat 4179	(c=8)	weight 0.61309380967368:	Bool[And(ontable,Nominal(a))] Bool[And(Forall(on,<empty>),Nominal(a))]
	Feat 4265	(c=6)	weight -0.19696579539289:	Bool[Exists(on,Nominal(b))] Num[Forall(on,<empty>)]
	Feat 4338	(c=6)	weight 0.25014407508613:	Bool[Exists(on,Nominal(a))] Num[Forall(on,<empty>)]
	Feat 4372	(c=8)	weight 0.15560080136182:	Bool[Exists(on,Nominal(a))] Bool[And(Not(clear),Nominal(a))]
	Feat 4696	(c=8)	weight -0.0525468469633:	Bool[And(Forall(Star(on),Nominal(a)),Nominal(b))] Num[clear]
Score -0.34080984817235427
Lambda=0.06617923069197378
	Feat 22	(c=3)	weight -4.5638868655276:	Bool[Exists(on,Nominal(b))]
	Feat 569	(c=7)	weight -0.067506596626194:	Num[Exists(Star(on),And(Not(Nominal(b)),ontable))]
	Feat 689	(c=7)	weight -0.43445139796614:	Num[Or(Forall(on,Or(ontable,Nominal(b))),Nominal(b))]
	Feat 769	(c=7)	weight 0.002207959007574:	Num[Or(And(Or(clear,ontable),Nominal(a)),holding)]
	Feat 1145	(c=8)	weight -0.1037988305704:	Num[Or(Forall(Inverse(Star(on)),Not(Nominal(a))),ontable)]
	Feat 1151	(c=8)	weight 0.57096029974664:	Bool[And(Forall(on,Exists(Star(on),Nominal(a))),Nominal(b))]
	Feat 1322	(c=8)	weight 0.041698761032117:	Num[Or(And(Forall(on,Nominal(a)),Nominal(b)),Not(clear))]
	Feat 1422	(c=8)	weight 3.0177601027481:	Bool[And(Forall(on,Or(Not(Nominal(b)),ontable)),Nominal(a))]
	Feat 1450	(c=8)	weight 0.30184974405204:	Bool[And(Exists(on,And(Not(Nominal(a)),ontable)),Nominal(b))]
	Feat 1454	(c=8)	weight -0.092865874085413:	Num[Or(Exists(on,And(Not(Nominal(a)),ontable)),holding)]
	Feat 1707	(c=8)	weight 0.1093628180692:	Num[Or(Exists(on,Exists(on,Exists(on,<universe>))),Nominal(b))]
	Feat 1816	(c=8)	weight -2.0947687393011:	Num[Or(And(Forall(Inverse(on),clear),Nominal(b)),Nominal(a))]
	Feat 1866	(c=8)	weight 0.39785931815729:	Num[Not(And(Exists(on,Exists(on,Nominal(b))),clear))]
	Feat 2372	(c=8)	weight 0.88270234756167:	Num[Or(And(holding,Nominal(a)),Exists(Star(on),Nominal(a)))]
	Feat 2476	(c=8)	weight 0.23821927146759:	Num[Or(And(Not(clear),Nominal(b)),Exists(on,Nominal(a)))]
	Feat 2643	(c=8)	weight 0.31716492963427:	Bool[And(And(Not(ontable),Nominal(b)),Forall(Inverse(on),<empty>))]
	Feat 2677	(c=8)	weight 6.9512643009762:	Bool[And(Or(Not(Nominal(a)),clear),Exists(on,Nominal(b)))]
	Feat 2746	(c=8)	weight 0.38456036997232:	Bool[And(Forall(on,Not(Nominal(a))),And(clear,Nominal(b)))]
	Feat 3156	(c=7)	weight -0.10751240122475:	Atom[handempty] Num[Forall(on,Exists(on,ontable))]
	Feat 3244	(c=8)	weight -0.029341002954356:	Atom[handempty] Num[Forall(on,Forall(on,Not(Nominal(b))))]
	Feat 3624	(c=8)	weight 0.020666298802618:	Bool[holding] Num[Or(Exists(Inverse(on),clear),Nominal(b))]
	Feat 3642	(c=8)	weight 0.0052058295393744:	Bool[holding] Num[Forall(on,Not(Or(ontable,Nominal(b))))]
	Feat 3890	(c=7)	weight -2.3749002914312:	Bool[And(clear,Nominal(b))] Bool[And(holding,Nominal(a))]
	Feat 4179	(c=8)	weight 0.73599332490327:	Bool[And(ontable,Nominal(a))] Bool[And(Forall(on,<empty>),Nominal(a))]
	Feat 4265	(c=6)	weight -0.098626694693997:	Bool[Exists(on,Nominal(b))] Num[Forall(on,<empty>)]
	Feat 4338	(c=6)	weight 0.2335241983918:	Bool[Exists(on,Nominal(a))] Num[Forall(on,<empty>)]
	Feat 4372	(c=8)	weight 0.078542441107205:	Bool[Exists(on,Nominal(a))] Bool[And(Not(clear),Nominal(a))]
	Feat 4484	(c=8)	weight 0.0061039614315078:	Bool[And(Not(clear),Nominal(a))] Num[Or(ontable,Nominal(b))]
	Feat 4696	(c=8)	weight -0.1355718124637:	Bool[And(Forall(Star(on),Nominal(a)),Nominal(b))] Num[clear]
Score -0.39513228438563
Lambda=0.040756360831377916
	Feat 22	(c=3)	weight -6.0962952948251:	Bool[Exists(on,Nominal(b))]
	Feat 473	(c=7)	weight -0.58823755444953:	Bool[And(Forall(on,Exists(on,Nominal(a))),Nominal(b))]
	Feat 569	(c=7)	weight -0.17764523499488:	Num[Exists(Star(on),And(Not(Nominal(b)),ontable))]
	Feat 689	(c=7)	weight -0.33021127290916:	Num[Or(Forall(on,Or(ontable,Nominal(b))),Nominal(b))]
	Feat 769	(c=7)	weight 0.027008762573077:	Num[Or(And(Or(clear,ontable),Nominal(a)),holding)]
	Feat 1145	(c=8)	weight -0.14261227211345:	Num[Or(Forall(Inverse(Star(on)),Not(Nominal(a))),ontable)]
	Feat 1151	(c=8)	weight 0.99156195491217:	Bool[And(Forall(on,Exists(Star(on),Nominal(a))),Nominal(b))]
	Feat 1290	(c=8)	weight 0.013821413950955:	Num[Or(Exists(on,Exists(on,ontable)),Not(Nominal(b)))]
	Feat 1322	(c=8)	weight 0.15501650466912:	Num[Or(And(Forall(on,Nominal(a)),Nominal(b)),Not(clear))]
	Feat 1422	(c=8)	weight 2.7091485463315:	Bool[And(Forall(on,Or(Not(Nominal(b)),ontable)),Nominal(a))]
	Feat 1450	(c=8)	weight 0.37700361411675:	Bool[And(Exists(on,And(Not(Nominal(a)),ontable)),Nominal(b))]
	Feat 1454	(c=8)	weight -0.030572861852468:	Num[Or(Exists(on,And(Not(Nominal(a)),ontable)),holding)]
	Feat 1707	(c=8)	weight 0.17688779665628:	Num[Or(Exists(on,Exists(on,Exists(on,<universe>))),Nominal(b))]
	Feat 1816	(c=8)	weight -2.4081114300128:	Num[Or(And(Forall(Inverse(on),clear),Nominal(b)),Nominal(a))]
	Feat 1866	(c=8)	weight 0.52440497743365:	Num[Not(And(Exists(on,Exists(on,Nominal(b))),clear))]
	Feat 2146	(c=8)	weight 0.064429402883561:	Num[Not(And(Forall(on,Nominal(a)),Or(clear,ontable)))]
	Feat 2314	(c=8)	weight 0.0036802459603471:	Num[Or(Or(Nominal(a),Nominal(b)),Exists(Inverse(on),clear))]
	Feat 2372	(c=8)	weight 0.87061513570132:	Num[Or(And(holding,Nominal(a)),Exists(Star(on),Nominal(a)))]
	Feat 2476	(c=8)	weight 0.59335152000724:	Num[Or(And(Not(clear),Nominal(b)),Exists(on,Nominal(a)))]
	Feat 2643	(c=8)	weight 0.14640360384491:	Bool[And(And(Not(ontable),Nominal(b)),Forall(Inverse(on),<empty>))]
	Feat 2677	(c=8)	weight 7.7884070506667:	Bool[And(Or(Not(Nominal(a)),clear),Exists(on,Nominal(b)))]
	Feat 2746	(c=8)	weight 0.55862507580868:	Bool[And(Forall(on,Not(Nominal(a))),And(clear,Nominal(b)))]
	Feat 3156	(c=7)	weight -0.035722659640237:	Atom[handempty] Num[Forall(on,Exists(on,ontable))]
	Feat 3244	(c=8)	weight -0.035140400434143:	Atom[handempty] Num[Forall(on,Forall(on,Not(Nominal(b))))]
	Feat 3624	(c=8)	weight 0.038251437266717:	Bool[holding] Num[Or(Exists(Inverse(on),clear),Nominal(b))]
	Feat 3642	(c=8)	weight 0.015928519347993:	Bool[holding] Num[Forall(on,Not(Or(ontable,Nominal(b))))]
	Feat 3890	(c=7)	weight -2.6330965630339:	Bool[And(clear,Nominal(b))] Bool[And(holding,Nominal(a))]
	Feat 4179	(c=8)	weight 0.77805615444595:	Bool[And(ontable,Nominal(a))] Bool[And(Forall(on,<empty>),Nominal(a))]
	Feat 4265	(c=6)	weight -0.027370727474594:	Bool[Exists(on,Nominal(b))] Num[Forall(on,<empty>)]
	Feat 4338	(c=6)	weight 0.16757859020892:	Bool[Exists(on,Nominal(a))] Num[Forall(on,<empty>)]
	Feat 4484	(c=8)	weight 0.074233885199363:	Bool[And(Not(clear),Nominal(a))] Num[Or(ontable,Nominal(b))]
	Feat 4696	(c=8)	weight -0.1257793521267:	Bool[And(Forall(Star(on),Nominal(a)),Nominal(b))] Num[clear]
Score -1.0099607570963633
Lambda=0.025099731907565554
	Feat 22	(c=3)	weight -6.8002973033313:	Bool[Exists(on,Nominal(b))]
	Feat 473	(c=7)	weight -1.1098377202645:	Bool[And(Forall(on,Exists(on,Nominal(a))),Nominal(b))]
	Feat 569	(c=7)	weight -0.27027160968963:	Num[Exists(Star(on),And(Not(Nominal(b)),ontable))]
	Feat 689	(c=7)	weight -0.35698052974295:	Num[Or(Forall(on,Or(ontable,Nominal(b))),Nominal(b))]
	Feat 765	(c=7)	weight 0.16482281109524:	Num[Not(And(Forall(Star(on),Nominal(a)),Nominal(b)))]
	Feat 1145	(c=8)	weight -0.18363946663897:	Num[Or(Forall(Inverse(Star(on)),Not(Nominal(a))),ontable)]
	Feat 1151	(c=8)	weight 1.3614430350133:	Bool[And(Forall(on,Exists(Star(on),Nominal(a))),Nominal(b))]
	Feat 1159	(c=8)	weight -0.077194250296299:	Num[Or(Forall(Star(on),Or(Nominal(a),Nominal(b))),clear)]
	Feat 1290	(c=8)	weight 0.16417222458841:	Num[Or(Exists(on,Exists(on,ontable)),Not(Nominal(b)))]
	Feat 1322	(c=8)	weight 0.20508458259186:	Num[Or(And(Forall(on,Nominal(a)),Nominal(b)),Not(clear))]
	Feat 1422	(c=8)	weight 2.5091013175582:	Bool[And(Forall(on,Or(Not(Nominal(b)),ontable)),Nominal(a))]
	Feat 1450	(c=8)	weight 0.46275462168642:	Bool[And(Exists(on,And(Not(Nominal(a)),ontable)),Nominal(b))]
	Feat 1454	(c=8)	weight -0.1117330236975:	Num[Or(Exists(on,And(Not(Nominal(a)),ontable)),holding)]
	Feat 1707	(c=8)	weight 0.17299606018215:	Num[Or(Exists(on,Exists(on,Exists(on,<universe>))),Nominal(b))]
	Feat 1816	(c=8)	weight -2.3506223297904:	Num[Or(And(Forall(Inverse(on),clear),Nominal(b)),Nominal(a))]
	Feat 1866	(c=8)	weight 0.57293991668832:	Num[Not(And(Exists(on,Exists(on,Nominal(b))),clear))]
	Feat 2146	(c=8)	weight 0.039154014786229:	Num[Not(And(Forall(on,Nominal(a)),Or(clear,ontable)))]
	Feat 2314	(c=8)	weight 0.23978616348792:	Num[Or(Or(Nominal(a),Nominal(b)),Exists(Inverse(on),clear))]
	Feat 2372	(c=8)	weight 0.82726010335704:	Num[Or(And(holding,Nominal(a)),Exists(Star(on),Nominal(a)))]
	Feat 2476	(c=8)	weight 0.80290383089124:	Num[Or(And(Not(clear),Nominal(b)),Exists(on,Nominal(a)))]
	Feat 2677	(c=8)	weight 8.294554163577:	Bool[And(Or(Not(Nominal(a)),clear),Exists(on,Nominal(b)))]
	Feat 2746	(c=8)	weight 0.58557543264643:	Bool[And(Forall(on,Not(Nominal(a))),And(clear,Nominal(b)))]
	Feat 3156	(c=7)	weight -0.0039011663806967:	Atom[handempty] Num[Forall(on,Exists(on,ontable))]
	Feat 3244	(c=8)	weight -0.057474257608863:	Atom[handempty] Num[Forall(on,Forall(on,Not(Nominal(b))))]
	Feat 3624	(c=8)	weight 0.045854310730902:	Bool[holding] Num[Or(Exists(Inverse(on),clear),Nominal(b))]
	Feat 3642	(c=8)	weight 0.043003652267597:	Bool[holding] Num[Forall(on,Not(Or(ontable,Nominal(b))))]
	Feat 3890	(c=7)	weight -2.7965094746328:	Bool[And(clear,Nominal(b))] Bool[And(holding,Nominal(a))]
	Feat 4179	(c=8)	weight 0.78099017552002:	Bool[And(ontable,Nominal(a))] Bool[And(Forall(on,<empty>),Nominal(a))]
	Feat 4338	(c=6)	weight 0.14783699543415:	Bool[Exists(on,Nominal(a))] Num[Forall(on,<empty>)]
	Feat 4484	(c=8)	weight 0.11243027997322:	Bool[And(Not(clear),Nominal(a))] Num[Or(ontable,Nominal(b))]
	Feat 4653	(c=8)	weight 0.012754357384268:	Bool[And(Forall(on,ontable),Nominal(a))] Num[Exists(on,<universe>)]
	Feat 4696	(c=8)	weight -0.056404791265534:	Bool[And(Forall(Star(on),Nominal(a)),Nominal(b))] Num[clear]
Score -2.4699712538201437
Lambda=0.015457624993511108
	Feat 22	(c=3)	weight -7.0507070354142:	Bool[Exists(on,Nominal(b))]
	Feat 473	(c=7)	weight -1.3881510461233:	Bool[And(Forall(on,Exists(on,Nominal(a))),Nominal(b))]
	Feat 569	(c=7)	weight -0.37684844463259:	Num[Exists(Star(on),And(Not(Nominal(b)),ontable))]
	Feat 689	(c=7)	weight -0.27253986611504:	Num[Or(Forall(on,Or(ontable,Nominal(b))),Nominal(b))]
	Feat 1145	(c=8)	weight -0.27725952365773:	Num[Or(Forall(Inverse(Star(on)),Not(Nominal(a))),ontable)]
	Feat 1151	(c=8)	weight 1.5670224959443:	Bool[And(Forall(on,Exists(Star(on),Nominal(a))),Nominal(b))]
	Feat 1159	(c=8)	weight -0.32331508910119:	Num[Or(Forall(Star(on),Or(Nominal(a),Nominal(b))),clear)]
	Feat 1290	(c=8)	weight 0.31951361352096:	Num[Or(Exists(on,Exists(on,ontable)),Not(Nominal(b)))]
	Feat 1322	(c=8)	weight 0.22926548172132:	Num[Or(And(Forall(on,Nominal(a)),Nominal(b)),Not(clear))]
	Feat 1422	(c=8)	weight 2.3909659195349:	Bool[And(Forall(on,Or(Not(Nominal(b)),ontable)),Nominal(a))]
	Feat 1450	(c=8)	weight 0.69546190223441:	Bool[And(Exists(on,And(Not(Nominal(a)),ontable)),Nominal(b))]
	Feat 1454	(c=8)	weight -0.16594408621791:	Num[Or(Exists(on,And(Not(Nominal(a)),ontable)),holding)]
	Feat 1707	(c=8)	weight 0.056035545707353:	Num[Or(Exists(on,Exists(on,Exists(on,<universe>))),Nominal(b))]
	Feat 1816	(c=8)	weight -2.345417066933:	Num[Or(And(Forall(Inverse(on),clear),Nominal(b)),Nominal(a))]
	Feat 1866	(c=8)	weight 0.61146588311929:	Num[Not(And(Exists(on,Exists(on,Nominal(b))),clear))]
	Feat 2146	(c=8)	weight 0.0086154670913229:	Num[Not(And(Forall(on,Nominal(a)),Or(clear,ontable)))]
	Feat 2314	(c=8)	weight 0.42165171397231:	Num[Or(Or(Nominal(a),Nominal(b)),Exists(Inverse(on),clear))]
	Feat 2372	(c=8)	weight 0.85162944750405:	Num[Or(And(holding,Nominal(a)),Exists(Star(on),Nominal(a)))]
	Feat 2476	(c=8)	weight 0.89745276207453:	Num[Or(And(Not(clear),Nominal(b)),Exists(on,Nominal(a)))]
	Feat 2677	(c=8)	weight 8.5523782327181:	Bool[And(Or(Not(Nominal(a)),clear),Exists(on,Nominal(b)))]
	Feat 2746	(c=8)	weight 0.64386218623846:	Bool[And(Forall(on,Not(Nominal(a))),And(clear,Nominal(b)))]
	Feat 3244	(c=8)	weight -0.061961564657476:	Atom[handempty] Num[Forall(on,Forall(on,Not(Nominal(b))))]
	Feat 3624	(c=8)	weight 0.04376697743784:	Bool[holding] Num[Or(Exists(Inverse(on),clear),Nominal(b))]
	Feat 3642	(c=8)	weight 0.063612210342694:	Bool[holding] Num[Forall(on,Not(Or(ontable,Nominal(b))))]
	Feat 3890	(c=7)	weight -2.9029714592787:	Bool[And(clear,Nominal(b))] Bool[And(holding,Nominal(a))]
	Feat 4179	(c=8)	weight 0.81773428816488:	Bool[And(ontable,Nominal(a))] Bool[And(Forall(on,<empty>),Nominal(a))]
	Feat 4338	(c=6)	weight 0.14609781989249:	Bool[Exists(on,Nominal(a))] Num[Forall(on,<empty>)]
	Feat 4484	(c=8)	weight 0.13188337058071:	Bool[And(Not(clear),Nominal(a))] Num[Or(ontable,Nominal(b))]
	Feat 4653	(c=8)	weight 0.051850080903579:	Bool[And(Forall(on,ontable),Nominal(a))] Num[Exists(on,<universe>)]
	Feat 4696	(c=8)	weight -0.015886860365624:	Bool[And(Forall(Star(on),Nominal(a)),Nominal(b))] Num[clear]
Score -1.624971149177607
Lambda=0.009519550699583313
	Feat 22	(c=3)	weight -7.1803180296118:	Bool[Exists(on,Nominal(b))]
	Feat 25	(c=3)	weight 0.033043563933529:	Bool[Exists(on,Nominal(a))]
	Feat 347	(c=6)	weight 0.10097620188775:	Bool[And(Forall(on,<empty>),And(clear,Nominal(b)))]
	Feat 473	(c=7)	weight -1.5828599282182:	Bool[And(Forall(on,Exists(on,Nominal(a))),Nominal(b))]
	Feat 569	(c=7)	weight -0.42447501563889:	Num[Exists(Star(on),And(Not(Nominal(b)),ontable))]
	Feat 689	(c=7)	weight -0.30231772221536:	Num[Or(Forall(on,Or(ontable,Nominal(b))),Nominal(b))]
	Feat 918	(c=7)	weight 0.018442258757792:	Num[And(Exists(on,ontable),Or(clear,Nominal(b)))]
	Feat 1132	(c=8)	weight 0.056264898513103:	Num[And(Forall(Inverse(on),Or(clear,Nominal(b))),ontable)]
	Feat 1145	(c=8)	weight -0.32172217651416:	Num[Or(Forall(Inverse(Star(on)),Not(Nominal(a))),ontable)]
	Feat 1151	(c=8)	weight 1.7034180980929:	Bool[And(Forall(on,Exists(Star(on),Nominal(a))),Nominal(b))]
	Feat 1159	(c=8)	weight -0.42800659265957:	Num[Or(Forall(Star(on),Or(Nominal(a),Nominal(b))),clear)]
	Feat 1234	(c=8)	weight -0.027587433491666:	Num[And(Not(Or(And(clear,Nominal(a)),Nominal(b))),ontable)]
	Feat 1290	(c=8)	weight 0.43825113767794:	Num[Or(Exists(on,Exists(on,ontable)),Not(Nominal(b)))]
	Feat 1322	(c=8)	weight 0.21397548290421:	Num[Or(And(Forall(on,Nominal(a)),Nominal(b)),Not(clear))]
	Feat 1422	(c=8)	weight 2.3091624576894:	Bool[And(Forall(on,Or(Not(Nominal(b)),ontable)),Nominal(a))]
	Feat 1450	(c=8)	weight 0.72398489265993:	Bool[And(Exists(on,And(Not(Nominal(a)),ontable)),Nominal(b))]
	Feat 1454	(c=8)	weight -0.2084868603626:	Num[Or(Exists(on,And(Not(Nominal(a)),ontable)),holding)]
	Feat 1816	(c=8)	weight -2.2810532789356:	Num[Or(And(Forall(Inverse(on),clear),Nominal(b)),Nominal(a))]
	Feat 1866	(c=8)	weight 0.60275255553918:	Num[Not(And(Exists(on,Exists(on,Nominal(b))),clear))]
	Feat 2314	(c=8)	weight 0.55838844316301:	Num[Or(Or(Nominal(a),Nominal(b)),Exists(Inverse(on),clear))]
	Feat 2372	(c=8)	weight 0.83926962862576:	Num[Or(And(holding,Nominal(a)),Exists(Star(on),Nominal(a)))]
	Feat 2476	(c=8)	weight 0.9544474506729:	Num[Or(And(Not(clear),Nominal(b)),Exists(on,Nominal(a)))]
	Feat 2677	(c=8)	weight 8.7257961366853:	Bool[And(Or(Not(Nominal(a)),clear),Exists(on,Nominal(b)))]
	Feat 2746	(c=8)	weight 0.60727761540361:	Bool[And(Forall(on,Not(Nominal(a))),And(clear,Nominal(b)))]
	Feat 3244	(c=8)	weight -0.067510477130878:	Atom[handempty] Num[Forall(on,Forall(on,Not(Nominal(b))))]
	Feat 3624	(c=8)	weight 0.046774879915233:	Bool[holding] Num[Or(Exists(Inverse(on),clear),Nominal(b))]
	Feat 3642	(c=8)	weight 0.07815538766756:	Bool[holding] Num[Forall(on,Not(Or(ontable,Nominal(b))))]
	Feat 3890	(c=7)	weight -2.9588058057294:	Bool[And(clear,Nominal(b))] Bool[And(holding,Nominal(a))]
	Feat 3993	(c=8)	weight 0.0042815290241805:	Bool[And(holding,Nominal(a))] Num[Not(Or(clear,ontable))]
	Feat 4179	(c=8)	weight 0.81039492996959:	Bool[And(ontable,Nominal(a))] Bool[And(Forall(on,<empty>),Nominal(a))]
	Feat 4325	(c=8)	weight -0.020494712475235:	Bool[Exists(on,Nominal(b))] Bool[Exists(Inverse(on),Nominal(b))]
	Feat 4338	(c=6)	weight 0.1452229708636:	Bool[Exists(on,Nominal(a))] Num[Forall(on,<empty>)]
	Feat 4372	(c=8)	weight 0.028602372741055:	Bool[Exists(on,Nominal(a))] Bool[And(Not(clear),Nominal(a))]
	Feat 4484	(c=8)	weight 0.14409913040414:	Bool[And(Not(clear),Nominal(a))] Num[Or(ontable,Nominal(b))]
	Feat 4653	(c=8)	weight 0.074264921439596:	Bool[And(Forall(on,ontable),Nominal(a))] Num[Exists(on,<universe>)]
	Feat 4696	(c=8)	weight -0.012632072475309:	Bool[And(Forall(Star(on),Nominal(a)),Nominal(b))] Num[clear]
Score -1.5755887805208784
Lambda=0.005862598268490724
	Feat 22	(c=3)	weight -7.2026475046305:	Bool[Exists(on,Nominal(b))]
	Feat 25	(c=3)	weight 0.1268201417516:	Bool[Exists(on,Nominal(a))]
	Feat 347	(c=6)	weight 0.32631231538103:	Bool[And(Forall(on,<empty>),And(clear,Nominal(b)))]
	Feat 473	(c=7)	weight -1.7044907708838:	Bool[And(Forall(on,Exists(on,Nominal(a))),Nominal(b))]
	Feat 485	(c=7)	weight 0.32808155597744:	Num[Or(Exists(on,Exists(on,ontable)),Nominal(b))]
	Feat 569	(c=7)	weight -0.40210552639305:	Num[Exists(Star(on),And(Not(Nominal(b)),ontable))]
	Feat 689	(c=7)	weight -0.43645215110582:	Num[Or(Forall(on,Or(ontable,Nominal(b))),Nominal(b))]
	Feat 765	(c=7)	weight 0.24752911138756:	Num[Not(And(Forall(Star(on),Nominal(a)),Nominal(b)))]
	Feat 918	(c=7)	weight 0.22929747075903:	Num[And(Exists(on,ontable),Or(clear,Nominal(b)))]
	Feat 1132	(c=8)	weight 0.19335736426423:	Num[And(Forall(Inverse(on),Or(clear,Nominal(b))),ontable)]
	Feat 1145	(c=8)	weight -0.39266364020091:	Num[Or(Forall(Inverse(Star(on)),Not(Nominal(a))),ontable)]
	Feat 1151	(c=8)	weight 1.7190885706722:	Bool[And(Forall(on,Exists(Star(on),Nominal(a))),Nominal(b))]
	Feat 1159	(c=8)	weight -0.55448194925667:	Num[Or(Forall(Star(on),Or(Nominal(a),Nominal(b))),clear)]
	Feat 1234	(c=8)	weight -0.11217826559661:	Num[And(Not(Or(And(clear,Nominal(a)),Nominal(b))),ontable)]
	Feat 1290	(c=8)	weight 0.81862435255197:	Num[Or(Exists(on,Exists(on,ontable)),Not(Nominal(b)))]
	Feat 1322	(c=8)	weight 0.16388705256518:	Num[Or(And(Forall(on,Nominal(a)),Nominal(b)),Not(clear))]
	Feat 1422	(c=8)	weight 2.2709298847162:	Bool[And(Forall(on,Or(Not(Nominal(b)),ontable)),Nominal(a))]
	Feat 1450	(c=8)	weight 0.39203499509142:	Bool[And(Exists(on,And(Not(Nominal(a)),ontable)),Nominal(b))]
	Feat 1454	(c=8)	weight -0.26803542669245:	Num[Or(Exists(on,And(Not(Nominal(a)),ontable)),holding)]
	Feat 1770	(c=8)	weight -0.24371279910246:	Num[Exists(on,Forall(on,Not(And(ontable,Nominal(b)))))]
	Feat 1816	(c=8)	weight -2.1325431055541:	Num[Or(And(Forall(Inverse(on),clear),Nominal(b)),Nominal(a))]
	Feat 1866	(c=8)	weight 0.59890426620293:	Num[Not(And(Exists(on,Exists(on,Nominal(b))),clear))]
	Feat 2314	(c=8)	weight 0.70489296186146:	Num[Or(Or(Nominal(a),Nominal(b)),Exists(Inverse(on),clear))]
	Feat 2372	(c=8)	weight 0.857169027033:	Num[Or(And(holding,Nominal(a)),Exists(Star(on),Nominal(a)))]
	Feat 2476	(c=8)	weight 1.0725767995958:	Num[Or(And(Not(clear),Nominal(b)),Exists(on,Nominal(a)))]
	Feat 2677	(c=8)	weight 8.8424183910122:	Bool[And(Or(Not(Nominal(a)),clear),Exists(on,Nominal(b)))]
	Feat 2746	(c=8)	weight 0.50556828897908:	Bool[And(Forall(on,Not(Nominal(a))),And(clear,Nominal(b)))]
	Feat 3244	(c=8)	weight -0.071717553811161:	Atom[handempty] Num[Forall(on,Forall(on,Not(Nominal(b))))]
	Feat 3624	(c=8)	weight 0.070980733286959:	Bool[holding] Num[Or(Exists(Inverse(on),clear),Nominal(b))]
	Feat 3642	(c=8)	weight 0.09352452593784:	Bool[holding] Num[Forall(on,Not(Or(ontable,Nominal(b))))]
	Feat 3701	(c=8)	weight -0.0003549241316192:	Bool[holding] Bool[Exists(on,And(Not(ontable),Nominal(b)))]
	Feat 3890	(c=7)	weight -3.0164037282371:	Bool[And(clear,Nominal(b))] Bool[And(holding,Nominal(a))]
	Feat 3991	(c=8)	weight -0.0039953057025792:	Bool[And(holding,Nominal(a))] Bool[And(Not(holding),Nominal(b))]
	Feat 3993	(c=8)	weight 0.028907563416604:	Bool[And(holding,Nominal(a))] Num[Not(Or(clear,ontable))]
	Feat 3995	(c=8)	weight -0.00039002501551555:	Bool[And(holding,Nominal(a))] Num[Or(Not(Nominal(a)),holding)]
	Feat 4179	(c=8)	weight 0.77774824241009:	Bool[And(ontable,Nominal(a))] Bool[And(Forall(on,<empty>),Nominal(a))]
	Feat 4325	(c=8)	weight -0.15335196317007:	Bool[Exists(on,Nominal(b))] Bool[Exists(Inverse(on),Nominal(b))]
	Feat 4338	(c=6)	weight 0.13789617811148:	Bool[Exists(on,Nominal(a))] Num[Forall(on,<empty>)]
	Feat 4462	(c=8)	weight -0.024094377125375:	Bool[And(Forall(on,<empty>),Nominal(b))] Num[Or(holding,Nominal(a))]
	Feat 4484	(c=8)	weight 0.13985782363936:	Bool[And(Not(clear),Nominal(a))] Num[Or(ontable,Nominal(b))]
	Feat 4653	(c=8)	weight 0.099127819789753:	Bool[And(Forall(on,ontable),Nominal(a))] Num[Exists(on,<universe>)]
	Feat 4696	(c=8)	weight -0.034377770643372:	Bool[And(Forall(Star(on),Nominal(a)),Nominal(b))] Num[clear]
Score -3.8362760457345413
Lambda=0.003610470655848796
	Feat 17	(c=3)	weight -0.017886006656677:	Num[Or(ontable,Nominal(b))]
	Feat 22	(c=3)	weight -7.2199545006493:	Bool[Exists(on,Nominal(b))]
	Feat 347	(c=6)	weight 0.62465037842178:	Bool[And(Forall(on,<empty>),And(clear,Nominal(b)))]
	Feat 473	(c=7)	weight -1.7490379406072:	Bool[And(Forall(on,Exists(on,Nominal(a))),Nominal(b))]
	Feat 485	(c=7)	weight 0.57457691055353:	Num[Or(Exists(on,Exists(on,ontable)),Nominal(b))]
	Feat 569	(c=7)	weight -0.38588113324645:	Num[Exists(Star(on),And(Not(Nominal(b)),ontable))]
	Feat 689	(c=7)	weight -0.53383426750852:	Num[Or(Forall(on,Or(ontable,Nominal(b))),Nominal(b))]
	Feat 765	(c=7)	weight 0.37128232182596:	Num[Not(And(Forall(Star(on),Nominal(a)),Nominal(b)))]
	Feat 918	(c=7)	weight 0.46799654826548:	Num[And(Exists(on,ontable),Or(clear,Nominal(b)))]
	Feat 1132	(c=8)	weight 0.19819295836352:	Num[And(Forall(Inverse(on),Or(clear,Nominal(b))),ontable)]
	Feat 1145	(c=8)	weight -0.45591243489488:	Num[Or(Forall(Inverse(Star(on)),Not(Nominal(a))),ontable)]
	Feat 1151	(c=8)	weight 1.6777899971212:	Bool[And(Forall(on,Exists(Star(on),Nominal(a))),Nominal(b))]
	Feat 1159	(c=8)	weight -0.69582936525961:	Num[Or(Forall(Star(on),Or(Nominal(a),Nominal(b))),clear)]
	Feat 1234	(c=8)	weight -0.17856134274852:	Num[And(Not(Or(And(clear,Nominal(a)),Nominal(b))),ontable)]
	Feat 1290	(c=8)	weight 1.0958546095251:	Num[Or(Exists(on,Exists(on,ontable)),Not(Nominal(b)))]
	Feat 1322	(c=8)	weight 0.055057043931052:	Num[Or(And(Forall(on,Nominal(a)),Nominal(b)),Not(clear))]
	Feat 1422	(c=8)	weight 2.2707468316341:	Bool[And(Forall(on,Or(Not(Nominal(b)),ontable)),Nominal(a))]
	Feat 1450	(c=8)	weight 0.14763951124148:	Bool[And(Exists(on,And(Not(Nominal(a)),ontable)),Nominal(b))]
	Feat 1454	(c=8)	weight -0.28816716933167:	Num[Or(Exists(on,And(Not(Nominal(a)),ontable)),holding)]
	Feat 1604	(c=8)	weight 0.0062930669011366:	Num[Or(Forall(on,Forall(on,Not(Nominal(a)))),clear)]
	Feat 1770	(c=8)	weight -0.51577745995585:	Num[Exists(on,Forall(on,Not(And(ontable,Nominal(b)))))]
	Feat 1816	(c=8)	weight -2.0251760192957:	Num[Or(And(Forall(Inverse(on),clear),Nominal(b)),Nominal(a))]
	Feat 1866	(c=8)	weight 0.59539784112538:	Num[Not(And(Exists(on,Exists(on,Nominal(b))),clear))]
	Feat 2146	(c=8)	weight 1.745801909502e-05:	Num[Not(And(Forall(on,Nominal(a)),Or(clear,ontable)))]
	Feat 2314	(c=8)	weight 0.78152813126404:	Num[Or(Or(Nominal(a),Nominal(b)),Exists(Inverse(on),clear))]
	Feat 2372	(c=8)	weight 0.91032268280926:	Num[Or(And(holding,Nominal(a)),Exists(Star(on),Nominal(a)))]
	Feat 2476	(c=8)	weight 1.1788105961885:	Num[Or(And(Not(clear),Nominal(b)),Exists(on,Nominal(a)))]
	Feat 2677	(c=8)	weight 8.8937614581207:	Bool[And(Or(Not(Nominal(a)),clear),Exists(on,Nominal(b)))]
	Feat 2746	(c=8)	weight 0.40764052313358:	Bool[And(Forall(on,Not(Nominal(a))),And(clear,Nominal(b)))]
	Feat 3244	(c=8)	weight -0.09214669391609:	Atom[handempty] Num[Forall(on,Forall(on,Not(Nominal(b))))]
	Feat 3624	(c=8)	weight 0.073947541846232:	Bool[holding] Num[Or(Exists(Inverse(on),clear),Nominal(b))]
	Feat 3642	(c=8)	weight 0.095420375944481:	Bool[holding] Num[Forall(on,Not(Or(ontable,Nominal(b))))]
	Feat 3701	(c=8)	weight -0.065571400677097:	Bool[holding] Bool[Exists(on,And(Not(ontable),Nominal(b)))]
	Feat 3890	(c=7)	weight -3.0060480293681:	Bool[And(clear,Nominal(b))] Bool[And(holding,Nominal(a))]
	Feat 3991	(c=8)	weight -0.7147604082784:	Bool[And(holding,Nominal(a))] Bool[And(Not(holding),Nominal(b))]
	Feat 3993	(c=8)	weight 0.16236651085889:	Bool[And(holding,Nominal(a))] Num[Not(Or(clear,ontable))]
	Feat 3995	(c=8)	weight -0.00044981930823834:	Bool[And(holding,Nominal(a))] Num[Or(Not(Nominal(a)),holding)]
	Feat 4105	(c=8)	weight 0.0006009181874505:	Bool[And(holding,Nominal(b))] Num[Forall(Star(on),Nominal(a))]
	Feat 4179	(c=8)	weight 0.77675759331582:	Bool[And(ontable,Nominal(a))] Bool[And(Forall(on,<empty>),Nominal(a))]
	Feat 4325	(c=8)	weight -0.25625373329984:	Bool[Exists(on,Nominal(b))] Bool[Exists(Inverse(on),Nominal(b))]
	Feat 4338	(c=6)	weight 0.079964222181022:	Bool[Exists(on,Nominal(a))] Num[Forall(on,<empty>)]
	Feat 4462	(c=8)	weight -0.1090823070101:	Bool[And(Forall(on,<empty>),Nominal(b))] Num[Or(holding,Nominal(a))]
	Feat 4484	(c=8)	weight 0.21534043323645:	Bool[And(Not(clear),Nominal(a))] Num[Or(ontable,Nominal(b))]
	Feat 4653	(c=8)	weight 0.1161010596363:	Bool[And(Forall(on,ontable),Nominal(a))] Num[Exists(on,<universe>)]
	Feat 4696	(c=8)	weight -0.052509683996253:	Bool[And(Forall(Star(on),Nominal(a)),Nominal(b))] Num[clear]
Score -4.0553022019401075
Lambda=0.0022235018945108644
	Feat 17	(c=3)	weight -0.060337642021841:	Num[Or(ontable,Nominal(b))]
	Feat 22	(c=3)	weight -7.1490365415197:	Bool[Exists(on,Nominal(b))]
	Feat 88	(c=5)	weight 0.000241714926062:	Num[Or(Exists(Inverse(on),<universe>),Nominal(b))]
	Feat 347	(c=6)	weight 0.83816242295506:	Bool[And(Forall(on,<empty>),And(clear,Nominal(b)))]
	Feat 473	(c=7)	weight -1.7851623161433:	Bool[And(Forall(on,Exists(on,Nominal(a))),Nominal(b))]
	Feat 485	(c=7)	weight 0.73639719946545:	Num[Or(Exists(on,Exists(on,ontable)),Nominal(b))]
	Feat 569	(c=7)	weight -0.36706687293505:	Num[Exists(Star(on),And(Not(Nominal(b)),ontable))]
	Feat 689	(c=7)	weight -0.57413705114506:	Num[Or(Forall(on,Or(ontable,Nominal(b))),Nominal(b))]
	Feat 765	(c=7)	weight 0.45544403039505:	Num[Not(And(Forall(Star(on),Nominal(a)),Nominal(b)))]
	Feat 769	(c=7)	weight 0.024864977725749:	Num[Or(And(Or(clear,ontable),Nominal(a)),holding)]
	Feat 918	(c=7)	weight 0.61309251830602:	Num[And(Exists(on,ontable),Or(clear,Nominal(b)))]
	Feat 1132	(c=8)	weight 0.22421775762959:	Num[And(Forall(Inverse(on),Or(clear,Nominal(b))),ontable)]
	Feat 1145	(c=8)	weight -0.49459961618995:	Num[Or(Forall(Inverse(Star(on)),Not(Nominal(a))),ontable)]
	Feat 1151	(c=8)	weight 1.6547526510702:	Bool[And(Forall(on,Exists(Star(on),Nominal(a))),Nominal(b))]
	Feat 1159	(c=8)	weight -0.78246748616919:	Num[Or(Forall(Star(on),Or(Nominal(a),Nominal(b))),clear)]
	Feat 1234	(c=8)	weight -0.24513528855496:	Num[And(Not(Or(And(clear,Nominal(a)),Nominal(b))),ontable)]
	Feat 1290	(c=8)	weight 1.2829058260487:	Num[Or(Exists(on,Exists(on,ontable)),Not(Nominal(b)))]
	Feat 1422	(c=8)	weight 2.2712191600216:	Bool[And(Forall(on,Or(Not(Nominal(b)),ontable)),Nominal(a))]
	Feat 1450	(c=8)	weight 0.012303022692586:	Bool[And(Exists(on,And(Not(Nominal(a)),ontable)),Nominal(b))]
	Feat 1454	(c=8)	weight -0.31840583965489:	Num[Or(Exists(on,And(Not(Nominal(a)),ontable)),holding)]
	Feat 1604	(c=8)	weight 0.022346276929249:	Num[Or(Forall(on,Forall(on,Not(Nominal(a)))),clear)]
	Feat 1718	(c=8)	weight -0.0036123969406195:	Num[Exists(on,Exists(on,Forall(on,Exists(on,<universe>))))]
	Feat 1770	(c=8)	weight -0.71354347155005:	Num[Exists(on,Forall(on,Not(And(ontable,Nominal(b)))))]
	Feat 1816	(c=8)	weight -1.9580990855299:	Num[Or(And(Forall(Inverse(on),clear),Nominal(b)),Nominal(a))]
	Feat 1866	(c=8)	weight 0.59020233064223:	Num[Not(And(Exists(on,Exists(on,Nominal(b))),clear))]
	Feat 2146	(c=8)	weight 0.00018028192455591:	Num[Not(And(Forall(on,Nominal(a)),Or(clear,ontable)))]
	Feat 2314	(c=8)	weight 0.8248048221592:	Num[Or(Or(Nominal(a),Nominal(b)),Exists(Inverse(on),clear))]
	Feat 2372	(c=8)	weight 0.94322400604325:	Num[Or(And(holding,Nominal(a)),Exists(Star(on),Nominal(a)))]
	Feat 2476	(c=8)	weight 1.2088889233325:	Num[Or(And(Not(clear),Nominal(b)),Exists(on,Nominal(a)))]
	Feat 2677	(c=8)	weight 8.9202323106969:	Bool[And(Or(Not(Nominal(a)),clear),Exists(on,Nominal(b)))]
	Feat 2746	(c=8)	weight 0.35703497248354:	Bool[And(Forall(on,Not(Nominal(a))),And(clear,Nominal(b)))]
	Feat 3187	(c=8)	weight -0.00041820279777009:	Atom[handempty] Num[Or(Not(ontable),Or(clear,Nominal(a)))]
	Feat 3244	(c=8)	weight -0.097647794179416:	Atom[handempty] Num[Forall(on,Forall(on,Not(Nominal(b))))]
	Feat 3624	(c=8)	weight 0.068759048834988:	Bool[holding] Num[Or(Exists(Inverse(on),clear),Nominal(b))]
	Feat 3642	(c=8)	weight 0.10049993885416:	Bool[holding] Num[Forall(on,Not(Or(ontable,Nominal(b))))]
	Feat 3701	(c=8)	weight -0.121274100617:	Bool[holding] Bool[Exists(on,And(Not(ontable),Nominal(b)))]
	Feat 3890	(c=7)	weight -3.0076142337424:	Bool[And(clear,Nominal(b))] Bool[And(holding,Nominal(a))]
	Feat 3991	(c=8)	weight -1.1037500098671:	Bool[And(holding,Nominal(a))] Bool[And(Not(holding),Nominal(b))]
	Feat 3993	(c=8)	weight 0.23876889789193:	Bool[And(holding,Nominal(a))] Num[Not(Or(clear,ontable))]
	Feat 3995	(c=8)	weight -0.00045479811953365:	Bool[And(holding,Nominal(a))] Num[Or(Not(Nominal(a)),holding)]
	Feat 4105	(c=8)	weight 0.044921553930978:	Bool[And(holding,Nominal(b))] Num[Forall(Star(on),Nominal(a))]
	Feat 4179	(c=8)	weight 0.74353585981131:	Bool[And(ontable,Nominal(a))] Bool[And(Forall(on,<empty>),Nominal(a))]
	Feat 4265	(c=6)	weight 0.0014925213132376:	Bool[Exists(on,Nominal(b))] Num[Forall(on,<empty>)]
	Feat 4325	(c=8)	weight -0.38354666757263:	Bool[Exists(on,Nominal(b))] Bool[Exists(Inverse(on),Nominal(b))]
	Feat 4338	(c=6)	weight 0.04157634539033:	Bool[Exists(on,Nominal(a))] Num[Forall(on,<empty>)]
	Feat 4462	(c=8)	weight -0.19176245013492:	Bool[And(Forall(on,<empty>),Nominal(b))] Num[Or(holding,Nominal(a))]
	Feat 4484	(c=8)	weight 0.25665251089214:	Bool[And(Not(clear),Nominal(a))] Num[Or(ontable,Nominal(b))]
	Feat 4653	(c=8)	weight 0.12696236666893:	Bool[And(Forall(on,ontable),Nominal(a))] Num[Exists(on,<universe>)]
	Feat 4696	(c=8)	weight -0.071577960511305:	Bool[And(Forall(Star(on),Nominal(a)),Nominal(b))] Num[clear]
Score -4.411013118968377
Lambda=0.001369339664036436
	Feat 17	(c=3)	weight -0.090113660351096:	Num[Or(ontable,Nominal(b))]
	Feat 22	(c=3)	weight -7.1091079042964:	Bool[Exists(on,Nominal(b))]
	Feat 88	(c=5)	weight 0.03020133085764:	Num[Or(Exists(Inverse(on),<universe>),Nominal(b))]
	Feat 204	(c=6)	weight -0.0048655203964931:	Num[Or(Not(Nominal(a)),Forall(on,ontable))]
	Feat 347	(c=6)	weight 0.90868739825456:	Bool[And(Forall(on,<empty>),And(clear,Nominal(b)))]
	Feat 457	(c=7)	weight -0.00032020709351625:	Num[Forall(on,Or(Forall(on,Nominal(a)),Nominal(a)))]
	Feat 473	(c=7)	weight -1.8088673153538:	Bool[And(Forall(on,Exists(on,Nominal(a))),Nominal(b))]
	Feat 485	(c=7)	weight 0.8264828324361:	Num[Or(Exists(on,Exists(on,ontable)),Nominal(b))]
	Feat 569	(c=7)	weight -0.36054997025116:	Num[Exists(Star(on),And(Not(Nominal(b)),ontable))]
	Feat 689	(c=7)	weight -0.56336462463236:	Num[Or(Forall(on,Or(ontable,Nominal(b))),Nominal(b))]
	Feat 765	(c=7)	weight 0.47857891911381:	Num[Not(And(Forall(Star(on),Nominal(a)),Nominal(b)))]
	Feat 769	(c=7)	weight 0.012744882420111:	Num[Or(And(Or(clear,ontable),Nominal(a)),holding)]
	Feat 918	(c=7)	weight 0.68188672597437:	Num[And(Exists(on,ontable),Or(clear,Nominal(b)))]
	Feat 1132	(c=8)	weight 0.23874250873413:	Num[And(Forall(Inverse(on),Or(clear,Nominal(b))),ontable)]
	Feat 1145	(c=8)	weight -0.52405305309827:	Num[Or(Forall(Inverse(Star(on)),Not(Nominal(a))),ontable)]
	Feat 1151	(c=8)	weight 1.6532345258128:	Bool[And(Forall(on,Exists(Star(on),Nominal(a))),Nominal(b))]
	Feat 1159	(c=8)	weight -0.84383750312079:	Num[Or(Forall(Star(on),Or(Nominal(a),Nominal(b))),clear)]
	Feat 1234	(c=8)	weight -0.28423862154233:	Num[And(Not(Or(And(clear,Nominal(a)),Nominal(b))),ontable)]
	Feat 1290	(c=8)	weight 1.399228192264:	Num[Or(Exists(on,Exists(on,ontable)),Not(Nominal(b)))]
	Feat 1422	(c=8)	weight 2.2714985671295:	Bool[And(Forall(on,Or(Not(Nominal(b)),ontable)),Nominal(a))]
	Feat 1454	(c=8)	weight -0.38607006628013:	Num[Or(Exists(on,And(Not(Nominal(a)),ontable)),holding)]
	Feat 1604	(c=8)	weight 0.04119484979438:	Num[Or(Forall(on,Forall(on,Not(Nominal(a)))),clear)]
	Feat 1718	(c=8)	weight -0.041726250581959:	Num[Exists(on,Exists(on,Forall(on,Exists(on,<universe>))))]
	Feat 1770	(c=8)	weight -0.8436066211607:	Num[Exists(on,Forall(on,Not(And(ontable,Nominal(b)))))]
	Feat 1816	(c=8)	weight -1.9203626184187:	Num[Or(And(Forall(Inverse(on),clear),Nominal(b)),Nominal(a))]
	Feat 1866	(c=8)	weight 0.58551568492235:	Num[Not(And(Exists(on,Exists(on,Nominal(b))),clear))]
	Feat 2146	(c=8)	weight 0.0033492465857509:	Num[Not(And(Forall(on,Nominal(a)),Or(clear,ontable)))]
	Feat 2314	(c=8)	weight 0.84428566561908:	Num[Or(Or(Nominal(a),Nominal(b)),Exists(Inverse(on),clear))]
	Feat 2372	(c=8)	weight 0.96959898906329:	Num[Or(And(holding,Nominal(a)),Exists(Star(on),Nominal(a)))]
	Feat 2430	(c=8)	weight 0.00061002017407574:	Num[Or(And(Forall(on,<empty>),Nominal(b)),And(clear,Nominal(a)))]
	Feat 2476	(c=8)	weight 1.2151720895395:	Num[Or(And(Not(clear),Nominal(b)),Exists(on,Nominal(a)))]
	Feat 2677	(c=8)	weight 8.9308491372241:	Bool[And(Or(Not(Nominal(a)),clear),Exists(on,Nominal(b)))]
	Feat 2746	(c=8)	weight 0.34955950932277:	Bool[And(Forall(on,Not(Nominal(a))),And(clear,Nominal(b)))]
	Feat 3187	(c=8)	weight -0.024033863605977:	Atom[handempty] Num[Or(Not(ontable),Or(clear,Nominal(a)))]
	Feat 3244	(c=8)	weight -0.094039780405661:	Atom[handempty] Num[Forall(on,Forall(on,Not(Nominal(b))))]
	Feat 3321	(c=8)	weight -0.00011496410577702:	Atom[handempty] Num[Not(Or(Exists(on,ontable),Nominal(a)))]
	Feat 3624	(c=8)	weight 0.074311280444569:	Bool[holding] Num[Or(Exists(Inverse(on),clear),Nominal(b))]
	Feat 3642	(c=8)	weight 0.091408322295579:	Bool[holding] Num[Forall(on,Not(Or(ontable,Nominal(b))))]
	Feat 3701	(c=8)	weight -0.17568626786382:	Bool[holding] Bool[Exists(on,And(Not(ontable),Nominal(b)))]
	Feat 3890	(c=7)	weight -3.0070839716549:	Bool[And(clear,Nominal(b))] Bool[And(holding,Nominal(a))]
	Feat 3991	(c=8)	weight -1.3552635083771:	Bool[And(holding,Nominal(a))] Bool[And(Not(holding),Nominal(b))]
	Feat 3993	(c=8)	weight 0.28468232907317:	Bool[And(holding,Nominal(a))] Num[Not(Or(clear,ontable))]
	Feat 3995	(c=8)	weight -0.00049162908463284:	Bool[And(holding,Nominal(a))] Num[Or(Not(Nominal(a)),holding)]
	Feat 4105	(c=8)	weight 0.075920791330369:	Bool[And(holding,Nominal(b))] Num[Forall(Star(on),Nominal(a))]
	Feat 4179	(c=8)	weight 0.72329711522056:	Bool[And(ontable,Nominal(a))] Bool[And(Forall(on,<empty>),Nominal(a))]
	Feat 4265	(c=6)	weight 0.014177232048458:	Bool[Exists(on,Nominal(b))] Num[Forall(on,<empty>)]
	Feat 4325	(c=8)	weight -0.45101397599269:	Bool[Exists(on,Nominal(b))] Bool[Exists(Inverse(on),Nominal(b))]
	Feat 4338	(c=6)	weight 0.012231679346132:	Bool[Exists(on,Nominal(a))] Num[Forall(on,<empty>)]
	Feat 4462	(c=8)	weight -0.23941409451102:	Bool[And(Forall(on,<empty>),Nominal(b))] Num[Or(holding,Nominal(a))]
	Feat 4484	(c=8)	weight 0.27860342927271:	Bool[And(Not(clear),Nominal(a))] Num[Or(ontable,Nominal(b))]
	Feat 4549	(c=8)	weight 7.9895681284989e-05:	Bool[And(Not(ontable),Nominal(b))] Num[Or(clear,Nominal(a))]
	Feat 4653	(c=8)	weight 0.13635616412475:	Bool[And(Forall(on,ontable),Nominal(a))] Num[Exists(on,<universe>)]
	Feat 4696	(c=8)	weight -0.070949844870181:	Bool[And(Forall(Star(on),Nominal(a)),Nominal(b))] Num[clear]
Score -4.545994460321708
Lambda=0.0008433053824385929
	Feat 17	(c=3)	weight -0.07773737229834:	Num[Or(ontable,Nominal(b))]
	Feat 22	(c=3)	weight -7.0631646012247:	Bool[Exists(on,Nominal(b))]
	Feat 88	(c=5)	weight 0.03338515455968:	Num[Or(Exists(Inverse(on),<universe>),Nominal(b))]
	Feat 204	(c=6)	weight -0.04118597352223:	Num[Or(Not(Nominal(a)),Forall(on,ontable))]
	Feat 347	(c=6)	weight 0.99197454439387:	Bool[And(Forall(on,<empty>),And(clear,Nominal(b)))]
	Feat 457	(c=7)	weight -0.038257891157289:	Num[Forall(on,Or(Forall(on,Nominal(a)),Nominal(a)))]
	Feat 473	(c=7)	weight -1.8093710966196:	Bool[And(Forall(on,Exists(on,Nominal(a))),Nominal(b))]
	Feat 485	(c=7)	weight 0.88455623040388:	Num[Or(Exists(on,Exists(on,ontable)),Nominal(b))]
	Feat 569	(c=7)	weight -0.35739818355232:	Num[Exists(Star(on),And(Not(Nominal(b)),ontable))]
	Feat 689	(c=7)	weight -0.55047075566471:	Num[Or(Forall(on,Or(ontable,Nominal(b))),Nominal(b))]
	Feat 765	(c=7)	weight 0.4992832805803:	Num[Not(And(Forall(Star(on),Nominal(a)),Nominal(b)))]
	Feat 918	(c=7)	weight 0.71810304978327:	Num[And(Exists(on,ontable),Or(clear,Nominal(b)))]
	Feat 1132	(c=8)	weight 0.25780921393316:	Num[And(Forall(Inverse(on),Or(clear,Nominal(b))),ontable)]
	Feat 1145	(c=8)	weight -0.54062213375186:	Num[Or(Forall(Inverse(Star(on)),Not(Nominal(a))),ontable)]
	Feat 1151	(c=8)	weight 1.6228388472586:	Bool[And(Forall(on,Exists(Star(on),Nominal(a))),Nominal(b))]
	Feat 1159	(c=8)	weight -0.88195582192966:	Num[Or(Forall(Star(on),Or(Nominal(a),Nominal(b))),clear)]
	Feat 1234	(c=8)	weight -0.33380616021772:	Num[And(Not(Or(And(clear,Nominal(a)),Nominal(b))),ontable)]
	Feat 1290	(c=8)	weight 1.4583227857419:	Num[Or(Exists(on,Exists(on,ontable)),Not(Nominal(b)))]
	Feat 1422	(c=8)	weight 2.2811946880756:	Bool[And(Forall(on,Or(Not(Nominal(b)),ontable)),Nominal(a))]
	Feat 1450	(c=8)	weight -0.032790700109872:	Bool[And(Exists(on,And(Not(Nominal(a)),ontable)),Nominal(b))]
	Feat 1454	(c=8)	weight -0.40262130327807:	Num[Or(Exists(on,And(Not(Nominal(a)),ontable)),holding)]
	Feat 1604	(c=8)	weight 0.059520788240711:	Num[Or(Forall(on,Forall(on,Not(Nominal(a)))),clear)]
	Feat 1718	(c=8)	weight -0.055953886309646:	Num[Exists(on,Exists(on,Forall(on,Exists(on,<universe>))))]
	Feat 1770	(c=8)	weight -0.91560300591071:	Num[Exists(on,Forall(on,Not(And(ontable,Nominal(b)))))]
	Feat 1816	(c=8)	weight -1.8817362390609:	Num[Or(And(Forall(Inverse(on),clear),Nominal(b)),Nominal(a))]
	Feat 1843	(c=8)	weight -0.00020758723558116:	Num[Or(And(Not(Nominal(b)),Forall(on,Nominal(b))),clear)]
	Feat 1866	(c=8)	weight 0.58820910993422:	Num[Not(And(Exists(on,Exists(on,Nominal(b))),clear))]
	Feat 2146	(c=8)	weight 0.0059536863502895:	Num[Not(And(Forall(on,Nominal(a)),Or(clear,ontable)))]
	Feat 2314	(c=8)	weight 0.88093869853471:	Num[Or(Or(Nominal(a),Nominal(b)),Exists(Inverse(on),clear))]
	Feat 2372	(c=8)	weight 0.99974646832443:	Num[Or(And(holding,Nominal(a)),Exists(Star(on),Nominal(a)))]
	Feat 2430	(c=8)	weight 0.018582920617834:	Num[Or(And(Forall(on,<empty>),Nominal(b)),And(clear,Nominal(a)))]
	Feat 2476	(c=8)	weight 1.2538223605913:	Num[Or(And(Not(clear),Nominal(b)),Exists(on,Nominal(a)))]
	Feat 2677	(c=8)	weight 8.9369777628611:	Bool[And(Or(Not(Nominal(a)),clear),Exists(on,Nominal(b)))]
	Feat 2746	(c=8)	weight 0.36927326441779:	Bool[And(Forall(on,Not(Nominal(a))),And(clear,Nominal(b)))]
	Feat 3187	(c=8)	weight -0.043379288065935:	Atom[handempty] Num[Or(Not(ontable),Or(clear,Nominal(a)))]
	Feat 3244	(c=8)	weight -0.093398457472299:	Atom[handempty] Num[Forall(on,Forall(on,Not(Nominal(b))))]
	Feat 3321	(c=8)	weight -0.00019281619961434:	Atom[handempty] Num[Not(Or(Exists(on,ontable),Nominal(a)))]
	Feat 3624	(c=8)	weight 0.076884793367576:	Bool[holding] Num[Or(Exists(Inverse(on),clear),Nominal(b))]
	Feat 3642	(c=8)	weight 0.080805014789982:	Bool[holding] Num[Forall(on,Not(Or(ontable,Nominal(b))))]
	Feat 3701	(c=8)	weight -0.21403632891564:	Bool[holding] Bool[Exists(on,And(Not(ontable),Nominal(b)))]
	Feat 3890	(c=7)	weight -3.007906404927:	Bool[And(clear,Nominal(b))] Bool[And(holding,Nominal(a))]
	Feat 3991	(c=8)	weight -1.4907663839723:	Bool[And(holding,Nominal(a))] Bool[And(Not(holding),Nominal(b))]
	Feat 3993	(c=8)	weight 0.30572306932983:	Bool[And(holding,Nominal(a))] Num[Not(Or(clear,ontable))]
	Feat 3995	(c=8)	weight -0.00059001862232145:	Bool[And(holding,Nominal(a))] Num[Or(Not(Nominal(a)),holding)]
	Feat 4105	(c=8)	weight 0.085482029510748:	Bool[And(holding,Nominal(b))] Num[Forall(Star(on),Nominal(a))]
	Feat 4179	(c=8)	weight 0.69708987918681:	Bool[And(ontable,Nominal(a))] Bool[And(Forall(on,<empty>),Nominal(a))]
	Feat 4265	(c=6)	weight 0.025023634156837:	Bool[Exists(on,Nominal(b))] Num[Forall(on,<empty>)]
	Feat 4325	(c=8)	weight -0.52570167665962:	Bool[Exists(on,Nominal(b))] Bool[Exists(Inverse(on),Nominal(b))]
	Feat 4338	(c=6)	weight 0.0093405777384354:	Bool[Exists(on,Nominal(a))] Num[Forall(on,<empty>)]
	Feat 4372	(c=8)	weight -0.022683134758629:	Bool[Exists(on,Nominal(a))] Bool[And(Not(clear),Nominal(a))]
	Feat 4462	(c=8)	weight -0.26970697538686:	Bool[And(Forall(on,<empty>),Nominal(b))] Num[Or(holding,Nominal(a))]
	Feat 4484	(c=8)	weight 0.29234919173978:	Bool[And(Not(clear),Nominal(a))] Num[Or(ontable,Nominal(b))]
	Feat 4549	(c=8)	weight 0.017437357544123:	Bool[And(Not(ontable),Nominal(b))] Num[Or(clear,Nominal(a))]
	Feat 4653	(c=8)	weight 0.14695390164835:	Bool[And(Forall(on,ontable),Nominal(a))] Num[Exists(on,<universe>)]
	Feat 4696	(c=8)	weight -0.063742788670342:	Bool[And(Forall(Star(on),Nominal(a)),Nominal(b))] Num[clear]
Score -4.586586192876026
Lambda=0.0005193481111571587
	Feat 0	(c=1)	weight 0.0017009373060639:	Atom[handempty]
	Feat 17	(c=3)	weight -0.060798276632595:	Num[Or(ontable,Nominal(b))]
	Feat 22	(c=3)	weight -7.0413806864452:	Bool[Exists(on,Nominal(b))]
	Feat 88	(c=5)	weight 0.036777191993593:	Num[Or(Exists(Inverse(on),<universe>),Nominal(b))]
	Feat 204	(c=6)	weight -0.064759569056951:	Num[Or(Not(Nominal(a)),Forall(on,ontable))]
	Feat 347	(c=6)	weight 1.0462968119721:	Bool[And(Forall(on,<empty>),And(clear,Nominal(b)))]
	Feat 457	(c=7)	weight -0.056756058677133:	Num[Forall(on,Or(Forall(on,Nominal(a)),Nominal(a)))]
	Feat 473	(c=7)	weight -1.8114552583075:	Bool[And(Forall(on,Exists(on,Nominal(a))),Nominal(b))]
	Feat 485	(c=7)	weight 0.91915747179978:	Num[Or(Exists(on,Exists(on,ontable)),Nominal(b))]
	Feat 569	(c=7)	weight -0.35589462765074:	Num[Exists(Star(on),And(Not(Nominal(b)),ontable))]
	Feat 689	(c=7)	weight -0.54486402266885:	Num[Or(Forall(on,Or(ontable,Nominal(b))),Nominal(b))]
	Feat 765	(c=7)	weight 0.51892383598478:	Num[Not(And(Forall(Star(on),Nominal(a)),Nominal(b)))]
	Feat 918	(c=7)	weight 0.74002947405271:	Num[And(Exists(on,ontable),Or(clear,Nominal(b)))]
	Feat 1132	(c=8)	weight 0.27107549354899:	Num[And(Forall(Inverse(on),Or(clear,Nominal(b))),ontable)]
	Feat 1145	(c=8)	weight -0.54907662044211:	Num[Or(Forall(Inverse(Star(on)),Not(Nominal(a))),ontable)]
	Feat 1151	(c=8)	weight 1.6022189881769:	Bool[And(Forall(on,Exists(Star(on),Nominal(a))),Nominal(b))]
	Feat 1159	(c=8)	weight -0.90073447068822:	Num[Or(Forall(Star(on),Or(Nominal(a),Nominal(b))),clear)]
	Feat 1234	(c=8)	weight -0.36623186669026:	Num[And(Not(Or(And(clear,Nominal(a)),Nominal(b))),ontable)]
	Feat 1290	(c=8)	weight 1.4929222548088:	Num[Or(Exists(on,Exists(on,ontable)),Not(Nominal(b)))]
	Feat 1322	(c=8)	weight -0.00015592850181811:	Num[Or(And(Forall(on,Nominal(a)),Nominal(b)),Not(clear))]
	Feat 1422	(c=8)	weight 2.286432870867:	Bool[And(Forall(on,Or(Not(Nominal(b)),ontable)),Nominal(a))]
	Feat 1450	(c=8)	weight -0.058506513979022:	Bool[And(Exists(on,And(Not(Nominal(a)),ontable)),Nominal(b))]
	Feat 1454	(c=8)	weight -0.40787608047983:	Num[Or(Exists(on,And(Not(Nominal(a)),ontable)),holding)]
	Feat 1604	(c=8)	weight 0.070461038109924:	Num[Or(Forall(on,Forall(on,Not(Nominal(a)))),clear)]
	Feat 1718	(c=8)	weight -0.06334298065242:	Num[Exists(on,Exists(on,Forall(on,Exists(on,<universe>))))]
	Feat 1770	(c=8)	weight -0.95438585580635:	Num[Exists(on,Forall(on,Not(And(ontable,Nominal(b)))))]
	Feat 1816	(c=8)	weight -1.8691805256196:	Num[Or(And(Forall(Inverse(on),clear),Nominal(b)),Nominal(a))]
	Feat 1843	(c=8)	weight -0.011665894114363:	Num[Or(And(Not(Nominal(b)),Forall(on,Nominal(b))),clear)]
	Feat 1866	(c=8)	weight 0.58909287124611:	Num[Not(And(Exists(on,Exists(on,Nominal(b))),clear))]
	Feat 2146	(c=8)	weight 0.004607185620371:	Num[Not(And(Forall(on,Nominal(a)),Or(clear,ontable)))]
	Feat 2314	(c=8)	weight 0.90320831665384:	Num[Or(Or(Nominal(a),Nominal(b)),Exists(Inverse(on),clear))]
	Feat 2372	(c=8)	weight 1.0167624711525:	Num[Or(And(holding,Nominal(a)),Exists(Star(on),Nominal(a)))]
	Feat 2430	(c=8)	weight 0.032958904372785:	Num[Or(And(Forall(on,<empty>),Nominal(b)),And(clear,Nominal(a)))]
	Feat 2476	(c=8)	weight 1.2787963924986:	Num[Or(And(Not(clear),Nominal(b)),Exists(on,Nominal(a)))]
	Feat 2677	(c=8)	weight 8.9433728270364:	Bool[And(Or(Not(Nominal(a)),clear),Exists(on,Nominal(b)))]
	Feat 2746	(c=8)	weight 0.38164437729115:	Bool[And(Forall(on,Not(Nominal(a))),And(clear,Nominal(b)))]
	Feat 3187	(c=8)	weight -0.054600517586074:	Atom[handempty] Num[Or(Not(ontable),Or(clear,Nominal(a)))]
	Feat 3244	(c=8)	weight -0.093355996210613:	Atom[handempty] Num[Forall(on,Forall(on,Not(Nominal(b))))]
	Feat 3321	(c=8)	weight -0.0012604035672129:	Atom[handempty] Num[Not(Or(Exists(on,ontable),Nominal(a)))]
	Feat 3468	(c=6)	weight -0.0001436840975309:	Bool[holding] Num[Not(Or(holding,Nominal(b)))]
	Feat 3624	(c=8)	weight 0.078507236190178:	Bool[holding] Num[Or(Exists(Inverse(on),clear),Nominal(b))]
	Feat 3642	(c=8)	weight 0.073680622865426:	Bool[holding] Num[Forall(on,Not(Or(ontable,Nominal(b))))]
	Feat 3701	(c=8)	weight -0.23700701841956:	Bool[holding] Bool[Exists(on,And(Not(ontable),Nominal(b)))]
	Feat 3890	(c=7)	weight -3.009719152332:	Bool[And(clear,Nominal(b))] Bool[And(holding,Nominal(a))]
	Feat 3991	(c=8)	weight -1.5672583852338:	Bool[And(holding,Nominal(a))] Bool[And(Not(holding),Nominal(b))]
	Feat 3993	(c=8)	weight 0.31803876901414:	Bool[And(holding,Nominal(a))] Num[Not(Or(clear,ontable))]
	Feat 3995	(c=8)	weight -0.00078666062117417:	Bool[And(holding,Nominal(a))] Num[Or(Not(Nominal(a)),holding)]
	Feat 4105	(c=8)	weight 0.08938461204124:	Bool[And(holding,Nominal(b))] Num[Forall(Star(on),Nominal(a))]
	Feat 4165	(c=8)	weight -0.0015250080952827:	Bool[And(ontable,Nominal(a))] Num[Not(Or(holding,Nominal(b)))]
	Feat 4179	(c=8)	weight 0.68777896628453:	Bool[And(ontable,Nominal(a))] Bool[And(Forall(on,<empty>),Nominal(a))]
	Feat 4265	(c=6)	weight 0.030650786363432:	Bool[Exists(on,Nominal(b))] Num[Forall(on,<empty>)]
	Feat 4325	(c=8)	weight -0.5630410903093:	Bool[Exists(on,Nominal(b))] Bool[Exists(Inverse(on),Nominal(b))]
	Feat 4338	(c=6)	weight 0.0070281170037108:	Bool[Exists(on,Nominal(a))] Num[Forall(on,<empty>)]
	Feat 4372	(c=8)	weight -0.03962369786891:	Bool[Exists(on,Nominal(a))] Bool[And(Not(clear),Nominal(a))]
	Feat 4462	(c=8)	weight -0.28791307501391:	Bool[And(Forall(on,<empty>),Nominal(b))] Num[Or(holding,Nominal(a))]
	Feat 4484	(c=8)	weight 0.304030580811:	Bool[And(Not(clear),Nominal(a))] Num[Or(ontable,Nominal(b))]
	Feat 4549	(c=8)	weight 0.025387356541094:	Bool[And(Not(ontable),Nominal(b))] Num[Or(clear,Nominal(a))]
	Feat 4653	(c=8)	weight 0.15338924647718:	Bool[And(Forall(on,ontable),Nominal(a))] Num[Exists(on,<universe>)]
	Feat 4696	(c=8)	weight -0.059956263448895:	Bool[And(Forall(Star(on),Nominal(a)),Nominal(b))] Num[clear]
Score -4.663837153094561
Lambda=0.00031983960517665595
	Feat 0	(c=1)	weight 0.0011174262238212:	Atom[handempty]
	Feat 17	(c=3)	weight -0.050299786751099:	Num[Or(ontable,Nominal(b))]
	Feat 22	(c=3)	weight -7.0312200968412:	Bool[Exists(on,Nominal(b))]
	Feat 25	(c=3)	weight -0.0022752777805742:	Bool[Exists(on,Nominal(a))]
	Feat 45	(c=4)	weight 0.00017491712997579:	Bool[And(Forall(on,<empty>),Nominal(b))]
	Feat 88	(c=5)	weight 0.038146140786856:	Num[Or(Exists(Inverse(on),<universe>),Nominal(b))]
	Feat 204	(c=6)	weight -0.07912521954828:	Num[Or(Not(Nominal(a)),Forall(on,ontable))]
	Feat 334	(c=6)	weight -0.0014201275746209:	Num[Or(Not(clear),Exists(on,Nominal(a)))]
	Feat 347	(c=6)	weight 1.078814301668:	Bool[And(Forall(on,<empty>),And(clear,Nominal(b)))]
	Feat 457	(c=7)	weight -0.067408401836711:	Num[Forall(on,Or(Forall(on,Nominal(a)),Nominal(a)))]
	Feat 473	(c=7)	weight -1.8130223975323:	Bool[And(Forall(on,Exists(on,Nominal(a))),Nominal(b))]
	Feat 485	(c=7)	weight 0.9397421728171:	Num[Or(Exists(on,Exists(on,ontable)),Nominal(b))]
	Feat 569	(c=7)	weight -0.35534486495875:	Num[Exists(Star(on),And(Not(Nominal(b)),ontable))]
	Feat 689	(c=7)	weight -0.54189527980208:	Num[Or(Forall(on,Or(ontable,Nominal(b))),Nominal(b))]
	Feat 765	(c=7)	weight 0.53063635686764:	Num[Not(And(Forall(Star(on),Nominal(a)),Nominal(b)))]
	Feat 918	(c=7)	weight 0.75274944181109:	Num[And(Exists(on,ontable),Or(clear,Nominal(b)))]
	Feat 1078	(c=8)	weight 6.7230922358892e-05:	Num[Or(Exists(on,Forall(Star(on),Nominal(b))),ontable)]
	Feat 1132	(c=8)	weight 0.27892360701699:	Num[And(Forall(Inverse(on),Or(clear,Nominal(b))),ontable)]
	Feat 1145	(c=8)	weight -0.55434592203687:	Num[Or(Forall(Inverse(Star(on)),Not(Nominal(a))),ontable)]
	Feat 1151	(c=8)	weight 1.5905272066886:	Bool[And(Forall(on,Exists(Star(on),Nominal(a))),Nominal(b))]
	Feat 1159	(c=8)	weight -0.91108362516495:	Num[Or(Forall(Star(on),Or(Nominal(a),Nominal(b))),clear)]
	Feat 1210	(c=8)	weight 0.0002359783928942:	Num[And(Forall(on,Exists(on,Nominal(a))),Not(Nominal(a)))]
	Feat 1234	(c=8)	weight -0.38403851757943:	Num[And(Not(Or(And(clear,Nominal(a)),Nominal(b))),ontable)]
	Feat 1290	(c=8)	weight 1.5131164603157:	Num[Or(Exists(on,Exists(on,ontable)),Not(Nominal(b)))]
	Feat 1322	(c=8)	weight -0.00049380287166569:	Num[Or(And(Forall(on,Nominal(a)),Nominal(b)),Not(clear))]
	Feat 1422	(c=8)	weight 2.2901369459999:	Bool[And(Forall(on,Or(Not(Nominal(b)),ontable)),Nominal(a))]
	Feat 1450	(c=8)	weight -0.074458456791347:	Bool[And(Exists(on,And(Not(Nominal(a)),ontable)),Nominal(b))]
	Feat 1454	(c=8)	weight -0.40743171659762:	Num[Or(Exists(on,And(Not(Nominal(a)),ontable)),holding)]
	Feat 1604	(c=8)	weight 0.076684360406227:	Num[Or(Forall(on,Forall(on,Not(Nominal(a)))),clear)]
	Feat 1718	(c=8)	weight -0.067221393234954:	Num[Exists(on,Exists(on,Forall(on,Exists(on,<universe>))))]
	Feat 1770	(c=8)	weight -0.97491486148984:	Num[Exists(on,Forall(on,Not(And(ontable,Nominal(b)))))]
	Feat 1816	(c=8)	weight -1.8647452409534:	Num[Or(And(Forall(Inverse(on),clear),Nominal(b)),Nominal(a))]
	Feat 1843	(c=8)	weight -0.020427596611437:	Num[Or(And(Not(Nominal(b)),Forall(on,Nominal(b))),clear)]
	Feat 1866	(c=8)	weight 0.58969813401974:	Num[Not(And(Exists(on,Exists(on,Nominal(b))),clear))]
	Feat 2146	(c=8)	weight 0.0037270240971417:	Num[Not(And(Forall(on,Nominal(a)),Or(clear,ontable)))]
	Feat 2314	(c=8)	weight 0.91460876227952:	Num[Or(Or(Nominal(a),Nominal(b)),Exists(Inverse(on),clear))]
	Feat 2372	(c=8)	weight 1.0269807426839:	Num[Or(And(holding,Nominal(a)),Exists(Star(on),Nominal(a)))]
	Feat 2430	(c=8)	weight 0.040952079801914:	Num[Or(And(Forall(on,<empty>),Nominal(b)),And(clear,Nominal(a)))]
	Feat 2475	(c=8)	weight -0.00010065138144969:	Num[And(Or(Exists(on,<universe>),Nominal(b)),Or(ontable,Nominal(a)))]
	Feat 2476	(c=8)	weight 1.2939257865446:	Num[Or(And(Not(clear),Nominal(b)),Exists(on,Nominal(a)))]
	Feat 2677	(c=8)	weight 8.946097692095:	Bool[And(Or(Not(Nominal(a)),clear),Exists(on,Nominal(b)))]
	Feat 2746	(c=8)	weight 0.3881830916189:	Bool[And(Forall(on,Not(Nominal(a))),And(clear,Nominal(b)))]
	Feat 3187	(c=8)	weight -0.060882820625861:	Atom[handempty] Num[Or(Not(ontable),Or(clear,Nominal(a)))]
	Feat 3244	(c=8)	weight -0.094690597208637:	Atom[handempty] Num[Forall(on,Forall(on,Not(Nominal(b))))]
	Feat 3321	(c=8)	weight -0.0030705283713209:	Atom[handempty] Num[Not(Or(Exists(on,ontable),Nominal(a)))]
	Feat 3468	(c=6)	weight -0.0033617135000402:	Bool[holding] Num[Not(Or(holding,Nominal(b)))]
	Feat 3606	(c=8)	weight 0.00029880107708658:	Bool[holding] Num[Or(And(Forall(on,<empty>),Nominal(b)),clear)]
	Feat 3618	(c=8)	weight -0.00013024835642843:	Bool[holding] Num[Or(Not(Nominal(b)),Or(clear,ontable))]
	Feat 3624	(c=8)	weight 0.079893938271084:	Bool[holding] Num[Or(Exists(Inverse(on),clear),Nominal(b))]
	Feat 3642	(c=8)	weight 0.069371373967371:	Bool[holding] Num[Forall(on,Not(Or(ontable,Nominal(b))))]
	Feat 3701	(c=8)	weight -0.24959517551582:	Bool[holding] Bool[Exists(on,And(Not(ontable),Nominal(b)))]
	Feat 3890	(c=7)	weight -3.0109798244401:	Bool[And(clear,Nominal(b))] Bool[And(holding,Nominal(a))]
	Feat 3991	(c=8)	weight -1.6130954341884:	Bool[And(holding,Nominal(a))] Bool[And(Not(holding),Nominal(b))]
	Feat 3993	(c=8)	weight 0.32557328326322:	Bool[And(holding,Nominal(a))] Num[Not(Or(clear,ontable))]
	Feat 3995	(c=8)	weight -0.0010615640721284:	Bool[And(holding,Nominal(a))] Num[Or(Not(Nominal(a)),holding)]
	Feat 4105	(c=8)	weight 0.091499328540042:	Bool[And(holding,Nominal(b))] Num[Forall(Star(on),Nominal(a))]
	Feat 4165	(c=8)	weight -0.004175979232681:	Bool[And(ontable,Nominal(a))] Num[Not(Or(holding,Nominal(b)))]
	Feat 4179	(c=8)	weight 0.69416064097781:	Bool[And(ontable,Nominal(a))] Bool[And(Forall(on,<empty>),Nominal(a))]
	Feat 4265	(c=6)	weight 0.033558747491017:	Bool[Exists(on,Nominal(b))] Num[Forall(on,<empty>)]
	Feat 4325	(c=8)	weight -0.58334515587719:	Bool[Exists(on,Nominal(b))] Bool[Exists(Inverse(on),Nominal(b))]
	Feat 4338	(c=6)	weight 0.0059557811452035:	Bool[Exists(on,Nominal(a))] Num[Forall(on,<empty>)]
	Feat 4372	(c=8)	weight -0.050641190574776:	Bool[Exists(on,Nominal(a))] Bool[And(Not(clear),Nominal(a))]
	Feat 4462	(c=8)	weight -0.29794315481451:	Bool[And(Forall(on,<empty>),Nominal(b))] Num[Or(holding,Nominal(a))]
	Feat 4484	(c=8)	weight 0.31133479494843:	Bool[And(Not(clear),Nominal(a))] Num[Or(ontable,Nominal(b))]
	Feat 4549	(c=8)	weight 0.029668977162486:	Bool[And(Not(ontable),Nominal(b))] Num[Or(clear,Nominal(a))]
	Feat 4653	(c=8)	weight 0.15746476115722:	Bool[And(Forall(on,ontable),Nominal(a))] Num[Exists(on,<universe>)]
	Feat 4679	(c=8)	weight 0.0001467764657789:	Bool[Exists(on,And(ontable,Nominal(b)))] Num[Forall(on,<empty>)]
	Feat 4696	(c=8)	weight -0.058147509822745:	Bool[And(Forall(Star(on),Nominal(a)),Nominal(b))] Num[clear]
Score -4.674649110111619
Lambda=0.00019697264867610777
	Feat 17	(c=3)	weight -0.046403199800481:	Num[Or(ontable,Nominal(b))]
	Feat 22	(c=3)	weight -7.0274834738558:	Bool[Exists(on,Nominal(b))]
	Feat 25	(c=3)	weight -0.0021551750057771:	Bool[Exists(on,Nominal(a))]
	Feat 45	(c=4)	weight 0.0028625366744896:	Bool[And(Forall(on,<empty>),Nominal(b))]
	Feat 88	(c=5)	weight 0.040485992523413:	Num[Or(Exists(Inverse(on),<universe>),Nominal(b))]
	Feat 204	(c=6)	weight -0.092151986791808:	Num[Or(Not(Nominal(a)),Forall(on,ontable))]
	Feat 334	(c=6)	weight -0.0026905798620932:	Num[Or(Not(clear),Exists(on,Nominal(a)))]
	Feat 347	(c=6)	weight 1.1105980541046:	Bool[And(Forall(on,<empty>),And(clear,Nominal(b)))]
	Feat 457	(c=7)	weight -0.076138448214614:	Num[Forall(on,Or(Forall(on,Nominal(a)),Nominal(a)))]
	Feat 473	(c=7)	weight -1.8123225378782:	Bool[And(Forall(on,Exists(on,Nominal(a))),Nominal(b))]
	Feat 485	(c=7)	weight 0.95741216843167:	Num[Or(Exists(on,Exists(on,ontable)),Nominal(b))]
	Feat 569	(c=7)	weight -0.35422160438495:	Num[Exists(Star(on),And(Not(Nominal(b)),ontable))]
	Feat 689	(c=7)	weight -0.54039664521357:	Num[Or(Forall(on,Or(ontable,Nominal(b))),Nominal(b))]
	Feat 765	(c=7)	weight 0.54102297881076:	Num[Not(And(Forall(Star(on),Nominal(a)),Nominal(b)))]
	Feat 769	(c=7)	weight -1.310479088145e-05:	Num[Or(And(Or(clear,ontable),Nominal(a)),holding)]
	Feat 918	(c=7)	weight 0.76379281573466:	Num[And(Exists(on,ontable),Or(clear,Nominal(b)))]
	Feat 1078	(c=8)	weight 0.0050488886890313:	Num[Or(Exists(on,Forall(Star(on),Nominal(b))),ontable)]
	Feat 1132	(c=8)	weight 0.28616401586202:	Num[And(Forall(Inverse(on),Or(clear,Nominal(b))),ontable)]
	Feat 1145	(c=8)	weight -0.55876972460812:	Num[Or(Forall(Inverse(Star(on)),Not(Nominal(a))),ontable)]
	Feat 1151	(c=8)	weight 1.5767753161076:	Bool[And(Forall(on,Exists(Star(on),Nominal(a))),Nominal(b))]
	Feat 1159	(c=8)	weight -0.92002785878623:	Num[Or(Forall(Star(on),Or(Nominal(a),Nominal(b))),clear)]
	Feat 1210	(c=8)	weight 0.00080407915132031:	Num[And(Forall(on,Exists(on,Nominal(a))),Not(Nominal(a)))]
	Feat 1234	(c=8)	weight -0.39744452698917:	Num[And(Not(Or(And(clear,Nominal(a)),Nominal(b))),ontable)]
	Feat 1290	(c=8)	weight 1.5310316266902:	Num[Or(Exists(on,Exists(on,ontable)),Not(Nominal(b)))]
	Feat 1322	(c=8)	weight -0.004250258946731:	Num[Or(And(Forall(on,Nominal(a)),Nominal(b)),Not(clear))]
	Feat 1422	(c=8)	weight 2.2945483856298:	Bool[And(Forall(on,Or(Not(Nominal(b)),ontable)),Nominal(a))]
	Feat 1450	(c=8)	weight -0.088357425019984:	Bool[And(Exists(on,And(Not(Nominal(a)),ontable)),Nominal(b))]
	Feat 1454	(c=8)	weight -0.40858783732666:	Num[Or(Exists(on,And(Not(Nominal(a)),ontable)),holding)]
	Feat 1604	(c=8)	weight 0.081024662011492:	Num[Or(Forall(on,Forall(on,Not(Nominal(a)))),clear)]
	Feat 1718	(c=8)	weight -0.070606923115571:	Num[Exists(on,Exists(on,Forall(on,Exists(on,<universe>))))]
	Feat 1770	(c=8)	weight -0.99151494453539:	Num[Exists(on,Forall(on,Not(And(ontable,Nominal(b)))))]
	Feat 1816	(c=8)	weight -1.8611601597799:	Num[Or(And(Forall(Inverse(on),clear),Nominal(b)),Nominal(a))]
	Feat 1843	(c=8)	weight -0.02895782094759:	Num[Or(And(Not(Nominal(b)),Forall(on,Nominal(b))),clear)]
	Feat 1866	(c=8)	weight 0.58912966065208:	Num[Not(And(Exists(on,Exists(on,Nominal(b))),clear))]
	Feat 2146	(c=8)	weight 0.0051453888307258:	Num[Not(And(Forall(on,Nominal(a)),Or(clear,ontable)))]
	Feat 2314	(c=8)	weight 0.92106309967728:	Num[Or(Or(Nominal(a),Nominal(b)),Exists(Inverse(on),clear))]
	Feat 2372	(c=8)	weight 1.0354952957438:	Num[Or(And(holding,Nominal(a)),Exists(Star(on),Nominal(a)))]
	Feat 2430	(c=8)	weight 0.047049272943707:	Num[Or(And(Forall(on,<empty>),Nominal(b)),And(clear,Nominal(a)))]
	Feat 2475	(c=8)	weight -0.0033771225200793:	Num[And(Or(Exists(on,<universe>),Nominal(b)),Or(ontable,Nominal(a)))]
	Feat 2476	(c=8)	weight 1.3054111069965:	Num[Or(And(Not(clear),Nominal(b)),Exists(on,Nominal(a)))]
	Feat 2559	(c=8)	weight 0.00013503169399249:	Num[And(Or(Not(Nominal(a)),ontable),Forall(on,ontable))]
	Feat 2677	(c=8)	weight 8.9458712613126:	Bool[And(Or(Not(Nominal(a)),clear),Exists(on,Nominal(b)))]
	Feat 2746	(c=8)	weight 0.39066042782655:	Bool[And(Forall(on,Not(Nominal(a))),And(clear,Nominal(b)))]
	Feat 3156	(c=7)	weight 0.00015087759152125:	Atom[handempty] Num[Forall(on,Exists(on,ontable))]
	Feat 3187	(c=8)	weight -0.066447097392857:	Atom[handempty] Num[Or(Not(ontable),Or(clear,Nominal(a)))]
	Feat 3244	(c=8)	weight -0.097054859318765:	Atom[handempty] Num[Forall(on,Forall(on,Not(Nominal(b))))]
	Feat 3321	(c=8)	weight -0.0052991579104305:	Atom[handempty] Num[Not(Or(Exists(on,ontable),Nominal(a)))]
	Feat 3468	(c=6)	weight -0.0076473653587432:	Bool[holding] Num[Not(Or(holding,Nominal(b)))]
	Feat 3606	(c=8)	weight 0.004666449199471:	Bool[holding] Num[Or(And(Forall(on,<empty>),Nominal(b)),clear)]
	Feat 3618	(c=8)	weight -0.0021191418240192:	Bool[holding] Num[Or(Not(Nominal(b)),Or(clear,ontable))]
	Feat 3624	(c=8)	weight 0.081332113878153:	Bool[holding] Num[Or(Exists(Inverse(on),clear),Nominal(b))]
	Feat 3642	(c=8)	weight 0.065786266936174:	Bool[holding] Num[Forall(on,Not(Or(ontable,Nominal(b))))]
	Feat 3701	(c=8)	weight -0.25677272295345:	Bool[holding] Bool[Exists(on,And(Not(ontable),Nominal(b)))]
	Feat 3890	(c=7)	weight -3.0104809818284:	Bool[And(clear,Nominal(b))] Bool[And(holding,Nominal(a))]
	Feat 3991	(c=8)	weight -1.6570649728553:	Bool[And(holding,Nominal(a))] Bool[And(Not(holding),Nominal(b))]
	Feat 3993	(c=8)	weight 0.33279681811523:	Bool[And(holding,Nominal(a))] Num[Not(Or(clear,ontable))]
	Feat 3995	(c=8)	weight -0.0013998402782333:	Bool[And(holding,Nominal(a))] Num[Or(Not(Nominal(a)),holding)]
	Feat 4105	(c=8)	weight 0.092633635277917:	Bool[And(holding,Nominal(b))] Num[Forall(Star(on),Nominal(a))]
	Feat 4165	(c=8)	weight -0.0077464272448057:	Bool[And(ontable,Nominal(a))] Num[Not(Or(holding,Nominal(b)))]
	Feat 4179	(c=8)	weight 0.70429453002345:	Bool[And(ontable,Nominal(a))] Bool[And(Forall(on,<empty>),Nominal(a))]
	Feat 4265	(c=6)	weight 0.034628505070355:	Bool[Exists(on,Nominal(b))] Num[Forall(on,<empty>)]
	Feat 4325	(c=8)	weight -0.594334752473:	Bool[Exists(on,Nominal(b))] Bool[Exists(Inverse(on),Nominal(b))]
	Feat 4338	(c=6)	weight 0.0045800257921617:	Bool[Exists(on,Nominal(a))] Num[Forall(on,<empty>)]
	Feat 4372	(c=8)	weight -0.060475002700962:	Bool[Exists(on,Nominal(a))] Bool[And(Not(clear),Nominal(a))]
	Feat 4462	(c=8)	weight -0.30729418028441:	Bool[And(Forall(on,<empty>),Nominal(b))] Num[Or(holding,Nominal(a))]
	Feat 4484	(c=8)	weight 0.31722165494238:	Bool[And(Not(clear),Nominal(a))] Num[Or(ontable,Nominal(b))]
	Feat 4549	(c=8)	weight 0.032688860612407:	Bool[And(Not(ontable),Nominal(b))] Num[Or(clear,Nominal(a))]
	Feat 4653	(c=8)	weight 0.16124029150865:	Bool[And(Forall(on,ontable),Nominal(a))] Num[Exists(on,<universe>)]
	Feat 4679	(c=8)	weight 0.0025342392648568:	Bool[Exists(on,And(ontable,Nominal(b)))] Num[Forall(on,<empty>)]
	Feat 4696	(c=8)	weight -0.057736338875168:	Bool[And(Forall(Star(on),Nominal(a)),Nominal(b))] Num[clear]
Score -4.635873665864714
