Considering 77 features
Lasso Method
----------

Lambda=1.9697264867610762
Score 1.1102230246251565e-16
Lambda=1.2130525331611781
	Feat 1422	(c=8)	weight 1.2597837619116:	Bool[And(Forall(on,Or(Not(Nominal(b)),ontable)),Nominal(a))]
	Feat 1444	(c=8)	weight -0.22902646747304:	Num[Or(Forall(on,And(Not(Nominal(a)),ontable)),clear)]
	Feat 2372	(c=8)	weight 0.39021340056573:	Num[Or(And(holding,Nominal(a)),Exists(Star(on),Nominal(a)))]
	Feat 2677	(c=8)	weight 0.8369705003211:	Bool[And(Or(Not(Nominal(a)),clear),Exists(on,Nominal(b)))]
Score -0.06251560614706397
Lambda=0.7470562324764233
	Feat 689	(c=7)	weight -0.022175958727561:	Num[Or(Forall(on,Or(ontable,Nominal(b))),Nominal(b))]
	Feat 1422	(c=8)	weight 3.134871193897:	Bool[And(Forall(on,Or(Not(Nominal(b)),ontable)),Nominal(a))]
	Feat 1444	(c=8)	weight -0.41065302279059:	Num[Or(Forall(on,And(Not(Nominal(a)),ontable)),clear)]
	Feat 2372	(c=8)	weight 0.59275279632192:	Num[Or(And(holding,Nominal(a)),Exists(Star(on),Nominal(a)))]
	Feat 2677	(c=8)	weight 1.6632028218317:	Bool[And(Or(Not(Nominal(a)),clear),Exists(on,Nominal(b)))]
Score -0.39825843684920414
Lambda=0.4600732443363308
	Feat 25	(c=3)	weight 0.1169563898503:	Bool[Exists(on,Nominal(a))]
	Feat 689	(c=7)	weight -0.17305123511826:	Num[Or(Forall(on,Or(ontable,Nominal(b))),Nominal(b))]
	Feat 1422	(c=8)	weight 4.2755558002291:	Bool[And(Forall(on,Or(Not(Nominal(b)),ontable)),Nominal(a))]
	Feat 1444	(c=8)	weight -0.39185381583264:	Num[Or(Forall(on,And(Not(Nominal(a)),ontable)),clear)]
	Feat 1816	(c=8)	weight -0.26279085905692:	Num[Or(And(Forall(Inverse(on),clear),Nominal(b)),Nominal(a))]
	Feat 2372	(c=8)	weight 0.70675765407693:	Num[Or(And(holding,Nominal(a)),Exists(Star(on),Nominal(a)))]
	Feat 2476	(c=8)	weight 0.032693872977267:	Num[Or(And(Not(clear),Nominal(b)),Exists(on,Nominal(a)))]
	Feat 2677	(c=8)	weight 2.1005242787747:	Bool[And(Or(Not(Nominal(a)),clear),Exists(on,Nominal(b)))]
	Feat 3890	(c=7)	weight -0.4110520708235:	Bool[And(clear,Nominal(b))] Bool[And(holding,Nominal(a))]
	Feat 4179	(c=8)	weight 0.033680997754692:	Bool[And(ontable,Nominal(a))] Bool[And(Forall(on,<empty>),Nominal(a))]
Score -0.5729797745088896
Lambda=0.2833352844838722
	Feat 25	(c=3)	weight 0.165858034159:	Bool[Exists(on,Nominal(a))]
	Feat 689	(c=7)	weight -0.35638106595071:	Num[Or(Forall(on,Or(ontable,Nominal(b))),Nominal(b))]
	Feat 769	(c=7)	weight 0.018565210330183:	Num[Or(And(Or(clear,ontable),Nominal(a)),holding)]
	Feat 1422	(c=8)	weight 4.8079350422073:	Bool[And(Forall(on,Or(Not(Nominal(b)),ontable)),Nominal(a))]
	Feat 1444	(c=8)	weight -0.37030252089128:	Num[Or(Forall(on,And(Not(Nominal(a)),ontable)),clear)]
	Feat 1816	(c=8)	weight -0.4395299059377:	Num[Or(And(Forall(Inverse(on),clear),Nominal(b)),Nominal(a))]
	Feat 2372	(c=8)	weight 0.70946835227758:	Num[Or(And(holding,Nominal(a)),Exists(Star(on),Nominal(a)))]
	Feat 2677	(c=8)	weight 2.4406622334789:	Bool[And(Or(Not(Nominal(a)),clear),Exists(on,Nominal(b)))]
	Feat 3156	(c=7)	weight -0.04419390468598:	Atom[handempty] Num[Forall(on,Exists(on,ontable))]
	Feat 3890	(c=7)	weight -1.1193134718803:	Bool[And(clear,Nominal(b))] Bool[And(holding,Nominal(a))]
	Feat 4179	(c=8)	weight 0.40206915491257:	Bool[And(ontable,Nominal(a))] Bool[And(Forall(on,<empty>),Nominal(a))]
	Feat 4338	(c=6)	weight 0.089708794378949:	Bool[Exists(on,Nominal(a))] Num[Forall(on,<empty>)]
Score -0.46235141744707864
Lambda=0.17449152808127635
	Feat 22	(c=3)	weight -0.18085767487978:	Bool[Exists(on,Nominal(b))]
	Feat 689	(c=7)	weight -0.45470970188688:	Num[Or(Forall(on,Or(ontable,Nominal(b))),Nominal(b))]
	Feat 769	(c=7)	weight 0.1711851452748:	Num[Or(And(Or(clear,ontable),Nominal(a)),holding)]
	Feat 1151	(c=8)	weight 0.12759908144383:	Bool[And(Forall(on,Exists(Star(on),Nominal(a))),Nominal(b))]
	Feat 1422	(c=8)	weight 4.6401752604738:	Bool[And(Forall(on,Or(Not(Nominal(b)),ontable)),Nominal(a))]
	Feat 1444	(c=8)	weight -0.32755783345726:	Num[Or(Forall(on,And(Not(Nominal(a)),ontable)),clear)]
	Feat 1816	(c=8)	weight -0.74274431536846:	Num[Or(And(Forall(Inverse(on),clear),Nominal(b)),Nominal(a))]
	Feat 2372	(c=8)	weight 0.72946438087063:	Num[Or(And(holding,Nominal(a)),Exists(Star(on),Nominal(a)))]
	Feat 2643	(c=8)	weight 0.22203966291155:	Bool[And(And(Not(ontable),Nominal(b)),Forall(Inverse(on),<empty>))]
	Feat 2677	(c=8)	weight 3.4412421592977:	Bool[And(Or(Not(Nominal(a)),clear),Exists(on,Nominal(b)))]
	Feat 3156	(c=7)	weight -0.045938877197988:	Atom[handempty] Num[Forall(on,Exists(on,ontable))]
	Feat 3624	(c=8)	weight 0.059869350347517:	Bool[holding] Num[Or(Exists(Inverse(on),clear),Nominal(b))]
	Feat 3890	(c=7)	weight -1.5780022101618:	Bool[And(clear,Nominal(b))] Bool[And(holding,Nominal(a))]
	Feat 4179	(c=8)	weight 0.49972901858765:	Bool[And(ontable,Nominal(a))] Bool[And(Forall(on,<empty>),Nominal(a))]
	Feat 4265	(c=6)	weight -0.21430697411078:	Bool[Exists(on,Nominal(b))] Num[Forall(on,<empty>)]
	Feat 4338	(c=6)	weight 0.24421317335764:	Bool[Exists(on,Nominal(a))] Num[Forall(on,<empty>)]
Score -0.3536112214953715
Lambda=0.10746029541503134
	Feat 22	(c=3)	weight -2.6186344424142:	Bool[Exists(on,Nominal(b))]
	Feat 25	(c=3)	weight 0.29689203157037:	Bool[Exists(on,Nominal(a))]
	Feat 569	(c=7)	weight -0.03826859259292:	Num[Exists(Star(on),And(Not(Nominal(b)),ontable))]
	Feat 689	(c=7)	weight -0.38009422751456:	Num[Or(Forall(on,Or(ontable,Nominal(b))),Nominal(b))]
	Feat 769	(c=7)	weight 0.06461418519879:	Num[Or(And(Or(clear,ontable),Nominal(a)),holding)]
	Feat 1151	(c=8)	weight 0.46494325307032:	Bool[And(Forall(on,Exists(Star(on),Nominal(a))),Nominal(b))]
	Feat 1422	(c=8)	weight 3.6097731099832:	Bool[And(Forall(on,Or(Not(Nominal(b)),ontable)),Nominal(a))]
	Feat 1444	(c=8)	weight -0.43366042399427:	Num[Or(Forall(on,And(Not(Nominal(a)),ontable)),clear)]
	Feat 1450	(c=8)	weight 0.36579139547064:	Bool[And(Exists(on,And(Not(Nominal(a)),ontable)),Nominal(b))]
	Feat 1816	(c=8)	weight -1.4494525577786:	Num[Or(And(Forall(Inverse(on),clear),Nominal(b)),Nominal(a))]
	Feat 1866	(c=8)	weight 0.078801333069179:	Num[Not(And(Exists(on,Exists(on,Nominal(b))),clear))]
	Feat 2372	(c=8)	weight 0.70873344916385:	Num[Or(And(holding,Nominal(a)),Exists(Star(on),Nominal(a)))]
	Feat 2643	(c=8)	weight 0.43442115783477:	Bool[And(And(Not(ontable),Nominal(b)),Forall(Inverse(on),<empty>))]
	Feat 2677	(c=8)	weight 5.5981925666373:	Bool[And(Or(Not(Nominal(a)),clear),Exists(on,Nominal(b)))]
	Feat 2746	(c=8)	weight 0.22376050824292:	Bool[And(Forall(on,Not(Nominal(a))),And(clear,Nominal(b)))]
	Feat 3156	(c=7)	weight -0.021929017836295:	Atom[handempty] Num[Forall(on,Exists(on,ontable))]
	Feat 3244	(c=8)	weight -0.034107858474039:	Atom[handempty] Num[Forall(on,Forall(on,Not(Nominal(b))))]
	Feat 3624	(c=8)	weight 0.093632877130019:	Bool[holding] Num[Or(Exists(Inverse(on),clear),Nominal(b))]
	Feat 3642	(c=8)	weight 0.0045300686825892:	Bool[holding] Num[Forall(on,Not(Or(ontable,Nominal(b))))]
	Feat 3890	(c=7)	weight -2.0477734991309:	Bool[And(clear,Nominal(b))] Bool[And(holding,Nominal(a))]
	Feat 4179	(c=8)	weight 0.54897991264348:	Bool[And(ontable,Nominal(a))] Bool[And(Forall(on,<empty>),Nominal(a))]
	Feat 4265	(c=6)	weight -0.16494098735565:	Bool[Exists(on,Nominal(b))] Num[Forall(on,<empty>)]
	Feat 4338	(c=6)	weight 0.24223386619597:	Bool[Exists(on,Nominal(a))] Num[Forall(on,<empty>)]
	Feat 4372	(c=8)	weight 0.0015239928798086:	Bool[Exists(on,Nominal(a))] Bool[And(Not(clear),Nominal(a))]
Score -0.004342350382904092
Lambda=0.06617923069197378
	Feat 22	(c=3)	weight -4.596031121211:	Bool[Exists(on,Nominal(b))]
	Feat 25	(c=3)	weight 0.29413024393053:	Bool[Exists(on,Nominal(a))]
	Feat 569	(c=7)	weight -0.12850806633643:	Num[Exists(Star(on),And(Not(Nominal(b)),ontable))]
	Feat 689	(c=7)	weight -0.3064416586942:	Num[Or(Forall(on,Or(ontable,Nominal(b))),Nominal(b))]
	Feat 769	(c=7)	weight 0.059593320323899:	Num[Or(And(Or(clear,ontable),Nominal(a)),holding)]
	Feat 1145	(c=8)	weight -0.00060629141620584:	Num[Or(Forall(Inverse(Star(on)),Not(Nominal(a))),ontable)]
	Feat 1151	(c=8)	weight 0.59685203650194:	Bool[And(Forall(on,Exists(Star(on),Nominal(a))),Nominal(b))]
	Feat 1290	(c=8)	weight 0.068030500473815:	Num[Or(Exists(on,Exists(on,ontable)),Not(Nominal(b)))]
	Feat 1322	(c=8)	weight 0.063631735699622:	Num[Or(And(Forall(on,Nominal(a)),Nominal(b)),Not(clear))]
	Feat 1422	(c=8)	weight 3.0059682699404:	Bool[And(Forall(on,Or(Not(Nominal(b)),ontable)),Nominal(a))]
	Feat 1444	(c=8)	weight -0.48378980570356:	Num[Or(Forall(on,And(Not(Nominal(a)),ontable)),clear)]
	Feat 1450	(c=8)	weight 0.5612524493829:	Bool[And(Exists(on,And(Not(Nominal(a)),ontable)),Nominal(b))]
	Feat 1816	(c=8)	weight -1.9615807196747:	Num[Or(And(Forall(Inverse(on),clear),Nominal(b)),Nominal(a))]
	Feat 1866	(c=8)	weight 0.29937734297717:	Num[Not(And(Exists(on,Exists(on,Nominal(b))),clear))]
	Feat 2372	(c=8)	weight 0.72201725403186:	Num[Or(And(holding,Nominal(a)),Exists(Star(on),Nominal(a)))]
	Feat 2476	(c=8)	weight 0.22690467169727:	Num[Or(And(Not(clear),Nominal(b)),Exists(on,Nominal(a)))]
	Feat 2643	(c=8)	weight 0.37225403846871:	Bool[And(And(Not(ontable),Nominal(b)),Forall(Inverse(on),<empty>))]
	Feat 2677	(c=8)	weight 6.9487566188559:	Bool[And(Or(Not(Nominal(a)),clear),Exists(on,Nominal(b)))]
	Feat 2746	(c=8)	weight 0.37682804103616:	Bool[And(Forall(on,Not(Nominal(a))),And(clear,Nominal(b)))]
	Feat 3244	(c=8)	weight -0.049204216753483:	Atom[handempty] Num[Forall(on,Forall(on,Not(Nominal(b))))]
	Feat 3624	(c=8)	weight 0.098830291269041:	Bool[holding] Num[Or(Exists(Inverse(on),clear),Nominal(b))]
	Feat 3890	(c=7)	weight -2.3493980764256:	Bool[And(clear,Nominal(b))] Bool[And(holding,Nominal(a))]
	Feat 4179	(c=8)	weight 0.54820949128546:	Bool[And(ontable,Nominal(a))] Bool[And(Forall(on,<empty>),Nominal(a))]
	Feat 4265	(c=6)	weight -0.094688603169445:	Bool[Exists(on,Nominal(b))] Num[Forall(on,<empty>)]
	Feat 4338	(c=6)	weight 0.20744192785966:	Bool[Exists(on,Nominal(a))] Num[Forall(on,<empty>)]
	Feat 4372	(c=8)	weight 0.046636657577098:	Bool[Exists(on,Nominal(a))] Bool[And(Not(clear),Nominal(a))]
	Feat 4484	(c=8)	weight 0.016855803706997:	Bool[And(Not(clear),Nominal(a))] Num[Or(ontable,Nominal(b))]
	Feat 4696	(c=8)	weight -0.053820695637647:	Bool[And(Forall(Star(on),Nominal(a)),Nominal(b))] Num[clear]
Score -0.07197452504799307
Lambda=0.040756360831377916
	Feat 22	(c=3)	weight -5.9724400125803:	Bool[Exists(on,Nominal(b))]
	Feat 25	(c=3)	weight 0.026647811702644:	Bool[Exists(on,Nominal(a))]
	Feat 473	(c=7)	weight -0.55044018983206:	Bool[And(Forall(on,Exists(on,Nominal(a))),Nominal(b))]
	Feat 569	(c=7)	weight -0.2259789208599:	Num[Exists(Star(on),And(Not(Nominal(b)),ontable))]
	Feat 689	(c=7)	weight -0.27690324167363:	Num[Or(Forall(on,Or(ontable,Nominal(b))),Nominal(b))]
	Feat 1145	(c=8)	weight -0.053374612353088:	Num[Or(Forall(Inverse(Star(on)),Not(Nominal(a))),ontable)]
	Feat 1151	(c=8)	weight 0.97966305392475:	Bool[And(Forall(on,Exists(Star(on),Nominal(a))),Nominal(b))]
	Feat 1290	(c=8)	weight 0.26175298901815:	Num[Or(Exists(on,Exists(on,ontable)),Not(Nominal(b)))]
	Feat 1322	(c=8)	weight 0.20790004107577:	Num[Or(And(Forall(on,Nominal(a)),Nominal(b)),Not(clear))]
	Feat 1422	(c=8)	weight 2.6923116466537:	Bool[And(Forall(on,Or(Not(Nominal(b)),ontable)),Nominal(a))]
	Feat 1444	(c=8)	weight -0.47302491687494:	Num[Or(Forall(on,And(Not(Nominal(a)),ontable)),clear)]
	Feat 1450	(c=8)	weight 0.70195162119549:	Bool[And(Exists(on,And(Not(Nominal(a)),ontable)),Nominal(b))]
	Feat 1816	(c=8)	weight -2.1931599353946:	Num[Or(And(Forall(Inverse(on),clear),Nominal(b)),Nominal(a))]
	Feat 1866	(c=8)	weight 0.41241557499444:	Num[Not(And(Exists(on,Exists(on,Nominal(b))),clear))]
	Feat 2314	(c=8)	weight 0.082788546508576:	Num[Or(Or(Nominal(a),Nominal(b)),Exists(Inverse(on),clear))]
	Feat 2372	(c=8)	weight 0.73498092819749:	Num[Or(And(holding,Nominal(a)),Exists(Star(on),Nominal(a)))]
	Feat 2476	(c=8)	weight 0.6036379311994:	Num[Or(And(Not(clear),Nominal(b)),Exists(on,Nominal(a)))]
	Feat 2643	(c=8)	weight 0.24153273446438:	Bool[And(And(Not(ontable),Nominal(b)),Forall(Inverse(on),<empty>))]
	Feat 2677	(c=8)	weight 7.7863398057093:	Bool[And(Or(Not(Nominal(a)),clear),Exists(on,Nominal(b)))]
	Feat 2746	(c=8)	weight 0.56307926825841:	Bool[And(Forall(on,Not(Nominal(a))),And(clear,Nominal(b)))]
	Feat 3244	(c=8)	weight -0.044212445910208:	Atom[handempty] Num[Forall(on,Forall(on,Not(Nominal(b))))]
	Feat 3624	(c=8)	weight 0.084268087468316:	Bool[holding] Num[Or(Exists(Inverse(on),clear),Nominal(b))]
	Feat 3642	(c=8)	weight 0.017394998800065:	Bool[holding] Num[Forall(on,Not(Or(ontable,Nominal(b))))]
	Feat 3890	(c=7)	weight -2.6238624198829:	Bool[And(clear,Nominal(b))] Bool[And(holding,Nominal(a))]
	Feat 4179	(c=8)	weight 0.61559378718081:	Bool[And(ontable,Nominal(a))] Bool[And(Forall(on,<empty>),Nominal(a))]
	Feat 4265	(c=6)	weight -0.027362738488563:	Bool[Exists(on,Nominal(b))] Num[Forall(on,<empty>)]
	Feat 4338	(c=6)	weight 0.18892462132846:	Bool[Exists(on,Nominal(a))] Num[Forall(on,<empty>)]
	Feat 4372	(c=8)	weight 0.028973401845625:	Bool[Exists(on,Nominal(a))] Bool[And(Not(clear),Nominal(a))]
	Feat 4484	(c=8)	weight 0.066241709141069:	Bool[And(Not(clear),Nominal(a))] Num[Or(ontable,Nominal(b))]
	Feat 4696	(c=8)	weight -0.030910277917772:	Bool[And(Forall(Star(on),Nominal(a)),Nominal(b))] Num[clear]
Score -0.6385108775696218
Lambda=0.025099731907565554
	Feat 22	(c=3)	weight -6.8647924196756:	Bool[Exists(on,Nominal(b))]
	Feat 473	(c=7)	weight -1.1139687720186:	Bool[And(Forall(on,Exists(on,Nominal(a))),Nominal(b))]
	Feat 569	(c=7)	weight -0.2989299956009:	Num[Exists(Star(on),And(Not(Nominal(b)),ontable))]
	Feat 689	(c=7)	weight -0.29791919433083:	Num[Or(Forall(on,Or(ontable,Nominal(b))),Nominal(b))]
	Feat 1145	(c=8)	weight -0.070697924756465:	Num[Or(Forall(Inverse(Star(on)),Not(Nominal(a))),ontable)]
	Feat 1151	(c=8)	weight 1.4042425390981:	Bool[And(Forall(on,Exists(Star(on),Nominal(a))),Nominal(b))]
	Feat 1159	(c=8)	weight -0.041275618272505:	Num[Or(Forall(Star(on),Or(Nominal(a),Nominal(b))),clear)]
	Feat 1290	(c=8)	weight 0.41486596588995:	Num[Or(Exists(on,Exists(on,ontable)),Not(Nominal(b)))]
	Feat 1322	(c=8)	weight 0.1927157049775:	Num[Or(And(Forall(on,Nominal(a)),Nominal(b)),Not(clear))]
	Feat 1422	(c=8)	weight 2.4895935385663:	Bool[And(Forall(on,Or(Not(Nominal(b)),ontable)),Nominal(a))]
	Feat 1444	(c=8)	weight -0.48660056907276:	Num[Or(Forall(on,And(Not(Nominal(a)),ontable)),clear)]
	Feat 1450	(c=8)	weight 0.77808084908241:	Bool[And(Exists(on,And(Not(Nominal(a)),ontable)),Nominal(b))]
	Feat 1718	(c=8)	weight 0.029684957330989:	Num[Exists(on,Exists(on,Forall(on,Exists(on,<universe>))))]
	Feat 1816	(c=8)	weight -2.2332231890772:	Num[Or(And(Forall(Inverse(on),clear),Nominal(b)),Nominal(a))]
	Feat 1866	(c=8)	weight 0.47269631402317:	Num[Not(And(Exists(on,Exists(on,Nominal(b))),clear))]
	Feat 2314	(c=8)	weight 0.25485278803227:	Num[Or(Or(Nominal(a),Nominal(b)),Exists(Inverse(on),clear))]
	Feat 2372	(c=8)	weight 0.68062527224049:	Num[Or(And(holding,Nominal(a)),Exists(Star(on),Nominal(a)))]
	Feat 2476	(c=8)	weight 0.78023249402377:	Num[Or(And(Not(clear),Nominal(b)),Exists(on,Nominal(a)))]
	Feat 2677	(c=8)	weight 8.3048215265074:	Bool[And(Or(Not(Nominal(a)),clear),Exists(on,Nominal(b)))]
	Feat 2746	(c=8)	weight 0.54325247956918:	Bool[And(Forall(on,Not(Nominal(a))),And(clear,Nominal(b)))]
	Feat 3244	(c=8)	weight -0.052185682027336:	Atom[handempty] Num[Forall(on,Forall(on,Not(Nominal(b))))]
	Feat 3624	(c=8)	weight 0.060954477084979:	Bool[holding] Num[Or(Exists(Inverse(on),clear),Nominal(b))]
	Feat 3642	(c=8)	weight 0.035395210068938:	Bool[holding] Num[Forall(on,Not(Or(ontable,Nominal(b))))]
	Feat 3890	(c=7)	weight -2.7674431377926:	Bool[And(clear,Nominal(b))] Bool[And(holding,Nominal(a))]
	Feat 4179	(c=8)	weight 0.63996108128414:	Bool[And(ontable,Nominal(a))] Bool[And(Forall(on,<empty>),Nominal(a))]
	Feat 4338	(c=6)	weight 0.16015369810741:	Bool[Exists(on,Nominal(a))] Num[Forall(on,<empty>)]
	Feat 4372	(c=8)	weight 0.10991089388249:	Bool[Exists(on,Nominal(a))] Bool[And(Not(clear),Nominal(a))]
	Feat 4484	(c=8)	weight 0.11450025343438:	Bool[And(Not(clear),Nominal(a))] Num[Or(ontable,Nominal(b))]
	Feat 4696	(c=8)	weight -0.022218347903447:	Bool[And(Forall(Star(on),Nominal(a)),Nominal(b))] Num[clear]
Score -1.029636011650711
Lambda=0.015457624993511108
	Feat 22	(c=3)	weight -7.0961428538461:	Bool[Exists(on,Nominal(b))]
	Feat 25	(c=3)	weight 0.063577747842862:	Bool[Exists(on,Nominal(a))]
	Feat 347	(c=6)	weight 0.2675784804774:	Bool[And(Forall(on,<empty>),And(clear,Nominal(b)))]
	Feat 473	(c=7)	weight -1.3772176189604:	Bool[And(Forall(on,Exists(on,Nominal(a))),Nominal(b))]
	Feat 485	(c=7)	weight 0.24137132232865:	Num[Or(Exists(on,Exists(on,ontable)),Nominal(b))]
	Feat 569	(c=7)	weight -0.39281567264651:	Num[Exists(Star(on),And(Not(Nominal(b)),ontable))]
	Feat 689	(c=7)	weight -0.11818682175524:	Num[Or(Forall(on,Or(ontable,Nominal(b))),Nominal(b))]
	Feat 1145	(c=8)	weight -0.14534318247109:	Num[Or(Forall(Inverse(Star(on)),Not(Nominal(a))),ontable)]
	Feat 1151	(c=8)	weight 1.5974631540101:	Bool[And(Forall(on,Exists(Star(on),Nominal(a))),Nominal(b))]
	Feat 1159	(c=8)	weight -0.25232429290061:	Num[Or(Forall(Star(on),Or(Nominal(a),Nominal(b))),clear)]
	Feat 1290	(c=8)	weight 0.6481159227011:	Num[Or(Exists(on,Exists(on,ontable)),Not(Nominal(b)))]
	Feat 1322	(c=8)	weight 0.092884670116609:	Num[Or(And(Forall(on,Nominal(a)),Nominal(b)),Not(clear))]
	Feat 1422	(c=8)	weight 2.3704488113563:	Bool[And(Forall(on,Or(Not(Nominal(b)),ontable)),Nominal(a))]
	Feat 1444	(c=8)	weight -0.59623275416743:	Num[Or(Forall(on,And(Not(Nominal(a)),ontable)),clear)]
	Feat 1450	(c=8)	weight 0.95330971236111:	Bool[And(Exists(on,And(Not(Nominal(a)),ontable)),Nominal(b))]
	Feat 1816	(c=8)	weight -2.2439545798123:	Num[Or(And(Forall(Inverse(on),clear),Nominal(b)),Nominal(a))]
	Feat 1866	(c=8)	weight 0.53500212631871:	Num[Not(And(Exists(on,Exists(on,Nominal(b))),clear))]
	Feat 2314	(c=8)	weight 0.43095791160725:	Num[Or(Or(Nominal(a),Nominal(b)),Exists(Inverse(on),clear))]
	Feat 2372	(c=8)	weight 0.67190234270507:	Num[Or(And(holding,Nominal(a)),Exists(Star(on),Nominal(a)))]
	Feat 2476	(c=8)	weight 0.83135250453695:	Num[Or(And(Not(clear),Nominal(b)),Exists(on,Nominal(a)))]
	Feat 2677	(c=8)	weight 8.567828317399:	Bool[And(Or(Not(Nominal(a)),clear),Exists(on,Nominal(b)))]
	Feat 2746	(c=8)	weight 0.41245653213074:	Bool[And(Forall(on,Not(Nominal(a))),And(clear,Nominal(b)))]
	Feat 3244	(c=8)	weight -0.051727510939145:	Atom[handempty] Num[Forall(on,Forall(on,Not(Nominal(b))))]
	Feat 3624	(c=8)	weight 0.084168491561158:	Bool[holding] Num[Or(Exists(Inverse(on),clear),Nominal(b))]
	Feat 3642	(c=8)	weight 0.053565113813771:	Bool[holding] Num[Forall(on,Not(Or(ontable,Nominal(b))))]
	Feat 3890	(c=7)	weight -2.8654918423343:	Bool[And(clear,Nominal(b))] Bool[And(holding,Nominal(a))]
	Feat 4179	(c=8)	weight 0.67887180079845:	Bool[And(ontable,Nominal(a))] Bool[And(Forall(on,<empty>),Nominal(a))]
	Feat 4325	(c=8)	weight -0.2587399519382:	Bool[Exists(on,Nominal(b))] Bool[Exists(Inverse(on),Nominal(b))]
	Feat 4338	(c=6)	weight 0.15105758016452:	Bool[Exists(on,Nominal(a))] Num[Forall(on,<empty>)]
	Feat 4372	(c=8)	weight 0.15200668088814:	Bool[Exists(on,Nominal(a))] Bool[And(Not(clear),Nominal(a))]
	Feat 4484	(c=8)	weight 0.13892307640165:	Bool[And(Not(clear),Nominal(a))] Num[Or(ontable,Nominal(b))]
	Feat 4653	(c=8)	weight 0.031594669200225:	Bool[And(Forall(on,ontable),Nominal(a))] Num[Exists(on,<universe>)]
Score -1.6573203549793898
Lambda=0.009519550699583313
	Feat 22	(c=3)	weight -7.0254698107596:	Bool[Exists(on,Nominal(b))]
	Feat 25	(c=3)	weight 0.25739610574281:	Bool[Exists(on,Nominal(a))]
	Feat 347	(c=6)	weight 0.61291822063613:	Bool[And(Forall(on,<empty>),And(clear,Nominal(b)))]
	Feat 473	(c=7)	weight -1.5683449955119:	Bool[And(Forall(on,Exists(on,Nominal(a))),Nominal(b))]
	Feat 485	(c=7)	weight 1.0327209357751:	Num[Or(Exists(on,Exists(on,ontable)),Nominal(b))]
	Feat 569	(c=7)	weight -0.38866773702494:	Num[Exists(Star(on),And(Not(Nominal(b)),ontable))]
	Feat 918	(c=7)	weight 0.49269678541034:	Num[And(Exists(on,ontable),Or(clear,Nominal(b)))]
	Feat 1145	(c=8)	weight -0.21604647889868:	Num[Or(Forall(Inverse(Star(on)),Not(Nominal(a))),ontable)]
	Feat 1151	(c=8)	weight 1.6081343514473:	Bool[And(Forall(on,Exists(Star(on),Nominal(a))),Nominal(b))]
	Feat 1159	(c=8)	weight -0.67059563316143:	Num[Or(Forall(Star(on),Or(Nominal(a),Nominal(b))),clear)]
	Feat 1290	(c=8)	weight 1.5472700483871:	Num[Or(Exists(on,Exists(on,ontable)),Not(Nominal(b)))]
	Feat 1422	(c=8)	weight 2.3534848993198:	Bool[And(Forall(on,Or(Not(Nominal(b)),ontable)),Nominal(a))]
	Feat 1444	(c=8)	weight -0.94361755507494:	Num[Or(Forall(on,And(Not(Nominal(a)),ontable)),clear)]
	Feat 1450	(c=8)	weight 0.83942511332013:	Bool[And(Exists(on,And(Not(Nominal(a)),ontable)),Nominal(b))]
	Feat 1770	(c=8)	weight -0.59258616695197:	Num[Exists(on,Forall(on,Not(And(ontable,Nominal(b)))))]
	Feat 1816	(c=8)	weight -2.0472672184195:	Num[Or(And(Forall(Inverse(on),clear),Nominal(b)),Nominal(a))]
	Feat 1866	(c=8)	weight 0.51982421036365:	Num[Not(And(Exists(on,Exists(on,Nominal(b))),clear))]
	Feat 2314	(c=8)	weight 0.59743549744501:	Num[Or(Or(Nominal(a),Nominal(b)),Exists(Inverse(on),clear))]
	Feat 2372	(c=8)	weight 0.68506890447901:	Num[Or(And(holding,Nominal(a)),Exists(Star(on),Nominal(a)))]
	Feat 2476	(c=8)	weight 0.93695673677342:	Num[Or(And(Not(clear),Nominal(b)),Exists(on,Nominal(a)))]
	Feat 2677	(c=8)	weight 8.6493171539468:	Bool[And(Or(Not(Nominal(a)),clear),Exists(on,Nominal(b)))]
	Feat 2746	(c=8)	weight 0.31069840192546:	Bool[And(Forall(on,Not(Nominal(a))),And(clear,Nominal(b)))]
	Feat 3244	(c=8)	weight -0.064361278715414:	Atom[handempty] Num[Forall(on,Forall(on,Not(Nominal(b))))]
	Feat 3624	(c=8)	weight 0.09550529884378:	Bool[holding] Num[Or(Exists(Inverse(on),clear),Nominal(b))]
	Feat 3642	(c=8)	weight 0.053356602792054:	Bool[holding] Num[Forall(on,Not(Or(ontable,Nominal(b))))]
	Feat 3890	(c=7)	weight -2.9390242389431:	Bool[And(clear,Nominal(b))] Bool[And(holding,Nominal(a))]
	Feat 4179	(c=8)	weight 0.68052066720074:	Bool[And(ontable,Nominal(a))] Bool[And(Forall(on,<empty>),Nominal(a))]
	Feat 4325	(c=8)	weight -0.74747657855984:	Bool[Exists(on,Nominal(b))] Bool[Exists(Inverse(on),Nominal(b))]
	Feat 4338	(c=6)	weight 0.14164886650192:	Bool[Exists(on,Nominal(a))] Num[Forall(on,<empty>)]
	Feat 4484	(c=8)	weight 0.14998266411758:	Bool[And(Not(clear),Nominal(a))] Num[Or(ontable,Nominal(b))]
	Feat 4653	(c=8)	weight 0.064993790664853:	Bool[And(Forall(on,ontable),Nominal(a))] Num[Exists(on,<universe>)]
Score -3.0320780068161595
Lambda=0.005862598268490724
	Feat 22	(c=3)	weight -5.8490834548744:	Bool[Exists(on,Nominal(b))]
	Feat 334	(c=6)	weight 0.19270623175874:	Num[Or(Not(clear),Exists(on,Nominal(a)))]
	Feat 347	(c=6)	weight 0.58152680948963:	Bool[And(Forall(on,<empty>),And(clear,Nominal(b)))]
	Feat 473	(c=7)	weight -1.5228655114777:	Bool[And(Forall(on,Exists(on,Nominal(a))),Nominal(b))]
	Feat 485	(c=7)	weight 2.5554053653753:	Num[Or(Exists(on,Exists(on,ontable)),Nominal(b))]
	Feat 569	(c=7)	weight -0.37283532806167:	Num[Exists(Star(on),And(Not(Nominal(b)),ontable))]
	Feat 765	(c=7)	weight -0.061237194718468:	Num[Not(And(Forall(Star(on),Nominal(a)),Nominal(b)))]
	Feat 918	(c=7)	weight 1.0017053594969:	Num[And(Exists(on,ontable),Or(clear,Nominal(b)))]
	Feat 1078	(c=8)	weight 0.1188836448372:	Num[Or(Exists(on,Forall(Star(on),Nominal(b))),ontable)]
	Feat 1145	(c=8)	weight -0.28988513357773:	Num[Or(Forall(Inverse(Star(on)),Not(Nominal(a))),ontable)]
	Feat 1151	(c=8)	weight 1.3965111733435:	Bool[And(Forall(on,Exists(Star(on),Nominal(a))),Nominal(b))]
	Feat 1159	(c=8)	weight -1.6302088036889:	Num[Or(Forall(Star(on),Or(Nominal(a),Nominal(b))),clear)]
	Feat 1290	(c=8)	weight 3.0872601348388:	Num[Or(Exists(on,Exists(on,ontable)),Not(Nominal(b)))]
	Feat 1422	(c=8)	weight 2.5025242605317:	Bool[And(Forall(on,Or(Not(Nominal(b)),ontable)),Nominal(a))]
	Feat 1444	(c=8)	weight -2.0416832174971:	Num[Or(Forall(on,And(Not(Nominal(a)),ontable)),clear)]
	Feat 1450	(c=8)	weight 0.49701480781648:	Bool[And(Exists(on,And(Not(Nominal(a)),ontable)),Nominal(b))]
	Feat 1454	(c=8)	weight 0.17589547550511:	Num[Or(Exists(on,And(Not(Nominal(a)),ontable)),holding)]
	Feat 1604	(c=8)	weight -0.0012311081737212:	Num[Or(Forall(on,Forall(on,Not(Nominal(a)))),clear)]
	Feat 1770	(c=8)	weight -1.7438407472979:	Num[Exists(on,Forall(on,Not(And(ontable,Nominal(b)))))]
	Feat 1816	(c=8)	weight -0.76126719651712:	Num[Or(And(Forall(Inverse(on),clear),Nominal(b)),Nominal(a))]
	Feat 1843	(c=8)	weight 0.45112775846619:	Num[Or(And(Not(Nominal(b)),Forall(on,Nominal(b))),clear)]
	Feat 1866	(c=8)	weight 0.55571414221517:	Num[Not(And(Exists(on,Exists(on,Nominal(b))),clear))]
	Feat 2146	(c=8)	weight -0.58133164477059:	Num[Not(And(Forall(on,Nominal(a)),Or(clear,ontable)))]
	Feat 2314	(c=8)	weight 1.3831943824364:	Num[Or(Or(Nominal(a),Nominal(b)),Exists(Inverse(on),clear))]
	Feat 2372	(c=8)	weight 0.77575077243043:	Num[Or(And(holding,Nominal(a)),Exists(Star(on),Nominal(a)))]
	Feat 2476	(c=8)	weight 1.0944589362396:	Num[Or(And(Not(clear),Nominal(b)),Exists(on,Nominal(a)))]
	Feat 2559	(c=8)	weight 0.0029230088574085:	Num[And(Or(Not(Nominal(a)),ontable),Forall(on,ontable))]
	Feat 2677	(c=8)	weight 8.4656777151354:	Bool[And(Or(Not(Nominal(a)),clear),Exists(on,Nominal(b)))]
	Feat 2746	(c=8)	weight 0.33889376174324:	Bool[And(Forall(on,Not(Nominal(a))),And(clear,Nominal(b)))]
	Feat 3187	(c=8)	weight -0.054537044345948:	Atom[handempty] Num[Or(Not(ontable),Or(clear,Nominal(a)))]
	Feat 3244	(c=8)	weight -0.074741131828579:	Atom[handempty] Num[Forall(on,Forall(on,Not(Nominal(b))))]
	Feat 3321	(c=8)	weight -0.047964139437131:	Atom[handempty] Num[Not(Or(Exists(on,ontable),Nominal(a)))]
	Feat 3624	(c=8)	weight 0.10850235744906:	Bool[holding] Num[Or(Exists(Inverse(on),clear),Nominal(b))]
	Feat 3642	(c=8)	weight 0.0067194259170905:	Bool[holding] Num[Forall(on,Not(Or(ontable,Nominal(b))))]
	Feat 3701	(c=8)	weight -0.082483160550644:	Bool[holding] Bool[Exists(on,And(Not(ontable),Nominal(b)))]
	Feat 3890	(c=7)	weight -2.9871331701785:	Bool[And(clear,Nominal(b))] Bool[And(holding,Nominal(a))]
	Feat 3991	(c=8)	weight -0.14571521698315:	Bool[And(holding,Nominal(a))] Bool[And(Not(holding),Nominal(b))]
	Feat 4105	(c=8)	weight 0.051694811732178:	Bool[And(holding,Nominal(b))] Num[Forall(Star(on),Nominal(a))]
	Feat 4179	(c=8)	weight 0.66982783479896:	Bool[And(ontable,Nominal(a))] Bool[And(Forall(on,<empty>),Nominal(a))]
	Feat 4325	(c=8)	weight -1.2106622882276:	Bool[Exists(on,Nominal(b))] Bool[Exists(Inverse(on),Nominal(b))]
	Feat 4338	(c=6)	weight 0.14226130588918:	Bool[Exists(on,Nominal(a))] Num[Forall(on,<empty>)]
	Feat 4484	(c=8)	weight 0.16767174470909:	Bool[And(Not(clear),Nominal(a))] Num[Or(ontable,Nominal(b))]
	Feat 4653	(c=8)	weight 0.10346907997663:	Bool[And(Forall(on,ontable),Nominal(a))] Num[Exists(on,<universe>)]
Score -6.848039017586316
Lambda=0.003610470655848796
	Feat 22	(c=3)	weight -4.9746869600427:	Bool[Exists(on,Nominal(b))]
	Feat 45	(c=4)	weight 0.012914028611489:	Bool[And(Forall(on,<empty>),Nominal(b))]
	Feat 334	(c=6)	weight 0.18473304647217:	Num[Or(Not(clear),Exists(on,Nominal(a)))]
	Feat 347	(c=6)	weight 0.43641459959989:	Bool[And(Forall(on,<empty>),And(clear,Nominal(b)))]
	Feat 473	(c=7)	weight -1.5067521662426:	Bool[And(Forall(on,Exists(on,Nominal(a))),Nominal(b))]
	Feat 485	(c=7)	weight 3.8496178277909:	Num[Or(Exists(on,Exists(on,ontable)),Nominal(b))]
	Feat 569	(c=7)	weight -0.39311229706486:	Num[Exists(Star(on),And(Not(Nominal(b)),ontable))]
	Feat 765	(c=7)	weight -0.30938267075984:	Num[Not(And(Forall(Star(on),Nominal(a)),Nominal(b)))]
	Feat 769	(c=7)	weight 0.077299750194226:	Num[Or(And(Or(clear,ontable),Nominal(a)),holding)]
	Feat 918	(c=7)	weight 1.2210740977897:	Num[And(Exists(on,ontable),Or(clear,Nominal(b)))]
	Feat 1078	(c=8)	weight 0.64351362360918:	Num[Or(Exists(on,Forall(Star(on),Nominal(b))),ontable)]
	Feat 1145	(c=8)	weight -0.35673654597865:	Num[Or(Forall(Inverse(Star(on)),Not(Nominal(a))),ontable)]
	Feat 1151	(c=8)	weight 1.2469259486472:	Bool[And(Forall(on,Exists(Star(on),Nominal(a))),Nominal(b))]
	Feat 1159	(c=8)	weight -2.5423083763934:	Num[Or(Forall(Star(on),Or(Nominal(a),Nominal(b))),clear)]
	Feat 1290	(c=8)	weight 4.3673807647172:	Num[Or(Exists(on,Exists(on,ontable)),Not(Nominal(b)))]
	Feat 1422	(c=8)	weight 2.653414497639:	Bool[And(Forall(on,Or(Not(Nominal(b)),ontable)),Nominal(a))]
	Feat 1444	(c=8)	weight -3.1399146255338:	Num[Or(Forall(on,And(Not(Nominal(a)),ontable)),clear)]
	Feat 1450	(c=8)	weight 0.31238927382643:	Bool[And(Exists(on,And(Not(Nominal(a)),ontable)),Nominal(b))]
	Feat 1454	(c=8)	weight 0.48315550361549:	Num[Or(Exists(on,And(Not(Nominal(a)),ontable)),holding)]
	Feat 1604	(c=8)	weight -0.081950734100494:	Num[Or(Forall(on,Forall(on,Not(Nominal(a)))),clear)]
	Feat 1718	(c=8)	weight -0.04118609407899:	Num[Exists(on,Exists(on,Forall(on,Exists(on,<universe>))))]
	Feat 1770	(c=8)	weight -2.2359380282047:	Num[Exists(on,Forall(on,Not(And(ontable,Nominal(b)))))]
	Feat 1843	(c=8)	weight 0.65489654586078:	Num[Or(And(Not(Nominal(b)),Forall(on,Nominal(b))),clear)]
	Feat 1866	(c=8)	weight 0.61833778785678:	Num[Not(And(Exists(on,Exists(on,Nominal(b))),clear))]
	Feat 2146	(c=8)	weight -1.200560548529:	Num[Not(And(Forall(on,Nominal(a)),Or(clear,ontable)))]
	Feat 2314	(c=8)	weight 1.9231380782347:	Num[Or(Or(Nominal(a),Nominal(b)),Exists(Inverse(on),clear))]
	Feat 2372	(c=8)	weight 0.83219475460641:	Num[Or(And(holding,Nominal(a)),Exists(Star(on),Nominal(a)))]
	Feat 2430	(c=8)	weight 0.00031438318905924:	Num[Or(And(Forall(on,<empty>),Nominal(b)),And(clear,Nominal(a)))]
	Feat 2476	(c=8)	weight 1.1261402174755:	Num[Or(And(Not(clear),Nominal(b)),Exists(on,Nominal(a)))]
	Feat 2559	(c=8)	weight 0.20212345093346:	Num[And(Or(Not(Nominal(a)),ontable),Forall(on,ontable))]
	Feat 2677	(c=8)	weight 8.2457498853413:	Bool[And(Or(Not(Nominal(a)),clear),Exists(on,Nominal(b)))]
	Feat 2746	(c=8)	weight 0.49990979677435:	Bool[And(Forall(on,Not(Nominal(a))),And(clear,Nominal(b)))]
	Feat 3187	(c=8)	weight -0.10808687808532:	Atom[handempty] Num[Or(Not(ontable),Or(clear,Nominal(a)))]
	Feat 3244	(c=8)	weight -0.11911038511401:	Atom[handempty] Num[Forall(on,Forall(on,Not(Nominal(b))))]
	Feat 3321	(c=8)	weight -0.079329873696786:	Atom[handempty] Num[Not(Or(Exists(on,ontable),Nominal(a)))]
	Feat 3624	(c=8)	weight 0.15434920649502:	Bool[holding] Num[Or(Exists(Inverse(on),clear),Nominal(b))]
	Feat 3701	(c=8)	weight -0.11967357547261:	Bool[holding] Bool[Exists(on,And(Not(ontable),Nominal(b)))]
	Feat 3890	(c=7)	weight -3.0346962876676:	Bool[And(clear,Nominal(b))] Bool[And(holding,Nominal(a))]
	Feat 3991	(c=8)	weight -0.15509385323181:	Bool[And(holding,Nominal(a))] Bool[And(Not(holding),Nominal(b))]
	Feat 3993	(c=8)	weight 0.019597081785426:	Bool[And(holding,Nominal(a))] Num[Not(Or(clear,ontable))]
	Feat 3995	(c=8)	weight -0.0088035482138842:	Bool[And(holding,Nominal(a))] Num[Or(Not(Nominal(a)),holding)]
	Feat 4105	(c=8)	weight 0.069618530839691:	Bool[And(holding,Nominal(b))] Num[Forall(Star(on),Nominal(a))]
	Feat 4179	(c=8)	weight 0.50269390687063:	Bool[And(ontable,Nominal(a))] Bool[And(Forall(on,<empty>),Nominal(a))]
	Feat 4192	(c=7)	weight -0.051462914486997:	Bool[And(ontable,Nominal(b))] Num[Or(holding,Nominal(a))]
	Feat 4325	(c=8)	weight -1.2381877668446:	Bool[Exists(on,Nominal(b))] Bool[Exists(Inverse(on),Nominal(b))]
	Feat 4338	(c=6)	weight 0.12661136340326:	Bool[Exists(on,Nominal(a))] Num[Forall(on,<empty>)]
	Feat 4484	(c=8)	weight 0.18296542221117:	Bool[And(Not(clear),Nominal(a))] Num[Or(ontable,Nominal(b))]
	Feat 4653	(c=8)	weight 0.1765680646711:	Bool[And(Forall(on,ontable),Nominal(a))] Num[Exists(on,<universe>)]
Score -8.423828402940027
Lambda=0.0022235018945108644
	Feat 22	(c=3)	weight -4.5874935209999:	Bool[Exists(on,Nominal(b))]
	Feat 334	(c=6)	weight 0.010746873934883:	Num[Or(Not(clear),Exists(on,Nominal(a)))]
	Feat 347	(c=6)	weight 0.61781531658128:	Bool[And(Forall(on,<empty>),And(clear,Nominal(b)))]
	Feat 457	(c=7)	weight 0.013015007870243:	Num[Forall(on,Or(Forall(on,Nominal(a)),Nominal(a)))]
	Feat 473	(c=7)	weight -1.4917905585922:	Bool[And(Forall(on,Exists(on,Nominal(a))),Nominal(b))]
	Feat 485	(c=7)	weight 4.6518123556681:	Num[Or(Exists(on,Exists(on,ontable)),Nominal(b))]
	Feat 569	(c=7)	weight -0.39456814658915:	Num[Exists(Star(on),And(Not(Nominal(b)),ontable))]
	Feat 765	(c=7)	weight -0.48211288160399:	Num[Not(And(Forall(Star(on),Nominal(a)),Nominal(b)))]
	Feat 769	(c=7)	weight 0.42593183540733:	Num[Or(And(Or(clear,ontable),Nominal(a)),holding)]
	Feat 918	(c=7)	weight 1.3711670530163:	Num[And(Exists(on,ontable),Or(clear,Nominal(b)))]
	Feat 1078	(c=8)	weight 1.0394739683186:	Num[Or(Exists(on,Forall(Star(on),Nominal(b))),ontable)]
	Feat 1145	(c=8)	weight -0.40827526839602:	Num[Or(Forall(Inverse(Star(on)),Not(Nominal(a))),ontable)]
	Feat 1151	(c=8)	weight 1.0923565267817:	Bool[And(Forall(on,Exists(Star(on),Nominal(a))),Nominal(b))]
	Feat 1159	(c=8)	weight -3.0971400546036:	Num[Or(Forall(Star(on),Or(Nominal(a),Nominal(b))),clear)]
	Feat 1290	(c=8)	weight 5.1355918897109:	Num[Or(Exists(on,Exists(on,ontable)),Not(Nominal(b)))]
	Feat 1422	(c=8)	weight 2.7750927094671:	Bool[And(Forall(on,Or(Not(Nominal(b)),ontable)),Nominal(a))]
	Feat 1444	(c=8)	weight -3.7893994393107:	Num[Or(Forall(on,And(Not(Nominal(a)),ontable)),clear)]
	Feat 1450	(c=8)	weight 0.1439726494076:	Bool[And(Exists(on,And(Not(Nominal(a)),ontable)),Nominal(b))]
	Feat 1454	(c=8)	weight 1.0201449809543:	Num[Or(Exists(on,And(Not(Nominal(a)),ontable)),holding)]
	Feat 1604	(c=8)	weight -0.092802576512979:	Num[Or(Forall(on,Forall(on,Not(Nominal(a)))),clear)]
	Feat 1707	(c=8)	weight -0.0007050478309227:	Num[Or(Exists(on,Exists(on,Exists(on,<universe>))),Nominal(b))]
	Feat 1718	(c=8)	weight -0.08130351222667:	Num[Exists(on,Exists(on,Forall(on,Exists(on,<universe>))))]
	Feat 1770	(c=8)	weight -2.453271780921:	Num[Exists(on,Forall(on,Not(And(ontable,Nominal(b)))))]
	Feat 1843	(c=8)	weight 0.65342554139163:	Num[Or(And(Not(Nominal(b)),Forall(on,Nominal(b))),clear)]
	Feat 1866	(c=8)	weight 0.67486836748124:	Num[Not(And(Exists(on,Exists(on,Nominal(b))),clear))]
	Feat 2146	(c=8)	weight -1.5189818070174:	Num[Not(And(Forall(on,Nominal(a)),Or(clear,ontable)))]
	Feat 2286	(c=8)	weight 0.00023444307871203:	Num[And(Not(Nominal(a)),Forall(Inverse(Star(on)),Nominal(b)))]
	Feat 2314	(c=8)	weight 1.9687473238882:	Num[Or(Or(Nominal(a),Nominal(b)),Exists(Inverse(on),clear))]
	Feat 2372	(c=8)	weight 0.92751955925185:	Num[Or(And(holding,Nominal(a)),Exists(Star(on),Nominal(a)))]
	Feat 2476	(c=8)	weight 1.1908766406542:	Num[Or(And(Not(clear),Nominal(b)),Exists(on,Nominal(a)))]
	Feat 2559	(c=8)	weight 0.31619959705626:	Num[And(Or(Not(Nominal(a)),ontable),Forall(on,ontable))]
	Feat 2677	(c=8)	weight 8.0944031031021:	Bool[And(Or(Not(Nominal(a)),clear),Exists(on,Nominal(b)))]
	Feat 2746	(c=8)	weight 0.63131752928078:	Bool[And(Forall(on,Not(Nominal(a))),And(clear,Nominal(b)))]
	Feat 3187	(c=8)	weight -0.12675948201307:	Atom[handempty] Num[Or(Not(ontable),Or(clear,Nominal(a)))]
	Feat 3244	(c=8)	weight -0.11970971127175:	Atom[handempty] Num[Forall(on,Forall(on,Not(Nominal(b))))]
	Feat 3321	(c=8)	weight -0.078832546899335:	Atom[handempty] Num[Not(Or(Exists(on,ontable),Nominal(a)))]
	Feat 3606	(c=8)	weight 0.0098734237735988:	Bool[holding] Num[Or(And(Forall(on,<empty>),Nominal(b)),clear)]
	Feat 3624	(c=8)	weight 0.14465410318818:	Bool[holding] Num[Or(Exists(Inverse(on),clear),Nominal(b))]
	Feat 3701	(c=8)	weight -0.19168483304798:	Bool[holding] Bool[Exists(on,And(Not(ontable),Nominal(b)))]
	Feat 3890	(c=7)	weight -3.0442000034839:	Bool[And(clear,Nominal(b))] Bool[And(holding,Nominal(a))]
	Feat 3991	(c=8)	weight -0.096645336912473:	Bool[And(holding,Nominal(a))] Bool[And(Not(holding),Nominal(b))]
	Feat 3993	(c=8)	weight 0.11681374563442:	Bool[And(holding,Nominal(a))] Num[Not(Or(clear,ontable))]
	Feat 3995	(c=8)	weight -0.05829454430443:	Bool[And(holding,Nominal(a))] Num[Or(Not(Nominal(a)),holding)]
	Feat 4105	(c=8)	weight 0.063841065201494:	Bool[And(holding,Nominal(b))] Num[Forall(Star(on),Nominal(a))]
	Feat 4179	(c=8)	weight 0.46082881570593:	Bool[And(ontable,Nominal(a))] Bool[And(Forall(on,<empty>),Nominal(a))]
	Feat 4192	(c=7)	weight -0.16446166124267:	Bool[And(ontable,Nominal(b))] Num[Or(holding,Nominal(a))]
	Feat 4265	(c=6)	weight -1.783591178323e-05:	Bool[Exists(on,Nominal(b))] Num[Forall(on,<empty>)]
	Feat 4325	(c=8)	weight -1.3735624059228:	Bool[Exists(on,Nominal(b))] Bool[Exists(Inverse(on),Nominal(b))]
	Feat 4338	(c=6)	weight 0.095494689675718:	Bool[Exists(on,Nominal(a))] Num[Forall(on,<empty>)]
	Feat 4484	(c=8)	weight 0.25826670781312:	Bool[And(Not(clear),Nominal(a))] Num[Or(ontable,Nominal(b))]
	Feat 4653	(c=8)	weight 0.21201252345116:	Bool[And(Forall(on,ontable),Nominal(a))] Num[Exists(on,<universe>)]
	Feat 4696	(c=8)	weight -0.034982994784854:	Bool[And(Forall(Star(on),Nominal(a)),Nominal(b))] Num[clear]
Score -8.327375062395065
Lambda=0.001369339664036436
	Feat 22	(c=3)	weight -4.4020378119053:	Bool[Exists(on,Nominal(b))]
	Feat 347	(c=6)	weight 0.60382068181576:	Bool[And(Forall(on,<empty>),And(clear,Nominal(b)))]
	Feat 457	(c=7)	weight 0.15601385322812:	Num[Forall(on,Or(Forall(on,Nominal(a)),Nominal(a)))]
	Feat 473	(c=7)	weight -1.4968371372292:	Bool[And(Forall(on,Exists(on,Nominal(a))),Nominal(b))]
	Feat 485	(c=7)	weight 5.1615474319397:	Num[Or(Exists(on,Exists(on,ontable)),Nominal(b))]
	Feat 569	(c=7)	weight -0.4048413893736:	Num[Exists(Star(on),And(Not(Nominal(b)),ontable))]
	Feat 765	(c=7)	weight -0.67189193281034:	Num[Not(And(Forall(Star(on),Nominal(a)),Nominal(b)))]
	Feat 769	(c=7)	weight 0.77190163535032:	Num[Or(And(Or(clear,ontable),Nominal(a)),holding)]
	Feat 918	(c=7)	weight 1.4369265854095:	Num[And(Exists(on,ontable),Or(clear,Nominal(b)))]
	Feat 1078	(c=8)	weight 1.2783640957513:	Num[Or(Exists(on,Forall(Star(on),Nominal(b))),ontable)]
	Feat 1145	(c=8)	weight -0.43739524693953:	Num[Or(Forall(Inverse(Star(on)),Not(Nominal(a))),ontable)]
	Feat 1151	(c=8)	weight 1.0316254609695:	Bool[And(Forall(on,Exists(Star(on),Nominal(a))),Nominal(b))]
	Feat 1159	(c=8)	weight -3.4860382089785:	Num[Or(Forall(Star(on),Or(Nominal(a),Nominal(b))),clear)]
	Feat 1234	(c=8)	weight 2.8348850718148e-05:	Num[And(Not(Or(And(clear,Nominal(a)),Nominal(b))),ontable)]
	Feat 1290	(c=8)	weight 5.6357823321479:	Num[Or(Exists(on,Exists(on,ontable)),Not(Nominal(b)))]
	Feat 1422	(c=8)	weight 2.853099552891:	Bool[And(Forall(on,Or(Not(Nominal(b)),ontable)),Nominal(a))]
	Feat 1444	(c=8)	weight -4.2403288566369:	Num[Or(Forall(on,And(Not(Nominal(a)),ontable)),clear)]
	Feat 1450	(c=8)	weight 0.076917208496324:	Bool[And(Exists(on,And(Not(Nominal(a)),ontable)),Nominal(b))]
	Feat 1454	(c=8)	weight 1.3136998108225:	Num[Or(Exists(on,And(Not(Nominal(a)),ontable)),holding)]
	Feat 1604	(c=8)	weight -0.11867493320625:	Num[Or(Forall(on,Forall(on,Not(Nominal(a)))),clear)]
	Feat 1707	(c=8)	weight -0.014594428019495:	Num[Or(Exists(on,Exists(on,Exists(on,<universe>))),Nominal(b))]
	Feat 1718	(c=8)	weight -0.1026711186525:	Num[Exists(on,Exists(on,Forall(on,Exists(on,<universe>))))]
	Feat 1770	(c=8)	weight -2.6108592173047:	Num[Exists(on,Forall(on,Not(And(ontable,Nominal(b)))))]
	Feat 1816	(c=8)	weight 0.015708586713673:	Num[Or(And(Forall(Inverse(on),clear),Nominal(b)),Nominal(a))]
	Feat 1843	(c=8)	weight 0.68059733357523:	Num[Or(And(Not(Nominal(b)),Forall(on,Nominal(b))),clear)]
	Feat 1866	(c=8)	weight 0.70960568617455:	Num[Not(And(Exists(on,Exists(on,Nominal(b))),clear))]
	Feat 2146	(c=8)	weight -1.7442072587823:	Num[Not(And(Forall(on,Nominal(a)),Or(clear,ontable)))]
	Feat 2286	(c=8)	weight 0.00011561518247198:	Num[And(Not(Nominal(a)),Forall(Inverse(Star(on)),Nominal(b)))]
	Feat 2314	(c=8)	weight 2.0051089527645:	Num[Or(Or(Nominal(a),Nominal(b)),Exists(Inverse(on),clear))]
	Feat 2372	(c=8)	weight 0.96320211869256:	Num[Or(And(holding,Nominal(a)),Exists(Star(on),Nominal(a)))]
	Feat 2476	(c=8)	weight 1.1856606353739:	Num[Or(And(Not(clear),Nominal(b)),Exists(on,Nominal(a)))]
	Feat 2559	(c=8)	weight 0.37866022953545:	Num[And(Or(Not(Nominal(a)),ontable),Forall(on,ontable))]
	Feat 2677	(c=8)	weight 7.9795261866337:	Bool[And(Or(Not(Nominal(a)),clear),Exists(on,Nominal(b)))]
	Feat 2746	(c=8)	weight 0.68978267652634:	Bool[And(Forall(on,Not(Nominal(a))),And(clear,Nominal(b)))]
	Feat 3187	(c=8)	weight -0.13127155525791:	Atom[handempty] Num[Or(Not(ontable),Or(clear,Nominal(a)))]
	Feat 3244	(c=8)	weight -0.09951286603084:	Atom[handempty] Num[Forall(on,Forall(on,Not(Nominal(b))))]
	Feat 3321	(c=8)	weight -0.069316104980711:	Atom[handempty] Num[Not(Or(Exists(on,ontable),Nominal(a)))]
	Feat 3606	(c=8)	weight 0.031437183236086:	Bool[holding] Num[Or(And(Forall(on,<empty>),Nominal(b)),clear)]
	Feat 3624	(c=8)	weight 0.12867924271006:	Bool[holding] Num[Or(Exists(Inverse(on),clear),Nominal(b))]
	Feat 3701	(c=8)	weight -0.2288465591743:	Bool[holding] Bool[Exists(on,And(Not(ontable),Nominal(b)))]
	Feat 3890	(c=7)	weight -3.0289239164972:	Bool[And(clear,Nominal(b))] Bool[And(holding,Nominal(a))]
	Feat 3991	(c=8)	weight -0.00095566771312994:	Bool[And(holding,Nominal(a))] Bool[And(Not(holding),Nominal(b))]
	Feat 3993	(c=8)	weight 0.17616980692168:	Bool[And(holding,Nominal(a))] Num[Not(Or(clear,ontable))]
	Feat 3995	(c=8)	weight -0.066807991744565:	Bool[And(holding,Nominal(a))] Num[Or(Not(Nominal(a)),holding)]
	Feat 4105	(c=8)	weight 0.064546426089941:	Bool[And(holding,Nominal(b))] Num[Forall(Star(on),Nominal(a))]
	Feat 4179	(c=8)	weight 0.42544804159618:	Bool[And(ontable,Nominal(a))] Bool[And(Forall(on,<empty>),Nominal(a))]
	Feat 4192	(c=7)	weight -0.24194004616952:	Bool[And(ontable,Nominal(b))] Num[Or(holding,Nominal(a))]
	Feat 4265	(c=6)	weight -0.00086227033602661:	Bool[Exists(on,Nominal(b))] Num[Forall(on,<empty>)]
	Feat 4325	(c=8)	weight -1.3486674913694:	Bool[Exists(on,Nominal(b))] Bool[Exists(Inverse(on),Nominal(b))]
	Feat 4338	(c=6)	weight 0.079002754387209:	Bool[Exists(on,Nominal(a))] Num[Forall(on,<empty>)]
	Feat 4484	(c=8)	weight 0.28688655273336:	Bool[And(Not(clear),Nominal(a))] Num[Or(ontable,Nominal(b))]
	Feat 4549	(c=8)	weight -0.030825216942676:	Bool[And(Not(ontable),Nominal(b))] Num[Or(clear,Nominal(a))]
	Feat 4653	(c=8)	weight 0.23244783392814:	Bool[And(Forall(on,ontable),Nominal(a))] Num[Exists(on,<universe>)]
	Feat 4696	(c=8)	weight -0.080156654502438:	Bool[And(Forall(Star(on),Nominal(a)),Nominal(b))] Num[clear]
Score -8.30530344588422
Lambda=0.0008433053824385929
	Feat 22	(c=3)	weight -4.3238507289339:	Bool[Exists(on,Nominal(b))]
	Feat 45	(c=4)	weight -0.15674457979784:	Bool[And(Forall(on,<empty>),Nominal(b))]
	Feat 347	(c=6)	weight 0.38683465856201:	Bool[And(Forall(on,<empty>),And(clear,Nominal(b)))]
	Feat 457	(c=7)	weight 0.24961957560174:	Num[Forall(on,Or(Forall(on,Nominal(a)),Nominal(a)))]
	Feat 473	(c=7)	weight -1.4983477687005:	Bool[And(Forall(on,Exists(on,Nominal(a))),Nominal(b))]
	Feat 485	(c=7)	weight 5.5363331369928:	Num[Or(Exists(on,Exists(on,ontable)),Nominal(b))]
	Feat 569	(c=7)	weight -0.4151270987954:	Num[Exists(Star(on),And(Not(Nominal(b)),ontable))]
	Feat 765	(c=7)	weight -1.0440076336793:	Num[Not(And(Forall(Star(on),Nominal(a)),Nominal(b)))]
	Feat 769	(c=7)	weight 0.95687295340059:	Num[Or(And(Or(clear,ontable),Nominal(a)),holding)]
	Feat 918	(c=7)	weight 1.4785732691168:	Num[And(Exists(on,ontable),Or(clear,Nominal(b)))]
	Feat 1078	(c=8)	weight 1.4185809131954:	Num[Or(Exists(on,Forall(Star(on),Nominal(b))),ontable)]
	Feat 1145	(c=8)	weight -0.45391727639017:	Num[Or(Forall(Inverse(Star(on)),Not(Nominal(a))),ontable)]
	Feat 1151	(c=8)	weight 1.0131487555608:	Bool[And(Forall(on,Exists(Star(on),Nominal(a))),Nominal(b))]
	Feat 1159	(c=8)	weight -3.7810882631138:	Num[Or(Forall(Star(on),Or(Nominal(a),Nominal(b))),clear)]
	Feat 1234	(c=8)	weight 0.0026350380032952:	Num[And(Not(Or(And(clear,Nominal(a)),Nominal(b))),ontable)]
	Feat 1290	(c=8)	weight 6.0167643708096:	Num[Or(Exists(on,Exists(on,ontable)),Not(Nominal(b)))]
	Feat 1422	(c=8)	weight 2.9088435583882:	Bool[And(Forall(on,Or(Not(Nominal(b)),ontable)),Nominal(a))]
	Feat 1444	(c=8)	weight -4.5854954877388:	Num[Or(Forall(on,And(Not(Nominal(a)),ontable)),clear)]
	Feat 1450	(c=8)	weight 0.048647961009637:	Bool[And(Exists(on,And(Not(Nominal(a)),ontable)),Nominal(b))]
	Feat 1454	(c=8)	weight 1.4717852146249:	Num[Or(Exists(on,And(Not(Nominal(a)),ontable)),holding)]
	Feat 1604	(c=8)	weight -0.14155634727501:	Num[Or(Forall(on,Forall(on,Not(Nominal(a)))),clear)]
	Feat 1707	(c=8)	weight -0.025070169797551:	Num[Or(Exists(on,Exists(on,Exists(on,<universe>))),Nominal(b))]
	Feat 1718	(c=8)	weight -0.11957247593301:	Num[Exists(on,Exists(on,Forall(on,Exists(on,<universe>))))]
	Feat 1770	(c=8)	weight -2.7846305176938:	Num[Exists(on,Forall(on,Not(And(ontable,Nominal(b)))))]
	Feat 1816	(c=8)	weight 0.22725288459262:	Num[Or(And(Forall(Inverse(on),clear),Nominal(b)),Nominal(a))]
	Feat 1843	(c=8)	weight 0.77451358028408:	Num[Or(And(Not(Nominal(b)),Forall(on,Nominal(b))),clear)]
	Feat 1866	(c=8)	weight 0.72263931900276:	Num[Not(And(Exists(on,Exists(on,Nominal(b))),clear))]
	Feat 2146	(c=8)	weight -1.9734600793239:	Num[Not(And(Forall(on,Nominal(a)),Or(clear,ontable)))]
	Feat 2314	(c=8)	weight 2.1281426529263:	Num[Or(Or(Nominal(a),Nominal(b)),Exists(Inverse(on),clear))]
	Feat 2372	(c=8)	weight 0.97805982357756:	Num[Or(And(holding,Nominal(a)),Exists(Star(on),Nominal(a)))]
	Feat 2476	(c=8)	weight 1.1934359171717:	Num[Or(And(Not(clear),Nominal(b)),Exists(on,Nominal(a)))]
	Feat 2559	(c=8)	weight 0.37173478127316:	Num[And(Or(Not(Nominal(a)),ontable),Forall(on,ontable))]
	Feat 2677	(c=8)	weight 7.8938462592817:	Bool[And(Or(Not(Nominal(a)),clear),Exists(on,Nominal(b)))]
	Feat 2746	(c=8)	weight 0.71025291516043:	Bool[And(Forall(on,Not(Nominal(a))),And(clear,Nominal(b)))]
	Feat 3187	(c=8)	weight -0.13377359362812:	Atom[handempty] Num[Or(Not(ontable),Or(clear,Nominal(a)))]
	Feat 3244	(c=8)	weight -0.096714564543342:	Atom[handempty] Num[Forall(on,Forall(on,Not(Nominal(b))))]
	Feat 3321	(c=8)	weight -0.068180105379955:	Atom[handempty] Num[Not(Or(Exists(on,ontable),Nominal(a)))]
	Feat 3606	(c=8)	weight 0.027831807366078:	Bool[holding] Num[Or(And(Forall(on,<empty>),Nominal(b)),clear)]
	Feat 3624	(c=8)	weight 0.12563484594225:	Bool[holding] Num[Or(Exists(Inverse(on),clear),Nominal(b))]
	Feat 3701	(c=8)	weight -0.25107253600129:	Bool[holding] Bool[Exists(on,And(Not(ontable),Nominal(b)))]
	Feat 3890	(c=7)	weight -3.0283365959602:	Bool[And(clear,Nominal(b))] Bool[And(holding,Nominal(a))]
	Feat 3991	(c=8)	weight -2.5546245132382e-05:	Bool[And(holding,Nominal(a))] Bool[And(Not(holding),Nominal(b))]
	Feat 3993	(c=8)	weight 0.23624614242247:	Bool[And(holding,Nominal(a))] Num[Not(Or(clear,ontable))]
	Feat 3995	(c=8)	weight -0.088769397042008:	Bool[And(holding,Nominal(a))] Num[Or(Not(Nominal(a)),holding)]
	Feat 4105	(c=8)	weight 0.1441269421756:	Bool[And(holding,Nominal(b))] Num[Forall(Star(on),Nominal(a))]
	Feat 4179	(c=8)	weight 0.43764595162187:	Bool[And(ontable,Nominal(a))] Bool[And(Forall(on,<empty>),Nominal(a))]
	Feat 4192	(c=7)	weight -0.18067667842119:	Bool[And(ontable,Nominal(b))] Num[Or(holding,Nominal(a))]
	Feat 4265	(c=6)	weight -0.0024161164630655:	Bool[Exists(on,Nominal(b))] Num[Forall(on,<empty>)]
	Feat 4325	(c=8)	weight -1.2013175556388:	Bool[Exists(on,Nominal(b))] Bool[Exists(Inverse(on),Nominal(b))]
	Feat 4338	(c=6)	weight 0.028661905806166:	Bool[Exists(on,Nominal(a))] Num[Forall(on,<empty>)]
	Feat 4462	(c=8)	weight -0.077546967102951:	Bool[And(Forall(on,<empty>),Nominal(b))] Num[Or(holding,Nominal(a))]
	Feat 4484	(c=8)	weight 0.34576499579884:	Bool[And(Not(clear),Nominal(a))] Num[Or(ontable,Nominal(b))]
	Feat 4549	(c=8)	weight -0.13319358371434:	Bool[And(Not(ontable),Nominal(b))] Num[Or(clear,Nominal(a))]
	Feat 4653	(c=8)	weight 0.2360640624714:	Bool[And(Forall(on,ontable),Nominal(a))] Num[Exists(on,<universe>)]
	Feat 4679	(c=8)	weight 0.0017159577294201:	Bool[Exists(on,And(ontable,Nominal(b)))] Num[Forall(on,<empty>)]
	Feat 4696	(c=8)	weight -0.18083467769587:	Bool[And(Forall(Star(on),Nominal(a)),Nominal(b))] Num[clear]
Score -5.280814192095775
Lambda=0.0005193481111571587
	Feat 22	(c=3)	weight -4.2665703443878:	Bool[Exists(on,Nominal(b))]
	Feat 45	(c=4)	weight -0.33372783793991:	Bool[And(Forall(on,<empty>),Nominal(b))]
	Feat 347	(c=6)	weight 0.35373806760774:	Bool[And(Forall(on,<empty>),And(clear,Nominal(b)))]
	Feat 457	(c=7)	weight 0.28881805668185:	Num[Forall(on,Or(Forall(on,Nominal(a)),Nominal(a)))]
	Feat 473	(c=7)	weight -1.4970098792421:	Bool[And(Forall(on,Exists(on,Nominal(a))),Nominal(b))]
	Feat 485	(c=7)	weight 5.7357068254786:	Num[Or(Exists(on,Exists(on,ontable)),Nominal(b))]
	Feat 569	(c=7)	weight -0.42975803850225:	Num[Exists(Star(on),And(Not(Nominal(b)),ontable))]
	Feat 765	(c=7)	weight -1.2882734493993:	Num[Not(And(Forall(Star(on),Nominal(a)),Nominal(b)))]
	Feat 769	(c=7)	weight 1.0402472207123:	Num[Or(And(Or(clear,ontable),Nominal(a)),holding)]
	Feat 918	(c=7)	weight 1.4989860822855:	Num[And(Exists(on,ontable),Or(clear,Nominal(b)))]
	Feat 1078	(c=8)	weight 1.4861380111621:	Num[Or(Exists(on,Forall(Star(on),Nominal(b))),ontable)]
	Feat 1145	(c=8)	weight -0.46196087581539:	Num[Or(Forall(Inverse(Star(on)),Not(Nominal(a))),ontable)]
	Feat 1151	(c=8)	weight 1.0049067064176:	Bool[And(Forall(on,Exists(Star(on),Nominal(a))),Nominal(b))]
	Feat 1159	(c=8)	weight -3.9473069947701:	Num[Or(Forall(Star(on),Or(Nominal(a),Nominal(b))),clear)]
	Feat 1234	(c=8)	weight 0.0010200927827813:	Num[And(Not(Or(And(clear,Nominal(a)),Nominal(b))),ontable)]
	Feat 1290	(c=8)	weight 6.227542477543:	Num[Or(Exists(on,Exists(on,ontable)),Not(Nominal(b)))]
	Feat 1322	(c=8)	weight -0.0041950223232314:	Num[Or(And(Forall(on,Nominal(a)),Nominal(b)),Not(clear))]
	Feat 1422	(c=8)	weight 2.9373208458226:	Bool[And(Forall(on,Or(Not(Nominal(b)),ontable)),Nominal(a))]
	Feat 1444	(c=8)	weight -4.7806482943458:	Num[Or(Forall(on,And(Not(Nominal(a)),ontable)),clear)]
	Feat 1450	(c=8)	weight 0.045011484752169:	Bool[And(Exists(on,And(Not(Nominal(a)),ontable)),Nominal(b))]
	Feat 1454	(c=8)	weight 1.5548217412089:	Num[Or(Exists(on,And(Not(Nominal(a)),ontable)),holding)]
	Feat 1604	(c=8)	weight -0.15396591906847:	Num[Or(Forall(on,Forall(on,Not(Nominal(a)))),clear)]
	Feat 1707	(c=8)	weight -0.035177226119003:	Num[Or(Exists(on,Exists(on,Exists(on,<universe>))),Nominal(b))]
	Feat 1718	(c=8)	weight -0.13156872110796:	Num[Exists(on,Exists(on,Forall(on,Exists(on,<universe>))))]
	Feat 1770	(c=8)	weight -2.8832210959324:	Num[Exists(on,Forall(on,Not(And(ontable,Nominal(b)))))]
	Feat 1816	(c=8)	weight 0.36901718270627:	Num[Or(And(Forall(Inverse(on),clear),Nominal(b)),Nominal(a))]
	Feat 1843	(c=8)	weight 0.81613753720892:	Num[Or(And(Not(Nominal(b)),Forall(on,Nominal(b))),clear)]
	Feat 1866	(c=8)	weight 0.72275441766229:	Num[Not(And(Exists(on,Exists(on,Nominal(b))),clear))]
	Feat 2146	(c=8)	weight -2.1082849124428:	Num[Not(And(Forall(on,Nominal(a)),Or(clear,ontable)))]
	Feat 2314	(c=8)	weight 2.2188637780075:	Num[Or(Or(Nominal(a),Nominal(b)),Exists(Inverse(on),clear))]
	Feat 2372	(c=8)	weight 0.98444192226655:	Num[Or(And(holding,Nominal(a)),Exists(Star(on),Nominal(a)))]
	Feat 2430	(c=8)	weight 1.4878246967496e-05:	Num[Or(And(Forall(on,<empty>),Nominal(b)),And(clear,Nominal(a)))]
	Feat 2476	(c=8)	weight 1.202919232123:	Num[Or(And(Not(clear),Nominal(b)),Exists(on,Nominal(a)))]
	Feat 2559	(c=8)	weight 0.37399089727228:	Num[And(Or(Not(Nominal(a)),ontable),Forall(on,ontable))]
	Feat 2677	(c=8)	weight 7.8497632714254:	Bool[And(Or(Not(Nominal(a)),clear),Exists(on,Nominal(b)))]
	Feat 2746	(c=8)	weight 0.71538827905838:	Bool[And(Forall(on,Not(Nominal(a))),And(clear,Nominal(b)))]
	Feat 3156	(c=7)	weight 0.0098687717038447:	Atom[handempty] Num[Forall(on,Exists(on,ontable))]
	Feat 3187	(c=8)	weight -0.1316022341654:	Atom[handempty] Num[Or(Not(ontable),Or(clear,Nominal(a)))]
	Feat 3244	(c=8)	weight -0.1031837318142:	Atom[handempty] Num[Forall(on,Forall(on,Not(Nominal(b))))]
	Feat 3321	(c=8)	weight -0.080024797293694:	Atom[handempty] Num[Not(Or(Exists(on,ontable),Nominal(a)))]
	Feat 3606	(c=8)	weight 0.028493502705941:	Bool[holding] Num[Or(And(Forall(on,<empty>),Nominal(b)),clear)]
	Feat 3624	(c=8)	weight 0.12624356413352:	Bool[holding] Num[Or(Exists(Inverse(on),clear),Nominal(b))]
	Feat 3642	(c=8)	weight -0.0095076543527342:	Bool[holding] Num[Forall(on,Not(Or(ontable,Nominal(b))))]
	Feat 3701	(c=8)	weight -0.26143373653144:	Bool[holding] Bool[Exists(on,And(Not(ontable),Nominal(b)))]
	Feat 3890	(c=7)	weight -3.0227617080578:	Bool[And(clear,Nominal(b))] Bool[And(holding,Nominal(a))]
	Feat 3991	(c=8)	weight -0.031097151558421:	Bool[And(holding,Nominal(a))] Bool[And(Not(holding),Nominal(b))]
	Feat 3993	(c=8)	weight 0.26721510263738:	Bool[And(holding,Nominal(a))] Num[Not(Or(clear,ontable))]
	Feat 3995	(c=8)	weight -0.099119030274219:	Bool[And(holding,Nominal(a))] Num[Or(Not(Nominal(a)),holding)]
	Feat 4105	(c=8)	weight 0.20510309067738:	Bool[And(holding,Nominal(b))] Num[Forall(Star(on),Nominal(a))]
	Feat 4165	(c=8)	weight -0.020957698557789:	Bool[And(ontable,Nominal(a))] Num[Not(Or(holding,Nominal(b)))]
	Feat 4179	(c=8)	weight 0.54592618365218:	Bool[And(ontable,Nominal(a))] Bool[And(Forall(on,<empty>),Nominal(a))]
	Feat 4192	(c=7)	weight -0.14784263263067:	Bool[And(ontable,Nominal(b))] Num[Or(holding,Nominal(a))]
	Feat 4265	(c=6)	weight -0.010266184061954:	Bool[Exists(on,Nominal(b))] Num[Forall(on,<empty>)]
	Feat 4325	(c=8)	weight -1.109858706665:	Bool[Exists(on,Nominal(b))] Bool[Exists(Inverse(on),Nominal(b))]
	Feat 4338	(c=6)	weight 0.0012591583919341:	Bool[Exists(on,Nominal(a))] Num[Forall(on,<empty>)]
	Feat 4462	(c=8)	weight -0.12286213112159:	Bool[And(Forall(on,<empty>),Nominal(b))] Num[Or(holding,Nominal(a))]
	Feat 4484	(c=8)	weight 0.37931849108485:	Bool[And(Not(clear),Nominal(a))] Num[Or(ontable,Nominal(b))]
	Feat 4549	(c=8)	weight -0.18908778145725:	Bool[And(Not(ontable),Nominal(b))] Num[Or(clear,Nominal(a))]
	Feat 4653	(c=8)	weight 0.24128753048922:	Bool[And(Forall(on,ontable),Nominal(a))] Num[Exists(on,<universe>)]
	Feat 4679	(c=8)	weight 0.026354908493889:	Bool[Exists(on,And(ontable,Nominal(b)))] Num[Forall(on,<empty>)]
	Feat 4696	(c=8)	weight -0.2433266942006:	Bool[And(Forall(Star(on),Nominal(a)),Nominal(b))] Num[clear]
Score -3.317780907758867
Lambda=0.00031983960517665595
	Feat 0	(c=1)	weight 7.3303438306424e-05:	Atom[handempty]
	Feat 22	(c=3)	weight -4.2381140726145:	Bool[Exists(on,Nominal(b))]
	Feat 45	(c=4)	weight -0.48512785937696:	Bool[And(Forall(on,<empty>),Nominal(b))]
	Feat 88	(c=5)	weight -0.012345621131205:	Num[Or(Exists(Inverse(on),<universe>),Nominal(b))]
	Feat 347	(c=6)	weight 0.36509804099561:	Bool[And(Forall(on,<empty>),And(clear,Nominal(b)))]
	Feat 457	(c=7)	weight 0.31127893117139:	Num[Forall(on,Or(Forall(on,Nominal(a)),Nominal(a)))]
	Feat 473	(c=7)	weight -1.4964895484831:	Bool[And(Forall(on,Exists(on,Nominal(a))),Nominal(b))]
	Feat 485	(c=7)	weight 5.8690241019477:	Num[Or(Exists(on,Exists(on,ontable)),Nominal(b))]
	Feat 569	(c=7)	weight -0.44164657174458:	Num[Exists(Star(on),And(Not(Nominal(b)),ontable))]
	Feat 689	(c=7)	weight 0.00020520109987984:	Num[Or(Forall(on,Or(ontable,Nominal(b))),Nominal(b))]
	Feat 765	(c=7)	weight -1.4538200862202:	Num[Not(And(Forall(Star(on),Nominal(a)),Nominal(b)))]
	Feat 769	(c=7)	weight 1.0817378603627:	Num[Or(And(Or(clear,ontable),Nominal(a)),holding)]
	Feat 918	(c=7)	weight 1.5132263316012:	Num[And(Exists(on,ontable),Or(clear,Nominal(b)))]
	Feat 1078	(c=8)	weight 1.5248442596882:	Num[Or(Exists(on,Forall(Star(on),Nominal(b))),ontable)]
	Feat 1145	(c=8)	weight -0.4688682776756:	Num[Or(Forall(Inverse(Star(on)),Not(Nominal(a))),ontable)]
	Feat 1151	(c=8)	weight 0.99705428319263:	Bool[And(Forall(on,Exists(Star(on),Nominal(a))),Nominal(b))]
	Feat 1159	(c=8)	weight -4.0603076575285:	Num[Or(Forall(Star(on),Or(Nominal(a),Nominal(b))),clear)]
	Feat 1234	(c=8)	weight 0.0041662532432847:	Num[And(Not(Or(And(clear,Nominal(a)),Nominal(b))),ontable)]
	Feat 1290	(c=8)	weight 6.363292177819:	Num[Or(Exists(on,Exists(on,ontable)),Not(Nominal(b)))]
	Feat 1322	(c=8)	weight -0.026730647620891:	Num[Or(And(Forall(on,Nominal(a)),Nominal(b)),Not(clear))]
	Feat 1422	(c=8)	weight 2.9615039250695:	Bool[And(Forall(on,Or(Not(Nominal(b)),ontable)),Nominal(a))]
	Feat 1444	(c=8)	weight -4.9086301634675:	Num[Or(Forall(on,And(Not(Nominal(a)),ontable)),clear)]
	Feat 1450	(c=8)	weight 0.03501482995489:	Bool[And(Exists(on,And(Not(Nominal(a)),ontable)),Nominal(b))]
	Feat 1454	(c=8)	weight 1.6187563566986:	Num[Or(Exists(on,And(Not(Nominal(a)),ontable)),holding)]
	Feat 1604	(c=8)	weight -0.15724690695173:	Num[Or(Forall(on,Forall(on,Not(Nominal(a)))),clear)]
	Feat 1707	(c=8)	weight -0.039984049994662:	Num[Or(Exists(on,Exists(on,Exists(on,<universe>))),Nominal(b))]
	Feat 1718	(c=8)	weight -0.13633152429455:	Num[Exists(on,Exists(on,Forall(on,Exists(on,<universe>))))]
	Feat 1770	(c=8)	weight -2.9463845796346:	Num[Exists(on,Forall(on,Not(And(ontable,Nominal(b)))))]
	Feat 1816	(c=8)	weight 0.45620366106583:	Num[Or(And(Forall(Inverse(on),clear),Nominal(b)),Nominal(a))]
	Feat 1843	(c=8)	weight 0.84167780922975:	Num[Or(And(Not(Nominal(b)),Forall(on,Nominal(b))),clear)]
	Feat 1866	(c=8)	weight 0.72353298179425:	Num[Not(And(Exists(on,Exists(on,Nominal(b))),clear))]
	Feat 2146	(c=8)	weight -2.1918460108596:	Num[Not(And(Forall(on,Nominal(a)),Or(clear,ontable)))]
	Feat 2286	(c=8)	weight -0.020806848176788:	Num[And(Not(Nominal(a)),Forall(Inverse(Star(on)),Nominal(b)))]
	Feat 2314	(c=8)	weight 2.2745352819318:	Num[Or(Or(Nominal(a),Nominal(b)),Exists(Inverse(on),clear))]
	Feat 2372	(c=8)	weight 0.99611390473667:	Num[Or(And(holding,Nominal(a)),Exists(Star(on),Nominal(a)))]
	Feat 2430	(c=8)	weight 0.00021620794334894:	Num[Or(And(Forall(on,<empty>),Nominal(b)),And(clear,Nominal(a)))]
	Feat 2476	(c=8)	weight 1.216558274304:	Num[Or(And(Not(clear),Nominal(b)),Exists(on,Nominal(a)))]
	Feat 2559	(c=8)	weight 0.37909196690137:	Num[And(Or(Not(Nominal(a)),ontable),Forall(on,ontable))]
	Feat 2677	(c=8)	weight 7.8148470757976:	Bool[And(Or(Not(Nominal(a)),clear),Exists(on,Nominal(b)))]
	Feat 2746	(c=8)	weight 0.72235859013999:	Bool[And(Forall(on,Not(Nominal(a))),And(clear,Nominal(b)))]
	Feat 3156	(c=7)	weight 0.020687259786548:	Atom[handempty] Num[Forall(on,Exists(on,ontable))]
	Feat 3187	(c=8)	weight -0.12757377313382:	Atom[handempty] Num[Or(Not(ontable),Or(clear,Nominal(a)))]
	Feat 3244	(c=8)	weight -0.11172471800709:	Atom[handempty] Num[Forall(on,Forall(on,Not(Nominal(b))))]
	Feat 3321	(c=8)	weight -0.10295156382627:	Atom[handempty] Num[Not(Or(Exists(on,ontable),Nominal(a)))]
	Feat 3468	(c=6)	weight -6.982488969035e-05:	Bool[holding] Num[Not(Or(holding,Nominal(b)))]
	Feat 3606	(c=8)	weight 0.031532417141381:	Bool[holding] Num[Or(And(Forall(on,<empty>),Nominal(b)),clear)]
	Feat 3618	(c=8)	weight -1.6791364524472e-05:	Bool[holding] Num[Or(Not(Nominal(b)),Or(clear,ontable))]
	Feat 3624	(c=8)	weight 0.12740466613135:	Bool[holding] Num[Or(Exists(Inverse(on),clear),Nominal(b))]
	Feat 3642	(c=8)	weight -0.028492233364908:	Bool[holding] Num[Forall(on,Not(Or(ontable,Nominal(b))))]
	Feat 3701	(c=8)	weight -0.27329732703736:	Bool[holding] Bool[Exists(on,And(Not(ontable),Nominal(b)))]
	Feat 3890	(c=7)	weight -3.015624212426:	Bool[And(clear,Nominal(b))] Bool[And(holding,Nominal(a))]
	Feat 3991	(c=8)	weight -0.06770321244674:	Bool[And(holding,Nominal(a))] Bool[And(Not(holding),Nominal(b))]
	Feat 3993	(c=8)	weight 0.28327339955337:	Bool[And(holding,Nominal(a))] Num[Not(Or(clear,ontable))]
	Feat 3995	(c=8)	weight -0.10254069509143:	Bool[And(holding,Nominal(a))] Num[Or(Not(Nominal(a)),holding)]
	Feat 4105	(c=8)	weight 0.24823977940155:	Bool[And(holding,Nominal(b))] Num[Forall(Star(on),Nominal(a))]
	Feat 4165	(c=8)	weight -0.04677010613766:	Bool[And(ontable,Nominal(a))] Num[Not(Or(holding,Nominal(b)))]
	Feat 4179	(c=8)	weight 0.68647635117593:	Bool[And(ontable,Nominal(a))] Bool[And(Forall(on,<empty>),Nominal(a))]
	Feat 4192	(c=7)	weight -0.12318516430597:	Bool[And(ontable,Nominal(b))] Num[Or(holding,Nominal(a))]
	Feat 4265	(c=6)	weight -0.017303894636632:	Bool[Exists(on,Nominal(b))] Num[Forall(on,<empty>)]
	Feat 4325	(c=8)	weight -1.0724839468917:	Bool[Exists(on,Nominal(b))] Bool[Exists(Inverse(on),Nominal(b))]
	Feat 4338	(c=6)	weight -0.0026676366215983:	Bool[Exists(on,Nominal(a))] Num[Forall(on,<empty>)]
	Feat 4372	(c=8)	weight -0.029880334207909:	Bool[Exists(on,Nominal(a))] Bool[And(Not(clear),Nominal(a))]
	Feat 4462	(c=8)	weight -0.15302260486869:	Bool[And(Forall(on,<empty>),Nominal(b))] Num[Or(holding,Nominal(a))]
	Feat 4484	(c=8)	weight 0.39743518305232:	Bool[And(Not(clear),Nominal(a))] Num[Or(ontable,Nominal(b))]
	Feat 4549	(c=8)	weight -0.22504909278026:	Bool[And(Not(ontable),Nominal(b))] Num[Or(clear,Nominal(a))]
	Feat 4653	(c=8)	weight 0.24708277447461:	Bool[And(Forall(on,ontable),Nominal(a))] Num[Exists(on,<universe>)]
	Feat 4679	(c=8)	weight 0.046030160490176:	Bool[Exists(on,And(ontable,Nominal(b)))] Num[Forall(on,<empty>)]
	Feat 4696	(c=8)	weight -0.28642414311229:	Bool[And(Forall(Star(on),Nominal(a)),Nominal(b))] Num[clear]
Score -2.018901173772438
Lambda=0.00019697264867610777
	Feat 0	(c=1)	weight 3.1838838470875e-06:	Atom[handempty]
	Feat 17	(c=3)	weight 0.0073972966993236:	Num[Or(ontable,Nominal(b))]
	Feat 22	(c=3)	weight -4.2333163682702:	Bool[Exists(on,Nominal(b))]
	Feat 45	(c=4)	weight -0.54794085067665:	Bool[And(Forall(on,<empty>),Nominal(b))]
	Feat 88	(c=5)	weight -0.024245700330235:	Num[Or(Exists(Inverse(on),<universe>),Nominal(b))]
	Feat 347	(c=6)	weight 0.38145191388941:	Bool[And(Forall(on,<empty>),And(clear,Nominal(b)))]
	Feat 457	(c=7)	weight 0.31889068787634:	Num[Forall(on,Or(Forall(on,Nominal(a)),Nominal(a)))]
	Feat 473	(c=7)	weight -1.4972965512989:	Bool[And(Forall(on,Exists(on,Nominal(a))),Nominal(b))]
	Feat 485	(c=7)	weight 5.9218531169999:	Num[Or(Exists(on,Exists(on,ontable)),Nominal(b))]
	Feat 569	(c=7)	weight -0.44762086936168:	Num[Exists(Star(on),And(Not(Nominal(b)),ontable))]
	Feat 689	(c=7)	weight 0.00019297376744207:	Num[Or(Forall(on,Or(ontable,Nominal(b))),Nominal(b))]
	Feat 765	(c=7)	weight -1.5159701326908:	Num[Not(And(Forall(Star(on),Nominal(a)),Nominal(b)))]
	Feat 769	(c=7)	weight 1.1011892476228:	Num[Or(And(Or(clear,ontable),Nominal(a)),holding)]
	Feat 918	(c=7)	weight 1.5176782412333:	Num[And(Exists(on,ontable),Or(clear,Nominal(b)))]
	Feat 1078	(c=8)	weight 1.5362852601183:	Num[Or(Exists(on,Forall(Star(on),Nominal(b))),ontable)]
	Feat 1132	(c=8)	weight -7.0580087798558e-05:	Num[And(Forall(Inverse(on),Or(clear,Nominal(b))),ontable)]
	Feat 1145	(c=8)	weight -0.47261708247381:	Num[Or(Forall(Inverse(Star(on)),Not(Nominal(a))),ontable)]
	Feat 1151	(c=8)	weight 0.99491712011364:	Bool[And(Forall(on,Exists(Star(on),Nominal(a))),Nominal(b))]
	Feat 1159	(c=8)	weight -4.1022563740301:	Num[Or(Forall(Star(on),Or(Nominal(a),Nominal(b))),clear)]
	Feat 1210	(c=8)	weight 9.7884532400632e-05:	Num[And(Forall(on,Exists(on,Nominal(a))),Not(Nominal(a)))]
	Feat 1234	(c=8)	weight 0.0061903133363345:	Num[And(Not(Or(And(clear,Nominal(a)),Nominal(b))),ontable)]
	Feat 1290	(c=8)	weight 6.4138348929978:	Num[Or(Exists(on,Exists(on,ontable)),Not(Nominal(b)))]
	Feat 1322	(c=8)	weight -0.037634954985211:	Num[Or(And(Forall(on,Nominal(a)),Nominal(b)),Not(clear))]
	Feat 1422	(c=8)	weight 2.9704224314045:	Bool[And(Forall(on,Or(Not(Nominal(b)),ontable)),Nominal(a))]
	Feat 1444	(c=8)	weight -4.953375353195:	Num[Or(Forall(on,And(Not(Nominal(a)),ontable)),clear)]
	Feat 1450	(c=8)	weight 0.029005709044451:	Bool[And(Exists(on,And(Not(Nominal(a)),ontable)),Nominal(b))]
	Feat 1454	(c=8)	weight 1.6447052454624:	Num[Or(Exists(on,And(Not(Nominal(a)),ontable)),holding)]
	Feat 1604	(c=8)	weight -0.1593295588904:	Num[Or(Forall(on,Forall(on,Not(Nominal(a)))),clear)]
	Feat 1707	(c=8)	weight -0.038503985840065:	Num[Or(Exists(on,Exists(on,Exists(on,<universe>))),Nominal(b))]
	Feat 1718	(c=8)	weight -0.1398756234032:	Num[Exists(on,Exists(on,Forall(on,Exists(on,<universe>))))]
	Feat 1770	(c=8)	weight -2.9692291761409:	Num[Exists(on,Forall(on,Not(And(ontable,Nominal(b)))))]
	Feat 1816	(c=8)	weight 0.48782650005026:	Num[Or(And(Forall(Inverse(on),clear),Nominal(b)),Nominal(a))]
	Feat 1843	(c=8)	weight 0.85035269023852:	Num[Or(And(Not(Nominal(b)),Forall(on,Nominal(b))),clear)]
	Feat 1866	(c=8)	weight 0.72352841124275:	Num[Not(And(Exists(on,Exists(on,Nominal(b))),clear))]
	Feat 2146	(c=8)	weight -2.2190537322189:	Num[Not(And(Forall(on,Nominal(a)),Or(clear,ontable)))]
	Feat 2286	(c=8)	weight -0.035441926867222:	Num[And(Not(Nominal(a)),Forall(Inverse(Star(on)),Nominal(b)))]
	Feat 2314	(c=8)	weight 2.2937595885411:	Num[Or(Or(Nominal(a),Nominal(b)),Exists(Inverse(on),clear))]
	Feat 2372	(c=8)	weight 1.0000357325125:	Num[Or(And(holding,Nominal(a)),Exists(Star(on),Nominal(a)))]
	Feat 2430	(c=8)	weight 0.00022849568803342:	Num[Or(And(Forall(on,<empty>),Nominal(b)),And(clear,Nominal(a)))]
	Feat 2475	(c=8)	weight -5.4883848371217e-05:	Num[And(Or(Exists(on,<universe>),Nominal(b)),Or(ontable,Nominal(a)))]
	Feat 2476	(c=8)	weight 1.2219286730246:	Num[Or(And(Not(clear),Nominal(b)),Exists(on,Nominal(a)))]
	Feat 2559	(c=8)	weight 0.38242855785201:	Num[And(Or(Not(Nominal(a)),ontable),Forall(on,ontable))]
	Feat 2677	(c=8)	weight 7.8018375043871:	Bool[And(Or(Not(Nominal(a)),clear),Exists(on,Nominal(b)))]
	Feat 2746	(c=8)	weight 0.72711957257655:	Bool[And(Forall(on,Not(Nominal(a))),And(clear,Nominal(b)))]
	Feat 3156	(c=7)	weight 0.022193330510065:	Atom[handempty] Num[Forall(on,Exists(on,ontable))]
	Feat 3187	(c=8)	weight -0.1267931011143:	Atom[handempty] Num[Or(Not(ontable),Or(clear,Nominal(a)))]
	Feat 3244	(c=8)	weight -0.11592157883548:	Atom[handempty] Num[Forall(on,Forall(on,Not(Nominal(b))))]
	Feat 3321	(c=8)	weight -0.11309420050975:	Atom[handempty] Num[Not(Or(Exists(on,ontable),Nominal(a)))]
	Feat 3468	(c=6)	weight -0.0043197363277365:	Bool[holding] Num[Not(Or(holding,Nominal(b)))]
	Feat 3606	(c=8)	weight 0.029589666205429:	Bool[holding] Num[Or(And(Forall(on,<empty>),Nominal(b)),clear)]
	Feat 3618	(c=8)	weight -7.7145307412538e-05:	Bool[holding] Num[Or(Not(Nominal(b)),Or(clear,ontable))]
	Feat 3624	(c=8)	weight 0.13091639908974:	Bool[holding] Num[Or(Exists(Inverse(on),clear),Nominal(b))]
	Feat 3642	(c=8)	weight -0.037317917523759:	Bool[holding] Num[Forall(on,Not(Or(ontable,Nominal(b))))]
	Feat 3701	(c=8)	weight -0.2794621421842:	Bool[holding] Bool[Exists(on,And(Not(ontable),Nominal(b)))]
	Feat 3890	(c=7)	weight -3.0149124517855:	Bool[And(clear,Nominal(b))] Bool[And(holding,Nominal(a))]
	Feat 3991	(c=8)	weight -0.088768680700972:	Bool[And(holding,Nominal(a))] Bool[And(Not(holding),Nominal(b))]
	Feat 3993	(c=8)	weight 0.29307306634256:	Bool[And(holding,Nominal(a))] Num[Not(Or(clear,ontable))]
	Feat 3995	(c=8)	weight -0.10572467432999:	Bool[And(holding,Nominal(a))] Num[Or(Not(Nominal(a)),holding)]
	Feat 4105	(c=8)	weight 0.26620476851783:	Bool[And(holding,Nominal(b))] Num[Forall(Star(on),Nominal(a))]
	Feat 4165	(c=8)	weight -0.059135351804148:	Bool[And(ontable,Nominal(a))] Num[Not(Or(holding,Nominal(b)))]
	Feat 4179	(c=8)	weight 0.7522566534703:	Bool[And(ontable,Nominal(a))] Bool[And(Forall(on,<empty>),Nominal(a))]
	Feat 4192	(c=7)	weight -0.11536793714611:	Bool[And(ontable,Nominal(b))] Num[Or(holding,Nominal(a))]
	Feat 4265	(c=6)	weight -0.019129147877293:	Bool[Exists(on,Nominal(b))] Num[Forall(on,<empty>)]
	Feat 4325	(c=8)	weight -1.0669840749854:	Bool[Exists(on,Nominal(b))] Bool[Exists(Inverse(on),Nominal(b))]
	Feat 4338	(c=6)	weight -0.010761248683873:	Bool[Exists(on,Nominal(a))] Num[Forall(on,<empty>)]
	Feat 4372	(c=8)	weight -0.021856118324602:	Bool[Exists(on,Nominal(a))] Bool[And(Not(clear),Nominal(a))]
	Feat 4462	(c=8)	weight -0.16281792834752:	Bool[And(Forall(on,<empty>),Nominal(b))] Num[Or(holding,Nominal(a))]
	Feat 4484	(c=8)	weight 0.40869799688745:	Bool[And(Not(clear),Nominal(a))] Num[Or(ontable,Nominal(b))]
	Feat 4549	(c=8)	weight -0.2397383449418:	Bool[And(Not(ontable),Nominal(b))] Num[Or(clear,Nominal(a))]
	Feat 4653	(c=8)	weight 0.25022042399707:	Bool[And(Forall(on,ontable),Nominal(a))] Num[Exists(on,<universe>)]
	Feat 4679	(c=8)	weight 0.054861730875651:	Bool[Exists(on,And(ontable,Nominal(b)))] Num[Forall(on,<empty>)]
	Feat 4696	(c=8)	weight -0.30438272585171:	Bool[And(Forall(Star(on),Nominal(a)),Nominal(b))] Num[clear]
Score -1.576123272254296
