Considering 79 features
Lasso Method
----------

Lambda=1.9697264867610762
Score 1.1102230246251565e-16
Lambda=1.2130525331611781
	Feat 1422	(c=8)	weight 1.2597837619116:	Bool[And(Forall(on,Or(Not(Nominal(b)),ontable)),Nominal(a))]
	Feat 1444	(c=8)	weight -0.22902646747304:	Num[Or(Forall(on,And(Not(Nominal(a)),ontable)),clear)]
	Feat 2372	(c=8)	weight 0.39021340056573:	Num[Or(And(holding,Nominal(a)),Exists(Star(on),Nominal(a)))]
	Feat 2677	(c=8)	weight 0.8369705003211:	Bool[And(Or(Not(Nominal(a)),clear),Exists(on,Nominal(b)))]
Score -0.06251560614706397
Lambda=0.7470562324764233
	Feat 689	(c=7)	weight -0.022175958727561:	Num[Or(Forall(on,Or(ontable,Nominal(b))),Nominal(b))]
	Feat 1422	(c=8)	weight 3.134871193897:	Bool[And(Forall(on,Or(Not(Nominal(b)),ontable)),Nominal(a))]
	Feat 1444	(c=8)	weight -0.41065302279059:	Num[Or(Forall(on,And(Not(Nominal(a)),ontable)),clear)]
	Feat 2372	(c=8)	weight 0.59275279632192:	Num[Or(And(holding,Nominal(a)),Exists(Star(on),Nominal(a)))]
	Feat 2677	(c=8)	weight 1.6632028218317:	Bool[And(Or(Not(Nominal(a)),clear),Exists(on,Nominal(b)))]
Score -0.39825843684920414
Lambda=0.4600732443363308
	Feat 25	(c=3)	weight 0.1169563898503:	Bool[Exists(on,Nominal(a))]
	Feat 689	(c=7)	weight -0.17305123511826:	Num[Or(Forall(on,Or(ontable,Nominal(b))),Nominal(b))]
	Feat 1422	(c=8)	weight 4.2755558002291:	Bool[And(Forall(on,Or(Not(Nominal(b)),ontable)),Nominal(a))]
	Feat 1444	(c=8)	weight -0.39185381583264:	Num[Or(Forall(on,And(Not(Nominal(a)),ontable)),clear)]
	Feat 1816	(c=8)	weight -0.26279085905692:	Num[Or(And(Forall(Inverse(on),clear),Nominal(b)),Nominal(a))]
	Feat 2372	(c=8)	weight 0.70675765407693:	Num[Or(And(holding,Nominal(a)),Exists(Star(on),Nominal(a)))]
	Feat 2476	(c=8)	weight 0.032693872977267:	Num[Or(And(Not(clear),Nominal(b)),Exists(on,Nominal(a)))]
	Feat 2677	(c=8)	weight 2.1005242787747:	Bool[And(Or(Not(Nominal(a)),clear),Exists(on,Nominal(b)))]
	Feat 3890	(c=7)	weight -0.4110520708235:	Bool[And(clear,Nominal(b))] Bool[And(holding,Nominal(a))]
	Feat 4179	(c=8)	weight 0.033680997754692:	Bool[And(ontable,Nominal(a))] Bool[And(Forall(on,<empty>),Nominal(a))]
Score -0.5729797745088896
Lambda=0.2833352844838722
	Feat 689	(c=7)	weight -0.37092884330198:	Num[Or(Forall(on,Or(ontable,Nominal(b))),Nominal(b))]
	Feat 1422	(c=8)	weight 3.7264871934345:	Bool[And(Forall(on,Or(Not(Nominal(b)),ontable)),Nominal(a))]
	Feat 1444	(c=8)	weight -0.29139871263306:	Num[Or(Forall(on,And(Not(Nominal(a)),ontable)),clear)]
	Feat 1816	(c=8)	weight -0.57459911017677:	Num[Or(And(Forall(Inverse(on),clear),Nominal(b)),Nominal(a))]
	Feat 2372	(c=8)	weight 0.79090153278151:	Num[Or(And(holding,Nominal(a)),Exists(Star(on),Nominal(a)))]
	Feat 2677	(c=8)	weight 2.4184384944571:	Bool[And(Or(Not(Nominal(a)),clear),Exists(on,Nominal(b)))]
	Feat 3156	(c=7)	weight -0.047224632999386:	Atom[handempty] Num[Forall(on,Exists(on,ontable))]
	Feat 3890	(c=7)	weight -0.28617087834689:	Bool[And(clear,Nominal(b))] Bool[And(holding,Nominal(a))]
	Feat 4179	(c=8)	weight 1.4591825640737:	Bool[And(ontable,Nominal(a))] Bool[And(Forall(on,<empty>),Nominal(a))]
	Feat 4338	(c=6)	weight 0.079125398866139:	Bool[Exists(on,Nominal(a))] Num[Forall(on,<empty>)]
	Feat 4656	(c=8)	weight -0.18137004823631:	Bool[And(Forall(on,Nominal(b)),Nominal(a))] Num[Not(holding)]
Score -0.13137728043886998
Lambda=0.17449152808127635
	Feat 569	(c=7)	weight -0.00056543532723012:	Num[Exists(Star(on),And(Not(Nominal(b)),ontable))]
	Feat 689	(c=7)	weight -0.50316285949472:	Num[Or(Forall(on,Or(ontable,Nominal(b))),Nominal(b))]
	Feat 1151	(c=8)	weight 0.14536848586434:	Bool[And(Forall(on,Exists(Star(on),Nominal(a))),Nominal(b))]
	Feat 1422	(c=8)	weight 2.8800967389335:	Bool[And(Forall(on,Or(Not(Nominal(b)),ontable)),Nominal(a))]
	Feat 1444	(c=8)	weight -0.26379253100996:	Num[Or(Forall(on,And(Not(Nominal(a)),ontable)),clear)]
	Feat 1816	(c=8)	weight -0.77680727290232:	Num[Or(And(Forall(Inverse(on),clear),Nominal(b)),Nominal(a))]
	Feat 2372	(c=8)	weight 0.77871465746801:	Num[Or(And(holding,Nominal(a)),Exists(Star(on),Nominal(a)))]
	Feat 2677	(c=8)	weight 2.6445913019212:	Bool[And(Or(Not(Nominal(a)),clear),Exists(on,Nominal(b)))]
	Feat 3156	(c=7)	weight -0.047056986692827:	Atom[handempty] Num[Forall(on,Exists(on,ontable))]
	Feat 3244	(c=8)	weight -0.025428680719822:	Atom[handempty] Num[Forall(on,Forall(on,Not(Nominal(b))))]
	Feat 3624	(c=8)	weight 0.06857910769649:	Bool[holding] Num[Or(Exists(Inverse(on),clear),Nominal(b))]
	Feat 3890	(c=7)	weight -0.25215506364433:	Bool[And(clear,Nominal(b))] Bool[And(holding,Nominal(a))]
	Feat 3993	(c=8)	weight 0.0021444612495619:	Bool[And(holding,Nominal(a))] Num[Not(Or(clear,ontable))]
	Feat 4179	(c=8)	weight 2.8015291427968:	Bool[And(ontable,Nominal(a))] Bool[And(Forall(on,<empty>),Nominal(a))]
	Feat 4484	(c=8)	weight 0.14931278679037:	Bool[And(Not(clear),Nominal(a))] Num[Or(ontable,Nominal(b))]
	Feat 4656	(c=8)	weight -0.36723430052981:	Bool[And(Forall(on,Nominal(b)),Nominal(a))] Num[Not(holding)]
Score 0.007644584043181912
Lambda=0.10746029541503134
	Feat 248	(c=6)	weight 0.19036231982818:	Num[Or(Exists(Inverse(on),Nominal(b)),Nominal(a))]
	Feat 569	(c=7)	weight -0.12405463260474:	Num[Exists(Star(on),And(Not(Nominal(b)),ontable))]
	Feat 689	(c=7)	weight -0.54058472928191:	Num[Or(Forall(on,Or(ontable,Nominal(b))),Nominal(b))]
	Feat 769	(c=7)	weight 0.1794739478784:	Num[Or(And(Or(clear,ontable),Nominal(a)),holding)]
	Feat 1151	(c=8)	weight 0.37125677547737:	Bool[And(Forall(on,Exists(Star(on),Nominal(a))),Nominal(b))]
	Feat 1422	(c=8)	weight 1.4521940063159:	Bool[And(Forall(on,Or(Not(Nominal(b)),ontable)),Nominal(a))]
	Feat 1444	(c=8)	weight -0.31447549240944:	Num[Or(Forall(on,And(Not(Nominal(a)),ontable)),clear)]
	Feat 1450	(c=8)	weight 0.12093110673187:	Bool[And(Exists(on,And(Not(Nominal(a)),ontable)),Nominal(b))]
	Feat 1816	(c=8)	weight -1.0056947892537:	Num[Or(And(Forall(Inverse(on),clear),Nominal(b)),Nominal(a))]
	Feat 1866	(c=8)	weight 0.075971472889587:	Num[Not(And(Exists(on,Exists(on,Nominal(b))),clear))]
	Feat 2372	(c=8)	weight 0.79049619057581:	Num[Or(And(holding,Nominal(a)),Exists(Star(on),Nominal(a)))]
	Feat 2643	(c=8)	weight 0.24399223665645:	Bool[And(And(Not(ontable),Nominal(b)),Forall(Inverse(on),<empty>))]
	Feat 2677	(c=8)	weight 3.1685064563712:	Bool[And(Or(Not(Nominal(a)),clear),Exists(on,Nominal(b)))]
	Feat 2746	(c=8)	weight 0.17674147603499:	Bool[And(Forall(on,Not(Nominal(a))),And(clear,Nominal(b)))]
	Feat 3244	(c=8)	weight -0.003801030848428:	Atom[handempty] Num[Forall(on,Forall(on,Not(Nominal(b))))]
	Feat 3624	(c=8)	weight 0.17155379952746:	Bool[holding] Num[Or(Exists(Inverse(on),clear),Nominal(b))]
	Feat 3890	(c=7)	weight -0.95804793778657:	Bool[And(clear,Nominal(b))] Bool[And(holding,Nominal(a))]
	Feat 3991	(c=8)	weight 0.30256894278812:	Bool[And(holding,Nominal(a))] Bool[And(Not(holding),Nominal(b))]
	Feat 3993	(c=8)	weight 0.33938816180837:	Bool[And(holding,Nominal(a))] Num[Not(Or(clear,ontable))]
	Feat 3995	(c=8)	weight 0.0036239466575021:	Bool[And(holding,Nominal(a))] Num[Or(Not(Nominal(a)),holding)]
	Feat 4165	(c=8)	weight 0.11982390246725:	Bool[And(ontable,Nominal(a))] Num[Not(Or(holding,Nominal(b)))]
	Feat 4179	(c=8)	weight 3.3043490463989:	Bool[And(ontable,Nominal(a))] Bool[And(Forall(on,<empty>),Nominal(a))]
	Feat 4265	(c=6)	weight -0.086906721475427:	Bool[Exists(on,Nominal(b))] Num[Forall(on,<empty>)]
	Feat 4325	(c=8)	weight -0.068652601641812:	Bool[Exists(on,Nominal(b))] Bool[Exists(Inverse(on),Nominal(b))]
	Feat 4484	(c=8)	weight 0.25564118071677:	Bool[And(Not(clear),Nominal(a))] Num[Or(ontable,Nominal(b))]
	Feat 4656	(c=8)	weight -0.56617408223696:	Bool[And(Forall(on,Nominal(b)),Nominal(a))] Num[Not(holding)]
Score -0.07657124697191509
Lambda=0.06617923069197378
	Feat 22	(c=3)	weight -1.290236448741:	Bool[Exists(on,Nominal(b))]
	Feat 248	(c=6)	weight 0.53087524787407:	Num[Or(Exists(Inverse(on),Nominal(b)),Nominal(a))]
	Feat 569	(c=7)	weight -0.20366104540029:	Num[Exists(Star(on),And(Not(Nominal(b)),ontable))]
	Feat 689	(c=7)	weight -0.48843907498759:	Num[Or(Forall(on,Or(ontable,Nominal(b))),Nominal(b))]
	Feat 769	(c=7)	weight 0.25816952442066:	Num[Or(And(Or(clear,ontable),Nominal(a)),holding)]
	Feat 1151	(c=8)	weight 0.46498854124003:	Bool[And(Forall(on,Exists(Star(on),Nominal(a))),Nominal(b))]
	Feat 1290	(c=8)	weight 0.021317299035607:	Num[Or(Exists(on,Exists(on,ontable)),Not(Nominal(b)))]
	Feat 1322	(c=8)	weight 0.068456642763808:	Num[Or(And(Forall(on,Nominal(a)),Nominal(b)),Not(clear))]
	Feat 1422	(c=8)	weight 0.29366743459373:	Bool[And(Forall(on,Or(Not(Nominal(b)),ontable)),Nominal(a))]
	Feat 1444	(c=8)	weight -0.40264605396477:	Num[Or(Forall(on,And(Not(Nominal(a)),ontable)),clear)]
	Feat 1450	(c=8)	weight 0.31199015358938:	Bool[And(Exists(on,And(Not(Nominal(a)),ontable)),Nominal(b))]
	Feat 1816	(c=8)	weight -1.4166902762257:	Num[Or(And(Forall(Inverse(on),clear),Nominal(b)),Nominal(a))]
	Feat 1866	(c=8)	weight 0.28366724710453:	Num[Not(And(Exists(on,Exists(on,Nominal(b))),clear))]
	Feat 2314	(c=8)	weight 0.026060597733627:	Num[Or(Or(Nominal(a),Nominal(b)),Exists(Inverse(on),clear))]
	Feat 2372	(c=8)	weight 0.78528444259359:	Num[Or(And(holding,Nominal(a)),Exists(Star(on),Nominal(a)))]
	Feat 2677	(c=8)	weight 4.0477841914927:	Bool[And(Or(Not(Nominal(a)),clear),Exists(on,Nominal(b)))]
	Feat 3624	(c=8)	weight 0.15276272203288:	Bool[holding] Num[Or(Exists(Inverse(on),clear),Nominal(b))]
	Feat 3642	(c=8)	weight 0.0051573586521229:	Bool[holding] Num[Forall(on,Not(Or(ontable,Nominal(b))))]
	Feat 3890	(c=7)	weight -1.689016583458:	Bool[And(clear,Nominal(b))] Bool[And(holding,Nominal(a))]
	Feat 3991	(c=8)	weight 1.3657636618445:	Bool[And(holding,Nominal(a))] Bool[And(Not(holding),Nominal(b))]
	Feat 3993	(c=8)	weight 0.25322681549846:	Bool[And(holding,Nominal(a))] Num[Not(Or(clear,ontable))]
	Feat 3995	(c=8)	weight 0.0044391780226507:	Bool[And(holding,Nominal(a))] Num[Or(Not(Nominal(a)),holding)]
	Feat 4165	(c=8)	weight 0.24394343899957:	Bool[And(ontable,Nominal(a))] Num[Not(Or(holding,Nominal(b)))]
	Feat 4179	(c=8)	weight 3.1519164957238:	Bool[And(ontable,Nominal(a))] Bool[And(Forall(on,<empty>),Nominal(a))]
	Feat 4265	(c=6)	weight -0.056755109263443:	Bool[Exists(on,Nominal(b))] Num[Forall(on,<empty>)]
	Feat 4325	(c=8)	weight -0.47293654421579:	Bool[Exists(on,Nominal(b))] Bool[Exists(Inverse(on),Nominal(b))]
	Feat 4484	(c=8)	weight 0.32945368367115:	Bool[And(Not(clear),Nominal(a))] Num[Or(ontable,Nominal(b))]
	Feat 4653	(c=8)	weight 0.048179781861603:	Bool[And(Forall(on,ontable),Nominal(a))] Num[Exists(on,<universe>)]
	Feat 4656	(c=8)	weight -0.67343468408179:	Bool[And(Forall(on,Nominal(b)),Nominal(a))] Num[Not(holding)]
Score -0.07871909278099776
Lambda=0.040756360831377916
	Feat 22	(c=3)	weight -2.2431250522835:	Bool[Exists(on,Nominal(b))]
	Feat 248	(c=6)	weight 0.55220873890378:	Num[Or(Exists(Inverse(on),Nominal(b)),Nominal(a))]
	Feat 473	(c=7)	weight -0.23472183795926:	Bool[And(Forall(on,Exists(on,Nominal(a))),Nominal(b))]
	Feat 569	(c=7)	weight -0.28372984329603:	Num[Exists(Star(on),And(Not(Nominal(b)),ontable))]
	Feat 689	(c=7)	weight -0.41739073619199:	Num[Or(Forall(on,Or(ontable,Nominal(b))),Nominal(b))]
	Feat 769	(c=7)	weight 0.29808129053013:	Num[Or(And(Or(clear,ontable),Nominal(a)),holding)]
	Feat 1151	(c=8)	weight 0.79446192056929:	Bool[And(Forall(on,Exists(Star(on),Nominal(a))),Nominal(b))]
	Feat 1290	(c=8)	weight 0.21418813823925:	Num[Or(Exists(on,Exists(on,ontable)),Not(Nominal(b)))]
	Feat 1322	(c=8)	weight 0.20887018287874:	Num[Or(And(Forall(on,Nominal(a)),Nominal(b)),Not(clear))]
	Feat 1444	(c=8)	weight -0.47337981064091:	Num[Or(Forall(on,And(Not(Nominal(a)),ontable)),clear)]
	Feat 1450	(c=8)	weight 0.59042806456932:	Bool[And(Exists(on,And(Not(Nominal(a)),ontable)),Nominal(b))]
	Feat 1816	(c=8)	weight -1.6481799308553:	Num[Or(And(Forall(Inverse(on),clear),Nominal(b)),Nominal(a))]
	Feat 1866	(c=8)	weight 0.38130240828391:	Num[Not(And(Exists(on,Exists(on,Nominal(b))),clear))]
	Feat 2314	(c=8)	weight 0.056301086270069:	Num[Or(Or(Nominal(a),Nominal(b)),Exists(Inverse(on),clear))]
	Feat 2372	(c=8)	weight 0.74635017947726:	Num[Or(And(holding,Nominal(a)),Exists(Star(on),Nominal(a)))]
	Feat 2476	(c=8)	weight 0.085970119751617:	Num[Or(And(Not(clear),Nominal(b)),Exists(on,Nominal(a)))]
	Feat 2677	(c=8)	weight 4.6518469946921:	Bool[And(Or(Not(Nominal(a)),clear),Exists(on,Nominal(b)))]
	Feat 3624	(c=8)	weight 0.10941758058075:	Bool[holding] Num[Or(Exists(Inverse(on),clear),Nominal(b))]
	Feat 3642	(c=8)	weight 0.0065123470340519:	Bool[holding] Num[Forall(on,Not(Or(ontable,Nominal(b))))]
	Feat 3890	(c=7)	weight -2.0939528997672:	Bool[And(clear,Nominal(b))] Bool[And(holding,Nominal(a))]
	Feat 3991	(c=8)	weight 1.8817323647095:	Bool[And(holding,Nominal(a))] Bool[And(Not(holding),Nominal(b))]
	Feat 3993	(c=8)	weight 0.18879716151083:	Bool[And(holding,Nominal(a))] Num[Not(Or(clear,ontable))]
	Feat 3995	(c=8)	weight 0.004276305158991:	Bool[And(holding,Nominal(a))] Num[Or(Not(Nominal(a)),holding)]
	Feat 4165	(c=8)	weight 0.29558128490679:	Bool[And(ontable,Nominal(a))] Num[Not(Or(holding,Nominal(b)))]
	Feat 4179	(c=8)	weight 2.9364514469029:	Bool[And(ontable,Nominal(a))] Bool[And(Forall(on,<empty>),Nominal(a))]
	Feat 4265	(c=6)	weight -0.0089407982702392:	Bool[Exists(on,Nominal(b))] Num[Forall(on,<empty>)]
	Feat 4325	(c=8)	weight -0.53565744946331:	Bool[Exists(on,Nominal(b))] Bool[Exists(Inverse(on),Nominal(b))]
	Feat 4338	(c=6)	weight 0.0026297327716766:	Bool[Exists(on,Nominal(a))] Num[Forall(on,<empty>)]
	Feat 4484	(c=8)	weight 0.35742879910298:	Bool[And(Not(clear),Nominal(a))] Num[Or(ontable,Nominal(b))]
	Feat 4653	(c=8)	weight 0.066438236069365:	Bool[And(Forall(on,ontable),Nominal(a))] Num[Exists(on,<universe>)]
	Feat 4656	(c=8)	weight -0.69190230182593:	Bool[And(Forall(on,Nominal(b)),Nominal(a))] Num[Not(holding)]
Score -0.02498265753877371
Lambda=0.025099731907565554
	Feat 22	(c=3)	weight -2.8439884160973:	Bool[Exists(on,Nominal(b))]
	Feat 204	(c=6)	weight 0.085447884825698:	Num[Or(Not(Nominal(a)),Forall(on,ontable))]
	Feat 248	(c=6)	weight 0.29848540793371:	Num[Or(Exists(Inverse(on),Nominal(b)),Nominal(a))]
	Feat 473	(c=7)	weight -0.83247984795008:	Bool[And(Forall(on,Exists(on,Nominal(a))),Nominal(b))]
	Feat 569	(c=7)	weight -0.32478677644339:	Num[Exists(Star(on),And(Not(Nominal(b)),ontable))]
	Feat 689	(c=7)	weight -0.34137180627799:	Num[Or(Forall(on,Or(ontable,Nominal(b))),Nominal(b))]
	Feat 769	(c=7)	weight 0.22983123661313:	Num[Or(And(Or(clear,ontable),Nominal(a)),holding)]
	Feat 1145	(c=8)	weight -0.09728352231936:	Num[Or(Forall(Inverse(Star(on)),Not(Nominal(a))),ontable)]
	Feat 1151	(c=8)	weight 1.2269635716016:	Bool[And(Forall(on,Exists(Star(on),Nominal(a))),Nominal(b))]
	Feat 1290	(c=8)	weight 0.36060875179839:	Num[Or(Exists(on,Exists(on,ontable)),Not(Nominal(b)))]
	Feat 1322	(c=8)	weight 0.25795798710675:	Num[Or(And(Forall(on,Nominal(a)),Nominal(b)),Not(clear))]
	Feat 1422	(c=8)	weight -0.10549453094435:	Bool[And(Forall(on,Or(Not(Nominal(b)),ontable)),Nominal(a))]
	Feat 1444	(c=8)	weight -0.46945184081747:	Num[Or(Forall(on,And(Not(Nominal(a)),ontable)),clear)]
	Feat 1450	(c=8)	weight 0.77555031174015:	Bool[And(Exists(on,And(Not(Nominal(a)),ontable)),Nominal(b))]
	Feat 1454	(c=8)	weight -0.11394858071605:	Num[Or(Exists(on,And(Not(Nominal(a)),ontable)),holding)]
	Feat 1816	(c=8)	weight -1.7267689973153:	Num[Or(And(Forall(Inverse(on),clear),Nominal(b)),Nominal(a))]
	Feat 1866	(c=8)	weight 0.4521725970257:	Num[Not(And(Exists(on,Exists(on,Nominal(b))),clear))]
	Feat 2314	(c=8)	weight 0.18121377219424:	Num[Or(Or(Nominal(a),Nominal(b)),Exists(Inverse(on),clear))]
	Feat 2372	(c=8)	weight 0.70143358159762:	Num[Or(And(holding,Nominal(a)),Exists(Star(on),Nominal(a)))]
	Feat 2476	(c=8)	weight 0.44500193358609:	Num[Or(And(Not(clear),Nominal(b)),Exists(on,Nominal(a)))]
	Feat 2677	(c=8)	weight 5.114559509636:	Bool[And(Or(Not(Nominal(a)),clear),Exists(on,Nominal(b)))]
	Feat 2746	(c=8)	weight 0.27753734543164:	Bool[And(Forall(on,Not(Nominal(a))),And(clear,Nominal(b)))]
	Feat 3244	(c=8)	weight -0.0087527127800487:	Atom[handempty] Num[Forall(on,Forall(on,Not(Nominal(b))))]
	Feat 3624	(c=8)	weight 0.081783672853906:	Bool[holding] Num[Or(Exists(Inverse(on),clear),Nominal(b))]
	Feat 3642	(c=8)	weight 0.03296521482054:	Bool[holding] Num[Forall(on,Not(Or(ontable,Nominal(b))))]
	Feat 3890	(c=7)	weight -2.3293597998235:	Bool[And(clear,Nominal(b))] Bool[And(holding,Nominal(a))]
	Feat 3991	(c=8)	weight 2.3961956093674:	Bool[And(holding,Nominal(a))] Bool[And(Not(holding),Nominal(b))]
	Feat 3993	(c=8)	weight 0.15479591261363:	Bool[And(holding,Nominal(a))] Num[Not(Or(clear,ontable))]
	Feat 3995	(c=8)	weight 0.0038753830221267:	Bool[And(holding,Nominal(a))] Num[Or(Not(Nominal(a)),holding)]
	Feat 4165	(c=8)	weight 0.33109390633272:	Bool[And(ontable,Nominal(a))] Num[Not(Or(holding,Nominal(b)))]
	Feat 4179	(c=8)	weight 2.7007506537012:	Bool[And(ontable,Nominal(a))] Bool[And(Forall(on,<empty>),Nominal(a))]
	Feat 4325	(c=8)	weight -0.50819484434987:	Bool[Exists(on,Nominal(b))] Bool[Exists(Inverse(on),Nominal(b))]
	Feat 4338	(c=6)	weight 0.030947147972262:	Bool[Exists(on,Nominal(a))] Num[Forall(on,<empty>)]
	Feat 4484	(c=8)	weight 0.28046628677557:	Bool[And(Not(clear),Nominal(a))] Num[Or(ontable,Nominal(b))]
	Feat 4653	(c=8)	weight 0.088132516984085:	Bool[And(Forall(on,ontable),Nominal(a))] Num[Exists(on,<universe>)]
	Feat 4656	(c=8)	weight -0.69077269331806:	Bool[And(Forall(on,Nominal(b)),Nominal(a))] Num[Not(holding)]
Score -0.4018813067222955
Lambda=0.015457624993511108
	Feat 22	(c=3)	weight -2.9068897095427:	Bool[Exists(on,Nominal(b))]
	Feat 204	(c=6)	weight 0.2141208960244:	Num[Or(Not(Nominal(a)),Forall(on,ontable))]
	Feat 248	(c=6)	weight 0.16366754209348:	Num[Or(Exists(Inverse(on),Nominal(b)),Nominal(a))]
	Feat 347	(c=6)	weight 0.093344092831008:	Bool[And(Forall(on,<empty>),And(clear,Nominal(b)))]
	Feat 473	(c=7)	weight -1.1962868698675:	Bool[And(Forall(on,Exists(on,Nominal(a))),Nominal(b))]
	Feat 485	(c=7)	weight 0.055495742638702:	Num[Or(Exists(on,Exists(on,ontable)),Nominal(b))]
	Feat 569	(c=7)	weight -0.34079413630455:	Num[Exists(Star(on),And(Not(Nominal(b)),ontable))]
	Feat 689	(c=7)	weight -0.22108738706812:	Num[Or(Forall(on,Or(ontable,Nominal(b))),Nominal(b))]
	Feat 769	(c=7)	weight 0.072400235747312:	Num[Or(And(Or(clear,ontable),Nominal(a)),holding)]
	Feat 1145	(c=8)	weight -0.16252719165291:	Num[Or(Forall(Inverse(Star(on)),Not(Nominal(a))),ontable)]
	Feat 1151	(c=8)	weight 1.4987995762281:	Bool[And(Forall(on,Exists(Star(on),Nominal(a))),Nominal(b))]
	Feat 1290	(c=8)	weight 0.48855711604615:	Num[Or(Exists(on,Exists(on,ontable)),Not(Nominal(b)))]
	Feat 1322	(c=8)	weight 0.29671926063847:	Num[Or(And(Forall(on,Nominal(a)),Nominal(b)),Not(clear))]
	Feat 1422	(c=8)	weight -0.67252364316451:	Bool[And(Forall(on,Or(Not(Nominal(b)),ontable)),Nominal(a))]
	Feat 1444	(c=8)	weight -0.49609237914044:	Num[Or(Forall(on,And(Not(Nominal(a)),ontable)),clear)]
	Feat 1450	(c=8)	weight 0.97907681072879:	Bool[And(Exists(on,And(Not(Nominal(a)),ontable)),Nominal(b))]
	Feat 1454	(c=8)	weight -0.32045818771155:	Num[Or(Exists(on,And(Not(Nominal(a)),ontable)),holding)]
	Feat 1718	(c=8)	weight 0.026361647859336:	Num[Exists(on,Exists(on,Forall(on,Exists(on,<universe>))))]
	Feat 1816	(c=8)	weight -1.682715948071:	Num[Or(And(Forall(Inverse(on),clear),Nominal(b)),Nominal(a))]
	Feat 1866	(c=8)	weight 0.50739391438693:	Num[Not(And(Exists(on,Exists(on,Nominal(b))),clear))]
	Feat 2314	(c=8)	weight 0.3258945841939:	Num[Or(Or(Nominal(a),Nominal(b)),Exists(Inverse(on),clear))]
	Feat 2372	(c=8)	weight 0.64919543106614:	Num[Or(And(holding,Nominal(a)),Exists(Star(on),Nominal(a)))]
	Feat 2476	(c=8)	weight 0.60805325661097:	Num[Or(And(Not(clear),Nominal(b)),Exists(on,Nominal(a)))]
	Feat 2677	(c=8)	weight 5.3154739308336:	Bool[And(Or(Not(Nominal(a)),clear),Exists(on,Nominal(b)))]
	Feat 2746	(c=8)	weight 0.34184227731078:	Bool[And(Forall(on,Not(Nominal(a))),And(clear,Nominal(b)))]
	Feat 3244	(c=8)	weight -0.0362974463068:	Atom[handempty] Num[Forall(on,Forall(on,Not(Nominal(b))))]
	Feat 3624	(c=8)	weight 0.089683424911637:	Bool[holding] Num[Or(Exists(Inverse(on),clear),Nominal(b))]
	Feat 3642	(c=8)	weight 0.055062643114305:	Bool[holding] Num[Forall(on,Not(Or(ontable,Nominal(b))))]
	Feat 3701	(c=8)	weight -0.0079889588193298:	Bool[holding] Bool[Exists(on,And(Not(ontable),Nominal(b)))]
	Feat 3890	(c=7)	weight -2.4780036045817:	Bool[And(clear,Nominal(b))] Bool[And(holding,Nominal(a))]
	Feat 3991	(c=8)	weight 2.8813475881601:	Bool[And(holding,Nominal(a))] Bool[And(Not(holding),Nominal(b))]
	Feat 3993	(c=8)	weight 0.13650839786869:	Bool[And(holding,Nominal(a))] Num[Not(Or(clear,ontable))]
	Feat 3995	(c=8)	weight 0.0040125095101396:	Bool[And(holding,Nominal(a))] Num[Or(Not(Nominal(a)),holding)]
	Feat 4165	(c=8)	weight 0.40412793931106:	Bool[And(ontable,Nominal(a))] Num[Not(Or(holding,Nominal(b)))]
	Feat 4179	(c=8)	weight 2.5606418929645:	Bool[And(ontable,Nominal(a))] Bool[And(Forall(on,<empty>),Nominal(a))]
	Feat 4325	(c=8)	weight -0.76120714421665:	Bool[Exists(on,Nominal(b))] Bool[Exists(Inverse(on),Nominal(b))]
	Feat 4338	(c=6)	weight 0.049305861536158:	Bool[Exists(on,Nominal(a))] Num[Forall(on,<empty>)]
	Feat 4484	(c=8)	weight 0.23023545685241:	Bool[And(Not(clear),Nominal(a))] Num[Or(ontable,Nominal(b))]
	Feat 4653	(c=8)	weight 0.10861914331068:	Bool[And(Forall(on,ontable),Nominal(a))] Num[Exists(on,<universe>)]
	Feat 4656	(c=8)	weight -0.74323927867958:	Bool[And(Forall(on,Nominal(b)),Nominal(a))] Num[Not(holding)]
Score -1.191430185883919
Lambda=0.009519550699583313
	Feat 22	(c=3)	weight -3.0456984368499:	Bool[Exists(on,Nominal(b))]
	Feat 204	(c=6)	weight 0.2979380897489:	Num[Or(Not(Nominal(a)),Forall(on,ontable))]
	Feat 248	(c=6)	weight 0.28290081019694:	Num[Or(Exists(Inverse(on),Nominal(b)),Nominal(a))]
	Feat 347	(c=6)	weight 0.63379998249073:	Bool[And(Forall(on,<empty>),And(clear,Nominal(b)))]
	Feat 473	(c=7)	weight -1.3889333547:	Bool[And(Forall(on,Exists(on,Nominal(a))),Nominal(b))]
	Feat 485	(c=7)	weight 0.51319612143451:	Num[Or(Exists(on,Exists(on,ontable)),Nominal(b))]
	Feat 569	(c=7)	weight -0.38046565961794:	Num[Exists(Star(on),And(Not(Nominal(b)),ontable))]
	Feat 689	(c=7)	weight -0.10617476312367:	Num[Or(Forall(on,Or(ontable,Nominal(b))),Nominal(b))]
	Feat 918	(c=7)	weight 0.21626806579197:	Num[And(Exists(on,ontable),Or(clear,Nominal(b)))]
	Feat 1145	(c=8)	weight -0.19451618460317:	Num[Or(Forall(Inverse(Star(on)),Not(Nominal(a))),ontable)]
	Feat 1151	(c=8)	weight 1.5933746896034:	Bool[And(Forall(on,Exists(Star(on),Nominal(a))),Nominal(b))]
	Feat 1159	(c=8)	weight -0.074391660923671:	Num[Or(Forall(Star(on),Or(Nominal(a),Nominal(b))),clear)]
	Feat 1290	(c=8)	weight 0.99448024449006:	Num[Or(Exists(on,Exists(on,ontable)),Not(Nominal(b)))]
	Feat 1322	(c=8)	weight 0.08194748954103:	Num[Or(And(Forall(on,Nominal(a)),Nominal(b)),Not(clear))]
	Feat 1422	(c=8)	weight -0.98898744741993:	Bool[And(Forall(on,Or(Not(Nominal(b)),ontable)),Nominal(a))]
	Feat 1444	(c=8)	weight -0.75583194119492:	Num[Or(Forall(on,And(Not(Nominal(a)),ontable)),clear)]
	Feat 1450	(c=8)	weight 0.99062312785447:	Bool[And(Exists(on,And(Not(Nominal(a)),ontable)),Nominal(b))]
	Feat 1454	(c=8)	weight -0.29111759980487:	Num[Or(Exists(on,And(Not(Nominal(a)),ontable)),holding)]
	Feat 1718	(c=8)	weight 0.058023363491552:	Num[Exists(on,Exists(on,Forall(on,Exists(on,<universe>))))]
	Feat 1816	(c=8)	weight -1.7240572472855:	Num[Or(And(Forall(Inverse(on),clear),Nominal(b)),Nominal(a))]
	Feat 1866	(c=8)	weight 0.51664612122047:	Num[Not(And(Exists(on,Exists(on,Nominal(b))),clear))]
	Feat 2314	(c=8)	weight 0.32889957317951:	Num[Or(Or(Nominal(a),Nominal(b)),Exists(Inverse(on),clear))]
	Feat 2372	(c=8)	weight 0.63951486857391:	Num[Or(And(holding,Nominal(a)),Exists(Star(on),Nominal(a)))]
	Feat 2476	(c=8)	weight 0.57343881622852:	Num[Or(And(Not(clear),Nominal(b)),Exists(on,Nominal(a)))]
	Feat 2677	(c=8)	weight 5.4169387891057:	Bool[And(Or(Not(Nominal(a)),clear),Exists(on,Nominal(b)))]
	Feat 3244	(c=8)	weight -0.063206688506514:	Atom[handempty] Num[Forall(on,Forall(on,Not(Nominal(b))))]
	Feat 3321	(c=8)	weight -0.025462499420655:	Atom[handempty] Num[Not(Or(Exists(on,ontable),Nominal(a)))]
	Feat 3624	(c=8)	weight 0.09006594945743:	Bool[holding] Num[Or(Exists(Inverse(on),clear),Nominal(b))]
	Feat 3642	(c=8)	weight 0.053081918395426:	Bool[holding] Num[Forall(on,Not(Or(ontable,Nominal(b))))]
	Feat 3701	(c=8)	weight -0.062276289838041:	Bool[holding] Bool[Exists(on,And(Not(ontable),Nominal(b)))]
	Feat 3890	(c=7)	weight -2.5923846001846:	Bool[And(clear,Nominal(b))] Bool[And(holding,Nominal(a))]
	Feat 3991	(c=8)	weight 3.061380575303:	Bool[And(holding,Nominal(a))] Bool[And(Not(holding),Nominal(b))]
	Feat 3993	(c=8)	weight 0.13112722892207:	Bool[And(holding,Nominal(a))] Num[Not(Or(clear,ontable))]
	Feat 3995	(c=8)	weight 0.0038675947474913:	Bool[And(holding,Nominal(a))] Num[Or(Not(Nominal(a)),holding)]
	Feat 4105	(c=8)	weight -0.01263887090652:	Bool[And(holding,Nominal(b))] Num[Forall(Star(on),Nominal(a))]
	Feat 4165	(c=8)	weight 0.44736389867139:	Bool[And(ontable,Nominal(a))] Num[Not(Or(holding,Nominal(b)))]
	Feat 4179	(c=8)	weight 2.4663104945064:	Bool[And(ontable,Nominal(a))] Bool[And(Forall(on,<empty>),Nominal(a))]
	Feat 4325	(c=8)	weight -1.2327286005167:	Bool[Exists(on,Nominal(b))] Bool[Exists(Inverse(on),Nominal(b))]
	Feat 4338	(c=6)	weight 0.06182112879059:	Bool[Exists(on,Nominal(a))] Num[Forall(on,<empty>)]
	Feat 4484	(c=8)	weight 0.22793243754287:	Bool[And(Not(clear),Nominal(a))] Num[Or(ontable,Nominal(b))]
	Feat 4653	(c=8)	weight 0.11999020349042:	Bool[And(Forall(on,ontable),Nominal(a))] Num[Exists(on,<universe>)]
	Feat 4656	(c=8)	weight -0.77486041692686:	Bool[And(Forall(on,Nominal(b)),Nominal(a))] Num[Not(holding)]
Score -2.3362653350927207
Lambda=0.005862598268490724
	Feat 22	(c=3)	weight -3.1341887552992:	Bool[Exists(on,Nominal(b))]
	Feat 204	(c=6)	weight 0.31924216278227:	Num[Or(Not(Nominal(a)),Forall(on,ontable))]
	Feat 248	(c=6)	weight 0.22864070678605:	Num[Or(Exists(Inverse(on),Nominal(b)),Nominal(a))]
	Feat 347	(c=6)	weight 0.82938701754163:	Bool[And(Forall(on,<empty>),And(clear,Nominal(b)))]
	Feat 473	(c=7)	weight -1.4399483564554:	Bool[And(Forall(on,Exists(on,Nominal(a))),Nominal(b))]
	Feat 485	(c=7)	weight 1.359827427681:	Num[Or(Exists(on,Exists(on,ontable)),Nominal(b))]
	Feat 569	(c=7)	weight -0.36257671075436:	Num[Exists(Star(on),And(Not(Nominal(b)),ontable))]
	Feat 769	(c=7)	weight 0.19365259726409:	Num[Or(And(Or(clear,ontable),Nominal(a)),holding)]
	Feat 918	(c=7)	weight 0.66903929313986:	Num[And(Exists(on,ontable),Or(clear,Nominal(b)))]
	Feat 1145	(c=8)	weight -0.25820636498271:	Num[Or(Forall(Inverse(Star(on)),Not(Nominal(a))),ontable)]
	Feat 1151	(c=8)	weight 1.500909412249:	Bool[And(Forall(on,Exists(Star(on),Nominal(a))),Nominal(b))]
	Feat 1159	(c=8)	weight -0.53020274582039:	Num[Or(Forall(Star(on),Or(Nominal(a),Nominal(b))),clear)]
	Feat 1290	(c=8)	weight 1.904944223258:	Num[Or(Exists(on,Exists(on,ontable)),Not(Nominal(b)))]
	Feat 1422	(c=8)	weight -1.0112560729586:	Bool[And(Forall(on,Or(Not(Nominal(b)),ontable)),Nominal(a))]
	Feat 1444	(c=8)	weight -1.209566333275:	Num[Or(Forall(on,And(Not(Nominal(a)),ontable)),clear)]
	Feat 1450	(c=8)	weight 0.8431946982679:	Bool[And(Exists(on,And(Not(Nominal(a)),ontable)),Nominal(b))]
	Feat 1718	(c=8)	weight 0.011249646864536:	Num[Exists(on,Exists(on,Forall(on,Exists(on,<universe>))))]
	Feat 1770	(c=8)	weight -0.72566430456443:	Num[Exists(on,Forall(on,Not(And(ontable,Nominal(b)))))]
	Feat 1816	(c=8)	weight -1.6621415457119:	Num[Or(And(Forall(Inverse(on),clear),Nominal(b)),Nominal(a))]
	Feat 1866	(c=8)	weight 0.51291560217653:	Num[Not(And(Exists(on,Exists(on,Nominal(b))),clear))]
	Feat 2314	(c=8)	weight 0.36853206746827:	Num[Or(Or(Nominal(a),Nominal(b)),Exists(Inverse(on),clear))]
	Feat 2372	(c=8)	weight 0.70301419019831:	Num[Or(And(holding,Nominal(a)),Exists(Star(on),Nominal(a)))]
	Feat 2476	(c=8)	weight 0.71393052720195:	Num[Or(And(Not(clear),Nominal(b)),Exists(on,Nominal(a)))]
	Feat 2677	(c=8)	weight 5.4367183560391:	Bool[And(Or(Not(Nominal(a)),clear),Exists(on,Nominal(b)))]
	Feat 3244	(c=8)	weight -0.03070818125392:	Atom[handempty] Num[Forall(on,Forall(on,Not(Nominal(b))))]
	Feat 3321	(c=8)	weight -0.067809870444008:	Atom[handempty] Num[Not(Or(Exists(on,ontable),Nominal(a)))]
	Feat 3624	(c=8)	weight 0.062946254259287:	Bool[holding] Num[Or(Exists(Inverse(on),clear),Nominal(b))]
	Feat 3701	(c=8)	weight -0.17704204207167:	Bool[holding] Bool[Exists(on,And(Not(ontable),Nominal(b)))]
	Feat 3890	(c=7)	weight -2.6477584939655:	Bool[And(clear,Nominal(b))] Bool[And(holding,Nominal(a))]
	Feat 3991	(c=8)	weight 3.1912272024002:	Bool[And(holding,Nominal(a))] Bool[And(Not(holding),Nominal(b))]
	Feat 3993	(c=8)	weight 0.14333579135687:	Bool[And(holding,Nominal(a))] Num[Not(Or(clear,ontable))]
	Feat 3995	(c=8)	weight 0.0036560691803002:	Bool[And(holding,Nominal(a))] Num[Or(Not(Nominal(a)),holding)]
	Feat 4105	(c=8)	weight -0.029762813066388:	Bool[And(holding,Nominal(b))] Num[Forall(Star(on),Nominal(a))]
	Feat 4165	(c=8)	weight 0.44659931247045:	Bool[And(ontable,Nominal(a))] Num[Not(Or(holding,Nominal(b)))]
	Feat 4179	(c=8)	weight 2.4855041430737:	Bool[And(ontable,Nominal(a))] Bool[And(Forall(on,<empty>),Nominal(a))]
	Feat 4325	(c=8)	weight -1.509214396574:	Bool[Exists(on,Nominal(b))] Bool[Exists(Inverse(on),Nominal(b))]
	Feat 4338	(c=6)	weight 0.077721408136437:	Bool[Exists(on,Nominal(a))] Num[Forall(on,<empty>)]
	Feat 4462	(c=8)	weight -0.0010232901243421:	Bool[And(Forall(on,<empty>),Nominal(b))] Num[Or(holding,Nominal(a))]
	Feat 4484	(c=8)	weight 0.2332531277425:	Bool[And(Not(clear),Nominal(a))] Num[Or(ontable,Nominal(b))]
	Feat 4653	(c=8)	weight 0.14495529632883:	Bool[And(Forall(on,ontable),Nominal(a))] Num[Exists(on,<universe>)]
	Feat 4656	(c=8)	weight -0.77485792654434:	Bool[And(Forall(on,Nominal(b)),Nominal(a))] Num[Not(holding)]
Score -2.968520559929072
Lambda=0.003610470655848796
	Feat 22	(c=3)	weight -2.8476722019008:	Bool[Exists(on,Nominal(b))]
	Feat 45	(c=4)	weight 0.0051204056846131:	Bool[And(Forall(on,<empty>),Nominal(b))]
	Feat 204	(c=6)	weight 0.23252708733188:	Num[Or(Not(Nominal(a)),Forall(on,ontable))]
	Feat 248	(c=6)	weight 0.17581015928551:	Num[Or(Exists(Inverse(on),Nominal(b)),Nominal(a))]
	Feat 347	(c=6)	weight 0.76639778360184:	Bool[And(Forall(on,<empty>),And(clear,Nominal(b)))]
	Feat 473	(c=7)	weight -1.4515772697084:	Bool[And(Forall(on,Exists(on,Nominal(a))),Nominal(b))]
	Feat 485	(c=7)	weight 2.0681648097107:	Num[Or(Exists(on,Exists(on,ontable)),Nominal(b))]
	Feat 569	(c=7)	weight -0.34135324453881:	Num[Exists(Star(on),And(Not(Nominal(b)),ontable))]
	Feat 769	(c=7)	weight 0.1800171072106:	Num[Or(And(Or(clear,ontable),Nominal(a)),holding)]
	Feat 918	(c=7)	weight 1.0026094569113:	Num[And(Exists(on,ontable),Or(clear,Nominal(b)))]
	Feat 1078	(c=8)	weight 0.14359650950391:	Num[Or(Exists(on,Forall(Star(on),Nominal(b))),ontable)]
	Feat 1145	(c=8)	weight -0.30169217829759:	Num[Or(Forall(Inverse(Star(on)),Not(Nominal(a))),ontable)]
	Feat 1151	(c=8)	weight 1.4485307509104:	Bool[And(Forall(on,Exists(Star(on),Nominal(a))),Nominal(b))]
	Feat 1159	(c=8)	weight -0.96725657428113:	Num[Or(Forall(Star(on),Or(Nominal(a),Nominal(b))),clear)]
	Feat 1210	(c=8)	weight -0.010636802179559:	Num[And(Forall(on,Exists(on,Nominal(a))),Not(Nominal(a)))]
	Feat 1290	(c=8)	weight 2.6679581217456:	Num[Or(Exists(on,Exists(on,ontable)),Not(Nominal(b)))]
	Feat 1422	(c=8)	weight -0.96378931672085:	Bool[And(Forall(on,Or(Not(Nominal(b)),ontable)),Nominal(a))]
	Feat 1444	(c=8)	weight -1.6431360248278:	Num[Or(Forall(on,And(Not(Nominal(a)),ontable)),clear)]
	Feat 1450	(c=8)	weight 0.67911748334252:	Bool[And(Exists(on,And(Not(Nominal(a)),ontable)),Nominal(b))]
	Feat 1770	(c=8)	weight -1.244672622431:	Num[Exists(on,Forall(on,Not(And(ontable,Nominal(b)))))]
	Feat 1816	(c=8)	weight -1.2267355753458:	Num[Or(And(Forall(Inverse(on),clear),Nominal(b)),Nominal(a))]
	Feat 1843	(c=8)	weight 0.28785964479364:	Num[Or(And(Not(Nominal(b)),Forall(on,Nominal(b))),clear)]
	Feat 1866	(c=8)	weight 0.50769918549473:	Num[Not(And(Exists(on,Exists(on,Nominal(b))),clear))]
	Feat 2146	(c=8)	weight -0.014425747492432:	Num[Not(And(Forall(on,Nominal(a)),Or(clear,ontable)))]
	Feat 2314	(c=8)	weight 0.45585370014118:	Num[Or(Or(Nominal(a),Nominal(b)),Exists(Inverse(on),clear))]
	Feat 2372	(c=8)	weight 0.72633924803194:	Num[Or(And(holding,Nominal(a)),Exists(Star(on),Nominal(a)))]
	Feat 2476	(c=8)	weight 0.81895640877864:	Num[Or(And(Not(clear),Nominal(b)),Exists(on,Nominal(a)))]
	Feat 2677	(c=8)	weight 5.4183519269185:	Bool[And(Or(Not(Nominal(a)),clear),Exists(on,Nominal(b)))]
	Feat 2746	(c=8)	weight 0.020486184792804:	Bool[And(Forall(on,Not(Nominal(a))),And(clear,Nominal(b)))]
	Feat 3244	(c=8)	weight -0.039608385947741:	Atom[handempty] Num[Forall(on,Forall(on,Not(Nominal(b))))]
	Feat 3321	(c=8)	weight -0.09840845173563:	Atom[handempty] Num[Not(Or(Exists(on,ontable),Nominal(a)))]
	Feat 3606	(c=8)	weight -0.010072561591425:	Bool[holding] Num[Or(And(Forall(on,<empty>),Nominal(b)),clear)]
	Feat 3624	(c=8)	weight 0.068951005017481:	Bool[holding] Num[Or(Exists(Inverse(on),clear),Nominal(b))]
	Feat 3701	(c=8)	weight -0.24364882817192:	Bool[holding] Bool[Exists(on,And(Not(ontable),Nominal(b)))]
	Feat 3890	(c=7)	weight -2.7089231841276:	Bool[And(clear,Nominal(b))] Bool[And(holding,Nominal(a))]
	Feat 3991	(c=8)	weight 3.2053525107705:	Bool[And(holding,Nominal(a))] Bool[And(Not(holding),Nominal(b))]
	Feat 3993	(c=8)	weight 0.13769563496303:	Bool[And(holding,Nominal(a))] Num[Not(Or(clear,ontable))]
	Feat 3995	(c=8)	weight 0.0027156030191526:	Bool[And(holding,Nominal(a))] Num[Or(Not(Nominal(a)),holding)]
	Feat 4165	(c=8)	weight 0.42629204216401:	Bool[And(ontable,Nominal(a))] Num[Not(Or(holding,Nominal(b)))]
	Feat 4179	(c=8)	weight 2.519823856934:	Bool[And(ontable,Nominal(a))] Bool[And(Forall(on,<empty>),Nominal(a))]
	Feat 4192	(c=7)	weight -0.054034965387838:	Bool[And(ontable,Nominal(b))] Num[Or(holding,Nominal(a))]
	Feat 4265	(c=6)	weight -0.020006912245785:	Bool[Exists(on,Nominal(b))] Num[Forall(on,<empty>)]
	Feat 4325	(c=8)	weight -1.8056533715096:	Bool[Exists(on,Nominal(b))] Bool[Exists(Inverse(on),Nominal(b))]
	Feat 4338	(c=6)	weight 0.07575936518751:	Bool[Exists(on,Nominal(a))] Num[Forall(on,<empty>)]
	Feat 4484	(c=8)	weight 0.21637387593861:	Bool[And(Not(clear),Nominal(a))] Num[Or(ontable,Nominal(b))]
	Feat 4549	(c=8)	weight -0.020595539834921:	Bool[And(Not(ontable),Nominal(b))] Num[Or(clear,Nominal(a))]
	Feat 4653	(c=8)	weight 0.1880395356788:	Bool[And(Forall(on,ontable),Nominal(a))] Num[Exists(on,<universe>)]
	Feat 4656	(c=8)	weight -0.76817105749459:	Bool[And(Forall(on,Nominal(b)),Nominal(a))] Num[Not(holding)]
Score -4.793318222013306
Lambda=0.0022235018945108644
	Feat 22	(c=3)	weight -2.3303807135802:	Bool[Exists(on,Nominal(b))]
	Feat 45	(c=4)	weight 0.43022862558445:	Bool[And(Forall(on,<empty>),Nominal(b))]
	Feat 204	(c=6)	weight 0.16224115115243:	Num[Or(Not(Nominal(a)),Forall(on,ontable))]
	Feat 248	(c=6)	weight 0.19264768599066:	Num[Or(Exists(Inverse(on),Nominal(b)),Nominal(a))]
	Feat 347	(c=6)	weight 0.26755776160628:	Bool[And(Forall(on,<empty>),And(clear,Nominal(b)))]
	Feat 473	(c=7)	weight -1.4295624771383:	Bool[And(Forall(on,Exists(on,Nominal(a))),Nominal(b))]
	Feat 485	(c=7)	weight 2.8515504190202:	Num[Or(Exists(on,Exists(on,ontable)),Nominal(b))]
	Feat 569	(c=7)	weight -0.35353706860069:	Num[Exists(Star(on),And(Not(Nominal(b)),ontable))]
	Feat 765	(c=7)	weight -0.12727323889216:	Num[Not(And(Forall(Star(on),Nominal(a)),Nominal(b)))]
	Feat 769	(c=7)	weight 0.042117313648705:	Num[Or(And(Or(clear,ontable),Nominal(a)),holding)]
	Feat 918	(c=7)	weight 0.92440112049085:	Num[And(Exists(on,ontable),Or(clear,Nominal(b)))]
	Feat 1078	(c=8)	weight 0.50838178200349:	Num[Or(Exists(on,Forall(Star(on),Nominal(b))),ontable)]
	Feat 1132	(c=8)	weight 0.20292409885276:	Num[And(Forall(Inverse(on),Or(clear,Nominal(b))),ontable)]
	Feat 1145	(c=8)	weight -0.33411803767636:	Num[Or(Forall(Inverse(Star(on)),Not(Nominal(a))),ontable)]
	Feat 1151	(c=8)	weight 1.3274231454239:	Bool[And(Forall(on,Exists(Star(on),Nominal(a))),Nominal(b))]
	Feat 1159	(c=8)	weight -1.530397302619:	Num[Or(Forall(Star(on),Or(Nominal(a),Nominal(b))),clear)]
	Feat 1210	(c=8)	weight -0.27129603253837:	Num[And(Forall(on,Exists(on,Nominal(a))),Not(Nominal(a)))]
	Feat 1290	(c=8)	weight 3.4326690950582:	Num[Or(Exists(on,Exists(on,ontable)),Not(Nominal(b)))]
	Feat 1422	(c=8)	weight -0.81427939251784:	Bool[And(Forall(on,Or(Not(Nominal(b)),ontable)),Nominal(a))]
	Feat 1444	(c=8)	weight -2.3134318546752:	Num[Or(Forall(on,And(Not(Nominal(a)),ontable)),clear)]
	Feat 1450	(c=8)	weight 0.55884788074946:	Bool[And(Exists(on,And(Not(Nominal(a)),ontable)),Nominal(b))]
	Feat 1604	(c=8)	weight -0.033655527537693:	Num[Or(Forall(on,Forall(on,Not(Nominal(a)))),clear)]
	Feat 1707	(c=8)	weight -5.4461095381453e-05:	Num[Or(Exists(on,Exists(on,Exists(on,<universe>))),Nominal(b))]
	Feat 1770	(c=8)	weight -1.4876837923277:	Num[Exists(on,Forall(on,Not(And(ontable,Nominal(b)))))]
	Feat 1816	(c=8)	weight -0.26655595438762:	Num[Or(And(Forall(Inverse(on),clear),Nominal(b)),Nominal(a))]
	Feat 1843	(c=8)	weight 0.77452994093813:	Num[Or(And(Not(Nominal(b)),Forall(on,Nominal(b))),clear)]
	Feat 1866	(c=8)	weight 0.5498150436571:	Num[Not(And(Exists(on,Exists(on,Nominal(b))),clear))]
	Feat 2146	(c=8)	weight -0.24572250765207:	Num[Not(And(Forall(on,Nominal(a)),Or(clear,ontable)))]
	Feat 2314	(c=8)	weight 0.9002219466938:	Num[Or(Or(Nominal(a),Nominal(b)),Exists(Inverse(on),clear))]
	Feat 2372	(c=8)	weight 0.77517384290625:	Num[Or(And(holding,Nominal(a)),Exists(Star(on),Nominal(a)))]
	Feat 2476	(c=8)	weight 0.84446911258638:	Num[Or(And(Not(clear),Nominal(b)),Exists(on,Nominal(a)))]
	Feat 2677	(c=8)	weight 5.3481966525419:	Bool[And(Or(Not(Nominal(a)),clear),Exists(on,Nominal(b)))]
	Feat 2746	(c=8)	weight 0.091887627519029:	Bool[And(Forall(on,Not(Nominal(a))),And(clear,Nominal(b)))]
	Feat 3244	(c=8)	weight -0.11237695723565:	Atom[handempty] Num[Forall(on,Forall(on,Not(Nominal(b))))]
	Feat 3321	(c=8)	weight -0.16780818446399:	Atom[handempty] Num[Not(Or(Exists(on,ontable),Nominal(a)))]
	Feat 3606	(c=8)	weight -0.01163955688013:	Bool[holding] Num[Or(And(Forall(on,<empty>),Nominal(b)),clear)]
	Feat 3624	(c=8)	weight 0.12633568237318:	Bool[holding] Num[Or(Exists(Inverse(on),clear),Nominal(b))]
	Feat 3701	(c=8)	weight -0.23392741225165:	Bool[holding] Bool[Exists(on,And(Not(ontable),Nominal(b)))]
	Feat 3890	(c=7)	weight -2.7730978964097:	Bool[And(clear,Nominal(b))] Bool[And(holding,Nominal(a))]
	Feat 3991	(c=8)	weight 2.6513695108821:	Bool[And(holding,Nominal(a))] Bool[And(Not(holding),Nominal(b))]
	Feat 3993	(c=8)	weight 0.14426865284805:	Bool[And(holding,Nominal(a))] Num[Not(Or(clear,ontable))]
	Feat 3995	(c=8)	weight 0.0012430034367775:	Bool[And(holding,Nominal(a))] Num[Or(Not(Nominal(a)),holding)]
	Feat 4165	(c=8)	weight 0.3886074038146:	Bool[And(ontable,Nominal(a))] Num[Not(Or(holding,Nominal(b)))]
	Feat 4179	(c=8)	weight 2.3564930066167:	Bool[And(ontable,Nominal(a))] Bool[And(Forall(on,<empty>),Nominal(a))]
	Feat 4192	(c=7)	weight -0.082033720336497:	Bool[And(ontable,Nominal(b))] Num[Or(holding,Nominal(a))]
	Feat 4265	(c=6)	weight -0.014656641998059:	Bool[Exists(on,Nominal(b))] Num[Forall(on,<empty>)]
	Feat 4325	(c=8)	weight -1.8089658601621:	Bool[Exists(on,Nominal(b))] Bool[Exists(Inverse(on),Nominal(b))]
	Feat 4338	(c=6)	weight 0.083551254043343:	Bool[Exists(on,Nominal(a))] Num[Forall(on,<empty>)]
	Feat 4484	(c=8)	weight 0.22548725694057:	Bool[And(Not(clear),Nominal(a))] Num[Or(ontable,Nominal(b))]
	Feat 4549	(c=8)	weight -0.030651001178911:	Bool[And(Not(ontable),Nominal(b))] Num[Or(clear,Nominal(a))]
	Feat 4653	(c=8)	weight 0.22301122967298:	Bool[And(Forall(on,ontable),Nominal(a))] Num[Exists(on,<universe>)]
	Feat 4656	(c=8)	weight -0.75257837896155:	Bool[And(Forall(on,Nominal(b)),Nominal(a))] Num[Not(holding)]
	Feat 4679	(c=8)	weight -0.0060834597471005:	Bool[Exists(on,And(ontable,Nominal(b)))] Num[Forall(on,<empty>)]
Score -8.569534910582123
Lambda=0.001369339664036436
	Feat 22	(c=3)	weight -2.1865708953832:	Bool[Exists(on,Nominal(b))]
	Feat 45	(c=4)	weight 0.40777860580918:	Bool[And(Forall(on,<empty>),Nominal(b))]
	Feat 204	(c=6)	weight 0.14579164240396:	Num[Or(Not(Nominal(a)),Forall(on,ontable))]
	Feat 248	(c=6)	weight 0.17947923069508:	Num[Or(Exists(Inverse(on),Nominal(b)),Nominal(a))]
	Feat 347	(c=6)	weight 0.23393522360656:	Bool[And(Forall(on,<empty>),And(clear,Nominal(b)))]
	Feat 473	(c=7)	weight -1.4208847606044:	Bool[And(Forall(on,Exists(on,Nominal(a))),Nominal(b))]
	Feat 485	(c=7)	weight 3.1899125484712:	Num[Or(Exists(on,Exists(on,ontable)),Nominal(b))]
	Feat 569	(c=7)	weight -0.3504937847518:	Num[Exists(Star(on),And(Not(Nominal(b)),ontable))]
	Feat 765	(c=7)	weight -0.33509987177883:	Num[Not(And(Forall(Star(on),Nominal(a)),Nominal(b)))]
	Feat 918	(c=7)	weight 0.94075807078675:	Num[And(Exists(on,ontable),Or(clear,Nominal(b)))]
	Feat 1078	(c=8)	weight 0.75566914007969:	Num[Or(Exists(on,Forall(Star(on),Nominal(b))),ontable)]
	Feat 1132	(c=8)	weight 0.28243855693334:	Num[And(Forall(Inverse(on),Or(clear,Nominal(b))),ontable)]
	Feat 1145	(c=8)	weight -0.35187881521499:	Num[Or(Forall(Inverse(Star(on)),Not(Nominal(a))),ontable)]
	Feat 1151	(c=8)	weight 1.2696186587978:	Bool[And(Forall(on,Exists(Star(on),Nominal(a))),Nominal(b))]
	Feat 1159	(c=8)	weight -1.8422302560509:	Num[Or(Forall(Star(on),Or(Nominal(a),Nominal(b))),clear)]
	Feat 1210	(c=8)	weight -0.37954252057876:	Num[And(Forall(on,Exists(on,Nominal(a))),Not(Nominal(a)))]
	Feat 1234	(c=8)	weight 9.1205369384765e-06:	Num[And(Not(Or(And(clear,Nominal(a)),Nominal(b))),ontable)]
	Feat 1290	(c=8)	weight 3.8725990608147:	Num[Or(Exists(on,Exists(on,ontable)),Not(Nominal(b)))]
	Feat 1322	(c=8)	weight -0.098682275250227:	Num[Or(And(Forall(on,Nominal(a)),Nominal(b)),Not(clear))]
	Feat 1422	(c=8)	weight -0.74188636336082:	Bool[And(Forall(on,Or(Not(Nominal(b)),ontable)),Nominal(a))]
	Feat 1444	(c=8)	weight -2.6781913032001:	Num[Or(Forall(on,And(Not(Nominal(a)),ontable)),clear)]
	Feat 1450	(c=8)	weight 0.58509777170988:	Bool[And(Exists(on,And(Not(Nominal(a)),ontable)),Nominal(b))]
	Feat 1454	(c=8)	weight 0.020222092975813:	Num[Or(Exists(on,And(Not(Nominal(a)),ontable)),holding)]
	Feat 1604	(c=8)	weight -0.058337434360391:	Num[Or(Forall(on,Forall(on,Not(Nominal(a)))),clear)]
	Feat 1707	(c=8)	weight -0.11222652621972:	Num[Or(Exists(on,Exists(on,Exists(on,<universe>))),Nominal(b))]
	Feat 1770	(c=8)	weight -1.5982079905311:	Num[Exists(on,Forall(on,Not(And(ontable,Nominal(b)))))]
	Feat 1843	(c=8)	weight 0.87371938854519:	Num[Or(And(Not(Nominal(b)),Forall(on,Nominal(b))),clear)]
	Feat 1866	(c=8)	weight 0.58537927883594:	Num[Not(And(Exists(on,Exists(on,Nominal(b))),clear))]
	Feat 2146	(c=8)	weight -0.33354114902283:	Num[Not(And(Forall(on,Nominal(a)),Or(clear,ontable)))]
	Feat 2314	(c=8)	weight 1.0660473408977:	Num[Or(Or(Nominal(a),Nominal(b)),Exists(Inverse(on),clear))]
	Feat 2372	(c=8)	weight 0.8001164004056:	Num[Or(And(holding,Nominal(a)),Exists(Star(on),Nominal(a)))]
	Feat 2476	(c=8)	weight 0.86832562322172:	Num[Or(And(Not(clear),Nominal(b)),Exists(on,Nominal(a)))]
	Feat 2559	(c=8)	weight 0.0044384186082073:	Num[And(Or(Not(Nominal(a)),ontable),Forall(on,ontable))]
	Feat 2677	(c=8)	weight 5.3150619109397:	Bool[And(Or(Not(Nominal(a)),clear),Exists(on,Nominal(b)))]
	Feat 2746	(c=8)	weight 0.057588320119829:	Bool[And(Forall(on,Not(Nominal(a))),And(clear,Nominal(b)))]
	Feat 3244	(c=8)	weight -0.15103793087591:	Atom[handempty] Num[Forall(on,Forall(on,Not(Nominal(b))))]
	Feat 3321	(c=8)	weight -0.20718381298837:	Atom[handempty] Num[Not(Or(Exists(on,ontable),Nominal(a)))]
	Feat 3606	(c=8)	weight -0.015701520821146:	Bool[holding] Num[Or(And(Forall(on,<empty>),Nominal(b)),clear)]
	Feat 3624	(c=8)	weight 0.15889080221033:	Bool[holding] Num[Or(Exists(Inverse(on),clear),Nominal(b))]
	Feat 3701	(c=8)	weight -0.23094896337452:	Bool[holding] Bool[Exists(on,And(Not(ontable),Nominal(b)))]
	Feat 3890	(c=7)	weight -2.8151240126494:	Bool[And(clear,Nominal(b))] Bool[And(holding,Nominal(a))]
	Feat 3991	(c=8)	weight 2.4099289970329:	Bool[And(holding,Nominal(a))] Bool[And(Not(holding),Nominal(b))]
	Feat 3993	(c=8)	weight 0.14982148222873:	Bool[And(holding,Nominal(a))] Num[Not(Or(clear,ontable))]
	Feat 3995	(c=8)	weight 0.00070972832070057:	Bool[And(holding,Nominal(a))] Num[Or(Not(Nominal(a)),holding)]
	Feat 4165	(c=8)	weight 0.36653194212225:	Bool[And(ontable,Nominal(a))] Num[Not(Or(holding,Nominal(b)))]
	Feat 4179	(c=8)	weight 2.2996464358122:	Bool[And(ontable,Nominal(a))] Bool[And(Forall(on,<empty>),Nominal(a))]
	Feat 4192	(c=7)	weight -0.079150970836375:	Bool[And(ontable,Nominal(b))] Num[Or(holding,Nominal(a))]
	Feat 4265	(c=6)	weight -0.0072975248855084:	Bool[Exists(on,Nominal(b))] Num[Forall(on,<empty>)]
	Feat 4325	(c=8)	weight -1.8631615911125:	Bool[Exists(on,Nominal(b))] Bool[Exists(Inverse(on),Nominal(b))]
	Feat 4338	(c=6)	weight 0.079758940240933:	Bool[Exists(on,Nominal(a))] Num[Forall(on,<empty>)]
	Feat 4484	(c=8)	weight 0.23800473516837:	Bool[And(Not(clear),Nominal(a))] Num[Or(ontable,Nominal(b))]
	Feat 4549	(c=8)	weight -0.060576917034298:	Bool[And(Not(ontable),Nominal(b))] Num[Or(clear,Nominal(a))]
	Feat 4653	(c=8)	weight 0.23896325570742:	Bool[And(Forall(on,ontable),Nominal(a))] Num[Exists(on,<universe>)]
	Feat 4656	(c=8)	weight -0.74438413193793:	Bool[And(Forall(on,Nominal(b)),Nominal(a))] Num[Not(holding)]
	Feat 4679	(c=8)	weight -0.027584585839334:	Bool[Exists(on,And(ontable,Nominal(b)))] Num[Forall(on,<empty>)]
	Feat 4696	(c=8)	weight -0.019617753362317:	Bool[And(Forall(Star(on),Nominal(a)),Nominal(b))] Num[clear]
Score -6.976938959645558
Lambda=0.0008433053824385929
	Feat 22	(c=3)	weight -2.0954480247095:	Bool[Exists(on,Nominal(b))]
	Feat 45	(c=4)	weight 0.24196407465265:	Bool[And(Forall(on,<empty>),Nominal(b))]
	Feat 49	(c=4)	weight -0.051210059546554:	Num[Not(Or(ontable,Nominal(b)))]
	Feat 204	(c=6)	weight 0.15610438419913:	Num[Or(Not(Nominal(a)),Forall(on,ontable))]
	Feat 248	(c=6)	weight 0.19864868445153:	Num[Or(Exists(Inverse(on),Nominal(b)),Nominal(a))]
	Feat 347	(c=6)	weight 0.35975970497288:	Bool[And(Forall(on,<empty>),And(clear,Nominal(b)))]
	Feat 473	(c=7)	weight -1.4213700440807:	Bool[And(Forall(on,Exists(on,Nominal(a))),Nominal(b))]
	Feat 485	(c=7)	weight 3.4475971331657:	Num[Or(Exists(on,Exists(on,ontable)),Nominal(b))]
	Feat 569	(c=7)	weight -0.36317518599328:	Num[Exists(Star(on),And(Not(Nominal(b)),ontable))]
	Feat 765	(c=7)	weight -0.68885220006371:	Num[Not(And(Forall(Star(on),Nominal(a)),Nominal(b)))]
	Feat 769	(c=7)	weight 0.028745011184652:	Num[Or(And(Or(clear,ontable),Nominal(a)),holding)]
	Feat 918	(c=7)	weight 0.95201945484528:	Num[And(Exists(on,ontable),Or(clear,Nominal(b)))]
	Feat 1078	(c=8)	weight 1.0087199476216:	Num[Or(Exists(on,Forall(Star(on),Nominal(b))),ontable)]
	Feat 1132	(c=8)	weight 0.32576823897247:	Num[And(Forall(Inverse(on),Or(clear,Nominal(b))),ontable)]
	Feat 1145	(c=8)	weight -0.36733153980347:	Num[Or(Forall(Inverse(Star(on)),Not(Nominal(a))),ontable)]
	Feat 1151	(c=8)	weight 1.2310839279464:	Bool[And(Forall(on,Exists(Star(on),Nominal(a))),Nominal(b))]
	Feat 1159	(c=8)	weight -2.1308876802314:	Num[Or(Forall(Star(on),Or(Nominal(a),Nominal(b))),clear)]
	Feat 1210	(c=8)	weight -0.41205341372428:	Num[And(Forall(on,Exists(on,Nominal(a))),Not(Nominal(a)))]
	Feat 1234	(c=8)	weight 0.038667705235249:	Num[And(Not(Or(And(clear,Nominal(a)),Nominal(b))),ontable)]
	Feat 1290	(c=8)	weight 4.2470343449684:	Num[Or(Exists(on,Exists(on,ontable)),Not(Nominal(b)))]
	Feat 1322	(c=8)	weight -0.16615657289402:	Num[Or(And(Forall(on,Nominal(a)),Nominal(b)),Not(clear))]
	Feat 1422	(c=8)	weight -0.65724778307764:	Bool[And(Forall(on,Or(Not(Nominal(b)),ontable)),Nominal(a))]
	Feat 1444	(c=8)	weight -3.0166037696877:	Num[Or(Forall(on,And(Not(Nominal(a)),ontable)),clear)]
	Feat 1450	(c=8)	weight 0.65323625601415:	Bool[And(Exists(on,And(Not(Nominal(a)),ontable)),Nominal(b))]
	Feat 1454	(c=8)	weight 0.17159188160686:	Num[Or(Exists(on,And(Not(Nominal(a)),ontable)),holding)]
	Feat 1604	(c=8)	weight -0.072469971614995:	Num[Or(Forall(on,Forall(on,Not(Nominal(a)))),clear)]
	Feat 1707	(c=8)	weight -0.24125298990977:	Num[Or(Exists(on,Exists(on,Exists(on,<universe>))),Nominal(b))]
	Feat 1718	(c=8)	weight -0.0053017699096358:	Num[Exists(on,Exists(on,Forall(on,Exists(on,<universe>))))]
	Feat 1770	(c=8)	weight -1.6387795244216:	Num[Exists(on,Forall(on,Not(And(ontable,Nominal(b)))))]
	Feat 1816	(c=8)	weight 0.072460059297515:	Num[Or(And(Forall(Inverse(on),clear),Nominal(b)),Nominal(a))]
	Feat 1843	(c=8)	weight 0.88770556005111:	Num[Or(And(Not(Nominal(b)),Forall(on,Nominal(b))),clear)]
	Feat 1866	(c=8)	weight 0.60354908740827:	Num[Not(And(Exists(on,Exists(on,Nominal(b))),clear))]
	Feat 2146	(c=8)	weight -0.3803213114821:	Num[Not(And(Forall(on,Nominal(a)),Or(clear,ontable)))]
	Feat 2314	(c=8)	weight 1.119677837118:	Num[Or(Or(Nominal(a),Nominal(b)),Exists(Inverse(on),clear))]
	Feat 2372	(c=8)	weight 0.82749516479371:	Num[Or(And(holding,Nominal(a)),Exists(Star(on),Nominal(a)))]
	Feat 2476	(c=8)	weight 0.86301096801133:	Num[Or(And(Not(clear),Nominal(b)),Exists(on,Nominal(a)))]
	Feat 2559	(c=8)	weight 0.029107697546324:	Num[And(Or(Not(Nominal(a)),ontable),Forall(on,ontable))]
	Feat 2677	(c=8)	weight 5.2708426399937:	Bool[And(Or(Not(Nominal(a)),clear),Exists(on,Nominal(b)))]
	Feat 2746	(c=8)	weight 0.012731652386235:	Bool[And(Forall(on,Not(Nominal(a))),And(clear,Nominal(b)))]
	Feat 3156	(c=7)	weight 0.0072034849078181:	Atom[handempty] Num[Forall(on,Exists(on,ontable))]
	Feat 3244	(c=8)	weight -0.17898951515232:	Atom[handempty] Num[Forall(on,Forall(on,Not(Nominal(b))))]
	Feat 3321	(c=8)	weight -0.22347317834547:	Atom[handempty] Num[Not(Or(Exists(on,ontable),Nominal(a)))]
	Feat 3606	(c=8)	weight -0.015940494754803:	Bool[holding] Num[Or(And(Forall(on,<empty>),Nominal(b)),clear)]
	Feat 3624	(c=8)	weight 0.17764666419217:	Bool[holding] Num[Or(Exists(Inverse(on),clear),Nominal(b))]
	Feat 3701	(c=8)	weight -0.21796227796767:	Bool[holding] Bool[Exists(on,And(Not(ontable),Nominal(b)))]
	Feat 3890	(c=7)	weight -2.8369766682982:	Bool[And(clear,Nominal(b))] Bool[And(holding,Nominal(a))]
	Feat 3991	(c=8)	weight 2.2194943401153:	Bool[And(holding,Nominal(a))] Bool[And(Not(holding),Nominal(b))]
	Feat 3993	(c=8)	weight 0.17102260937947:	Bool[And(holding,Nominal(a))] Num[Not(Or(clear,ontable))]
	Feat 3995	(c=8)	weight 0.00010969050430976:	Bool[And(holding,Nominal(a))] Num[Or(Not(Nominal(a)),holding)]
	Feat 4105	(c=8)	weight 0.022069362681764:	Bool[And(holding,Nominal(b))] Num[Forall(Star(on),Nominal(a))]
	Feat 4165	(c=8)	weight 0.35662842743514:	Bool[And(ontable,Nominal(a))] Num[Not(Or(holding,Nominal(b)))]
	Feat 4179	(c=8)	weight 2.2947512959263:	Bool[And(ontable,Nominal(a))] Bool[And(Forall(on,<empty>),Nominal(a))]
	Feat 4192	(c=7)	weight -0.079540714000169:	Bool[And(ontable,Nominal(b))] Num[Or(holding,Nominal(a))]
	Feat 4265	(c=6)	weight -0.011103375507224:	Bool[Exists(on,Nominal(b))] Num[Forall(on,<empty>)]
	Feat 4325	(c=8)	weight -1.9007613709035:	Bool[Exists(on,Nominal(b))] Bool[Exists(Inverse(on),Nominal(b))]
	Feat 4338	(c=6)	weight 0.069464005869931:	Bool[Exists(on,Nominal(a))] Num[Forall(on,<empty>)]
	Feat 4484	(c=8)	weight 0.26943342140072:	Bool[And(Not(clear),Nominal(a))] Num[Or(ontable,Nominal(b))]
	Feat 4549	(c=8)	weight -0.11318675143872:	Bool[And(Not(ontable),Nominal(b))] Num[Or(clear,Nominal(a))]
	Feat 4653	(c=8)	weight 0.24741048508178:	Bool[And(Forall(on,ontable),Nominal(a))] Num[Exists(on,<universe>)]
	Feat 4656	(c=8)	weight -0.7359318601661:	Bool[And(Forall(on,Nominal(b)),Nominal(a))] Num[Not(holding)]
	Feat 4679	(c=8)	weight -0.020470513496988:	Bool[Exists(on,And(ontable,Nominal(b)))] Num[Forall(on,<empty>)]
	Feat 4696	(c=8)	weight -0.078497088611006:	Bool[And(Forall(Star(on),Nominal(a)),Nominal(b))] Num[clear]
Score -4.1284589197721315
Lambda=0.0005193481111571587
	Feat 22	(c=3)	weight -1.9945035959177:	Bool[Exists(on,Nominal(b))]
	Feat 25	(c=3)	weight 0.077309462056944:	Bool[Exists(on,Nominal(a))]
	Feat 45	(c=4)	weight 0.11955963690615:	Bool[And(Forall(on,<empty>),Nominal(b))]
	Feat 49	(c=4)	weight -0.11337943108043:	Num[Not(Or(ontable,Nominal(b)))]
	Feat 204	(c=6)	weight 0.15207746546581:	Num[Or(Not(Nominal(a)),Forall(on,ontable))]
	Feat 248	(c=6)	weight 0.21603583905077:	Num[Or(Exists(Inverse(on),Nominal(b)),Nominal(a))]
	Feat 347	(c=6)	weight 0.42827187911215:	Bool[And(Forall(on,<empty>),And(clear,Nominal(b)))]
	Feat 457	(c=7)	weight 7.9245939549315e-05:	Num[Forall(on,Or(Forall(on,Nominal(a)),Nominal(a)))]
	Feat 473	(c=7)	weight -1.4229118764698:	Bool[And(Forall(on,Exists(on,Nominal(a))),Nominal(b))]
	Feat 485	(c=7)	weight 3.570121731913:	Num[Or(Exists(on,Exists(on,ontable)),Nominal(b))]
	Feat 569	(c=7)	weight -0.37461520795609:	Num[Exists(Star(on),And(Not(Nominal(b)),ontable))]
	Feat 765	(c=7)	weight -0.89800701691666:	Num[Not(And(Forall(Star(on),Nominal(a)),Nominal(b)))]
	Feat 769	(c=7)	weight 0.057598804999677:	Num[Or(And(Or(clear,ontable),Nominal(a)),holding)]
	Feat 918	(c=7)	weight 0.92594437179219:	Num[And(Exists(on,ontable),Or(clear,Nominal(b)))]
	Feat 1078	(c=8)	weight 1.1308241196683:	Num[Or(Exists(on,Forall(Star(on),Nominal(b))),ontable)]
	Feat 1132	(c=8)	weight 0.37238687571904:	Num[And(Forall(Inverse(on),Or(clear,Nominal(b))),ontable)]
	Feat 1145	(c=8)	weight -0.37632556934685:	Num[Or(Forall(Inverse(Star(on)),Not(Nominal(a))),ontable)]
	Feat 1151	(c=8)	weight 1.2209137689345:	Bool[And(Forall(on,Exists(Star(on),Nominal(a))),Nominal(b))]
	Feat 1159	(c=8)	weight -2.2757444023139:	Num[Or(Forall(Star(on),Or(Nominal(a),Nominal(b))),clear)]
	Feat 1210	(c=8)	weight -0.4493147903975:	Num[And(Forall(on,Exists(on,Nominal(a))),Not(Nominal(a)))]
	Feat 1234	(c=8)	weight 0.057393128147141:	Num[And(Not(Or(And(clear,Nominal(a)),Nominal(b))),ontable)]
	Feat 1290	(c=8)	weight 4.4254230320423:	Num[Or(Exists(on,Exists(on,ontable)),Not(Nominal(b)))]
	Feat 1322	(c=8)	weight -0.18124944567115:	Num[Or(And(Forall(on,Nominal(a)),Nominal(b)),Not(clear))]
	Feat 1422	(c=8)	weight -0.62004999108824:	Bool[And(Forall(on,Or(Not(Nominal(b)),ontable)),Nominal(a))]
	Feat 1444	(c=8)	weight -3.1802521176929:	Num[Or(Forall(on,And(Not(Nominal(a)),ontable)),clear)]
	Feat 1450	(c=8)	weight 0.69161320969362:	Bool[And(Exists(on,And(Not(Nominal(a)),ontable)),Nominal(b))]
	Feat 1454	(c=8)	weight 0.25524481527403:	Num[Or(Exists(on,And(Not(Nominal(a)),ontable)),holding)]
	Feat 1604	(c=8)	weight -0.08556615659483:	Num[Or(Forall(on,Forall(on,Not(Nominal(a)))),clear)]
	Feat 1707	(c=8)	weight -0.30034469687424:	Num[Or(Exists(on,Exists(on,Exists(on,<universe>))),Nominal(b))]
	Feat 1718	(c=8)	weight -0.010349574806127:	Num[Exists(on,Exists(on,Forall(on,Exists(on,<universe>))))]
	Feat 1770	(c=8)	weight -1.6495272906809:	Num[Exists(on,Forall(on,Not(And(ontable,Nominal(b)))))]
	Feat 1816	(c=8)	weight 0.13937266194699:	Num[Or(And(Forall(Inverse(on),clear),Nominal(b)),Nominal(a))]
	Feat 1843	(c=8)	weight 0.90361035069798:	Num[Or(And(Not(Nominal(b)),Forall(on,Nominal(b))),clear)]
	Feat 1866	(c=8)	weight 0.60863089738878:	Num[Not(And(Exists(on,Exists(on,Nominal(b))),clear))]
	Feat 2146	(c=8)	weight -0.39515866640882:	Num[Not(And(Forall(on,Nominal(a)),Or(clear,ontable)))]
	Feat 2314	(c=8)	weight 1.165574961562:	Num[Or(Or(Nominal(a),Nominal(b)),Exists(Inverse(on),clear))]
	Feat 2372	(c=8)	weight 0.8354013684498:	Num[Or(And(holding,Nominal(a)),Exists(Star(on),Nominal(a)))]
	Feat 2430	(c=8)	weight 6.1015072494431e-05:	Num[Or(And(Forall(on,<empty>),Nominal(b)),And(clear,Nominal(a)))]
	Feat 2476	(c=8)	weight 0.84888222361425:	Num[Or(And(Not(clear),Nominal(b)),Exists(on,Nominal(a)))]
	Feat 2559	(c=8)	weight 0.038417445325205:	Num[And(Or(Not(Nominal(a)),ontable),Forall(on,ontable))]
	Feat 2677	(c=8)	weight 5.2529209844791:	Bool[And(Or(Not(Nominal(a)),clear),Exists(on,Nominal(b)))]
	Feat 3156	(c=7)	weight 0.015412625965324:	Atom[handempty] Num[Forall(on,Exists(on,ontable))]
	Feat 3244	(c=8)	weight -0.19594510179343:	Atom[handempty] Num[Forall(on,Forall(on,Not(Nominal(b))))]
	Feat 3321	(c=8)	weight -0.23129285899661:	Atom[handempty] Num[Not(Or(Exists(on,ontable),Nominal(a)))]
	Feat 3606	(c=8)	weight -0.018332232244686:	Bool[holding] Num[Or(And(Forall(on,<empty>),Nominal(b)),clear)]
	Feat 3624	(c=8)	weight 0.1869388436163:	Bool[holding] Num[Or(Exists(Inverse(on),clear),Nominal(b))]
	Feat 3701	(c=8)	weight -0.21461346293336:	Bool[holding] Bool[Exists(on,And(Not(ontable),Nominal(b)))]
	Feat 3890	(c=7)	weight -2.851011848088:	Bool[And(clear,Nominal(b))] Bool[And(holding,Nominal(a))]
	Feat 3991	(c=8)	weight 2.1259499919202:	Bool[And(holding,Nominal(a))] Bool[And(Not(holding),Nominal(b))]
	Feat 3993	(c=8)	weight 0.18159624167304:	Bool[And(holding,Nominal(a))] Num[Not(Or(clear,ontable))]
	Feat 4105	(c=8)	weight 0.051080970863815:	Bool[And(holding,Nominal(b))] Num[Forall(Star(on),Nominal(a))]
	Feat 4165	(c=8)	weight 0.34370629612658:	Bool[And(ontable,Nominal(a))] Num[Not(Or(holding,Nominal(b)))]
	Feat 4179	(c=8)	weight 2.3174598892816:	Bool[And(ontable,Nominal(a))] Bool[And(Forall(on,<empty>),Nominal(a))]
	Feat 4192	(c=7)	weight -0.075913099499536:	Bool[And(ontable,Nominal(b))] Num[Or(holding,Nominal(a))]
	Feat 4265	(c=6)	weight -0.011680346013396:	Bool[Exists(on,Nominal(b))] Num[Forall(on,<empty>)]
	Feat 4325	(c=8)	weight -1.9425938166908:	Bool[Exists(on,Nominal(b))] Bool[Exists(Inverse(on),Nominal(b))]
	Feat 4338	(c=6)	weight 0.057429081337537:	Bool[Exists(on,Nominal(a))] Num[Forall(on,<empty>)]
	Feat 4372	(c=8)	weight 2.3731521876268e-05:	Bool[Exists(on,Nominal(a))] Bool[And(Not(clear),Nominal(a))]
	Feat 4484	(c=8)	weight 0.28792147828287:	Bool[And(Not(clear),Nominal(a))] Num[Or(ontable,Nominal(b))]
	Feat 4549	(c=8)	weight -0.15191668674983:	Bool[And(Not(ontable),Nominal(b))] Num[Or(clear,Nominal(a))]
	Feat 4653	(c=8)	weight 0.25387326850703:	Bool[And(Forall(on,ontable),Nominal(a))] Num[Exists(on,<universe>)]
	Feat 4656	(c=8)	weight -0.73172098528907:	Bool[And(Forall(on,Nominal(b)),Nominal(a))] Num[Not(holding)]
	Feat 4679	(c=8)	weight -0.014334892649445:	Bool[Exists(on,And(ontable,Nominal(b)))] Num[Forall(on,<empty>)]
	Feat 4696	(c=8)	weight -0.11745169068247:	Bool[And(Forall(Star(on),Nominal(a)),Nominal(b))] Num[clear]
Score -2.7412553740488224
Lambda=0.00031983960517665595
	Feat 22	(c=3)	weight -1.8983174520683:	Bool[Exists(on,Nominal(b))]
	Feat 25	(c=3)	weight 0.077790606901784:	Bool[Exists(on,Nominal(a))]
	Feat 45	(c=4)	weight 0.053534280866544:	Bool[And(Forall(on,<empty>),Nominal(b))]
	Feat 49	(c=4)	weight -0.17054016035527:	Num[Not(Or(ontable,Nominal(b)))]
	Feat 204	(c=6)	weight 0.14366364794834:	Num[Or(Not(Nominal(a)),Forall(on,ontable))]
	Feat 248	(c=6)	weight 0.20399391768999:	Num[Or(Exists(Inverse(on),Nominal(b)),Nominal(a))]
	Feat 347	(c=6)	weight 0.50234925925172:	Bool[And(Forall(on,<empty>),And(clear,Nominal(b)))]
	Feat 457	(c=7)	weight 0.0001348837020128:	Num[Forall(on,Or(Forall(on,Nominal(a)),Nominal(a)))]
	Feat 473	(c=7)	weight -1.4264937421741:	Bool[And(Forall(on,Exists(on,Nominal(a))),Nominal(b))]
	Feat 485	(c=7)	weight 3.6523258422102:	Num[Or(Exists(on,Exists(on,ontable)),Nominal(b))]
	Feat 569	(c=7)	weight -0.38438401166814:	Num[Exists(Star(on),And(Not(Nominal(b)),ontable))]
	Feat 765	(c=7)	weight -1.033017838899:	Num[Not(And(Forall(Star(on),Nominal(a)),Nominal(b)))]
	Feat 769	(c=7)	weight 0.096883363136661:	Num[Or(And(Or(clear,ontable),Nominal(a)),holding)]
	Feat 918	(c=7)	weight 0.89391396486401:	Num[And(Exists(on,ontable),Or(clear,Nominal(b)))]
	Feat 1078	(c=8)	weight 1.2097763511369:	Num[Or(Exists(on,Forall(Star(on),Nominal(b))),ontable)]
	Feat 1132	(c=8)	weight 0.41290482860628:	Num[And(Forall(Inverse(on),Or(clear,Nominal(b))),ontable)]
	Feat 1145	(c=8)	weight -0.38245107013838:	Num[Or(Forall(Inverse(Star(on)),Not(Nominal(a))),ontable)]
	Feat 1151	(c=8)	weight 1.2202996203319:	Bool[And(Forall(on,Exists(Star(on),Nominal(a))),Nominal(b))]
	Feat 1159	(c=8)	weight -2.3750492112992:	Num[Or(Forall(Star(on),Or(Nominal(a),Nominal(b))),clear)]
	Feat 1210	(c=8)	weight -0.48624951302068:	Num[And(Forall(on,Exists(on,Nominal(a))),Not(Nominal(a)))]
	Feat 1234	(c=8)	weight 0.064028721926292:	Num[And(Not(Or(And(clear,Nominal(a)),Nominal(b))),ontable)]
	Feat 1290	(c=8)	weight 4.5387640650777:	Num[Or(Exists(on,Exists(on,ontable)),Not(Nominal(b)))]
	Feat 1322	(c=8)	weight -0.1993135718262:	Num[Or(And(Forall(on,Nominal(a)),Nominal(b)),Not(clear))]
	Feat 1422	(c=8)	weight -0.59334670990376:	Bool[And(Forall(on,Or(Not(Nominal(b)),ontable)),Nominal(a))]
	Feat 1444	(c=8)	weight -3.2887028999212:	Num[Or(Forall(on,And(Not(Nominal(a)),ontable)),clear)]
	Feat 1450	(c=8)	weight 0.71539346594334:	Bool[And(Exists(on,And(Not(Nominal(a)),ontable)),Nominal(b))]
	Feat 1454	(c=8)	weight 0.32028813755265:	Num[Or(Exists(on,And(Not(Nominal(a)),ontable)),holding)]
	Feat 1604	(c=8)	weight -0.094375275966848:	Num[Or(Forall(on,Forall(on,Not(Nominal(a)))),clear)]
	Feat 1707	(c=8)	weight -0.33498313106891:	Num[Or(Exists(on,Exists(on,Exists(on,<universe>))),Nominal(b))]
	Feat 1718	(c=8)	weight -0.011997786130861:	Num[Exists(on,Exists(on,Forall(on,Exists(on,<universe>))))]
	Feat 1770	(c=8)	weight -1.6508800484215:	Num[Exists(on,Forall(on,Not(And(ontable,Nominal(b)))))]
	Feat 1816	(c=8)	weight 0.19682474302889:	Num[Or(And(Forall(Inverse(on),clear),Nominal(b)),Nominal(a))]
	Feat 1843	(c=8)	weight 0.91664632733902:	Num[Or(And(Not(Nominal(b)),Forall(on,Nominal(b))),clear)]
	Feat 1866	(c=8)	weight 0.61306512483754:	Num[Not(And(Exists(on,Exists(on,Nominal(b))),clear))]
	Feat 2146	(c=8)	weight -0.40581690927456:	Num[Not(And(Forall(on,Nominal(a)),Or(clear,ontable)))]
	Feat 2314	(c=8)	weight 1.2115705594117:	Num[Or(Or(Nominal(a),Nominal(b)),Exists(Inverse(on),clear))]
	Feat 2372	(c=8)	weight 0.83906837898309:	Num[Or(And(holding,Nominal(a)),Exists(Star(on),Nominal(a)))]
	Feat 2430	(c=8)	weight -0.057359436225162:	Num[Or(And(Forall(on,<empty>),Nominal(b)),And(clear,Nominal(a)))]
	Feat 2475	(c=8)	weight -0.00020436504957389:	Num[And(Or(Exists(on,<universe>),Nominal(b)),Or(ontable,Nominal(a)))]
	Feat 2476	(c=8)	weight 0.85921962633115:	Num[Or(And(Not(clear),Nominal(b)),Exists(on,Nominal(a)))]
	Feat 2559	(c=8)	weight 0.042057342241459:	Num[And(Or(Not(Nominal(a)),ontable),Forall(on,ontable))]
	Feat 2677	(c=8)	weight 5.2388986699587:	Bool[And(Or(Not(Nominal(a)),clear),Exists(on,Nominal(b)))]
	Feat 3156	(c=7)	weight 0.022508032907774:	Atom[handempty] Num[Forall(on,Exists(on,ontable))]
	Feat 3244	(c=8)	weight -0.20602260708726:	Atom[handempty] Num[Forall(on,Forall(on,Not(Nominal(b))))]
	Feat 3321	(c=8)	weight -0.23722275027164:	Atom[handempty] Num[Not(Or(Exists(on,ontable),Nominal(a)))]
	Feat 3606	(c=8)	weight -0.018965459062552:	Bool[holding] Num[Or(And(Forall(on,<empty>),Nominal(b)),clear)]
	Feat 3624	(c=8)	weight 0.1935735708346:	Bool[holding] Num[Or(Exists(Inverse(on),clear),Nominal(b))]
	Feat 3701	(c=8)	weight -0.21043874695087:	Bool[holding] Bool[Exists(on,And(Not(ontable),Nominal(b)))]
	Feat 3890	(c=7)	weight -2.858162198976:	Bool[And(clear,Nominal(b))] Bool[And(holding,Nominal(a))]
	Feat 3991	(c=8)	weight 2.0290013788785:	Bool[And(holding,Nominal(a))] Bool[And(Not(holding),Nominal(b))]
	Feat 3993	(c=8)	weight 0.18677594683272:	Bool[And(holding,Nominal(a))] Num[Not(Or(clear,ontable))]
	Feat 4105	(c=8)	weight 0.073273500565422:	Bool[And(holding,Nominal(b))] Num[Forall(Star(on),Nominal(a))]
	Feat 4165	(c=8)	weight 0.33254452113213:	Bool[And(ontable,Nominal(a))] Num[Not(Or(holding,Nominal(b)))]
	Feat 4179	(c=8)	weight 2.3287772361316:	Bool[And(ontable,Nominal(a))] Bool[And(Forall(on,<empty>),Nominal(a))]
	Feat 4192	(c=7)	weight -0.071210113812071:	Bool[And(ontable,Nominal(b))] Num[Or(holding,Nominal(a))]
	Feat 4265	(c=6)	weight -0.012029262290667:	Bool[Exists(on,Nominal(b))] Num[Forall(on,<empty>)]
	Feat 4325	(c=8)	weight -1.992388727525:	Bool[Exists(on,Nominal(b))] Bool[Exists(Inverse(on),Nominal(b))]
	Feat 4338	(c=6)	weight 0.049703568736568:	Bool[Exists(on,Nominal(a))] Num[Forall(on,<empty>)]
	Feat 4372	(c=8)	weight 0.016131310878082:	Bool[Exists(on,Nominal(a))] Bool[And(Not(clear),Nominal(a))]
	Feat 4462	(c=8)	weight -0.00015954837311683:	Bool[And(Forall(on,<empty>),Nominal(b))] Num[Or(holding,Nominal(a))]
	Feat 4484	(c=8)	weight 0.29755645525201:	Bool[And(Not(clear),Nominal(a))] Num[Or(ontable,Nominal(b))]
	Feat 4549	(c=8)	weight -0.1785532985276:	Bool[And(Not(ontable),Nominal(b))] Num[Or(clear,Nominal(a))]
	Feat 4653	(c=8)	weight 0.25909537692387:	Bool[And(Forall(on,ontable),Nominal(a))] Num[Exists(on,<universe>)]
	Feat 4656	(c=8)	weight -0.72869009813884:	Bool[And(Forall(on,Nominal(b)),Nominal(a))] Num[Not(holding)]
	Feat 4679	(c=8)	weight -0.010542190067872:	Bool[Exists(on,And(ontable,Nominal(b)))] Num[Forall(on,<empty>)]
	Feat 4696	(c=8)	weight -0.14363541155773:	Bool[And(Forall(Star(on),Nominal(a)),Nominal(b))] Num[clear]
Score -1.8804846357925706
Lambda=0.00019697264867610777
	Feat 22	(c=3)	weight -1.8310534610229:	Bool[Exists(on,Nominal(b))]
	Feat 25	(c=3)	weight 0.07818803896415:	Bool[Exists(on,Nominal(a))]
	Feat 45	(c=4)	weight 0.019522205387965:	Bool[And(Forall(on,<empty>),Nominal(b))]
	Feat 49	(c=4)	weight -0.21272864154925:	Num[Not(Or(ontable,Nominal(b)))]
	Feat 204	(c=6)	weight 0.13916127456781:	Num[Or(Not(Nominal(a)),Forall(on,ontable))]
	Feat 248	(c=6)	weight 0.19625491122958:	Num[Or(Exists(Inverse(on),Nominal(b)),Nominal(a))]
	Feat 347	(c=6)	weight 0.55233330911615:	Bool[And(Forall(on,<empty>),And(clear,Nominal(b)))]
	Feat 457	(c=7)	weight 0.00014940013561057:	Num[Forall(on,Or(Forall(on,Nominal(a)),Nominal(a)))]
	Feat 473	(c=7)	weight -1.4285709378823:	Bool[And(Forall(on,Exists(on,Nominal(a))),Nominal(b))]
	Feat 485	(c=7)	weight 3.7088979817847:	Num[Or(Exists(on,Exists(on,ontable)),Nominal(b))]
	Feat 569	(c=7)	weight -0.39026725955398:	Num[Exists(Star(on),And(Not(Nominal(b)),ontable))]
	Feat 689	(c=7)	weight 0.0052109412466044:	Num[Or(Forall(on,Or(ontable,Nominal(b))),Nominal(b))]
	Feat 765	(c=7)	weight -1.116623903152:	Num[Not(And(Forall(Star(on),Nominal(a)),Nominal(b)))]
	Feat 769	(c=7)	weight 0.12424599452824:	Num[Or(And(Or(clear,ontable),Nominal(a)),holding)]
	Feat 918	(c=7)	weight 0.8708903870108:	Num[And(Exists(on,ontable),Or(clear,Nominal(b)))]
	Feat 1078	(c=8)	weight 1.2553759194074:	Num[Or(Exists(on,Forall(Star(on),Nominal(b))),ontable)]
	Feat 1132	(c=8)	weight 0.44116419064507:	Num[And(Forall(Inverse(on),Or(clear,Nominal(b))),ontable)]
	Feat 1145	(c=8)	weight -0.38599602295076:	Num[Or(Forall(Inverse(Star(on)),Not(Nominal(a))),ontable)]
	Feat 1151	(c=8)	weight 1.2186199879206:	Bool[And(Forall(on,Exists(Star(on),Nominal(a))),Nominal(b))]
	Feat 1159	(c=8)	weight -2.4352972424144:	Num[Or(Forall(Star(on),Or(Nominal(a),Nominal(b))),clear)]
	Feat 1210	(c=8)	weight -0.51537349056086:	Num[And(Forall(on,Exists(on,Nominal(a))),Not(Nominal(a)))]
	Feat 1234	(c=8)	weight 0.062405787945634:	Num[And(Not(Or(And(clear,Nominal(a)),Nominal(b))),ontable)]
	Feat 1290	(c=8)	weight 4.6099672564501:	Num[Or(Exists(on,Exists(on,ontable)),Not(Nominal(b)))]
	Feat 1322	(c=8)	weight -0.21197588778303:	Num[Or(And(Forall(on,Nominal(a)),Nominal(b)),Not(clear))]
	Feat 1422	(c=8)	weight -0.57639221200455:	Bool[And(Forall(on,Or(Not(Nominal(b)),ontable)),Nominal(a))]
	Feat 1444	(c=8)	weight -3.3575213241738:	Num[Or(Forall(on,And(Not(Nominal(a)),ontable)),clear)]
	Feat 1450	(c=8)	weight 0.73027365444582:	Bool[And(Exists(on,And(Not(Nominal(a)),ontable)),Nominal(b))]
	Feat 1454	(c=8)	weight 0.35967091780517:	Num[Or(Exists(on,And(Not(Nominal(a)),ontable)),holding)]
	Feat 1604	(c=8)	weight -0.099264602955046:	Num[Or(Forall(on,Forall(on,Not(Nominal(a)))),clear)]
	Feat 1707	(c=8)	weight -0.35241813524693:	Num[Or(Exists(on,Exists(on,Exists(on,<universe>))),Nominal(b))]
	Feat 1718	(c=8)	weight -0.013187606627971:	Num[Exists(on,Exists(on,Forall(on,Exists(on,<universe>))))]
	Feat 1770	(c=8)	weight -1.6530540724881:	Num[Exists(on,Forall(on,Not(And(ontable,Nominal(b)))))]
	Feat 1816	(c=8)	weight 0.23815983687603:	Num[Or(And(Forall(Inverse(on),clear),Nominal(b)),Nominal(a))]
	Feat 1843	(c=8)	weight 0.92564729884427:	Num[Or(And(Not(Nominal(b)),Forall(on,Nominal(b))),clear)]
	Feat 1866	(c=8)	weight 0.61597158886414:	Num[Not(And(Exists(on,Exists(on,Nominal(b))),clear))]
	Feat 2146	(c=8)	weight -0.41292718745941:	Num[Not(And(Forall(on,Nominal(a)),Or(clear,ontable)))]
	Feat 2286	(c=8)	weight -0.00018209838197588:	Num[And(Not(Nominal(a)),Forall(Inverse(Star(on)),Nominal(b)))]
	Feat 2314	(c=8)	weight 1.2455053922139:	Num[Or(Or(Nominal(a),Nominal(b)),Exists(Inverse(on),clear))]
	Feat 2372	(c=8)	weight 0.84166574565215:	Num[Or(And(holding,Nominal(a)),Exists(Star(on),Nominal(a)))]
	Feat 2430	(c=8)	weight -0.10196924039486:	Num[Or(And(Forall(on,<empty>),Nominal(b)),And(clear,Nominal(a)))]
	Feat 2475	(c=8)	weight 0.0063884090987483:	Num[And(Or(Exists(on,<universe>),Nominal(b)),Or(ontable,Nominal(a)))]
	Feat 2476	(c=8)	weight 0.86674570182722:	Num[Or(And(Not(clear),Nominal(b)),Exists(on,Nominal(a)))]
	Feat 2559	(c=8)	weight 0.044427808735036:	Num[And(Or(Not(Nominal(a)),ontable),Forall(on,ontable))]
	Feat 2677	(c=8)	weight 5.2302990187509:	Bool[And(Or(Not(Nominal(a)),clear),Exists(on,Nominal(b)))]
	Feat 3156	(c=7)	weight 0.026284432083212:	Atom[handempty] Num[Forall(on,Exists(on,ontable))]
	Feat 3187	(c=8)	weight 1.2034272854635e-05:	Atom[handempty] Num[Or(Not(ontable),Or(clear,Nominal(a)))]
	Feat 3244	(c=8)	weight -0.21204342469245:	Atom[handempty] Num[Forall(on,Forall(on,Not(Nominal(b))))]
	Feat 3321	(c=8)	weight -0.24150827993088:	Atom[handempty] Num[Not(Or(Exists(on,ontable),Nominal(a)))]
	Feat 3606	(c=8)	weight -0.019643297644102:	Bool[holding] Num[Or(And(Forall(on,<empty>),Nominal(b)),clear)]
	Feat 3624	(c=8)	weight 0.19765465005574:	Bool[holding] Num[Or(Exists(Inverse(on),clear),Nominal(b))]
	Feat 3701	(c=8)	weight -0.20979268422434:	Bool[holding] Bool[Exists(on,And(Not(ontable),Nominal(b)))]
	Feat 3890	(c=7)	weight -2.8638643282515:	Bool[And(clear,Nominal(b))] Bool[And(holding,Nominal(a))]
	Feat 3991	(c=8)	weight 1.9568846685433:	Bool[And(holding,Nominal(a))] Bool[And(Not(holding),Nominal(b))]
	Feat 3993	(c=8)	weight 0.19066973043699:	Bool[And(holding,Nominal(a))] Num[Not(Or(clear,ontable))]
	Feat 4105	(c=8)	weight 0.087529078904008:	Bool[And(holding,Nominal(b))] Num[Forall(Star(on),Nominal(a))]
	Feat 4165	(c=8)	weight 0.32540633620899:	Bool[And(ontable,Nominal(a))] Num[Not(Or(holding,Nominal(b)))]
	Feat 4179	(c=8)	weight 2.3311958824591:	Bool[And(ontable,Nominal(a))] Bool[And(Forall(on,<empty>),Nominal(a))]
	Feat 4192	(c=7)	weight -0.069465899304495:	Bool[And(ontable,Nominal(b))] Num[Or(holding,Nominal(a))]
	Feat 4265	(c=6)	weight -0.011994872405641:	Bool[Exists(on,Nominal(b))] Num[Forall(on,<empty>)]
	Feat 4325	(c=8)	weight -2.032036913904:	Bool[Exists(on,Nominal(b))] Bool[Exists(Inverse(on),Nominal(b))]
	Feat 4338	(c=6)	weight 0.044153078893851:	Bool[Exists(on,Nominal(a))] Num[Forall(on,<empty>)]
	Feat 4372	(c=8)	weight 0.023252955534465:	Bool[Exists(on,Nominal(a))] Bool[And(Not(clear),Nominal(a))]
	Feat 4462	(c=8)	weight -0.00030319569658937:	Bool[And(Forall(on,<empty>),Nominal(b))] Num[Or(holding,Nominal(a))]
	Feat 4484	(c=8)	weight 0.3044186283238:	Bool[And(Not(clear),Nominal(a))] Num[Or(ontable,Nominal(b))]
	Feat 4549	(c=8)	weight -0.19422513826482:	Bool[And(Not(ontable),Nominal(b))] Num[Or(clear,Nominal(a))]
	Feat 4653	(c=8)	weight 0.26216950147504:	Bool[And(Forall(on,ontable),Nominal(a))] Num[Exists(on,<universe>)]
	Feat 4656	(c=8)	weight -0.72681869771107:	Bool[And(Forall(on,Nominal(b)),Nominal(a))] Num[Not(holding)]
	Feat 4679	(c=8)	weight -0.0083858658468335:	Bool[Exists(on,And(ontable,Nominal(b)))] Num[Forall(on,<empty>)]
	Feat 4696	(c=8)	weight -0.15978005379524:	Bool[And(Forall(Star(on),Nominal(a)),Nominal(b))] Num[clear]
Score -1.4366286678399893
