Considering 80 features
Lasso Method
----------

Lambda=1.9697264867610762
Score 1.1102230246251565e-16
Lambda=1.2130525331611781
	Feat 1422	(c=8)	weight 1.2597837619116:	Bool[And(Forall(on,Or(Not(Nominal(b)),ontable)),Nominal(a))]
	Feat 1444	(c=8)	weight -0.22902646747304:	Num[Or(Forall(on,And(Not(Nominal(a)),ontable)),clear)]
	Feat 2372	(c=8)	weight 0.39021340056573:	Num[Or(And(holding,Nominal(a)),Exists(Star(on),Nominal(a)))]
	Feat 2677	(c=8)	weight 0.8369705003211:	Bool[And(Or(Not(Nominal(a)),clear),Exists(on,Nominal(b)))]
Score -0.06251560614706397
Lambda=0.7470562324764233
	Feat 689	(c=7)	weight -0.022175958727561:	Num[Or(Forall(on,Or(ontable,Nominal(b))),Nominal(b))]
	Feat 1422	(c=8)	weight 3.134871193897:	Bool[And(Forall(on,Or(Not(Nominal(b)),ontable)),Nominal(a))]
	Feat 1444	(c=8)	weight -0.41065302279059:	Num[Or(Forall(on,And(Not(Nominal(a)),ontable)),clear)]
	Feat 2372	(c=8)	weight 0.59275279632192:	Num[Or(And(holding,Nominal(a)),Exists(Star(on),Nominal(a)))]
	Feat 2677	(c=8)	weight 1.6632028218317:	Bool[And(Or(Not(Nominal(a)),clear),Exists(on,Nominal(b)))]
Score -0.39825843684920414
Lambda=0.4600732443363308
	Feat 25	(c=3)	weight 0.1169563898503:	Bool[Exists(on,Nominal(a))]
	Feat 689	(c=7)	weight -0.17305123511826:	Num[Or(Forall(on,Or(ontable,Nominal(b))),Nominal(b))]
	Feat 1422	(c=8)	weight 4.2755558002291:	Bool[And(Forall(on,Or(Not(Nominal(b)),ontable)),Nominal(a))]
	Feat 1444	(c=8)	weight -0.39185381583264:	Num[Or(Forall(on,And(Not(Nominal(a)),ontable)),clear)]
	Feat 1816	(c=8)	weight -0.26279085905692:	Num[Or(And(Forall(Inverse(on),clear),Nominal(b)),Nominal(a))]
	Feat 2372	(c=8)	weight 0.70675765407693:	Num[Or(And(holding,Nominal(a)),Exists(Star(on),Nominal(a)))]
	Feat 2476	(c=8)	weight 0.032693872977267:	Num[Or(And(Not(clear),Nominal(b)),Exists(on,Nominal(a)))]
	Feat 2677	(c=8)	weight 2.1005242787747:	Bool[And(Or(Not(Nominal(a)),clear),Exists(on,Nominal(b)))]
	Feat 3890	(c=7)	weight -0.4110520708235:	Bool[And(clear,Nominal(b))] Bool[And(holding,Nominal(a))]
	Feat 4179	(c=8)	weight 0.033680997754692:	Bool[And(ontable,Nominal(a))] Bool[And(Forall(on,<empty>),Nominal(a))]
Score -0.5729797745088896
Lambda=0.2833352844838722
	Feat 689	(c=7)	weight -0.37092884330198:	Num[Or(Forall(on,Or(ontable,Nominal(b))),Nominal(b))]
	Feat 1422	(c=8)	weight 3.7264871934345:	Bool[And(Forall(on,Or(Not(Nominal(b)),ontable)),Nominal(a))]
	Feat 1444	(c=8)	weight -0.29139871263306:	Num[Or(Forall(on,And(Not(Nominal(a)),ontable)),clear)]
	Feat 1816	(c=8)	weight -0.57459911017677:	Num[Or(And(Forall(Inverse(on),clear),Nominal(b)),Nominal(a))]
	Feat 2372	(c=8)	weight 0.79090153278151:	Num[Or(And(holding,Nominal(a)),Exists(Star(on),Nominal(a)))]
	Feat 2677	(c=8)	weight 2.4184384944571:	Bool[And(Or(Not(Nominal(a)),clear),Exists(on,Nominal(b)))]
	Feat 3156	(c=7)	weight -0.047224632999386:	Atom[handempty] Num[Forall(on,Exists(on,ontable))]
	Feat 3890	(c=7)	weight -0.28617087834689:	Bool[And(clear,Nominal(b))] Bool[And(holding,Nominal(a))]
	Feat 4179	(c=8)	weight 1.4591825640737:	Bool[And(ontable,Nominal(a))] Bool[And(Forall(on,<empty>),Nominal(a))]
	Feat 4338	(c=6)	weight 0.079125398866139:	Bool[Exists(on,Nominal(a))] Num[Forall(on,<empty>)]
	Feat 4656	(c=8)	weight -0.18137004823631:	Bool[And(Forall(on,Nominal(b)),Nominal(a))] Num[Not(holding)]
Score -0.13137728043886998
Lambda=0.17449152808127635
	Feat 569	(c=7)	weight -0.00056543532723012:	Num[Exists(Star(on),And(Not(Nominal(b)),ontable))]
	Feat 689	(c=7)	weight -0.50316285949472:	Num[Or(Forall(on,Or(ontable,Nominal(b))),Nominal(b))]
	Feat 1151	(c=8)	weight 0.14536848586434:	Bool[And(Forall(on,Exists(Star(on),Nominal(a))),Nominal(b))]
	Feat 1422	(c=8)	weight 2.8800967389335:	Bool[And(Forall(on,Or(Not(Nominal(b)),ontable)),Nominal(a))]
	Feat 1444	(c=8)	weight -0.26379253100996:	Num[Or(Forall(on,And(Not(Nominal(a)),ontable)),clear)]
	Feat 1816	(c=8)	weight -0.77680727290232:	Num[Or(And(Forall(Inverse(on),clear),Nominal(b)),Nominal(a))]
	Feat 2372	(c=8)	weight 0.77871465746801:	Num[Or(And(holding,Nominal(a)),Exists(Star(on),Nominal(a)))]
	Feat 2677	(c=8)	weight 2.6445913019212:	Bool[And(Or(Not(Nominal(a)),clear),Exists(on,Nominal(b)))]
	Feat 3156	(c=7)	weight -0.047056986692827:	Atom[handempty] Num[Forall(on,Exists(on,ontable))]
	Feat 3244	(c=8)	weight -0.025428680719822:	Atom[handempty] Num[Forall(on,Forall(on,Not(Nominal(b))))]
	Feat 3624	(c=8)	weight 0.06857910769649:	Bool[holding] Num[Or(Exists(Inverse(on),clear),Nominal(b))]
	Feat 3890	(c=7)	weight -0.25215506364433:	Bool[And(clear,Nominal(b))] Bool[And(holding,Nominal(a))]
	Feat 3993	(c=8)	weight 0.0021444612495619:	Bool[And(holding,Nominal(a))] Num[Not(Or(clear,ontable))]
	Feat 4179	(c=8)	weight 2.8015291427968:	Bool[And(ontable,Nominal(a))] Bool[And(Forall(on,<empty>),Nominal(a))]
	Feat 4484	(c=8)	weight 0.14931278679037:	Bool[And(Not(clear),Nominal(a))] Num[Or(ontable,Nominal(b))]
	Feat 4656	(c=8)	weight -0.36723430052981:	Bool[And(Forall(on,Nominal(b)),Nominal(a))] Num[Not(holding)]
Score 0.007644584043181912
Lambda=0.10746029541503134
	Feat 248	(c=6)	weight 0.19036231982818:	Num[Or(Exists(Inverse(on),Nominal(b)),Nominal(a))]
	Feat 569	(c=7)	weight -0.12405463260474:	Num[Exists(Star(on),And(Not(Nominal(b)),ontable))]
	Feat 689	(c=7)	weight -0.54058472928191:	Num[Or(Forall(on,Or(ontable,Nominal(b))),Nominal(b))]
	Feat 769	(c=7)	weight 0.1794739478784:	Num[Or(And(Or(clear,ontable),Nominal(a)),holding)]
	Feat 1151	(c=8)	weight 0.37125677547737:	Bool[And(Forall(on,Exists(Star(on),Nominal(a))),Nominal(b))]
	Feat 1422	(c=8)	weight 1.4521940063159:	Bool[And(Forall(on,Or(Not(Nominal(b)),ontable)),Nominal(a))]
	Feat 1444	(c=8)	weight -0.31447549240944:	Num[Or(Forall(on,And(Not(Nominal(a)),ontable)),clear)]
	Feat 1450	(c=8)	weight 0.12093110673187:	Bool[And(Exists(on,And(Not(Nominal(a)),ontable)),Nominal(b))]
	Feat 1816	(c=8)	weight -1.0056947892537:	Num[Or(And(Forall(Inverse(on),clear),Nominal(b)),Nominal(a))]
	Feat 1866	(c=8)	weight 0.075971472889587:	Num[Not(And(Exists(on,Exists(on,Nominal(b))),clear))]
	Feat 2372	(c=8)	weight 0.79049619057581:	Num[Or(And(holding,Nominal(a)),Exists(Star(on),Nominal(a)))]
	Feat 2643	(c=8)	weight 0.24399223665645:	Bool[And(And(Not(ontable),Nominal(b)),Forall(Inverse(on),<empty>))]
	Feat 2677	(c=8)	weight 3.1685064563712:	Bool[And(Or(Not(Nominal(a)),clear),Exists(on,Nominal(b)))]
	Feat 2746	(c=8)	weight 0.17674147603499:	Bool[And(Forall(on,Not(Nominal(a))),And(clear,Nominal(b)))]
	Feat 3244	(c=8)	weight -0.003801030848428:	Atom[handempty] Num[Forall(on,Forall(on,Not(Nominal(b))))]
	Feat 3624	(c=8)	weight 0.17155379952746:	Bool[holding] Num[Or(Exists(Inverse(on),clear),Nominal(b))]
	Feat 3890	(c=7)	weight -0.95804793778657:	Bool[And(clear,Nominal(b))] Bool[And(holding,Nominal(a))]
	Feat 3991	(c=8)	weight 0.30256894278812:	Bool[And(holding,Nominal(a))] Bool[And(Not(holding),Nominal(b))]
	Feat 3993	(c=8)	weight 0.33938816180837:	Bool[And(holding,Nominal(a))] Num[Not(Or(clear,ontable))]
	Feat 3995	(c=8)	weight 0.0036239466575021:	Bool[And(holding,Nominal(a))] Num[Or(Not(Nominal(a)),holding)]
	Feat 4165	(c=8)	weight 0.11982390246725:	Bool[And(ontable,Nominal(a))] Num[Not(Or(holding,Nominal(b)))]
	Feat 4179	(c=8)	weight 3.3043490463989:	Bool[And(ontable,Nominal(a))] Bool[And(Forall(on,<empty>),Nominal(a))]
	Feat 4265	(c=6)	weight -0.086906721475427:	Bool[Exists(on,Nominal(b))] Num[Forall(on,<empty>)]
	Feat 4325	(c=8)	weight -0.068652601641812:	Bool[Exists(on,Nominal(b))] Bool[Exists(Inverse(on),Nominal(b))]
	Feat 4484	(c=8)	weight 0.25564118071677:	Bool[And(Not(clear),Nominal(a))] Num[Or(ontable,Nominal(b))]
	Feat 4656	(c=8)	weight -0.56617408223696:	Bool[And(Forall(on,Nominal(b)),Nominal(a))] Num[Not(holding)]
Score -0.07657124697191509
Lambda=0.06617923069197378
	Feat 22	(c=3)	weight -1.290236448741:	Bool[Exists(on,Nominal(b))]
	Feat 248	(c=6)	weight 0.53087524787407:	Num[Or(Exists(Inverse(on),Nominal(b)),Nominal(a))]
	Feat 569	(c=7)	weight -0.20366104540029:	Num[Exists(Star(on),And(Not(Nominal(b)),ontable))]
	Feat 689	(c=7)	weight -0.48843907498759:	Num[Or(Forall(on,Or(ontable,Nominal(b))),Nominal(b))]
	Feat 769	(c=7)	weight 0.25816952442066:	Num[Or(And(Or(clear,ontable),Nominal(a)),holding)]
	Feat 1151	(c=8)	weight 0.46498854124003:	Bool[And(Forall(on,Exists(Star(on),Nominal(a))),Nominal(b))]
	Feat 1290	(c=8)	weight 0.021317299035607:	Num[Or(Exists(on,Exists(on,ontable)),Not(Nominal(b)))]
	Feat 1322	(c=8)	weight 0.068456642763808:	Num[Or(And(Forall(on,Nominal(a)),Nominal(b)),Not(clear))]
	Feat 1422	(c=8)	weight 0.29366743459373:	Bool[And(Forall(on,Or(Not(Nominal(b)),ontable)),Nominal(a))]
	Feat 1444	(c=8)	weight -0.40264605396477:	Num[Or(Forall(on,And(Not(Nominal(a)),ontable)),clear)]
	Feat 1450	(c=8)	weight 0.31199015358938:	Bool[And(Exists(on,And(Not(Nominal(a)),ontable)),Nominal(b))]
	Feat 1816	(c=8)	weight -1.4166902762257:	Num[Or(And(Forall(Inverse(on),clear),Nominal(b)),Nominal(a))]
	Feat 1866	(c=8)	weight 0.28366724710453:	Num[Not(And(Exists(on,Exists(on,Nominal(b))),clear))]
	Feat 2314	(c=8)	weight 0.026060597733627:	Num[Or(Or(Nominal(a),Nominal(b)),Exists(Inverse(on),clear))]
	Feat 2372	(c=8)	weight 0.78528444259359:	Num[Or(And(holding,Nominal(a)),Exists(Star(on),Nominal(a)))]
	Feat 2677	(c=8)	weight 4.0477841914927:	Bool[And(Or(Not(Nominal(a)),clear),Exists(on,Nominal(b)))]
	Feat 3624	(c=8)	weight 0.15276272203288:	Bool[holding] Num[Or(Exists(Inverse(on),clear),Nominal(b))]
	Feat 3642	(c=8)	weight 0.0051573586521229:	Bool[holding] Num[Forall(on,Not(Or(ontable,Nominal(b))))]
	Feat 3890	(c=7)	weight -1.689016583458:	Bool[And(clear,Nominal(b))] Bool[And(holding,Nominal(a))]
	Feat 3991	(c=8)	weight 1.3657636618445:	Bool[And(holding,Nominal(a))] Bool[And(Not(holding),Nominal(b))]
	Feat 3993	(c=8)	weight 0.25322681549846:	Bool[And(holding,Nominal(a))] Num[Not(Or(clear,ontable))]
	Feat 3995	(c=8)	weight 0.0044391780226507:	Bool[And(holding,Nominal(a))] Num[Or(Not(Nominal(a)),holding)]
	Feat 4165	(c=8)	weight 0.24394343899957:	Bool[And(ontable,Nominal(a))] Num[Not(Or(holding,Nominal(b)))]
	Feat 4179	(c=8)	weight 3.1519164957238:	Bool[And(ontable,Nominal(a))] Bool[And(Forall(on,<empty>),Nominal(a))]
	Feat 4265	(c=6)	weight -0.056755109263443:	Bool[Exists(on,Nominal(b))] Num[Forall(on,<empty>)]
	Feat 4325	(c=8)	weight -0.47293654421579:	Bool[Exists(on,Nominal(b))] Bool[Exists(Inverse(on),Nominal(b))]
	Feat 4484	(c=8)	weight 0.32945368367115:	Bool[And(Not(clear),Nominal(a))] Num[Or(ontable,Nominal(b))]
	Feat 4653	(c=8)	weight 0.048179781861603:	Bool[And(Forall(on,ontable),Nominal(a))] Num[Exists(on,<universe>)]
	Feat 4656	(c=8)	weight -0.67343468408179:	Bool[And(Forall(on,Nominal(b)),Nominal(a))] Num[Not(holding)]
Score -0.07871909278099776
Lambda=0.040756360831377916
	Feat 22	(c=3)	weight -2.2431250522835:	Bool[Exists(on,Nominal(b))]
	Feat 248	(c=6)	weight 0.55220873890378:	Num[Or(Exists(Inverse(on),Nominal(b)),Nominal(a))]
	Feat 473	(c=7)	weight -0.23472183795926:	Bool[And(Forall(on,Exists(on,Nominal(a))),Nominal(b))]
	Feat 569	(c=7)	weight -0.28372984329603:	Num[Exists(Star(on),And(Not(Nominal(b)),ontable))]
	Feat 689	(c=7)	weight -0.41739073619199:	Num[Or(Forall(on,Or(ontable,Nominal(b))),Nominal(b))]
	Feat 769	(c=7)	weight 0.29808129053013:	Num[Or(And(Or(clear,ontable),Nominal(a)),holding)]
	Feat 1151	(c=8)	weight 0.79446192056929:	Bool[And(Forall(on,Exists(Star(on),Nominal(a))),Nominal(b))]
	Feat 1290	(c=8)	weight 0.21418813823925:	Num[Or(Exists(on,Exists(on,ontable)),Not(Nominal(b)))]
	Feat 1322	(c=8)	weight 0.20887018287874:	Num[Or(And(Forall(on,Nominal(a)),Nominal(b)),Not(clear))]
	Feat 1444	(c=8)	weight -0.47337981064091:	Num[Or(Forall(on,And(Not(Nominal(a)),ontable)),clear)]
	Feat 1450	(c=8)	weight 0.59042806456932:	Bool[And(Exists(on,And(Not(Nominal(a)),ontable)),Nominal(b))]
	Feat 1816	(c=8)	weight -1.6481799308553:	Num[Or(And(Forall(Inverse(on),clear),Nominal(b)),Nominal(a))]
	Feat 1866	(c=8)	weight 0.38130240828391:	Num[Not(And(Exists(on,Exists(on,Nominal(b))),clear))]
	Feat 2314	(c=8)	weight 0.056301086270069:	Num[Or(Or(Nominal(a),Nominal(b)),Exists(Inverse(on),clear))]
	Feat 2372	(c=8)	weight 0.74635017947726:	Num[Or(And(holding,Nominal(a)),Exists(Star(on),Nominal(a)))]
	Feat 2476	(c=8)	weight 0.085970119751617:	Num[Or(And(Not(clear),Nominal(b)),Exists(on,Nominal(a)))]
	Feat 2677	(c=8)	weight 4.6518469946921:	Bool[And(Or(Not(Nominal(a)),clear),Exists(on,Nominal(b)))]
	Feat 3624	(c=8)	weight 0.10941758058075:	Bool[holding] Num[Or(Exists(Inverse(on),clear),Nominal(b))]
	Feat 3642	(c=8)	weight 0.0065123470340519:	Bool[holding] Num[Forall(on,Not(Or(ontable,Nominal(b))))]
	Feat 3890	(c=7)	weight -2.0939528997672:	Bool[And(clear,Nominal(b))] Bool[And(holding,Nominal(a))]
	Feat 3991	(c=8)	weight 1.8817323647095:	Bool[And(holding,Nominal(a))] Bool[And(Not(holding),Nominal(b))]
	Feat 3993	(c=8)	weight 0.18879716151083:	Bool[And(holding,Nominal(a))] Num[Not(Or(clear,ontable))]
	Feat 3995	(c=8)	weight 0.004276305158991:	Bool[And(holding,Nominal(a))] Num[Or(Not(Nominal(a)),holding)]
	Feat 4165	(c=8)	weight 0.29558128490679:	Bool[And(ontable,Nominal(a))] Num[Not(Or(holding,Nominal(b)))]
	Feat 4179	(c=8)	weight 2.9364514469029:	Bool[And(ontable,Nominal(a))] Bool[And(Forall(on,<empty>),Nominal(a))]
	Feat 4265	(c=6)	weight -0.0089407982702392:	Bool[Exists(on,Nominal(b))] Num[Forall(on,<empty>)]
	Feat 4325	(c=8)	weight -0.53565744946331:	Bool[Exists(on,Nominal(b))] Bool[Exists(Inverse(on),Nominal(b))]
	Feat 4338	(c=6)	weight 0.0026297327716766:	Bool[Exists(on,Nominal(a))] Num[Forall(on,<empty>)]
	Feat 4484	(c=8)	weight 0.35742879910298:	Bool[And(Not(clear),Nominal(a))] Num[Or(ontable,Nominal(b))]
	Feat 4653	(c=8)	weight 0.066438236069365:	Bool[And(Forall(on,ontable),Nominal(a))] Num[Exists(on,<universe>)]
	Feat 4656	(c=8)	weight -0.69190230182593:	Bool[And(Forall(on,Nominal(b)),Nominal(a))] Num[Not(holding)]
Score -0.02498265753877371
Lambda=0.025099731907565554
	Feat 22	(c=3)	weight -2.8439884160973:	Bool[Exists(on,Nominal(b))]
	Feat 204	(c=6)	weight 0.085447884825698:	Num[Or(Not(Nominal(a)),Forall(on,ontable))]
	Feat 248	(c=6)	weight 0.29848540793371:	Num[Or(Exists(Inverse(on),Nominal(b)),Nominal(a))]
	Feat 473	(c=7)	weight -0.83247984795008:	Bool[And(Forall(on,Exists(on,Nominal(a))),Nominal(b))]
	Feat 569	(c=7)	weight -0.32478677644339:	Num[Exists(Star(on),And(Not(Nominal(b)),ontable))]
	Feat 689	(c=7)	weight -0.34137180627799:	Num[Or(Forall(on,Or(ontable,Nominal(b))),Nominal(b))]
	Feat 769	(c=7)	weight 0.22983123661313:	Num[Or(And(Or(clear,ontable),Nominal(a)),holding)]
	Feat 1145	(c=8)	weight -0.09728352231936:	Num[Or(Forall(Inverse(Star(on)),Not(Nominal(a))),ontable)]
	Feat 1151	(c=8)	weight 1.2269635716016:	Bool[And(Forall(on,Exists(Star(on),Nominal(a))),Nominal(b))]
	Feat 1290	(c=8)	weight 0.36060875179839:	Num[Or(Exists(on,Exists(on,ontable)),Not(Nominal(b)))]
	Feat 1322	(c=8)	weight 0.25795798710675:	Num[Or(And(Forall(on,Nominal(a)),Nominal(b)),Not(clear))]
	Feat 1422	(c=8)	weight -0.10549453094435:	Bool[And(Forall(on,Or(Not(Nominal(b)),ontable)),Nominal(a))]
	Feat 1444	(c=8)	weight -0.46945184081747:	Num[Or(Forall(on,And(Not(Nominal(a)),ontable)),clear)]
	Feat 1450	(c=8)	weight 0.77555031174015:	Bool[And(Exists(on,And(Not(Nominal(a)),ontable)),Nominal(b))]
	Feat 1454	(c=8)	weight -0.11394858071605:	Num[Or(Exists(on,And(Not(Nominal(a)),ontable)),holding)]
	Feat 1816	(c=8)	weight -1.7267689973153:	Num[Or(And(Forall(Inverse(on),clear),Nominal(b)),Nominal(a))]
	Feat 1866	(c=8)	weight 0.4521725970257:	Num[Not(And(Exists(on,Exists(on,Nominal(b))),clear))]
	Feat 2314	(c=8)	weight 0.18121377219424:	Num[Or(Or(Nominal(a),Nominal(b)),Exists(Inverse(on),clear))]
	Feat 2372	(c=8)	weight 0.70143358159762:	Num[Or(And(holding,Nominal(a)),Exists(Star(on),Nominal(a)))]
	Feat 2476	(c=8)	weight 0.44500193358609:	Num[Or(And(Not(clear),Nominal(b)),Exists(on,Nominal(a)))]
	Feat 2677	(c=8)	weight 5.114559509636:	Bool[And(Or(Not(Nominal(a)),clear),Exists(on,Nominal(b)))]
	Feat 2746	(c=8)	weight 0.27753734543164:	Bool[And(Forall(on,Not(Nominal(a))),And(clear,Nominal(b)))]
	Feat 3244	(c=8)	weight -0.0087527127800487:	Atom[handempty] Num[Forall(on,Forall(on,Not(Nominal(b))))]
	Feat 3624	(c=8)	weight 0.081783672853906:	Bool[holding] Num[Or(Exists(Inverse(on),clear),Nominal(b))]
	Feat 3642	(c=8)	weight 0.03296521482054:	Bool[holding] Num[Forall(on,Not(Or(ontable,Nominal(b))))]
	Feat 3890	(c=7)	weight -2.3293597998235:	Bool[And(clear,Nominal(b))] Bool[And(holding,Nominal(a))]
	Feat 3991	(c=8)	weight 2.3961956093674:	Bool[And(holding,Nominal(a))] Bool[And(Not(holding),Nominal(b))]
	Feat 3993	(c=8)	weight 0.15479591261363:	Bool[And(holding,Nominal(a))] Num[Not(Or(clear,ontable))]
	Feat 3995	(c=8)	weight 0.0038753830221267:	Bool[And(holding,Nominal(a))] Num[Or(Not(Nominal(a)),holding)]
	Feat 4165	(c=8)	weight 0.33109390633272:	Bool[And(ontable,Nominal(a))] Num[Not(Or(holding,Nominal(b)))]
	Feat 4179	(c=8)	weight 2.7007506537012:	Bool[And(ontable,Nominal(a))] Bool[And(Forall(on,<empty>),Nominal(a))]
	Feat 4325	(c=8)	weight -0.50819484434987:	Bool[Exists(on,Nominal(b))] Bool[Exists(Inverse(on),Nominal(b))]
	Feat 4338	(c=6)	weight 0.030947147972262:	Bool[Exists(on,Nominal(a))] Num[Forall(on,<empty>)]
	Feat 4484	(c=8)	weight 0.28046628677557:	Bool[And(Not(clear),Nominal(a))] Num[Or(ontable,Nominal(b))]
	Feat 4653	(c=8)	weight 0.088132516984085:	Bool[And(Forall(on,ontable),Nominal(a))] Num[Exists(on,<universe>)]
	Feat 4656	(c=8)	weight -0.69077269331806:	Bool[And(Forall(on,Nominal(b)),Nominal(a))] Num[Not(holding)]
Score -0.4018813067222955
Lambda=0.015457624993511108
	Feat 22	(c=3)	weight -2.9068897095427:	Bool[Exists(on,Nominal(b))]
	Feat 204	(c=6)	weight 0.2141208960244:	Num[Or(Not(Nominal(a)),Forall(on,ontable))]
	Feat 248	(c=6)	weight 0.16366754209348:	Num[Or(Exists(Inverse(on),Nominal(b)),Nominal(a))]
	Feat 347	(c=6)	weight 0.093344092831008:	Bool[And(Forall(on,<empty>),And(clear,Nominal(b)))]
	Feat 473	(c=7)	weight -1.1962868698675:	Bool[And(Forall(on,Exists(on,Nominal(a))),Nominal(b))]
	Feat 485	(c=7)	weight 0.055495742638702:	Num[Or(Exists(on,Exists(on,ontable)),Nominal(b))]
	Feat 569	(c=7)	weight -0.34079413630455:	Num[Exists(Star(on),And(Not(Nominal(b)),ontable))]
	Feat 689	(c=7)	weight -0.22108738706812:	Num[Or(Forall(on,Or(ontable,Nominal(b))),Nominal(b))]
	Feat 769	(c=7)	weight 0.072400235747312:	Num[Or(And(Or(clear,ontable),Nominal(a)),holding)]
	Feat 1145	(c=8)	weight -0.16252719165291:	Num[Or(Forall(Inverse(Star(on)),Not(Nominal(a))),ontable)]
	Feat 1151	(c=8)	weight 1.4987995762281:	Bool[And(Forall(on,Exists(Star(on),Nominal(a))),Nominal(b))]
	Feat 1290	(c=8)	weight 0.48855711604615:	Num[Or(Exists(on,Exists(on,ontable)),Not(Nominal(b)))]
	Feat 1322	(c=8)	weight 0.29671926063847:	Num[Or(And(Forall(on,Nominal(a)),Nominal(b)),Not(clear))]
	Feat 1422	(c=8)	weight -0.67252364316451:	Bool[And(Forall(on,Or(Not(Nominal(b)),ontable)),Nominal(a))]
	Feat 1444	(c=8)	weight -0.49609237914044:	Num[Or(Forall(on,And(Not(Nominal(a)),ontable)),clear)]
	Feat 1450	(c=8)	weight 0.97907681072879:	Bool[And(Exists(on,And(Not(Nominal(a)),ontable)),Nominal(b))]
	Feat 1454	(c=8)	weight -0.32045818771155:	Num[Or(Exists(on,And(Not(Nominal(a)),ontable)),holding)]
	Feat 1718	(c=8)	weight 0.026361647859336:	Num[Exists(on,Exists(on,Forall(on,Exists(on,<universe>))))]
	Feat 1816	(c=8)	weight -1.682715948071:	Num[Or(And(Forall(Inverse(on),clear),Nominal(b)),Nominal(a))]
	Feat 1866	(c=8)	weight 0.50739391438693:	Num[Not(And(Exists(on,Exists(on,Nominal(b))),clear))]
	Feat 2314	(c=8)	weight 0.3258945841939:	Num[Or(Or(Nominal(a),Nominal(b)),Exists(Inverse(on),clear))]
	Feat 2372	(c=8)	weight 0.64919543106614:	Num[Or(And(holding,Nominal(a)),Exists(Star(on),Nominal(a)))]
	Feat 2476	(c=8)	weight 0.60805325661097:	Num[Or(And(Not(clear),Nominal(b)),Exists(on,Nominal(a)))]
	Feat 2677	(c=8)	weight 5.3154739308336:	Bool[And(Or(Not(Nominal(a)),clear),Exists(on,Nominal(b)))]
	Feat 2746	(c=8)	weight 0.34184227731078:	Bool[And(Forall(on,Not(Nominal(a))),And(clear,Nominal(b)))]
	Feat 3244	(c=8)	weight -0.0362974463068:	Atom[handempty] Num[Forall(on,Forall(on,Not(Nominal(b))))]
	Feat 3624	(c=8)	weight 0.089683424911637:	Bool[holding] Num[Or(Exists(Inverse(on),clear),Nominal(b))]
	Feat 3642	(c=8)	weight 0.055062643114305:	Bool[holding] Num[Forall(on,Not(Or(ontable,Nominal(b))))]
	Feat 3701	(c=8)	weight -0.0079889588193298:	Bool[holding] Bool[Exists(on,And(Not(ontable),Nominal(b)))]
	Feat 3890	(c=7)	weight -2.4780036045817:	Bool[And(clear,Nominal(b))] Bool[And(holding,Nominal(a))]
	Feat 3991	(c=8)	weight 2.8813475881601:	Bool[And(holding,Nominal(a))] Bool[And(Not(holding),Nominal(b))]
	Feat 3993	(c=8)	weight 0.13650839786869:	Bool[And(holding,Nominal(a))] Num[Not(Or(clear,ontable))]
	Feat 3995	(c=8)	weight 0.0040125095101396:	Bool[And(holding,Nominal(a))] Num[Or(Not(Nominal(a)),holding)]
	Feat 4165	(c=8)	weight 0.40412793931106:	Bool[And(ontable,Nominal(a))] Num[Not(Or(holding,Nominal(b)))]
	Feat 4179	(c=8)	weight 2.5606418929645:	Bool[And(ontable,Nominal(a))] Bool[And(Forall(on,<empty>),Nominal(a))]
	Feat 4325	(c=8)	weight -0.76120714421665:	Bool[Exists(on,Nominal(b))] Bool[Exists(Inverse(on),Nominal(b))]
	Feat 4338	(c=6)	weight 0.049305861536158:	Bool[Exists(on,Nominal(a))] Num[Forall(on,<empty>)]
	Feat 4484	(c=8)	weight 0.23023545685241:	Bool[And(Not(clear),Nominal(a))] Num[Or(ontable,Nominal(b))]
	Feat 4653	(c=8)	weight 0.10861914331068:	Bool[And(Forall(on,ontable),Nominal(a))] Num[Exists(on,<universe>)]
	Feat 4656	(c=8)	weight -0.74323927867958:	Bool[And(Forall(on,Nominal(b)),Nominal(a))] Num[Not(holding)]
Score -1.191430185883919
Lambda=0.009519550699583313
	Feat 22	(c=3)	weight -3.0456984368499:	Bool[Exists(on,Nominal(b))]
	Feat 204	(c=6)	weight 0.2979380897489:	Num[Or(Not(Nominal(a)),Forall(on,ontable))]
	Feat 248	(c=6)	weight 0.28290081019694:	Num[Or(Exists(Inverse(on),Nominal(b)),Nominal(a))]
	Feat 347	(c=6)	weight 0.63379998249073:	Bool[And(Forall(on,<empty>),And(clear,Nominal(b)))]
	Feat 473	(c=7)	weight -1.3889333547:	Bool[And(Forall(on,Exists(on,Nominal(a))),Nominal(b))]
	Feat 485	(c=7)	weight 0.51319612143451:	Num[Or(Exists(on,Exists(on,ontable)),Nominal(b))]
	Feat 569	(c=7)	weight -0.38046565961794:	Num[Exists(Star(on),And(Not(Nominal(b)),ontable))]
	Feat 689	(c=7)	weight -0.10617476312367:	Num[Or(Forall(on,Or(ontable,Nominal(b))),Nominal(b))]
	Feat 918	(c=7)	weight 0.21626806579197:	Num[And(Exists(on,ontable),Or(clear,Nominal(b)))]
	Feat 1145	(c=8)	weight -0.19451618460317:	Num[Or(Forall(Inverse(Star(on)),Not(Nominal(a))),ontable)]
	Feat 1151	(c=8)	weight 1.5933746896034:	Bool[And(Forall(on,Exists(Star(on),Nominal(a))),Nominal(b))]
	Feat 1159	(c=8)	weight -0.074391660923671:	Num[Or(Forall(Star(on),Or(Nominal(a),Nominal(b))),clear)]
	Feat 1290	(c=8)	weight 0.99448024449006:	Num[Or(Exists(on,Exists(on,ontable)),Not(Nominal(b)))]
	Feat 1322	(c=8)	weight 0.08194748954103:	Num[Or(And(Forall(on,Nominal(a)),Nominal(b)),Not(clear))]
	Feat 1422	(c=8)	weight -0.98898744741993:	Bool[And(Forall(on,Or(Not(Nominal(b)),ontable)),Nominal(a))]
	Feat 1444	(c=8)	weight -0.75583194119492:	Num[Or(Forall(on,And(Not(Nominal(a)),ontable)),clear)]
	Feat 1450	(c=8)	weight 0.99062312785447:	Bool[And(Exists(on,And(Not(Nominal(a)),ontable)),Nominal(b))]
	Feat 1454	(c=8)	weight -0.29111759980487:	Num[Or(Exists(on,And(Not(Nominal(a)),ontable)),holding)]
	Feat 1718	(c=8)	weight 0.058023363491552:	Num[Exists(on,Exists(on,Forall(on,Exists(on,<universe>))))]
	Feat 1816	(c=8)	weight -1.7240572472855:	Num[Or(And(Forall(Inverse(on),clear),Nominal(b)),Nominal(a))]
	Feat 1866	(c=8)	weight 0.51664612122047:	Num[Not(And(Exists(on,Exists(on,Nominal(b))),clear))]
	Feat 2314	(c=8)	weight 0.32889957317951:	Num[Or(Or(Nominal(a),Nominal(b)),Exists(Inverse(on),clear))]
	Feat 2372	(c=8)	weight 0.63951486857391:	Num[Or(And(holding,Nominal(a)),Exists(Star(on),Nominal(a)))]
	Feat 2476	(c=8)	weight 0.57343881622852:	Num[Or(And(Not(clear),Nominal(b)),Exists(on,Nominal(a)))]
	Feat 2677	(c=8)	weight 5.4169387891057:	Bool[And(Or(Not(Nominal(a)),clear),Exists(on,Nominal(b)))]
	Feat 3244	(c=8)	weight -0.063206688506514:	Atom[handempty] Num[Forall(on,Forall(on,Not(Nominal(b))))]
	Feat 3321	(c=8)	weight -0.025462499420655:	Atom[handempty] Num[Not(Or(Exists(on,ontable),Nominal(a)))]
	Feat 3624	(c=8)	weight 0.09006594945743:	Bool[holding] Num[Or(Exists(Inverse(on),clear),Nominal(b))]
	Feat 3642	(c=8)	weight 0.053081918395426:	Bool[holding] Num[Forall(on,Not(Or(ontable,Nominal(b))))]
	Feat 3701	(c=8)	weight -0.062276289838041:	Bool[holding] Bool[Exists(on,And(Not(ontable),Nominal(b)))]
	Feat 3890	(c=7)	weight -2.5923846001846:	Bool[And(clear,Nominal(b))] Bool[And(holding,Nominal(a))]
	Feat 3991	(c=8)	weight 3.061380575303:	Bool[And(holding,Nominal(a))] Bool[And(Not(holding),Nominal(b))]
	Feat 3993	(c=8)	weight 0.13112722892207:	Bool[And(holding,Nominal(a))] Num[Not(Or(clear,ontable))]
	Feat 3995	(c=8)	weight 0.0038675947474913:	Bool[And(holding,Nominal(a))] Num[Or(Not(Nominal(a)),holding)]
	Feat 4105	(c=8)	weight -0.01263887090652:	Bool[And(holding,Nominal(b))] Num[Forall(Star(on),Nominal(a))]
	Feat 4165	(c=8)	weight 0.44736389867139:	Bool[And(ontable,Nominal(a))] Num[Not(Or(holding,Nominal(b)))]
	Feat 4179	(c=8)	weight 2.4663104945064:	Bool[And(ontable,Nominal(a))] Bool[And(Forall(on,<empty>),Nominal(a))]
	Feat 4325	(c=8)	weight -1.2327286005167:	Bool[Exists(on,Nominal(b))] Bool[Exists(Inverse(on),Nominal(b))]
	Feat 4338	(c=6)	weight 0.06182112879059:	Bool[Exists(on,Nominal(a))] Num[Forall(on,<empty>)]
	Feat 4484	(c=8)	weight 0.22793243754287:	Bool[And(Not(clear),Nominal(a))] Num[Or(ontable,Nominal(b))]
	Feat 4653	(c=8)	weight 0.11999020349042:	Bool[And(Forall(on,ontable),Nominal(a))] Num[Exists(on,<universe>)]
	Feat 4656	(c=8)	weight -0.77486041692686:	Bool[And(Forall(on,Nominal(b)),Nominal(a))] Num[Not(holding)]
Score -2.3362653350927207
Lambda=0.005862598268490724
	Feat 22	(c=3)	weight -3.1341887552992:	Bool[Exists(on,Nominal(b))]
	Feat 204	(c=6)	weight 0.31924216278227:	Num[Or(Not(Nominal(a)),Forall(on,ontable))]
	Feat 248	(c=6)	weight 0.22864070678605:	Num[Or(Exists(Inverse(on),Nominal(b)),Nominal(a))]
	Feat 347	(c=6)	weight 0.82938701754163:	Bool[And(Forall(on,<empty>),And(clear,Nominal(b)))]
	Feat 473	(c=7)	weight -1.4399483564554:	Bool[And(Forall(on,Exists(on,Nominal(a))),Nominal(b))]
	Feat 485	(c=7)	weight 1.359827427681:	Num[Or(Exists(on,Exists(on,ontable)),Nominal(b))]
	Feat 569	(c=7)	weight -0.36257671075436:	Num[Exists(Star(on),And(Not(Nominal(b)),ontable))]
	Feat 769	(c=7)	weight 0.19365259726409:	Num[Or(And(Or(clear,ontable),Nominal(a)),holding)]
	Feat 918	(c=7)	weight 0.66903929313986:	Num[And(Exists(on,ontable),Or(clear,Nominal(b)))]
	Feat 1145	(c=8)	weight -0.25820636498271:	Num[Or(Forall(Inverse(Star(on)),Not(Nominal(a))),ontable)]
	Feat 1151	(c=8)	weight 1.500909412249:	Bool[And(Forall(on,Exists(Star(on),Nominal(a))),Nominal(b))]
	Feat 1159	(c=8)	weight -0.53020274582039:	Num[Or(Forall(Star(on),Or(Nominal(a),Nominal(b))),clear)]
	Feat 1290	(c=8)	weight 1.904944223258:	Num[Or(Exists(on,Exists(on,ontable)),Not(Nominal(b)))]
	Feat 1422	(c=8)	weight -1.0112560729586:	Bool[And(Forall(on,Or(Not(Nominal(b)),ontable)),Nominal(a))]
	Feat 1444	(c=8)	weight -1.209566333275:	Num[Or(Forall(on,And(Not(Nominal(a)),ontable)),clear)]
	Feat 1450	(c=8)	weight 0.8431946982679:	Bool[And(Exists(on,And(Not(Nominal(a)),ontable)),Nominal(b))]
	Feat 1718	(c=8)	weight 0.011249646864536:	Num[Exists(on,Exists(on,Forall(on,Exists(on,<universe>))))]
	Feat 1770	(c=8)	weight -0.72566430456443:	Num[Exists(on,Forall(on,Not(And(ontable,Nominal(b)))))]
	Feat 1816	(c=8)	weight -1.6621415457119:	Num[Or(And(Forall(Inverse(on),clear),Nominal(b)),Nominal(a))]
	Feat 1866	(c=8)	weight 0.51291560217653:	Num[Not(And(Exists(on,Exists(on,Nominal(b))),clear))]
	Feat 2314	(c=8)	weight 0.36853206746827:	Num[Or(Or(Nominal(a),Nominal(b)),Exists(Inverse(on),clear))]
	Feat 2372	(c=8)	weight 0.70301419019831:	Num[Or(And(holding,Nominal(a)),Exists(Star(on),Nominal(a)))]
	Feat 2476	(c=8)	weight 0.71393052720195:	Num[Or(And(Not(clear),Nominal(b)),Exists(on,Nominal(a)))]
	Feat 2677	(c=8)	weight 5.4367183560391:	Bool[And(Or(Not(Nominal(a)),clear),Exists(on,Nominal(b)))]
	Feat 3244	(c=8)	weight -0.03070818125392:	Atom[handempty] Num[Forall(on,Forall(on,Not(Nominal(b))))]
	Feat 3321	(c=8)	weight -0.067809870444008:	Atom[handempty] Num[Not(Or(Exists(on,ontable),Nominal(a)))]
	Feat 3624	(c=8)	weight 0.062946254259287:	Bool[holding] Num[Or(Exists(Inverse(on),clear),Nominal(b))]
	Feat 3701	(c=8)	weight -0.17704204207167:	Bool[holding] Bool[Exists(on,And(Not(ontable),Nominal(b)))]
	Feat 3890	(c=7)	weight -2.6477584939655:	Bool[And(clear,Nominal(b))] Bool[And(holding,Nominal(a))]
	Feat 3991	(c=8)	weight 3.1912272024002:	Bool[And(holding,Nominal(a))] Bool[And(Not(holding),Nominal(b))]
	Feat 3993	(c=8)	weight 0.14333579135687:	Bool[And(holding,Nominal(a))] Num[Not(Or(clear,ontable))]
	Feat 3995	(c=8)	weight 0.0036560691803002:	Bool[And(holding,Nominal(a))] Num[Or(Not(Nominal(a)),holding)]
	Feat 4105	(c=8)	weight -0.029762813066388:	Bool[And(holding,Nominal(b))] Num[Forall(Star(on),Nominal(a))]
	Feat 4165	(c=8)	weight 0.44659931247045:	Bool[And(ontable,Nominal(a))] Num[Not(Or(holding,Nominal(b)))]
	Feat 4179	(c=8)	weight 2.4855041430737:	Bool[And(ontable,Nominal(a))] Bool[And(Forall(on,<empty>),Nominal(a))]
	Feat 4325	(c=8)	weight -1.509214396574:	Bool[Exists(on,Nominal(b))] Bool[Exists(Inverse(on),Nominal(b))]
	Feat 4338	(c=6)	weight 0.077721408136437:	Bool[Exists(on,Nominal(a))] Num[Forall(on,<empty>)]
	Feat 4462	(c=8)	weight -0.0010232901243421:	Bool[And(Forall(on,<empty>),Nominal(b))] Num[Or(holding,Nominal(a))]
	Feat 4484	(c=8)	weight 0.2332531277425:	Bool[And(Not(clear),Nominal(a))] Num[Or(ontable,Nominal(b))]
	Feat 4653	(c=8)	weight 0.14495529632883:	Bool[And(Forall(on,ontable),Nominal(a))] Num[Exists(on,<universe>)]
	Feat 4656	(c=8)	weight -0.77485792654434:	Bool[And(Forall(on,Nominal(b)),Nominal(a))] Num[Not(holding)]
Score -2.968520559929072
Lambda=0.003610470655848796
	Feat 22	(c=3)	weight -2.8476722019008:	Bool[Exists(on,Nominal(b))]
	Feat 45	(c=4)	weight 0.0051204056846131:	Bool[And(Forall(on,<empty>),Nominal(b))]
	Feat 204	(c=6)	weight 0.23252708733188:	Num[Or(Not(Nominal(a)),Forall(on,ontable))]
	Feat 248	(c=6)	weight 0.17581015928551:	Num[Or(Exists(Inverse(on),Nominal(b)),Nominal(a))]
	Feat 347	(c=6)	weight 0.76639778360184:	Bool[And(Forall(on,<empty>),And(clear,Nominal(b)))]
	Feat 473	(c=7)	weight -1.4515772697084:	Bool[And(Forall(on,Exists(on,Nominal(a))),Nominal(b))]
	Feat 485	(c=7)	weight 2.0681648097107:	Num[Or(Exists(on,Exists(on,ontable)),Nominal(b))]
	Feat 569	(c=7)	weight -0.34135324453881:	Num[Exists(Star(on),And(Not(Nominal(b)),ontable))]
	Feat 769	(c=7)	weight 0.1800171072106:	Num[Or(And(Or(clear,ontable),Nominal(a)),holding)]
	Feat 918	(c=7)	weight 1.0026094569113:	Num[And(Exists(on,ontable),Or(clear,Nominal(b)))]
	Feat 1078	(c=8)	weight 0.14359650950391:	Num[Or(Exists(on,Forall(Star(on),Nominal(b))),ontable)]
	Feat 1145	(c=8)	weight -0.30169217829759:	Num[Or(Forall(Inverse(Star(on)),Not(Nominal(a))),ontable)]
	Feat 1151	(c=8)	weight 1.4485307509104:	Bool[And(Forall(on,Exists(Star(on),Nominal(a))),Nominal(b))]
	Feat 1159	(c=8)	weight -0.96725657428113:	Num[Or(Forall(Star(on),Or(Nominal(a),Nominal(b))),clear)]
	Feat 1210	(c=8)	weight -0.010636802179559:	Num[And(Forall(on,Exists(on,Nominal(a))),Not(Nominal(a)))]
	Feat 1290	(c=8)	weight 2.6679581217456:	Num[Or(Exists(on,Exists(on,ontable)),Not(Nominal(b)))]
	Feat 1422	(c=8)	weight -0.96378931672085:	Bool[And(Forall(on,Or(Not(Nominal(b)),ontable)),Nominal(a))]
	Feat 1444	(c=8)	weight -1.6431360248278:	Num[Or(Forall(on,And(Not(Nominal(a)),ontable)),clear)]
	Feat 1450	(c=8)	weight 0.67911748334252:	Bool[And(Exists(on,And(Not(Nominal(a)),ontable)),Nominal(b))]
	Feat 1770	(c=8)	weight -1.244672622431:	Num[Exists(on,Forall(on,Not(And(ontable,Nominal(b)))))]
	Feat 1816	(c=8)	weight -1.2267355753458:	Num[Or(And(Forall(Inverse(on),clear),Nominal(b)),Nominal(a))]
	Feat 1843	(c=8)	weight 0.28785964479364:	Num[Or(And(Not(Nominal(b)),Forall(on,Nominal(b))),clear)]
	Feat 1866	(c=8)	weight 0.50769918549473:	Num[Not(And(Exists(on,Exists(on,Nominal(b))),clear))]
	Feat 2146	(c=8)	weight -0.014425747492432:	Num[Not(And(Forall(on,Nominal(a)),Or(clear,ontable)))]
	Feat 2314	(c=8)	weight 0.45585370014118:	Num[Or(Or(Nominal(a),Nominal(b)),Exists(Inverse(on),clear))]
	Feat 2372	(c=8)	weight 0.72633924803194:	Num[Or(And(holding,Nominal(a)),Exists(Star(on),Nominal(a)))]
	Feat 2476	(c=8)	weight 0.81895640877864:	Num[Or(And(Not(clear),Nominal(b)),Exists(on,Nominal(a)))]
	Feat 2677	(c=8)	weight 5.4183519269185:	Bool[And(Or(Not(Nominal(a)),clear),Exists(on,Nominal(b)))]
	Feat 2746	(c=8)	weight 0.020486184792804:	Bool[And(Forall(on,Not(Nominal(a))),And(clear,Nominal(b)))]
	Feat 3244	(c=8)	weight -0.039608385947741:	Atom[handempty] Num[Forall(on,Forall(on,Not(Nominal(b))))]
	Feat 3321	(c=8)	weight -0.09840845173563:	Atom[handempty] Num[Not(Or(Exists(on,ontable),Nominal(a)))]
	Feat 3606	(c=8)	weight -0.010072561591425:	Bool[holding] Num[Or(And(Forall(on,<empty>),Nominal(b)),clear)]
	Feat 3624	(c=8)	weight 0.068951005017481:	Bool[holding] Num[Or(Exists(Inverse(on),clear),Nominal(b))]
	Feat 3701	(c=8)	weight -0.24364882817192:	Bool[holding] Bool[Exists(on,And(Not(ontable),Nominal(b)))]
	Feat 3890	(c=7)	weight -2.7089231841276:	Bool[And(clear,Nominal(b))] Bool[And(holding,Nominal(a))]
	Feat 3991	(c=8)	weight 3.2053525107705:	Bool[And(holding,Nominal(a))] Bool[And(Not(holding),Nominal(b))]
	Feat 3993	(c=8)	weight 0.13769563496303:	Bool[And(holding,Nominal(a))] Num[Not(Or(clear,ontable))]
	Feat 3995	(c=8)	weight 0.0027156030191526:	Bool[And(holding,Nominal(a))] Num[Or(Not(Nominal(a)),holding)]
	Feat 4165	(c=8)	weight 0.42629204216401:	Bool[And(ontable,Nominal(a))] Num[Not(Or(holding,Nominal(b)))]
	Feat 4179	(c=8)	weight 2.519823856934:	Bool[And(ontable,Nominal(a))] Bool[And(Forall(on,<empty>),Nominal(a))]
	Feat 4192	(c=7)	weight -0.054034965387838:	Bool[And(ontable,Nominal(b))] Num[Or(holding,Nominal(a))]
	Feat 4265	(c=6)	weight -0.020006912245785:	Bool[Exists(on,Nominal(b))] Num[Forall(on,<empty>)]
	Feat 4325	(c=8)	weight -1.8056533715096:	Bool[Exists(on,Nominal(b))] Bool[Exists(Inverse(on),Nominal(b))]
	Feat 4338	(c=6)	weight 0.07575936518751:	Bool[Exists(on,Nominal(a))] Num[Forall(on,<empty>)]
	Feat 4484	(c=8)	weight 0.21637387593861:	Bool[And(Not(clear),Nominal(a))] Num[Or(ontable,Nominal(b))]
	Feat 4549	(c=8)	weight -0.020595539834921:	Bool[And(Not(ontable),Nominal(b))] Num[Or(clear,Nominal(a))]
	Feat 4653	(c=8)	weight 0.1880395356788:	Bool[And(Forall(on,ontable),Nominal(a))] Num[Exists(on,<universe>)]
	Feat 4656	(c=8)	weight -0.76817105749459:	Bool[And(Forall(on,Nominal(b)),Nominal(a))] Num[Not(holding)]
Score -4.793318222013306
Lambda=0.0022235018945108644
	Feat 22	(c=3)	weight -2.2774718318824:	Bool[Exists(on,Nominal(b))]
	Feat 45	(c=4)	weight 0.42648769473588:	Bool[And(Forall(on,<empty>),Nominal(b))]
	Feat 204	(c=6)	weight 0.15224423382085:	Num[Or(Not(Nominal(a)),Forall(on,ontable))]
	Feat 248	(c=6)	weight 0.19806692112513:	Num[Or(Exists(Inverse(on),Nominal(b)),Nominal(a))]
	Feat 347	(c=6)	weight 0.23687682059946:	Bool[And(Forall(on,<empty>),And(clear,Nominal(b)))]
	Feat 473	(c=7)	weight -1.425700683458:	Bool[And(Forall(on,Exists(on,Nominal(a))),Nominal(b))]
	Feat 485	(c=7)	weight 2.9157813737513:	Num[Or(Exists(on,Exists(on,ontable)),Nominal(b))]
	Feat 569	(c=7)	weight -0.35847894145771:	Num[Exists(Star(on),And(Not(Nominal(b)),ontable))]
	Feat 765	(c=7)	weight -0.14142422210296:	Num[Not(And(Forall(Star(on),Nominal(a)),Nominal(b)))]
	Feat 769	(c=7)	weight 0.025838002954151:	Num[Or(And(Or(clear,ontable),Nominal(a)),holding)]
	Feat 918	(c=7)	weight 0.91495116893933:	Num[And(Exists(on,ontable),Or(clear,Nominal(b)))]
	Feat 1078	(c=8)	weight 0.54718023675581:	Num[Or(Exists(on,Forall(Star(on),Nominal(b))),ontable)]
	Feat 1132	(c=8)	weight 0.21592717823702:	Num[And(Forall(Inverse(on),Or(clear,Nominal(b))),ontable)]
	Feat 1145	(c=8)	weight -0.33525528645567:	Num[Or(Forall(Inverse(Star(on)),Not(Nominal(a))),ontable)]
	Feat 1151	(c=8)	weight 1.3187114314453:	Bool[And(Forall(on,Exists(Star(on),Nominal(a))),Nominal(b))]
	Feat 1159	(c=8)	weight -1.578581259331:	Num[Or(Forall(Star(on),Or(Nominal(a),Nominal(b))),clear)]
	Feat 1210	(c=8)	weight -0.29212034172809:	Num[And(Forall(on,Exists(on,Nominal(a))),Not(Nominal(a)))]
	Feat 1290	(c=8)	weight 3.4946668528129:	Num[Or(Exists(on,Exists(on,ontable)),Not(Nominal(b)))]
	Feat 1422	(c=8)	weight -0.79576869152786:	Bool[And(Forall(on,Or(Not(Nominal(b)),ontable)),Nominal(a))]
	Feat 1444	(c=8)	weight -2.3747835133688:	Num[Or(Forall(on,And(Not(Nominal(a)),ontable)),clear)]
	Feat 1450	(c=8)	weight 0.55353507053132:	Bool[And(Exists(on,And(Not(Nominal(a)),ontable)),Nominal(b))]
	Feat 1604	(c=8)	weight -0.036572698534785:	Num[Or(Forall(on,Forall(on,Not(Nominal(a)))),clear)]
	Feat 1770	(c=8)	weight -1.497427118336:	Num[Exists(on,Forall(on,Not(And(ontable,Nominal(b)))))]
	Feat 1816	(c=8)	weight -0.18126655640388:	Num[Or(And(Forall(Inverse(on),clear),Nominal(b)),Nominal(a))]
	Feat 1843	(c=8)	weight 0.8320375017388:	Num[Or(And(Not(Nominal(b)),Forall(on,Nominal(b))),clear)]
	Feat 1866	(c=8)	weight 0.5521429390011:	Num[Not(And(Exists(on,Exists(on,Nominal(b))),clear))]
	Feat 2146	(c=8)	weight -0.25585185660648:	Num[Not(And(Forall(on,Nominal(a)),Or(clear,ontable)))]
	Feat 2314	(c=8)	weight 0.92357853045446:	Num[Or(Or(Nominal(a),Nominal(b)),Exists(Inverse(on),clear))]
	Feat 2372	(c=8)	weight 0.7787703288816:	Num[Or(And(holding,Nominal(a)),Exists(Star(on),Nominal(a)))]
	Feat 2476	(c=8)	weight 0.83420732465059:	Num[Or(And(Not(clear),Nominal(b)),Exists(on,Nominal(a)))]
	Feat 2677	(c=8)	weight 5.3411403105383:	Bool[And(Or(Not(Nominal(a)),clear),Exists(on,Nominal(b)))]
	Feat 2746	(c=8)	weight 0.098003184935451:	Bool[And(Forall(on,Not(Nominal(a))),And(clear,Nominal(b)))]
	Feat 3244	(c=8)	weight -0.11873603615195:	Atom[handempty] Num[Forall(on,Forall(on,Not(Nominal(b))))]
	Feat 3321	(c=8)	weight -0.17130536070316:	Atom[handempty] Num[Not(Or(Exists(on,ontable),Nominal(a)))]
	Feat 3606	(c=8)	weight -0.012556549194417:	Bool[holding] Num[Or(And(Forall(on,<empty>),Nominal(b)),clear)]
	Feat 3624	(c=8)	weight 0.13121317938073:	Bool[holding] Num[Or(Exists(Inverse(on),clear),Nominal(b))]
	Feat 3701	(c=8)	weight -0.22447297978853:	Bool[holding] Bool[Exists(on,And(Not(ontable),Nominal(b)))]
	Feat 3890	(c=7)	weight -2.7744988263796:	Bool[And(clear,Nominal(b))] Bool[And(holding,Nominal(a))]
	Feat 3991	(c=8)	weight 2.5992886720078:	Bool[And(holding,Nominal(a))] Bool[And(Not(holding),Nominal(b))]
	Feat 3993	(c=8)	weight 0.14345522039893:	Bool[And(holding,Nominal(a))] Num[Not(Or(clear,ontable))]
	Feat 3995	(c=8)	weight 0.0020878757462048:	Bool[And(holding,Nominal(a))] Num[Or(Not(Nominal(a)),holding)]
	Feat 4095	(c=8)	weight 0.011156793778266:	Bool[And(holding,Nominal(b))] Num[Forall(on,Not(Nominal(b)))]
	Feat 4165	(c=8)	weight 0.38404640922208:	Bool[And(ontable,Nominal(a))] Num[Not(Or(holding,Nominal(b)))]
	Feat 4179	(c=8)	weight 2.3499330968876:	Bool[And(ontable,Nominal(a))] Bool[And(Forall(on,<empty>),Nominal(a))]
	Feat 4192	(c=7)	weight -0.071358922728929:	Bool[And(ontable,Nominal(b))] Num[Or(holding,Nominal(a))]
	Feat 4265	(c=6)	weight -0.014997384430972:	Bool[Exists(on,Nominal(b))] Num[Forall(on,<empty>)]
	Feat 4325	(c=8)	weight -1.8184708614909:	Bool[Exists(on,Nominal(b))] Bool[Exists(Inverse(on),Nominal(b))]
	Feat 4338	(c=6)	weight 0.085638247834126:	Bool[Exists(on,Nominal(a))] Num[Forall(on,<empty>)]
	Feat 4484	(c=8)	weight 0.22693522698892:	Bool[And(Not(clear),Nominal(a))] Num[Or(ontable,Nominal(b))]
	Feat 4549	(c=8)	weight -0.034373803896045:	Bool[And(Not(ontable),Nominal(b))] Num[Or(clear,Nominal(a))]
	Feat 4653	(c=8)	weight 0.2257535199257:	Bool[And(Forall(on,ontable),Nominal(a))] Num[Exists(on,<universe>)]
	Feat 4656	(c=8)	weight -0.7503978609679:	Bool[And(Forall(on,Nominal(b)),Nominal(a))] Num[Not(holding)]
	Feat 4679	(c=8)	weight -0.0020618901600278:	Bool[Exists(on,And(ontable,Nominal(b)))] Num[Forall(on,<empty>)]
Score -9.001208894132485
Lambda=0.001369339664036436
	Feat 22	(c=3)	weight -2.1268289637247:	Bool[Exists(on,Nominal(b))]
	Feat 45	(c=4)	weight 0.39365860408247:	Bool[And(Forall(on,<empty>),Nominal(b))]
	Feat 204	(c=6)	weight 0.14553089054063:	Num[Or(Not(Nominal(a)),Forall(on,ontable))]
	Feat 248	(c=6)	weight 0.2018887616913:	Num[Or(Exists(Inverse(on),Nominal(b)),Nominal(a))]
	Feat 347	(c=6)	weight 0.2285201710215:	Bool[And(Forall(on,<empty>),And(clear,Nominal(b)))]
	Feat 473	(c=7)	weight -1.4227717476567:	Bool[And(Forall(on,Exists(on,Nominal(a))),Nominal(b))]
	Feat 485	(c=7)	weight 3.1999682506609:	Num[Or(Exists(on,Exists(on,ontable)),Nominal(b))]
	Feat 569	(c=7)	weight -0.35335989228423:	Num[Exists(Star(on),And(Not(Nominal(b)),ontable))]
	Feat 765	(c=7)	weight -0.32668669776312:	Num[Not(And(Forall(Star(on),Nominal(a)),Nominal(b)))]
	Feat 918	(c=7)	weight 0.94753254830815:	Num[And(Exists(on,ontable),Or(clear,Nominal(b)))]
	Feat 1078	(c=8)	weight 0.76057031035891:	Num[Or(Exists(on,Forall(Star(on),Nominal(b))),ontable)]
	Feat 1132	(c=8)	weight 0.27306175539121:	Num[And(Forall(Inverse(on),Or(clear,Nominal(b))),ontable)]
	Feat 1145	(c=8)	weight -0.35169401822263:	Num[Or(Forall(Inverse(Star(on)),Not(Nominal(a))),ontable)]
	Feat 1151	(c=8)	weight 1.2717717863389:	Bool[And(Forall(on,Exists(Star(on),Nominal(a))),Nominal(b))]
	Feat 1159	(c=8)	weight -1.8423036578881:	Num[Or(Forall(Star(on),Or(Nominal(a),Nominal(b))),clear)]
	Feat 1210	(c=8)	weight -0.35122615310795:	Num[And(Forall(on,Exists(on,Nominal(a))),Not(Nominal(a)))]
	Feat 1290	(c=8)	weight 3.8698838529669:	Num[Or(Exists(on,Exists(on,ontable)),Not(Nominal(b)))]
	Feat 1322	(c=8)	weight -0.063378067922161:	Num[Or(And(Forall(on,Nominal(a)),Nominal(b)),Not(clear))]
	Feat 1422	(c=8)	weight -0.74135448863939:	Bool[And(Forall(on,Or(Not(Nominal(b)),ontable)),Nominal(a))]
	Feat 1444	(c=8)	weight -2.6773385370514:	Num[Or(Forall(on,And(Not(Nominal(a)),ontable)),clear)]
	Feat 1450	(c=8)	weight 0.57404621272374:	Bool[And(Exists(on,And(Not(Nominal(a)),ontable)),Nominal(b))]
	Feat 1454	(c=8)	weight 0.018135554759349:	Num[Or(Exists(on,And(Not(Nominal(a)),ontable)),holding)]
	Feat 1604	(c=8)	weight -0.058564747015557:	Num[Or(Forall(on,Forall(on,Not(Nominal(a)))),clear)]
	Feat 1707	(c=8)	weight -0.10038809402762:	Num[Or(Exists(on,Exists(on,Exists(on,<universe>))),Nominal(b))]
	Feat 1770	(c=8)	weight -1.586791178538:	Num[Exists(on,Forall(on,Not(And(ontable,Nominal(b)))))]
	Feat 1843	(c=8)	weight 0.90932246280738:	Num[Or(And(Not(Nominal(b)),Forall(on,Nominal(b))),clear)]
	Feat 1866	(c=8)	weight 0.58518005110212:	Num[Not(And(Exists(on,Exists(on,Nominal(b))),clear))]
	Feat 2146	(c=8)	weight -0.33070739667581:	Num[Not(And(Forall(on,Nominal(a)),Or(clear,ontable)))]
	Feat 2314	(c=8)	weight 1.0348508407885:	Num[Or(Or(Nominal(a),Nominal(b)),Exists(Inverse(on),clear))]
	Feat 2372	(c=8)	weight 0.79959883872188:	Num[Or(And(holding,Nominal(a)),Exists(Star(on),Nominal(a)))]
	Feat 2476	(c=8)	weight 0.84235168471126:	Num[Or(And(Not(clear),Nominal(b)),Exists(on,Nominal(a)))]
	Feat 2559	(c=8)	weight 0.0051303659822022:	Num[And(Or(Not(Nominal(a)),ontable),Forall(on,ontable))]
	Feat 2677	(c=8)	weight 5.316568976599:	Bool[And(Or(Not(Nominal(a)),clear),Exists(on,Nominal(b)))]
	Feat 2746	(c=8)	weight 0.071791339366395:	Bool[And(Forall(on,Not(Nominal(a))),And(clear,Nominal(b)))]
	Feat 3244	(c=8)	weight -0.1479873918854:	Atom[handempty] Num[Forall(on,Forall(on,Not(Nominal(b))))]
	Feat 3321	(c=8)	weight -0.20376977327502:	Atom[handempty] Num[Not(Or(Exists(on,ontable),Nominal(a)))]
	Feat 3606	(c=8)	weight -0.016306224738991:	Bool[holding] Num[Or(And(Forall(on,<empty>),Nominal(b)),clear)]
	Feat 3624	(c=8)	weight 0.15644384116414:	Bool[holding] Num[Or(Exists(Inverse(on),clear),Nominal(b))]
	Feat 3701	(c=8)	weight -0.23115954491726:	Bool[holding] Bool[Exists(on,And(Not(ontable),Nominal(b)))]
	Feat 3890	(c=7)	weight -2.8131935045634:	Bool[And(clear,Nominal(b))] Bool[And(holding,Nominal(a))]
	Feat 3991	(c=8)	weight 2.4362479499387:	Bool[And(holding,Nominal(a))] Bool[And(Not(holding),Nominal(b))]
	Feat 3993	(c=8)	weight 0.14974817030613:	Bool[And(holding,Nominal(a))] Num[Not(Or(clear,ontable))]
	Feat 3995	(c=8)	weight 0.0014847832880488:	Bool[And(holding,Nominal(a))] Num[Or(Not(Nominal(a)),holding)]
	Feat 4095	(c=8)	weight 0.017025503579219:	Bool[And(holding,Nominal(b))] Num[Forall(on,Not(Nominal(b)))]
	Feat 4165	(c=8)	weight 0.36882948779172:	Bool[And(ontable,Nominal(a))] Num[Not(Or(holding,Nominal(b)))]
	Feat 4179	(c=8)	weight 2.3140935157145:	Bool[And(ontable,Nominal(a))] Bool[And(Forall(on,<empty>),Nominal(a))]
	Feat 4192	(c=7)	weight -0.077141347052364:	Bool[And(ontable,Nominal(b))] Num[Or(holding,Nominal(a))]
	Feat 4265	(c=6)	weight -0.0072674100326738:	Bool[Exists(on,Nominal(b))] Num[Forall(on,<empty>)]
	Feat 4325	(c=8)	weight -1.9156314839611:	Bool[Exists(on,Nominal(b))] Bool[Exists(Inverse(on),Nominal(b))]
	Feat 4338	(c=6)	weight 0.080011307904109:	Bool[Exists(on,Nominal(a))] Num[Forall(on,<empty>)]
	Feat 4484	(c=8)	weight 0.23752379198474:	Bool[And(Not(clear),Nominal(a))] Num[Or(ontable,Nominal(b))]
	Feat 4549	(c=8)	weight -0.06249718750343:	Bool[And(Not(ontable),Nominal(b))] Num[Or(clear,Nominal(a))]
	Feat 4653	(c=8)	weight 0.23860974114358:	Bool[And(Forall(on,ontable),Nominal(a))] Num[Exists(on,<universe>)]
	Feat 4656	(c=8)	weight -0.74414061046981:	Bool[And(Forall(on,Nominal(b)),Nominal(a))] Num[Not(holding)]
	Feat 4679	(c=8)	weight -0.024979171418179:	Bool[Exists(on,And(ontable,Nominal(b)))] Num[Forall(on,<empty>)]
	Feat 4696	(c=8)	weight -0.02167578434607:	Bool[And(Forall(Star(on),Nominal(a)),Nominal(b))] Num[clear]
Score -7.721862823924786
Lambda=0.0008433053824385929
	Feat 22	(c=3)	weight -2.0439793919811:	Bool[Exists(on,Nominal(b))]
	Feat 45	(c=4)	weight 0.25623276212429:	Bool[And(Forall(on,<empty>),Nominal(b))]
	Feat 49	(c=4)	weight -0.061732537637786:	Num[Not(Or(ontable,Nominal(b)))]
	Feat 204	(c=6)	weight 0.15756145857935:	Num[Or(Not(Nominal(a)),Forall(on,ontable))]
	Feat 248	(c=6)	weight 0.21438750216861:	Num[Or(Exists(Inverse(on),Nominal(b)),Nominal(a))]
	Feat 347	(c=6)	weight 0.33773156625536:	Bool[And(Forall(on,<empty>),And(clear,Nominal(b)))]
	Feat 473	(c=7)	weight -1.4204729378401:	Bool[And(Forall(on,Exists(on,Nominal(a))),Nominal(b))]
	Feat 485	(c=7)	weight 3.4581496225003:	Num[Or(Exists(on,Exists(on,ontable)),Nominal(b))]
	Feat 569	(c=7)	weight -0.36151600351361:	Num[Exists(Star(on),And(Not(Nominal(b)),ontable))]
	Feat 765	(c=7)	weight -0.65760509697784:	Num[Not(And(Forall(Star(on),Nominal(a)),Nominal(b)))]
	Feat 769	(c=7)	weight 0.032872141152506:	Num[Or(And(Or(clear,ontable),Nominal(a)),holding)]
	Feat 918	(c=7)	weight 0.95842846630958:	Num[And(Exists(on,ontable),Or(clear,Nominal(b)))]
	Feat 1078	(c=8)	weight 1.004797774332:	Num[Or(Exists(on,Forall(Star(on),Nominal(b))),ontable)]
	Feat 1132	(c=8)	weight 0.31528826486171:	Num[And(Forall(Inverse(on),Or(clear,Nominal(b))),ontable)]
	Feat 1145	(c=8)	weight -0.36695217673628:	Num[Or(Forall(Inverse(Star(on)),Not(Nominal(a))),ontable)]
	Feat 1151	(c=8)	weight 1.2320191755819:	Bool[And(Forall(on,Exists(Star(on),Nominal(a))),Nominal(b))]
	Feat 1159	(c=8)	weight -2.1209567363722:	Num[Or(Forall(Star(on),Or(Nominal(a),Nominal(b))),clear)]
	Feat 1210	(c=8)	weight -0.39075671796982:	Num[And(Forall(on,Exists(on,Nominal(a))),Not(Nominal(a)))]
	Feat 1234	(c=8)	weight 0.030337332228992:	Num[And(Not(Or(And(clear,Nominal(a)),Nominal(b))),ontable)]
	Feat 1290	(c=8)	weight 4.2300949235739:	Num[Or(Exists(on,Exists(on,ontable)),Not(Nominal(b)))]
	Feat 1322	(c=8)	weight -0.13835902177044:	Num[Or(And(Forall(on,Nominal(a)),Nominal(b)),Not(clear))]
	Feat 1422	(c=8)	weight -0.66167471839498:	Bool[And(Forall(on,Or(Not(Nominal(b)),ontable)),Nominal(a))]
	Feat 1444	(c=8)	weight -3.0040364532932:	Num[Or(Forall(on,And(Not(Nominal(a)),ontable)),clear)]
	Feat 1450	(c=8)	weight 0.62868589107133:	Bool[And(Exists(on,And(Not(Nominal(a)),ontable)),Nominal(b))]
	Feat 1454	(c=8)	weight 0.1647006714051:	Num[Or(Exists(on,And(Not(Nominal(a)),ontable)),holding)]
	Feat 1604	(c=8)	weight -0.072908902893981:	Num[Or(Forall(on,Forall(on,Not(Nominal(a)))),clear)]
	Feat 1707	(c=8)	weight -0.2131724859441:	Num[Or(Exists(on,Exists(on,Exists(on,<universe>))),Nominal(b))]
	Feat 1718	(c=8)	weight -0.0032872631488062:	Num[Exists(on,Exists(on,Forall(on,Exists(on,<universe>))))]
	Feat 1770	(c=8)	weight -1.6322135634533:	Num[Exists(on,Forall(on,Not(And(ontable,Nominal(b)))))]
	Feat 1816	(c=8)	weight 0.079794102876421:	Num[Or(And(Forall(Inverse(on),clear),Nominal(b)),Nominal(a))]
	Feat 1843	(c=8)	weight 0.91738538432605:	Num[Or(And(Not(Nominal(b)),Forall(on,Nominal(b))),clear)]
	Feat 1866	(c=8)	weight 0.60369941656768:	Num[Not(And(Exists(on,Exists(on,Nominal(b))),clear))]
	Feat 2146	(c=8)	weight -0.3807455644069:	Num[Not(And(Forall(on,Nominal(a)),Or(clear,ontable)))]
	Feat 2314	(c=8)	weight 1.1003599195515:	Num[Or(Or(Nominal(a),Nominal(b)),Exists(Inverse(on),clear))]
	Feat 2372	(c=8)	weight 0.82628344226034:	Num[Or(And(holding,Nominal(a)),Exists(Star(on),Nominal(a)))]
	Feat 2476	(c=8)	weight 0.84807415129017:	Num[Or(And(Not(clear),Nominal(b)),Exists(on,Nominal(a)))]
	Feat 2559	(c=8)	weight 0.030415025741711:	Num[And(Or(Not(Nominal(a)),ontable),Forall(on,ontable))]
	Feat 2677	(c=8)	weight 5.2709068564849:	Bool[And(Or(Not(Nominal(a)),clear),Exists(on,Nominal(b)))]
	Feat 2746	(c=8)	weight 0.023335589579012:	Bool[And(Forall(on,Not(Nominal(a))),And(clear,Nominal(b)))]
	Feat 3156	(c=7)	weight 0.0079953175889305:	Atom[handempty] Num[Forall(on,Exists(on,ontable))]
	Feat 3244	(c=8)	weight -0.17632929889897:	Atom[handempty] Num[Forall(on,Forall(on,Not(Nominal(b))))]
	Feat 3321	(c=8)	weight -0.22233671609226:	Atom[handempty] Num[Not(Or(Exists(on,ontable),Nominal(a)))]
	Feat 3606	(c=8)	weight -0.015878227925657:	Bool[holding] Num[Or(And(Forall(on,<empty>),Nominal(b)),clear)]
	Feat 3624	(c=8)	weight 0.17508928260852:	Bool[holding] Num[Or(Exists(Inverse(on),clear),Nominal(b))]
	Feat 3701	(c=8)	weight -0.2252385694108:	Bool[holding] Bool[Exists(on,And(Not(ontable),Nominal(b)))]
	Feat 3890	(c=7)	weight -2.8376848032698:	Bool[And(clear,Nominal(b))] Bool[And(holding,Nominal(a))]
	Feat 3991	(c=8)	weight 2.2410349403898:	Bool[And(holding,Nominal(a))] Bool[And(Not(holding),Nominal(b))]
	Feat 3993	(c=8)	weight 0.17061411606264:	Bool[And(holding,Nominal(a))] Num[Not(Or(clear,ontable))]
	Feat 3995	(c=8)	weight 0.0010507685771527:	Bool[And(holding,Nominal(a))] Num[Or(Not(Nominal(a)),holding)]
	Feat 4095	(c=8)	weight 0.0062560140858281:	Bool[And(holding,Nominal(b))] Num[Forall(on,Not(Nominal(b)))]
	Feat 4105	(c=8)	weight 0.02496134345987:	Bool[And(holding,Nominal(b))] Num[Forall(Star(on),Nominal(a))]
	Feat 4165	(c=8)	weight 0.35643030462379:	Bool[And(ontable,Nominal(a))] Num[Not(Or(holding,Nominal(b)))]
	Feat 4179	(c=8)	weight 2.3116483882555:	Bool[And(ontable,Nominal(a))] Bool[And(Forall(on,<empty>),Nominal(a))]
	Feat 4192	(c=7)	weight -0.082400985908771:	Bool[And(ontable,Nominal(b))] Num[Or(holding,Nominal(a))]
	Feat 4265	(c=6)	weight -0.0079320280122318:	Bool[Exists(on,Nominal(b))] Num[Forall(on,<empty>)]
	Feat 4325	(c=8)	weight -1.9519293050418:	Bool[Exists(on,Nominal(b))] Bool[Exists(Inverse(on),Nominal(b))]
	Feat 4338	(c=6)	weight 0.068492972103861:	Bool[Exists(on,Nominal(a))] Num[Forall(on,<empty>)]
	Feat 4484	(c=8)	weight 0.27021399244775:	Bool[And(Not(clear),Nominal(a))] Num[Or(ontable,Nominal(b))]
	Feat 4549	(c=8)	weight -0.11353985925842:	Bool[And(Not(ontable),Nominal(b))] Num[Or(clear,Nominal(a))]
	Feat 4653	(c=8)	weight 0.24725718388222:	Bool[And(Forall(on,ontable),Nominal(a))] Num[Exists(on,<universe>)]
	Feat 4656	(c=8)	weight -0.73655659142762:	Bool[And(Forall(on,Nominal(b)),Nominal(a))] Num[Not(holding)]
	Feat 4679	(c=8)	weight -0.02577064988302:	Bool[Exists(on,And(ontable,Nominal(b)))] Num[Forall(on,<empty>)]
	Feat 4696	(c=8)	weight -0.077036035659248:	Bool[And(Forall(Star(on),Nominal(a)),Nominal(b))] Num[clear]
Score -4.785745920279946
Lambda=0.0005193481111571587
	Feat 22	(c=3)	weight -1.9591761068555:	Bool[Exists(on,Nominal(b))]
	Feat 25	(c=3)	weight 0.088742493411981:	Bool[Exists(on,Nominal(a))]
	Feat 45	(c=4)	weight 0.15106008953131:	Bool[And(Forall(on,<empty>),Nominal(b))]
	Feat 49	(c=4)	weight -0.1389825469828:	Num[Not(Or(ontable,Nominal(b)))]
	Feat 204	(c=6)	weight 0.15066733630089:	Num[Or(Not(Nominal(a)),Forall(on,ontable))]
	Feat 248	(c=6)	weight 0.23259742567007:	Num[Or(Exists(Inverse(on),Nominal(b)),Nominal(a))]
	Feat 347	(c=6)	weight 0.39804049465658:	Bool[And(Forall(on,<empty>),And(clear,Nominal(b)))]
	Feat 457	(c=7)	weight 5.5198106209588e-05:	Num[Forall(on,Or(Forall(on,Nominal(a)),Nominal(a)))]
	Feat 473	(c=7)	weight -1.4220393886688:	Bool[And(Forall(on,Exists(on,Nominal(a))),Nominal(b))]
	Feat 485	(c=7)	weight 3.5983197500652:	Num[Or(Exists(on,Exists(on,ontable)),Nominal(b))]
	Feat 569	(c=7)	weight -0.37367339499139:	Num[Exists(Star(on),And(Not(Nominal(b)),ontable))]
	Feat 765	(c=7)	weight -0.87792077048096:	Num[Not(And(Forall(Star(on),Nominal(a)),Nominal(b)))]
	Feat 769	(c=7)	weight 0.067048065416267:	Num[Or(And(Or(clear,ontable),Nominal(a)),holding)]
	Feat 918	(c=7)	weight 0.93405487488622:	Num[And(Exists(on,ontable),Or(clear,Nominal(b)))]
	Feat 1078	(c=8)	weight 1.1358244596303:	Num[Or(Exists(on,Forall(Star(on),Nominal(b))),ontable)]
	Feat 1132	(c=8)	weight 0.36083698672215:	Num[And(Forall(Inverse(on),Or(clear,Nominal(b))),ontable)]
	Feat 1145	(c=8)	weight -0.37643221328077:	Num[Or(Forall(Inverse(Star(on)),Not(Nominal(a))),ontable)]
	Feat 1151	(c=8)	weight 1.2206020016136:	Bool[And(Forall(on,Exists(Star(on),Nominal(a))),Nominal(b))]
	Feat 1159	(c=8)	weight -2.2780016942817:	Num[Or(Forall(Star(on),Or(Nominal(a),Nominal(b))),clear)]
	Feat 1210	(c=8)	weight -0.43508749418156:	Num[And(Forall(on,Exists(on,Nominal(a))),Not(Nominal(a)))]
	Feat 1234	(c=8)	weight 0.048703348187226:	Num[And(Not(Or(And(clear,Nominal(a)),Nominal(b))),ontable)]
	Feat 1290	(c=8)	weight 4.4217280722042:	Num[Or(Exists(on,Exists(on,ontable)),Not(Nominal(b)))]
	Feat 1322	(c=8)	weight -0.16420286224345:	Num[Or(And(Forall(on,Nominal(a)),Nominal(b)),Not(clear))]
	Feat 1422	(c=8)	weight -0.61924399198281:	Bool[And(Forall(on,Or(Not(Nominal(b)),ontable)),Nominal(a))]
	Feat 1444	(c=8)	weight -3.1817595355861:	Num[Or(Forall(on,And(Not(Nominal(a)),ontable)),clear)]
	Feat 1450	(c=8)	weight 0.66170360401597:	Bool[And(Exists(on,And(Not(Nominal(a)),ontable)),Nominal(b))]
	Feat 1454	(c=8)	weight 0.25631915100571:	Num[Or(Exists(on,And(Not(Nominal(a)),ontable)),holding)]
	Feat 1604	(c=8)	weight -0.085835899362581:	Num[Or(Forall(on,Forall(on,Not(Nominal(a)))),clear)]
	Feat 1707	(c=8)	weight -0.26896562690287:	Num[Or(Exists(on,Exists(on,Exists(on,<universe>))),Nominal(b))]
	Feat 1718	(c=8)	weight -0.0087287396317455:	Num[Exists(on,Exists(on,Forall(on,Exists(on,<universe>))))]
	Feat 1770	(c=8)	weight -1.6453046757448:	Num[Exists(on,Forall(on,Not(And(ontable,Nominal(b)))))]
	Feat 1816	(c=8)	weight 0.15940786432706:	Num[Or(And(Forall(Inverse(on),clear),Nominal(b)),Nominal(a))]
	Feat 1843	(c=8)	weight 0.93096176149373:	Num[Or(And(Not(Nominal(b)),Forall(on,Nominal(b))),clear)]
	Feat 1866	(c=8)	weight 0.60967596937396:	Num[Not(And(Exists(on,Exists(on,Nominal(b))),clear))]
	Feat 2146	(c=8)	weight -0.40376129453798:	Num[Not(And(Forall(on,Nominal(a)),Or(clear,ontable)))]
	Feat 2314	(c=8)	weight 1.1604211525403:	Num[Or(Or(Nominal(a),Nominal(b)),Exists(Inverse(on),clear))]
	Feat 2372	(c=8)	weight 0.83545607458691:	Num[Or(And(holding,Nominal(a)),Exists(Star(on),Nominal(a)))]
	Feat 2430	(c=8)	weight 6.6289099781539e-05:	Num[Or(And(Forall(on,<empty>),Nominal(b)),And(clear,Nominal(a)))]
	Feat 2476	(c=8)	weight 0.83272617958896:	Num[Or(And(Not(clear),Nominal(b)),Exists(on,Nominal(a)))]
	Feat 2559	(c=8)	weight 0.038244981281356:	Num[And(Or(Not(Nominal(a)),ontable),Forall(on,ontable))]
	Feat 2677	(c=8)	weight 5.2504938719642:	Bool[And(Or(Not(Nominal(a)),clear),Exists(on,Nominal(b)))]
	Feat 3156	(c=7)	weight 0.017172193999733:	Atom[handempty] Num[Forall(on,Exists(on,ontable))]
	Feat 3244	(c=8)	weight -0.19531635004991:	Atom[handempty] Num[Forall(on,Forall(on,Not(Nominal(b))))]
	Feat 3321	(c=8)	weight -0.23158045679982:	Atom[handempty] Num[Not(Or(Exists(on,ontable),Nominal(a)))]
	Feat 3606	(c=8)	weight -0.017674611247946:	Bool[holding] Num[Or(And(Forall(on,<empty>),Nominal(b)),clear)]
	Feat 3624	(c=8)	weight 0.18659669176921:	Bool[holding] Num[Or(Exists(Inverse(on),clear),Nominal(b))]
	Feat 3701	(c=8)	weight -0.21842179979858:	Bool[holding] Bool[Exists(on,And(Not(ontable),Nominal(b)))]
	Feat 3890	(c=7)	weight -2.8516810611111:	Bool[And(clear,Nominal(b))] Bool[And(holding,Nominal(a))]
	Feat 3991	(c=8)	weight 2.1313272415774:	Bool[And(holding,Nominal(a))] Bool[And(Not(holding),Nominal(b))]
	Feat 3993	(c=8)	weight 0.18308217736102:	Bool[And(holding,Nominal(a))] Num[Not(Or(clear,ontable))]
	Feat 3995	(c=8)	weight 0.00092178477255094:	Bool[And(holding,Nominal(a))] Num[Or(Not(Nominal(a)),holding)]
	Feat 4105	(c=8)	weight 0.057462370689163:	Bool[And(holding,Nominal(b))] Num[Forall(Star(on),Nominal(a))]
	Feat 4165	(c=8)	weight 0.3424077518156:	Bool[And(ontable,Nominal(a))] Num[Not(Or(holding,Nominal(b)))]
	Feat 4179	(c=8)	weight 2.331233685038:	Bool[And(ontable,Nominal(a))] Bool[And(Forall(on,<empty>),Nominal(a))]
	Feat 4192	(c=7)	weight -0.076590093108266:	Bool[And(ontable,Nominal(b))] Num[Or(holding,Nominal(a))]
	Feat 4265	(c=6)	weight -0.0088497919099478:	Bool[Exists(on,Nominal(b))] Num[Forall(on,<empty>)]
	Feat 4325	(c=8)	weight -1.970066366167:	Bool[Exists(on,Nominal(b))] Bool[Exists(Inverse(on),Nominal(b))]
	Feat 4338	(c=6)	weight 0.054902325793137:	Bool[Exists(on,Nominal(a))] Num[Forall(on,<empty>)]
	Feat 4484	(c=8)	weight 0.29111977028002:	Bool[And(Not(clear),Nominal(a))] Num[Or(ontable,Nominal(b))]
	Feat 4549	(c=8)	weight -0.15638504380581:	Bool[And(Not(ontable),Nominal(b))] Num[Or(clear,Nominal(a))]
	Feat 4653	(c=8)	weight 0.25420211908811:	Bool[And(Forall(on,ontable),Nominal(a))] Num[Exists(on,<universe>)]
	Feat 4656	(c=8)	weight -0.73182138832266:	Bool[And(Forall(on,Nominal(b)),Nominal(a))] Num[Not(holding)]
	Feat 4679	(c=8)	weight -0.018920625019444:	Bool[Exists(on,And(ontable,Nominal(b)))] Num[Forall(on,<empty>)]
	Feat 4696	(c=8)	weight -0.12057200772182:	Bool[And(Forall(Star(on),Nominal(a)),Nominal(b))] Num[clear]
Score -3.1048807303622823
Lambda=0.00031983960517665595
	Feat 22	(c=3)	weight -1.8727902532659:	Bool[Exists(on,Nominal(b))]
	Feat 25	(c=3)	weight 0.1060795364976:	Bool[Exists(on,Nominal(a))]
	Feat 45	(c=4)	weight 0.095351197657403:	Bool[And(Forall(on,<empty>),Nominal(b))]
	Feat 49	(c=4)	weight -0.19789247714044:	Num[Not(Or(ontable,Nominal(b)))]
	Feat 204	(c=6)	weight 0.14143817468406:	Num[Or(Not(Nominal(a)),Forall(on,ontable))]
	Feat 248	(c=6)	weight 0.22030209355193:	Num[Or(Exists(Inverse(on),Nominal(b)),Nominal(a))]
	Feat 347	(c=6)	weight 0.46689519005239:	Bool[And(Forall(on,<empty>),And(clear,Nominal(b)))]
	Feat 457	(c=7)	weight 0.0001250124097677:	Num[Forall(on,Or(Forall(on,Nominal(a)),Nominal(a)))]
	Feat 473	(c=7)	weight -1.4261950877962:	Bool[And(Forall(on,Exists(on,Nominal(a))),Nominal(b))]
	Feat 485	(c=7)	weight 3.6839829037821:	Num[Or(Exists(on,Exists(on,ontable)),Nominal(b))]
	Feat 569	(c=7)	weight -0.38390922588708:	Num[Exists(Star(on),And(Not(Nominal(b)),ontable))]
	Feat 765	(c=7)	weight -1.008770361188:	Num[Not(And(Forall(Star(on),Nominal(a)),Nominal(b)))]
	Feat 769	(c=7)	weight 0.10693572175602:	Num[Or(And(Or(clear,ontable),Nominal(a)),holding)]
	Feat 918	(c=7)	weight 0.9045670083845:	Num[And(Exists(on,ontable),Or(clear,Nominal(b)))]
	Feat 1078	(c=8)	weight 1.2140108403301:	Num[Or(Exists(on,Forall(Star(on),Nominal(b))),ontable)]
	Feat 1132	(c=8)	weight 0.40057595652585:	Num[And(Forall(Inverse(on),Or(clear,Nominal(b))),ontable)]
	Feat 1145	(c=8)	weight -0.38250838703692:	Num[Or(Forall(Inverse(Star(on)),Not(Nominal(a))),ontable)]
	Feat 1151	(c=8)	weight 1.2204083581538:	Bool[And(Forall(on,Exists(Star(on),Nominal(a))),Nominal(b))]
	Feat 1159	(c=8)	weight -2.3768453257176:	Num[Or(Forall(Star(on),Or(Nominal(a),Nominal(b))),clear)]
	Feat 1210	(c=8)	weight -0.47211152752679:	Num[And(Forall(on,Exists(on,Nominal(a))),Not(Nominal(a)))]
	Feat 1234	(c=8)	weight 0.05490109258894:	Num[And(Not(Or(And(clear,Nominal(a)),Nominal(b))),ontable)]
	Feat 1290	(c=8)	weight 4.537600867647:	Num[Or(Exists(on,Exists(on,ontable)),Not(Nominal(b)))]
	Feat 1322	(c=8)	weight -0.18260328162754:	Num[Or(And(Forall(on,Nominal(a)),Nominal(b)),Not(clear))]
	Feat 1422	(c=8)	weight -0.59267271202119:	Bool[And(Forall(on,Or(Not(Nominal(b)),ontable)),Nominal(a))]
	Feat 1444	(c=8)	weight -3.2901071619529:	Num[Or(Forall(on,And(Not(Nominal(a)),ontable)),clear)]
	Feat 1450	(c=8)	weight 0.68354328904095:	Bool[And(Exists(on,And(Not(Nominal(a)),ontable)),Nominal(b))]
	Feat 1454	(c=8)	weight 0.32142490955764:	Num[Or(Exists(on,And(Not(Nominal(a)),ontable)),holding)]
	Feat 1604	(c=8)	weight -0.094541266170057:	Num[Or(Forall(on,Forall(on,Not(Nominal(a)))),clear)]
	Feat 1707	(c=8)	weight -0.3023354586476:	Num[Or(Exists(on,Exists(on,Exists(on,<universe>))),Nominal(b))]
	Feat 1718	(c=8)	weight -0.011186000283348:	Num[Exists(on,Exists(on,Forall(on,Exists(on,<universe>))))]
	Feat 1770	(c=8)	weight -1.6478374186863:	Num[Exists(on,Forall(on,Not(And(ontable,Nominal(b)))))]
	Feat 1816	(c=8)	weight 0.2177433544109:	Num[Or(And(Forall(Inverse(on),clear),Nominal(b)),Nominal(a))]
	Feat 1843	(c=8)	weight 0.94212076552963:	Num[Or(And(Not(Nominal(b)),Forall(on,Nominal(b))),clear)]
	Feat 1866	(c=8)	weight 0.61356432280821:	Num[Not(And(Exists(on,Exists(on,Nominal(b))),clear))]
	Feat 2146	(c=8)	weight -0.41637821733932:	Num[Not(And(Forall(on,Nominal(a)),Or(clear,ontable)))]
	Feat 2314	(c=8)	weight 1.2082921675242:	Num[Or(Or(Nominal(a),Nominal(b)),Exists(Inverse(on),clear))]
	Feat 2372	(c=8)	weight 0.83907930351527:	Num[Or(And(holding,Nominal(a)),Exists(Star(on),Nominal(a)))]
	Feat 2430	(c=8)	weight -0.057328277222238:	Num[Or(And(Forall(on,<empty>),Nominal(b)),And(clear,Nominal(a)))]
	Feat 2475	(c=8)	weight -0.00023662581366558:	Num[And(Or(Exists(on,<universe>),Nominal(b)),Or(ontable,Nominal(a)))]
	Feat 2476	(c=8)	weight 0.84309126919137:	Num[Or(And(Not(clear),Nominal(b)),Exists(on,Nominal(a)))]
	Feat 2559	(c=8)	weight 0.040317362484152:	Num[And(Or(Not(Nominal(a)),ontable),Forall(on,ontable))]
	Feat 2677	(c=8)	weight 5.2375014859054:	Bool[And(Or(Not(Nominal(a)),clear),Exists(on,Nominal(b)))]
	Feat 3156	(c=7)	weight 0.023465591816775:	Atom[handempty] Num[Forall(on,Exists(on,ontable))]
	Feat 3244	(c=8)	weight -0.20532743255768:	Atom[handempty] Num[Forall(on,Forall(on,Not(Nominal(b))))]
	Feat 3321	(c=8)	weight -0.23729970748793:	Atom[handempty] Num[Not(Or(Exists(on,ontable),Nominal(a)))]
	Feat 3606	(c=8)	weight -0.018709127598074:	Bool[holding] Num[Or(And(Forall(on,<empty>),Nominal(b)),clear)]
	Feat 3624	(c=8)	weight 0.19328589885359:	Bool[holding] Num[Or(Exists(Inverse(on),clear),Nominal(b))]
	Feat 3701	(c=8)	weight -0.21253467423291:	Bool[holding] Bool[Exists(on,And(Not(ontable),Nominal(b)))]
	Feat 3890	(c=7)	weight -2.8584440302235:	Bool[And(clear,Nominal(b))] Bool[And(holding,Nominal(a))]
	Feat 3991	(c=8)	weight 2.0376321857992:	Bool[And(holding,Nominal(a))] Bool[And(Not(holding),Nominal(b))]
	Feat 3993	(c=8)	weight 0.18799944197642:	Bool[And(holding,Nominal(a))] Num[Not(Or(clear,ontable))]
	Feat 3995	(c=8)	weight 0.00075414792031281:	Bool[And(holding,Nominal(a))] Num[Or(Not(Nominal(a)),holding)]
	Feat 4095	(c=8)	weight -0.00020983353663591:	Bool[And(holding,Nominal(b))] Num[Forall(on,Not(Nominal(b)))]
	Feat 4105	(c=8)	weight 0.077227675254841:	Bool[And(holding,Nominal(b))] Num[Forall(Star(on),Nominal(a))]
	Feat 4165	(c=8)	weight 0.33161185749026:	Bool[And(ontable,Nominal(a))] Num[Not(Or(holding,Nominal(b)))]
	Feat 4179	(c=8)	weight 2.340870399753:	Bool[And(ontable,Nominal(a))] Bool[And(Forall(on,<empty>),Nominal(a))]
	Feat 4192	(c=7)	weight -0.071297474251585:	Bool[And(ontable,Nominal(b))] Num[Or(holding,Nominal(a))]
	Feat 4265	(c=6)	weight -0.010678817840193:	Bool[Exists(on,Nominal(b))] Num[Forall(on,<empty>)]
	Feat 4325	(c=8)	weight -2.0062542580696:	Bool[Exists(on,Nominal(b))] Bool[Exists(Inverse(on),Nominal(b))]
	Feat 4338	(c=6)	weight 0.047775347294973:	Bool[Exists(on,Nominal(a))] Num[Forall(on,<empty>)]
	Feat 4372	(c=8)	weight 7.7151418250826e-05:	Bool[Exists(on,Nominal(a))] Bool[And(Not(clear),Nominal(a))]
	Feat 4462	(c=8)	weight -0.00010336763238372:	Bool[And(Forall(on,<empty>),Nominal(b))] Num[Or(holding,Nominal(a))]
	Feat 4484	(c=8)	weight 0.29996524611317:	Bool[And(Not(clear),Nominal(a))] Num[Or(ontable,Nominal(b))]
	Feat 4549	(c=8)	weight -0.18182348438809:	Bool[And(Not(ontable),Nominal(b))] Num[Or(clear,Nominal(a))]
	Feat 4653	(c=8)	weight 0.2592407701377:	Bool[And(Forall(on,ontable),Nominal(a))] Num[Exists(on,<universe>)]
	Feat 4656	(c=8)	weight -0.72869644749766:	Bool[And(Forall(on,Nominal(b)),Nominal(a))] Num[Not(holding)]
	Feat 4679	(c=8)	weight -0.012954781214769:	Bool[Exists(on,And(ontable,Nominal(b)))] Num[Forall(on,<empty>)]
	Feat 4696	(c=8)	weight -0.14610368780237:	Bool[And(Forall(Star(on),Nominal(a)),Nominal(b))] Num[clear]
Score -2.1957644239600036
Lambda=0.00019697264867610777
	Feat 22	(c=3)	weight -1.8144303047203:	Bool[Exists(on,Nominal(b))]
	Feat 25	(c=3)	weight 0.10626668527574:	Bool[Exists(on,Nominal(a))]
	Feat 45	(c=4)	weight 0.072313174981198:	Bool[And(Forall(on,<empty>),Nominal(b))]
	Feat 49	(c=4)	weight -0.24264012115521:	Num[Not(Or(ontable,Nominal(b)))]
	Feat 204	(c=6)	weight 0.13505047139418:	Num[Or(Not(Nominal(a)),Forall(on,ontable))]
	Feat 248	(c=6)	weight 0.2074378578006:	Num[Or(Exists(Inverse(on),Nominal(b)),Nominal(a))]
	Feat 347	(c=6)	weight 0.50807001839588:	Bool[And(Forall(on,<empty>),And(clear,Nominal(b)))]
	Feat 457	(c=7)	weight 0.00013366553584464:	Num[Forall(on,Or(Forall(on,Nominal(a)),Nominal(a)))]
	Feat 473	(c=7)	weight -1.4272906561457:	Bool[And(Forall(on,Exists(on,Nominal(a))),Nominal(b))]
	Feat 485	(c=7)	weight 3.7441933105533:	Num[Or(Exists(on,Exists(on,ontable)),Nominal(b))]
	Feat 569	(c=7)	weight -0.38924305417187:	Num[Exists(Star(on),And(Not(Nominal(b)),ontable))]
	Feat 689	(c=7)	weight 0.0059241544768904:	Num[Or(Forall(on,Or(ontable,Nominal(b))),Nominal(b))]
	Feat 765	(c=7)	weight -1.0923924679511:	Num[Not(And(Forall(Star(on),Nominal(a)),Nominal(b)))]
	Feat 769	(c=7)	weight 0.13738324235862:	Num[Or(And(Or(clear,ontable),Nominal(a)),holding)]
	Feat 918	(c=7)	weight 0.88070016796647:	Num[And(Exists(on,ontable),Or(clear,Nominal(b)))]
	Feat 1078	(c=8)	weight 1.2610346777106:	Num[Or(Exists(on,Forall(Star(on),Nominal(b))),ontable)]
	Feat 1132	(c=8)	weight 0.42864437892703:	Num[And(Forall(Inverse(on),Or(clear,Nominal(b))),ontable)]
	Feat 1145	(c=8)	weight -0.38633437459198:	Num[Or(Forall(Inverse(Star(on)),Not(Nominal(a))),ontable)]
	Feat 1151	(c=8)	weight 1.2181547134443:	Bool[And(Forall(on,Exists(Star(on),Nominal(a))),Nominal(b))]
	Feat 1159	(c=8)	weight -2.4394646918085:	Num[Or(Forall(Star(on),Or(Nominal(a),Nominal(b))),clear)]
	Feat 1210	(c=8)	weight -0.50211859292716:	Num[And(Forall(on,Exists(on,Nominal(a))),Not(Nominal(a)))]
	Feat 1234	(c=8)	weight 0.053466966473761:	Num[And(Not(Or(And(clear,Nominal(a)),Nominal(b))),ontable)]
	Feat 1290	(c=8)	weight 4.6093327529538:	Num[Or(Exists(on,Exists(on,ontable)),Not(Nominal(b)))]
	Feat 1322	(c=8)	weight -0.19881344823922:	Num[Or(And(Forall(on,Nominal(a)),Nominal(b)),Not(clear))]
	Feat 1422	(c=8)	weight -0.57501548885202:	Bool[And(Forall(on,Or(Not(Nominal(b)),ontable)),Nominal(a))]
	Feat 1444	(c=8)	weight -3.3606654389278:	Num[Or(Forall(on,And(Not(Nominal(a)),ontable)),clear)]
	Feat 1450	(c=8)	weight 0.69681212439172:	Bool[And(Exists(on,And(Not(Nominal(a)),ontable)),Nominal(b))]
	Feat 1454	(c=8)	weight 0.36383662197831:	Num[Or(Exists(on,And(Not(Nominal(a)),ontable)),holding)]
	Feat 1604	(c=8)	weight -0.099795558758524:	Num[Or(Forall(on,Forall(on,Not(Nominal(a)))),clear)]
	Feat 1707	(c=8)	weight -0.31691129788973:	Num[Or(Exists(on,Exists(on,Exists(on,<universe>))),Nominal(b))]
	Feat 1718	(c=8)	weight -0.011550952417603:	Num[Exists(on,Exists(on,Forall(on,Exists(on,<universe>))))]
	Feat 1770	(c=8)	weight -1.6498850663235:	Num[Exists(on,Forall(on,Not(And(ontable,Nominal(b)))))]
	Feat 1816	(c=8)	weight 0.26225918393221:	Num[Or(And(Forall(Inverse(on),clear),Nominal(b)),Nominal(a))]
	Feat 1843	(c=8)	weight 0.95029943572148:	Num[Or(And(Not(Nominal(b)),Forall(on,Nominal(b))),clear)]
	Feat 1866	(c=8)	weight 0.61694226096788:	Num[Not(And(Exists(on,Exists(on,Nominal(b))),clear))]
	Feat 2146	(c=8)	weight -0.42630364269729:	Num[Not(And(Forall(on,Nominal(a)),Or(clear,ontable)))]
	Feat 2286	(c=8)	weight -0.0001772726537041:	Num[And(Not(Nominal(a)),Forall(Inverse(Star(on)),Nominal(b)))]
	Feat 2314	(c=8)	weight 1.2465575248931:	Num[Or(Or(Nominal(a),Nominal(b)),Exists(Inverse(on),clear))]
	Feat 2372	(c=8)	weight 0.84167622243314:	Num[Or(And(holding,Nominal(a)),Exists(Star(on),Nominal(a)))]
	Feat 2430	(c=8)	weight -0.097057293901284:	Num[Or(And(Forall(on,<empty>),Nominal(b)),And(clear,Nominal(a)))]
	Feat 2475	(c=8)	weight -0.00017736521620155:	Num[And(Or(Exists(on,<universe>),Nominal(b)),Or(ontable,Nominal(a)))]
	Feat 2476	(c=8)	weight 0.85586075588587:	Num[Or(And(Not(clear),Nominal(b)),Exists(on,Nominal(a)))]
	Feat 2559	(c=8)	weight 0.042062246188508:	Num[And(Or(Not(Nominal(a)),ontable),Forall(on,ontable))]
	Feat 2677	(c=8)	weight 5.2266898709379:	Bool[And(Or(Not(Nominal(a)),clear),Exists(on,Nominal(b)))]
	Feat 3156	(c=7)	weight 0.027188644694461:	Atom[handempty] Num[Forall(on,Exists(on,ontable))]
	Feat 3187	(c=8)	weight 1.4116524620157e-05:	Atom[handempty] Num[Or(Not(ontable),Or(clear,Nominal(a)))]
	Feat 3244	(c=8)	weight -0.2119330927338:	Atom[handempty] Num[Forall(on,Forall(on,Not(Nominal(b))))]
	Feat 3321	(c=8)	weight -0.24194269368224:	Atom[handempty] Num[Not(Or(Exists(on,ontable),Nominal(a)))]
	Feat 3606	(c=8)	weight -0.019884868186116:	Bool[holding] Num[Or(And(Forall(on,<empty>),Nominal(b)),clear)]
	Feat 3618	(c=8)	weight -5.7849639148645e-07:	Bool[holding] Num[Or(Not(Nominal(b)),Or(clear,ontable))]
	Feat 3624	(c=8)	weight 0.19743447709069:	Bool[holding] Num[Or(Exists(Inverse(on),clear),Nominal(b))]
	Feat 3701	(c=8)	weight -0.21339803805743:	Bool[holding] Bool[Exists(on,And(Not(ontable),Nominal(b)))]
	Feat 3890	(c=7)	weight -2.8645145105018:	Bool[And(clear,Nominal(b))] Bool[And(holding,Nominal(a))]
	Feat 3991	(c=8)	weight 1.968615798224:	Bool[And(holding,Nominal(a))] Bool[And(Not(holding),Nominal(b))]
	Feat 3993	(c=8)	weight 0.19161288126322:	Bool[And(holding,Nominal(a))] Num[Not(Or(clear,ontable))]
	Feat 3995	(c=8)	weight 0.00056915311648913:	Bool[And(holding,Nominal(a))] Num[Or(Not(Nominal(a)),holding)]
	Feat 4095	(c=8)	weight -0.0064747241857046:	Bool[And(holding,Nominal(b))] Num[Forall(on,Not(Nominal(b)))]
	Feat 4105	(c=8)	weight 0.095594170528595:	Bool[And(holding,Nominal(b))] Num[Forall(Star(on),Nominal(a))]
	Feat 4165	(c=8)	weight 0.32371778284956:	Bool[And(ontable,Nominal(a))] Num[Not(Or(holding,Nominal(b)))]
	Feat 4179	(c=8)	weight 2.3413248192903:	Bool[And(ontable,Nominal(a))] Bool[And(Forall(on,<empty>),Nominal(a))]
	Feat 4192	(c=7)	weight -0.070649674837373:	Bool[And(ontable,Nominal(b))] Num[Or(holding,Nominal(a))]
	Feat 4265	(c=6)	weight -0.0094781893522278:	Bool[Exists(on,Nominal(b))] Num[Forall(on,<empty>)]
	Feat 4325	(c=8)	weight -2.0386937198409:	Bool[Exists(on,Nominal(b))] Bool[Exists(Inverse(on),Nominal(b))]
	Feat 4338	(c=6)	weight 0.042106644775248:	Bool[Exists(on,Nominal(a))] Num[Forall(on,<empty>)]
	Feat 4372	(c=8)	weight 0.01182591525008:	Bool[Exists(on,Nominal(a))] Bool[And(Not(clear),Nominal(a))]
	Feat 4462	(c=8)	weight -7.9584189502063e-05:	Bool[And(Forall(on,<empty>),Nominal(b))] Num[Or(holding,Nominal(a))]
	Feat 4484	(c=8)	weight 0.30678446262172:	Bool[And(Not(clear),Nominal(a))] Num[Or(ontable,Nominal(b))]
	Feat 4549	(c=8)	weight -0.19777723233996:	Bool[And(Not(ontable),Nominal(b))] Num[Or(clear,Nominal(a))]
	Feat 4653	(c=8)	weight 0.26274947894323:	Bool[And(Forall(on,ontable),Nominal(a))] Num[Exists(on,<universe>)]
	Feat 4656	(c=8)	weight -0.72690736195268:	Bool[And(Forall(on,Nominal(b)),Nominal(a))] Num[Not(holding)]
	Feat 4679	(c=8)	weight -0.012386110962988:	Bool[Exists(on,And(ontable,Nominal(b)))] Num[Forall(on,<empty>)]
	Feat 4696	(c=8)	weight -0.162665225665:	Bool[And(Forall(Star(on),Nominal(a)),Nominal(b))] Num[clear]
Score -1.6893328427069805
